#   100 bins for weightfunction of cd                      
 0.0000000    0.3227313232E+001    0.1845428467E+001
 0.0101010    0.3210449219E+001    0.1816235352E+001
 0.0202020    0.3225274658E+001    0.1822100830E+001
 0.0303030    0.3237542725E+001    0.1809399414E+001
 0.0404040    0.3319525146E+001    0.1839477539E+001
 0.0505051    0.3345306396E+001    0.1824926758E+001
 0.0606061    0.3413568115E+001    0.1824487305E+001
 0.0707071    0.3458856201E+001    0.1821942139E+001
 0.0808081    0.3555682373E+001    0.1824200439E+001
 0.0909091    0.3660009766E+001    0.1835510254E+001
 0.1010101    0.3735101318E+001    0.1827185059E+001
 0.1111111    0.3799340820E+001    0.1844311523E+001
 0.1212121    0.3844323730E+001    0.1817498779E+001
 0.1313131    0.3874652100E+001    0.1818267822E+001
 0.1414141    0.3905603027E+001    0.1808770752E+001
 0.1515152    0.3915905762E+001    0.1792974854E+001
 0.1616162    0.3936199951E+001    0.1781188965E+001
 0.1717172    0.3941070557E+001    0.1780987549E+001
 0.1818182    0.3914892578E+001    0.1768322754E+001
 0.1919192    0.3916369629E+001    0.1742187500E+001
 0.2020202    0.3859539795E+001    0.1738696289E+001
 0.2121212    0.3855194092E+001    0.1726257324E+001
 0.2222222    0.3768499756E+001    0.1718487549E+001
 0.2323232    0.3740966797E+001    0.1699780273E+001
 0.2424242    0.3669116211E+001    0.1667449951E+001
 0.2525253    0.3609405518E+001    0.1640277100E+001
 0.2626263    0.3539477539E+001    0.1642956543E+001
 0.2727273    0.3465783691E+001    0.1628405762E+001
 0.2828283    0.3387463379E+001    0.1602856445E+001
 0.2929293    0.3311657715E+001    0.1586785889E+001
 0.3030303    0.3239300537E+001    0.1560394287E+001
 0.3131313    0.3129254150E+001    0.1505548096E+001
 0.3232323    0.3046301270E+001    0.1481481934E+001
 0.3333333    0.2980572510E+001    0.1470135498E+001
 0.3434343    0.2870013428E+001    0.1452392578E+001
 0.3535354    0.2766394043E+001    0.1437493896E+001
 0.3636364    0.2669268799E+001    0.1398968506E+001
 0.3737374    0.2573895264E+001    0.1384356689E+001
 0.3838384    0.2467834473E+001    0.1386901855E+001
 0.3939394    0.2376525879E+001    0.1341302490E+001
 0.4040404    0.2298388672E+001    0.1311914063E+001
 0.4141414    0.2191503906E+001    0.1269152832E+001
 0.4242424    0.2084277344E+001    0.1253747559E+001
 0.4343434    0.1955474854E+001    0.1250091553E+001
 0.4444444    0.1844494629E+001    0.1218634033E+001
 0.4545455    0.1756640625E+001    0.1177709961E+001
 0.4646465    0.1635754395E+001    0.1148248291E+001
 0.4747475    0.1534216309E+001    0.1126696777E+001
 0.4848485    0.1421704102E+001    0.1115356445E+001
 0.4949495    0.1304339600E+001    0.1073565674E+001
 0.5050505    0.1257537842E+001    0.1070513916E+001
 0.5151515    0.1236645508E+001    0.1053436279E+001
 0.5252525    0.1250384521E+001    0.1067169189E+001
 0.5353535    0.1244140625E+001    0.1060137939E+001
 0.5454545    0.1250012207E+001    0.1068908691E+001
 0.5555556    0.1208203125E+001    0.1055120850E+001
 0.5656566    0.1213220215E+001    0.1055798340E+001
 0.5757576    0.1223486328E+001    0.1052014160E+001
 0.5858586    0.1225219727E+001    0.1056127930E+001
 0.5959596    0.1195428467E+001    0.1057336426E+001
 0.6060606    0.1192187500E+001    0.1069836426E+001
 0.6161616    0.1172814941E+001    0.1063732910E+001
 0.6262626    0.1156878662E+001    0.1047497559E+001
 0.6363636    0.1166497803E+001    0.1035913086E+001
 0.6464646    0.1131115723E+001    0.1068200684E+001
 0.6565657    0.1135345459E+001    0.1045794678E+001
 0.6666667    0.1094232178E+001    0.1054870605E+001
 0.6767677    0.1079907227E+001    0.1043933105E+001
 0.6868687    0.1043487549E+001    0.1031420898E+001
 0.6969697    0.1040655518E+001    0.1057904053E+001
 0.7070707    0.1033007812E+001    0.1044848633E+001
 0.7171717    0.9918273926E+000    0.1026757812E+001
 0.7272727    0.9780883789E+000    0.1037121582E+001
 0.7373737    0.9542785645E+000    0.1034606934E+001
 0.7474747    0.9313537598E+000    0.1042340088E+001
 0.7575758    0.9014099121E+000    0.1022033691E+001
 0.7676768    0.8835266113E+000    0.1025274658E+001
 0.7777778    0.8579528809E+000    0.1030627441E+001
 0.7878788    0.8230041504E+000    0.1015124512E+001
 0.7979798    0.7804077148E+000    0.1015814209E+001
 0.8080808    0.7584472656E+000    0.1006896973E+001
 0.8181818    0.7367065430E+000    0.1002862549E+001
 0.8282828    0.6876831055E+000    0.9882263184E+000
 0.8383838    0.6492187500E+000    0.9907775879E+000
 0.8484848    0.6142761230E+000    0.9860168457E+000
 0.8585859    0.5927734375E+000    0.1003118896E+001
 0.8686869    0.5475036621E+000    0.9802795410E+000
 0.8787879    0.5034240723E+000    0.9677001953E+000
 0.8888889    0.4637084961E+000    0.9532775879E+000
 0.8989899    0.4426208496E+000    0.9808593750E+000
 0.9090909    0.3895690918E+000    0.9644531250E+000
 0.9191919    0.3582275391E+000    0.9571044922E+000
 0.9292929    0.3021423340E+000    0.9454895020E+000
 0.9393939    0.2748352051E+000    0.9442382812E+000
 0.9494949    0.2253234863E+000    0.9495788574E+000
 0.9595960    0.1665832520E+000    0.9246215820E+000
 0.9696970    0.1306701660E+000    0.9285949707E+000
 0.9797980    0.8512573242E-001    0.9081420898E+000
 0.9898990    0.3909301758E-001    0.9040466309E+000
 1.0000000    0.0000000000E+000    0.8943298340E+000


#   100 bins for weightfunction of Ar                      
 0.0000000    0.1773768616E+001    0.3895828247E+000
 0.0101010    0.1778718567E+001    0.3795471191E+000
 0.0202020    0.1802818298E+001    0.4000076294E+000
 0.0303030    0.1800775146E+001    0.3863357544E+000
 0.0404040    0.1817282104E+001    0.3674011230E+000
 0.0505051    0.1857914734E+001    0.3725631714E+000
 0.0606061    0.1910453796E+001    0.3888076782E+000
 0.0707071    0.1980101013E+001    0.4188201904E+000
 0.0808081    0.2048538208E+001    0.4267272949E+000
 0.0909091    0.2126910400E+001    0.3976623535E+000
 0.1010101    0.2195042419E+001    0.4136596680E+000
 0.1111111    0.2256129456E+001    0.4233795166E+000
 0.1212121    0.2326057434E+001    0.4118148804E+000
 0.1313131    0.2423942566E+001    0.3953262329E+000
 0.1414141    0.2470094299E+001    0.4284271240E+000
 0.1515152    0.2495388794E+001    0.4168624878E+000
 0.1616162    0.2572901916E+001    0.4350387573E+000
 0.1717172    0.2611366272E+001    0.4262023926E+000
 0.1818182    0.2677377319E+001    0.4240341187E+000
 0.1919192    0.2663008118E+001    0.4097717285E+000
 0.2020202    0.2655145264E+001    0.4026062012E+000
 0.2121212    0.2651583862E+001    0.4087631226E+000
 0.2222222    0.2670903015E+001    0.3787048340E+000
 0.2323232    0.2639324951E+001    0.3751983643E+000
 0.2424242    0.2604415894E+001    0.3550537109E+000
 0.2525253    0.2596087646E+001    0.3772048950E+000
 0.2626263    0.2592596436E+001    0.3598083496E+000
 0.2727273    0.2577101135E+001    0.3506134033E+000
 0.2828283    0.2504075623E+001    0.3157623291E+000
 0.2929293    0.2481718445E+001    0.3415893555E+000
 0.3030303    0.2466383362E+001    0.2767929077E+000
 0.3131313    0.2410337830E+001    0.2762237549E+000
 0.3232323    0.2373020935E+001    0.2695480347E+000
 0.3333333    0.2335200500E+001    0.2677841187E+000
 0.3434343    0.2289903259E+001    0.2380020142E+000
 0.3535354    0.2239450073E+001    0.2413467407E+000
 0.3636364    0.2186523437E+001    0.2476867676E+000
 0.3737374    0.2147221375E+001    0.2287551880E+000
 0.3838384    0.2084236145E+001    0.1878051758E+000
 0.3939394    0.2072294617E+001    0.1911941528E+000
 0.4040404    0.1983425903E+001    0.1625030518E+000
 0.4141414    0.1949182129E+001    0.1526535034E+000
 0.4242424    0.1921540833E+001    0.1383361816E+000
 0.4343434    0.1829887390E+001    0.1259826660E+000
 0.4444444    0.1795552063E+001    0.9953155518E-001
 0.4545455    0.1757283020E+001    0.7695312500E-001
 0.4646465    0.1662487793E+001    0.7471008301E-001
 0.4747475    0.1617814636E+001    0.7545471191E-001
 0.4848485    0.1564562988E+001    0.5197906494E-001
 0.4949495    0.1537918091E+001    0.5468597412E-001
 0.5050505    0.1493765259E+001    0.3764953613E-001
 0.5151515    0.1486109924E+001    0.2741088867E-001
 0.5252525    0.1487840271E+001    0.4783782959E-001
 0.5353535    0.1491308594E+001    0.3949584961E-001
 0.5454545    0.1477195740E+001    0.3303222656E-001
 0.5555556    0.1494346619E+001    0.2668609619E-001
 0.5656566    0.1486419678E+001    0.3327789307E-001
 0.5757576    0.1498814392E+001    0.1151428223E-001
 0.5858586    0.1477232361E+001    0.6667633057E-001
 0.5959596    0.1477136230E+001    0.3652038574E-001
 0.6060606    0.1485769653E+001    0.3534851074E-001
 0.6161616    0.1469178772E+001    0.5166625977E-001
 0.6262626    0.1491395569E+001    0.4895019531E-001
 0.6363636    0.1490695190E+001    0.4691772461E-001
 0.6464646    0.1510847473E+001    0.5380859375E-001
 0.6565657    0.1450775146E+001    0.0000000000E+000
 0.6666667    0.1466542053E+001    0.1992950439E-001
 0.6767677    0.1492924500E+001    0.4192657471E-001
 0.6868687    0.1494561768E+001    0.6689300537E-001
 0.6969697    0.1464947510E+001    0.3237915039E-001
 0.7070707    0.1470620728E+001    0.3546752930E-001
 0.7171717    0.1460136414E+001    0.1699676514E-001
 0.7272727    0.1494192505E+001    0.4789581299E-001
 0.7373737    0.1486854553E+001    0.5402832031E-001
 0.7474747    0.1482531738E+001    0.3964385986E-001
 0.7575758    0.1480342102E+001    0.4419555664E-001
 0.7676768    0.1478366089E+001    0.4212188721E-001
 0.7777778    0.1489016724E+001    0.4032135010E-001
 0.7878788    0.1486454773E+001    0.4507446289E-001
 0.7979798    0.1500363159E+001    0.4944000244E-001
 0.8080808    0.1462992859E+001    0.1469116211E-001
 0.8181818    0.1472706604E+001    0.3289794922E-001
 0.8282828    0.1488589478E+001    0.4713287354E-001
 0.8383838    0.1462074280E+001    0.1982727051E-001
 0.8484848    0.1469515991E+001    0.3112640381E-001
 0.8585859    0.1476953125E+001    0.2538604736E-001
 0.8686869    0.1487284851E+001    0.4275512695E-001
 0.8787879    0.1483551025E+001    0.3380889893E-001
 0.8888889    0.1502012634E+001    0.5564422607E-001
 0.8989899    0.1488691711E+001    0.6358947754E-001
 0.9090909    0.1508021545E+001    0.6050109863E-001
 0.9191919    0.1500230408E+001    0.5749511719E-001
 0.9292929    0.1446179199E+001    0.9930419922E-002
 0.9393939    0.1474139404E+001    0.2829437256E-001
 0.9494949    0.1467572021E+001    0.4157409668E-001
 0.9595960    0.1469044495E+001    0.2778625488E-001
 0.9696970    0.1497343445E+001    0.4669036865E-001
 0.9797980    0.1466046143E+001    0.3427734375E-001
 0.9898990    0.1497242737E+001    0.4926147461E-001
 1.0000000    0.1455572510E+001    0.1747741699E-001


