#   100 bins for weightfunction of cd                      
 0.0000000    0.3228576660E+001    0.1790478516E+001
 0.0101010    0.3230091858E+001    0.1800453186E+001
 0.0202020    0.3243226624E+001    0.1783883667E+001
 0.0303030    0.3268371582E+001    0.1792094421E+001
 0.0404040    0.3329383850E+001    0.1801419067E+001
 0.0505051    0.3371163940E+001    0.1784368896E+001
 0.0606061    0.3444677734E+001    0.1804989624E+001
 0.0707071    0.3507041931E+001    0.1776220703E+001
 0.0808081    0.3590699768E+001    0.1793756104E+001
 0.0909091    0.3679423523E+001    0.1795530701E+001
 0.1010101    0.3742984009E+001    0.1798117065E+001
 0.1111111    0.3828732300E+001    0.1789916992E+001
 0.1212121    0.3888589478E+001    0.1795072937E+001
 0.1313131    0.3917846680E+001    0.1769830322E+001
 0.1414141    0.3970333862E+001    0.1762532043E+001
 0.1515152    0.4008042908E+001    0.1759280396E+001
 0.1616162    0.4006053162E+001    0.1747456360E+001
 0.1717172    0.4006985474E+001    0.1744126892E+001
 0.1818182    0.3980584717E+001    0.1717268372E+001
 0.1919192    0.3964308166E+001    0.1712191772E+001
 0.2020202    0.3915191650E+001    0.1712828064E+001
 0.2121212    0.3892770386E+001    0.1664085388E+001
 0.2222222    0.3853788757E+001    0.1678286743E+001
 0.2323232    0.3789501953E+001    0.1663780212E+001
 0.2424242    0.3728572083E+001    0.1657987976E+001
 0.2525253    0.3661952209E+001    0.1623779297E+001
 0.2626263    0.3592350769E+001    0.1603259277E+001
 0.2727273    0.3518342590E+001    0.1597709656E+001
 0.2828283    0.3438780212E+001    0.1564311218E+001
 0.2929293    0.3357542419E+001    0.1542251587E+001
 0.3030303    0.3282656860E+001    0.1536077881E+001
 0.3131313    0.3195008850E+001    0.1517707825E+001
 0.3232323    0.3100865173E+001    0.1499629211E+001
 0.3333333    0.3029766846E+001    0.1478479004E+001
 0.3434343    0.2912193298E+001    0.1467805481E+001
 0.3535354    0.2819871521E+001    0.1431451416E+001
 0.3636364    0.2706042480E+001    0.1419123840E+001
 0.3737374    0.2629061890E+001    0.1402407837E+001
 0.3838384    0.2516262817E+001    0.1392344666E+001
 0.3939394    0.2434886169E+001    0.1352655029E+001
 0.4040404    0.2312452698E+001    0.1344949341E+001
 0.4141414    0.2218029785E+001    0.1295790100E+001
 0.4242424    0.2121907043E+001    0.1286955261E+001
 0.4343434    0.2000036621E+001    0.1265252686E+001
 0.4444444    0.1906018066E+001    0.1236073303E+001
 0.4545455    0.1783367920E+001    0.1224678040E+001
 0.4646465    0.1675332642E+001    0.1187208557E+001
 0.4747475    0.1563931274E+001    0.1156770325E+001
 0.4848485    0.1460377502E+001    0.1153842163E+001
 0.4949495    0.1326213074E+001    0.1110356140E+001
 0.5050505    0.1294772339E+001    0.1093701172E+001
 0.5151515    0.1277961731E+001    0.1102963257E+001
 0.5252525    0.1281954956E+001    0.1101896667E+001
 0.5353535    0.1266833496E+001    0.1100648499E+001
 0.5454545    0.1264714050E+001    0.1101707458E+001
 0.5555556    0.1243074036E+001    0.1111315918E+001
 0.5656566    0.1251911926E+001    0.1098002625E+001
 0.5757576    0.1252691650E+001    0.1097183228E+001
 0.5858586    0.1234053040E+001    0.1082516479E+001
 0.5959596    0.1210379028E+001    0.1102513123E+001
 0.6060606    0.1205783081E+001    0.1094837952E+001
 0.6161616    0.1186727905E+001    0.1096710205E+001
 0.6262626    0.1166983032E+001    0.1095631409E+001
 0.6363636    0.1166839600E+001    0.1093074036E+001
 0.6464646    0.1151821899E+001    0.1105546570E+001
 0.6565657    0.1127105713E+001    0.1096963501E+001
 0.6666667    0.1110021973E+001    0.1093762207E+001
 0.6767677    0.1102539063E+001    0.1095968628E+001
 0.6868687    0.1077626038E+001    0.1076385498E+001
 0.6969697    0.1064422607E+001    0.1081742859E+001
 0.7070707    0.1040312195E+001    0.1079882813E+001
 0.7171717    0.1008171082E+001    0.1064015198E+001
 0.7272727    0.9751068115E+000    0.1060835266E+001
 0.7373737    0.9558502197E+000    0.1052742004E+001
 0.7474747    0.9400894165E+000    0.1070050049E+001
 0.7575758    0.9123245239E+000    0.1070695496E+001
 0.7676768    0.8897155762E+000    0.1061975098E+001
 0.7777778    0.8582656860E+000    0.1059852600E+001
 0.7878788    0.8306549072E+000    0.1054045105E+001
 0.7979798    0.7977523804E+000    0.1044990540E+001
 0.8080808    0.7656097412E+000    0.1052680969E+001
 0.8181818    0.7364501953E+000    0.1047242737E+001
 0.8282828    0.7028442383E+000    0.1034262085E+001
 0.8383838    0.6732757568E+000    0.1030618286E+001
 0.8484848    0.6297607422E+000    0.1038648987E+001
 0.8585859    0.5832519531E+000    0.1019685364E+001
 0.8686869    0.5545150757E+000    0.1013691711E+001
 0.8787879    0.5151443481E+000    0.1015321350E+001
 0.8888889    0.4848663330E+000    0.1017266846E+001
 0.8989899    0.4391021729E+000    0.1007553101E+001
 0.9090909    0.3974929810E+000    0.1000494385E+001
 0.9191919    0.3502441406E+000    0.9992233276E+000
 0.9292929    0.3132827759E+000    0.9900115967E+000
 0.9393939    0.2662094116E+000    0.9810394287E+000
 0.9494949    0.2140686035E+000    0.9778182983E+000
 0.9595960    0.1749954224E+000    0.9731445313E+000
 0.9696970    0.1263885498E+000    0.9758743286E+000
 0.9797980    0.7720947266E-001    0.9607192993E+000
 0.9898990    0.1958770752E-001    0.9451461792E+000
 1.0000000    0.0000000000E+000    0.9524856567E+000


#   100 bins for weightfunction of Ar                      
 0.0000000    0.1831573486E+001    0.3256103516E+000
 0.0101010    0.1789916992E+001    0.2907531738E+000
 0.0202020    0.1833801270E+001    0.3282226563E+000
 0.0303030    0.1846765137E+001    0.3248352051E+000
 0.0404040    0.1868072510E+001    0.3085815430E+000
 0.0505051    0.1896630859E+001    0.2970153809E+000
 0.0606061    0.1968164063E+001    0.3222900391E+000
 0.0707071    0.2018566895E+001    0.3249755859E+000
 0.0808081    0.2083935547E+001    0.3410095215E+000
 0.0909091    0.2133367920E+001    0.2967773438E+000
 0.1010101    0.2237280273E+001    0.3317565918E+000
 0.1111111    0.2315234375E+001    0.3348876953E+000
 0.1212121    0.2411389160E+001    0.3528503418E+000
 0.1313131    0.2463769531E+001    0.3351074219E+000
 0.1414141    0.2538647461E+001    0.3070800781E+000
 0.1515152    0.2608184814E+001    0.3315429688E+000
 0.1616162    0.2644177246E+001    0.3372741699E+000
 0.1717172    0.2686193848E+001    0.3447937012E+000
 0.1818182    0.2705316162E+001    0.3321228027E+000
 0.1919192    0.2767840576E+001    0.3300170898E+000
 0.2020202    0.2767272949E+001    0.3282531738E+000
 0.2121212    0.2762164307E+001    0.3173156738E+000
 0.2222222    0.2730816650E+001    0.2987731934E+000
 0.2323232    0.2749584961E+001    0.2942810059E+000
 0.2424242    0.2722540283E+001    0.2967163086E+000
 0.2525253    0.2698065186E+001    0.2856506348E+000
 0.2626263    0.2690881348E+001    0.2829284668E+000
 0.2727273    0.2658673096E+001    0.2653747559E+000
 0.2828283    0.2617651367E+001    0.2468566895E+000
 0.2929293    0.2587792969E+001    0.2525878906E+000
 0.3030303    0.2574877930E+001    0.2336181641E+000
 0.3131313    0.2522839355E+001    0.2241333008E+000
 0.3232323    0.2489331055E+001    0.2208984375E+000
 0.3333333    0.2427935791E+001    0.1935241699E+000
 0.3434343    0.2392297363E+001    0.1815612793E+000
 0.3535354    0.2333685303E+001    0.1849121094E+000
 0.3636364    0.2272802734E+001    0.1905883789E+000
 0.3737374    0.2239593506E+001    0.1588317871E+000
 0.3838384    0.2200708008E+001    0.1558349609E+000
 0.3939394    0.2151495361E+001    0.1363403320E+000
 0.4040404    0.2092492676E+001    0.1048400879E+000
 0.4141414    0.2044543457E+001    0.1099487305E+000
 0.4242424    0.1973406982E+001    0.1091125488E+000
 0.4343434    0.1914294434E+001    0.9863891602E-001
 0.4444444    0.1871600342E+001    0.8015136719E-001
 0.4545455    0.1818762207E+001    0.7435913086E-001
 0.4646465    0.1756854248E+001    0.6990356445E-001
 0.4747475    0.1696154785E+001    0.4487915039E-001
 0.4848485    0.1644677734E+001    0.2673339844E-001
 0.4949495    0.1578521729E+001    0.2004394531E-001
 0.5050505    0.1549560547E+001    0.1232910156E-001
 0.5151515    0.1532434082E+001    0.0000000000E+000
 0.5252525    0.1538110352E+001    0.1991577148E-001
 0.5353535    0.1550604248E+001    0.9527587891E-002
 0.5454545    0.1566955566E+001    0.2457275391E-001
 0.5555556    0.1552539063E+001    0.6451416016E-002
 0.5656566    0.1546191406E+001    0.1337280273E-001
 0.5757576    0.1558319092E+001    0.2520751953E-001
 0.5858586    0.1519207764E+001    0.1824951172E-001
 0.5959596    0.1534118652E+001    0.6719970703E-002
 0.6060606    0.1539593506E+001    0.2604980469E-001
 0.6161616    0.1544830322E+001    0.2394409180E-001
 0.6262626    0.1531262207E+001    0.2005004883E-001
 0.6363636    0.1560101318E+001    0.2581787109E-002
 0.6464646    0.1541766357E+001    0.1420288086E-001
 0.6565657    0.1547265625E+001    0.3628540039E-001
 0.6666667    0.1548944092E+001    0.2482910156E-001
 0.6767677    0.1556658936E+001    0.2308959961E-001
 0.6868687    0.1547015381E+001    0.7202148438E-003
 0.6969697    0.1558465576E+001    0.2769775391E-001
 0.7070707    0.1538476563E+001    0.1072387695E-001
 0.7171717    0.1544531250E+001    0.2141723633E-001
 0.7272727    0.1536560059E+001    0.7659912109E-002
 0.7373737    0.1542016602E+001    0.2260131836E-001
 0.7474747    0.1551477051E+001    0.2490234375E-001
 0.7575758    0.1546234131E+001    0.1710815430E-001
 0.7676768    0.1551379395E+001    0.3320922852E-001
 0.7777778    0.1534448242E+001    0.8764648438E-002
 0.7878788    0.1546057129E+001    0.2293090820E-001
 0.7979798    0.1545391846E+001    0.2412719727E-001
 0.8080808    0.1552111816E+001    0.2378540039E-001
 0.8181818    0.1531829834E+001    0.8996582031E-002
 0.8282828    0.1554589844E+001    0.2208251953E-001
 0.8383838    0.1557794189E+001    0.3213500977E-001
 0.8484848    0.1547546387E+001    0.1994018555E-001
 0.8585859    0.1538220215E+001    0.1718750000E-001
 0.8686869    0.1536932373E+001    0.9844970703E-002
 0.8787879    0.1548461914E+001    0.3169555664E-001
 0.8888889    0.1529046631E+001    0.8032226563E-002
 0.8989899    0.1545434570E+001    0.2288208008E-001
 0.9090909    0.1541497803E+001    0.2144165039E-001
 0.9191919    0.1554724121E+001    0.2661132813E-001
 0.9292929    0.1538000488E+001    0.1864013672E-001
 0.9393939    0.1551696777E+001    0.2440795898E-001
 0.9494949    0.1553247070E+001    0.3560791016E-001
 0.9595960    0.1556628418E+001    0.1510009766E-001
 0.9696970    0.1552966309E+001    0.2577514648E-001
 0.9797980    0.1547351074E+001    0.2611083984E-001
 0.9898990    0.1542419434E+001    0.3446044922E-001
 1.0000000    0.1546386719E+001    0.2192993164E-001


