Compiled using GNU Fortran (Ubuntu 9.4.0-1ubuntu1~20.04.2) 9.4.0 with all optimizations
Last Brick update unknown
Compiled at 18:43:37 on Sep  2 2023
Starting at 16:56:21 on Sep 11 2023

Settings
OK                      

Forcefield
OK                      

Topology
OK                      

Configuration
OK                      Read from ./INPUT/restart.in

 F
Monte Carlo Simulation initialized.

#########################################################################################################################
###########################################   ENERGY STARTING CONFIGURATION   ###########################################
#########################################################################################################################
                                               Box 1               Box 2
-------------------------------------------------------------------------------------------------------------------------
Lennard Jones        
 Intermolecular                         -0.4798634952E+006  -0.6732361784E+005
 Tailcorrection                         -0.1203449897E+005  -0.1681165655E+004
Total Intermolecular                    -0.4918979942E+006  -0.6900478350E+005

Electrostatic        
 Real                                   -0.1249751031E+006  -0.7888260908E+004
 Exclusion                               0.8220273026E+007   0.2194042745E+007
 Selfterm                               -0.8246675718E+007  -0.2196255828E+007
 Fourier                                 0.1454251500E+005   0.2077846726E+004
Total Intermolecular                    -0.1368352799E+006  -0.8023496827E+004

Intramolecular       
 Lennard Jones                           0.0000000000E+000   0.0000000000E+000
 Electrostatic                           0.0000000000E+000   0.0000000000E+000
 Bending                                 0.0000000000E+000   0.0000000000E+000
 Torsion                                 0.0000000000E+000   0.0000000000E+000

Total                                   -0.6287332740E+006  -0.7702828032E+005

#########################################################################################################################

Simulation is running...



#########################################################################################################################
###############################################   RELATIVE ENERGY DRIFTS   ##############################################
#########################################################################################################################
                                               Box 1               Box 2                                                 
-------------------------------------------------------------------------------------------------------------------------

Lennard Jones        
 Intermolecular                          0.1246167983E-014   0.1773324868E-015
 Tailcorrection                          0.0000000000E+000   0.0000000000E+000

Electrostatic        
 Real                                    0.1061685428E-014   0.5892583761E-014
 Exclusion                               0.0000000000E+000   0.0000000000E+000
 Selfterm                                0.0000000000E+000   0.0000000000E+000
 Fourier                                 0.1346705743E-015   0.5578180519E-015

Intramolecular       
 Lennard Jones                           0.0000000000E+000   0.0000000000E+000
 Electrostatic                           0.0000000000E+000   0.0000000000E+000
 Bending                                 0.0000000000E+000   0.0000000000E+000
 Torsion                                 0.0000000000E+000   0.0000000000E+000

Total                                    0.3796553112E-015   0.0000000000E+000

#########################################################################################################################
############################################   TRIAL MOVE ACCEPTANCE RATES   ############################################
#########################################################################################################################
                                               Box 1               Box 2
-------------------------------------------------------------------------------------------------------------------------
Translation
 CO2                                          0.48176             0.51189
 AR                                           0.49566             0.52060
-------------------------------------------------------------------------------------------------------------------------
Rotation
 CO2                                          0.47711             0.64145
 AR                                           0.00000             0.00000
-------------------------------------------------------------------------------------------------------------------------
Lambda Move
 cd                                           0.75384             0.92045
 Ar                                           0.83380             0.95209
-------------------------------------------------------------------------------------------------------------------------
GE Swap Fractional
 cd                                           0.40104             0.34387
 Ar                                           0.50403             0.42159
-------------------------------------------------------------------------------------------------------------------------
GE Identity Change
 cd                                           0.84879             0.71055
 Ar                                           0.95915             0.78116
-------------------------------------------------------------------------------------------------------------------------
Volume                                        0.45366             0.53576

#########################################################################################################################
######################################################   AVERAGES   #####################################################
#########################################################################################################################
                                                       Boltzmann                                    Biased
                                               Box 1               Box 2                  Box 1               Box 2      
-------------------------------------------------------------------------------------------------------------------------
Density
 CO2                                     0.8522653648E+003   0.9078082862E+002      0.8502667650E+003   0.9060133017E+002
 AR                                      0.1255595061E+003   0.1365977179E+003      0.1263066905E+003   0.1367539192E+003
 Total                                   0.9778248709E+003   0.2273785465E+003      0.9765734555E+003   0.2273552494E+003

Number of molecules
 CO2                                     0.4153415404E+003   0.1946584596E+003      0.4163779500E+003   0.1936220500E+003
 AR                                      0.6806397265E+002   0.3219360274E+003      0.6883434000E+002   0.3211656600E+003
 Total                                   0.4834055130E+003   0.5165944870E+003      0.4852122900E+003   0.5147877100E+003

Mole fractions
 CO2                                          0.85920             0.37681                 0.85814             0.37612
 AR                                           0.14080             0.62319                 0.14186             0.62388

Volume                                   0.3570264834E+005   0.1569271575E+006      0.3587994720E+005   0.1563836790E+006

#########################################################################################################################
#######################################   PROPERTIES FROM THE CFC GIBBS ENSEMBLE   ######################################
#########################################################################################################################
                                                       Boltzmann                                    Biased
                                               Box 1               Box 2                  Box 1               Box 2      
Chemical Potentials (as an indication)
=========================================================================================================================

Total cd                                -0.1925783958E+004  -0.1926646876E+004     -0.1926377951E+004  -0.1927147621E+004
 Ideal gas                              -0.1126208373E+004  -0.1692789176E+004     -0.1126802366E+004  -0.1693289921E+004
 Excess                                 -0.7995755851E+003  -0.2338577005E+003     -0.7995755851E+003  -0.2338577005E+003

-------------------------------------------------------------------------------------------------------------------------

Total Ar                                -0.1653604862E+004  -0.1651264287E+004     -0.1652103761E+004  -0.1650975143E+004
 Ideal gas                              -0.1586233180E+004  -0.1564915288E+004     -0.1584732079E+004  -0.1564626144E+004
 Excess                                 -0.6737168222E+002  -0.8634899919E+002     -0.6737168222E+002  -0.8634899919E+002

-------------------------------------------------------------------------------------------------------------------------

#########################################################################################################################
#########################################   PROPERTIES FROM UMBRELLA SAMPLING   #########################################
#########################################################################################################################

Excess Partial Molar Enthalpy
=========================================================================================================================


Partial Molar Volume
=========================================================================================================================


#########################################################################################################################
##################################################   AVERAGE ENERGIES   #################################################
#########################################################################################################################
                                                       Boltzmann                                    Biased
                                               Box 1               Box 2                  Box 1               Box 2      
-------------------------------------------------------------------------------------------------------------------------
Lennard Jones        
 Intermolecular                         -0.4498621099E+006  -0.8582852470E+005     -0.4506490462E+006  -0.8535579707E+005
 Tailcorrection                         -0.1110494183E+005  -0.2018555187E+004     -0.1112687154E+005  -0.2008152183E+004
Total Intermolecular                    -0.4609670518E+006  -0.8784707989E+005     -0.4617759178E+006  -0.8736394925E+005

Electrostatic        
 Real                                   -0.1200357561E+006  -0.9310302303E+004     -0.1200104145E+006  -0.9245700934E+004
 Exclusion                               0.7607536629E+007   0.2643825118E+007      0.7624478778E+007   0.2629310199E+007
 Selfterm                               -0.7631971683E+007  -0.2646491234E+007     -0.7648968055E+007  -0.2631961648E+007
 Fourier                                 0.1254570020E+005   0.2565388754E+004      0.1260085764E+005   0.2552680603E+004
Total Intermolecular                    -0.1319251098E+006  -0.9411029890E+004     -0.1318988339E+006  -0.9344469587E+004

Intramolecular       
 Lennard Jones                           0.0000000000E+000   0.0000000000E+000      0.0000000000E+000   0.0000000000E+000
 Electrostatic                           0.0000000000E+000   0.0000000000E+000      0.0000000000E+000   0.0000000000E+000
 Bending                                 0.0000000000E+000   0.0000000000E+000      0.0000000000E+000   0.0000000000E+000
 Torsion                                 0.0000000000E+000   0.0000000000E+000      0.0000000000E+000   0.0000000000E+000

Total                                   -0.5928921616E+006  -0.9725810978E+005     -0.5936747516E+006  -0.9670841884E+005

#########################################################################################################################

No errors found in bookkeeping.

Total simulation time:  15 hours and  37 minutes

Simulation finished.

