 0.0000000   0.1516249495E+000   0.1002574530E+001   0.5412386553E+000   0.1015855962E+001
 0.0101010   0.1508383033E+000   0.9699687625E+000   0.5384099162E+000   0.9721461817E+000
 0.0202020   0.1483584218E+000   0.9786806192E+000   0.5392725334E+000   0.9795199122E+000
 0.0303030   0.1456188957E+000   0.9928514584E+000   0.5381547081E+000   0.9902183782E+000
 0.0404040   0.1395189837E+000   0.9967916430E+000   0.5388480715E+000   0.1010451249E+001
 0.0505051   0.1286527409E+000   0.9556636213E+000   0.5279286933E+000   0.9563274617E+000
 0.0606061   0.1216634271E+000   0.9548992847E+000   0.5292976595E+000   0.9680628901E+000
 0.0707071   0.1136217270E+000   0.9997522128E+000   0.5301217502E+000   0.9985967922E+000
 0.0808081   0.1051716593E+000   0.1006785294E+001   0.5355907008E+000   0.1020554572E+001
 0.0909091   0.9731241530E-001   0.9915637390E+000   0.5315289555E+000   0.1004996101E+001
 0.1010101   0.9012645432E-001   0.9661372046E+000   0.5317147046E+000   0.9772704705E+000
 0.1111111   0.8446112214E-001   0.9966573410E+000   0.5328771395E+000   0.9865163822E+000
 0.1212121   0.7890628824E-001   0.9880876864E+000   0.5339723243E+000   0.9909527251E+000
 0.1313131   0.7514756577E-001   0.9953735716E+000   0.5427048888E+000   0.9953991553E+000
 0.1414141   0.7296569467E-001   0.9632418108E+000   0.5507502390E+000   0.9968174132E+000
 0.1515152   0.7110715262E-001   0.9954328225E+000   0.5511580969E+000   0.9742019495E+000
 0.1616162   0.7005384845E-001   0.9808985778E+000   0.5516801364E+000   0.9594605407E+000
 0.1717172   0.7103051363E-001   0.9943781565E+000   0.5678868000E+000   0.9844868410E+000
 0.1818182   0.7129959964E-001   0.9813607347E+000   0.5773760109E+000   0.1007082130E+001
 0.1919192   0.7336160679E-001   0.1014237082E+001   0.5808902222E+000   0.9752812781E+000
 0.2020202   0.7569111443E-001   0.1034492988E+001   0.5941125680E+000   0.1013751775E+001
 0.2121212   0.7989019213E-001   0.1019601263E+001   0.6029157787E+000   0.1003208652E+001
 0.2222222   0.8265381336E-001   0.9954723231E+000   0.6048238237E+000   0.9764150774E+000
 0.2323232   0.8749029590E-001   0.9853009193E+000   0.6268159000E+000   0.1017770509E+001
 0.2424242   0.9311100119E-001   0.1010362073E+001   0.6370080844E+000   0.1011300590E+001
 0.2525253   0.9902728206E-001   0.1022571708E+001   0.6505130371E+000   0.1025795872E+001
 0.2626263   0.1048306460E+000   0.1014199556E+001   0.6614347591E+000   0.9881626104E+000
 0.2727273   0.1139014608E+000   0.1019026529E+001   0.6734167795E+000   0.1008522580E+001
 0.2828283   0.1225547752E+000   0.1019607188E+001   0.6825333392E+000   0.9956109861E+000
 0.2929293   0.1333210047E+000   0.1009589836E+001   0.7042406936E+000   0.1008659766E+001
 0.3030303   0.1462537569E+000   0.1027785787E+001   0.7211314975E+000   0.9941907108E+000
 0.3131313   0.1585596241E+000   0.1024588213E+001   0.7420125201E+000   0.9924173841E+000
 0.3232323   0.1749027063E+000   0.1021388665E+001   0.7597550065E+000   0.9990708898E+000
 0.3333333   0.1876240324E+000   0.1013964528E+001   0.7780202764E+000   0.9913642822E+000
 0.3434343   0.2056305335E+000   0.9949746155E+000   0.7842898044E+000   0.1010634836E+001
 0.3535354   0.2279485351E+000   0.1038595125E+001   0.8108654188E+000   0.9819650453E+000
 0.3636364   0.2506982672E+000   0.9982274897E+000   0.8278334474E+000   0.1009618048E+001
 0.3737374   0.2767134463E+000   0.1001650216E+001   0.8399482643E+000   0.9937307352E+000
 0.3838384   0.3050576738E+000   0.9963966370E+000   0.8809530637E+000   0.1022559903E+001
 0.3939394   0.3358226670E+000   0.9929521850E+000   0.8960991740E+000   0.9977797304E+000
 0.4040404   0.3695859003E+000   0.9851053913E+000   0.9231938374E+000   0.1006890474E+001
 0.4141414   0.4119562165E+000   0.1004024202E+001   0.9436541577E+000   0.1021875992E+001
 0.4242424   0.4560686892E+000   0.1007308677E+001   0.9789125086E+000   0.9816543601E+000
 0.4343434   0.5034737356E+000   0.1025358475E+001   0.9996138582E+000   0.9917455777E+000
 0.4444444   0.5665752551E+000   0.1008310017E+001   0.1036196575E+001   0.1006989328E+001
 0.4545455   0.6276809323E+000   0.9946309603E+000   0.1060595296E+001   0.1021670214E+001
 0.4646465   0.7062040616E+000   0.1013680123E+001   0.1082785703E+001   0.1007743849E+001
 0.4747475   0.7851122902E+000   0.9872147232E+000   0.1116013609E+001   0.1005413710E+001
 0.4848485   0.8866449066E+000   0.1009860416E+001   0.1150371873E+001   0.1011437776E+001
 0.4949495   0.9700567231E+000   0.9759096523E+000   0.1186874745E+001   0.9880355119E+000
 0.5050505   0.1050670680E+001   0.9823324494E+000   0.1209609740E+001   0.9914409448E+000
 0.5151515   0.1043927581E+001   0.9863990359E+000   0.1193708395E+001   0.9863085862E+000
 0.5252525   0.1044365650E+001   0.9652089406E+000   0.1197056527E+001   0.9872083629E+000
 0.5353535   0.1051489658E+001   0.1004342182E+001   0.1202383605E+001   0.1005032415E+001
 0.5454545   0.1057346878E+001   0.9809321533E+000   0.1203632681E+001   0.9971099415E+000
 0.5555556   0.1074482401E+001   0.9888757233E+000   0.1204833935E+001   0.1009147985E+001
 0.5656566   0.1076295783E+001   0.9748767117E+000   0.1192299211E+001   0.9822817829E+000
 0.5757576   0.1079106753E+001   0.1027511257E+001   0.1215644863E+001   0.1021884062E+001
 0.5858586   0.1095078823E+001   0.9981603387E+000   0.1196946353E+001   0.9954092424E+000
 0.5959596   0.1108797691E+001   0.1014393109E+001   0.1207286419E+001   0.9865244519E+000
 0.6060606   0.1112642701E+001   0.1004346132E+001   0.1201103366E+001   0.9950783829E+000
 0.6161616   0.1129746887E+001   0.9951503932E+000   0.1204356762E+001   0.9877772800E+000
 0.6262626   0.1127984896E+001   0.9753428188E+000   0.1204842581E+001   0.9942209723E+000
 0.6363636   0.1156658960E+001   0.1010591177E+001   0.1230587322E+001   0.1027052735E+001
 0.6464646   0.1171018097E+001   0.1004026177E+001   0.1227360117E+001   0.1000440729E+001
 0.6565657   0.1201801926E+001   0.1023620449E+001   0.1218992498E+001   0.9934261023E+000
 0.6666667   0.1212630372E+001   0.1002685132E+001   0.1227157496E+001   0.1017627271E+001
 0.6767677   0.1217402699E+001   0.9691748005E+000   0.1240974408E+001   0.1003238914E+001
 0.6868687   0.1273604887E+001   0.9957685775E+000   0.1239494935E+001   0.1011734339E+001
 0.6969697   0.1287114638E+001   0.9803277941E+000   0.1240330796E+001   0.1013382585E+001
 0.7070707   0.1303968779E+001   0.9922846249E+000   0.1233133419E+001   0.9926393021E+000
 0.7171717   0.1348828129E+001   0.1000269671E+001   0.1246346829E+001   0.9998173413E+000
 0.7272727   0.1382448964E+001   0.1010123095E+001   0.1263501792E+001   0.1011595136E+001
 0.7373737   0.1399282323E+001   0.9744362801E+000   0.1249814921E+001   0.9924698374E+000
 0.7474747   0.1440369938E+001   0.9944690079E+000   0.1260423095E+001   0.9997870797E+000
 0.7575758   0.1482845848E+001   0.1003996552E+001   0.1250976984E+001   0.9945377099E+000
 0.7676768   0.1534739454E+001   0.1010958532E+001   0.1256634991E+001   0.9984293450E+000
 0.7777778   0.1588179272E+001   0.1008153990E+001   0.1281953469E+001   0.1002316945E+001
 0.7878788   0.1619676500E+001   0.1004956416E+001   0.1282955250E+001   0.9977878001E+000
 0.7979798   0.1669609604E+001   0.1033035416E+001   0.1292228475E+001   0.1035338347E+001
 0.8080808   0.1712439681E+001   0.1000937231E+001   0.1280781772E+001   0.9951631152E+000
 0.8181818   0.1778295134E+001   0.1010373923E+001   0.1308280417E+001   0.1014237978E+001
 0.8282828   0.1832551667E+001   0.9926282801E+000   0.1297930787E+001   0.9859232558E+000
 0.8383838   0.1902365429E+001   0.1011045433E+001   0.1320416519E+001   0.1020189416E+001
 0.8484848   0.1977530895E+001   0.1005503500E+001   0.1325309597E+001   0.1004935578E+001
 0.8585859   0.2054556144E+001   0.1018133816E+001   0.1324686894E+001   0.1024149643E+001
 0.8686869   0.2114434322E+001   0.9946092350E+000   0.1329843812E+001   0.1009551473E+001
 0.8787879   0.2205056963E+001   0.9896677103E+000   0.1330764255E+001   0.9951691675E+000
 0.8888889   0.2300337548E+001   0.1006660867E+001   0.1348825351E+001   0.1021238483E+001
 0.8989899   0.2390660452E+001   0.1000891805E+001   0.1351504681E+001   0.1006718992E+001
 0.9090909   0.2482571018E+001   0.1007296827E+001   0.1349393140E+001   0.9905855517E+000
 0.9191919   0.2636407103E+001   0.9918659185E+000   0.1379792942E+001   0.9872830081E+000
 0.9292929   0.2720307488E+001   0.9980754124E+000   0.1380723284E+001   0.1001158937E+001
 0.9393939   0.2833088848E+001   0.1009198781E+001   0.1400690073E+001   0.1016671006E+001
 0.9494949   0.2970710133E+001   0.1039246885E+001   0.1402476091E+001   0.1027044665E+001
 0.9595960   0.3122683880E+001   0.1001612691E+001   0.1423322712E+001   0.1009182282E+001
 0.9696970   0.3287636027E+001   0.9856979003E+000   0.1432550957E+001   0.9967165413E+000
 0.9797980   0.3443015023E+001   0.1015674903E+001   0.1422210133E+001   0.9952942486E+000
 0.9898990   0.3608700335E+001   0.1010383798E+001   0.1451016469E+001   0.1007193089E+001
 1.0000000   0.3678652229E+001   0.1016259512E+001   0.1434571274E+001   0.1010362482E+001


 0.0000000   0.1016750937E+001   0.9809383405E+000   0.8027392599E+000   0.9771040643E+000
 0.0101010   0.1010583820E+001   0.9586870173E+000   0.8069738345E+000   0.9752094837E+000
 0.0202020   0.1005806320E+001   0.9554252692E+000   0.8032464819E+000   0.9727646015E+000
 0.0303030   0.9820289288E+000   0.9958438618E+000   0.7993753496E+000   0.9902991177E+000
 0.0404040   0.9583033436E+000   0.9578431234E+000   0.8003520244E+000   0.9775203440E+000
 0.0505051   0.9153745605E+000   0.9965209395E+000   0.7920273512E+000   0.9905529469E+000
 0.0606061   0.8734167722E+000   0.9909865655E+000   0.7894408629E+000   0.9993252816E+000
 0.0707071   0.8281290522E+000   0.9837565536E+000   0.8013414449E+000   0.9916961933E+000
 0.0808081   0.7800459108E+000   0.9928784579E+000   0.7990337870E+000   0.1006332996E+001
 0.0909091   0.7257138833E+000   0.1009385415E+001   0.7855326468E+000   0.1005157260E+001
 0.1010101   0.6698008115E+000   0.1008529746E+001   0.7896402496E+000   0.1004062748E+001
 0.1111111   0.6177867205E+000   0.1026078814E+001   0.7857875577E+000   0.1019044759E+001
 0.1212121   0.5728593262E+000   0.1006775232E+001   0.7747780411E+000   0.9918058474E+000
 0.1313131   0.5269180100E+000   0.9756571348E+000   0.7810236785E+000   0.1011580152E+001
 0.1414141   0.4910541497E+000   0.1010572754E+001   0.7751038864E+000   0.9836305188E+000
 0.1515152   0.4635341568E+000   0.9911906701E+000   0.7745024037E+000   0.9910809114E+000
 0.1616162   0.4419647798E+000   0.1016739067E+001   0.7770561602E+000   0.9877811328E+000
 0.1717172   0.4254368071E+000   0.1029680082E+001   0.7786225552E+000   0.1006751307E+001
 0.1818182   0.4043744305E+000   0.9776000533E+000   0.7758344717E+000   0.9779934815E+000
 0.1919192   0.4004784805E+000   0.1020181369E+001   0.7782440050E+000   0.9964783340E+000
 0.2020202   0.3955876740E+000   0.9910748800E+000   0.7873679769E+000   0.9742814844E+000
 0.2121212   0.3946644060E+000   0.9942051376E+000   0.7884044213E+000   0.9774533332E+000
 0.2222222   0.3962019583E+000   0.9944406429E+000   0.7943900400E+000   0.9813115359E+000
 0.2323232   0.4005898666E+000   0.9980360234E+000   0.8054407613E+000   0.9693815669E+000
 0.2424242   0.4079074073E+000   0.1018648622E+001   0.8179687566E+000   0.9895092015E+000
 0.2525253   0.4146473828E+000   0.9775078137E+000   0.8283889108E+000   0.1017328874E+001
 0.2626263   0.4222154654E+000   0.9815683171E+000   0.8373527126E+000   0.9895112321E+000
 0.2727273   0.4384074151E+000   0.1013604885E+001   0.8409987983E+000   0.1008635734E+001
 0.2828283   0.4504756755E+000   0.1011987748E+001   0.8531327546E+000   0.1031007218E+001
 0.2929293   0.4622991495E+000   0.9807401236E+000   0.8614046706E+000   0.1000505079E+001
 0.3030303   0.4830371071E+000   0.9648827685E+000   0.8695787417E+000   0.9721310440E+000
 0.3131313   0.5005074305E+000   0.1009034120E+001   0.8713645373E+000   0.9908819094E+000
 0.3232323   0.5258298626E+000   0.1005746859E+001   0.8856249605E+000   0.1020774858E+001
 0.3333333   0.5436579967E+000   0.9934691836E+000   0.9001780228E+000   0.1020886543E+001
 0.3434343   0.5641045573E+000   0.1011053577E+001   0.9142826332E+000   0.1022638979E+001
 0.3535354   0.6002179721E+000   0.1011546176E+001   0.9257716706E+000   0.1028783675E+001
 0.3636364   0.6270912930E+000   0.9907275097E+000   0.9380542081E+000   0.9968722769E+000
 0.3737374   0.6475539210E+000   0.9945740959E+000   0.9442620084E+000   0.9945654777E+000
 0.3838384   0.6913456604E+000   0.1010761158E+001   0.9677404134E+000   0.1037259537E+001
 0.3939394   0.7403265196E+000   0.1009685684E+001   0.9725958877E+000   0.1024738654E+001
 0.4040404   0.7769438139E+000   0.1011742430E+001   0.9822240330E+000   0.9889081341E+000
 0.4141414   0.8089620129E+000   0.1007295306E+001   0.1002499402E+001   0.1013661551E+001
 0.4242424   0.8504692779E+000   0.1012240916E+001   0.1013525090E+001   0.1013113280E+001
 0.4343434   0.9029338233E+000   0.9779356483E+000   0.1035604477E+001   0.1028834441E+001
 0.4444444   0.9593556299E+000   0.9959145134E+000   0.1039303669E+001   0.9748805211E+000
 0.4545455   0.9958264407E+000   0.9794428821E+000   0.1057889156E+001   0.9975972129E+000
 0.4646465   0.1075502981E+001   0.1011801307E+001   0.1071429444E+001   0.9838437353E+000
 0.4747475   0.1128073218E+001   0.1015948162E+001   0.1087337677E+001   0.1028383640E+001
 0.4848485   0.1208023470E+001   0.1010825922E+001   0.1103455386E+001   0.9933003934E+000
 0.4949495   0.1274476180E+001   0.9863942127E+000   0.1125015823E+001   0.1001727520E+001
 0.5050505   0.1319319478E+001   0.9966288794E+000   0.1121155391E+001   0.9935928045E+000
 0.5151515   0.1315513698E+001   0.9716672829E+000   0.1121446552E+001   0.9915438958E+000
 0.5252525   0.1323940628E+001   0.1004455505E+001   0.1119341732E+001   0.1006428436E+001
 0.5353535   0.1311543401E+001   0.9892124258E+000   0.1129078646E+001   0.1017172515E+001
 0.5454545   0.1313769528E+001   0.1019376726E+001   0.1133190132E+001   0.1019536172E+001
 0.5555556   0.1312262091E+001   0.9839390702E+000   0.1128537838E+001   0.1024842216E+001
 0.5656566   0.1300804932E+001   0.9910572171E+000   0.1140989919E+001   0.1021294700E+001
 0.5757576   0.1318224679E+001   0.9937223518E+000   0.1122206391E+001   0.9843980981E+000
 0.5858586   0.1326680187E+001   0.1003350592E+001   0.1131972504E+001   0.1012325394E+001
 0.5959596   0.1306352827E+001   0.1016381884E+001   0.1116083908E+001   0.1012390374E+001
 0.6060606   0.1306495542E+001   0.9843276539E+000   0.1115859532E+001   0.9958468072E+000
 0.6161616   0.1309240166E+001   0.9919953131E+000   0.1117543511E+001   0.9848326536E+000
 0.6262626   0.1321172750E+001   0.1006645704E+001   0.1130503790E+001   0.9918627052E+000
 0.6363636   0.1306969807E+001   0.9988387039E+000   0.1130111656E+001   0.9817196932E+000
 0.6464646   0.1327239266E+001   0.1033041920E+001   0.1131866595E+001   0.9956620196E+000
 0.6565657   0.1320683081E+001   0.1001815883E+001   0.1123936608E+001   0.9682017691E+000
 0.6666667   0.1325584734E+001   0.1006977374E+001   0.1139113250E+001   0.9974875587E+000
 0.6767677   0.1323043659E+001   0.1004867639E+001   0.1121814624E+001   0.1007750378E+001
 0.6868687   0.1300824157E+001   0.9792505527E+000   0.1127823481E+001   0.9869099912E+000
 0.6969697   0.1312341427E+001   0.9933730190E+000   0.1125184994E+001   0.9793194849E+000
 0.7070707   0.1313977442E+001   0.9937694529E+000   0.1131640503E+001   0.1006759429E+001
 0.7171717   0.1317163299E+001   0.9869692381E+000   0.1134302528E+001   0.1006367517E+001
 0.7272727   0.1313883996E+001   0.1009444291E+001   0.1129190146E+001   0.1020967768E+001
 0.7373737   0.1305227566E+001   0.9906647083E+000   0.1118291786E+001   0.9854499660E+000
 0.7474747   0.1322334635E+001   0.1019502329E+001   0.1134643893E+001   0.1012562978E+001
 0.7575758   0.1317802258E+001   0.9846750242E+000   0.1123752448E+001   0.9811369015E+000
 0.7676768   0.1303198749E+001   0.9808794642E+000   0.1117887397E+001   0.9751810548E+000
 0.7777778   0.1318282532E+001   0.1010451076E+001   0.1129615709E+001   0.1012493937E+001
 0.7878788   0.1325409106E+001   0.1001815883E+001   0.1123367743E+001   0.9975667534E+000
 0.7979798   0.1317956684E+001   0.1006241420E+001   0.1131947682E+001   0.1005374537E+001
 0.8080808   0.1316977355E+001   0.1000626581E+001   0.1124227164E+001   0.1000896992E+001
 0.8181818   0.1314646677E+001   0.1016852895E+001   0.1127519871E+001   0.1015948044E+001
 0.8282828   0.1313267920E+001   0.1002522399E+001   0.1121876579E+001   0.1002803756E+001
 0.8383838   0.1323815907E+001   0.1029095244E+001   0.1118926998E+001   0.1013927564E+001
 0.8484848   0.1316681748E+001   0.1023910203E+001   0.1132630222E+001   0.1022192240E+001
 0.8585859   0.1318602155E+001   0.9952119227E+000   0.1121698019E+001   0.9972276376E+000
 0.8686869   0.1327584294E+001   0.1000016230E+001   0.1134730190E+001   0.9936009270E+000
 0.8787879   0.1321383202E+001   0.9956201318E+000   0.1117005692E+001   0.9701999120E+000
 0.8888889   0.1312130817E+001   0.1007952758E+001   0.1127380106E+001   0.1022334384E+001
 0.8989899   0.1311627453E+001   0.1019516067E+001   0.1122913103E+001   0.1013107188E+001
 0.9090909   0.1317067724E+001   0.1013681424E+001   0.1133223366E+001   0.1016622214E+001
 0.9191919   0.1334562344E+001   0.1020836859E+001   0.1132673515E+001   0.1013092974E+001
 0.9292929   0.1311981362E+001   0.9859977788E+000   0.1120839053E+001   0.9708192550E+000
 0.9393939   0.1313376661E+001   0.9975650128E+000   0.1122439627E+001   0.1002040238E+001
 0.9494949   0.1314918766E+001   0.1006408236E+001   0.1124898938E+001   0.1016642520E+001
 0.9595960   0.1320524018E+001   0.1005870499E+001   0.1124755542E+001   0.9866236719E+000
 0.9696970   0.1319615807E+001   0.1018672173E+001   0.1131529507E+001   0.1026521550E+001
 0.9797980   0.1313701349E+001   0.1022663987E+001   0.1126619280E+001   0.1010834910E+001
 0.9898990   0.1316721408E+001   0.1010468739E+001   0.1118320769E+001   0.9952132497E+000
 1.0000000   0.1305973959E+001   0.1013065185E+001   0.1120148473E+001   0.1003492141E+001


