 0.0000000   0.1425776528E+000   0.9353766526E+000   0.5639230554E+000   0.1021102914E+001
 0.0101010   0.1443013839E+000   0.9662823318E+000   0.5739551662E+000   0.1065434315E+001
 0.0202020   0.1400689160E+000   0.9236809672E+000   0.5639126984E+000   0.1023628506E+001
 0.0303030   0.1367084807E+000   0.9234532082E+000   0.5712882477E+000   0.1035302926E+001
 0.0404040   0.1313702158E+000   0.9353001534E+000   0.5625790289E+000   0.1020908457E+001
 0.0505051   0.1234972685E+000   0.9297174500E+000   0.5622256001E+000   0.1027243523E+001
 0.0606061   0.1171181131E+000   0.9467263530E+000   0.5640753544E+000   0.1032390764E+001
 0.0707071   0.1091801466E+000   0.9539833458E+000   0.5655139410E+000   0.1042495474E+001
 0.0808081   0.9995182973E-001   0.9506173808E+000   0.5594891915E+000   0.1020716344E+001
 0.0909091   0.9440820095E-001   0.9608561040E+000   0.5609496753E+000   0.1032681277E+001
 0.1010101   0.8806626359E-001   0.9852228397E+000   0.5631574276E+000   0.1031591852E+001
 0.1111111   0.8319557040E-001   0.9696761147E+000   0.5696152526E+000   0.1037341205E+001
 0.1212121   0.7710927525E-001   0.9650809465E+000   0.5651623141E+000   0.1024659360E+001
 0.1313131   0.7440090982E-001   0.9686694547E+000   0.5755829853E+000   0.1035799610E+001
 0.1414141   0.7240685583E-001   0.9922503349E+000   0.5765641993E+000   0.1028630490E+001
 0.1515152   0.7088559969E-001   0.9970923869E+000   0.5786598211E+000   0.1010623347E+001
 0.1616162   0.6932780265E-001   0.9914714339E+000   0.5869391177E+000   0.1031193567E+001
 0.1717172   0.6954770210E-001   0.9924589691E+000   0.5936165128E+000   0.1024427417E+001
 0.1818182   0.7120944388E-001   0.9980242863E+000   0.6039313165E+000   0.1035560639E+001
 0.1919192   0.7391271624E-001   0.9971115117E+000   0.6045303624E+000   0.1014072022E+001
 0.2020202   0.7471656453E-001   0.9785569771E+000   0.6243492006E+000   0.1038913257E+001
 0.2121212   0.7831045444E-001   0.9907029646E+000   0.6215548362E+000   0.1008322669E+001
 0.2222222   0.8371174593E-001   0.1008195203E+001   0.6323735786E+000   0.1000483494E+001
 0.2323232   0.8651914931E-001   0.9979999457E+000   0.6467118237E+000   0.1017476183E+001
 0.2424242   0.9317074957E-001   0.1004180734E+001   0.6634239671E+000   0.1018783493E+001
 0.2525253   0.1003619008E+000   0.1014772397E+001   0.6810014527E+000   0.1020774915E+001
 0.2626263   0.1069826532E+000   0.1011509010E+001   0.6735535305E+000   0.9990613841E+000
 0.2727273   0.1146508776E+000   0.9992430577E+000   0.7007714561E+000   0.1010068092E+001
 0.2828283   0.1233392101E+000   0.9821941666E+000   0.7083278811E+000   0.1004557709E+001
 0.2929293   0.1338393694E+000   0.9894494208E+000   0.7311857229E+000   0.1003091086E+001
 0.3030303   0.1456950546E+000   0.9901274819E+000   0.7403337269E+000   0.1004761537E+001
 0.3131313   0.1570955948E+000   0.9903813202E+000   0.7554758008E+000   0.1024970959E+001
 0.3232323   0.1716126375E+000   0.9860991033E+000   0.7688502069E+000   0.9998649816E+000
 0.3333333   0.1888712898E+000   0.1004702319E+001   0.7909786979E+000   0.1002313259E+001
 0.3434343   0.2075733615E+000   0.1013807463E+001   0.8044669499E+000   0.1002341374E+001
 0.3535354   0.2291698154E+000   0.1014264720E+001   0.8237555965E+000   0.9954369957E+000
 0.3636364   0.2502297218E+000   0.1001298105E+001   0.8492488717E+000   0.1010644433E+001
 0.3737374   0.2802279606E+000   0.1010867460E+001   0.8648998273E+000   0.1010201634E+001
 0.3838384   0.3054096637E+000   0.1000903438E+001   0.8795659771E+000   0.9874221070E+000
 0.3939394   0.3400970197E+000   0.1018456529E+001   0.8967716300E+000   0.9862717678E+000
 0.4040404   0.3757223881E+000   0.1003626115E+001   0.9317542988E+000   0.1005258222E+001
 0.4141414   0.4158281604E+000   0.1016144166E+001   0.9554602453E+000   0.1015873673E+001
 0.4242424   0.4626878776E+000   0.1027196563E+001   0.9711662961E+000   0.9901936981E+000
 0.4343434   0.5168786083E+000   0.1008706357E+001   0.1007794042E+001   0.9941015714E+000
 0.4444444   0.5721069590E+000   0.1031995150E+001   0.1023386558E+001   0.9851050287E+000
 0.4545455   0.6358997076E+000   0.1020358577E+001   0.1048717430E+001   0.9808527565E+000
 0.4646465   0.7031421333E+000   0.1000677418E+001   0.1087776522E+001   0.1001753318E+001
 0.4747475   0.7975430496E+000   0.1027954601E+001   0.1110034483E+001   0.9792924186E+000
 0.4848485   0.8836133597E+000   0.1013817895E+001   0.1153522950E+001   0.9959430512E+000
 0.4949495   0.9789068649E+000   0.9936203661E+000   0.1166292375E+001   0.9828465216E+000
 0.5050505   0.1054091061E+001   0.1022321477E+001   0.1195636301E+001   0.9937173440E+000
 0.5151515   0.1042422543E+001   0.1029957489E+001   0.1175156479E+001   0.9605097928E+000
 0.5252525   0.1056220571E+001   0.1039652025E+001   0.1200069066E+001   0.9912386091E+000
 0.5353535   0.1045117031E+001   0.1011769803E+001   0.1183783142E+001   0.9800960161E+000
 0.5454545   0.1073227269E+001   0.1031906480E+001   0.1207913396E+001   0.9924264339E+000
 0.5555556   0.1074008542E+001   0.1015497400E+001   0.1195608313E+001   0.9876399920E+000
 0.5656566   0.1071956533E+001   0.1000769565E+001   0.1192846104E+001   0.9912198663E+000
 0.5757576   0.1082079148E+001   0.1013482342E+001   0.1207965310E+001   0.9996916107E+000
 0.5858586   0.1100953645E+001   0.1024465194E+001   0.1191284775E+001   0.9839664037E+000
 0.5959596   0.1120619533E+001   0.1032141193E+001   0.1191059010E+001   0.9931644315E+000
 0.6060606   0.1112692447E+001   0.1007546699E+001   0.1196983226E+001   0.9930941460E+000
 0.6161616   0.1126609385E+001   0.1006068873E+001   0.1201318498E+001   0.9952472249E+000
 0.6262626   0.1144261714E+001   0.1022116320E+001   0.1201641812E+001   0.9992253836E+000
 0.6363636   0.1181754990E+001   0.1033726813E+001   0.1198899574E+001   0.9674141708E+000
 0.6464646   0.1194617373E+001   0.1026177733E+001   0.1216062950E+001   0.9902311837E+000
 0.6565657   0.1209318741E+001   0.1026238584E+001   0.1214283573E+001   0.9855993699E+000
 0.6666667   0.1220298712E+001   0.1023969687E+001   0.1216035564E+001   0.9947247694E+000
 0.6767677   0.1240417119E+001   0.1006616538E+001   0.1220951269E+001   0.9928200326E+000
 0.6868687   0.1268435627E+001   0.1008657676E+001   0.1203507220E+001   0.9661748033E+000
 0.6969697   0.1300492971E+001   0.1034357932E+001   0.1231459345E+001   0.9931339745E+000
 0.7070707   0.1320654224E+001   0.1021789460E+001   0.1229582090E+001   0.1000699036E+001
 0.7171717   0.1361611792E+001   0.1014688943E+001   0.1232877710E+001   0.9896899855E+000
 0.7272727   0.1375057390E+001   0.1013840497E+001   0.1227457555E+001   0.9883264470E+000
 0.7373737   0.1418468473E+001   0.1016973487E+001   0.1231408474E+001   0.9803795009E+000
 0.7474747   0.1443444324E+001   0.1008883696E+001   0.1242608846E+001   0.9900320415E+000
 0.7575758   0.1500510390E+001   0.1009036695E+001   0.1253001111E+001   0.9833970913E+000
 0.7676768   0.1526517636E+001   0.1004971805E+001   0.1247500261E+001   0.9877711916E+000
 0.7777778   0.1578639619E+001   0.1016112871E+001   0.1247401974E+001   0.9863935960E+000
 0.7878788   0.1600212359E+001   0.9947991493E+000   0.1248992137E+001   0.9776500810E+000
 0.7979798   0.1663904445E+001   0.9978260838E+000   0.1249145278E+001   0.9683934820E+000
 0.8080808   0.1707843933E+001   0.1013270230E+001   0.1273865541E+001   0.9992277265E+000
 0.8181818   0.1782616419E+001   0.1013626647E+001   0.1286888531E+001   0.9970465334E+000
 0.8282828   0.1834228701E+001   0.1004311130E+001   0.1282366782E+001   0.9853557136E+000
 0.8383838   0.1902493043E+001   0.9996290310E+000   0.1284745638E+001   0.9766403128E+000
 0.8484848   0.1978412748E+001   0.1005514254E+001   0.1297701365E+001   0.9825770939E+000
 0.8585859   0.2056792527E+001   0.1006268814E+001   0.1296973026E+001   0.9844771450E+000
 0.8686869   0.2139240738E+001   0.1012792110E+001   0.1307136764E+001   0.9912643804E+000
 0.8787879   0.2212931839E+001   0.1011964528E+001   0.1311940391E+001   0.9875579923E+000
 0.8888889   0.2282994206E+001   0.1001419808E+001   0.1326450545E+001   0.9900906128E+000
 0.8989899   0.2387194209E+001   0.9874830435E+000   0.1334552584E+001   0.9727300967E+000
 0.9090909   0.2490419894E+001   0.1001715373E+001   0.1339136729E+001   0.9898188422E+000
 0.9191919   0.2595196729E+001   0.1007666663E+001   0.1352154040E+001   0.9954651099E+000
 0.9292929   0.2728372460E+001   0.1023907097E+001   0.1362486456E+001   0.1006741245E+001
 0.9393939   0.2823057114E+001   0.9928223403E+000   0.1369358914E+001   0.9968380198E+000
 0.9494949   0.2973688285E+001   0.9905969089E+000   0.1373480473E+001   0.9756984872E+000
 0.9595960   0.3083771303E+001   0.9897032591E+000   0.1369265607E+001   0.9669713722E+000
 0.9696970   0.3265295221E+001   0.9914801270E+000   0.1397259935E+001   0.9759163723E+000
 0.9797980   0.3401354278E+001   0.1006559164E+001   0.1390594456E+001   0.9949356259E+000
 0.9898990   0.3612039753E+001   0.1004178995E+001   0.1411675950E+001   0.9810987557E+000
 1.0000000   0.3630282742E+001   0.9838667174E+000   0.1400348704E+001   0.9726949540E+000


 0.0000000   0.9767714903E+000   0.9504976074E+000   0.8224600238E+000   0.1013210670E+001
 0.0101010   0.9752765692E+000   0.9351537541E+000   0.8222067727E+000   0.9996113234E+000
 0.0202020   0.9639614112E+000   0.9326685820E+000   0.8189100205E+000   0.9915840579E+000
 0.0303030   0.9541440956E+000   0.9494403893E+000   0.8183795736E+000   0.9964670448E+000
 0.0404040   0.9329094102E+000   0.9761635279E+000   0.8192217859E+000   0.1026949205E+001
 0.0505051   0.8937904146E+000   0.9613748916E+000   0.8211582356E+000   0.1018737116E+001
 0.0606061   0.8468763478E+000   0.9389817351E+000   0.8168662883E+000   0.9972291559E+000
 0.0707071   0.8025632677E+000   0.9698521488E+000   0.8175336011E+000   0.1037470445E+001
 0.0808081   0.7550035928E+000   0.9592249782E+000   0.7946447500E+000   0.9923096606E+000
 0.0909091   0.6999260150E+000   0.9706858610E+000   0.8007300681E+000   0.1022184870E+001
 0.1010101   0.6373731536E+000   0.9240068438E+000   0.7875297566E+000   0.9873582205E+000
 0.1111111   0.6047691866E+000   0.9644933302E+000   0.7981334128E+000   0.1014928843E+001
 0.1212121   0.5577465542E+000   0.9575699707E+000   0.7984224991E+000   0.1014020698E+001
 0.1313131   0.5205281090E+000   0.9697439436E+000   0.7962504725E+000   0.1016955054E+001
 0.1414141   0.4838867034E+000   0.9715408595E+000   0.7872131083E+000   0.1004806913E+001
 0.1515152   0.4591060562E+000   0.9818717961E+000   0.7918351795E+000   0.1008939198E+001
 0.1616162   0.4424361827E+000   0.1006122180E+001   0.8000518324E+000   0.1022602434E+001
 0.1717172   0.4178210839E+000   0.9929105012E+000   0.7935444447E+000   0.1005671703E+001
 0.1818182   0.4050638118E+000   0.9727541770E+000   0.7971776022E+000   0.9948196072E+000
 0.1919192   0.4019058264E+000   0.9983473694E+000   0.8050651161E+000   0.1008907253E+001
 0.2020202   0.3957983329E+000   0.1007239709E+001   0.8062936519E+000   0.1024523684E+001
 0.2121212   0.3965275685E+000   0.1007094253E+001   0.8194378510E+000   0.1028678786E+001
 0.2222222   0.3960007517E+000   0.1005946568E+001   0.8112378201E+000   0.1010785149E+001
 0.2323232   0.4019078780E+000   0.1030493186E+001   0.8233902554E+000   0.1015567738E+001
 0.2424242   0.4079363168E+000   0.1013313391E+001   0.8405436182E+000   0.1025247005E+001
 0.2525253   0.4215079586E+000   0.1020362695E+001   0.8469340163E+000   0.1031095181E+001
 0.2626263   0.4300885005E+000   0.1024783143E+001   0.8484789841E+000   0.1022314931E+001
 0.2727273   0.4395143065E+000   0.1002081336E+001   0.8485648515E+000   0.1003739045E+001
 0.2828283   0.4538881785E+000   0.1012976359E+001   0.8644864719E+000   0.1002059662E+001
 0.2929293   0.4715251089E+000   0.1027046584E+001   0.8610093182E+000   0.9930329816E+000
 0.3030303   0.4851614928E+000   0.1008758130E+001   0.8794750236E+000   0.1003761862E+001
 0.3131313   0.5129240364E+000   0.1019968899E+001   0.8965325026E+000   0.1007878175E+001
 0.3232323   0.5348150469E+000   0.1031021795E+001   0.8944878386E+000   0.1004357404E+001
 0.3333333   0.5549654694E+000   0.1021746302E+001   0.9066157668E+000   0.9997505113E+000
 0.3434343   0.5782093579E+000   0.1013638007E+001   0.9223618616E+000   0.1009539303E+001
 0.3535354   0.6086370237E+000   0.1013563505E+001   0.9200691740E+000   0.9905116261E+000
 0.3636364   0.6334458054E+000   0.1016027391E+001   0.9380444972E+000   0.1000555976E+001
 0.3737374   0.6666194116E+000   0.1025661202E+001   0.9551668308E+000   0.1003036260E+001
 0.3838384   0.7001666327E+000   0.1012559503E+001   0.9671591745E+000   0.1003287254E+001
 0.3939394   0.7350492327E+000   0.1048724876E+001   0.9774760054E+000   0.9939023358E+000
 0.4040404   0.7710709018E+000   0.1007810891E+001   0.9973555694E+000   0.1018456459E+001
 0.4141414   0.8203726931E+000   0.1015497008E+001   0.9950359581E+000   0.9946256568E+000
 0.4242424   0.8664951490E+000   0.1027777412E+001   0.1009599283E+001   0.9998988263E+000
 0.4343434   0.9138075625E+000   0.1021698408E+001   0.1020853392E+001   0.9871825243E+000
 0.4444444   0.9628028200E+000   0.1019701046E+001   0.1035836178E+001   0.1007159417E+001
 0.4545455   0.1002019668E+001   0.9911171329E+000   0.1050511039E+001   0.9998851357E+000
 0.4646465   0.1084326563E+001   0.1024660747E+001   0.1067109463E+001   0.9980756924E+000
 0.4747475   0.1137462833E+001   0.1004080472E+001   0.1072955907E+001   0.9853251638E+000
 0.4848485   0.1216238272E+001   0.1017187493E+001   0.1097241824E+001   0.1003510868E+001
 0.4949495   0.1279431833E+001   0.1006711100E+001   0.1118446358E+001   0.1008120042E+001
 0.5050505   0.1325725760E+001   0.1006083155E+001   0.1125198108E+001   0.1007796031E+001
 0.5151515   0.1327602263E+001   0.1001958940E+001   0.1128335868E+001   0.9961339065E+000
 0.5252525   0.1340059762E+001   0.1009618450E+001   0.1128556124E+001   0.1008815982E+001
 0.5353535   0.1324824141E+001   0.1007092479E+001   0.1111703085E+001   0.9817884209E+000
 0.5454545   0.1324295203E+001   0.1016268635E+001   0.1112618829E+001   0.9927865504E+000
 0.5555556   0.1322166723E+001   0.9994063614E+000   0.1129981279E+001   0.1004371095E+001
 0.5656566   0.1312124465E+001   0.9937530827E+000   0.1119730185E+001   0.1008676794E+001
 0.5757576   0.1325755827E+001   0.1015193679E+001   0.1117238370E+001   0.9717623252E+000
 0.5858586   0.1305522238E+001   0.9874576683E+000   0.1106317482E+001   0.9841363618E+000
 0.5959596   0.1324519306E+001   0.1024717511E+001   0.1112113420E+001   0.9905549798E+000
 0.6060606   0.1326260441E+001   0.1002327902E+001   0.1112193997E+001   0.1004617526E+001
 0.6161616   0.1312629029E+001   0.9918124844E+000   0.1125702100E+001   0.1013785676E+001
 0.6262626   0.1314902115E+001   0.9872554487E+000   0.1126099601E+001   0.1004701951E+001
 0.6363636   0.1318803180E+001   0.1005093343E+001   0.1116428295E+001   0.9867832146E+000
 0.6464646   0.1304173071E+001   0.9766690769E+000   0.1115523549E+001   0.9895646918E+000
 0.6565657   0.1321404702E+001   0.9994844111E+000   0.1111830072E+001   0.9862355899E+000
 0.6666667   0.1317942276E+001   0.1009854372E+001   0.1106182746E+001   0.9793355186E+000
 0.6767677   0.1310682296E+001   0.9925805640E+000   0.1114714647E+001   0.9824387252E+000
 0.6868687   0.1303503657E+001   0.1004637462E+001   0.1119134050E+001   0.9920906107E+000
 0.6969697   0.1324003872E+001   0.1006382937E+001   0.1113577729E+001   0.9991093340E+000
 0.7070707   0.1331672245E+001   0.1014209189E+001   0.1124510588E+001   0.1003515431E+001
 0.7171717   0.1307149870E+001   0.1003509290E+001   0.1102229891E+001   0.9826030127E+000
 0.7272727   0.1314511973E+001   0.9978577852E+000   0.1109452168E+001   0.9793879993E+000
 0.7373737   0.1322810954E+001   0.1002264043E+001   0.1119622145E+001   0.9902013055E+000
 0.7474747   0.1315744203E+001   0.1005072057E+001   0.1115312751E+001   0.9959970003E+000
 0.7575758   0.1324222152E+001   0.1000782874E+001   0.1116961430E+001   0.9878602098E+000
 0.7676768   0.1322061699E+001   0.9919118203E+000   0.1118599501E+001   0.9859709046E+000
 0.7777778   0.1324549549E+001   0.1012704959E+001   0.1110450099E+001   0.9927203791E+000
 0.7878788   0.1317196352E+001   0.1003573149E+001   0.1118299091E+001   0.9995907874E+000
 0.7979798   0.1310846879E+001   0.1001994417E+001   0.1109945008E+001   0.9837735605E+000
 0.8080808   0.1311508173E+001   0.9943508722E+000   0.1119937838E+001   0.9961612877E+000
 0.8181818   0.1316989213E+001   0.9982764152E+000   0.1112591658E+001   0.9859252692E+000
 0.8282828   0.1321401757E+001   0.9983314047E+000   0.1122228733E+001   0.9896559625E+000
 0.8383838   0.1321853774E+001   0.1012547086E+001   0.1103828549E+001   0.9859594958E+000
 0.8484848   0.1312785230E+001   0.1003032123E+001   0.1108403887E+001   0.9926359537E+000
 0.8585859   0.1319132007E+001   0.9995482699E+000   0.1112771870E+001   0.9864341038E+000
 0.8686869   0.1329696711E+001   0.1015025162E+001   0.1115206723E+001   0.9947283364E+000
 0.8787879   0.1326385915E+001   0.1006978952E+001   0.1116097850E+001   0.9849509536E+000
 0.8888889   0.1312211542E+001   0.9988405014E+000   0.1119660073E+001   0.1002506889E+001
 0.8989899   0.1319729024E+001   0.1010170119E+001   0.1109796036E+001   0.9936855677E+000
 0.9090909   0.1323745143E+001   0.1007207780E+001   0.1124516998E+001   0.1006253555E+001
 0.9191919   0.1323801570E+001   0.1003888895E+001   0.1116454755E+001   0.9905161897E+000
 0.9292929   0.1309409725E+001   0.1011630002E+001   0.1103684848E+001   0.9891083378E+000
 0.9393939   0.1312012447E+001   0.1015497008E+001   0.1111316401E+001   0.9978110071E+000
 0.9494949   0.1328627494E+001   0.1009536852E+001   0.1122316113E+001   0.9952166351E+000
 0.9595960   0.1325500128E+001   0.1000664025E+001   0.1124940972E+001   0.9934414183E+000
 0.9696970   0.1321018656E+001   0.1014657974E+001   0.1115527240E+001   0.1002643795E+001
 0.9797980   0.1328894077E+001   0.1018908133E+001   0.1115271214E+001   0.9931539154E+000
 0.9898990   0.1325536564E+001   0.1018494824E+001   0.1117023203E+001   0.9944682147E+000
 1.0000000   0.1321518662E+001   0.1008233068E+001   0.1109817802E+001   0.9870091098E+000


