Compiled using GNU Fortran (Ubuntu 9.4.0-1ubuntu1~20.04.2) 9.4.0 with all optimizations
Last Brick update unknown
Compiled at 18:43:37 on Sep  2 2023
Starting at 16:56:20 on Sep 11 2023

Settings
OK                      

Forcefield
OK                      

Topology
OK                      

Configuration
OK                      Read from ./INPUT/restart.in

 F
Monte Carlo Simulation initialized.

#########################################################################################################################
###########################################   ENERGY STARTING CONFIGURATION   ###########################################
#########################################################################################################################
                                               Box 1               Box 2
-------------------------------------------------------------------------------------------------------------------------
Lennard Jones        
 Intermolecular                         -0.5617464218E+006  -0.3838382935E+005
 Tailcorrection                         -0.1401532460E+005  -0.9376096182E+003
Total Intermolecular                    -0.5757617464E+006  -0.3932143897E+005

Electrostatic        
 Real                                   -0.1627493259E+006  -0.5293933713E+004
 Exclusion                               0.9886297181E+007   0.2171681601E+007
 Selfterm                               -0.9918050975E+007  -0.2173871485E+007
 Fourier                                 0.1640041328E+005   0.2088874415E+004
Total Intermolecular                    -0.1781027068E+006  -0.5394943212E+004

Intramolecular       
 Lennard Jones                           0.0000000000E+000   0.0000000000E+000
 Electrostatic                           0.0000000000E+000   0.0000000000E+000
 Bending                                 0.0000000000E+000   0.0000000000E+000
 Torsion                                 0.0000000000E+000   0.0000000000E+000

Total                                   -0.7538644532E+006  -0.4471638218E+005

#########################################################################################################################

Simulation is running...



#########################################################################################################################
###############################################   RELATIVE ENERGY DRIFTS   ##############################################
#########################################################################################################################
                                               Box 1               Box 2                                                 
-------------------------------------------------------------------------------------------------------------------------

Lennard Jones        
 Intermolecular                          0.1460776120E-014   0.5893339187E-015
 Tailcorrection                          0.0000000000E+000   0.0000000000E+000

Electrostatic        
 Real                                    0.3919093819E-015   0.7285550854E-015
 Exclusion                               0.0000000000E+000   0.1573753065E-015
 Selfterm                                0.0000000000E+000   0.0000000000E+000
 Fourier                                 0.1329190606E-015   0.0000000000E+000

Intramolecular       
 Lennard Jones                           0.0000000000E+000   0.0000000000E+000
 Electrostatic                           0.0000000000E+000   0.0000000000E+000
 Bending                                 0.0000000000E+000   0.0000000000E+000
 Torsion                                 0.0000000000E+000   0.0000000000E+000

Total                                    0.1677761375E-014   0.8092121752E-014

#########################################################################################################################
############################################   TRIAL MOVE ACCEPTANCE RATES   ############################################
#########################################################################################################################
                                               Box 1               Box 2
-------------------------------------------------------------------------------------------------------------------------
Translation
 CO2                                          0.49174             0.48932
 AR                                           0.50767             0.59819
-------------------------------------------------------------------------------------------------------------------------
Rotation
 CO2                                          0.50393             0.72570
 AR                                           0.00000             0.00000
-------------------------------------------------------------------------------------------------------------------------
Lambda Move
 cd                                           0.74373             0.94072
 Ar                                           0.82581             0.96478
-------------------------------------------------------------------------------------------------------------------------
GE Swap Fractional
 cd                                           0.40717             0.33751
 Ar                                           0.49872             0.42210
-------------------------------------------------------------------------------------------------------------------------
GE Identity Change
 cd                                           0.87682             0.67718
 Ar                                           0.97580             0.80887
-------------------------------------------------------------------------------------------------------------------------
Volume                                        0.48407             0.50888

#########################################################################################################################
######################################################   AVERAGES   #####################################################
#########################################################################################################################
                                                       Boltzmann                                    Biased
                                               Box 1               Box 2                  Box 1               Box 2      
-------------------------------------------------------------------------------------------------------------------------
Density
 CO2                                     0.9340881757E+003   0.6626893005E+002      0.9325043303E+003   0.6634109365E+002
 AR                                      0.6846050451E+002   0.7040933713E+002      0.6881870635E+002   0.7049069173E+002
 Total                                   0.1002548680E+004   0.1366782672E+003      0.1001323037E+004   0.1368317854E+003

Number of molecules
 CO2                                     0.4765510318E+003   0.2234489682E+003      0.4768103800E+003   0.2231896200E+003
 AR                                      0.3864420726E+002   0.2613557927E+003      0.3893376000E+002   0.2610662400E+003
 Total                                   0.5151952390E+003   0.4848047610E+003      0.5157441400E+003   0.4842558600E+003

Mole fractions
 CO2                                          0.92499             0.46091                 0.92451             0.46089
 AR                                           0.07501             0.53909                 0.07549             0.53911

Volume                                   0.3731496288E+005   0.2471277105E+006      0.3739895931E+005   0.2465789951E+006

#########################################################################################################################
#######################################   PROPERTIES FROM THE CFC GIBBS ENSEMBLE   ######################################
#########################################################################################################################
                                                       Boltzmann                                    Biased
                                               Box 1               Box 2                  Box 1               Box 2      
Chemical Potentials (as an indication)
=========================================================================================================================

Total cd                                -0.1937270578E+004  -0.1938821908E+004     -0.1937699931E+004  -0.1938546553E+004
 Ideal gas                              -0.1103015129E+004  -0.1772415098E+004     -0.1103444481E+004  -0.1772139743E+004
 Excess                                 -0.8342554496E+003  -0.1664068098E+003     -0.8342554496E+003  -0.1664068098E+003

-------------------------------------------------------------------------------------------------------------------------

Total Ar                                -0.1793352858E+004  -0.1792156958E+004     -0.1792032552E+004  -0.1791864798E+004
 Ideal gas                              -0.1739683447E+004  -0.1732582020E+004     -0.1738363141E+004  -0.1732289859E+004
 Excess                                 -0.5366941136E+002  -0.5957493865E+002     -0.5366941136E+002  -0.5957493865E+002

-------------------------------------------------------------------------------------------------------------------------

#########################################################################################################################
#########################################   PROPERTIES FROM UMBRELLA SAMPLING   #########################################
#########################################################################################################################

Excess Partial Molar Enthalpy
=========================================================================================================================


Partial Molar Volume
=========================================================================================================================


#########################################################################################################################
##################################################   AVERAGE ENERGIES   #################################################
#########################################################################################################################
                                                       Boltzmann                                    Biased
                                               Box 1               Box 2                  Box 1               Box 2      
-------------------------------------------------------------------------------------------------------------------------
Lennard Jones        
 Intermolecular                         -0.5146859300E+006  -0.5492842047E+005     -0.5145448228E+006  -0.5486397384E+005
 Tailcorrection                         -0.1260614585E+005  -0.1208772769E+004     -0.1260533333E+005  -0.1207217500E+004
Total Intermolecular                    -0.5272920758E+006  -0.5613719324E+005     -0.5271501561E+006  -0.5607119134E+005

Electrostatic        
 Real                                   -0.1494406465E+006  -0.7830497871E+004     -0.1492454178E+006  -0.7830801557E+004
 Exclusion                               0.8727948508E+007   0.3034564292E+007      0.8730822685E+007   0.3030680169E+007
 Selfterm                               -0.8755982176E+007  -0.3037624423E+007     -0.8758865420E+007  -0.3033736357E+007
 Fourier                                 0.1334013713E+005   0.2786825042E+004      0.1336670232E+005   0.2784830147E+004
Total Intermolecular                    -0.1641341782E+006  -0.8103803792E+004     -0.1639214509E+006  -0.8102159132E+004

Intramolecular       
 Lennard Jones                           0.0000000000E+000   0.0000000000E+000      0.0000000000E+000   0.0000000000E+000
 Electrostatic                           0.0000000000E+000   0.0000000000E+000      0.0000000000E+000   0.0000000000E+000
 Bending                                 0.0000000000E+000   0.0000000000E+000      0.0000000000E+000   0.0000000000E+000
 Torsion                                 0.0000000000E+000   0.0000000000E+000      0.0000000000E+000   0.0000000000E+000

Total                                   -0.6914262540E+006  -0.6424099703E+005     -0.6910716070E+006  -0.6417335047E+005

#########################################################################################################################

No errors found in bookkeeping.

Total simulation time:  17 hours and  23 minutes

Simulation finished.

