 0.0000000   0.1422974641E+000   0.9915373680E+000   0.6795581004E+000   0.1006448066E+001
 0.0101010   0.1425697850E+000   0.9933136549E+000   0.6804160140E+000   0.9949090622E+000
 0.0202020   0.1399480492E+000   0.9940843827E+000   0.6766360170E+000   0.9726409486E+000
 0.0303030   0.1326131907E+000   0.9520636579E+000   0.6677480303E+000   0.9411384560E+000
 0.0404040   0.1289173418E+000   0.9994915203E+000   0.6731947927E+000   0.9904248700E+000
 0.0505051   0.1215970548E+000   0.9777345153E+000   0.6724370311E+000   0.9611456156E+000
 0.0606061   0.1135539584E+000   0.9839826294E+000   0.6752696366E+000   0.9918779150E+000
 0.0707071   0.1036944858E+000   0.9866922195E+000   0.6736877820E+000   0.9835090108E+000
 0.0808081   0.9557856400E-001   0.1000537221E+001   0.6746396432E+000   0.9773772402E+000
 0.0909091   0.8727124867E-001   0.9529869257E+000   0.6735784661E+000   0.9536302762E+000
 0.1010101   0.8062608177E-001   0.9960192308E+000   0.6767051334E+000   0.9786000213E+000
 0.1111111   0.7439928088E-001   0.1000083616E+001   0.6794096282E+000   0.9829909169E+000
 0.1212121   0.7006953500E-001   0.9784470372E+000   0.6837285591E+000   0.9728573174E+000
 0.1313131   0.6601173864E-001   0.1036060951E+001   0.6907013191E+000   0.1011922790E+001
 0.1414141   0.6333908420E-001   0.9942590008E+000   0.6833680520E+000   0.9535608000E+000
 0.1515152   0.6207486136E-001   0.1069531414E+001   0.6899751584E+000   0.9808589902E+000
 0.1616162   0.6084107536E-001   0.9795108022E+000   0.7047609703E+000   0.9918997504E+000
 0.1717172   0.6047768085E-001   0.1015020482E+001   0.7017526015E+000   0.9832628666E+000
 0.1818182   0.6109416162E-001   0.9729335231E+000   0.7087410172E+000   0.9451303598E+000
 0.1919192   0.6287194711E-001   0.9970007045E+000   0.7129493729E+000   0.9647246323E+000
 0.2020202   0.6401351137E-001   0.9799403224E+000   0.7272122222E+000   0.1006573123E+001
 0.2121212   0.6759951616E-001   0.1003022016E+001   0.7302889433E+000   0.9488701642E+000
 0.2222222   0.7020118439E-001   0.9837377627E+000   0.7351573864E+000   0.9836420081E+000
 0.2323232   0.7443768610E-001   0.9876154872E+000   0.7476793188E+000   0.9553076301E+000
 0.2424242   0.7889904042E-001   0.9797897896E+000   0.7609348247E+000   0.9886403242E+000
 0.2525253   0.8476504073E-001   0.9920271014E+000   0.7750304122E+000   0.1000338131E+001
 0.2626263   0.9172442169E-001   0.1029204685E+001   0.7722292333E+000   0.9796421642E+000
 0.2727273   0.9776614598E-001   0.1016142453E+001   0.7944634581E+000   0.9956931507E+000
 0.2828283   0.1058960481E+000   0.1016114354E+001   0.7974690089E+000   0.9712911254E+000
 0.2929293   0.1156469888E+000   0.1007590184E+001   0.8182583881E+000   0.1008359654E+001
 0.3030303   0.1249237203E+000   0.9967638663E+000   0.8269215909E+000   0.1012266201E+001
 0.3131313   0.1397192497E+000   0.1045996115E+001   0.8274745030E+000   0.9663682406E+000
 0.3232323   0.1521845987E+000   0.1001181502E+001   0.8473370499E+000   0.9869590003E+000
 0.3333333   0.1672237745E+000   0.1018936342E+001   0.8591282929E+000   0.9534238326E+000
 0.3434343   0.1817131536E+000   0.1028122856E+001   0.8745636895E+000   0.9978965387E+000
 0.3535354   0.2043250385E+000   0.1040010931E+001   0.8858289087E+000   0.9782188947E+000
 0.3636364   0.2245521336E+000   0.1041191109E+001   0.9075776409E+000   0.1015511732E+001
 0.3737374   0.2489991230E+000   0.1041670806E+001   0.9134132076E+000   0.9924118892E+000
 0.3838384   0.2730703719E+000   0.9927516658E+000   0.9324415966E+000   0.1015587163E+001
 0.3939394   0.3033283775E+000   0.1026952714E+001   0.9432338386E+000   0.9897956141E+000
 0.4040404   0.3383495039E+000   0.1047320803E+001   0.9598851706E+000   0.9676882883E+000
 0.4141414   0.3771931171E+000   0.1025997333E+001   0.9671416483E+000   0.9453983394E+000
 0.4242424   0.4195426820E+000   0.1013956717E+001   0.9965001112E+000   0.1003228341E+001
 0.4343434   0.4677014934E+000   0.1015118830E+001   0.1004968167E+001   0.9751817924E+000
 0.4444444   0.5226812869E+000   0.9918544904E+000   0.1026671190E+001   0.9942976717E+000
 0.4545455   0.5914087325E+000   0.1006662902E+001   0.1038384173E+001   0.1005199479E+001
 0.4646465   0.6588640676E+000   0.1011592349E+001   0.1068426973E+001   0.1009139772E+001
 0.4747475   0.7437045470E+000   0.9722772001E+000   0.1087971563E+001   0.1006716046E+001
 0.4848485   0.8299564691E+000   0.9897490386E+000   0.1088657284E+001   0.9789593125E+000
 0.4949495   0.9359079932E+000   0.9579424649E+000   0.1125081136E+001   0.1016714663E+001
 0.5050505   0.9992978830E+000   0.1055112380E+001   0.1130426870E+001   0.9933845559E+000
 0.5151515   0.9891820315E+000   0.9819434120E+000   0.1131386784E+001   0.1010328808E+001
 0.5252525   0.9997852447E+000   0.9810261655E+000   0.1126009171E+001   0.1005673903E+001
 0.5353535   0.1006943486E+001   0.9914329986E+000   0.1131268788E+001   0.1014449739E+001
 0.5454545   0.1007106082E+001   0.9848858261E+000   0.1135273926E+001   0.1009872250E+001
 0.5555556   0.1007883610E+001   0.9705310198E+000   0.1118408380E+001   0.1010956079E+001
 0.5656566   0.1025996552E+001   0.1008172244E+001   0.1139786699E+001   0.1011142672E+001
 0.5757576   0.1031817582E+001   0.9904053615E+000   0.1137577708E+001   0.1022850403E+001
 0.5858586   0.1036583723E+001   0.9597408299E+000   0.1145339010E+001   0.9982419346E+000
 0.5959596   0.1044562021E+001   0.9748081580E+000   0.1127919904E+001   0.9878959364E+000
 0.6060606   0.1059775292E+001   0.9931430511E+000   0.1133543195E+001   0.9972911032E+000
 0.6161616   0.1088147670E+001   0.9991784121E+000   0.1146532885E+001   0.1006186041E+001
 0.6262626   0.1086802585E+001   0.9864614026E+000   0.1141970451E+001   0.1022098076E+001
 0.6363636   0.1119011735E+001   0.1005605158E+001   0.1137969961E+001   0.9822286638E+000
 0.6464646   0.1138766399E+001   0.9952926592E+000   0.1161047956E+001   0.1053066594E+001
 0.6565657   0.1147381562E+001   0.1005715549E+001   0.1147086208E+001   0.1017991040E+001
 0.6666667   0.1184886471E+001   0.1023362006E+001   0.1155252132E+001   0.1030784585E+001
 0.6767677   0.1203170825E+001   0.9811405704E+000   0.1142851275E+001   0.1033883224E+001
 0.6868687   0.1236062121E+001   0.9970950384E+000   0.1161527550E+001   0.9983610367E+000
 0.6969697   0.1240541277E+001   0.9610334048E+000   0.1146513942E+001   0.9914412075E+000
 0.7070707   0.1288014475E+001   0.1007307182E+001   0.1167756446E+001   0.1000143597E+001
 0.7171717   0.1326889180E+001   0.1000663669E+001   0.1171199799E+001   0.1017199011E+001
 0.7272727   0.1343898981E+001   0.9893857528E+000   0.1168638245E+001   0.1003418904E+001
 0.7373737   0.1392736466E+001   0.1009838140E+001   0.1166868123E+001   0.1028491871E+001
 0.7474747   0.1434239246E+001   0.9950016292E+000   0.1171275619E+001   0.1008313998E+001
 0.7575758   0.1469929632E+001   0.9916015954E+000   0.1168423633E+001   0.1014094418E+001
 0.7676768   0.1502986925E+001   0.9872281162E+000   0.1182058242E+001   0.1010960049E+001
 0.7777778   0.1563287749E+001   0.1000139815E+001   0.1197642083E+001   0.1022788867E+001
 0.7878788   0.1620234043E+001   0.1002156954E+001   0.1192428507E+001   0.1012337662E+001
 0.7979798   0.1662738142E+001   0.9861302304E+000   0.1185879107E+001   0.1001066638E+001
 0.8080808   0.1713000760E+001   0.9950257144E+000   0.1187127364E+001   0.1023233515E+001
 0.8181818   0.1788510027E+001   0.9994533854E+000   0.1197316173E+001   0.1032696173E+001
 0.8282828   0.1861081326E+001   0.1011732846E+001   0.1216100496E+001   0.1048872217E+001
 0.8383838   0.1918933337E+001   0.9888719342E+000   0.1200648382E+001   0.1003121149E+001
 0.8484848   0.2005421597E+001   0.1003726509E+001   0.1214076915E+001   0.1015926604E+001
 0.8585859   0.2104456136E+001   0.1023857760E+001   0.1219122593E+001   0.1027020960E+001
 0.8686869   0.2157638084E+001   0.1014384230E+001   0.1219291460E+001   0.1025158998E+001
 0.8787879   0.2259729280E+001   0.9924746855E+000   0.1229496882E+001   0.1029809933E+001
 0.8888889   0.2363218694E+001   0.9788825787E+000   0.1234029464E+001   0.1006021284E+001
 0.8989899   0.2491003661E+001   0.9988231548E+000   0.1237205933E+001   0.1022145716E+001
 0.9090909   0.2600404802E+001   0.1019630800E+001   0.1239694990E+001   0.1028738015E+001
 0.9191919   0.2714662725E+001   0.9899577774E+000   0.1256058849E+001   0.1021333837E+001
 0.9292929   0.2850325918E+001   0.1022541100E+001   0.1254978661E+001   0.1039338097E+001
 0.9393939   0.2964249405E+001   0.1001057061E+001   0.1248524120E+001   0.1008512502E+001
 0.9494949   0.3141365750E+001   0.1000667683E+001   0.1277575750E+001   0.1027404072E+001
 0.9595960   0.3277069702E+001   0.9639617692E+000   0.1275761894E+001   0.9958380582E+000
 0.9696970   0.3466515055E+001   0.1013557304E+001   0.1291490786E+001   0.1042964755E+001
 0.9797980   0.3631272977E+001   0.9999631897E+000   0.1291952939E+001   0.1009387902E+001
 0.9898990   0.3814725412E+001   0.1013424835E+001   0.1304694716E+001   0.1048572477E+001
 1.0000000   0.3991610754E+001   0.1019941901E+001   0.1315400774E+001   0.1038730677E+001


 0.0000000   0.1102542626E+001   0.9823601572E+000   0.8896278317E+000   0.1010422323E+001
 0.0101010   0.1069195811E+001   0.9843474664E+000   0.8609783163E+000   0.9976202422E+000
 0.0202020   0.1050136609E+001   0.9815881945E+000   0.8616273864E+000   0.1008600643E+001
 0.0303030   0.1033574177E+001   0.9606561287E+000   0.8644831283E+000   0.9901684651E+000
 0.0404040   0.1014618982E+001   0.9894483584E+000   0.8676353650E+000   0.1007582113E+001
 0.0505051   0.9656921011E+000   0.9944581985E+000   0.8664307562E+000   0.1013016958E+001
 0.0606061   0.9068138879E+000   0.9680135272E+000   0.8545800638E+000   0.1002098957E+001
 0.0707071   0.8564215245E+000   0.9948996028E+000   0.8541104346E+000   0.1011994402E+001
 0.0808081   0.7882591595E+000   0.1002193661E+001   0.8503752904E+000   0.1031821524E+001
 0.0909091   0.7380411933E+000   0.1019952762E+001   0.8521517227E+000   0.1022348789E+001
 0.1010101   0.6807218294E+000   0.9872769659E+000   0.8511920636E+000   0.1004629180E+001
 0.1111111   0.6242098262E+000   0.9890287274E+000   0.8541237925E+000   0.9956274655E+000
 0.1212121   0.5665687083E+000   0.9669664290E+000   0.8551803257E+000   0.1018029094E+001
 0.1313131   0.5254045499E+000   0.9843098579E+000   0.8490103054E+000   0.1001106595E+001
 0.1414141   0.4886506536E+000   0.9780589394E+000   0.8579525542E+000   0.9986327338E+000
 0.1515152   0.4519076364E+000   0.9934467294E+000   0.8514776531E+000   0.1036127129E+001
 0.1616162   0.4268306498E+000   0.1005582379E+001   0.8569920453E+000   0.1023029151E+001
 0.1717172   0.4103261976E+000   0.9708262426E+000   0.8595042979E+000   0.9901724909E+000
 0.1818182   0.3951885682E+000   0.1008947345E+001   0.8615854922E+000   0.1033445939E+001
 0.1919192   0.3863015482E+000   0.1028630414E+001   0.8655776573E+000   0.1010772568E+001
 0.2020202   0.3811294523E+000   0.1000564621E+001   0.8629022830E+000   0.1008202088E+001
 0.2121212   0.3798615914E+000   0.1032559507E+001   0.8626638931E+000   0.1022578261E+001
 0.2222222   0.3798524133E+000   0.9983813525E+000   0.8673107640E+000   0.9968875445E+000
 0.2323232   0.3819089378E+000   0.9919225979E+000   0.8699089385E+000   0.9995626962E+000
 0.2424242   0.3918996173E+000   0.1007407378E+001   0.8832599770E+000   0.1001317950E+001
 0.2525253   0.3975529602E+000   0.1018533538E+001   0.8882905308E+000   0.1029631482E+001
 0.2626263   0.4081822602E+000   0.9763329099E+000   0.8926121133E+000   0.1004596973E+001
 0.2727273   0.4257233825E+000   0.1030651373E+001   0.8889832494E+000   0.1015307645E+001
 0.2828283   0.4362108487E+000   0.9995709669E+000   0.9111072613E+000   0.1021028323E+001
 0.2929293   0.4525199471E+000   0.1008690024E+001   0.9139828257E+000   0.1025476845E+001
 0.3030303   0.4673793674E+000   0.9967107461E+000   0.9249486080E+000   0.1024838754E+001
 0.3131313   0.4787003951E+000   0.1004198784E+001   0.9302774022E+000   0.9945404964E+000
 0.3232323   0.5080231069E+000   0.1028242454E+001   0.9348361002E+000   0.1023514262E+001
 0.3333333   0.5327632816E+000   0.1000364703E+001   0.9438068365E+000   0.9970666931E+000
 0.3434343   0.5657361777E+000   0.1062212772E+001   0.9422581394E+000   0.1002050648E+001
 0.3535354   0.5836604164E+000   0.1017850648E+001   0.9557956937E+000   0.1013053191E+001
 0.3636364   0.6141250086E+000   0.9830727382E+000   0.9645155442E+000   0.1033216467E+001
 0.3737374   0.6375303627E+000   0.1012696312E+001   0.9841958892E+000   0.1046924356E+001
 0.3838384   0.6757716043E+000   0.1003009170E+001   0.9724769593E+000   0.1001585667E+001
 0.3939394   0.7095048269E+000   0.9918018550E+000   0.9872055995E+000   0.9991057666E+000
 0.4040404   0.7545155094E+000   0.1033986648E+001   0.9820463082E+000   0.1014929219E+001
 0.4141414   0.7875503597E+000   0.9925124566E+000   0.1011292266E+001   0.1007344590E+001
 0.4242424   0.8448688898E+000   0.1004907407E+001   0.1001163138E+001   0.9786888636E+000
 0.4343434   0.8839142754E+000   0.9836863496E+000   0.1020144044E+001   0.1017185686E+001
 0.4444444   0.9399836555E+000   0.9978093084E+000   0.1031121590E+001   0.1018979185E+001
 0.4545455   0.9954042135E+000   0.1027272552E+001   0.1029340906E+001   0.1005583297E+001
 0.4646465   0.1053671174E+001   0.9894048118E+000   0.1054782469E+001   0.1028445881E+001
 0.4747475   0.1145168870E+001   0.1011053417E+001   0.1068241918E+001   0.1018019029E+001
 0.4848485   0.1205293173E+001   0.9916177716E+000   0.1073906818E+001   0.1006094575E+001
 0.4949495   0.1282694562E+001   0.1037403078E+001   0.1084287815E+001   0.1033417758E+001
 0.5050505   0.1315344415E+001   0.1020766292E+001   0.1077402062E+001   0.1012769371E+001
 0.5151515   0.1319304382E+001   0.9904875390E+000   0.1079717577E+001   0.1027624615E+001
 0.5252525   0.1317134077E+001   0.1002745911E+001   0.1093004561E+001   0.9903516395E+000
 0.5353535   0.1320387802E+001   0.9958734634E+000   0.1088023490E+001   0.9752930917E+000
 0.5454545   0.1327571377E+001   0.1046415248E+001   0.1095426410E+001   0.1002733023E+001
 0.5555556   0.1318028510E+001   0.1005505183E+001   0.1092393930E+001   0.1001722544E+001
 0.5656566   0.1317131560E+001   0.9885002299E+000   0.1091726837E+001   0.1016714666E+001
 0.5757576   0.1321374559E+001   0.1018111928E+001   0.1083609275E+001   0.1010609523E+001
 0.5858586   0.1316540079E+001   0.1005344852E+001   0.1082849742E+001   0.9786445797E+000
 0.5959596   0.1311008802E+001   0.9942582799E+000   0.1085485545E+001   0.1018600759E+001
 0.6060606   0.1333033193E+001   0.1015606018E+001   0.1074400321E+001   0.9879562817E+000
 0.6161616   0.1321943399E+001   0.1004964809E+001   0.1085082876E+001   0.1006716563E+001
 0.6262626   0.1321925536E+001   0.9977637824E+000   0.1083533168E+001   0.9814103122E+000
 0.6363636   0.1320339610E+001   0.9968770150E+000   0.1083603777E+001   0.1014683644E+001
 0.6464646   0.1308460920E+001   0.9913089865E+000   0.1079743794E+001   0.9933911272E+000
 0.6565657   0.1307953129E+001   0.9760676714E+000   0.1095380118E+001   0.9998122965E+000
 0.6666667   0.1307832966E+001   0.9703234771E+000   0.1077428749E+001   0.9859272727E+000
 0.6767677   0.1308816371E+001   0.9908220562E+000   0.1087406863E+001   0.1012487564E+001
 0.6868687   0.1326785728E+001   0.9948283447E+000   0.1082005299E+001   0.9714625320E+000
 0.6969697   0.1318796787E+001   0.1005722916E+001   0.1075660173E+001   0.9829340819E+000
 0.7070707   0.1312469344E+001   0.9717624948E+000   0.1079097587E+001   0.9604559634E+000
 0.7171717   0.1323578125E+001   0.9970314075E+000   0.1079327905E+001   0.9585114965E+000
 0.7272727   0.1319912559E+001   0.1016067216E+001   0.1080317108E+001   0.9900376262E+000
 0.7373737   0.1325462642E+001   0.1021623368E+001   0.1084492207E+001   0.9934756693E+000
 0.7474747   0.1306451583E+001   0.9874273996E+000   0.1074480050E+001   0.9897739356E+000
 0.7575758   0.1326062797E+001   0.9996105547E+000   0.1084433461E+001   0.9796751875E+000
 0.7676768   0.1322788423E+001   0.1006712612E+001   0.1083770968E+001   0.9840431929E+000
 0.7777778   0.1320009385E+001   0.9947194782E+000   0.1075095178E+001   0.9765471319E+000
 0.7878788   0.1313795566E+001   0.1017947638E+001   0.1084067084E+001   0.1007217777E+001
 0.7979798   0.1303842036E+001   0.9958002259E+000   0.1078857008E+001   0.9921149450E+000
 0.8080808   0.1317609819E+001   0.1003371399E+001   0.1080176667E+001   0.9928496556E+000
 0.8181818   0.1312886956E+001   0.9835121631E+000   0.1089162835E+001   0.9746711038E+000
 0.8282828   0.1318308424E+001   0.9808934281E+000   0.1085050048E+001   0.9672877655E+000
 0.8383838   0.1295087132E+001   0.9786349423E+000   0.1071131585E+001   0.9915553572E+000
 0.8484848   0.1314260383E+001   0.9810379237E+000   0.1079771597E+001   0.9607860800E+000
 0.8585859   0.1305767153E+001   0.1013228769E+001   0.1070554371E+001   0.9900899618E+000
 0.8686869   0.1310822183E+001   0.9779579904E+000   0.1075548802E+001   0.9791679352E+000
 0.8787879   0.1323825348E+001   0.1010772344E+001   0.1084121992E+001   0.9794356517E+000
 0.8888889   0.1323913592E+001   0.1006063371E+001   0.1070187507E+001   0.9664101386E+000
 0.8989899   0.1318664616E+001   0.1009256130E+001   0.1079980330E+001   0.9924511002E+000
 0.9090909   0.1309583730E+001   0.1001364296E+001   0.1072823572E+001   0.9735801089E+000
 0.9191919   0.1324442518E+001   0.1010978200E+001   0.1080852363E+001   0.9743087807E+000
 0.9292929   0.1326701174E+001   0.1012751735E+001   0.1081044859E+001   0.9711928027E+000
 0.9393939   0.1314275846E+001   0.1001853205E+001   0.1080391576E+001   0.9903355363E+000
 0.9494949   0.1311006979E+001   0.9832013986E+000   0.1080607757E+001   0.9798664135E+000
 0.9595960   0.1312590371E+001   0.1004962830E+001   0.1075683411E+001   0.9756393114E+000
 0.9696970   0.1310092307E+001   0.9936723800E+000   0.1073023094E+001   0.9707821699E+000
 0.9797980   0.1322006322E+001   0.1013024891E+001   0.1085014990E+001   0.9964024342E+000
 0.9898990   0.1309455766E+001   0.1019501461E+001   0.1086868466E+001   0.1019581044E+001
 1.0000000   0.1302106838E+001   0.9675444114E+000   0.1077918691E+001   0.9534872837E+000


