Compiled using GNU Fortran (Ubuntu 9.4.0-1ubuntu1~20.04.2) 9.4.0 with all optimizations
Last Brick update unknown
Compiled at 18:43:37 on Sep  2 2023
Starting at 16:56:20 on Sep 11 2023

Settings
OK                      

Forcefield
OK                      

Topology
OK                      

Configuration
OK                      Read from ./INPUT/restart.in

 F
Monte Carlo Simulation initialized.

#########################################################################################################################
###########################################   ENERGY STARTING CONFIGURATION   ###########################################
#########################################################################################################################
                                               Box 1               Box 2
-------------------------------------------------------------------------------------------------------------------------
Lennard Jones        
 Intermolecular                         -0.4905170632E+006  -0.4497285647E+005
 Tailcorrection                         -0.1168442180E+005  -0.9698515115E+003
Total Intermolecular                    -0.5022014850E+006  -0.4594270798E+005

Electrostatic        
 Real                                   -0.1495982709E+006  -0.1145326468E+005
 Exclusion                               0.8403352604E+007   0.4560531363E+007
 Selfterm                               -0.8430343329E+007  -0.4565130119E+007
 Fourier                                 0.1200214139E+005   0.3768412209E+004
Total Intermolecular                    -0.1645868545E+006  -0.1228360869E+005

Intramolecular       
 Lennard Jones                           0.0000000000E+000   0.0000000000E+000
 Electrostatic                           0.0000000000E+000   0.0000000000E+000
 Bending                                 0.0000000000E+000   0.0000000000E+000
 Torsion                                 0.0000000000E+000   0.0000000000E+000

Total                                   -0.6667883395E+006  -0.5822631667E+005

#########################################################################################################################

Simulation is running...



#########################################################################################################################
###############################################   RELATIVE ENERGY DRIFTS   ##############################################
#########################################################################################################################
                                               Box 1               Box 2                                                 
-------------------------------------------------------------------------------------------------------------------------

Lennard Jones        
 Intermolecular                          0.4211016917E-014   0.4157529537E-014
 Tailcorrection                          0.0000000000E+000   0.0000000000E+000

Electrostatic        
 Real                                    0.3934009401E-014   0.4761479348E-014
 Exclusion                               0.1990991126E-015   0.0000000000E+000
 Selfterm                                0.0000000000E+000   0.0000000000E+000
 Fourier                                 0.1371591001E-015   0.1481466225E-015

Intramolecular       
 Lennard Jones                           0.0000000000E+000   0.0000000000E+000
 Electrostatic                           0.0000000000E+000   0.0000000000E+000
 Bending                                 0.0000000000E+000   0.0000000000E+000
 Torsion                                 0.0000000000E+000   0.0000000000E+000

Total                                    0.4172131575E-014   0.4132259344E-014

#########################################################################################################################
############################################   TRIAL MOVE ACCEPTANCE RATES   ############################################
#########################################################################################################################
                                               Box 1               Box 2
-------------------------------------------------------------------------------------------------------------------------
Translation
 CO2                                          0.50002             0.52226
 AR                                           0.48879             0.69803
-------------------------------------------------------------------------------------------------------------------------
Rotation
 CO2                                          0.49961             0.78241
 AR                                           0.00000             0.00000
-------------------------------------------------------------------------------------------------------------------------
Lambda Move
 cd                                           0.74518             0.95337
 Ar                                           0.82591             0.97337
-------------------------------------------------------------------------------------------------------------------------
GE Swap Fractional
 cd                                           0.32857             0.39741
 Ar                                           0.41001             0.49838
-------------------------------------------------------------------------------------------------------------------------
GE Identity Change
 cd                                           0.67144             0.87777
 Ar                                           0.75047             0.96527
-------------------------------------------------------------------------------------------------------------------------
Volume                                        0.47657             0.50185

#########################################################################################################################
######################################################   AVERAGES   #####################################################
#########################################################################################################################
                                                       Boltzmann                                    Biased
                                               Box 1               Box 2                  Box 1               Box 2      
-------------------------------------------------------------------------------------------------------------------------
Density
 CO2                                     0.9830658319E+003   0.5257907510E+002      0.9810955210E+003   0.5267721767E+002
 AR                                      0.3180043471E+002   0.3109719565E+002      0.3199755590E+002   0.3113730062E+002
 Total                                   0.1014866267E+004   0.8367627074E+002      0.1013093077E+004   0.8381451829E+002

Number of molecules
 CO2                                     0.5081473005E+003   0.2868526995E+003      0.5082152800E+003   0.2867847200E+003
 AR                                      0.1815887653E+002   0.1868411235E+003      0.1831091000E+002   0.1866890900E+003
 Total                                   0.5263061770E+003   0.4736938230E+003      0.5265261900E+003   0.4734738100E+003

Mole fractions
 CO2                                          0.96550             0.60557                 0.96522             0.60570
 AR                                           0.03450             0.39443                 0.03478             0.39430

Volume                                   0.3779339927E+005   0.3998578197E+006      0.3787438639E+005   0.3990207905E+006

#########################################################################################################################
#######################################   PROPERTIES FROM THE CFC GIBBS ENSEMBLE   ######################################
#########################################################################################################################
                                                       Boltzmann                                    Biased
                                               Box 1               Box 2                  Box 1               Box 2      
Chemical Potentials (as an indication)
=========================================================================================================================

Total cd                                -0.1945139541E+004  -0.1944160376E+004     -0.1945647126E+004  -0.1943688574E+004
 Ideal gas                              -0.1090085501E+004  -0.1830960040E+004     -0.1090593085E+004  -0.1830488237E+004
 Excess                                 -0.8550540404E+003  -0.1132003364E+003     -0.8550540404E+003  -0.1132003364E+003

-------------------------------------------------------------------------------------------------------------------------

Total Ar                                -0.1977505887E+004  -0.1976290038E+004     -0.1975942458E+004  -0.1975963963E+004
 Ideal gas                              -0.1933678039E+004  -0.1939335705E+004     -0.1932114609E+004  -0.1939009630E+004
 Excess                                 -0.4382784846E+002  -0.3695433320E+002     -0.4382784846E+002  -0.3695433320E+002

-------------------------------------------------------------------------------------------------------------------------

#########################################################################################################################
#########################################   PROPERTIES FROM UMBRELLA SAMPLING   #########################################
#########################################################################################################################

Excess Partial Molar Enthalpy
=========================================================================================================================


Partial Molar Volume
=========================================================================================================================


#########################################################################################################################
##################################################   AVERAGE ENERGIES   #################################################
#########################################################################################################################
                                                       Boltzmann                                    Biased
                                               Box 1               Box 2                  Box 1               Box 2      
-------------------------------------------------------------------------------------------------------------------------
Lennard Jones        
 Intermolecular                         -0.5465921156E+006  -0.3988338473E+005     -0.5463436608E+006  -0.3985325593E+005
 Tailcorrection                         -0.1333407829E+005  -0.7976853359E+003     -0.1333102802E+005  -0.7969812774E+003
Total Intermolecular                    -0.5599261939E+006  -0.4068107006E+005     -0.5596746888E+006  -0.4065023721E+005

Electrostatic        
 Real                                   -0.1662471773E+006  -0.8030707037E+004     -0.1658611275E+006  -0.8030090998E+004
 Exclusion                               0.9305970254E+007   0.3895260304E+007      0.9306224228E+007   0.3893570974E+007
 Selfterm                               -0.9335860415E+007  -0.3899188353E+007     -0.9336115161E+007  -0.3897497263E+007
 Fourier                                 0.1361885611E+005   0.3077222893E+004      0.1364286773E+005   0.3078550912E+004
Total Intermolecular                    -0.1825184824E+006  -0.8881532798E+004     -0.1821091929E+006  -0.8877828375E+004

Intramolecular       
 Lennard Jones                           0.0000000000E+000   0.0000000000E+000      0.0000000000E+000   0.0000000000E+000
 Electrostatic                           0.0000000000E+000   0.0000000000E+000      0.0000000000E+000   0.0000000000E+000
 Bending                                 0.0000000000E+000   0.0000000000E+000      0.0000000000E+000   0.0000000000E+000
 Torsion                                 0.0000000000E+000   0.0000000000E+000      0.0000000000E+000   0.0000000000E+000

Total                                   -0.7424446764E+006  -0.4956260286E+005     -0.7417838818E+006  -0.4952806558E+005

#########################################################################################################################

No errors found in bookkeeping.

Total simulation time:  18 hours and  46 minutes

Simulation finished.

