 0.0000000   0.1504981648E+000   0.1010616537E+001   0.5080203586E+000   0.9977269947E+000
 0.0101010   0.1507035792E+000   0.1005113844E+001   0.5103708884E+000   0.9840667773E+000
 0.0202020   0.1473354037E+000   0.9947429150E+000   0.5095240145E+000   0.9823499407E+000
 0.0303030   0.1440255094E+000   0.1007983135E+001   0.5121933545E+000   0.1005750658E+001
 0.0404040   0.1378483806E+000   0.1009595712E+001   0.5058476665E+000   0.9956573836E+000
 0.0505051   0.1305267258E+000   0.1004943029E+001   0.4991895567E+000   0.9910203571E+000
 0.0606061   0.1233619555E+000   0.1013996240E+001   0.5023564902E+000   0.9854719962E+000
 0.0707071   0.1146524732E+000   0.1002899346E+001   0.5053793798E+000   0.1002861825E+001
 0.0808081   0.1072504146E+000   0.1014872685E+001   0.5037120272E+000   0.1013411747E+001
 0.0909091   0.9866174842E-001   0.1003112865E+001   0.4966322152E+000   0.9833651477E+000
 0.1010101   0.9299220947E-001   0.1018559449E+001   0.5018452118E+000   0.1001872097E+001
 0.1111111   0.8703605178E-001   0.9921379817E+000   0.5047665107E+000   0.9930625302E+000
 0.1212121   0.8310020156E-001   0.1005465642E+001   0.5073692441E+000   0.9922727070E+000
 0.1313131   0.7938627727E-001   0.1003430093E+001   0.5090284987E+000   0.9928841830E+000
 0.1414141   0.7726329037E-001   0.1011521451E+001   0.5155197215E+000   0.1012171156E+001
 0.1515152   0.7539586460E-001   0.1014398876E+001   0.5206517694E+000   0.9881570031E+000
 0.1616162   0.7509331612E-001   0.1001823616E+001   0.5284222674E+000   0.1010585630E+001
 0.1717172   0.7594045164E-001   0.1011222525E+001   0.5361873860E+000   0.1005399843E+001
 0.1818182   0.7674536533E-001   0.1001654834E+001   0.5423275378E+000   0.1006158308E+001
 0.1919192   0.7988003335E-001   0.1020725143E+001   0.5519511717E+000   0.1010564071E+001
 0.2020202   0.8261596362E-001   0.1024261426E+001   0.5638951302E+000   0.9910458353E+000
 0.2121212   0.8556391369E-001   0.1026360014E+001   0.5761900077E+000   0.9967353060E+000
 0.2222222   0.8905585165E-001   0.1004180461E+001   0.5799639685E+000   0.9948185639E+000
 0.2323232   0.9370833479E-001   0.9845733040E+000   0.5894276952E+000   0.1005893727E+001
 0.2424242   0.9966409863E-001   0.9917780494E+000   0.6018220537E+000   0.9879531777E+000
 0.2525253   0.1082028301E+000   0.1025060598E+001   0.6151234155E+000   0.9885607340E+000
 0.2626263   0.1140750947E+000   0.1003706651E+001   0.6332575880E+000   0.9871574749E+000
 0.2727273   0.1221661759E+000   0.9840059532E+000   0.6457014170E+000   0.1002808909E+001
 0.2828283   0.1320747588E+000   0.1007637437E+001   0.6643116812E+000   0.9909164846E+000
 0.2929293   0.1453482756E+000   0.1006187540E+001   0.6765351785E+000   0.1000502155E+001
 0.3030303   0.1552690846E+000   0.9958125442E+000   0.7093895026E+000   0.1017662681E+001
 0.3131313   0.1676137523E+000   0.9925975562E+000   0.7097488124E+000   0.9798060437E+000
 0.3232323   0.1857344251E+000   0.1015671857E+001   0.7406205302E+000   0.9970528032E+000
 0.3333333   0.1989704469E+000   0.9938013974E+000   0.7532505866E+000   0.9944422710E+000
 0.3434343   0.2199169196E+000   0.1000101228E+001   0.7718835328E+000   0.9938327548E+000
 0.3535354   0.2409179071E+000   0.1001825650E+001   0.7866421411E+000   0.1005978001E+001
 0.3636364   0.2661732546E+000   0.1005607988E+001   0.8184586965E+000   0.1009639018E+001
 0.3737374   0.2945690198E+000   0.1005815407E+001   0.8335894884E+000   0.9866616306E+000
 0.3838384   0.3209963491E+000   0.9959711584E+000   0.8635041224E+000   0.9960317166E+000
 0.3939394   0.3547718714E+000   0.1003968975E+001   0.8920174352E+000   0.1007204873E+001
 0.4040404   0.3964344324E+000   0.1009130037E+001   0.9026008797E+000   0.9862265419E+000
 0.4141414   0.4375816965E+000   0.9956681646E+000   0.9450582099E+000   0.1006360174E+001
 0.4242424   0.4755871868E+000   0.9899763547E+000   0.9826927805E+000   0.1017613684E+001
 0.4343434   0.5311860696E+000   0.9954810812E+000   0.1001351356E+001   0.1007538049E+001
 0.4444444   0.5969780844E+000   0.1021686996E+001   0.1015322524E+001   0.9888899903E+000
 0.4545455   0.6569956428E+000   0.9974434236E+000   0.1050400707E+001   0.1003420385E+001
 0.4646465   0.7338959398E+000   0.1007283605E+001   0.1095017103E+001   0.1008488581E+001
 0.4747475   0.8090708062E+000   0.1001671102E+001   0.1129836708E+001   0.1000656984E+001
 0.4848485   0.9005603467E+000   0.1007405616E+001   0.1156672772E+001   0.9881726819E+000
 0.4949495   0.1014207043E+001   0.1006929773E+001   0.1199232715E+001   0.9936112907E+000
 0.5050505   0.1082786388E+001   0.1006512903E+001   0.1222423048E+001   0.1000072946E+001
 0.5151515   0.1086824027E+001   0.1008904317E+001   0.1225066818E+001   0.1002003407E+001
 0.5252525   0.1081928138E+001   0.1006728455E+001   0.1205673779E+001   0.1002362061E+001
 0.5353535   0.1073449310E+001   0.9831193404E+000   0.1226677780E+001   0.1017188395E+001
 0.5454545   0.1090942050E+001   0.1015562047E+001   0.1219073549E+001   0.9967059081E+000
 0.5555556   0.1094755431E+001   0.9918349879E+000   0.1222319783E+001   0.1000996040E+001
 0.5656566   0.1099619575E+001   0.9933031861E+000   0.1223542420E+001   0.1004225887E+001
 0.5757576   0.1105333458E+001   0.9989217894E+000   0.1234173923E+001   0.1005811413E+001
 0.5858586   0.1099357325E+001   0.9837517637E+000   0.1221694240E+001   0.1000923525E+001
 0.5959596   0.1126267859E+001   0.1001559259E+001   0.1229378075E+001   0.1006807022E+001
 0.6060606   0.1127585806E+001   0.9784036179E+000   0.1225742653E+001   0.1002403218E+001
 0.6161616   0.1152495829E+001   0.1004459052E+001   0.1232024851E+001   0.9919081732E+000
 0.6262626   0.1170075811E+001   0.9938074979E+000   0.1232752273E+001   0.1005695782E+001
 0.6363636   0.1182061617E+001   0.1001215595E+001   0.1233579141E+001   0.1001621235E+001
 0.6464646   0.1198326194E+001   0.9956152932E+000   0.1227358570E+001   0.9955064744E+000
 0.6565657   0.1214395852E+001   0.9879367386E+000   0.1236898984E+001   0.9867086672E+000
 0.6666667   0.1241320575E+001   0.1002795636E+001   0.1241015149E+001   0.1005201897E+001
 0.6767677   0.1257334728E+001   0.9927968407E+000   0.1240225422E+001   0.9856013469E+000
 0.6868687   0.1295863600E+001   0.1002718363E+001   0.1239327508E+001   0.1004196489E+001
 0.6969697   0.1316362763E+001   0.1000019888E+001   0.1244345863E+001   0.9854896349E+000
 0.7070707   0.1339738301E+001   0.9889962002E+000   0.1265839039E+001   0.9994203129E+000
 0.7171717   0.1375655331E+001   0.1007545929E+001   0.1266539555E+001   0.1010785535E+001
 0.7272727   0.1397792757E+001   0.9989461916E+000   0.1265640422E+001   0.9979896158E+000
 0.7373737   0.1423997324E+001   0.9893052946E+000   0.1270230698E+001   0.1003175403E+001
 0.7474747   0.1463168406E+001   0.1006449864E+001   0.1276015659E+001   0.1004894199E+001
 0.7575758   0.1500221992E+001   0.1007706576E+001   0.1283581201E+001   0.1011636114E+001
 0.7676768   0.1536615080E+001   0.9985537231E+000   0.1286311590E+001   0.1003543856E+001
 0.7777778   0.1574660362E+001   0.9838717411E+000   0.1297580982E+001   0.1002681518E+001
 0.7878788   0.1636585153E+001   0.1003446361E+001   0.1306452074E+001   0.1012498452E+001
 0.7979798   0.1696514585E+001   0.1005134179E+001   0.1316896302E+001   0.1012508251E+001
 0.8080808   0.1723528532E+001   0.9925955227E+000   0.1307438042E+001   0.1001170467E+001
 0.8181818   0.1772471651E+001   0.9871985725E+000   0.1313178353E+001   0.9962316223E+000
 0.8282828   0.1836425466E+001   0.9866291882E+000   0.1328230086E+001   0.1000749097E+001
 0.8383838   0.1904957563E+001   0.9915909660E+000   0.1337139398E+001   0.1005305770E+001
 0.8484848   0.1967699954E+001   0.9963127890E+000   0.1323296226E+001   0.9928234274E+000
 0.8585859   0.2027185925E+001   0.9877252530E+000   0.1352789672E+001   0.9979543383E+000
 0.8686869   0.2109018150E+001   0.1006824031E+001   0.1358436653E+001   0.1014601381E+001
 0.8787879   0.2181084323E+001   0.9986411643E+000   0.1359605177E+001   0.1007116679E+001
 0.8888889   0.2275538048E+001   0.9970448546E+000   0.1390961174E+001   0.1006573798E+001
 0.8989899   0.2373709062E+001   0.9989827949E+000   0.1384648177E+001   0.1002409098E+001
 0.9090909   0.2432883251E+001   0.9934089289E+000   0.1382243302E+001   0.1000210136E+001
 0.9191919   0.2542796767E+001   0.9784056514E+000   0.1406843018E+001   0.1003195001E+001
 0.9292929   0.2644513681E+001   0.9862794235E+000   0.1403768271E+001   0.9855013941E+000
 0.9393939   0.2737545131E+001   0.9906453813E+000   0.1431292827E+001   0.1024718173E+001
 0.9494949   0.2877532967E+001   0.9832840552E+000   0.1432677050E+001   0.1005170539E+001
 0.9595960   0.2980669177E+001   0.9843862206E+000   0.1439128544E+001   0.1001925013E+001
 0.9696970   0.3134380130E+001   0.9816470752E+000   0.1441724366E+001   0.9971801940E+000
 0.9797980   0.3275498535E+001   0.9827878774E+000   0.1451390134E+001   0.9990185418E+000
 0.9898990   0.3511941040E+001   0.9985293209E+000   0.1493894879E+001   0.1009298002E+001
 1.0000000   0.3510982029E+001   0.9867410315E+000   0.1468119290E+001   0.9977916700E+000


 0.0000000   0.9458847057E+000   0.9804072938E+000   0.7995331093E+000   0.9854568316E+000
 0.0101010   0.9515806687E+000   0.1002211769E+001   0.7943111457E+000   0.9939569841E+000
 0.0202020   0.9471636898E+000   0.9853528045E+000   0.7962778665E+000   0.9818280651E+000
 0.0303030   0.9268235809E+000   0.9786683235E+000   0.7893168911E+000   0.9614368155E+000
 0.0404040   0.8931440743E+000   0.9933199016E+000   0.7876317536E+000   0.9893868391E+000
 0.0505051   0.8642963853E+000   0.1010671407E+001   0.7836170935E+000   0.9912636506E+000
 0.0606061   0.8369111373E+000   0.1001723249E+001   0.7861118540E+000   0.9853478298E+000
 0.0707071   0.7869309332E+000   0.1008007666E+001   0.7815442664E+000   0.9991771757E+000
 0.0808081   0.7355558409E+000   0.1017500635E+001   0.7770538309E+000   0.1021419473E+001
 0.0909091   0.6820471774E+000   0.1018718919E+001   0.7668485079E+000   0.1016490613E+001
 0.1010101   0.6456152493E+000   0.9862092222E+000   0.7689491306E+000   0.9786729607E+000
 0.1111111   0.6038036780E+000   0.1027868114E+001   0.7717015661E+000   0.1000895439E+001
 0.1212121   0.5506552134E+000   0.9853226489E+000   0.7564397932E+000   0.9876091201E+000
 0.1313131   0.5145587319E+000   0.1005311760E+001   0.7564671054E+000   0.9953621154E+000
 0.1414141   0.4847656710E+000   0.9919508395E+000   0.7500863580E+000   0.9802604222E+000
 0.1515152   0.4590130643E+000   0.9966128881E+000   0.7542926871E+000   0.9883344771E+000
 0.1616162   0.4328898463E+000   0.9927228217E+000   0.7564452607E+000   0.9831836502E+000
 0.1717172   0.4247197049E+000   0.1008789700E+001   0.7672353765E+000   0.9984260548E+000
 0.1818182   0.4130241347E+000   0.9909898826E+000   0.7651070006E+000   0.9851337901E+000
 0.1919192   0.4031217084E+000   0.9856905467E+000   0.7683743142E+000   0.9966879727E+000
 0.2020202   0.4057848680E+000   0.1015759654E+001   0.7743842985E+000   0.1011417078E+001
 0.2121212   0.3993299288E+000   0.9954508941E+000   0.7766742088E+000   0.9847473294E+000
 0.2222222   0.3987406811E+000   0.9707253508E+000   0.7828037384E+000   0.9890538884E+000
 0.2323232   0.4065095325E+000   0.9770720896E+000   0.7895248224E+000   0.9663280201E+000
 0.2424242   0.4127191538E+000   0.9736805950E+000   0.7957947919E+000   0.9865349577E+000
 0.2525253   0.4268615638E+000   0.1017575018E+001   0.8177390928E+000   0.1008884275E+001
 0.2626263   0.4362135268E+000   0.9955071844E+000   0.8192500660E+000   0.1010440026E+001
 0.2727273   0.4481167119E+000   0.1002611833E+001   0.8221831186E+000   0.9955583185E+000
 0.2828283   0.4623896038E+000   0.9731257329E+000   0.8414015751E+000   0.1005554767E+001
 0.2929293   0.4788130449E+000   0.9943994705E+000   0.8494093657E+000   0.9863684823E+000
 0.3030303   0.4970593965E+000   0.9804836878E+000   0.8639466484E+000   0.9988323339E+000
 0.3131313   0.5181595264E+000   0.9779506214E+000   0.8615393648E+000   0.1015824712E+001
 0.3232323   0.5448219319E+000   0.1001882068E+001   0.8784691619E+000   0.1018958016E+001
 0.3333333   0.5700095593E+000   0.1004974018E+001   0.8869744160E+000   0.9981426503E+000
 0.3434343   0.5887697625E+000   0.9896952042E+000   0.9003911787E+000   0.1010225987E+001
 0.3535354   0.6067926402E+000   0.9899706249E+000   0.9180214576E+000   0.9977641170E+000
 0.3636364   0.6450082345E+000   0.9918905284E+000   0.9271881331E+000   0.1015866330E+001
 0.3737374   0.6857832708E+000   0.1022534602E+001   0.9390520676E+000   0.1003146820E+001
 0.3838384   0.7049403236E+000   0.1000426560E+001   0.9544294944E+000   0.1005219835E+001
 0.3939394   0.7377590954E+000   0.9846994342E+000   0.9737031965E+000   0.1026425625E+001
 0.4040404   0.7867314513E+000   0.9916955225E+000   0.9842765853E+000   0.1007927041E+001
 0.4141414   0.8204935756E+000   0.9872666769E+000   0.9977487105E+000   0.1013434601E+001
 0.4242424   0.8693204665E+000   0.9879682961E+000   0.1013298309E+001   0.1012681498E+001
 0.4343434   0.9071108238E+000   0.9631804314E+000   0.1032674426E+001   0.1004123872E+001
 0.4444444   0.9648916290E+000   0.9801178005E+000   0.1041258508E+001   0.9936636704E+000
 0.4545455   0.1020599341E+001   0.1009404874E+001   0.1066065219E+001   0.9957644309E+000
 0.4646465   0.1073318545E+001   0.9739761195E+000   0.1080043085E+001   0.9927559833E+000
 0.4747475   0.1143301249E+001   0.9863680415E+000   0.1092908191E+001   0.1015852457E+001
 0.4848485   0.1201962389E+001   0.1001721239E+001   0.1107248015E+001   0.1020416657E+001
 0.4949495   0.1286640964E+001   0.9814225307E+000   0.1136160248E+001   0.1027032071E+001
 0.5050505   0.1327315887E+001   0.1024160991E+001   0.1136792061E+001   0.1004000997E+001
 0.5151515   0.1320379715E+001   0.1005520838E+001   0.1140810503E+001   0.1008331339E+001
 0.5252525   0.1329740006E+001   0.1004547819E+001   0.1122556188E+001   0.9866756690E+000
 0.5353535   0.1335056980E+001   0.9992525041E+000   0.1137209471E+001   0.1002625594E+001
 0.5454545   0.1320157863E+001   0.1024253468E+001   0.1137956653E+001   0.1000239447E+001
 0.5555556   0.1309068535E+001   0.9945261238E+000   0.1141626127E+001   0.9966027532E+000
 0.5656566   0.1314988978E+001   0.9891825597E+000   0.1133097211E+001   0.1003202312E+001
 0.5757576   0.1319175340E+001   0.1011278539E+001   0.1142860938E+001   0.1008000370E+001
 0.5858586   0.1317130257E+001   0.9899243864E+000   0.1150733478E+001   0.1016034788E+001
 0.5959596   0.1320037349E+001   0.9933802128E+000   0.1142279170E+001   0.1006387144E+001
 0.6060606   0.1323478511E+001   0.1014099088E+001   0.1128163642E+001   0.9960141439E+000
 0.6161616   0.1327156452E+001   0.1014736376E+001   0.1127117838E+001   0.9999203693E+000
 0.6262626   0.1313473218E+001   0.1004189973E+001   0.1139629543E+001   0.1005618187E+001
 0.6363636   0.1325694859E+001   0.1007955397E+001   0.1140742881E+001   0.9973736927E+000
 0.6464646   0.1317505592E+001   0.1007484970E+001   0.1140376966E+001   0.1015523470E+001
 0.6565657   0.1318647607E+001   0.1024203209E+001   0.1146780773E+001   0.1016034788E+001
 0.6666667   0.1318482654E+001   0.1000778375E+001   0.1137810766E+001   0.9986975681E+000
 0.6767677   0.1321958703E+001   0.9834731083E+000   0.1135576264E+001   0.1011631118E+001
 0.6868687   0.1329618654E+001   0.1021585707E+001   0.1143553635E+001   0.1002209405E+001
 0.6969697   0.1317899970E+001   0.9958509577E+000   0.1130839162E+001   0.9832668879E+000
 0.7070707   0.1321054767E+001   0.1019597451E+001   0.1141469748E+001   0.1009355955E+001
 0.7171717   0.1324076532E+001   0.1005050412E+001   0.1134622229E+001   0.9904689290E+000
 0.7272727   0.1309396244E+001   0.9945944764E+000   0.1127107908E+001   0.9937270896E+000
 0.7373737   0.1317797765E+001   0.9996787026E+000   0.1130838212E+001   0.9942661526E+000
 0.7474747   0.1327650882E+001   0.1013473863E+001   0.1138598059E+001   0.1003497608E+001
 0.7575758   0.1330093605E+001   0.1014479048E+001   0.1144793623E+001   0.1011010799E+001
 0.7676768   0.1312894623E+001   0.1000794458E+001   0.1133537929E+001   0.9979028465E+000
 0.7777778   0.1323284846E+001   0.1003317473E+001   0.1137073817E+001   0.9982060695E+000
 0.7878788   0.1318891656E+001   0.1004899634E+001   0.1131347721E+001   0.9986301853E+000
 0.7979798   0.1324366455E+001   0.1024695750E+001   0.1139913023E+001   0.1020083706E+001
 0.8080808   0.1331818899E+001   0.1011712779E+001   0.1139183682E+001   0.1003868214E+001
 0.8181818   0.1315135719E+001   0.1010034120E+001   0.1131219796E+001   0.9962420566E+000
 0.8282828   0.1321299540E+001   0.1002318319E+001   0.1131345290E+001   0.9980217575E+000
 0.8383838   0.1322441539E+001   0.1008628871E+001   0.1135202387E+001   0.1006593257E+001
 0.8484848   0.1317135963E+001   0.1002674154E+001   0.1127366721E+001   0.9932078450E+000
 0.8585859   0.1328333038E+001   0.1006031473E+001   0.1139280836E+001   0.9967157186E+000
 0.8686869   0.1322920478E+001   0.1001383497E+001   0.1144229142E+001   0.9972151447E+000
 0.8787879   0.1319191816E+001   0.9963374673E+000   0.1122856085E+001   0.9816060980E+000
 0.8888889   0.1314341634E+001   0.9980462820E+000   0.1129931742E+001   0.9982694886E+000
 0.8989899   0.1320884407E+001   0.1009390801E+001   0.1139313141E+001   0.1005978883E+001
 0.9090909   0.1316995249E+001   0.9975557517E+000   0.1135472741E+001   0.9936418700E+000
 0.9191919   0.1326135250E+001   0.1012126915E+001   0.1132678190E+001   0.1004900757E+001
 0.9292929   0.1309400826E+001   0.1016718601E+001   0.1130881428E+001   0.1020351256E+001
 0.9393939   0.1318710401E+001   0.1018958153E+001   0.1123027397E+001   0.1002469028E+001
 0.9494949   0.1323502488E+001   0.9926363758E+000   0.1138668782E+001   0.9858928385E+000
 0.9595960   0.1327574311E+001   0.1004101517E+001   0.1135412382E+001   0.9889032679E+000
 0.9696970   0.1305758719E+001   0.9969767651E+000   0.1132385723E+001   0.1001602960E+001
 0.9797980   0.1330258187E+001   0.1005850539E+001   0.1136153968E+001   0.9895929515E+000
 0.9898990   0.1319402058E+001   0.1006628552E+001   0.1132667530E+001   0.1005374419E+001
 1.0000000   0.1320826991E+001   0.1019336103E+001   0.1145001090E+001   0.1014736676E+001


