 0.0000000   0.1554211077E+000   0.1065139228E+001   0.5460514154E+000   0.9988822362E+000
 0.0101010   0.1528712751E+000   0.1030144908E+001   0.5517869065E+000   0.9803332539E+000
 0.0202020   0.1492753214E+000   0.1020937258E+001   0.5429693434E+000   0.9703423769E+000
 0.0303030   0.1470941926E+000   0.1018437820E+001   0.5494440376E+000   0.9695205052E+000
 0.0404040   0.1412582746E+000   0.1061591427E+001   0.5482503071E+000   0.9969541401E+000
 0.0505051   0.1333308444E+000   0.1028183877E+001   0.5458285506E+000   0.9782125316E+000
 0.0606061   0.1239194617E+000   0.1023117153E+001   0.5436925711E+000   0.9739564106E+000
 0.0707071   0.1173140265E+000   0.1013454265E+001   0.5486982794E+000   0.9804249806E+000
 0.0808081   0.1071990851E+000   0.1020225947E+001   0.5450173866E+000   0.9760496149E+000
 0.0909091   0.9870339683E-001   0.1042668361E+001   0.5447343385E+000   0.9866385503E+000
 0.1010101   0.9273392440E-001   0.1056001616E+001   0.5459832480E+000   0.9807019954E+000
 0.1111111   0.8529376899E-001   0.1035719399E+001   0.5428736024E+000   0.9919605361E+000
 0.1212121   0.8156011467E-001   0.1035949207E+001   0.5546027301E+000   0.9865816798E+000
 0.1313131   0.7683601607E-001   0.1005997535E+001   0.5575800669E+000   0.9926411485E+000
 0.1414141   0.7257976447E-001   0.9801430156E+000   0.5502847515E+000   0.9703937438E+000
 0.1515152   0.7255462471E-001   0.9899503551E+000   0.5582903384E+000   0.9690820514E+000
 0.1616162   0.7073880056E-001   0.9849624223E+000   0.5662534621E+000   0.9713880618E+000
 0.1717172   0.7238682423E-001   0.1012830500E+001   0.5729713910E+000   0.9827144802E+000
 0.1818182   0.7237302530E-001   0.9864725906E+000   0.5814050234E+000   0.9846297346E+000
 0.1919192   0.7454920596E-001   0.1017636774E+001   0.5895750970E+000   0.9727089269E+000
 0.2020202   0.7598594582E-001   0.9799460371E+000   0.6005703681E+000   0.9873962133E+000
 0.2121212   0.7879503608E-001   0.1011766816E+001   0.6008398469E+000   0.9756276719E+000
 0.2222222   0.8246904125E-001   0.9710054029E+000   0.6218563643E+000   0.1001938571E+001
 0.2323232   0.8793501861E-001   0.1007245065E+001   0.6308983596E+000   0.9976677741E+000
 0.2424242   0.9424140181E-001   0.1004640572E+001   0.6386124362E+000   0.9777392216E+000
 0.2525253   0.9905034727E-001   0.9947019137E+000   0.6543835044E+000   0.9750277790E+000
 0.2626263   0.1064651620E+000   0.9969540343E+000   0.6642500220E+000   0.9923843136E+000
 0.2727273   0.1119388313E+000   0.9737412151E+000   0.6805646014E+000   0.1002070658E+001
 0.2828283   0.1225614542E+000   0.9858313163E+000   0.6933821278E+000   0.9951893175E+000
 0.2929293   0.1311779589E+000   0.9781097600E+000   0.7095782410E+000   0.1002199075E+001
 0.3030303   0.1432091921E+000   0.9932836686E+000   0.7237240593E+000   0.9955543899E+000
 0.3131313   0.1580422152E+000   0.9819355197E+000   0.7454467064E+000   0.9707092838E+000
 0.3232323   0.1704721039E+000   0.9748486718E+000   0.7552688500E+000   0.9601130103E+000
 0.3333333   0.1898680049E+000   0.1016693466E+001   0.7743102414E+000   0.9732134240E+000
 0.3434343   0.2087164079E+000   0.1000644098E+001   0.7913552803E+000   0.9771448323E+000
 0.3535354   0.2298524690E+000   0.9935069109E+000   0.8053750949E+000   0.9797498718E+000
 0.3636364   0.2511654829E+000   0.9851462689E+000   0.8347150083E+000   0.9770659473E+000
 0.3737374   0.2727312795E+000   0.9724236479E+000   0.8579697326E+000   0.9897187344E+000
 0.3838384   0.3022908223E+000   0.9693573496E+000   0.8741453062E+000   0.1010947972E+001
 0.3939394   0.3352837923E+000   0.9813336410E+000   0.8997103237E+000   0.9941326254E+000
 0.4040404   0.3728117354E+000   0.1009157945E+001   0.9245467037E+000   0.9919898886E+000
 0.4141414   0.4120571940E+000   0.1002322792E+001   0.9494529517E+000   0.9760697948E+000
 0.4242424   0.4586964776E+000   0.1002322792E+001   0.9771645909E+000   0.9892013956E+000
 0.4343434   0.5105260190E+000   0.9807580261E+000   0.9962784423E+000   0.1004870158E+001
 0.4444444   0.5634692748E+000   0.9687598482E+000   0.1019595579E+001   0.9965413697E+000
 0.4545455   0.6356476924E+000   0.1000939565E+001   0.1066541784E+001   0.1000626879E+001
 0.4646465   0.7040253087E+000   0.9823798156E+000   0.1078792292E+001   0.9827364946E+000
 0.4747475   0.7926654139E+000   0.9992718143E+000   0.1119136685E+001   0.9977521627E+000
 0.4848485   0.8816478385E+000   0.9931742362E+000   0.1142179293E+001   0.1006812931E+001
 0.4949495   0.9796494634E+000   0.9813642821E+000   0.1176761816E+001   0.9948407559E+000
 0.5050505   0.1027692174E+001   0.9824192113E+000   0.1193912423E+001   0.1006264405E+001
 0.5151515   0.1044131105E+001   0.9774969380E+000   0.1205839400E+001   0.9991078840E+000
 0.5252525   0.1045264529E+001   0.9920952318E+000   0.1198218169E+001   0.1006521240E+001
 0.5353535   0.1061450366E+001   0.1001186883E+001   0.1185409601E+001   0.9887849562E+000
 0.5454545   0.1060597248E+001   0.1006273305E+001   0.1206380135E+001   0.1015141719E+001
 0.5555556   0.1056246609E+001   0.9611105174E+000   0.1214437407E+001   0.1007928328E+001
 0.5656566   0.1066083589E+001   0.9749405951E+000   0.1200277541E+001   0.9968514061E+000
 0.5757576   0.1078006714E+001   0.9960172922E+000   0.1200664159E+001   0.9934061496E+000
 0.5858586   0.1080088785E+001   0.9996723372E+000   0.1205822006E+001   0.1001786305E+001
 0.5959596   0.1106150369E+001   0.9937432851E+000   0.1204718537E+001   0.1002079831E+001
 0.6060606   0.1109870720E+001   0.9938592835E+000   0.1204364070E+001   0.1014385891E+001
 0.6161616   0.1123549858E+001   0.9868052654E+000   0.1201376235E+001   0.1005712210E+001
 0.6262626   0.1127118170E+001   0.9742883775E+000   0.1219066791E+001   0.1004086812E+001
 0.6363636   0.1164923018E+001   0.1016700032E+001   0.1224999398E+001   0.9973522341E+000
 0.6464646   0.1173256955E+001   0.9883767159E+000   0.1214074129E+001   0.1020892986E+001
 0.6565657   0.1205434647E+001   0.1019788217E+001   0.1222103864E+001   0.1004875662E+001
 0.6666667   0.1210370497E+001   0.9827190563E+000   0.1220107341E+001   0.1012380744E+001
 0.6767677   0.1233964647E+001   0.9876260090E+000   0.1211463385E+001   0.9942738846E+000
 0.6868687   0.1270247272E+001   0.9803049756E+000   0.1224451014E+001   0.9924375151E+000
 0.6969697   0.1291198297E+001   0.9936557391E+000   0.1235476459E+001   0.1028247636E+001
 0.7070707   0.1327301930E+001   0.1013657809E+001   0.1238752463E+001   0.1017601830E+001
 0.7171717   0.1352939807E+001   0.9915524467E+000   0.1248998192E+001   0.1007623795E+001
 0.7272727   0.1371619812E+001   0.9915261829E+000   0.1238996909E+001   0.1009968331E+001
 0.7373737   0.1401702442E+001   0.9894316451E+000   0.1240460409E+001   0.1008621782E+001
 0.7474747   0.1456113509E+001   0.1004544272E+001   0.1256675962E+001   0.1029739113E+001
 0.7575758   0.1488276171E+001   0.9964440789E+000   0.1264926683E+001   0.1015664561E+001
 0.7676768   0.1515926245E+001   0.9969671662E+000   0.1256276718E+001   0.1011993657E+001
 0.7777778   0.1572845158E+001   0.1008282485E+001   0.1259863229E+001   0.1020329784E+001
 0.7878788   0.1607519549E+001   0.9951177571E+000   0.1269325405E+001   0.1012178945E+001
 0.7979798   0.1674496111E+001   0.9933515168E+000   0.1274933484E+001   0.1017352334E+001
 0.8080808   0.1730913107E+001   0.1004515819E+001   0.1288670497E+001   0.1019185034E+001
 0.8181818   0.1800372211E+001   0.1022355503E+001   0.1286296862E+001   0.1013211788E+001
 0.8282828   0.1848563926E+001   0.9995016226E+000   0.1294324382E+001   0.1004721561E+001
 0.8383838   0.1904899554E+001   0.9910972075E+000   0.1300229331E+001   0.1011883585E+001
 0.8484848   0.1964649077E+001   0.9870832239E+000   0.1312897924E+001   0.1016890031E+001
 0.8585859   0.2029944446E+001   0.9981928100E+000   0.1307721308E+001   0.1030351848E+001
 0.8686869   0.2103800511E+001   0.9887225226E+000   0.1319387235E+001   0.1016069994E+001
 0.8787879   0.2210747371E+001   0.9941810150E+000   0.1328314133E+001   0.1010157288E+001
 0.8888889   0.2292633158E+001   0.9908608334E+000   0.1341382123E+001   0.1005488396E+001
 0.8989899   0.2397934516E+001   0.1014745568E+001   0.1342292339E+001   0.1034308940E+001
 0.9090909   0.2494923467E+001   0.1001237222E+001   0.1365996476E+001   0.1035446351E+001
 0.9191919   0.2604125476E+001   0.1012815179E+001   0.1358561710E+001   0.1022270722E+001
 0.9292929   0.2715062364E+001   0.9983679020E+000   0.1374332260E+001   0.1022195506E+001
 0.9393939   0.2865809871E+001   0.1025413047E+001   0.1400264918E+001   0.1040181286E+001
 0.9494949   0.2950804493E+001   0.1004822230E+001   0.1398861777E+001   0.1044703414E+001
 0.9595960   0.3136041240E+001   0.1006978050E+001   0.1410586554E+001   0.1027493642E+001
 0.9696970   0.3281652195E+001   0.1016562147E+001   0.1417307286E+001   0.1036499374E+001
 0.9797980   0.3380899015E+001   0.1000676927E+001   0.1412917171E+001   0.1012369737E+001
 0.9898990   0.3590257788E+001   0.1014835303E+001   0.1437621847E+001   0.1025860906E+001
 1.0000000   0.3730138470E+001   0.1013951088E+001   0.1465962890E+001   0.1035969194E+001


 0.0000000   0.1025257201E+001   0.1046279315E+001   0.8109279578E+000   0.1020402528E+001
 0.0101010   0.1024437820E+001   0.1050630855E+001   0.8100233319E+000   0.1009086345E+001
 0.0202020   0.1011367416E+001   0.1062526781E+001   0.8091214641E+000   0.1028798706E+001
 0.0303030   0.9949858713E+000   0.1043183027E+001   0.8169273839E+000   0.1024619275E+001
 0.0404040   0.9514392964E+000   0.1014129845E+001   0.8080436186E+000   0.9944676645E+000
 0.0505051   0.9222954111E+000   0.1023832836E+001   0.8030174740E+000   0.9933966853E+000
 0.0606061   0.8701673545E+000   0.1018073697E+001   0.7877217337E+000   0.9904337671E+000
 0.0707071   0.8141326961E+000   0.1021219337E+001   0.7917394377E+000   0.1025815264E+001
 0.0808081   0.7604312938E+000   0.1021423181E+001   0.7874082456E+000   0.1028302399E+001
 0.0909091   0.7191257155E+000   0.1044689329E+001   0.7866830018E+000   0.9979250244E+000
 0.1010101   0.6710666416E+000   0.1043607882E+001   0.7879077405E+000   0.1015596182E+001
 0.1111111   0.6031504901E+000   0.9970734391E+000   0.7704669186E+000   0.1002815332E+001
 0.1212121   0.5667242834E+000   0.1004714383E+001   0.7815359337E+000   0.1005526365E+001
 0.1313131   0.5250808672E+000   0.1026615847E+001   0.7779787499E+000   0.9845806976E+000
 0.1414141   0.4956741521E+000   0.1014895871E+001   0.7730402714E+000   0.1011256290E+001
 0.1515152   0.4594315434E+000   0.9647866426E+000   0.7773989822E+000   0.1005265150E+001
 0.1616162   0.4358773308E+000   0.9890956157E+000   0.7727451059E+000   0.1017575814E+001
 0.1717172   0.4183953749E+000   0.9866559209E+000   0.7777981955E+000   0.1015219287E+001
 0.1818182   0.4047228926E+000   0.1019541376E+001   0.7871851722E+000   0.1025246190E+001
 0.1919192   0.3947577249E+000   0.9802509174E+000   0.7829905003E+000   0.1005341649E+001
 0.2020202   0.3946357647E+000   0.9722730939E+000   0.7905355850E+000   0.1007782138E+001
 0.2121212   0.3864511687E+000   0.9487237092E+000   0.7872804470E+000   0.1009830806E+001
 0.2222222   0.4018494538E+000   0.1005770082E+001   0.7988412359E+000   0.9943183991E+000
 0.2323232   0.3953065398E+000   0.9586391267E+000   0.8114852184E+000   0.1006520846E+001
 0.2424242   0.4120327990E+000   0.9649218236E+000   0.8091849914E+000   0.9836515205E+000
 0.2525253   0.4179658158E+000   0.9706981282E+000   0.8227078552E+000   0.1022490378E+001
 0.2626263   0.4276615506E+000   0.9897543547E+000   0.8274435336E+000   0.1010640571E+001
 0.2727273   0.4396854999E+000   0.1001935663E+001   0.8307269487E+000   0.1005364039E+001
 0.2828283   0.4529760749E+000   0.9595296045E+000   0.8421945479E+000   0.9843325439E+000
 0.2929293   0.4654382847E+000   0.9641300493E+000   0.8577875338E+000   0.1028787512E+001
 0.3030303   0.4860979004E+000   0.9916018281E+000   0.8621844254E+000   0.9691821058E+000
 0.3131313   0.5040301198E+000   0.9721422044E+000   0.8756011014E+000   0.9837037634E+000
 0.3232323   0.5254958329E+000   0.9764186439E+000   0.8796117862E+000   0.9816345718E+000
 0.3333333   0.5412007245E+000   0.9682777450E+000   0.8834408404E+000   0.9841702178E+000
 0.3434343   0.5710177984E+000   0.9763800208E+000   0.9108495524E+000   0.9849296055E+000
 0.3535354   0.5912842634E+000   0.9612891030E+000   0.9215779059E+000   0.9998692062E+000
 0.3636364   0.6354867745E+000   0.9798925805E+000   0.9326096812E+000   0.1018273630E+001
 0.3737374   0.6646217925E+000   0.9853212769E+000   0.9354496721E+000   0.1002220136E+001
 0.3838384   0.6863404131E+000   0.9554076576E+000   0.9542802391E+000   0.9813733574E+000
 0.3939394   0.7356840687E+000   0.1011939055E+001   0.9521166907E+000   0.9824723239E+000
 0.4040404   0.7689979263E+000   0.9678164131E+000   0.9868243655E+000   0.9894859318E+000
 0.4141414   0.8111987833E+000   0.9865593630E+000   0.1002693984E+001   0.9955442412E+000
 0.4242424   0.8536498803E+000   0.1009883446E+001   0.1004519980E+001   0.9831794687E+000
 0.4343434   0.9097112941E+000   0.9819524811E+000   0.1024245774E+001   0.9901781501E+000
 0.4444444   0.9605478776E+000   0.1001830522E+001   0.1030124457E+001   0.9698649950E+000
 0.4545455   0.1011590971E+001   0.1015453761E+001   0.1050250361E+001   0.9667378849E+000
 0.4646465   0.1083099245E+001   0.9889046457E+000   0.1062750256E+001   0.9760520459E+000
 0.4747475   0.1141013366E+001   0.9962666447E+000   0.1081906342E+001   0.9943855686E+000
 0.4848485   0.1209473189E+001   0.1001276924E+001   0.1091773097E+001   0.9801717709E+000
 0.4949495   0.1281137207E+001   0.1032718303E+001   0.1116097698E+001   0.1004725929E+001
 0.5050505   0.1314132301E+001   0.1013561227E+001   0.1123375943E+001   0.9941952552E+000
 0.5151515   0.1324878619E+001   0.1014056891E+001   0.1129754710E+001   0.9896557212E+000
 0.5252525   0.1322003200E+001   0.1013608433E+001   0.1115958015E+001   0.9977440401E+000
 0.5353535   0.1330148914E+001   0.1023397252E+001   0.1125400948E+001   0.9978280019E+000
 0.5454545   0.1307675694E+001   0.9920073710E+000   0.1119605141E+001   0.9862935181E+000
 0.5555556   0.1328193781E+001   0.1025002258E+001   0.1127990475E+001   0.9873943504E+000
 0.5656566   0.1320513891E+001   0.1011029266E+001   0.1133305553E+001   0.9986079136E+000
 0.5757576   0.1320410062E+001   0.1023558182E+001   0.1138885212E+001   0.9819200419E+000
 0.5858586   0.1326897849E+001   0.1006626228E+001   0.1132162604E+001   0.1031481752E+001
 0.5959596   0.1318262115E+001   0.9999787573E+000   0.1124060474E+001   0.9936784237E+000
 0.6060606   0.1324008652E+001   0.1013046252E+001   0.1120928297E+001   0.9897490121E+000
 0.6161616   0.1303896484E+001   0.9812422445E+000   0.1135193788E+001   0.1018835241E+001
 0.6262626   0.1302230436E+001   0.1002004326E+001   0.1123962383E+001   0.1006018941E+001
 0.6363636   0.1322813743E+001   0.1017129576E+001   0.1132179238E+001   0.1011315997E+001
 0.6464646   0.1321849436E+001   0.1037078426E+001   0.1126665518E+001   0.1013349738E+001
 0.6565657   0.1321429487E+001   0.9763027745E+000   0.1122972015E+001   0.9571158641E+000
 0.6666667   0.1305257807E+001   0.9796801532E+000   0.1132350066E+001   0.9845359180E+000
 0.6767677   0.1302989125E+001   0.1004122162E+001   0.1134508525E+001   0.1008351213E+001
 0.6868687   0.1314420318E+001   0.1014591177E+001   0.1130588496E+001   0.1030270836E+001
 0.6969697   0.1319278204E+001   0.9886257008E+000   0.1131086129E+001   0.9957569444E+000
 0.7070707   0.1316008745E+001   0.9917863608E+000   0.1125403036E+001   0.9938183601E+000
 0.7171717   0.1309795971E+001   0.9768091667E+000   0.1127174455E+001   0.9771659389E+000
 0.7272727   0.1323189946E+001   0.1020983306E+001   0.1134882834E+001   0.1014722979E+001
 0.7373737   0.1306213203E+001   0.1000515190E+001   0.1132198233E+001   0.1018549771E+001
 0.7474747   0.1305246214E+001   0.9954619960E+000   0.1124064536E+001   0.9967906073E+000
 0.7575758   0.1312345279E+001   0.9986870279E+000   0.1120174570E+001   0.9978727815E+000
 0.7676768   0.1316455371E+001   0.9998371391E+000   0.1139695685E+001   0.1013159424E+001
 0.7777778   0.1320208445E+001   0.1013423900E+001   0.1129979092E+001   0.1002714578E+001
 0.7878788   0.1305572486E+001   0.9996247119E+000   0.1134303641E+001   0.1011347715E+001
 0.7979798   0.1318634721E+001   0.1023766318E+001   0.1128168717E+001   0.1010278602E+001
 0.8080808   0.1301512606E+001   0.9734081850E+000   0.1120834617E+001   0.9694321254E+000
 0.8181818   0.1311260651E+001   0.9902714756E+000   0.1128472268E+001   0.9939713571E+000
 0.8282828   0.1320708301E+001   0.1013374549E+001   0.1140548048E+001   0.1019010628E+001
 0.8383838   0.1301143663E+001   0.9722387622E+000   0.1115414571E+001   0.9697119980E+000
 0.8484848   0.1322243398E+001   0.9953847497E+000   0.1133197891E+001   0.9963670668E+000
 0.8585859   0.1315634696E+001   0.9978029872E+000   0.1127709908E+001   0.9858662459E+000
 0.8686869   0.1302492714E+001   0.9980948065E+000   0.1123555374E+001   0.9994437998E+000
 0.8787879   0.1311856436E+001   0.1001523683E+001   0.1129994974E+001   0.9962196672E+000
 0.8888889   0.1314381026E+001   0.1022148438E+001   0.1128057264E+001   0.1016465653E+001
 0.8989899   0.1310037221E+001   0.1005289439E+001   0.1126176215E+001   0.1022865407E+001
 0.9090909   0.1311152783E+001   0.1025783304E+001   0.1130537475E+001   0.1023660245E+001
 0.9191919   0.1312128914E+001   0.1018580089E+001   0.1129708104E+001   0.1019839051E+001
 0.9292929   0.1315726534E+001   0.9676318803E+000   0.1127616066E+001   0.9706654307E+000
 0.9393939   0.1315355494E+001   0.9947882369E+000   0.1136407435E+001   0.9963633351E+000
 0.9494949   0.1325850127E+001   0.9961615039E+000   0.1147743652E+001   0.1019755089E+001
 0.9595960   0.1314611376E+001   0.9891728619E+000   0.1129198711E+001   0.9895400405E+000
 0.9696970   0.1323257452E+001   0.1024257690E+001   0.1129754043E+001   0.1008920287E+001
 0.9797980   0.1308745477E+001   0.9818108629E+000   0.1126880771E+001   0.9939396382E+000
 0.9898990   0.1326226874E+001   0.1026452772E+001   0.1144395436E+001   0.1024626739E+001
 1.0000000   0.1316510004E+001   0.9773455992E+000   0.1129061525E+001   0.9792724469E+000


