Compiled using GNU Fortran (Ubuntu 9.4.0-1ubuntu1~20.04.2) 9.4.0 with all optimizations
Last Brick update unknown
Compiled at 18:43:37 on Sep  2 2023
Starting at 16:56:21 on Sep 11 2023

Settings
OK                      

Forcefield
OK                      

Topology
OK                      

Configuration
OK                      Read from ./INPUT/restart.in

 F
Monte Carlo Simulation initialized.

#########################################################################################################################
###########################################   ENERGY STARTING CONFIGURATION   ###########################################
#########################################################################################################################
                                               Box 1               Box 2
-------------------------------------------------------------------------------------------------------------------------
Lennard Jones        
 Intermolecular                         -0.4798634952E+006  -0.6732361784E+005
 Tailcorrection                         -0.1203449897E+005  -0.1681165655E+004
Total Intermolecular                    -0.4918979942E+006  -0.6900478350E+005

Electrostatic        
 Real                                   -0.1249751031E+006  -0.7888260908E+004
 Exclusion                               0.8220273026E+007   0.2194042745E+007
 Selfterm                               -0.8246675718E+007  -0.2196255828E+007
 Fourier                                 0.1454251500E+005   0.2077846726E+004
Total Intermolecular                    -0.1368352799E+006  -0.8023496827E+004

Intramolecular       
 Lennard Jones                           0.0000000000E+000   0.0000000000E+000
 Electrostatic                           0.0000000000E+000   0.0000000000E+000
 Bending                                 0.0000000000E+000   0.0000000000E+000
 Torsion                                 0.0000000000E+000   0.0000000000E+000

Total                                   -0.6287332740E+006  -0.7702828032E+005

#########################################################################################################################

Simulation is running...



#########################################################################################################################
###############################################   RELATIVE ENERGY DRIFTS   ##############################################
#########################################################################################################################
                                               Box 1               Box 2                                                 
-------------------------------------------------------------------------------------------------------------------------

Lennard Jones        
 Intermolecular                          0.1033423822E-013   0.1623428476E-014
 Tailcorrection                          0.0000000000E+000   0.0000000000E+000

Electrostatic        
 Real                                    0.9634711602E-014   0.3326189479E-014
 Exclusion                               0.1173891779E-015   0.1938298674E-015
 Selfterm                                0.0000000000E+000   0.0000000000E+000
 Fourier                                 0.0000000000E+000   0.3882312445E-015

Intramolecular       
 Lennard Jones                           0.0000000000E+000   0.0000000000E+000
 Electrostatic                           0.0000000000E+000   0.0000000000E+000
 Bending                                 0.0000000000E+000   0.0000000000E+000
 Torsion                                 0.0000000000E+000   0.0000000000E+000

Total                                    0.8252313328E-014   0.5772386924E-014

#########################################################################################################################
############################################   TRIAL MOVE ACCEPTANCE RATES   ############################################
#########################################################################################################################
                                               Box 1               Box 2
-------------------------------------------------------------------------------------------------------------------------
Translation
 CO2                                          0.50526             0.49177
 AR                                           0.51177             0.51092
-------------------------------------------------------------------------------------------------------------------------
Rotation
 CO2                                          0.50312             0.63253
 AR                                           0.00000             0.00000
-------------------------------------------------------------------------------------------------------------------------
Lambda Move
 cd                                           0.75548             0.91872
 Ar                                           0.83443             0.94993
-------------------------------------------------------------------------------------------------------------------------
GE Swap Fractional
 cd                                           0.37264             0.36542
 Ar                                           0.47914             0.44407
-------------------------------------------------------------------------------------------------------------------------
GE Identity Change
 cd                                           0.80927             0.76986
 Ar                                           0.95652             0.87674
-------------------------------------------------------------------------------------------------------------------------
Volume                                        0.49120             0.50793

#########################################################################################################################
######################################################   AVERAGES   #####################################################
#########################################################################################################################
                                                       Boltzmann                                    Biased
                                               Box 1               Box 2                  Box 1               Box 2      
-------------------------------------------------------------------------------------------------------------------------
Density
 CO2                                     0.8407844984E+003   0.9468291441E+002      0.8388976236E+003   0.9448954651E+002
 AR                                      0.1317728083E+003   0.1369928311E+003      0.1321357796E+003   0.1370893991E+003
 Total                                   0.9725573067E+003   0.2316757455E+003      0.9710334032E+003   0.2315789456E+003

Number of molecules
 CO2                                     0.4096759110E+003   0.2003240890E+003      0.4105452700E+003   0.1994547300E+003
 AR                                      0.7112705265E+002   0.3188729474E+003      0.7163577000E+002   0.3183642300E+003
 Total                                   0.4808029636E+003   0.5191970364E+003      0.4821810400E+003   0.5178189600E+003

Mole fractions
 CO2                                          0.85207             0.38583                 0.85143             0.38518
 AR                                           0.14793             0.61417                 0.14857             0.61482

Volume                                   0.3567891464E+005   0.1550198397E+006      0.3583542860E+005   0.1546629503E+006

#########################################################################################################################
#######################################   PROPERTIES FROM THE CFC GIBBS ENSEMBLE   ######################################
#########################################################################################################################
                                                       Boltzmann                                    Biased
                                               Box 1               Box 2                  Box 1               Box 2      
Chemical Potentials (as an indication)
=========================================================================================================================

Total cd                                -0.1934899194E+004  -0.1931642703E+004     -0.1935467611E+004  -0.1932159925E+004
 Ideal gas                              -0.1129639700E+004  -0.1682141559E+004     -0.1130208116E+004  -0.1682658781E+004
 Excess                                 -0.8052594948E+003  -0.2495011434E+003     -0.8052594948E+003  -0.2495011434E+003

-------------------------------------------------------------------------------------------------------------------------

Total Ar                                -0.1644584047E+004  -0.1643192263E+004     -0.1643888110E+004  -0.1643013983E+004
 Ideal gas                              -0.1574013408E+004  -0.1564184533E+004     -0.1573317471E+004  -0.1564006253E+004
 Excess                                 -0.7057063879E+002  -0.7900772993E+002     -0.7057063879E+002  -0.7900772993E+002

-------------------------------------------------------------------------------------------------------------------------

#########################################################################################################################
#########################################   PROPERTIES FROM UMBRELLA SAMPLING   #########################################
#########################################################################################################################

Excess Partial Molar Enthalpy
=========================================================================================================================


Partial Molar Volume
=========================================================================================================================


#########################################################################################################################
##################################################   AVERAGE ENERGIES   #################################################
#########################################################################################################################
                                                       Boltzmann                                    Biased
                                               Box 1               Box 2                  Box 1               Box 2      
-------------------------------------------------------------------------------------------------------------------------
Lennard Jones        
 Intermolecular                         -0.4429143627E+006  -0.8924071955E+005     -0.4434108780E+006  -0.8878369188E+005
 Tailcorrection                         -0.1093995262E+005  -0.2081583321E+004     -0.1095383411E+005  -0.2071500807E+004
Total Intermolecular                    -0.4538543153E+006  -0.9132230287E+005     -0.4543647121E+006  -0.9085519269E+005

Electrostatic        
 Real                                   -0.1169714902E+006  -0.1008997204E+005     -0.1169341193E+006  -0.1002311530E+005
 Exclusion                               0.7503753114E+007   0.2720732721E+007      0.7517785792E+007   0.2708396064E+007
 Selfterm                               -0.7527854818E+007  -0.2723476390E+007     -0.7541932398E+007  -0.2711127256E+007
 Fourier                                 0.1249820291E+005   0.2642156937E+004      0.1254583594E+005   0.2630729573E+004
Total Intermolecular                    -0.1285749921E+006  -0.1019148433E+005     -0.1285348894E+006  -0.1012357724E+005

Intramolecular       
 Lennard Jones                           0.0000000000E+000   0.0000000000E+000      0.0000000000E+000   0.0000000000E+000
 Electrostatic                           0.0000000000E+000   0.0000000000E+000      0.0000000000E+000   0.0000000000E+000
 Bending                                 0.0000000000E+000   0.0000000000E+000      0.0000000000E+000   0.0000000000E+000
 Torsion                                 0.0000000000E+000   0.0000000000E+000      0.0000000000E+000   0.0000000000E+000

Total                                   -0.5824293074E+006  -0.1015137872E+006     -0.5828996015E+006  -0.1009787699E+006

#########################################################################################################################

No errors found in bookkeeping.

Total simulation time:  15 hours and  20 minutes

Simulation finished.

