 0.0000000   0.1430088381E+000   0.9868624357E+000   0.7527550010E+000   0.9939887520E+000
 0.0101010   0.1422599823E+000   0.9994010365E+000   0.7542319072E+000   0.1001365277E+001
 0.0202020   0.1395983522E+000   0.9625268888E+000   0.7568195664E+000   0.9951803127E+000
 0.0303030   0.1343143162E+000   0.1013098473E+001   0.7540130844E+000   0.1032674204E+001
 0.0404040   0.1283481462E+000   0.9806124492E+000   0.7530246835E+000   0.9949944540E+000
 0.0505051   0.1207735664E+000   0.9899970859E+000   0.7492564805E+000   0.9872111054E+000
 0.0606061   0.1118949138E+000   0.9903891586E+000   0.7606219695E+000   0.1013285013E+001
 0.0707071   0.1019637609E+000   0.9830479353E+000   0.7573391362E+000   0.1013638145E+001
 0.0808081   0.9285105593E-001   0.1006531738E+001   0.7629475155E+000   0.1031823384E+001
 0.0909091   0.8439403386E-001   0.9936783202E+000   0.7560762368E+000   0.1011473924E+001
 0.1010101   0.7826829890E-001   0.9978810305E+000   0.7599622511E+000   0.9983708867E+000
 0.1111111   0.7064568576E-001   0.9681202018E+000   0.7596968799E+000   0.1008690174E+001
 0.1212121   0.6564816396E-001   0.9596587708E+000   0.7699981920E+000   0.1009154820E+001
 0.1313131   0.6269328417E-001   0.9748800760E+000   0.7686384320E+000   0.1026061765E+001
 0.1414141   0.5864524442E-001   0.1005869270E+001   0.7690578394E+000   0.1018220594E+001
 0.1515152   0.5781440364E-001   0.9809967964E+000   0.7763859114E+000   0.1022939339E+001
 0.1616162   0.5634860627E-001   0.1035796199E+001   0.7793279350E+000   0.1043334232E+001
 0.1717172   0.5637486171E-001   0.9984121635E+000   0.7867737387E+000   0.1008566268E+001
 0.1818182   0.5712986955E-001   0.1017457626E+001   0.7937137694E+000   0.1025987422E+001
 0.1919192   0.5782551388E-001   0.9979911199E+000   0.7920531673E+000   0.1026022528E+001
 0.2020202   0.5974959704E-001   0.1011817960E+001   0.8019267486E+000   0.1004931698E+001
 0.2121212   0.6171269422E-001   0.1007613318E+001   0.8026586303E+000   0.1020011033E+001
 0.2222222   0.6564320537E-001   0.1003543874E+001   0.8172322603E+000   0.1031119186E+001
 0.2323232   0.6851106955E-001   0.9747526041E+000   0.8236370929E+000   0.1047216613E+001
 0.2424242   0.7335687799E-001   0.1011754224E+001   0.8303963423E+000   0.1011535877E+001
 0.2525253   0.8082236357E-001   0.1041851115E+001   0.8230731743E+000   0.9908270893E+000
 0.2626263   0.8521969194E-001   0.1024039812E+001   0.8400743620E+000   0.1017576284E+001
 0.2727273   0.9165559158E-001   0.1009708879E+001   0.8388425271E+000   0.9990895403E+000
 0.2828283   0.9895526373E-001   0.1018147133E+001   0.8582524213E+000   0.1016694488E+001
 0.2929293   0.1084075511E+000   0.9854699016E+000   0.8798880589E+000   0.1041488036E+001
 0.3030303   0.1207471684E+000   0.1029465094E+001   0.8735191990E+000   0.1027065402E+001
 0.3131313   0.1277094920E+000   0.9923726988E+000   0.8870261640E+000   0.1032500736E+001
 0.3232323   0.1426430163E+000   0.1001316978E+001   0.8863679892E+000   0.9926546997E+000
 0.3333333   0.1558328915E+000   0.1023881438E+001   0.8994805409E+000   0.1012182252E+001
 0.3434343   0.1722745147E+000   0.1004109772E+001   0.9070465755E+000   0.9790002818E+000
 0.3535354   0.1881640025E+000   0.1006817584E+001   0.9200776831E+000   0.9922623314E+000
 0.3636364   0.2117863773E+000   0.1009353503E+001   0.9230287022E+000   0.9858522719E+000
 0.3737374   0.2315168374E+000   0.1018218595E+001   0.9439428149E+000   0.1004630194E+001
 0.3838384   0.2597512208E+000   0.1007200000E+001   0.9578470803E+000   0.1008828535E+001
 0.3939394   0.2893391205E+000   0.1010552897E+001   0.9730318983E+000   0.1008907009E+001
 0.4040404   0.3209755216E+000   0.1007055145E+001   0.9830615198E+000   0.9889003543E+000
 0.4141414   0.3591529498E+000   0.9822502702E+000   0.9927304993E+000   0.1019149887E+001
 0.4242424   0.3999997889E+000   0.9927473890E+000   0.1000513204E+001   0.1006036525E+001
 0.4343434   0.4519597305E+000   0.9894543646E+000   0.1012126663E+001   0.1021351280E+001
 0.4444444   0.5049678943E+000   0.9972765047E+000   0.1010163986E+001   0.9541344553E+000
 0.4545455   0.5751781618E+000   0.1014647450E+001   0.1035225286E+001   0.1003380811E+001
 0.4646465   0.6379565828E+000   0.9976357437E+000   0.1044618786E+001   0.9740647013E+000
 0.4747475   0.7190073447E+000   0.1009598789E+001   0.1057933802E+001   0.9936108393E+000
 0.4848485   0.8025806834E+000   0.1008868723E+001   0.1073149747E+001   0.1001741124E+001
 0.4949495   0.9221725360E+000   0.1027637996E+001   0.1096271731E+001   0.1010813093E+001
 0.5050505   0.9673731307E+000   0.9985473610E+000   0.1092941701E+001   0.1015606182E+001
 0.5151515   0.9848183178E+000   0.1017641108E+001   0.1106098543E+001   0.1006620947E+001
 0.5252525   0.9901650563E+000   0.1027520182E+001   0.1095625914E+001   0.9991081261E+000
 0.5353535   0.9837547759E+000   0.1006829172E+001   0.1097594117E+001   0.1020254714E+001
 0.5454545   0.9802907421E+000   0.9982537893E+000   0.1101254598E+001   0.9981561167E+000
 0.5555556   0.9890502482E+000   0.9959245298E+000   0.1089160628E+001   0.9851583995E+000
 0.5656566   0.9960101050E+000   0.9978404713E+000   0.1098780952E+001   0.1009914776E+001
 0.5757576   0.1004469691E+001   0.9953431807E+000   0.1101253194E+001   0.9940176633E+000
 0.5858586   0.1022675352E+001   0.1012351024E+001   0.1104361201E+001   0.9840287917E+000
 0.5959596   0.1037363433E+001   0.9945088190E+000   0.1096777467E+001   0.9740750268E+000
 0.6060606   0.1044850838E+001   0.9857750617E+000   0.1106272973E+001   0.9957110425E+000
 0.6161616   0.1056508710E+001   0.1011024157E+001   0.1098883589E+001   0.1006406177E+001
 0.6262626   0.1073370438E+001   0.9775434664E+000   0.1097984097E+001   0.9862756167E+000
 0.6363636   0.1089751649E+001   0.9928999690E+000   0.1098344904E+001   0.1001156702E+001
 0.6464646   0.1113284207E+001   0.9924750626E+000   0.1105311032E+001   0.9979041749E+000
 0.6565657   0.1128143862E+001   0.9992639076E+000   0.1105244152E+001   0.9908704563E+000
 0.6666667   0.1160779413E+001   0.1013956011E+001   0.1103909257E+001   0.9824366024E+000
 0.6767677   0.1177344463E+001   0.9848364049E+000   0.1102979116E+001   0.9991762743E+000
 0.6868687   0.1207956828E+001   0.1017428655E+001   0.1107138395E+001   0.1012238009E+001
 0.6969697   0.1225366257E+001   0.1001799826E+001   0.1117421623E+001   0.9955871367E+000
 0.7070707   0.1263101844E+001   0.9919999400E+000   0.1119311499E+001   0.9917109506E+000
 0.7171717   0.1302935186E+001   0.1000119515E+001   0.1115071925E+001   0.9981478563E+000
 0.7272727   0.1329394354E+001   0.9921023039E+000   0.1113390832E+001   0.9774989567E+000
 0.7373737   0.1371418827E+001   0.1017795620E+001   0.1117029758E+001   0.1001739059E+001
 0.7474747   0.1397191826E+001   0.9985222529E+000   0.1112783630E+001   0.9810096207E+000
 0.7575758   0.1451455934E+001   0.1004154194E+001   0.1128287508E+001   0.9990750846E+000
 0.7676768   0.1498479460E+001   0.9971509641E+000   0.1126555388E+001   0.9847288594E+000
 0.7777778   0.1548920892E+001   0.9919690378E+000   0.1132263873E+001   0.9848527652E+000
 0.7878788   0.1599716517E+001   0.1008241020E+001   0.1135352372E+001   0.9984225141E+000
 0.7979798   0.1650644370E+001   0.9855278434E+000   0.1137363060E+001   0.9838821699E+000
 0.8080808   0.1707034495E+001   0.9851396335E+000   0.1140417405E+001   0.9763321772E+000
 0.8181818   0.1788878282E+001   0.9935682308E+000   0.1140020065E+001   0.9828186452E+000
 0.8282828   0.1845953650E+001   0.1002253703E+001   0.1143608850E+001   0.9910377291E+000
 0.8383838   0.1909398963E+001   0.9765854956E+000   0.1145795379E+001   0.9713738806E+000
 0.8484848   0.2001113153E+001   0.1015242319E+001   0.1152498503E+001   0.9936067092E+000
 0.8585859   0.2120555944E+001   0.1000314585E+001   0.1170158376E+001   0.9878801967E+000
 0.8686869   0.2189463605E+001   0.1011201845E+001   0.1174768966E+001   0.1015172512E+001
 0.8787879   0.2306008599E+001   0.1014270828E+001   0.1167010405E+001   0.9932907494E+000
 0.8888889   0.2389407911E+001   0.9780456285E+000   0.1179420792E+001   0.9760926260E+000
 0.8989899   0.2483184316E+001   0.9712548520E+000   0.1160541358E+001   0.9586260401E+000
 0.9090909   0.2649724634E+001   0.1007161372E+001   0.1183431620E+001   0.9933671580E+000
 0.9191919   0.2757069367E+001   0.9847166585E+000   0.1189967601E+001   0.9770528959E+000
 0.9292929   0.2885151634E+001   0.9789089610E+000   0.1181970991E+001   0.9650071882E+000
 0.9393939   0.3031716953E+001   0.1001782444E+001   0.1193420415E+001   0.9821557492E+000
 0.9494949   0.3234254890E+001   0.1009714673E+001   0.1209680879E+001   0.9910831613E+000
 0.9595960   0.3381260689E+001   0.1009873047E+001   0.1202246109E+001   0.1000694120E+001
 0.9696970   0.3547184839E+001   0.9805641644E+000   0.1210646207E+001   0.9756713463E+000
 0.9797980   0.3780775577E+001   0.1017673942E+001   0.1217679703E+001   0.9944327477E+000
 0.9898990   0.4053552168E+001   0.1023244078E+001   0.1234724632E+001   0.9931317370E+000
 1.0000000   0.4083172966E+001   0.9667701584E+000   0.1231405257E+001   0.9648626314E+000


 0.0000000   0.1146066067E+001   0.1018034191E+001   0.8969487017E+000   0.9875223335E+000
 0.0101010   0.1129839402E+001   0.1031797407E+001   0.8911635658E+000   0.1005320443E+001
 0.0202020   0.1125173930E+001   0.1016706785E+001   0.8950066235E+000   0.9869506122E+000
 0.0303030   0.1103193460E+001   0.1040538963E+001   0.8951649056E+000   0.1006348733E+001
 0.0404040   0.1060364415E+001   0.1043037959E+001   0.8878489836E+000   0.1005932568E+001
 0.0505051   0.1016609454E+001   0.1031878275E+001   0.8877764116E+000   0.9973042228E+000
 0.0606061   0.9630507457E+000   0.1034387133E+001   0.8901868746E+000   0.1007229548E+001
 0.0707071   0.8993230931E+000   0.1042022187E+001   0.8959894046E+000   0.1027140803E+001
 0.0808081   0.8352369794E+000   0.1034765828E+001   0.8944456729E+000   0.1014421519E+001
 0.0909091   0.7713340978E+000   0.1044187852E+001   0.8862215811E+000   0.1003564874E+001
 0.1010101   0.7013125158E+000   0.1029460146E+001   0.8814305632E+000   0.9946153144E+000
 0.1111111   0.6344860263E+000   0.1009085537E+001   0.8940491911E+000   0.1006500249E+001
 0.1212121   0.5830279381E+000   0.1029004528E+001   0.8862473450E+000   0.1012282110E+001
 0.1313131   0.5340406751E+000   0.1005811399E+001   0.8867274621E+000   0.9929102515E+000
 0.1414141   0.4867686206E+000   0.1031582419E+001   0.8820408493E+000   0.1012177058E+001
 0.1515152   0.4573971898E+000   0.1054454051E+001   0.8881061306E+000   0.1003350731E+001
 0.1616162   0.4262485322E+000   0.1028558772E+001   0.8912144035E+000   0.9995971688E+000
 0.1717172   0.4063401796E+000   0.1027462132E+001   0.8915451018E+000   0.1012183119E+001
 0.1818182   0.4001551032E+000   0.1030377299E+001   0.9013599479E+000   0.1006405299E+001
 0.1919192   0.3777013749E+000   0.9960264582E+000   0.9043930150E+000   0.1014575055E+001
 0.2020202   0.3724275201E+000   0.1015756101E+001   0.9011142499E+000   0.1000568893E+001
 0.2121212   0.3667828773E+000   0.9902237381E+000   0.9080943978E+000   0.1008019452E+001
 0.2222222   0.3753896321E+000   0.1005906072E+001   0.9052745812E+000   0.9965809852E+000
 0.2323232   0.3784408491E+000   0.1021134761E+001   0.9102780663E+000   0.9934718717E+000
 0.2424242   0.3803010311E+000   0.1018000661E+001   0.9197853477E+000   0.9987648395E+000
 0.2525253   0.3823471805E+000   0.9837089914E+000   0.9220942830E+000   0.9968617954E+000
 0.2626263   0.3923866848E+000   0.9783934473E+000   0.9217042015E+000   0.1004075989E+001
 0.2727273   0.4052219494E+000   0.1005440593E+001   0.9318560523E+000   0.9998193926E+000
 0.2828283   0.4189355007E+000   0.9900758101E+000   0.9333730895E+000   0.1013251814E+001
 0.2929293   0.4314779654E+000   0.1002746332E+001   0.9359188314E+000   0.1006817423E+001
 0.3030303   0.4513740642E+000   0.9766755108E+000   0.9492993785E+000   0.1020987223E+001
 0.3131313   0.4632479633E+000   0.9472536290E+000   0.9518953078E+000   0.1016882143E+001
 0.3232323   0.4842460662E+000   0.9665138472E+000   0.9464905995E+000   0.9903950817E+000
 0.3333333   0.5104808958E+000   0.9728017710E+000   0.9652900427E+000   0.1005803275E+001
 0.3434343   0.5380240764E+000   0.9868332296E+000   0.9579357994E+000   0.1002920425E+001
 0.3535354   0.5705024796E+000   0.1009941547E+001   0.9662053234E+000   0.1001807286E+001
 0.3636364   0.5944324244E+000   0.1001156599E+001   0.9741287837E+000   0.9929142919E+000
 0.3737374   0.6132098145E+000   0.9622180198E+000   0.9802657411E+000   0.1002110318E+001
 0.3838384   0.6700920498E+000   0.1008977057E+001   0.9766129978E+000   0.9834273542E+000
 0.3939394   0.6927499585E+000   0.9790798330E+000   0.9864695584E+000   0.9956516855E+000
 0.4040404   0.7377069305E+000   0.9685158054E+000   0.9819829839E+000   0.9955264321E+000
 0.4141414   0.7762398435E+000   0.9845314708E+000   0.1011687952E+001   0.9973931124E+000
 0.4242424   0.8222185230E+000   0.1013119039E+001   0.1000472827E+001   0.9821748199E+000
 0.4343434   0.8680764887E+000   0.9682850378E+000   0.1004975352E+001   0.9752272946E+000
 0.4444444   0.9204548711E+000   0.9852040498E+000   0.1023890469E+001   0.1001457788E+001
 0.4545455   0.9865075248E+000   0.9902868540E+000   0.1023915175E+001   0.9829526033E+000
 0.4646465   0.1040986220E+001   0.9817957900E+000   0.1024731114E+001   0.9961082545E+000
 0.4747475   0.1115947781E+001   0.9915649514E+000   0.1051158322E+001   0.1026510496E+001
 0.4848485   0.1179920737E+001   0.9936260808E+000   0.1061792848E+001   0.1019973075E+001
 0.4949495   0.1279957889E+001   0.1009937602E+001   0.1051129719E+001   0.9930233836E+000
 0.5050505   0.1326017198E+001   0.9955274479E+000   0.1073795539E+001   0.1015160918E+001
 0.5151515   0.1301684990E+001   0.9891626016E+000   0.1058760614E+001   0.9950779440E+000
 0.5252525   0.1307585376E+001   0.9913716589E+000   0.1058791473E+001   0.1002878001E+001
 0.5353535   0.1316174690E+001   0.1001306500E+001   0.1063466641E+001   0.1014441721E+001
 0.5454545   0.1302194364E+001   0.9811330728E+000   0.1064184755E+001   0.9996860583E+000
 0.5555556   0.1297602646E+001   0.9815374092E+000   0.1055916341E+001   0.1003383055E+001
 0.5656566   0.1296237148E+001   0.9845058299E+000   0.1048919175E+001   0.9797101555E+000
 0.5757576   0.1318340561E+001   0.9899831086E+000   0.1059696914E+001   0.1006900252E+001
 0.5858586   0.1304006411E+001   0.9788904852E+000   0.1055382489E+001   0.9870233400E+000
 0.5959596   0.1305497847E+001   0.9925945299E+000   0.1057584091E+001   0.9899142701E+000
 0.6060606   0.1299271739E+001   0.9733737591E+000   0.1071267894E+001   0.1011964936E+001
 0.6161616   0.1322481395E+001   0.1008412958E+001   0.1066374804E+001   0.9993022171E+000
 0.6262626   0.1319312653E+001   0.9815748843E+000   0.1052760296E+001   0.9922961056E+000
 0.6363636   0.1321786882E+001   0.9969455838E+000   0.1069049056E+001   0.1007538641E+001
 0.6464646   0.1314136150E+001   0.9910994715E+000   0.1072443873E+001   0.1009209360E+001
 0.6565657   0.1311109526E+001   0.9757307443E+000   0.1065346334E+001   0.1001429505E+001
 0.6666667   0.1318386081E+001   0.1000671396E+001   0.1057718339E+001   0.9949345086E+000
 0.6767677   0.1306715430E+001   0.9829003187E+000   0.1064584274E+001   0.1000928492E+001
 0.6868687   0.1307950736E+001   0.9877207972E+000   0.1073492598E+001   0.1005465898E+001
 0.6969697   0.1310454161E+001   0.9973440031E+000   0.1064001617E+001   0.9857687854E+000
 0.7070707   0.1319737958E+001   0.9966221147E+000   0.1057650756E+001   0.9895930556E+000
 0.7171717   0.1305346292E+001   0.9947838635E+000   0.1056390938E+001   0.9983547355E+000
 0.7272727   0.1310285748E+001   0.9967503189E+000   0.1059862095E+001   0.9912294312E+000
 0.7373737   0.1314731404E+001   0.9900501693E+000   0.1061026522E+001   0.9925486327E+000
 0.7474747   0.1335368154E+001   0.9996714027E+000   0.1076975484E+001   0.1012065946E+001
 0.7575758   0.1308242516E+001   0.9845235813E+000   0.1058881073E+001   0.9994597941E+000
 0.7676768   0.1319814468E+001   0.1003663485E+001   0.1070779637E+001   0.1009593201E+001
 0.7777778   0.1317070903E+001   0.1006263072E+001   0.1055351107E+001   0.9920051944E+000
 0.7878788   0.1329612606E+001   0.1006353801E+001   0.1073882376E+001   0.1006641664E+001
 0.7979798   0.1326440016E+001   0.1010584540E+001   0.1070187372E+001   0.1010278055E+001
 0.8080808   0.1320289203E+001   0.9953814924E+000   0.1067275136E+001   0.1002999214E+001
 0.8181818   0.1322511726E+001   0.1000783821E+001   0.1057273838E+001   0.9876657689E+000
 0.8282828   0.1317262249E+001   0.9941744003E+000   0.1066404763E+001   0.1003918412E+001
 0.8383838   0.1319088765E+001   0.9945235103E+000   0.1061242621E+001   0.9840576618E+000
 0.8484848   0.1307936107E+001   0.9825433192E+000   0.1061862003E+001   0.9953587541E+000
 0.8585859   0.1317715979E+001   0.9941724280E+000   0.1058821599E+001   0.9983001897E+000
 0.8686869   0.1314634645E+001   0.1009211769E+001   0.1059698310E+001   0.9951951166E+000
 0.8787879   0.1304319800E+001   0.9857050325E+000   0.1051448377E+001   0.9884980982E+000
 0.8888889   0.1322127461E+001   0.1007460302E+001   0.1061092160E+001   0.9948678415E+000
 0.8989899   0.1320507123E+001   0.9986891612E+000   0.1062497286E+001   0.9888839596E+000
 0.9090909   0.1310087912E+001   0.1002961320E+001   0.1057857367E+001   0.9994355515E+000
 0.9191919   0.1323813449E+001   0.9999988166E+000   0.1065455212E+001   0.1008732589E+001
 0.9292929   0.1304846449E+001   0.9883460394E+000   0.1053543460E+001   0.9828273499E+000
 0.9393939   0.1320782239E+001   0.1008409013E+001   0.1058327879E+001   0.9967466430E+000
 0.9494949   0.1310162738E+001   0.9776183049E+000   0.1064297360E+001   0.9891486079E+000
 0.9595960   0.1323073241E+001   0.1005805481E+001   0.1058577139E+001   0.1003132548E+001
 0.9696970   0.1322708946E+001   0.1003921866E+001   0.1054636729E+001   0.9885890079E+000
 0.9797980   0.1318956997E+001   0.9900758101E+000   0.1055461261E+001   0.9836253355E+000
 0.9898990   0.1310454986E+001   0.9836892677E+000   0.1061331407E+001   0.9924173186E+000
 1.0000000   0.1317366347E+001   0.1016592387E+001   0.1060681488E+001   0.1013005347E+001


