 0.0000000   0.1533422849E+000   0.9489229233E+000   0.4837451108E+000   0.9926102863E+000
 0.0101010   0.1536148158E+000   0.9805066790E+000   0.4853266229E+000   0.1043349785E+001
 0.0202020   0.1514712763E+000   0.1005122343E+001   0.4840964646E+000   0.1043037395E+001
 0.0303030   0.1467424843E+000   0.9787544903E+000   0.4794434166E+000   0.1008917474E+001
 0.0404040   0.1384091858E+000   0.9556710678E+000   0.4673773867E+000   0.9954022712E+000
 0.0505051   0.1348679091E+000   0.9752057537E+000   0.4787172380E+000   0.1025077144E+001
 0.0606061   0.1268356382E+000   0.9445997489E+000   0.4714803620E+000   0.9993288389E+000
 0.0707071   0.1181583387E+000   0.9541111023E+000   0.4716342157E+000   0.1028767250E+001
 0.0808081   0.1103578979E+000   0.9758582037E+000   0.4637480909E+000   0.9835639950E+000
 0.0909091   0.1033137208E+000   0.9944668912E+000   0.4631997158E+000   0.9832407582E+000
 0.1010101   0.9907656810E-001   0.1033399489E+001   0.4685308700E+000   0.1031205627E+001
 0.1111111   0.9155646545E-001   0.9811295562E+000   0.4702895405E+000   0.1009062822E+001
 0.1212121   0.8831938340E-001   0.1006806144E+001   0.4716646906E+000   0.1005737171E+001
 0.1313131   0.8505943237E-001   0.1025771554E+001   0.4718501986E+000   0.9887748323E+000
 0.1414141   0.8103139160E-001   0.9712152733E+000   0.4780462071E+000   0.1034804619E+001
 0.1515152   0.8264800363E-001   0.1031656542E+001   0.4843325163E+000   0.1022007479E+001
 0.1616162   0.8064293981E-001   0.1043199177E+001   0.4880825397E+000   0.9820779735E+000
 0.1717172   0.8229207679E-001   0.9916131156E+000   0.4984582711E+000   0.9783488188E+000
 0.1818182   0.8372493565E-001   0.9943522966E+000   0.4998988630E+000   0.9820345860E+000
 0.1919192   0.8551612329E-001   0.1007641576E+001   0.5129013867E+000   0.1005732832E+001
 0.2020202   0.8790228425E-001   0.9796786405E+000   0.5255794126E+000   0.1005142762E+001
 0.2121212   0.9114091896E-001   0.9720081942E+000   0.5331502444E+000   0.9999796513E+000
 0.2222222   0.9660445938E-001   0.1040256683E+001   0.5489770648E+000   0.1008620270E+001
 0.2323232   0.1018150557E+000   0.9701913150E+000   0.5626319955E+000   0.1013295272E+001
 0.2424242   0.1078821993E+000   0.9779430865E+000   0.5679972761E+000   0.1007713471E+001
 0.2525253   0.1155580042E+000   0.9825194780E+000   0.5940950949E+000   0.1025040265E+001
 0.2626263   0.1242471310E+000   0.1056750915E+001   0.6067608514E+000   0.1042824796E+001
 0.2727273   0.1328329244E+000   0.1030939401E+001   0.6086108734E+000   0.9815182749E+000
 0.2828283   0.1444586580E+000   0.9858186941E+000   0.6346088364E+000   0.9982376436E+000
 0.2929293   0.1553791416E+000   0.9977014168E+000   0.6518342351E+000   0.1003763040E+001
 0.3030303   0.1676324385E+000   0.9753684041E+000   0.6721903227E+000   0.1023081320E+001
 0.3131313   0.1824173144E+000   0.1001459011E+001   0.6771133795E+000   0.9759082726E+000
 0.3232323   0.1983212288E+000   0.9829094694E+000   0.7091189239E+000   0.1025973096E+001
 0.3333333   0.2164118330E+000   0.9752704442E+000   0.7240720704E+000   0.1027992783E+001
 0.3434343   0.2339563057E+000   0.9633951147E+000   0.7432059416E+000   0.1019720959E+001
 0.3535354   0.2578812153E+000   0.9801832264E+000   0.7823385284E+000   0.9943154146E+000
 0.3636364   0.2813057086E+000   0.9728565640E+000   0.7832785388E+000   0.9809065113E+000
 0.3737374   0.3123386005E+000   0.1010325308E+001   0.8182612254E+000   0.1000144524E+001
 0.3838384   0.3422545981E+000   0.9749229638E+000   0.8331864322E+000   0.1003468005E+001
 0.3939394   0.3738146990E+000   0.9687293094E+000   0.8786379584E+000   0.1026092411E+001
 0.4040404   0.4153589754E+000   0.9869480056E+000   0.8988620836E+000   0.1026209557E+001
 0.4141414   0.4574425040E+000   0.9872696098E+000   0.9251741399E+000   0.1004967043E+001
 0.4242424   0.5036011575E+000   0.9846653547E+000   0.9634192576E+000   0.1010466407E+001
 0.4343434   0.5620919702E+000   0.1032830212E+001   0.9916687152E+000   0.1011193148E+001
 0.4444444   0.6206178406E+000   0.1001837913E+001   0.1017241161E+001   0.1031745801E+001
 0.4545455   0.6855985525E+000   0.9913931678E+000   0.1064448661E+001   0.9950204613E+000
 0.4646465   0.7708376699E+000   0.1000178139E+001   0.1090530326E+001   0.9964066916E+000
 0.4747475   0.8457611388E+000   0.1007865220E+001   0.1128023116E+001   0.1000927668E+001
 0.4848485   0.9344840400E+000   0.1005700861E+001   0.1183304943E+001   0.1010091105E+001
 0.4949495   0.1044313241E+001   0.1010680182E+001   0.1202854065E+001   0.9753854534E+000
 0.5050505   0.1107943721E+001   0.1003856257E+001   0.1234948699E+001   0.9854687057E+000
 0.5151515   0.1110894191E+001   0.1006042796E+001   0.1235971930E+001   0.1010125815E+001
 0.5252525   0.1107095812E+001   0.9915484250E+000   0.1232968290E+001   0.9937969341E+000
 0.5353535   0.1112628007E+001   0.1002288898E+001   0.1241178725E+001   0.9814662099E+000
 0.5454545   0.1111541393E+001   0.9771778901E+000   0.1241167740E+001   0.1003817275E+001
 0.5555556   0.1127656945E+001   0.9846893826E+000   0.1249942521E+001   0.1016434356E+001
 0.5656566   0.1132408423E+001   0.9989157501E+000   0.1245385361E+001   0.9942004378E+000
 0.5757576   0.1141042692E+001   0.1017395057E+001   0.1240077466E+001   0.9657816328E+000
 0.5858586   0.1149788815E+001   0.1024281824E+001   0.1237795622E+001   0.9717669368E+000
 0.5959596   0.1162777105E+001   0.9900383637E+000   0.1250627638E+001   0.9874406671E+000
 0.6060606   0.1173210701E+001   0.1036600745E+001   0.1236712012E+001   0.9881023263E+000
 0.6161616   0.1183553206E+001   0.1004967085E+001   0.1240173521E+001   0.9963502878E+000
 0.6262626   0.1183448633E+001   0.1002447852E+001   0.1241153246E+001   0.9841649117E+000
 0.6363636   0.1219160715E+001   0.1006530747E+001   0.1271322634E+001   0.9933782449E+000
 0.6464646   0.1224723750E+001   0.1052146799E+001   0.1257132961E+001   0.9801602465E+000
 0.6565657   0.1252959205E+001   0.1033153665E+001   0.1272540010E+001   0.1002539513E+001
 0.6666667   0.1257763069E+001   0.1023583166E+001   0.1269882063E+001   0.9839436355E+000
 0.6767677   0.1280355666E+001   0.1022753279E+001   0.1254079545E+001   0.9896555984E+000
 0.6868687   0.1318168096E+001   0.1026069130E+001   0.1280689674E+001   0.1010366616E+001
 0.6969697   0.1322129019E+001   0.1031723081E+001   0.1276443821E+001   0.9863603186E+000
 0.7070707   0.1366539688E+001   0.1043700067E+001   0.1281630052E+001   0.1008841546E+001
 0.7171717   0.1373270672E+001   0.9926075011E+000   0.1286583031E+001   0.9950725263E+000
 0.7272727   0.1422415688E+001   0.9993297693E+000   0.1291645220E+001   0.9889700760E+000
 0.7373737   0.1427253402E+001   0.9890070121E+000   0.1283609019E+001   0.9663478395E+000
 0.7474747   0.1482749997E+001   0.1024568310E+001   0.1302395488E+001   0.9970444877E+000
 0.7575758   0.1520747614E+001   0.1031017030E+001   0.1315636341E+001   0.1015844286E+001
 0.7676768   0.1544607988E+001   0.1012957288E+001   0.1315513716E+001   0.9937774098E+000
 0.7777778   0.1587795350E+001   0.1014411900E+001   0.1317380153E+001   0.1006468250E+001
 0.7878788   0.1624966579E+001   0.1025827003E+001   0.1329627064E+001   0.1000309396E+001
 0.7979798   0.1659345107E+001   0.1005105708E+001   0.1325025152E+001   0.9991162402E+000
 0.8080808   0.1729075780E+001   0.1010452841E+001   0.1347730596E+001   0.9986346391E+000
 0.8181818   0.1772304123E+001   0.9907518076E+000   0.1338184162E+001   0.9755806971E+000
 0.8282828   0.1825558478E+001   0.1021134168E+001   0.1354118542E+001   0.9957602180E+000
 0.8383838   0.1885544015E+001   0.1010066546E+001   0.1367029456E+001   0.9874233121E+000
 0.8484848   0.1926088302E+001   0.1003503231E+001   0.1362362861E+001   0.9966843715E+000
 0.8585859   0.2005601651E+001   0.9928496285E+000   0.1372617458E+001   0.9868440891E+000
 0.8686869   0.2066672565E+001   0.9969713381E+000   0.1368916484E+001   0.9842538560E+000
 0.8787879   0.2130291388E+001   0.9967033346E+000   0.1395577184E+001   0.9858440075E+000
 0.8888889   0.2216367482E+001   0.1011970295E+001   0.1415247201E+001   0.1009589980E+001
 0.8989899   0.2285434309E+001   0.9967809632E+000   0.1411722908E+001   0.9902999026E+000
 0.9090909   0.2371805153E+001   0.9927960278E+000   0.1408178742E+001   0.9827982058E+000
 0.9191919   0.2457374924E+001   0.1001368445E+001   0.1432992879E+001   0.1006852229E+001
 0.9292929   0.2581145884E+001   0.9816230524E+000   0.1445712121E+001   0.9781232039E+000
 0.9393939   0.2680170520E+001   0.1006582500E+001   0.1456112526E+001   0.1003778226E+001
 0.9494949   0.2777298653E+001   0.9948550343E+000   0.1449314951E+001   0.9983135717E+000
 0.9595960   0.2887542852E+001   0.9950786786E+000   0.1459972425E+001   0.9797957916E+000
 0.9696970   0.3048034066E+001   0.1017073452E+001   0.1498944757E+001   0.1008550850E+001
 0.9797980   0.3187492101E+001   0.9953873448E+000   0.1503135599E+001   0.9789237031E+000
 0.9898990   0.3341129752E+001   0.1018864455E+001   0.1517963439E+001   0.1010980549E+001
 1.0000000   0.3374884074E+001   0.9818448484E+000   0.1520927608E+001   0.9746218336E+000


 0.0000000   0.9049871912E+000   0.9699386574E+000   0.7848539375E+000   0.9941561542E+000
 0.0101010   0.8946668803E+000   0.9998462943E+000   0.7696574408E+000   0.1001574845E+001
 0.0202020   0.8956603966E+000   0.9308810252E+000   0.7933092469E+000   0.9886399117E+000
 0.0303030   0.8800826396E+000   0.1006249613E+001   0.7795867116E+000   0.1043596202E+001
 0.0404040   0.8528653437E+000   0.9403200462E+000   0.7767910426E+000   0.9634142144E+000
 0.0505051   0.8134177376E+000   0.9665300184E+000   0.7623988131E+000   0.9861190598E+000
 0.0606061   0.7773953476E+000   0.9527817170E+000   0.7590158926E+000   0.9725098948E+000
 0.0707071   0.7382681858E+000   0.9679453122E+000   0.7575924296E+000   0.1001375153E+001
 0.0808081   0.6948780614E+000   0.9977410681E+000   0.7563730313E+000   0.1025016192E+001
 0.0909091   0.6599769429E+000   0.9700207034E+000   0.7417975006E+000   0.9837571031E+000
 0.1010101   0.6184237688E+000   0.1021008572E+001   0.7491384146E+000   0.1037727813E+001
 0.1111111   0.5830693523E+000   0.1019166266E+001   0.7382727135E+000   0.9995349737E+000
 0.1212121   0.5363451818E+000   0.9423805200E+000   0.7403278187E+000   0.9685589855E+000
 0.1313131   0.5012687400E+000   0.9864802527E+000   0.7280935133E+000   0.9945147421E+000
 0.1414141   0.4763688118E+000   0.1011703808E+001   0.7305767525E+000   0.1016010695E+001
 0.1515152   0.4542141012E+000   0.1006327929E+001   0.7352763467E+000   0.1020509149E+001
 0.1616162   0.4306444187E+000   0.9721949228E+000   0.7323054390E+000   0.1010629728E+001
 0.1717172   0.4191090616E+000   0.1016365513E+001   0.7417125957E+000   0.1036718613E+001
 0.1818182   0.4092279919E+000   0.9907541041E+000   0.7417873270E+000   0.1011913774E+001
 0.1919192   0.4055909366E+000   0.1010560758E+001   0.7413646732E+000   0.1010737090E+001
 0.2020202   0.4013738113E+000   0.9912389215E+000   0.7460493468E+000   0.1002861038E+001
 0.2121212   0.4077724093E+000   0.1033759268E+001   0.7548522789E+000   0.1026049011E+001
 0.2222222   0.4130425204E+000   0.1047768625E+001   0.7559981985E+000   0.1007627896E+001
 0.2323232   0.4127613940E+000   0.1009999489E+001   0.7645519334E+000   0.9917963447E+000
 0.2424242   0.4223460405E+000   0.1023164144E+001   0.7794286570E+000   0.1020391051E+001
 0.2525253   0.4266962996E+000   0.9885631026E+000   0.7830500815E+000   0.9885969670E+000
 0.2626263   0.4393463918E+000   0.9712159646E+000   0.7919027330E+000   0.9744939384E+000
 0.2727273   0.4550026723E+000   0.9947128243E+000   0.8056116029E+000   0.9999794510E+000
 0.2828283   0.4680524838E+000   0.1005932617E+001   0.8160459926E+000   0.1021778164E+001
 0.2929293   0.4820279467E+000   0.1007202465E+001   0.8290864423E+000   0.9911242607E+000
 0.3030303   0.5045910509E+000   0.1003074059E+001   0.8285416759E+000   0.9733644937E+000
 0.3131313   0.5189822413E+000   0.9867450375E+000   0.8513481790E+000   0.1003009197E+001
 0.3232323   0.5414695381E+000   0.9848039034E+000   0.8477732548E+000   0.9707835192E+000
 0.3333333   0.5637185318E+000   0.9742833668E+000   0.8709781649E+000   0.9909009484E+000
 0.3434343   0.5946020140E+000   0.9637162131E+000   0.8802545605E+000   0.9662571513E+000
 0.3535354   0.6158208014E+000   0.9848244149E+000   0.9079806032E+000   0.9918478783E+000
 0.3636364   0.6461690192E+000   0.1001720300E+001   0.9148598730E+000   0.1001261349E+001
 0.3737374   0.6840263337E+000   0.1038575742E+001   0.9310648238E+000   0.9954509359E+000
 0.3838384   0.7147494219E+000   0.9653384865E+000   0.9405417648E+000   0.9720396507E+000
 0.3939394   0.7492739691E+000   0.1006391329E+001   0.9523258946E+000   0.1008261330E+001
 0.4040404   0.7863262239E+000   0.1000681672E+001   0.9735802423E+000   0.1024910977E+001
 0.4141414   0.8196771136E+000   0.9961020125E+000   0.9765501575E+000   0.9881804038E+000
 0.4242424   0.8798778864E+000   0.1020346610E+001   0.9966200320E+000   0.9826985170E+000
 0.4343434   0.9220624306E+000   0.9876680552E+000   0.1026112506E+001   0.9760206213E+000
 0.4444444   0.9789930306E+000   0.1028525106E+001   0.1039338569E+001   0.9580139225E+000
 0.4545455   0.1027490850E+001   0.9787157162E+000   0.1054677556E+001   0.1012229417E+001
 0.4646465   0.1089672747E+001   0.1035672432E+001   0.1083475801E+001   0.9691709470E+000
 0.4747475   0.1142392072E+001   0.9858835544E+000   0.1099008075E+001   0.9930997153E+000
 0.4848485   0.1211729062E+001   0.1002337510E+001   0.1106626324E+001   0.9930288566E+000
 0.4949495   0.1278705585E+001   0.9635670385E+000   0.1130516077E+001   0.9556283463E+000
 0.5050505   0.1324195367E+001   0.1018742983E+001   0.1159642085E+001   0.1004853671E+001
 0.5151515   0.1312908059E+001   0.9952908758E+000   0.1156168085E+001   0.1013116225E+001
 0.5252525   0.1344230409E+001   0.1001793022E+001   0.1142470300E+001   0.9847040330E+000
 0.5353535   0.1319004626E+001   0.9776547121E+000   0.1153081959E+001   0.9896297863E+000
 0.5454545   0.1332468565E+001   0.1020932120E+001   0.1158718139E+001   0.1007870534E+001
 0.5555556   0.1325207181E+001   0.1004323396E+001   0.1153734871E+001   0.1006208575E+001
 0.5656566   0.1329759553E+001   0.9921917741E+000   0.1142706944E+001   0.9789193864E+000
 0.5757576   0.1344529157E+001   0.1032651647E+001   0.1140430896E+001   0.1009590467E+001
 0.5858586   0.1320084082E+001   0.9903662502E+000   0.1150638425E+001   0.9928828448E+000
 0.5959596   0.1330918172E+001   0.9594721965E+000   0.1149131512E+001   0.9992193304E+000
 0.6060606   0.1325054532E+001   0.1005423559E+001   0.1148936925E+001   0.9840942187E+000
 0.6161616   0.1329760770E+001   0.1016742179E+001   0.1156582613E+001   0.9912402113E+000
 0.6262626   0.1331546388E+001   0.1012063692E+001   0.1155433905E+001   0.9940359091E+000
 0.6363636   0.1332546032E+001   0.1035948405E+001   0.1153090381E+001   0.1000943559E+001
 0.6464646   0.1333528977E+001   0.9937282721E+000   0.1154786331E+001   0.1044431476E+001
 0.6565657   0.1331495425E+001   0.1020933985E+001   0.1160994810E+001   0.1013294445E+001
 0.6666667   0.1330169389E+001   0.1010987770E+001   0.1157570278E+001   0.1031644701E+001
 0.6767677   0.1311971821E+001   0.9937543777E+000   0.1156009477E+001   0.9912359168E+000
 0.6868687   0.1333651337E+001   0.1011133215E+001   0.1148238842E+001   0.9972889676E+000
 0.6969697   0.1329439541E+001   0.1010357507E+001   0.1166799269E+001   0.1025198707E+001
 0.7070707   0.1318231629E+001   0.1013206742E+001   0.1153677353E+001   0.1010198134E+001
 0.7171717   0.1327563291E+001   0.9955929543E+000   0.1148329241E+001   0.9922837667E+000
 0.7272727   0.1331037272E+001   0.9800899869E+000   0.1155642878E+001   0.9871261122E+000
 0.7373737   0.1329339649E+001   0.9897210702E+000   0.1154080526E+001   0.9795614091E+000
 0.7474747   0.1330204167E+001   0.1012127091E+001   0.1158742827E+001   0.1015276341E+001
 0.7575758   0.1334530800E+001   0.1017016287E+001   0.1152963015E+001   0.1016373578E+001
 0.7676768   0.1325076146E+001   0.1021491525E+001   0.1154698952E+001   0.1013401807E+001
 0.7777778   0.1317934935E+001   0.1001979491E+001   0.1150292232E+001   0.1014737386E+001
 0.7878788   0.1328548439E+001   0.1010879618E+001   0.1144083967E+001   0.1007904889E+001
 0.7979798   0.1334800646E+001   0.1007746952E+001   0.1157527907E+001   0.9969883549E+000
 0.8080808   0.1335601804E+001   0.1024851682E+001   0.1153141247E+001   0.1010140159E+001
 0.8181818   0.1329644500E+001   0.1023926799E+001   0.1158539629E+001   0.1007486179E+001
 0.8282828   0.1331386728E+001   0.9976851276E+000   0.1152744383E+001   0.9944739447E+000
 0.8383838   0.1337079527E+001   0.1032476367E+001   0.1156219579E+001   0.1018286762E+001
 0.8484848   0.1332925862E+001   0.1024113268E+001   0.1155404818E+001   0.1031243168E+001
 0.8585859   0.1330000337E+001   0.9834520089E+000   0.1151862376E+001   0.9737853514E+000
 0.8686869   0.1346533647E+001   0.1026216629E+001   0.1163723586E+001   0.1008016545E+001
 0.8787879   0.1332957355E+001   0.9977653090E+000   0.1162778613E+001   0.1017698421E+001
 0.8888889   0.1340046647E+001   0.9849624014E+000   0.1157728580E+001   0.9841028076E+000
 0.8989899   0.1314814113E+001   0.1001668089E+001   0.1147115666E+001   0.9973340595E+000
 0.9090909   0.1323739950E+001   0.1009880149E+001   0.1156343941E+001   0.1016708546E+001
 0.9191919   0.1326594176E+001   0.9957439935E+000   0.1149750482E+001   0.9896491114E+000
 0.9292929   0.1337323608E+001   0.1018979798E+001   0.1156954849E+001   0.1006335262E+001
 0.9393939   0.1336309846E+001   0.1026559731E+001   0.1157572816E+001   0.1024790732E+001
 0.9494949   0.1324175293E+001   0.1006639331E+001   0.1158477914E+001   0.9995865073E+000
 0.9595960   0.1321854246E+001   0.1013120966E+001   0.1148594898E+001   0.1010758562E+001
 0.9696970   0.1323968857E+001   0.1011828742E+001   0.1150189218E+001   0.9906024830E+000
 0.9797980   0.1329651028E+001   0.1004908906E+001   0.1161016298E+001   0.9894623021E+000
 0.9898990   0.1325664900E+001   0.1017299719E+001   0.1157093499E+001   0.1023313436E+001
 1.0000000   0.1324778236E+001   0.9818502469E+000   0.1150559623E+001   0.9941003261E+000


