 0.0000000   0.1455988231E+000   0.9653111550E+000   0.6424678477E+000   0.1016405246E+001
 0.0101010   0.1469782146E+000   0.9927665449E+000   0.6483519053E+000   0.1037453319E+001
 0.0202020   0.1448008144E+000   0.9933917257E+000   0.6539519125E+000   0.1049457049E+001
 0.0303030   0.1385423549E+000   0.9622866315E+000   0.6410859061E+000   0.1011858573E+001
 0.0404040   0.1315846194E+000   0.9609161149E+000   0.6424617152E+000   0.1023500102E+001
 0.0505051   0.1227829466E+000   0.9445243610E+000   0.6338670088E+000   0.1002134572E+001
 0.0606061   0.1171661638E+000   0.9814963927E+000   0.6398495152E+000   0.1021512264E+001
 0.0707071   0.1072410402E+000   0.9733671642E+000   0.6371360190E+000   0.1010838021E+001
 0.0808081   0.9910347460E-001   0.9756163133E+000   0.6433899479E+000   0.1020922091E+001
 0.0909091   0.9023920120E-001   0.9601426178E+000   0.6367477588E+000   0.1008138567E+001
 0.1010101   0.8462783645E-001   0.9875848657E+000   0.6413326555E+000   0.1019264494E+001
 0.1111111   0.7694443857E-001   0.9791402306E+000   0.6471695819E+000   0.1021047796E+001
 0.1212121   0.7244252477E-001   0.9799193599E+000   0.6434503830E+000   0.1018582706E+001
 0.1313131   0.6773817077E-001   0.9607940826E+000   0.6508774411E+000   0.1014999058E+001
 0.1414141   0.6615982522E-001   0.9991591599E+000   0.6577887027E+000   0.1047311547E+001
 0.1515152   0.6407263072E-001   0.1004731342E+001   0.6515360787E+000   0.1003063508E+001
 0.1616162   0.6400123784E-001   0.9983743984E+000   0.6634010759E+000   0.1037736687E+001
 0.1717172   0.6287996545E-001   0.9826735350E+000   0.6667273479E+000   0.1013629091E+001
 0.1818182   0.6495276834E-001   0.1002035367E+001   0.6798772096E+000   0.1024652750E+001
 0.1919192   0.6496597055E-001   0.9950269585E+000   0.6864750871E+000   0.1037600330E+001
 0.2020202   0.6784824646E-001   0.9872581946E+000   0.6967007759E+000   0.1021652883E+001
 0.2121212   0.6921462761E-001   0.9699239759E+000   0.7018869818E+000   0.1019358240E+001
 0.2222222   0.7501223311E-001   0.9954850490E+000   0.7140926359E+000   0.1030192277E+001
 0.2323232   0.7848601478E-001   0.1001299419E+001   0.7169590419E+000   0.1015467788E+001
 0.2424242   0.8365000096E-001   0.1027688434E+001   0.7227222902E+000   0.1016332806E+001
 0.2525253   0.8874974200E-001   0.9939117711E+000   0.7356496316E+000   0.1012410395E+001
 0.2626263   0.9552400071E-001   0.9944674874E+000   0.7449781701E+000   0.1019358240E+001
 0.2727273   0.1041304177E+000   0.1032306887E+001   0.7589219367E+000   0.1022767180E+001
 0.2828283   0.1126308007E+000   0.1001312561E+001   0.7694937548E+000   0.1013290327E+001
 0.2929293   0.1210932677E+000   0.9867850848E+000   0.7894268562E+000   0.1021588965E+001
 0.3030303   0.1326609437E+000   0.1006929801E+001   0.8007255572E+000   0.1014577202E+001
 0.3131313   0.1451111394E+000   0.1024301568E+001   0.8103909870E+000   0.1012902560E+001
 0.3232323   0.1600359561E+000   0.1008431737E+001   0.8256731047E+000   0.1002952717E+001
 0.3333333   0.1733820747E+000   0.1007468621E+001   0.8332197023E+000   0.1004329077E+001
 0.3434343   0.1902827678E+000   0.1008595073E+001   0.8604706929E+000   0.1007154236E+001
 0.3535354   0.2108983225E+000   0.1019720664E+001   0.8659111617E+000   0.1023065462E+001
 0.3636364   0.2347747940E+000   0.1009299105E+001   0.8880054924E+000   0.1016488339E+001
 0.3737374   0.2546300196E+000   0.1000679870E+001   0.9040226282E+000   0.1012039672E+001
 0.3838384   0.2829808376E+000   0.1006451059E+001   0.9218984395E+000   0.1003966877E+001
 0.3939394   0.3138176599E+000   0.1003270710E+001   0.9348793278E+000   0.9984891366E+000
 0.4040404   0.3471717814E+000   0.9851385875E+000   0.9615266490E+000   0.1032165201E+001
 0.4141414   0.3934845744E+000   0.1024966175E+001   0.9730654055E+000   0.9932990256E+000
 0.4242424   0.4403703893E+000   0.1017627340E+001   0.9860460480E+000   0.9913921499E+000
 0.4343434   0.4840726337E+000   0.1007838472E+001   0.9988757421E+000   0.9875783984E+000
 0.4444444   0.5381835617E+000   0.1019200618E+001   0.1034075243E+001   0.9974749769E+000
 0.4545455   0.6029533621E+000   0.1013076474E+001   0.1056950094E+001   0.1003138078E+001
 0.4646465   0.6742641302E+000   0.9949556166E+000   0.1070228496E+001   0.9910896065E+000
 0.4747475   0.7573439260E+000   0.9935400419E+000   0.1089522558E+001   0.9933842491E+000
 0.4848485   0.8519880458E+000   0.1013517668E+001   0.1140445975E+001   0.1009078156E+001
 0.4949495   0.9605238439E+000   0.1005619362E+001   0.1143477400E+001   0.9939701607E+000
 0.5050505   0.1016451221E+001   0.1012530145E+001   0.1154515645E+001   0.9899454810E+000
 0.5151515   0.1019740068E+001   0.1020956006E+001   0.1153159141E+001   0.1005564817E+001
 0.5252525   0.1013643630E+001   0.1003603013E+001   0.1139010275E+001   0.9711089578E+000
 0.5353535   0.1023679539E+001   0.1017403927E+001   0.1152618167E+001   0.9685906034E+000
 0.5454545   0.1009784433E+001   0.9902564344E+000   0.1143562137E+001   0.9722147326E+000
 0.5555556   0.1033383231E+001   0.1012608997E+001   0.1148539516E+001   0.9805836800E+000
 0.5656566   0.1039712345E+001   0.1008165144E+001   0.1160378894E+001   0.9873610785E+000
 0.5757576   0.1054346875E+001   0.1029058951E+001   0.1159466394E+001   0.9983314731E+000
 0.5858586   0.1058748548E+001   0.1004151220E+001   0.1156274683E+001   0.9802065660E+000
 0.5959596   0.1076637376E+001   0.1025769711E+001   0.1151231728E+001   0.9837944752E+000
 0.6060606   0.1095994946E+001   0.1006854704E+001   0.1149045203E+001   0.9853029311E+000
 0.6161616   0.1090781474E+001   0.1015498346E+001   0.1165326789E+001   0.9971852171E+000
 0.6262626   0.1119676019E+001   0.1013130919E+001   0.1156663293E+001   0.9623927247E+000
 0.6363636   0.1136128836E+001   0.1009019370E+001   0.1175945780E+001   0.1007599528E+001
 0.6464646   0.1141128059E+001   0.1002367671E+001   0.1178063034E+001   0.9866537235E+000
 0.6565657   0.1166026841E+001   0.9897964665E+000   0.1170833279E+001   0.9996630902E+000
 0.6666667   0.1198498683E+001   0.1005178168E+001   0.1174042152E+001   0.9858100109E+000
 0.6767677   0.1205790568E+001   0.1007898550E+001   0.1172551563E+001   0.9894213565E+000
 0.6868687   0.1254292203E+001   0.1029301138E+001   0.1171866024E+001   0.9754319196E+000
 0.6969697   0.1273705960E+001   0.1003666845E+001   0.1171719417E+001   0.9800254661E+000
 0.7070707   0.1287840624E+001   0.1004864639E+001   0.1179245230E+001   0.9940149030E+000
 0.7171717   0.1317898592E+001   0.9995721923E+000   0.1187051487E+001   0.9914624593E+000
 0.7272727   0.1351389653E+001   0.9894810599E+000   0.1179439755E+001   0.9850898723E+000
 0.7373737   0.1398261972E+001   0.1000221780E+001   0.1192656332E+001   0.9926918082E+000
 0.7474747   0.1429235199E+001   0.1004151220E+001   0.1189301643E+001   0.9733993392E+000
 0.7575758   0.1486610972E+001   0.1014150358E+001   0.1193563171E+001   0.9836495952E+000
 0.7676768   0.1514333311E+001   0.9998049924E+000   0.1197407931E+001   0.9849918653E+000
 0.7777778   0.1580552725E+001   0.1018306966E+001   0.1215669963E+001   0.9890335896E+000
 0.7878788   0.1629961974E+001   0.1009516886E+001   0.1227482840E+001   0.1002185706E+001
 0.7979798   0.1666068215E+001   0.1015500223E+001   0.1218781433E+001   0.1008600904E+001
 0.8080808   0.1714041908E+001   0.9957967007E+000   0.1214571222E+001   0.9851197006E+000
 0.8181818   0.1777896624E+001   0.1004748239E+001   0.1220502722E+001   0.9971681724E+000
 0.8282828   0.1859786189E+001   0.1001962148E+001   0.1233783380E+001   0.9869754422E+000
 0.8383838   0.1927498124E+001   0.9956427523E+000   0.1231303321E+001   0.9788515124E+000
 0.8484848   0.1993639662E+001   0.1013823687E+001   0.1242452744E+001   0.9968677595E+000
 0.8585859   0.2065697356E+001   0.9895336277E+000   0.1245296057E+001   0.9885307710E+000
 0.8686869   0.2164826401E+001   0.1000291244E+001   0.1251662042E+001   0.9866089812E+000
 0.8787879   0.2252256587E+001   0.1000261205E+001   0.1254069254E+001   0.9860358531E+000
 0.8888889   0.2341995797E+001   0.1005621239E+001   0.1251697522E+001   0.9823691122E+000
 0.8989899   0.2430953475E+001   0.9917358413E+000   0.1253002914E+001   0.9746009905E+000
 0.9090909   0.2561581787E+001   0.1004109916E+001   0.1270896218E+001   0.9887630050E+000
 0.9191919   0.2673164440E+001   0.1010348583E+001   0.1266132538E+001   0.9890676790E+000
 0.9292929   0.2758869654E+001   0.9928360094E+000   0.1280538834E+001   0.9809330963E+000
 0.9393939   0.2915425143E+001   0.9941614679E+000   0.1286474656E+001   0.9790965299E+000
 0.9494949   0.3122985978E+001   0.1016602269E+001   0.1304316312E+001   0.9910619088E+000
 0.9595960   0.3210501719E+001   0.9977529723E+000   0.1292641027E+001   0.9819493865E+000
 0.9696970   0.3402017398E+001   0.9944599777E+000   0.1312068526E+001   0.9808926151E+000
 0.9797980   0.3552072668E+001   0.9882626143E+000   0.1301068859E+001   0.9672952063E+000
 0.9898990   0.3782864981E+001   0.9987517598E+000   0.1320657806E+001   0.9724490972E+000
 1.0000000   0.3823526879E+001   0.9801859536E+000   0.1323263267E+001   0.9719931515E+000


 0.0000000   0.1078305605E+001   0.9963148115E+000   0.8605898868E+000   0.1025014296E+001
 0.0101010   0.1043248449E+001   0.9429412320E+000   0.8435759309E+000   0.9916554378E+000
 0.0202020   0.1063067813E+001   0.9569585544E+000   0.8600575686E+000   0.9970703288E+000
 0.0303030   0.1028611498E+001   0.9386476544E+000   0.8503078408E+000   0.9800083138E+000
 0.0404040   0.1008079348E+001   0.9973923574E+000   0.8528903270E+000   0.1017627785E+001
 0.0505051   0.9610612912E+000   0.9733745234E+000   0.8559138469E+000   0.1028257579E+001
 0.0606061   0.9084706553E+000   0.9470705946E+000   0.8343213000E+000   0.9763520125E+000
 0.0707071   0.8528811604E+000   0.9593184537E+000   0.8354365024E+000   0.1005643725E+001
 0.0808081   0.7997032015E+000   0.9721180015E+000   0.8306032346E+000   0.1001928732E+001
 0.0909091   0.7334384739E+000   0.9754096829E+000   0.8336376223E+000   0.1015562692E+001
 0.1010101   0.6909445986E+000   0.9813011282E+000   0.8468480774E+000   0.1006952342E+001
 0.1111111   0.6323745807E+000   0.9698282165E+000   0.8360844761E+000   0.1006584973E+001
 0.1212121   0.5755738294E+000   0.9743911806E+000   0.8372922316E+000   0.1006250210E+001
 0.1313131   0.5295263284E+000   0.9711050346E+000   0.8306348925E+000   0.9981550460E+000
 0.1414141   0.4906977402E+000   0.9959125769E+000   0.8213109112E+000   0.9904098607E+000
 0.1515152   0.4577529639E+000   0.9512368594E+000   0.8358557124E+000   0.9905555041E+000
 0.1616162   0.4364466949E+000   0.1006138192E+001   0.8404294530E+000   0.1006637143E+001
 0.1717172   0.4135013596E+000   0.9951616159E+000   0.8330859996E+000   0.9966833956E+000
 0.1818182   0.4040391070E+000   0.9956081332E+000   0.8416588808E+000   0.1007224065E+001
 0.1919192   0.3888158435E+000   0.9775518589E+000   0.8350855703E+000   0.1001743960E+001
 0.2020202   0.3889994655E+000   0.9924271587E+000   0.8506571191E+000   0.1000509252E+001
 0.2121212   0.3844370923E+000   0.9792696589E+000   0.8515376476E+000   0.1017849511E+001
 0.2222222   0.3858441563E+000   0.9865892216E+000   0.8494702114E+000   0.9993267145E+000
 0.2323232   0.3886090870E+000   0.1007355967E+001   0.8643917852E+000   0.9946335192E+000
 0.2424242   0.3931216801E+000   0.9727453399E+000   0.8702738865E+000   0.1001430935E+001
 0.2525253   0.4042782611E+000   0.9968665002E+000   0.8687265521E+000   0.1009443496E+001
 0.2626263   0.4145341257E+000   0.1006337464E+001   0.8767009239E+000   0.1017021300E+001
 0.2727273   0.4223355676E+000   0.1024644674E+001   0.8879681720E+000   0.1008758755E+001
 0.2828283   0.4366004595E+000   0.1017465340E+001   0.8917588208E+000   0.1026283785E+001
 0.2929293   0.4552347682E+000   0.9933478700E+000   0.8902612861E+000   0.1009784780E+001
 0.3030303   0.4745908725E+000   0.9975676431E+000   0.9117482645E+000   0.1000541859E+001
 0.3131313   0.4860202058E+000   0.1020782853E+001   0.9055854680E+000   0.9939335614E+000
 0.3232323   0.5123718832E+000   0.1019899044E+001   0.9257243934E+000   0.9863666262E+000
 0.3333333   0.5384768744E+000   0.1042606848E+001   0.9334433773E+000   0.1013160663E+001
 0.3434343   0.5602496092E+000   0.1027707561E+001   0.9519854751E+000   0.1021399297E+001
 0.3535354   0.5796256676E+000   0.1001470057E+001   0.9478585819E+000   0.9916641329E+000
 0.3636364   0.6155644776E+000   0.1028366267E+001   0.9584670367E+000   0.1004341630E+001
 0.3737374   0.6400263335E+000   0.9803342891E+000   0.9707211431E+000   0.1016797400E+001
 0.3838384   0.6843370448E+000   0.1049136702E+001   0.9681121615E+000   0.9867209527E+000
 0.3939394   0.7138298541E+000   0.1019347355E+001   0.9941386947E+000   0.1010471695E+001
 0.4040404   0.7524868147E+000   0.1012813811E+001   0.9911587781E+000   0.9912489406E+000
 0.4141414   0.7991293260E+000   0.1055347352E+001   0.9980292107E+000   0.9836341822E+000
 0.4242424   0.8435914285E+000   0.9989385619E+000   0.1007696055E+001   0.9856884062E+000
 0.4343434   0.8923920886E+000   0.9873844653E+000   0.1026597664E+001   0.1002796071E+001
 0.4444444   0.9390674570E+000   0.1020587271E+001   0.1025346477E+001   0.9946943851E+000
 0.4545455   0.9999085002E+000   0.9898366202E+000   0.1039933748E+001   0.9779693063E+000
 0.4646465   0.1067934968E+001   0.1040016309E+001   0.1056416707E+001   0.9911489466E+000
 0.4747475   0.1130116360E+001   0.1030552726E+001   0.1063349313E+001   0.1008843532E+001
 0.4848485   0.1193984074E+001   0.9858308802E+000   0.1077849408E+001   0.9960899531E+000
 0.4949495   0.1276652872E+001   0.1023675990E+001   0.1086432455E+001   0.9705393194E+000
 0.5050505   0.1298097788E+001   0.9874084517E+000   0.1088941888E+001   0.9799604906E+000
 0.5151515   0.1319776450E+001   0.9909197015E+000   0.1093584479E+001   0.9689502848E+000
 0.5252525   0.1300681268E+001   0.9874988623E+000   0.1102698228E+001   0.9984854609E+000
 0.5353535   0.1332940985E+001   0.9887941315E+000   0.1103507754E+001   0.9785127518E+000
 0.5454545   0.1303332582E+001   0.9913237812E+000   0.1104674876E+001   0.1023827411E+001
 0.5555556   0.1315885075E+001   0.9978093529E+000   0.1095611359E+001   0.9859970833E+000
 0.5656566   0.1323747872E+001   0.1012108977E+001   0.1105290217E+001   0.1003922090E+001
 0.5757576   0.1308437802E+001   0.1001697006E+001   0.1096237283E+001   0.9925336457E+000
 0.5858586   0.1321188284E+001   0.9918072008E+000   0.1090319239E+001   0.9901881350E+000
 0.5959596   0.1307452265E+001   0.9863991750E+000   0.1102488384E+001   0.1014632314E+001
 0.6060606   0.1313304594E+001   0.1007210203E+001   0.1103378464E+001   0.1027709786E+001
 0.6161616   0.1318387714E+001   0.1023020975E+001   0.1090285369E+001   0.9898446774E+000
 0.6262626   0.1319552613E+001   0.1004630735E+001   0.1094730697E+001   0.9616659413E+000
 0.6363636   0.1319439746E+001   0.1004222965E+001   0.1091722472E+001   0.9742521391E+000
 0.6464646   0.1310347127E+001   0.1004269093E+001   0.1093712098E+001   0.1007684906E+001
 0.6565657   0.1314670200E+001   0.9953848746E+000   0.1086707152E+001   0.1000891838E+001
 0.6666667   0.1318114186E+001   0.9908698834E+000   0.1091682930E+001   0.9868383369E+000
 0.6767677   0.1316686580E+001   0.1013466981E+001   0.1094043230E+001   0.9859449125E+000
 0.6868687   0.1316387966E+001   0.9796220755E+000   0.1093790901E+001   0.1000317959E+001
 0.6969697   0.1304582524E+001   0.1001787416E+001   0.1087875066E+001   0.1004845947E+001
 0.7070707   0.1323687365E+001   0.1008891101E+001   0.1099282500E+001   0.1006800177E+001
 0.7171717   0.1314792550E+001   0.9968683453E+000   0.1086319412E+001   0.9949443700E+000
 0.7272727   0.1307665176E+001   0.1008909552E+001   0.1087912968E+001   0.1012782425E+001
 0.7373737   0.1319498376E+001   0.1012116358E+001   0.1097998981E+001   0.1008256611E+001
 0.7474747   0.1306175511E+001   0.1010872752E+001   0.1086327481E+001   0.9941444182E+000
 0.7575758   0.1317808546E+001   0.1021116818E+001   0.1091326104E+001   0.1007930544E+001
 0.7676768   0.1305737568E+001   0.9760056543E+000   0.1086023104E+001   0.9814734429E+000
 0.7777778   0.1322663592E+001   0.1031951321E+001   0.1095237789E+001   0.1023379612E+001
 0.7878788   0.1306293470E+001   0.9953922550E+000   0.1084556768E+001   0.9927814569E+000
 0.7979798   0.1312726721E+001   0.1004387180E+001   0.1088006821E+001   0.9980724423E+000
 0.8080808   0.1326184972E+001   0.1005027434E+001   0.1089927898E+001   0.9989289124E+000
 0.8181818   0.1303722678E+001   0.9856482141E+000   0.1086379495E+001   0.9802387347E+000
 0.8282828   0.1323361480E+001   0.1008034968E+001   0.1092558205E+001   0.9971420636E+000
 0.8383838   0.1322106967E+001   0.1020050343E+001   0.1096760287E+001   0.1021321041E+001
 0.8484848   0.1318972900E+001   0.9963959964E+000   0.1094700330E+001   0.9999679802E+000
 0.8585859   0.1311527282E+001   0.1012961420E+001   0.1090019325E+001   0.9904989858E+000
 0.8686869   0.1311484856E+001   0.1001398097E+001   0.1087964386E+001   0.9912554619E+000
 0.8787879   0.1319358966E+001   0.1016103647E+001   0.1097897904E+001   0.1017603874E+001
 0.8888889   0.1307081533E+001   0.9994699544E+000   0.1097633384E+001   0.1016969129E+001
 0.8989899   0.1313839874E+001   0.1003588246E+001   0.1088857402E+001   0.9867774710E+000
 0.9090909   0.1313956894E+001   0.1006809813E+001   0.1097031969E+001   0.9943161470E+000
 0.9191919   0.1319886190E+001   0.1037770807E+001   0.1091335572E+001   0.1027848908E+001
 0.9292929   0.1327545805E+001   0.1022017233E+001   0.1094875575E+001   0.9981506984E+000
 0.9393939   0.1317516422E+001   0.1034602748E+001   0.1096128863E+001   0.1040345981E+001
 0.9494949   0.1310155396E+001   0.1008101392E+001   0.1090774627E+001   0.9958834438E+000
 0.9595960   0.1320950589E+001   0.1005702746E+001   0.1085867681E+001   0.1000961399E+001
 0.9696970   0.1316015979E+001   0.1013153311E+001   0.1093350944E+001   0.1018977704E+001
 0.9797980   0.1311516826E+001   0.1022046755E+001   0.1087863693E+001   0.1013458471E+001
 0.9898990   0.1297955769E+001   0.9757399581E+000   0.1077198961E+001   0.9555119645E+000
 1.0000000   0.1315904205E+001   0.1011581275E+001   0.1090638405E+001   0.9928597130E+000


