 0.0000000   0.1498405309E+000   0.1011589116E+001   0.5283355334E+000   0.9817067937E+000
 0.0101010   0.1483593777E+000   0.9621500079E+000   0.5231226362E+000   0.9344522605E+000
 0.0202020   0.1458213945E+000   0.9955858694E+000   0.5255876077E+000   0.9954189503E+000
 0.0303030   0.1407728339E+000   0.1024447344E+001   0.5192661479E+000   0.9946809355E+000
 0.0404040   0.1365506153E+000   0.9825814552E+000   0.5207286082E+000   0.9849591618E+000
 0.0505051   0.1289451093E+000   0.9915251624E+000   0.5152062256E+000   0.9570598498E+000
 0.0606061   0.1223616742E+000   0.1029048125E+001   0.5133635940E+000   0.1001827509E+001
 0.0707071   0.1148291110E+000   0.1005223957E+001   0.5155591820E+000   0.9761697205E+000
 0.0808081   0.1069553516E+000   0.1024230097E+001   0.5192699445E+000   0.1022961032E+001
 0.0909091   0.9831226463E-001   0.9896409943E+000   0.5131818767E+000   0.9621376267E+000
 0.1010101   0.9384443333E-001   0.1007416739E+001   0.5141857770E+000   0.9867001699E+000
 0.1111111   0.8740439824E-001   0.1023107311E+001   0.5269379722E+000   0.9821444992E+000
 0.1212121   0.8264102589E-001   0.1013093608E+001   0.5178406245E+000   0.9609442412E+000
 0.1313131   0.7962317129E-001   0.1007439073E+001   0.5201887848E+000   0.9783150665E+000
 0.1414141   0.7737137457E-001   0.1014514855E+001   0.5277564067E+000   0.9643673733E+000
 0.1515152   0.7558253594E-001   0.1020299332E+001   0.5336435524E+000   0.9710683900E+000
 0.1616162   0.7690454614E-001   0.1041445464E+001   0.5404229893E+000   0.9790628952E+000
 0.1717172   0.7652049334E-001   0.1002121577E+001   0.5430548849E+000   0.9578724512E+000
 0.1818182   0.7728754291E-001   0.1038905492E+001   0.5557748073E+000   0.9841033787E+000
 0.1919192   0.7987355702E-001   0.1027894885E+001   0.5647654289E+000   0.9405821009E+000
 0.2020202   0.8248490125E-001   0.1022431203E+001   0.5734744177E+000   0.9886511982E+000
 0.2121212   0.8631490776E-001   0.1045012795E+001   0.5760517775E+000   0.9790236391E+000
 0.2222222   0.9116258992E-001   0.1090066339E+001   0.5892824259E+000   0.9983239018E+000
 0.2323232   0.9545401147E-001   0.1040539926E+001   0.5989065150E+000   0.9691880227E+000
 0.2424242   0.1014325751E+000   0.1030668348E+001   0.6152079378E+000   0.1001222965E+001
 0.2525253   0.1098130439E+000   0.1053150452E+001   0.6288076878E+000   0.9877443822E+000
 0.2626263   0.1159027591E+000   0.1054094566E+001   0.6507353223E+000   0.9710016546E+000
 0.2727273   0.1251612554E+000   0.1029841994E+001   0.6680645498E+000   0.9842721800E+000
 0.2828283   0.1355279522E+000   0.1067509112E+001   0.6712766229E+000   0.9812062784E+000
 0.2929293   0.1483974085E+000   0.1038568453E+001   0.6928857289E+000   0.9677885426E+000
 0.3030303   0.1584252397E+000   0.1058776561E+001   0.7133135500E+000   0.9754238545E+000
 0.3131313   0.1730052911E+000   0.1059160298E+001   0.7278932737E+000   0.9615507479E+000
 0.3232323   0.1905459827E+000   0.1071823613E+001   0.7323201682E+000   0.9827529688E+000
 0.3333333   0.2049108035E+000   0.1025066602E+001   0.7613868813E+000   0.9746426581E+000
 0.3434343   0.2264277943E+000   0.9970984827E+000   0.7786693948E+000   0.9808333454E+000
 0.3535354   0.2465718357E+000   0.1054005231E+001   0.8098154269E+000   0.9902155539E+000
 0.3636364   0.2685943858E+000   0.1044032134E+001   0.8172959489E+000   0.9717063016E+000
 0.3737374   0.2965529710E+000   0.1042535764E+001   0.8484146268E+000   0.9809511137E+000
 0.3838384   0.3348837249E+000   0.1057958329E+001   0.8769189766E+000   0.9844606093E+000
 0.3939394   0.3574213543E+000   0.1025559978E+001   0.8958751167E+000   0.1010442261E+001
 0.4040404   0.4012578999E+000   0.1008480644E+001   0.9160116632E+000   0.9885236159E+000
 0.4141414   0.4397379506E+000   0.1012876360E+001   0.9477005989E+000   0.9659317290E+000
 0.4242424   0.4870155871E+000   0.9952995895E+000   0.9769617110E+000   0.9826842706E+000
 0.4343434   0.5478876637E+000   0.1011585055E+001   0.1005861996E+001   0.1001016870E+001
 0.4444444   0.5974881533E+000   0.1026932497E+001   0.1024412286E+001   0.9934090378E+000
 0.4545455   0.6669738713E+000   0.9910155436E+000   0.1057508199E+001   0.9982807201E+000
 0.4646465   0.7387139760E+000   0.1005037165E+001   0.1104250573E+001   0.1003450749E+001
 0.4747475   0.8154615531E+000   0.1011181015E+001   0.1135758087E+001   0.1003747132E+001
 0.4848485   0.9226771345E+000   0.1036079240E+001   0.1158244919E+001   0.1016491626E+001
 0.4949495   0.1035544612E+001   0.9785045054E+000   0.1212228006E+001   0.1017531913E+001
 0.5050505   0.1081965658E+001   0.9870624454E+000   0.1228045291E+001   0.1037163889E+001
 0.5151515   0.1085021648E+001   0.9873101485E+000   0.1210471983E+001   0.9968557236E+000
 0.5252525   0.1099934120E+001   0.1004263600E+001   0.1217003057E+001   0.1028007404E+001
 0.5353535   0.1081998558E+001   0.9686268356E+000   0.1221353723E+001   0.9962492168E+000
 0.5454545   0.1098951660E+001   0.9999612812E+000   0.1199167028E+001   0.1017476954E+001
 0.5555556   0.1100355659E+001   0.1022177409E+001   0.1231115119E+001   0.1074459150E+001
 0.5656566   0.1104547190E+001   0.9864980071E+000   0.1214783957E+001   0.1008086894E+001
 0.5757576   0.1108031210E+001   0.9795440464E+000   0.1234704270E+001   0.1020050192E+001
 0.5858586   0.1125926266E+001   0.9842301022E+000   0.1216584883E+001   0.1031669998E+001
 0.5959596   0.1138959266E+001   0.9934194822E+000   0.1227113301E+001   0.1027577549E+001
 0.6060606   0.1144825309E+001   0.1003331668E+001   0.1243694809E+001   0.1047749297E+001
 0.6161616   0.1151077001E+001   0.1010468361E+001   0.1225766038E+001   0.1013042977E+001
 0.6262626   0.1161328794E+001   0.9974395821E+000   0.1234485039E+001   0.1017506396E+001
 0.6363636   0.1195748283E+001   0.9833631413E+000   0.1237141264E+001   0.1024205450E+001
 0.6464646   0.1212641060E+001   0.9961604594E+000   0.1226552477E+001   0.1023116093E+001
 0.6565657   0.1238864513E+001   0.1013091577E+001   0.1235176340E+001   0.1003437009E+001
 0.6666667   0.1240251086E+001   0.9894135947E+000   0.1239931282E+001   0.1003103332E+001
 0.6767677   0.1258651287E+001   0.9688968726E+000   0.1243492968E+001   0.1005211385E+001
 0.6868687   0.1292503556E+001   0.9618109389E+000   0.1253610568E+001   0.1012444322E+001
 0.6969697   0.1318271415E+001   0.9817287067E+000   0.1249837809E+001   0.1027736537E+001
 0.7070707   0.1343609443E+001   0.9710449866E+000   0.1253062921E+001   0.1009823977E+001
 0.7171717   0.1377905121E+001   0.9729941260E+000   0.1263751101E+001   0.1021188619E+001
 0.7272727   0.1410449609E+001   0.9758650458E+000   0.1261111239E+001   0.1017060839E+001
 0.7373737   0.1433703071E+001   0.9833935966E+000   0.1265928221E+001   0.9924982962E+000
 0.7474747   0.1474660181E+001   0.9989948329E+000   0.1269902250E+001   0.1030282295E+001
 0.7575758   0.1507480801E+001   0.9892653789E+000   0.1280018100E+001   0.1027161435E+001
 0.7676768   0.1550933454E+001   0.9596242482E+000   0.1286017789E+001   0.1025708959E+001
 0.7777778   0.1586096602E+001   0.9589400190E+000   0.1286256861E+001   0.1004706944E+001
 0.7878788   0.1628742331E+001   0.9673700468E+000   0.1293678220E+001   0.1023314337E+001
 0.7979798   0.1666515594E+001   0.9682167042E+000   0.1291131030E+001   0.1012764259E+001
 0.8080808   0.1714244099E+001   0.9835742981E+000   0.1309942337E+001   0.1041480098E+001
 0.8181818   0.1761756264E+001   0.9588344407E+000   0.1291049165E+001   0.9942589324E+000
 0.8282828   0.1840501136E+001   0.9681090954E+000   0.1308647243E+001   0.1014055785E+001
 0.8383838   0.1899137173E+001   0.9722144702E+000   0.1316088005E+001   0.1001617489E+001
 0.8484848   0.1948270305E+001   0.9461630045E+000   0.1316235061E+001   0.1011924178E+001
 0.8585859   0.2015818330E+001   0.9450848867E+000   0.1326345571E+001   0.1001293626E+001
 0.8686869   0.2103985151E+001   0.9838950939E+000   0.1335238892E+001   0.1006636381E+001
 0.8787879   0.2160661586E+001   0.9546783070E+000   0.1349796778E+001   0.1011722010E+001
 0.8888889   0.2258003974E+001   0.9498826121E+000   0.1344565589E+001   0.9935582110E+000
 0.8989899   0.2340194067E+001   0.9622576167E+000   0.1376825558E+001   0.1028949550E+001
 0.9090909   0.2428529064E+001   0.9404638022E+000   0.1371794796E+001   0.9980608859E+000
 0.9191919   0.2527346241E+001   0.9537220105E+000   0.1367160012E+001   0.9916699925E+000
 0.9292929   0.2604331664E+001   0.9434869985E+000   0.1385588087E+001   0.1012085129E+001
 0.9393939   0.2739612790E+001   0.9915515570E+000   0.1395587871E+001   0.1050304870E+001
 0.9494949   0.2833457593E+001   0.9465223770E+000   0.1390840864E+001   0.1003749095E+001
 0.9595960   0.2978678255E+001   0.9700338706E+000   0.1409485967E+001   0.1025314435E+001
 0.9696970   0.3118229184E+001   0.9450016423E+000   0.1432842748E+001   0.1022344711E+001
 0.9797980   0.3282565559E+001   0.9690653919E+000   0.1435651589E+001   0.1001554679E+001
 0.9898990   0.3408279144E+001   0.9646717070E+000   0.1441464999E+001   0.1045586286E+001
 1.0000000   0.3514898143E+001   0.9891273149E+000   0.1450232958E+001   0.1035169679E+001


 0.0000000   0.9366172706E+000   0.1001086245E+001   0.7938075600E+000   0.1000936262E+001
 0.0101010   0.9411625791E+000   0.1023836475E+001   0.7960950690E+000   0.1028706515E+001
 0.0202020   0.9410533357E+000   0.1010772522E+001   0.7975777003E+000   0.1011967599E+001
 0.0303030   0.9163655777E+000   0.9717028689E+000   0.8008312566E+000   0.9795179268E+000
 0.0404040   0.8941254963E+000   0.9974581486E+000   0.7929131818E+000   0.9937232347E+000
 0.0505051   0.8546080263E+000   0.9746057470E+000   0.7870069952E+000   0.1000464939E+001
 0.0606061   0.8176154619E+000   0.1003724679E+001   0.7833673618E+000   0.1004943499E+001
 0.0707071   0.7734761659E+000   0.9702183744E+000   0.7763198123E+000   0.9833481694E+000
 0.0808081   0.7352053157E+000   0.1009558482E+001   0.7869837878E+000   0.1005456584E+001
 0.0909091   0.6781356795E+000   0.1017109171E+001   0.7712221609E+000   0.9960718933E+000
 0.1010101   0.6433867335E+000   0.1014739188E+001   0.7746281092E+000   0.1012790922E+001
 0.1111111   0.5888631425E+000   0.9996558417E+000   0.7618963430E+000   0.1007365740E+001
 0.1212121   0.5500052962E+000   0.1008037927E+001   0.7584430854E+000   0.9885327190E+000
 0.1313131   0.5207373589E+000   0.1002206127E+001   0.7606808174E+000   0.9939380146E+000
 0.1414141   0.4840446197E+000   0.1017682133E+001   0.7631070632E+000   0.1031888440E+001
 0.1515152   0.4543697375E+000   0.9640119450E+000   0.7618089190E+000   0.9737029582E+000
 0.1616162   0.4374247373E+000   0.1006146749E+001   0.7621161390E+000   0.1005029013E+001
 0.1717172   0.4154174701E+000   0.9625815413E+000   0.7590741304E+000   0.9759521817E+000
 0.1818182   0.4082947078E+000   0.1011998583E+001   0.7706008607E+000   0.1010328907E+001
 0.1919192   0.4051626681E+000   0.1030744083E+001   0.7711811053E+000   0.1015941028E+001
 0.2020202   0.4032250783E+000   0.1016177605E+001   0.7669142215E+000   0.9866553830E+000
 0.2121212   0.4006996844E+000   0.1002825167E+001   0.7729974020E+000   0.1009603031E+001
 0.2222222   0.4005739442E+000   0.9770037767E+000   0.7839728628E+000   0.9849669739E+000
 0.2323232   0.4064456796E+000   0.1025815801E+001   0.7866813309E+000   0.9665694794E+000
 0.2424242   0.4222755244E+000   0.1024387401E+001   0.8011688970E+000   0.1031946113E+001
 0.2525253   0.4311441362E+000   0.1055970474E+001   0.8031083053E+000   0.1009390239E+001
 0.2626263   0.4419204417E+000   0.1022774691E+001   0.8133590526E+000   0.9949761178E+000
 0.2727273   0.4493949912E+000   0.9799867894E+000   0.8298345269E+000   0.9876179154E+000
 0.2828283   0.4666071624E+000   0.9899074603E+000   0.8407509086E+000   0.1005565963E+001
 0.2929293   0.4791623072E+000   0.1014120148E+001   0.8435442528E+000   0.9833799886E+000
 0.3030303   0.4983025582E+000   0.9772021100E+000   0.8536610276E+000   0.9705110894E+000
 0.3131313   0.5128724609E+000   0.9905184871E+000   0.8726634500E+000   0.1058379957E+001
 0.3232323   0.5415478269E+000   0.1020516897E+001   0.8718175406E+000   0.1000987968E+001
 0.3333333   0.5593619748E+000   0.1003902979E+001   0.8909517596E+000   0.9993015475E+000
 0.3434343   0.5882122269E+000   0.9903341774E+000   0.9071797903E+000   0.1008465492E+001
 0.3535354   0.6157662163E+000   0.9898493627E+000   0.9183601045E+000   0.9950775416E+000
 0.3636364   0.6400981671E+000   0.9667084763E+000   0.9246535985E+000   0.9999220229E+000
 0.3737374   0.6674661886E+000   0.9901258272E+000   0.9392336560E+000   0.9572444495E+000
 0.3838384   0.7038035444E+000   0.1001402777E+001   0.9481053857E+000   0.9979929807E+000
 0.3939394   0.7419541354E+000   0.9857364512E+000   0.9668571229E+000   0.1001168940E+001
 0.4040404   0.7705408023E+000   0.9849952056E+000   0.9816898919E+000   0.9976549011E+000
 0.4141414   0.8184990976E+000   0.9800649207E+000   0.9778448278E+000   0.9657203031E+000
 0.4242424   0.8683770799E+000   0.9786825978E+000   0.1008598564E+001   0.9783704450E+000
 0.4343434   0.9164646052E+000   0.9826632870E+000   0.1024942766E+001   0.9874846723E+000
 0.4444444   0.9679579046E+000   0.9987403032E+000   0.1048821393E+001   0.1012727284E+001
 0.4545455   0.1023065939E+001   0.9651358336E+000   0.1057610801E+001   0.9950934513E+000
 0.4646465   0.1084527980E+001   0.9864616699E+000   0.1062687540E+001   0.1001322070E+001
 0.4747475   0.1126305736E+001   0.9641742176E+000   0.1079795804E+001   0.1018605891E+001
 0.4848485   0.1195944530E+001   0.9840676470E+000   0.1115965495E+001   0.9864863432E+000
 0.4949495   0.1288559882E+001   0.1030117029E+001   0.1131011049E+001   0.9948070780E+000
 0.5050505   0.1316245794E+001   0.1000383064E+001   0.1149750554E+001   0.9896662799E+000
 0.5151515   0.1321561498E+001   0.9868763668E+000   0.1127242098E+001   0.1006884473E+001
 0.5252525   0.1310716677E+001   0.9628700260E+000   0.1135635377E+001   0.9843882612E+000
 0.5353535   0.1307173939E+001   0.9802071597E+000   0.1126343544E+001   0.9826680329E+000
 0.5454545   0.1320836765E+001   0.9802271934E+000   0.1139259119E+001   0.1021199160E+001
 0.5555556   0.1323134949E+001   0.9731412861E+000   0.1133845610E+001   0.1012997747E+001
 0.5656566   0.1319461685E+001   0.1002989444E+001   0.1132583333E+001   0.9968514650E+000
 0.5757576   0.1319016841E+001   0.9963282499E+000   0.1134785246E+001   0.1038757422E+001
 0.5858586   0.1314768267E+001   0.9876997504E+000   0.1145837259E+001   0.1024412904E+001
 0.5959596   0.1322836139E+001   0.1001747356E+001   0.1136806497E+001   0.1001220646E+001
 0.6060606   0.1317160482E+001   0.1006339072E+001   0.1132367461E+001   0.1009541381E+001
 0.6161616   0.1308818989E+001   0.1005836227E+001   0.1142601185E+001   0.9820097721E+000
 0.6262626   0.1311969897E+001   0.9954868360E+000   0.1131318122E+001   0.9672635369E+000
 0.6363636   0.1326322177E+001   0.1027735026E+001   0.1140693184E+001   0.1009780025E+001
 0.6464646   0.1314841301E+001   0.9925939748E+000   0.1131895425E+001   0.1028945159E+001
 0.6565657   0.1321251463E+001   0.9932110116E+000   0.1137909812E+001   0.9963145151E+000
 0.6666667   0.1318490803E+001   0.9930507423E+000   0.1138762462E+001   0.9981799188E+000
 0.6767677   0.1313115932E+001   0.9773102918E+000   0.1144317603E+001   0.1004492063E+001
 0.6868687   0.1324274101E+001   0.1028474269E+001   0.1126760438E+001   0.9911379203E+000
 0.6969697   0.1321575986E+001   0.1023427789E+001   0.1138378377E+001   0.9966167980E+000
 0.7070707   0.1332344958E+001   0.1010457994E+001   0.1137972864E+001   0.1012846606E+001
 0.7171717   0.1321176232E+001   0.1006056598E+001   0.1137825766E+001   0.1008889086E+001
 0.7272727   0.1326129649E+001   0.1015201966E+001   0.1132229379E+001   0.1009412115E+001
 0.7373737   0.1308533794E+001   0.1011475704E+001   0.1121510626E+001   0.9886719282E+000
 0.7474747   0.1310957912E+001   0.1004750403E+001   0.1126440060E+001   0.9932857199E+000
 0.7575758   0.1317777645E+001   0.1002316312E+001   0.1134132309E+001   0.1002911044E+001
 0.7676768   0.1331005678E+001   0.1013685417E+001   0.1138151563E+001   0.1028336616E+001
 0.7777778   0.1326121684E+001   0.1006896008E+001   0.1133990033E+001   0.9998623618E+000
 0.7878788   0.1324311166E+001   0.1001298602E+001   0.1133610089E+001   0.1003038321E+001
 0.7979798   0.1315719847E+001   0.9968952026E+000   0.1132649810E+001   0.9959505824E+000
 0.8080808   0.1320142493E+001   0.9753029185E+000   0.1141532739E+001   0.9806574538E+000
 0.8181818   0.1330743403E+001   0.1023664186E+001   0.1137347012E+001   0.1016555538E+001
 0.8282828   0.1326148355E+001   0.1012507438E+001   0.1135087614E+001   0.9973207990E+000
 0.8383838   0.1331648381E+001   0.1015336191E+001   0.1134655473E+001   0.1004625306E+001
 0.8484848   0.1335733988E+001   0.1035023274E+001   0.1141849400E+001   0.1019081191E+001
 0.8585859   0.1336443393E+001   0.1011543818E+001   0.1136689525E+001   0.9978219522E+000
 0.8686869   0.1324343468E+001   0.9940644458E+000   0.1134947752E+001   0.9881250348E+000
 0.8787879   0.1323514001E+001   0.1006619544E+001   0.1135698557E+001   0.1005591816E+001
 0.8888889   0.1326310097E+001   0.9994995791E+000   0.1133409242E+001   0.9979909920E+000
 0.8989899   0.1326427898E+001   0.9953085364E+000   0.1133901695E+001   0.9841535942E+000
 0.9090909   0.1327482592E+001   0.1019715550E+001   0.1139013322E+001   0.1013902607E+001
 0.9191919   0.1331354619E+001   0.1013731495E+001   0.1147437973E+001   0.1017856150E+001
 0.9292929   0.1326779893E+001   0.1013685417E+001   0.1132205410E+001   0.9957497234E+000
 0.9393939   0.1320101374E+001   0.9719833402E+000   0.1134768148E+001   0.9663010044E+000
 0.9494949   0.1322552260E+001   0.9821804757E+000   0.1131673473E+001   0.9699443089E+000
 0.9595960   0.1341115191E+001   0.1008723078E+001   0.1147481126E+001   0.1010275212E+001
 0.9696970   0.1338095818E+001   0.1024124960E+001   0.1151083599E+001   0.1031848666E+001
 0.9797980   0.1322934660E+001   0.1008019897E+001   0.1136671473E+001   0.1005794664E+001
 0.9898990   0.1340944301E+001   0.1011950502E+001   0.1150943728E+001   0.1002222953E+001
 1.0000000   0.1352382378E+001   0.1013799609E+001   0.1153552747E+001   0.9990469935E+000


