#   100 bins for weightfunction of cd                      
 0.0000000    0.3179380798E+001    0.1897312927E+001
 0.0101010    0.3156208801E+001    0.1887022400E+001
 0.0202020    0.3216059875E+001    0.1918263245E+001
 0.0303030    0.3216607666E+001    0.1892550659E+001
 0.0404040    0.3286444092E+001    0.1934030151E+001
 0.0505051    0.3321752930E+001    0.1900553894E+001
 0.0606061    0.3350869751E+001    0.1899465942E+001
 0.0707071    0.3423451233E+001    0.1910366821E+001
 0.0808081    0.3534536743E+001    0.1930471802E+001
 0.0909091    0.3602896118E+001    0.1918714905E+001
 0.1010101    0.3682678223E+001    0.1920669556E+001
 0.1111111    0.3743946838E+001    0.1927322388E+001
 0.1212121    0.3798539734E+001    0.1923194885E+001
 0.1313131    0.3845474243E+001    0.1896823120E+001
 0.1414141    0.3860559082E+001    0.1902706909E+001
 0.1515152    0.3895904541E+001    0.1878465271E+001
 0.1616162    0.3898075867E+001    0.1878068542E+001
 0.1717172    0.3906187439E+001    0.1847618103E+001
 0.1818182    0.3910795593E+001    0.1861784363E+001
 0.1919192    0.3820210266E+001    0.1817132568E+001
 0.2020202    0.3806944275E+001    0.1822151184E+001
 0.2121212    0.3781898499E+001    0.1836175537E+001
 0.2222222    0.3719046021E+001    0.1766865540E+001
 0.2323232    0.3654261780E+001    0.1733135986E+001
 0.2424242    0.3615888977E+001    0.1745375061E+001
 0.2525253    0.3536659241E+001    0.1731985474E+001
 0.2626263    0.3493800354E+001    0.1728959656E+001
 0.2727273    0.3402018738E+001    0.1704574585E+001
 0.2828283    0.3316380310E+001    0.1660104370E+001
 0.2929293    0.3249411011E+001    0.1648210144E+001
 0.3030303    0.3160224915E+001    0.1628509521E+001
 0.3131313    0.3075070190E+001    0.1575038147E+001
 0.3232323    0.3003753662E+001    0.1579734802E+001
 0.3333333    0.2900230408E+001    0.1519026184E+001
 0.3434343    0.2817587280E+001    0.1504661560E+001
 0.3535354    0.2688279724E+001    0.1492076111E+001
 0.3636364    0.2630561829E+001    0.1481851196E+001
 0.3737374    0.2540559387E+001    0.1454754639E+001
 0.3838384    0.2422843933E+001    0.1405635071E+001
 0.3939394    0.2342623901E+001    0.1396951294E+001
 0.4040404    0.2233013916E+001    0.1358151245E+001
 0.4141414    0.2140208435E+001    0.1312068176E+001
 0.4242424    0.2015658569E+001    0.1300793457E+001
 0.4343434    0.1912698364E+001    0.1282835388E+001
 0.4444444    0.1826541138E+001    0.1238037109E+001
 0.4545455    0.1718493652E+001    0.1213909912E+001
 0.4646465    0.1587892151E+001    0.1191259766E+001
 0.4747475    0.1484375000E+001    0.1155873108E+001
 0.4848485    0.1388049316E+001    0.1097457886E+001
 0.4949495    0.1285658264E+001    0.1111468506E+001
 0.5050505    0.1237007141E+001    0.1092156982E+001
 0.5151515    0.1203700256E+001    0.1100778198E+001
 0.5252525    0.1195219421E+001    0.1064456177E+001
 0.5353535    0.1208709717E+001    0.1092109680E+001
 0.5454545    0.1197471619E+001    0.1086268616E+001
 0.5555556    0.1193737793E+001    0.1087490845E+001
 0.5656566    0.1184460449E+001    0.1086027527E+001
 0.5757576    0.1187991333E+001    0.1067564392E+001
 0.5858586    0.1171751404E+001    0.1064070129E+001
 0.5959596    0.1179861450E+001    0.1070484924E+001
 0.6060606    0.1126560974E+001    0.1087757874E+001
 0.6161616    0.1133227539E+001    0.1083067322E+001
 0.6262626    0.1110781860E+001    0.1078475952E+001
 0.6363636    0.1129498291E+001    0.1084883118E+001
 0.6464646    0.1101608276E+001    0.1065277100E+001
 0.6565657    0.1058010864E+001    0.1086334229E+001
 0.6666667    0.1063911438E+001    0.1073504639E+001
 0.6767677    0.1076329041E+001    0.1071562195E+001
 0.6868687    0.1035679626E+001    0.1061618042E+001
 0.6969697    0.1027868652E+001    0.1059574890E+001
 0.7070707    0.9835174561E+000    0.1062336731E+001
 0.7171717    0.9511901855E+000    0.1052371216E+001
 0.7272727    0.9278335571E+000    0.1049925232E+001
 0.7373737    0.9034561157E+000    0.1052859497E+001
 0.7474747    0.8806472778E+000    0.1044465637E+001
 0.7575758    0.8582046509E+000    0.1033007812E+001
 0.7676768    0.8428604126E+000    0.1047091675E+001
 0.7777778    0.8046844482E+000    0.1039630127E+001
 0.7878788    0.7610916138E+000    0.1017395020E+001
 0.7979798    0.7747009277E+000    0.1049339294E+001
 0.8080808    0.7167556763E+000    0.1014971924E+001
 0.8181818    0.6880187988E+000    0.1029878235E+001
 0.8282828    0.6481536865E+000    0.1003846741E+001
 0.8383838    0.6292724609E+000    0.1009347534E+001
 0.8484848    0.6024063110E+000    0.1022640991E+001
 0.8585859    0.5395690918E+000    0.9975753784E+000
 0.8686869    0.5222030640E+000    0.1001969910E+001
 0.8787879    0.4715911865E+000    0.9878509521E+000
 0.8888889    0.4431701660E+000    0.9940689087E+000
 0.8989899    0.4036865234E+000    0.9878723145E+000
 0.9090909    0.3570648193E+000    0.9670196533E+000
 0.9191919    0.3110351563E+000    0.9491592407E+000
 0.9292929    0.2809616089E+000    0.9804946899E+000
 0.9393939    0.2544448853E+000    0.9721023560E+000
 0.9494949    0.2094177246E+000    0.9582214355E+000
 0.9595960    0.1556060791E+000    0.9408447266E+000
 0.9696970    0.1279632568E+000    0.9538345337E+000
 0.9797980    0.4819793701E-001    0.9143127441E+000
 0.9898990    0.2139129639E-001    0.9384002686E+000
 1.0000000    0.0000000000E+000    0.9233581543E+000


#   100 bins for weightfunction of Ar                      
 0.0000000    0.1666690063E+001    0.3758102417E+000
 0.0101010    0.1649783325E+001    0.3689758301E+000
 0.0202020    0.1671386719E+001    0.3754180908E+000
 0.0303030    0.1682275391E+001    0.3766952515E+000
 0.0404040    0.1709620667E+001    0.3596405029E+000
 0.0505051    0.1770874023E+001    0.3833892822E+000
 0.0606061    0.1806532288E+001    0.3945205688E+000
 0.0707071    0.1870579529E+001    0.3947830200E+000
 0.0808081    0.1919421387E+001    0.3834136963E+000
 0.0909091    0.1993865967E+001    0.4085128784E+000
 0.1010101    0.2061944580E+001    0.4022018433E+000
 0.1111111    0.2146815491E+001    0.4165634155E+000
 0.1212121    0.2214694214E+001    0.4319290161E+000
 0.1313131    0.2270407104E+001    0.4173126221E+000
 0.1414141    0.2347840881E+001    0.4333175659E+000
 0.1515152    0.2392338562E+001    0.4172317505E+000
 0.1616162    0.2455294800E+001    0.4300491333E+000
 0.1717172    0.2485002136E+001    0.4240509033E+000
 0.1818182    0.2521710205E+001    0.4238861084E+000
 0.1919192    0.2548040771E+001    0.4218338013E+000
 0.2020202    0.2549943542E+001    0.4113601685E+000
 0.2121212    0.2537611389E+001    0.4044174194E+000
 0.2222222    0.2528857422E+001    0.3796951294E+000
 0.2323232    0.2520082092E+001    0.3830871582E+000
 0.2424242    0.2516123962E+001    0.3938812256E+000
 0.2525253    0.2486500549E+001    0.3648803711E+000
 0.2626263    0.2470581055E+001    0.3526473999E+000
 0.2727273    0.2417639160E+001    0.3407318115E+000
 0.2828283    0.2417991638E+001    0.3157211304E+000
 0.2929293    0.2354020691E+001    0.3272735596E+000
 0.3030303    0.2329341125E+001    0.3020797729E+000
 0.3131313    0.2283302307E+001    0.2914840698E+000
 0.3232323    0.2241995239E+001    0.2922805786E+000
 0.3333333    0.2219142151E+001    0.2623535156E+000
 0.3434343    0.2186329651E+001    0.2539550781E+000
 0.3535354    0.2108821106E+001    0.2372116089E+000
 0.3636364    0.2076184082E+001    0.2219009399E+000
 0.3737374    0.2033850098E+001    0.2227035522E+000
 0.3838384    0.1963204956E+001    0.1955154419E+000
 0.3939394    0.1908558655E+001    0.1730743408E+000
 0.4040404    0.1877003479E+001    0.1614532471E+000
 0.4141414    0.1819029236E+001    0.1533676147E+000
 0.4242424    0.1788960266E+001    0.1328933716E+000
 0.4343434    0.1717619324E+001    0.1148559570E+000
 0.4444444    0.1672320557E+001    0.1052841187E+000
 0.4545455    0.1610694885E+001    0.7871093750E-001
 0.4646465    0.1560325623E+001    0.8486633301E-001
 0.4747475    0.1491024780E+001    0.7016448975E-001
 0.4848485    0.1436119080E+001    0.3122711182E-001
 0.4949495    0.1400944519E+001    0.3611907959E-001
 0.5050505    0.1353880310E+001    0.4385375977E-002
 0.5151515    0.1360534668E+001    0.5461120605E-002
 0.5252525    0.1346734619E+001    0.1943817139E-001
 0.5353535    0.1352856445E+001    0.3860473633E-002
 0.5454545    0.1349383545E+001    0.2074432373E-001
 0.5555556    0.1358169556E+001    0.2275848389E-001
 0.5656566    0.1361703491E+001    0.2238769531E-001
 0.5757576    0.1357174683E+001    0.1929473877E-001
 0.5858586    0.1359179687E+001    0.0000000000E+000
 0.5959596    0.1347375488E+001    0.6192016602E-002
 0.6060606    0.1346862793E+001    0.2832489014E-001
 0.6161616    0.1362057495E+001    0.2122650146E-001
 0.6262626    0.1362026978E+001    0.1646881104E-001
 0.6363636    0.1362449646E+001    0.2526855469E-001
 0.6464646    0.1356889343E+001    0.1860198975E-001
 0.6565657    0.1346806335E+001    0.7910156250E-002
 0.6666667    0.1361512756E+001    0.2724761963E-001
 0.6767677    0.1362637329E+001    0.2969665527E-001
 0.6868687    0.1348472595E+001    0.2043914795E-001
 0.6969697    0.1347090149E+001    0.1504821777E-001
 0.7070707    0.1357899475E+001    0.3132629395E-001
 0.7171717    0.1362532043E+001    0.2423248291E-001
 0.7272727    0.1361946106E+001    0.2555236816E-001
 0.7373737    0.1351458740E+001    0.1177062988E-001
 0.7474747    0.1354733276E+001    0.2912750244E-001
 0.7575758    0.1357731628E+001    0.2464294434E-001
 0.7676768    0.1358453369E+001    0.2244873047E-001
 0.7777778    0.1371020508E+001    0.2802581787E-001
 0.7878788    0.1365989685E+001    0.3744659424E-001
 0.7979798    0.1359545898E+001    0.3282623291E-001
 0.8080808    0.1366123962E+001    0.2870788574E-001
 0.8181818    0.1362670898E+001    0.3139190674E-001
 0.8282828    0.1357862854E+001    0.2988281250E-001
 0.8383838    0.1361654663E+001    0.3020477295E-001
 0.8484848    0.1361239624E+001    0.3336181641E-001
 0.8585859    0.1369865417E+001    0.3778076172E-001
 0.8686869    0.1359968567E+001    0.2992858887E-001
 0.8787879    0.1368435669E+001    0.2992553711E-001
 0.8888889    0.1360266113E+001    0.2922515869E-001
 0.8989899    0.1359941101E+001    0.3187103271E-001
 0.9090909    0.1365568542E+001    0.2890167236E-001
 0.9191919    0.1361483765E+001    0.2844848633E-001
 0.9292929    0.1353550720E+001    0.1416168213E-001
 0.9393939    0.1358616638E+001    0.2950744629E-001
 0.9494949    0.1352412415E+001    0.2041625977E-001
 0.9595960    0.1352305603E+001    0.1436920166E-001
 0.9696970    0.1361456299E+001    0.3005981445E-001
 0.9797980    0.1365965271E+001    0.3469543457E-001
 0.9898990    0.1359724426E+001    0.2819824219E-001
 1.0000000    0.1377885437E+001    0.3495025635E-001


