#   100 bins for weightfunction of cd                      
 0.0000000    0.3206811523E+001    0.1935546875E+001
 0.0101010    0.3178833008E+001    0.1930517578E+001
 0.0202020    0.3208935547E+001    0.1924145508E+001
 0.0303030    0.3244628906E+001    0.1954052734E+001
 0.0404040    0.3279760742E+001    0.1939843750E+001
 0.0505051    0.3323437500E+001    0.1936499023E+001
 0.0606061    0.3405834961E+001    0.1958276367E+001
 0.0707071    0.3431494141E+001    0.1931396484E+001
 0.0808081    0.3529638672E+001    0.1949853516E+001
 0.0909091    0.3604125977E+001    0.1947534180E+001
 0.1010101    0.3697778320E+001    0.1966088867E+001
 0.1111111    0.3710522461E+001    0.1943676758E+001
 0.1212121    0.3771923828E+001    0.1923144531E+001
 0.1313131    0.3834716797E+001    0.1965527344E+001
 0.1414141    0.3848291016E+001    0.1922534180E+001
 0.1515152    0.3876098633E+001    0.1902880859E+001
 0.1616162    0.3861376953E+001    0.1907934570E+001
 0.1717172    0.3897436523E+001    0.1922534180E+001
 0.1818182    0.3858715820E+001    0.1915722656E+001
 0.1919192    0.3831201172E+001    0.1887841797E+001
 0.2020202    0.3766479492E+001    0.1852319336E+001
 0.2121212    0.3717895508E+001    0.1830493164E+001
 0.2222222    0.3683471680E+001    0.1812670898E+001
 0.2323232    0.3607031250E+001    0.1791821289E+001
 0.2424242    0.3571435547E+001    0.1810009766E+001
 0.2525253    0.3507250977E+001    0.1777246094E+001
 0.2626263    0.3422583008E+001    0.1766113281E+001
 0.2727273    0.3349438477E+001    0.1721752930E+001
 0.2828283    0.3279711914E+001    0.1676806641E+001
 0.2929293    0.3178125000E+001    0.1688037109E+001
 0.3030303    0.3115454102E+001    0.1647045898E+001
 0.3131313    0.3035668945E+001    0.1627197266E+001
 0.3232323    0.2924951172E+001    0.1578369141E+001
 0.3333333    0.2875097656E+001    0.1579907227E+001
 0.3434343    0.2774121094E+001    0.1570239258E+001
 0.3535354    0.2659863281E+001    0.1539819336E+001
 0.3636364    0.2577465820E+001    0.1522924805E+001
 0.3737374    0.2474267578E+001    0.1468774414E+001
 0.3838384    0.2388452148E+001    0.1434765625E+001
 0.3939394    0.2302050781E+001    0.1427758789E+001
 0.4040404    0.2188012695E+001    0.1394995117E+001
 0.4141414    0.2084472656E+001    0.1355517578E+001
 0.4242424    0.1998876953E+001    0.1308471680E+001
 0.4343434    0.1855908203E+001    0.1319848633E+001
 0.4444444    0.1788452148E+001    0.1279150391E+001
 0.4545455    0.1658081055E+001    0.1247387695E+001
 0.4646465    0.1566918945E+001    0.1224487305E+001
 0.4747475    0.1485839844E+001    0.1190014648E+001
 0.4848485    0.1343408203E+001    0.1149487305E+001
 0.4949495    0.1248901367E+001    0.1140502930E+001
 0.5050505    0.1189843750E+001    0.1127001953E+001
 0.5151515    0.1178515625E+001    0.1111694336E+001
 0.5252525    0.1167871094E+001    0.1105395508E+001
 0.5353535    0.1190185547E+001    0.1088281250E+001
 0.5454545    0.1158447266E+001    0.1120654297E+001
 0.5555556    0.1175903320E+001    0.1105859375E+001
 0.5656566    0.1158862305E+001    0.1110107422E+001
 0.5757576    0.1149658203E+001    0.1109936523E+001
 0.5858586    0.1152026367E+001    0.1123608398E+001
 0.5959596    0.1125756836E+001    0.1077490234E+001
 0.6060606    0.1151757812E+001    0.1110498047E+001
 0.6161616    0.1110180664E+001    0.1094604492E+001
 0.6262626    0.1096411133E+001    0.1104223633E+001
 0.6363636    0.1087377930E+001    0.1107348633E+001
 0.6464646    0.1057739258E+001    0.1081567383E+001
 0.6565657    0.1071752930E+001    0.1108496094E+001
 0.6666667    0.1031665039E+001    0.1101855469E+001
 0.6767677    0.1017382812E+001    0.1106152344E+001
 0.6868687    0.1035913086E+001    0.1099707031E+001
 0.6969697    0.9897949219E+000    0.1087792969E+001
 0.7070707    0.9790283203E+000    0.1082910156E+001
 0.7171717    0.9593505859E+000    0.1079614258E+001
 0.7272727    0.9290283203E+000    0.1080200195E+001
 0.7373737    0.9115234375E+000    0.1080712891E+001
 0.7474747    0.9001220703E+000    0.1075976562E+001
 0.7575758    0.8560302734E+000    0.1042333984E+001
 0.7676768    0.8563964844E+000    0.1076635742E+001
 0.7777778    0.7983154297E+000    0.1059863281E+001
 0.7878788    0.7992431641E+000    0.1052709961E+001
 0.7979798    0.7431884766E+000    0.1040551758E+001
 0.8080808    0.7157958984E+000    0.1034887695E+001
 0.8181818    0.6803466797E+000    0.1020532227E+001
 0.8282828    0.6502441406E+000    0.1030541992E+001
 0.8383838    0.6523437500E+000    0.1048510742E+001
 0.8484848    0.5919189453E+000    0.1025146484E+001
 0.8585859    0.5923339844E+000    0.1032324219E+001
 0.8686869    0.5355957031E+000    0.1015844727E+001
 0.8787879    0.4823242187E+000    0.9989990234E+000
 0.8888889    0.4608398437E+000    0.9907226562E+000
 0.8989899    0.4279541016E+000    0.1000097656E+001
 0.9090909    0.3992187500E+000    0.9934814453E+000
 0.9191919    0.3510253906E+000    0.9893798828E+000
 0.9292929    0.2974609375E+000    0.9770996094E+000
 0.9393939    0.2524414062E+000    0.9508544922E+000
 0.9494949    0.1888916016E+000    0.9397460937E+000
 0.9595960    0.1823486328E+000    0.9661132812E+000
 0.9696970    0.1186767578E+000    0.9618652344E+000
 0.9797980    0.6472167969E-001    0.9421875000E+000
 0.9898990    0.4155273438E-001    0.9446777344E+000
 1.0000000    0.0000000000E+000    0.9244873047E+000


#   100 bins for weightfunction of Ar                      
 0.0000000    0.1608349609E+001    0.3557861328E+000
 0.0101010    0.1630493164E+001    0.3955322266E+000
 0.0202020    0.1629467773E+001    0.3755371094E+000
 0.0303030    0.1633251953E+001    0.3485351563E+000
 0.0404040    0.1640942383E+001    0.3373046875E+000
 0.0505051    0.1693701172E+001    0.3693359375E+000
 0.0606061    0.1774560547E+001    0.3908935547E+000
 0.0707071    0.1819091797E+001    0.3912109375E+000
 0.0808081    0.1861718750E+001    0.4175781250E+000
 0.0909091    0.1961303711E+001    0.4120605469E+000
 0.1010101    0.2041943359E+001    0.4220214844E+000
 0.1111111    0.2052636719E+001    0.3848876953E+000
 0.1212121    0.2125805664E+001    0.4007568359E+000
 0.1313131    0.2252832031E+001    0.4506835938E+000
 0.1414141    0.2325219727E+001    0.4780517578E+000
 0.1515152    0.2372460938E+001    0.4524902344E+000
 0.1616162    0.2380493164E+001    0.4735107422E+000
 0.1717172    0.2429028320E+001    0.4389160156E+000
 0.1818182    0.2441723633E+001    0.4410400391E+000
 0.1919192    0.2466455078E+001    0.4156005859E+000
 0.2020202    0.2491210937E+001    0.4388671875E+000
 0.2121212    0.2433544922E+001    0.4091552734E+000
 0.2222222    0.2428588867E+001    0.4218505859E+000
 0.2323232    0.2443188477E+001    0.4072265625E+000
 0.2424242    0.2407714844E+001    0.3968994141E+000
 0.2525253    0.2400830078E+001    0.4085693359E+000
 0.2626263    0.2386035156E+001    0.3798583984E+000
 0.2727273    0.2366210938E+001    0.3676757813E+000
 0.2828283    0.2327856445E+001    0.3260742188E+000
 0.2929293    0.2308300781E+001    0.3423583984E+000
 0.3030303    0.2264794922E+001    0.3112060547E+000
 0.3131313    0.2213989258E+001    0.3271972656E+000
 0.3232323    0.2169091797E+001    0.3113037109E+000
 0.3333333    0.2178344727E+001    0.2973632813E+000
 0.3434343    0.2085815430E+001    0.2791259766E+000
 0.3535354    0.2047802734E+001    0.2895019531E+000
 0.3636364    0.2013696289E+001    0.2487548828E+000
 0.3737374    0.1959375000E+001    0.2296386719E+000
 0.3838384    0.1908349609E+001    0.2299560547E+000
 0.3939394    0.1828808594E+001    0.2216552734E+000
 0.4040404    0.1801708984E+001    0.2126708984E+000
 0.4141414    0.1752661133E+001    0.2299072266E+000
 0.4242424    0.1698120117E+001    0.1934082031E+000
 0.4343434    0.1689086914E+001    0.1402587891E+000
 0.4444444    0.1567089844E+001    0.1388671875E+000
 0.4545455    0.1551489258E+001    0.1336181641E+000
 0.4646465    0.1495288086E+001    0.1132080078E+000
 0.4747475    0.1424169922E+001    0.9201660156E-001
 0.4848485    0.1310937500E+001    0.1033691406E+000
 0.4949495    0.1295141602E+001    0.8620605469E-001
 0.5050505    0.1273803711E+001    0.4487304688E-001
 0.5151515    0.1288232422E+001    0.4743652344E-001
 0.5252525    0.1296313477E+001    0.9104003906E-001
 0.5353535    0.1276708984E+001    0.0000000000E+000
 0.5454545    0.1295068359E+001    0.4943847656E-001
 0.5555556    0.1276904297E+001    0.6743164063E-001
 0.5656566    0.1304711914E+001    0.3159179688E-001
 0.5757576    0.1266088867E+001    0.3325195313E-001
 0.5858586    0.1287744141E+001    0.7375488281E-001
 0.5959596    0.1244726562E+001    0.4477539063E-001
 0.6060606    0.1260742187E+001    0.4030761719E-001
 0.6161616    0.1282006836E+001    0.2956542969E-001
 0.6262626    0.1296484375E+001    0.3493652344E-001
 0.6363636    0.1314526367E+001    0.4289550781E-001
 0.6464646    0.1286767578E+001    0.6733398438E-001
 0.6565657    0.1270288086E+001    0.4479980469E-001
 0.6666667    0.1311791992E+001    0.3459472656E-001
 0.6767677    0.1336303711E+001    0.6054687500E-002
 0.6868687    0.1314770508E+001    0.5412597656E-001
 0.6969697    0.1274145508E+001    0.4086914063E-001
 0.7070707    0.1287011719E+001    0.3742675781E-001
 0.7171717    0.1272167969E+001    0.1728515625E-001
 0.7272727    0.1306909180E+001    0.5634765625E-001
 0.7373737    0.1309863281E+001    0.7216796875E-001
 0.7474747    0.1292968750E+001    0.4677734375E-001
 0.7575758    0.1309423828E+001    0.6496582031E-001
 0.7676768    0.1293310547E+001    0.5666503906E-001
 0.7777778    0.1275659180E+001    0.4606933594E-001
 0.7878788    0.1309106445E+001    0.5585937500E-001
 0.7979798    0.1297534180E+001    0.5048828125E-001
 0.8080808    0.1276879883E+001    0.4038085938E-001
 0.8181818    0.1286572266E+001    0.4838867188E-001
 0.8282828    0.1312451172E+001    0.6062011719E-001
 0.8383838    0.1298242187E+001    0.5227050781E-001
 0.8484848    0.1300122070E+001    0.4853515625E-001
 0.8585859    0.1263818359E+001    0.5620117188E-001
 0.8686869    0.1296606445E+001    0.6184082031E-001
 0.8787879    0.1286499023E+001    0.5607910156E-001
 0.8888889    0.1281152344E+001    0.3476562500E-001
 0.8989899    0.1280200195E+001    0.3818359375E-001
 0.9090909    0.1282153320E+001    0.6889648438E-001
 0.9191919    0.1302221680E+001    0.5754394531E-001
 0.9292929    0.1282739258E+001    0.4328613281E-001
 0.9393939    0.1295263672E+001    0.6701660156E-001
 0.9494949    0.1278686523E+001    0.4399414063E-001
 0.9595960    0.1294677734E+001    0.4287109375E-001
 0.9696970    0.1272192383E+001    0.3376464844E-001
 0.9797980    0.1287719727E+001    0.5397949219E-001
 0.9898990    0.1294311523E+001    0.6171875000E-001
 1.0000000    0.1286816406E+001    0.5498046875E-001


