#   100 bins for weightfunction of cd                      
 0.0000000    0.3398925781E+001    0.1775781250E+001
 0.0101010    0.3391601563E+001    0.1765722656E+001
 0.0202020    0.3419726563E+001    0.1752636719E+001
 0.0303030    0.3450292969E+001    0.1785742188E+001
 0.0404040    0.3495898438E+001    0.1794726563E+001
 0.0505051    0.3533203125E+001    0.1754785156E+001
 0.0606061    0.3606445313E+001    0.1782714844E+001
 0.0707071    0.3711914063E+001    0.1770214844E+001
 0.0808081    0.3737695313E+001    0.1772265625E+001
 0.0909091    0.3859863281E+001    0.1767382813E+001
 0.1010101    0.3883398438E+001    0.1745117188E+001
 0.1111111    0.4016113281E+001    0.1761230469E+001
 0.1212121    0.4079980469E+001    0.1742578125E+001
 0.1313131    0.4093359375E+001    0.1759277344E+001
 0.1414141    0.4177148438E+001    0.1741894531E+001
 0.1515152    0.4180859375E+001    0.1729003906E+001
 0.1616162    0.4176074219E+001    0.1707031250E+001
 0.1717172    0.4161328125E+001    0.1698925781E+001
 0.1818182    0.4164355469E+001    0.1716699219E+001
 0.1919192    0.4151757813E+001    0.1698828125E+001
 0.2020202    0.4067382813E+001    0.1702636719E+001
 0.2121212    0.4107421875E+001    0.1690625000E+001
 0.2222222    0.4024511719E+001    0.1695117188E+001
 0.2323232    0.3915039063E+001    0.1652636719E+001
 0.2424242    0.3863769531E+001    0.1645214844E+001
 0.2525253    0.3783984375E+001    0.1628906250E+001
 0.2626263    0.3732421875E+001    0.1632617188E+001
 0.2727273    0.3684082031E+001    0.1614257813E+001
 0.2828283    0.3543066406E+001    0.1621386719E+001
 0.2929293    0.3491992188E+001    0.1609960938E+001
 0.3030303    0.3386035156E+001    0.1598339844E+001
 0.3131313    0.3328125000E+001    0.1548437500E+001
 0.3232323    0.3205078125E+001    0.1583300781E+001
 0.3333333    0.3139257813E+001    0.1559863281E+001
 0.3434343    0.3017675781E+001    0.1525195313E+001
 0.3535354    0.2946582031E+001    0.1522460938E+001
 0.3636364    0.2805468750E+001    0.1463183594E+001
 0.3737374    0.2746386719E+001    0.1499414063E+001
 0.3838384    0.2626171875E+001    0.1485839844E+001
 0.3939394    0.2528222656E+001    0.1446191406E+001
 0.4040404    0.2398925781E+001    0.1433496094E+001
 0.4141414    0.2293066406E+001    0.1438964844E+001
 0.4242424    0.2170312500E+001    0.1414453125E+001
 0.4343434    0.2087695313E+001    0.1386132813E+001
 0.4444444    0.1926074219E+001    0.1341503906E+001
 0.4545455    0.1862304688E+001    0.1370605469E+001
 0.4646465    0.1725390625E+001    0.1334179688E+001
 0.4747475    0.1632617188E+001    0.1311523438E+001
 0.4848485    0.1496972656E+001    0.1314355469E+001
 0.4949495    0.1417285156E+001    0.1289453125E+001
 0.5050505    0.1348925781E+001    0.1246972656E+001
 0.5151515    0.1318359375E+001    0.1274218750E+001
 0.5252525    0.1333398438E+001    0.1302148438E+001
 0.5353535    0.1302050781E+001    0.1265527344E+001
 0.5454545    0.1292871094E+001    0.1312597656E+001
 0.5555556    0.1327734375E+001    0.1316503906E+001
 0.5656566    0.1295605469E+001    0.1279882813E+001
 0.5757576    0.1278125000E+001    0.1298437500E+001
 0.5858586    0.1257714844E+001    0.1291210938E+001
 0.5959596    0.1279492188E+001    0.1273046875E+001
 0.6060606    0.1252636719E+001    0.1289355469E+001
 0.6161616    0.1253320313E+001    0.1286523438E+001
 0.6262626    0.1276269531E+001    0.1280078125E+001
 0.6363636    0.1188085938E+001    0.1285937500E+001
 0.6464646    0.1219726563E+001    0.1254394531E+001
 0.6565657    0.1208886719E+001    0.1273730469E+001
 0.6666667    0.1173437500E+001    0.1289062500E+001
 0.6767677    0.1164062500E+001    0.1279296875E+001
 0.6868687    0.1145996094E+001    0.1281738281E+001
 0.6969697    0.1080175781E+001    0.1309375000E+001
 0.7070707    0.1095312500E+001    0.1252148438E+001
 0.7171717    0.1046289063E+001    0.1241699219E+001
 0.7272727    0.1022656250E+001    0.1265527344E+001
 0.7373737    0.9950195313E+000    0.1265820313E+001
 0.7474747    0.9760742188E+000    0.1246679688E+001
 0.7575758    0.9755859375E+000    0.1293457031E+001
 0.7676768    0.9347656250E+000    0.1242871094E+001
 0.7777778    0.8867187500E+000    0.1239453125E+001
 0.7878788    0.8560546875E+000    0.1239160156E+001
 0.7979798    0.8548828125E+000    0.1257714844E+001
 0.8080808    0.8125976563E+000    0.1258984375E+001
 0.8181818    0.7753906250E+000    0.1235546875E+001
 0.8282828    0.7328125000E+000    0.1242187500E+001
 0.8383838    0.6827148438E+000    0.1243359375E+001
 0.8484848    0.6491210938E+000    0.1233691406E+001
 0.8585859    0.6210937500E+000    0.1225683594E+001
 0.8686869    0.5936523438E+000    0.1230078125E+001
 0.8787879    0.5404296875E+000    0.1220312500E+001
 0.8888889    0.4953125000E+000    0.1223535156E+001
 0.8989899    0.4428710938E+000    0.1198730469E+001
 0.9090909    0.4049804688E+000    0.1199902344E+001
 0.9191919    0.3610351563E+000    0.1206152344E+001
 0.9292929    0.3441406250E+000    0.1231640625E+001
 0.9393939    0.2525390625E+000    0.1188574219E+001
 0.9494949    0.2120117188E+000    0.1188574219E+001
 0.9595960    0.1957031250E+000    0.1187792969E+001
 0.9696970    0.1594726563E+000    0.1210742188E+001
 0.9797980    0.7861328125E-001    0.1191992188E+001
 0.9898990    0.0000000000E+000    0.1171386719E+001
 1.0000000    0.2324218750E-001    0.1216992188E+001


#   100 bins for weightfunction of Ar                      
 0.0000000    0.1886645508E+001    0.2549072266E+000
 0.0101010    0.1870336914E+001    0.2508056641E+000
 0.0202020    0.1917626953E+001    0.2528808594E+000
 0.0303030    0.1940625000E+001    0.2808593750E+000
 0.0404040    0.1970141602E+001    0.2724121094E+000
 0.0505051    0.2062060547E+001    0.3236083984E+000
 0.0606061    0.2017919922E+001    0.2362304688E+000
 0.0707071    0.2129150391E+001    0.2694335938E+000
 0.0808081    0.2224707031E+001    0.2963867188E+000
 0.0909091    0.2254052734E+001    0.2648925781E+000
 0.1010101    0.2374243164E+001    0.3130615234E+000
 0.1111111    0.2450170898E+001    0.2948730469E+000
 0.1212121    0.2508374023E+001    0.2734130859E+000
 0.1313131    0.2598901367E+001    0.2721191406E+000
 0.1414141    0.2665161133E+001    0.2855224609E+000
 0.1515152    0.2741796875E+001    0.2817382813E+000
 0.1616162    0.2776464844E+001    0.2919189453E+000
 0.1717172    0.2805883789E+001    0.2904541016E+000
 0.1818182    0.2851928711E+001    0.2402587891E+000
 0.1919192    0.2833154297E+001    0.2436279297E+000
 0.2020202    0.2870922852E+001    0.2627685547E+000
 0.2121212    0.2844946289E+001    0.2393310547E+000
 0.2222222    0.2912548828E+001    0.2362060547E+000
 0.2323232    0.2882617187E+001    0.2463378906E+000
 0.2424242    0.2822827148E+001    0.2179443359E+000
 0.2525253    0.2817822266E+001    0.2117431641E+000
 0.2626263    0.2774755859E+001    0.2511230469E+000
 0.2727273    0.2779541016E+001    0.2484375000E+000
 0.2828283    0.2718286133E+001    0.1738525391E+000
 0.2929293    0.2672583008E+001    0.2077636719E+000
 0.3030303    0.2685375977E+001    0.2057861328E+000
 0.3131313    0.2642236328E+001    0.1947265625E+000
 0.3232323    0.2589819336E+001    0.1827880859E+000
 0.3333333    0.2502978516E+001    0.1501220703E+000
 0.3434343    0.2490039062E+001    0.1883056641E+000
 0.3535354    0.2500000000E+001    0.1733398438E+000
 0.3636364    0.2413574219E+001    0.1500488281E+000
 0.3737374    0.2357543945E+001    0.1229736328E+000
 0.3838384    0.2271679687E+001    0.1574707031E+000
 0.3939394    0.2267285156E+001    0.1124023438E+000
 0.4040404    0.2183203125E+001    0.1373291016E+000
 0.4141414    0.2105468750E+001    0.1040527344E+000
 0.4242424    0.2104711914E+001    0.1157958984E+000
 0.4343434    0.1983496094E+001    0.9624023438E-001
 0.4444444    0.1962182617E+001    0.7553710938E-001
 0.4545455    0.1873193359E+001    0.9685058594E-001
 0.4646465    0.1839282227E+001    0.5947265625E-001
 0.4747475    0.1762402344E+001    0.3093261719E-001
 0.4848485    0.1717187500E+001    0.3757324219E-001
 0.4949495    0.1599804688E+001    0.3527832031E-001
 0.5050505    0.1609716797E+001    0.8203125000E-002
 0.5151515    0.1606347656E+001    0.3933105469E-001
 0.5252525    0.1631591797E+001    0.2561035156E-001
 0.5353535    0.1635888672E+001    0.1755371094E-001
 0.5454545    0.1639160156E+001    0.3164062500E-001
 0.5555556    0.1604589844E+001    0.1635742188E-001
 0.5656566    0.1597778320E+001    0.4580078125E-001
 0.5757576    0.1607983398E+001    0.2929687500E-001
 0.5858586    0.1586987305E+001    0.3349609375E-001
 0.5959596    0.1615747070E+001    0.4201660156E-001
 0.6060606    0.1653833008E+001    0.2441406250E-001
 0.6161616    0.1629296875E+001    0.1821289063E-001
 0.6262626    0.1622583008E+001    0.3850097656E-001
 0.6363636    0.1621142578E+001    0.3393554687E-002
 0.6464646    0.1648144531E+001    0.3879394531E-001
 0.6565657    0.1620849609E+001    0.2697753906E-001
 0.6666667    0.1599291992E+001    0.1081542969E-001
 0.6767677    0.1623046875E+001    0.3869628906E-001
 0.6868687    0.1618090820E+001    0.0000000000E+000
 0.6969697    0.1586132813E+001    0.3891601563E-001
 0.7070707    0.1629443359E+001    0.6821289063E-001
 0.7171717    0.1613549805E+001    0.1040039063E-001
 0.7272727    0.1607055664E+001    0.2104492188E-001
 0.7373737    0.1631835938E+001    0.3125000000E-001
 0.7474747    0.1594018555E+001    0.1562500000E-001
 0.7575758    0.1625708008E+001    0.5361328125E-001
 0.7676768    0.1625097656E+001    0.3515625000E-001
 0.7777778    0.1624462891E+001    0.2500000000E-001
 0.7878788    0.1606250000E+001    0.2194824219E-001
 0.7979798    0.1622241211E+001    0.5153808594E-001
 0.8080808    0.1623095703E+001    0.4194335938E-001
 0.8181818    0.1630517578E+001    0.2861328125E-001
 0.8282828    0.1609619141E+001    0.1120605469E-001
 0.8383838    0.1631347656E+001    0.6972656250E-001
 0.8484848    0.1588037109E+001    0.9301757812E-002
 0.8585859    0.1630126953E+001    0.3696289063E-001
 0.8686869    0.1570288086E+001    0.2636718750E-002
 0.8787879    0.1618164063E+001    0.3164062500E-001
 0.8888889    0.1635253906E+001    0.5117187500E-001
 0.8989899    0.1613183594E+001    0.4711914063E-001
 0.9090909    0.1646533203E+001    0.5878906250E-001
 0.9191919    0.1627001953E+001    0.5988769531E-001
 0.9292929    0.1628198242E+001    0.3371582031E-001
 0.9393939    0.1628857422E+001    0.4831542969E-001
 0.9494949    0.1631323242E+001    0.5532226563E-001
 0.9595960    0.1596044922E+001    0.1540527344E-001
 0.9696970    0.1644335938E+001    0.4531250000E-001
 0.9797980    0.1601586914E+001    0.1735839844E-001
 0.9898990    0.1627026367E+001    0.2687988281E-001
 1.0000000    0.1602661133E+001    0.1440429687E-002


