Compiled using GNU Fortran (Ubuntu 9.4.0-1ubuntu1~20.04.2) 9.4.0 with all optimizations
Last Brick update unknown
Compiled at 18:43:37 on Sep  2 2023
Starting at 16:56:21 on Sep 11 2023

Settings
OK                      

Forcefield
OK                      

Topology
OK                      

Configuration
OK                      Read from ./INPUT/restart.in

 F
Monte Carlo Simulation initialized.

#########################################################################################################################
###########################################   ENERGY STARTING CONFIGURATION   ###########################################
#########################################################################################################################
                                               Box 1               Box 2
-------------------------------------------------------------------------------------------------------------------------
Lennard Jones        
 Intermolecular                         -0.3833889739E+006  -0.1098200141E+006
 Tailcorrection                         -0.9389288826E+004  -0.2674350548E+004
Total Intermolecular                    -0.3927782627E+006  -0.1124943646E+006

Electrostatic        
 Real                                   -0.8704436025E+005  -0.1159972585E+005
 Exclusion                               0.6535940914E+007   0.2494917704E+007
 Selfterm                               -0.6556933700E+007  -0.2497433963E+007
 Fourier                                 0.1239258341E+005   0.2421410945E+004
Total Intermolecular                    -0.9564456298E+005  -0.1169457387E+005

Intramolecular       
 Lennard Jones                           0.0000000000E+000   0.0000000000E+000
 Electrostatic                           0.0000000000E+000   0.0000000000E+000
 Bending                                 0.0000000000E+000   0.0000000000E+000
 Torsion                                 0.0000000000E+000   0.0000000000E+000

Total                                   -0.4884228257E+006  -0.1241889385E+006

#########################################################################################################################

Simulation is running...



#########################################################################################################################
###############################################   RELATIVE ENERGY DRIFTS   ##############################################
#########################################################################################################################
                                               Box 1               Box 2                                                 
-------------------------------------------------------------------------------------------------------------------------

Lennard Jones        
 Intermolecular                          0.1047363484E-013   0.1940562206E-014
 Tailcorrection                          0.0000000000E+000   0.0000000000E+000

Electrostatic        
 Real                                    0.1356827864E-014   0.5469862144E-014
 Exclusion                               0.0000000000E+000   0.1771617689E-015
 Selfterm                                0.0000000000E+000   0.0000000000E+000
 Fourier                                 0.3104619878E-015   0.1687173439E-015

Intramolecular       
 Lennard Jones                           0.0000000000E+000   0.0000000000E+000
 Electrostatic                           0.0000000000E+000   0.0000000000E+000
 Bending                                 0.0000000000E+000   0.0000000000E+000
 Torsion                                 0.0000000000E+000   0.0000000000E+000

Total                                    0.8014164717E-014   0.3635626958E-014

#########################################################################################################################
############################################   TRIAL MOVE ACCEPTANCE RATES   ############################################
#########################################################################################################################
                                               Box 1               Box 2
-------------------------------------------------------------------------------------------------------------------------
Translation
 CO2                                          0.49632             0.48050
 AR                                           0.48987             0.47755
-------------------------------------------------------------------------------------------------------------------------
Rotation
 CO2                                          0.50121             0.57855
 AR                                           0.00000             0.00000
-------------------------------------------------------------------------------------------------------------------------
Lambda Move
 cd                                           0.76718             0.90458
 Ar                                           0.84207             0.94067
-------------------------------------------------------------------------------------------------------------------------
GE Swap Fractional
 cd                                           0.36961             0.36717
 Ar                                           0.46952             0.45361
-------------------------------------------------------------------------------------------------------------------------
GE Identity Change
 cd                                           0.78862             0.77638
 Ar                                           0.91676             0.86853
-------------------------------------------------------------------------------------------------------------------------
Volume                                        0.45558             0.48849

#########################################################################################################################
######################################################   AVERAGES   #####################################################
#########################################################################################################################
                                                       Boltzmann                                    Biased
                                               Box 1               Box 2                  Box 1               Box 2      
-------------------------------------------------------------------------------------------------------------------------
Density
 CO2                                     0.7646399386E+003   0.1149150816E+003      0.7601677351E+003   0.1142277581E+003
 AR                                      0.1769315530E+003   0.1865424567E+003      0.1782150197E+003   0.1866647441E+003
 Total                                   0.9415714916E+003   0.3014575383E+003      0.9383827548E+003   0.3008925021E+003

Number of molecules
 CO2                                     0.3299987535E+003   0.2100012465E+003      0.3323226500E+003   0.2076773500E+003
 AR                                      0.8541087718E+002   0.3745891228E+003      0.8709209000E+002   0.3729079100E+003
 Total                                   0.4154096307E+003   0.5845903693E+003      0.4194147400E+003   0.5805852600E+003

Mole fractions
 CO2                                          0.79439             0.35923                 0.79235             0.35770
 AR                                           0.20561             0.64077                 0.20765             0.64230

Volume                                   0.3173317897E+005   0.1336919704E+006      0.3213971408E+005   0.1330098754E+006

#########################################################################################################################
#######################################   PROPERTIES FROM THE CFC GIBBS ENSEMBLE   ######################################
#########################################################################################################################
                                                       Boltzmann                                    Biased
                                               Box 1               Box 2                  Box 1               Box 2      
Chemical Potentials (as an indication)
=========================================================================================================================

Total cd                                -0.1936566982E+004  -0.1933859267E+004     -0.1938051065E+004  -0.1935377040E+004
 Ideal gas                              -0.1153657073E+004  -0.1633145612E+004     -0.1155141156E+004  -0.1634663385E+004
 Excess                                 -0.7829099095E+003  -0.3007136546E+003     -0.7829099095E+003  -0.3007136546E+003

-------------------------------------------------------------------------------------------------------------------------

Total Ar                                -0.1591807120E+004  -0.1586932206E+004     -0.1589978475E+004  -0.1586766407E+004
 Ideal gas                              -0.1499458442E+004  -0.1486075776E+004     -0.1497629797E+004  -0.1485909977E+004
 Excess                                 -0.9234867779E+002  -0.1008564299E+003     -0.9234867779E+002  -0.1008564299E+003

-------------------------------------------------------------------------------------------------------------------------

#########################################################################################################################
#########################################   PROPERTIES FROM UMBRELLA SAMPLING   #########################################
#########################################################################################################################

Excess Partial Molar Enthalpy
=========================================================================================================================


Partial Molar Volume
=========================================================================================================================


#########################################################################################################################
##################################################   AVERAGE ENERGIES   #################################################
#########################################################################################################################
                                                       Boltzmann                                    Biased
                                               Box 1               Box 2                  Box 1               Box 2      
-------------------------------------------------------------------------------------------------------------------------
Lennard Jones        
 Intermolecular                         -0.3552541057E+006  -0.1240983363E+006     -0.3571590522E+006  -0.1225556524E+006
 Tailcorrection                         -0.8832722532E+004  -0.2991122074E+004     -0.8882616655E+004  -0.2957649556E+004
Total Intermolecular                    -0.3640868282E+006  -0.1270894584E+006     -0.3660416688E+006  -0.1255133019E+006

Electrostatic        
 Real                                   -0.8663137806E+005  -0.1273266682E+005     -0.8673567539E+005  -0.1249442973E+005
 Exclusion                               0.6044694031E+007   0.2852308661E+007      0.6085735029E+007   0.2820012062E+007
 Selfterm                               -0.6064109350E+007  -0.2855185026E+007     -0.6105282037E+007  -0.2822855806E+007
 Fourier                                 0.1084160901E+005   0.2768445402E+004      0.1096017092E+005   0.2738145179E+004
Total Intermolecular                    -0.9520508850E+005  -0.1284058668E+005     -0.9532251330E+005  -0.1260002873E+005

Intramolecular       
 Lennard Jones                           0.0000000000E+000   0.0000000000E+000      0.0000000000E+000   0.0000000000E+000
 Electrostatic                           0.0000000000E+000   0.0000000000E+000      0.0000000000E+000   0.0000000000E+000
 Bending                                 0.0000000000E+000   0.0000000000E+000      0.0000000000E+000   0.0000000000E+000
 Torsion                                 0.0000000000E+000   0.0000000000E+000      0.0000000000E+000   0.0000000000E+000

Total                                   -0.4592919167E+006  -0.1399300450E+006     -0.4613641821E+006  -0.1381133307E+006

#########################################################################################################################

No errors found in bookkeeping.

Total simulation time:  13 hours and  53 minutes

Simulation finished.

