#   100 bins for weightfunction of cd                      
 0.0000000    0.3158941650E+001    0.1533087158E+001
 0.0101010    0.3150360107E+001    0.1539398193E+001
 0.0202020    0.3198876953E+001    0.1566943359E+001
 0.0303030    0.3239013672E+001    0.1554968262E+001
 0.0404040    0.3271917725E+001    0.1543304443E+001
 0.0505051    0.3311346436E+001    0.1552716064E+001
 0.0606061    0.3379534912E+001    0.1549816895E+001
 0.0707071    0.3464349365E+001    0.1557165527E+001
 0.0808081    0.3556890869E+001    0.1570068359E+001
 0.0909091    0.3632409668E+001    0.1561157227E+001
 0.1010101    0.3703271484E+001    0.1534698486E+001
 0.1111111    0.3787274170E+001    0.1544909668E+001
 0.1212121    0.3867004395E+001    0.1553521729E+001
 0.1313131    0.3938311768E+001    0.1558905029E+001
 0.1414141    0.3953631592E+001    0.1516735840E+001
 0.1515152    0.3954357910E+001    0.1510284424E+001
 0.1616162    0.3984777832E+001    0.1518133545E+001
 0.1717172    0.3996014404E+001    0.1508441162E+001
 0.1818182    0.3961566162E+001    0.1487060547E+001
 0.1919192    0.3972131348E+001    0.1481365967E+001
 0.2020202    0.3920678711E+001    0.1478009033E+001
 0.2121212    0.3886938477E+001    0.1457604980E+001
 0.2222222    0.3883306885E+001    0.1444836426E+001
 0.2323232    0.3815673828E+001    0.1426794434E+001
 0.2424242    0.3714038086E+001    0.1412091064E+001
 0.2525253    0.3684240723E+001    0.1384753418E+001
 0.2626263    0.3627758789E+001    0.1376019287E+001
 0.2727273    0.3514355469E+001    0.1348706055E+001
 0.2828283    0.3436480713E+001    0.1328417969E+001
 0.2929293    0.3374365234E+001    0.1310375977E+001
 0.3030303    0.3264459229E+001    0.1275720215E+001
 0.3131313    0.3205126953E+001    0.1258532715E+001
 0.3232323    0.3117407227E+001    0.1231488037E+001
 0.3333333    0.3045751953E+001    0.1221508789E+001
 0.3434343    0.2932836914E+001    0.1219952393E+001
 0.3535354    0.2846887207E+001    0.1168707275E+001
 0.3636364    0.2732080078E+001    0.1159344482E+001
 0.3737374    0.2639404297E+001    0.1129425049E+001
 0.3838384    0.2544055176E+001    0.1124176025E+001
 0.3939394    0.2438739014E+001    0.1093969727E+001
 0.4040404    0.2335052490E+001    0.1057312012E+001
 0.4141414    0.2262609863E+001    0.1044390869E+001
 0.4242424    0.2134289551E+001    0.1021105957E+001
 0.4343434    0.2020587158E+001    0.9881835937E+000
 0.4444444    0.1930426025E+001    0.9771850586E+000
 0.4545455    0.1806311035E+001    0.9548889160E+000
 0.4646465    0.1697113037E+001    0.9473510742E+000
 0.4747475    0.1590924072E+001    0.9030395508E+000
 0.4848485    0.1470251465E+001    0.8588745117E+000
 0.4949495    0.1354016113E+001    0.8231384277E+000
 0.5050505    0.1317938232E+001    0.8348999023E+000
 0.5151515    0.1313281250E+001    0.8268737793E+000
 0.5252525    0.1279895020E+001    0.8410400391E+000
 0.5353535    0.1283642578E+001    0.8423889160E+000
 0.5454545    0.1275427246E+001    0.8386291504E+000
 0.5555556    0.1291394043E+001    0.8143005371E+000
 0.5656566    0.1280450439E+001    0.8139831543E+000
 0.5757576    0.1256964111E+001    0.8137451172E+000
 0.5858586    0.1280883789E+001    0.8197143555E+000
 0.5959596    0.1241015625E+001    0.8229309082E+000
 0.6060606    0.1233276367E+001    0.8160034180E+000
 0.6161616    0.1211767578E+001    0.8296203613E+000
 0.6262626    0.1216430664E+001    0.8317626953E+000
 0.6363636    0.1216107178E+001    0.8077697754E+000
 0.6464646    0.1159729004E+001    0.8063415527E+000
 0.6565657    0.1150231934E+001    0.7954406738E+000
 0.6666667    0.1102514648E+001    0.8073913574E+000
 0.6767677    0.1116265869E+001    0.8091491699E+000
 0.6868687    0.1100286865E+001    0.8049194336E+000
 0.6969697    0.1068750000E+001    0.8031799316E+000
 0.7070707    0.1058721924E+001    0.8102539062E+000
 0.7171717    0.1026464844E+001    0.8027221680E+000
 0.7272727    0.1002459717E+001    0.7984008789E+000
 0.7373737    0.9656677246E+000    0.7838745117E+000
 0.7474747    0.9581848145E+000    0.7825744629E+000
 0.7575758    0.9236938477E+000    0.7749450684E+000
 0.7676768    0.9080688477E+000    0.7919494629E+000
 0.7777778    0.8766357422E+000    0.7752380371E+000
 0.7878788    0.8430175781E+000    0.7714843750E+000
 0.7979798    0.7966552734E+000    0.7427307129E+000
 0.8080808    0.7655700684E+000    0.7467163086E+000
 0.8181818    0.7474182129E+000    0.7599060059E+000
 0.8282828    0.7049682617E+000    0.7610595703E+000
 0.8383838    0.6653686523E+000    0.7352966309E+000
 0.8484848    0.6529174805E+000    0.7466125488E+000
 0.8585859    0.6090209961E+000    0.7439758301E+000
 0.8686869    0.5632568359E+000    0.7346435547E+000
 0.8787879    0.5195922852E+000    0.7329895020E+000
 0.8888889    0.4863037109E+000    0.7242431641E+000
 0.8989899    0.4223632812E+000    0.6904602051E+000
 0.9090909    0.3749450684E+000    0.6904846191E+000
 0.9191919    0.3484008789E+000    0.7028564453E+000
 0.9292929    0.2903076172E+000    0.6910400391E+000
 0.9393939    0.2456359863E+000    0.6769592285E+000
 0.9494949    0.2041564941E+000    0.6868896484E+000
 0.9595960    0.1676330566E+000    0.6820678711E+000
 0.9696970    0.1124450684E+000    0.6710449219E+000
 0.9797980    0.6356201172E-001    0.6658325195E+000
 0.9898990    0.7434082031E-002    0.6602355957E+000
 1.0000000    0.0000000000E+000    0.6723510742E+000


#   100 bins for weightfunction of Ar                      
 0.0000000    0.1974134827E+001    0.3510360718E+000
 0.0101010    0.1961384583E+001    0.3418731689E+000
 0.0202020    0.1969685364E+001    0.3393737793E+000
 0.0303030    0.1987145996E+001    0.3439270020E+000
 0.0404040    0.2015248108E+001    0.3362167358E+000
 0.0505051    0.2049629211E+001    0.3410354614E+000
 0.0606061    0.2115492249E+001    0.3467056274E+000
 0.0707071    0.2178984070E+001    0.3515411377E+000
 0.0808081    0.2244131470E+001    0.3633209229E+000
 0.0909091    0.2342193604E+001    0.3835556030E+000
 0.1010101    0.2432397461E+001    0.3876541138E+000
 0.1111111    0.2493643188E+001    0.3736846924E+000
 0.1212121    0.2571699524E+001    0.3580398560E+000
 0.1313131    0.2626553345E+001    0.3777313232E+000
 0.1414141    0.2712988281E+001    0.3641250610E+000
 0.1515152    0.2805599976E+001    0.3789077759E+000
 0.1616162    0.2843373108E+001    0.3683258057E+000
 0.1717172    0.2883555603E+001    0.3570602417E+000
 0.1818182    0.2883676147E+001    0.3586441040E+000
 0.1919192    0.2919348145E+001    0.3540115356E+000
 0.2020202    0.2945532227E+001    0.3546279907E+000
 0.2121212    0.2940167236E+001    0.3432281494E+000
 0.2222222    0.2952471924E+001    0.3455459595E+000
 0.2323232    0.2944726562E+001    0.3442245483E+000
 0.2424242    0.2900836182E+001    0.3232101440E+000
 0.2525253    0.2906985474E+001    0.3081390381E+000
 0.2626263    0.2863298035E+001    0.2844375610E+000
 0.2727273    0.2821633911E+001    0.2860870361E+000
 0.2828283    0.2812840271E+001    0.2776306152E+000
 0.2929293    0.2787837219E+001    0.2692932129E+000
 0.3030303    0.2731813049E+001    0.2542053223E+000
 0.3131313    0.2682214355E+001    0.2585205078E+000
 0.3232323    0.2674237061E+001    0.2243270874E+000
 0.3333333    0.2617576599E+001    0.2281814575E+000
 0.3434343    0.2570686340E+001    0.2243942261E+000
 0.3535354    0.2524575806E+001    0.1913528442E+000
 0.3636364    0.2486582947E+001    0.1917190552E+000
 0.3737374    0.2431541443E+001    0.1700027466E+000
 0.3838384    0.2379391479E+001    0.1551910400E+000
 0.3939394    0.2317594910E+001    0.1568557739E+000
 0.4040404    0.2272532654E+001    0.1377883911E+000
 0.4141414    0.2220307922E+001    0.1188003540E+000
 0.4242424    0.2186886597E+001    0.1201492310E+000
 0.4343434    0.2100085449E+001    0.9772033691E-001
 0.4444444    0.2033308411E+001    0.8430328369E-001
 0.4545455    0.1987330627E+001    0.8243560791E-001
 0.4646465    0.1929193115E+001    0.7112274170E-001
 0.4747475    0.1871389771E+001    0.4115142822E-001
 0.4848485    0.1811824036E+001    0.3516235352E-001
 0.4949495    0.1761769104E+001    0.2062683105E-001
 0.5050505    0.1709436035E+001    0.0000000000E+000
 0.5151515    0.1701191711E+001    0.9008789062E-002
 0.5252525    0.1730599976E+001    0.4238891602E-002
 0.5353535    0.1718295288E+001    0.1325073242E-001
 0.5454545    0.1707534790E+001    0.1451416016E-001
 0.5555556    0.1713732910E+001    0.1888427734E-001
 0.5656566    0.1717095947E+001    0.1539764404E-001
 0.5757576    0.1716714478E+001    0.2403869629E-001
 0.5858586    0.1717233276E+001    0.1896972656E-001
 0.5959596    0.1711509705E+001    0.2769165039E-001
 0.6060606    0.1707751465E+001    0.1054687500E-001
 0.6161616    0.1723483276E+001    0.3180694580E-001
 0.6262626    0.1719992065E+001    0.2843170166E-001
 0.6363636    0.1716990662E+001    0.1326904297E-001
 0.6464646    0.1713824463E+001    0.3833770752E-001
 0.6565657    0.1727711487E+001    0.3093109131E-001
 0.6666667    0.1715890503E+001    0.3592071533E-001
 0.6767677    0.1711030579E+001    0.3667602539E-001
 0.6868687    0.1724166870E+001    0.2983856201E-001
 0.6969697    0.1724002075E+001    0.2648468018E-001
 0.7070707    0.1704785156E+001    0.2121276855E-001
 0.7171717    0.1717658997E+001    0.1929931641E-001
 0.7272727    0.1718690491E+001    0.2742004395E-001
 0.7373737    0.1711590576E+001    0.2060546875E-001
 0.7474747    0.1706262207E+001    0.1408233643E-001
 0.7575758    0.1717767334E+001    0.2333526611E-001
 0.7676768    0.1725631714E+001    0.2821350098E-001
 0.7777778    0.1713937378E+001    0.1919555664E-001
 0.7878788    0.1715284729E+001    0.2460479736E-001
 0.7979798    0.1709506226E+001    0.2068634033E-001
 0.8080808    0.1719046021E+001    0.2142791748E-001
 0.8181818    0.1726896667E+001    0.3017120361E-001
 0.8282828    0.1710137939E+001    0.2417602539E-001
 0.8383838    0.1718397522E+001    0.2677612305E-001
 0.8484848    0.1707949829E+001    0.2399291992E-001
 0.8585859    0.1710652161E+001    0.1697998047E-001
 0.8686869    0.1711013794E+001    0.1393280029E-001
 0.8787879    0.1721597290E+001    0.1860809326E-001
 0.8888889    0.1710353088E+001    0.1414794922E-001
 0.8989899    0.1716487122E+001    0.3334197998E-001
 0.9090909    0.1708549500E+001    0.1103515625E-001
 0.9191919    0.1697775269E+001    0.1052246094E-001
 0.9292929    0.1704586792E+001    0.1728210449E-001
 0.9393939    0.1719548035E+001    0.1280517578E-001
 0.9494949    0.1707019043E+001    0.1722106934E-001
 0.9595960    0.1713430786E+001    0.1236877441E-001
 0.9696970    0.1724900818E+001    0.2899932861E-001
 0.9797980    0.1725924683E+001    0.2707824707E-001
 0.9898990    0.1718634033E+001    0.2708587646E-001
 1.0000000    0.1714155579E+001    0.7774353027E-002


