Compiled using GNU Fortran (Ubuntu 9.4.0-1ubuntu1~20.04.2) 9.4.0 with all optimizations
Last Brick update unknown
Compiled at 18:43:37 on Sep  2 2023
Starting at 16:56:21 on Sep 11 2023

Settings
OK                      

Forcefield
OK                      

Topology
OK                      

Configuration
OK                      Read from ./INPUT/restart.in

 F
Monte Carlo Simulation initialized.

#########################################################################################################################
###########################################   ENERGY STARTING CONFIGURATION   ###########################################
#########################################################################################################################
                                               Box 1               Box 2
-------------------------------------------------------------------------------------------------------------------------
Lennard Jones        
 Intermolecular                         -0.4531918727E+006  -0.8222469845E+005
 Tailcorrection                         -0.1123668440E+005  -0.2000990985E+004
Total Intermolecular                    -0.4644285571E+006  -0.8422568944E+005

Electrostatic        
 Real                                   -0.1234893639E+006  -0.9225069843E+004
 Exclusion                               0.7725958167E+007   0.3026781232E+007
 Selfterm                               -0.7750773169E+007  -0.3029833382E+007
 Fourier                                 0.1228334967E+005   0.2970068650E+004
Total Intermolecular                    -0.1360210163E+006  -0.9307151899E+004

Intramolecular       
 Lennard Jones                           0.0000000000E+000   0.0000000000E+000
 Electrostatic                           0.0000000000E+000   0.0000000000E+000
 Bending                                 0.0000000000E+000   0.0000000000E+000
 Torsion                                 0.0000000000E+000   0.0000000000E+000

Total                                   -0.6004495734E+006  -0.9353284134E+005

#########################################################################################################################

Simulation is running...



#########################################################################################################################
###############################################   RELATIVE ENERGY DRIFTS   ##############################################
#########################################################################################################################
                                               Box 1               Box 2                                                 
-------------------------------------------------------------------------------------------------------------------------

Lennard Jones        
 Intermolecular                          0.4638730844E-014   0.1418895451E-014
 Tailcorrection                          0.0000000000E+000   0.0000000000E+000

Electrostatic        
 Real                                    0.2235483807E-014   0.4921166104E-014
 Exclusion                               0.0000000000E+000   0.1641525672E-015
 Selfterm                                0.0000000000E+000   0.0000000000E+000
 Fourier                                 0.4798674434E-015   0.1756432498E-015

Intramolecular       
 Lennard Jones                           0.0000000000E+000   0.0000000000E+000
 Electrostatic                           0.0000000000E+000   0.0000000000E+000
 Bending                                 0.0000000000E+000   0.0000000000E+000
 Torsion                                 0.0000000000E+000   0.0000000000E+000

Total                                    0.2882569918E-014   0.5630152204E-014

#########################################################################################################################
############################################   TRIAL MOVE ACCEPTANCE RATES   ############################################
#########################################################################################################################
                                               Box 1               Box 2
-------------------------------------------------------------------------------------------------------------------------
Translation
 CO2                                          0.50329             0.48223
 AR                                           0.52435             0.50556
-------------------------------------------------------------------------------------------------------------------------
Rotation
 CO2                                          0.51278             0.66315
 AR                                           0.00000             0.00000
-------------------------------------------------------------------------------------------------------------------------
Lambda Move
 cd                                           0.75108             0.92696
 Ar                                           0.82904             0.95626
-------------------------------------------------------------------------------------------------------------------------
GE Swap Fractional
 cd                                           0.38261             0.36294
 Ar                                           0.42548             0.48914
-------------------------------------------------------------------------------------------------------------------------
GE Identity Change
 cd                                           0.83053             0.76762
 Ar                                           0.87314             0.96228
-------------------------------------------------------------------------------------------------------------------------
Volume                                        0.52299             0.49611

#########################################################################################################################
######################################################   AVERAGES   #####################################################
#########################################################################################################################
                                                       Boltzmann                                    Biased
                                               Box 1               Box 2                  Box 1               Box 2      
-------------------------------------------------------------------------------------------------------------------------
Density
 CO2                                     0.8813160871E+003   0.8469914796E+002      0.8792518575E+003   0.8489620222E+002
 AR                                      0.1056448301E+003   0.1129596912E+003      0.1060810289E+003   0.1130574227E+003
 Total                                   0.9869609172E+003   0.1976588392E+003      0.9853328864E+003   0.1979536249E+003

Number of molecules
 CO2                                     0.4434777643E+003   0.2015222357E+003      0.4434552200E+003   0.2015447800E+003
 AR                                      0.5878990781E+002   0.2962100922E+003      0.5917261000E+002   0.2958273900E+003
 Total                                   0.5022676721E+003   0.4977323279E+003      0.5026278300E+003   0.4973721700E+003

Mole fractions
 CO2                                          0.88295             0.40488                 0.88227             0.40522
 AR                                           0.11705             0.59512                 0.11773             0.59478

Volume                                   0.3681648765E+005   0.1746035797E+006      0.3690204303E+005   0.1742282803E+006

#########################################################################################################################
#######################################   PROPERTIES FROM THE CFC GIBBS ENSEMBLE   ######################################
#########################################################################################################################
                                                       Boltzmann                                    Biased
                                               Box 1               Box 2                  Box 1               Box 2      
Chemical Potentials (as an indication)
=========================================================================================================================

Total cd                                -0.1929711017E+004  -0.1927536070E+004     -0.1930304292E+004  -0.1926948145E+004
 Ideal gas                              -0.1117728216E+004  -0.1710332849E+004     -0.1118321491E+004  -0.1709744923E+004
 Excess                                 -0.8119828008E+003  -0.2172032212E+003     -0.8119828008E+003  -0.2172032212E+003

-------------------------------------------------------------------------------------------------------------------------

Total Ar                                -0.1686647442E+004  -0.1685902012E+004     -0.1685604977E+004  -0.1685683214E+004
 Ideal gas                              -0.1629925518E+004  -0.1612987615E+004     -0.1628883052E+004  -0.1612768817E+004
 Excess                                 -0.5672192447E+002  -0.7291439676E+002     -0.5672192447E+002  -0.7291439676E+002

-------------------------------------------------------------------------------------------------------------------------

#########################################################################################################################
#########################################   PROPERTIES FROM UMBRELLA SAMPLING   #########################################
#########################################################################################################################

Excess Partial Molar Enthalpy
=========================================================================================================================


Partial Molar Volume
=========================================================================================================================


#########################################################################################################################
##################################################   AVERAGE ENERGIES   #################################################
#########################################################################################################################
                                                       Boltzmann                                    Biased
                                               Box 1               Box 2                  Box 1               Box 2      
-------------------------------------------------------------------------------------------------------------------------
Lennard Jones        
 Intermolecular                         -0.4793458763E+006  -0.7492326723E+005     -0.4788347565E+006  -0.7493652671E+005
 Tailcorrection                         -0.1181217122E+005  -0.1723486728E+004     -0.1180190654E+005  -0.1722744078E+004
Total Intermolecular                    -0.4911580475E+006  -0.7664675396E+005     -0.4906366631E+006  -0.7665927079E+005

Electrostatic        
 Real                                   -0.1317837753E+006  -0.8991935615E+004     -0.1313981411E+006  -0.9013566007E+004
 Exclusion                               0.8122684676E+007   0.2736968249E+007      0.8120288389E+007   0.2736794184E+007
 Selfterm                               -0.8148774331E+007  -0.2739728287E+007     -0.8146370170E+007  -0.2739554013E+007
 Fourier                                 0.1303914393E+005   0.2641844380E+004      0.1305993255E+005   0.2642331537E+004
Total Intermolecular                    -0.1448342864E+006  -0.9110129391E+004     -0.1444199898E+006  -0.9131063703E+004

Intramolecular       
 Lennard Jones                           0.0000000000E+000   0.0000000000E+000      0.0000000000E+000   0.0000000000E+000
 Electrostatic                           0.0000000000E+000   0.0000000000E+000      0.0000000000E+000   0.0000000000E+000
 Bending                                 0.0000000000E+000   0.0000000000E+000      0.0000000000E+000   0.0000000000E+000
 Torsion                                 0.0000000000E+000   0.0000000000E+000      0.0000000000E+000   0.0000000000E+000

Total                                   -0.6359923339E+006  -0.8575688335E+005     -0.6350566529E+006  -0.8579033450E+005

#########################################################################################################################

No errors found in bookkeeping.

Total simulation time:  16 hours and  37 minutes

Simulation finished.

