#   100 bins for weightfunction of cd                      
 0.0000000    0.3058959961E+001    0.1711914063E+001
 0.0101010    0.3083959961E+001    0.1733984375E+001
 0.0202020    0.3082128906E+001    0.1718481445E+001
 0.0303030    0.3113867187E+001    0.1726025391E+001
 0.0404040    0.3147192383E+001    0.1732690430E+001
 0.0505051    0.3208081055E+001    0.1741601563E+001
 0.0606061    0.3275488281E+001    0.1748266602E+001
 0.0707071    0.3333935547E+001    0.1754272461E+001
 0.0808081    0.3401904297E+001    0.1748779297E+001
 0.0909091    0.3467626953E+001    0.1752319336E+001
 0.1010101    0.3530297852E+001    0.1760961914E+001
 0.1111111    0.3582592773E+001    0.1732983398E+001
 0.1212121    0.3623974609E+001    0.1740551758E+001
 0.1313131    0.3664819336E+001    0.1736450195E+001
 0.1414141    0.3680908203E+001    0.1713574219E+001
 0.1515152    0.3713354492E+001    0.1720019531E+001
 0.1616162    0.3723095703E+001    0.1695166016E+001
 0.1717172    0.3718481445E+001    0.1697460938E+001
 0.1818182    0.3681958008E+001    0.1700878906E+001
 0.1919192    0.3654418945E+001    0.1653955078E+001
 0.2020202    0.3634887695E+001    0.1637133789E+001
 0.2121212    0.3590527344E+001    0.1630712891E+001
 0.2222222    0.3540112305E+001    0.1603100586E+001
 0.2323232    0.3468725586E+001    0.1578930664E+001
 0.2424242    0.3422851562E+001    0.1566845703E+001
 0.2525253    0.3361035156E+001    0.1550512695E+001
 0.2626263    0.3287158203E+001    0.1520385742E+001
 0.2727273    0.3205468750E+001    0.1494067383E+001
 0.2828283    0.3147607422E+001    0.1451098633E+001
 0.2929293    0.3075732422E+001    0.1443872070E+001
 0.3030303    0.2995092773E+001    0.1404028320E+001
 0.3131313    0.2914819336E+001    0.1384790039E+001
 0.3232323    0.2812548828E+001    0.1360351563E+001
 0.3333333    0.2739721680E+001    0.1331689453E+001
 0.3434343    0.2645068359E+001    0.1303833008E+001
 0.3535354    0.2557666016E+001    0.1272607422E+001
 0.3636364    0.2467675781E+001    0.1243920898E+001
 0.3737374    0.2378735352E+001    0.1218823242E+001
 0.3838384    0.2277954102E+001    0.1178344727E+001
 0.3939394    0.2183715820E+001    0.1143041992E+001
 0.4040404    0.2081713867E+001    0.1123754883E+001
 0.4141414    0.1994921875E+001    0.1094995117E+001
 0.4242424    0.1889819336E+001    0.1057983398E+001
 0.4343434    0.1788842773E+001    0.1021044922E+001
 0.4444444    0.1695117188E+001    0.9764160156E+000
 0.4545455    0.1591455078E+001    0.9548583984E+000
 0.4646465    0.1480590820E+001    0.9195800781E+000
 0.4747475    0.1380810547E+001    0.8844726563E+000
 0.4848485    0.1269384766E+001    0.8405761719E+000
 0.4949495    0.1180053711E+001    0.8241943359E+000
 0.5050505    0.1112329102E+001    0.7942382813E+000
 0.5151515    0.1115991211E+001    0.7979736328E+000
 0.5252525    0.1119067383E+001    0.8071777344E+000
 0.5353535    0.1102954102E+001    0.8021484375E+000
 0.5454545    0.1095898438E+001    0.7976806641E+000
 0.5555556    0.1100659180E+001    0.7892822266E+000
 0.5656566    0.1092993164E+001    0.8105957031E+000
 0.5757576    0.1085986328E+001    0.8005859375E+000
 0.5858586    0.1080273438E+001    0.7923583984E+000
 0.5959596    0.1075097656E+001    0.8004394531E+000
 0.6060606    0.1049829102E+001    0.8040039063E+000
 0.6161616    0.1045922852E+001    0.7984375000E+000
 0.6262626    0.1025439453E+001    0.7807128906E+000
 0.6363636    0.1012329102E+001    0.7764892578E+000
 0.6464646    0.9974609375E+000    0.8005615234E+000
 0.6565657    0.9725585938E+000    0.7710693359E+000
 0.6666667    0.9858154297E+000    0.7901367188E+000
 0.6767677    0.9617675781E+000    0.7728515625E+000
 0.6868687    0.9503906250E+000    0.7812744141E+000
 0.6969697    0.9272705078E+000    0.7874511719E+000
 0.7070707    0.9151855469E+000    0.7751708984E+000
 0.7171717    0.8895019531E+000    0.7764648438E+000
 0.7272727    0.8646240234E+000    0.7680175781E+000
 0.7373737    0.8478027344E+000    0.7619628906E+000
 0.7474747    0.8333740234E+000    0.7612304688E+000
 0.7575758    0.8053222656E+000    0.7567138672E+000
 0.7676768    0.7769775391E+000    0.7385498047E+000
 0.7777778    0.7534667969E+000    0.7512451172E+000
 0.7878788    0.7208740234E+000    0.7361816406E+000
 0.7979798    0.6933593750E+000    0.7307128906E+000
 0.8080808    0.6672851563E+000    0.7327880859E+000
 0.8181818    0.6343261719E+000    0.7171142578E+000
 0.8282828    0.6088134766E+000    0.7185058594E+000
 0.8383838    0.5828125000E+000    0.7126220703E+000
 0.8484848    0.5487792969E+000    0.7058349609E+000
 0.8585859    0.5197509766E+000    0.7015625000E+000
 0.8686869    0.4803710938E+000    0.6919189453E+000
 0.8787879    0.4457763672E+000    0.6831054688E+000
 0.8888889    0.4121093750E+000    0.6833496094E+000
 0.8989899    0.3706298828E+000    0.6732910156E+000
 0.9090909    0.3432128906E+000    0.6730712891E+000
 0.9191919    0.3099609375E+000    0.6692871094E+000
 0.9292929    0.2650390625E+000    0.6482910156E+000
 0.9393939    0.2256347656E+000    0.6454833984E+000
 0.9494949    0.1877929688E+000    0.6427978516E+000
 0.9595960    0.1322265625E+000    0.6196044922E+000
 0.9696970    0.1004394531E+000    0.6197021484E+000
 0.9797980    0.6411132813E-001    0.6208007813E+000
 0.9898990    0.9912109375E-002    0.6055908203E+000
 1.0000000    0.0000000000E+000    0.6101562500E+000


#   100 bins for weightfunction of Ar                      
 0.0000000    0.1743209839E+001    0.4049148560E+000
 0.0101010    0.1744656372E+001    0.3989181519E+000
 0.0202020    0.1746461487E+001    0.3982757568E+000
 0.0303030    0.1771969604E+001    0.4092758179E+000
 0.0404040    0.1797550964E+001    0.4079406738E+000
 0.0505051    0.1835046387E+001    0.4144287109E+000
 0.0606061    0.1879962158E+001    0.4223144531E+000
 0.0707071    0.1935493469E+001    0.4362106323E+000
 0.0808081    0.1984654236E+001    0.4354156494E+000
 0.0909091    0.2043711853E+001    0.4398544312E+000
 0.1010101    0.2124240112E+001    0.4567932129E+000
 0.1111111    0.2189572144E+001    0.4619247437E+000
 0.1212121    0.2260034180E+001    0.4608596802E+000
 0.1313131    0.2317976379E+001    0.4780654907E+000
 0.1414141    0.2377270508E+001    0.4555831909E+000
 0.1515152    0.2426188660E+001    0.4648147583E+000
 0.1616162    0.2473983765E+001    0.4644149780E+000
 0.1717172    0.2517900085E+001    0.4700073242E+000
 0.1818182    0.2536260986E+001    0.4637069702E+000
 0.1919192    0.2555107117E+001    0.4639923096E+000
 0.2020202    0.2559118652E+001    0.4457015991E+000
 0.2121212    0.2565713501E+001    0.4299331665E+000
 0.2222222    0.2555429077E+001    0.4340209961E+000
 0.2323232    0.2522859192E+001    0.4137908936E+000
 0.2424242    0.2517422485E+001    0.4062149048E+000
 0.2525253    0.2507281494E+001    0.4051116943E+000
 0.2626263    0.2477311707E+001    0.3855133057E+000
 0.2727273    0.2453065491E+001    0.3736724854E+000
 0.2828283    0.2408995056E+001    0.3580993652E+000
 0.2929293    0.2382679749E+001    0.3533126831E+000
 0.3030303    0.2359411621E+001    0.3373062134E+000
 0.3131313    0.2306205750E+001    0.3289871216E+000
 0.3232323    0.2270921326E+001    0.3111618042E+000
 0.3333333    0.2218641663E+001    0.2962341309E+000
 0.3434343    0.2191014099E+001    0.2708648682E+000
 0.3535354    0.2149562073E+001    0.2637039185E+000
 0.3636364    0.2109655762E+001    0.2478088379E+000
 0.3737374    0.2045625305E+001    0.2351837158E+000
 0.3838384    0.2007180786E+001    0.2180374146E+000
 0.3939394    0.1954728699E+001    0.1976577759E+000
 0.4040404    0.1916757202E+001    0.1882186890E+000
 0.4141414    0.1864695740E+001    0.1661849976E+000
 0.4242424    0.1807122803E+001    0.1548385620E+000
 0.4343434    0.1756079102E+001    0.1391326904E+000
 0.4444444    0.1700021362E+001    0.1219146729E+000
 0.4545455    0.1645639038E+001    0.9387817383E-001
 0.4646465    0.1595857239E+001    0.8778839111E-001
 0.4747475    0.1527613831E+001    0.6269683838E-001
 0.4848485    0.1478108215E+001    0.4683990479E-001
 0.4949495    0.1421676636E+001    0.3375244141E-001
 0.5050505    0.1385798645E+001    0.1341857910E-001
 0.5151515    0.1389059448E+001    0.2682037354E-001
 0.5252525    0.1382402039E+001    0.6837463379E-002
 0.5353535    0.1387174988E+001    0.2279968262E-001
 0.5454545    0.1387394714E+001    0.2074584961E-001
 0.5555556    0.1389871216E+001    0.8636474609E-002
 0.5656566    0.1389385986E+001    0.2285614014E-001
 0.5757576    0.1392250061E+001    0.3016662598E-001
 0.5858586    0.1394822693E+001    0.8288574219E-002
 0.5959596    0.1388275146E+001    0.0000000000E+000
 0.6060606    0.1385966492E+001    0.2931213379E-002
 0.6161616    0.1396374512E+001    0.4319763184E-002
 0.6262626    0.1393202209E+001    0.1173706055E-001
 0.6363636    0.1391035461E+001    0.3131103516E-002
 0.6464646    0.1391912842E+001    0.1333923340E-001
 0.6565657    0.1389047241E+001    0.5308532715E-002
 0.6666667    0.1385571289E+001    0.6875610352E-002
 0.6767677    0.1392730713E+001    0.1030426025E-001
 0.6868687    0.1390869141E+001    0.2689666748E-001
 0.6969697    0.1380802917E+001    0.2972412109E-002
 0.7070707    0.1378614807E+001    0.7992553711E-002
 0.7171717    0.1388067627E+001    0.1774597168E-001
 0.7272727    0.1379791260E+001    0.1194152832E-001
 0.7373737    0.1382427979E+001    0.1294403076E-001
 0.7474747    0.1379557800E+001    0.8477783203E-002
 0.7575758    0.1386340332E+001    0.9883117676E-002
 0.7676768    0.1389021301E+001    0.1738281250E-001
 0.7777778    0.1382023621E+001    0.7586669922E-002
 0.7878788    0.1389564514E+001    0.1734008789E-001
 0.7979798    0.1388845825E+001    0.1445617676E-001
 0.8080808    0.1390466309E+001    0.1550750732E-001
 0.8181818    0.1381253052E+001    0.8331298828E-002
 0.8282828    0.1374307251E+001    0.7360839844E-002
 0.8383838    0.1378491211E+001    0.1455230713E-001
 0.8484848    0.1393386841E+001    0.1745147705E-001
 0.8585859    0.1379479980E+001    0.3923034668E-002
 0.8686869    0.1375651550E+001    0.5043029785E-002
 0.8787879    0.1392137146E+001    0.2257995605E-001
 0.8888889    0.1385487366E+001    0.1199188232E-001
 0.8989899    0.1387365723E+001    0.1820678711E-001
 0.9090909    0.1385110474E+001    0.1349334717E-001
 0.9191919    0.1383666992E+001    0.1470336914E-001
 0.9292929    0.1381213379E+001    0.8503723145E-002
 0.9393939    0.1388331604E+001    0.1905059814E-001
 0.9494949    0.1388562012E+001    0.2170410156E-001
 0.9595960    0.1378840637E+001    0.9693908691E-002
 0.9696970    0.1383592224E+001    0.1857910156E-001
 0.9797980    0.1381251526E+001    0.1300048828E-001
 0.9898990    0.1382731628E+001    0.1535034180E-002
 1.0000000    0.1381135559E+001    0.1095123291E-001


