 0.0000000   0.1521016509E+000   0.1036050648E+001   0.5234387009E+000   0.1072834579E+001
 0.0101010   0.1532797154E+000   0.1051243213E+001   0.5244732333E+000   0.1073424043E+001
 0.0202020   0.1494206239E+000   0.1000212875E+001   0.5175062462E+000   0.1028732372E+001
 0.0303030   0.1465500118E+000   0.1033608221E+001   0.5188465721E+000   0.1042543893E+001
 0.0404040   0.1403954516E+000   0.1009182091E+001   0.5190144759E+000   0.1044443515E+001
 0.0505051   0.1323949200E+000   0.1040403082E+001   0.5178833228E+000   0.1075037538E+001
 0.0606061   0.1235905258E+000   0.9826486239E+000   0.5144242345E+000   0.1035308980E+001
 0.0707071   0.1175994358E+000   0.1031299830E+001   0.5191969773E+000   0.1048085711E+001
 0.0808081   0.1086799424E+000   0.9984499339E+000   0.5144372973E+000   0.1019750582E+001
 0.0909091   0.1020207828E+000   0.1049627339E+001   0.5130870367E+000   0.1035453118E+001
 0.1010101   0.9452268527E-001   0.1033319672E+001   0.5177044147E+000   0.1045532086E+001
 0.1111111   0.8978534540E-001   0.1026498749E+001   0.5182726680E+000   0.1043281798E+001
 0.1212121   0.8552762393E-001   0.1052075351E+001   0.5155104801E+000   0.1031795862E+001
 0.1313131   0.8213531748E-001   0.1035575938E+001   0.5246549527E+000   0.1033428720E+001
 0.1414141   0.7936456327E-001   0.1036988897E+001   0.5252193114E+000   0.1038660747E+001
 0.1515152   0.7779329877E-001   0.1050593513E+001   0.5342612825E+000   0.1046330229E+001
 0.1616162   0.7732799479E-001   0.1036676148E+001   0.5363183236E+000   0.1044432758E+001
 0.1717172   0.7849128564E-001   0.1048905036E+001   0.5420823238E+000   0.1040676541E+001
 0.1818182   0.7862510663E-001   0.1043288571E+001   0.5479684976E+000   0.1025115991E+001
 0.1919192   0.8146479491E-001   0.1036560728E+001   0.5609194582E+000   0.1022411773E+001
 0.2020202   0.8523999848E-001   0.1087760472E+001   0.5704966122E+000   0.1043847597E+001
 0.2121212   0.8714114883E-001   0.1020941855E+001   0.5737380197E+000   0.1045577264E+001
 0.2222222   0.9196510780E-001   0.1017950255E+001   0.5909767522E+000   0.1034472113E+001
 0.2323232   0.9767335655E-001   0.1033965649E+001   0.6040414931E+000   0.1073064771E+001
 0.2424242   0.1036241017E+000   0.1032213878E+001   0.6139061876E+000   0.1013318113E+001
 0.2525253   0.1089654410E+000   0.1045057097E+001   0.6331835902E+000   0.1033792294E+001
 0.2626263   0.1183419907E+000   0.1037176919E+001   0.6354404507E+000   0.9969314545E+000
 0.2727273   0.1263805357E+000   0.1025815539E+001   0.6593938894E+000   0.1011840152E+001
 0.2828283   0.1358123029E+000   0.1013787704E+001   0.6675794282E+000   0.9805555523E+000
 0.2929293   0.1475991764E+000   0.1036011554E+001   0.6896911723E+000   0.9962193652E+000
 0.3030303   0.1620636381E+000   0.1012149491E+001   0.7052199465E+000   0.1019453698E+001
 0.3131313   0.1739340137E+000   0.1045714244E+001   0.7183090291E+000   0.1000001398E+001
 0.3232323   0.1897623896E+000   0.1021982493E+001   0.7420921302E+000   0.1012646899E+001
 0.3333333   0.2062550260E+000   0.1017285661E+001   0.7465871776E+000   0.9822142255E+000
 0.3434343   0.2270351933E+000   0.1005658072E+001   0.7740365881E+000   0.1009671614E+001
 0.3535354   0.2473734640E+000   0.1038144954E+001   0.7979077166E+000   0.1043632464E+001
 0.3636364   0.2732026429E+000   0.1002927096E+001   0.8232954548E+000   0.9681660592E+000
 0.3737374   0.2972215441E+000   0.1018168063E+001   0.8391770740E+000   0.1002763702E+001
 0.3838384   0.3270788935E+000   0.9767249942E+000   0.8628649281E+000   0.9837825430E+000
 0.3939394   0.3624970485E+000   0.1021988078E+001   0.8939470027E+000   0.1015155347E+001
 0.4040404   0.3981526554E+000   0.1028667519E+001   0.9178393391E+000   0.9701689448E+000
 0.4141414   0.4400115771E+000   0.1006525580E+001   0.9408519353E+000   0.1034474265E+001
 0.4242424   0.4874540928E+000   0.1008703659E+001   0.9696584195E+000   0.9956040857E+000
 0.4343434   0.5422406672E+000   0.9943841869E+000   0.9931889418E+000   0.9871429160E+000
 0.4444444   0.5974919030E+000   0.9932318529E+000   0.1012108312E+001   0.9959310874E+000
 0.4545455   0.6815018515E+000   0.1005123791E+001   0.1062040897E+001   0.1000201472E+001
 0.4646465   0.7397077012E+000   0.9947527848E+000   0.1089344039E+001   0.1011349649E+001
 0.4747475   0.8186420532E+000   0.9865058711E+000   0.1138010926E+001   0.1005493737E+001
 0.4848485   0.9156886160E+000   0.9890841951E+000   0.1158207277E+001   0.9726752409E+000
 0.4949495   0.1034492581E+001   0.1000762048E+001   0.1184011331E+001   0.9697967652E+000
 0.5050505   0.1079430924E+001   0.1000209151E+001   0.1208927107E+001   0.9927342153E+000
 0.5151515   0.1074845769E+001   0.9757271735E+000   0.1227585453E+001   0.9911078119E+000
 0.5252525   0.1081228402E+001   0.9910202652E+000   0.1224909891E+001   0.9703969855E+000
 0.5353535   0.1096922922E+001   0.9854522022E+000   0.1213894289E+001   0.9674647266E+000
 0.5454545   0.1100735116E+001   0.9820007850E+000   0.1212687954E+001   0.9848668119E+000
 0.5555556   0.1106124698E+001   0.1007616481E+001   0.1219065376E+001   0.9985148313E+000
 0.5656566   0.1110020033E+001   0.9968973547E+000   0.1230208330E+001   0.9664643594E+000
 0.5757576   0.1121894597E+001   0.1000132826E+001   0.1228196309E+001   0.9962129113E+000
 0.5858586   0.1134855944E+001   0.9638296508E+000   0.1209210344E+001   0.9595629020E+000
 0.5959596   0.1131655772E+001   0.9771382707E+000   0.1213496855E+001   0.1007296549E+001
 0.6060606   0.1152999378E+001   0.9588051767E+000   0.1227480122E+001   0.9777910969E+000
 0.6161616   0.1166972768E+001   0.9842086495E+000   0.1225799163E+001   0.1012081100E+001
 0.6262626   0.1168414679E+001   0.9774324044E+000   0.1221413413E+001   0.9865491497E+000
 0.6363636   0.1186801148E+001   0.9982563269E+000   0.1230942979E+001   0.9943175920E+000
 0.6464646   0.1202006342E+001   0.9823526285E+000   0.1236019342E+001   0.9646895145E+000
 0.6565657   0.1239890728E+001   0.9867627727E+000   0.1234291488E+001   0.9959504493E+000
 0.6666667   0.1240564009E+001   0.9922507866E+000   0.1239871670E+001   0.9831091776E+000
 0.6767677   0.1264084330E+001   0.9761236955E+000   0.1242950740E+001   0.9714769517E+000
 0.6868687   0.1294111480E+001   0.1006212830E+001   0.1247890655E+001   0.9881820070E+000
 0.6969697   0.1331768166E+001   0.9779294531E+000   0.1244049784E+001   0.9726386684E+000
 0.7070707   0.1340005185E+001   0.9834826233E+000   0.1253670077E+001   0.9893953555E+000
 0.7171717   0.1365854251E+001   0.9676217418E+000   0.1261015783E+001   0.9809707584E+000
 0.7272727   0.1387600769E+001   0.9396920699E+000   0.1259645435E+001   0.9651455959E+000
 0.7373737   0.1434615941E+001   0.9849439838E+000   0.1263627824E+001   0.9616948672E+000
 0.7474747   0.1446778980E+001   0.9638203428E+000   0.1265909547E+001   0.9869665072E+000
 0.7575758   0.1501807873E+001   0.9775496856E+000   0.1273620025E+001   0.9690954325E+000
 0.7676768   0.1541705618E+001   0.9806008575E+000   0.1295978149E+001   0.9674346080E+000
 0.7777778   0.1595327709E+001   0.9856271931E+000   0.1297175659E+001   0.9846151066E+000
 0.7878788   0.1619090058E+001   0.9638352356E+000   0.1295257897E+001   0.9819345530E+000
 0.7979798   0.1658015020E+001   0.9796235144E+000   0.1297409459E+001   0.9878055248E+000
 0.8080808   0.1734744987E+001   0.9973944034E+000   0.1314427547E+001   0.1000793087E+001
 0.8181818   0.1770775697E+001   0.9819393520E+000   0.1314418442E+001   0.9789807808E+000
 0.8282828   0.1832843217E+001   0.9710899134E+000   0.1325129191E+001   0.9761044564E+000
 0.8383838   0.1895608455E+001   0.9620797413E+000   0.1324975006E+001   0.9582226251E+000
 0.8484848   0.1950830767E+001   0.9858840947E+000   0.1330185150E+001   0.9721309552E+000
 0.8585859   0.2006901979E+001   0.9693455888E+000   0.1333236585E+001   0.9839438925E+000
 0.8686869   0.2092812479E+001   0.9708665207E+000   0.1347246758E+001   0.9711413447E+000
 0.8787879   0.2161665420E+001   0.9666183363E+000   0.1340951484E+001   0.9676734053E+000
 0.8888889   0.2233672504E+001   0.9457218111E+000   0.1348918851E+001   0.9472271921E+000
 0.8989899   0.2305894595E+001   0.9566661916E+000   0.1363160623E+001   0.9721804357E+000
 0.9090909   0.2449208770E+001   0.9661454884E+000   0.1390217636E+001   0.9533864417E+000
 0.9191919   0.2528949779E+001   0.9871574331E+000   0.1390807249E+001   0.9873236275E+000
 0.9292929   0.2657630648E+001   0.9686493482E+000   0.1411277300E+001   0.9805275850E+000
 0.9393939   0.2730509104E+001   0.9640995836E+000   0.1404287830E+001   0.9718276180E+000
 0.9494949   0.2851005444E+001   0.9632655842E+000   0.1425001684E+001   0.9967249271E+000
 0.9595960   0.2980309938E+001   0.9769576949E+000   0.1418817919E+001   0.9687985494E+000
 0.9696970   0.3102218569E+001   0.9607970949E+000   0.1436932002E+001   0.9902623404E+000
 0.9797980   0.3282938321E+001   0.9833541725E+000   0.1454257630E+001   0.9819065857E+000
 0.9898990   0.3404055524E+001   0.9568281514E+000   0.1456795505E+001   0.9564069050E+000
 1.0000000   0.3475673406E+001   0.9656093459E+000   0.1454388617E+001   0.9707455005E+000


 0.0000000   0.9445527251E+000   0.9941538979E+000   0.8191463840E+000   0.1057482014E+001
 0.0101010   0.9245641859E+000   0.9871950244E+000   0.8007879952E+000   0.1029456447E+001
 0.0202020   0.9233593945E+000   0.1001868486E+001   0.8036202075E+000   0.1030471349E+001
 0.0303030   0.9177574439E+000   0.1016408587E+001   0.8135433998E+000   0.1064839509E+001
 0.0404040   0.8822862387E+000   0.1026779290E+001   0.7972414704E+000   0.1051877333E+001
 0.0505051   0.8541785602E+000   0.9929147480E+000   0.7960165831E+000   0.1020612305E+001
 0.0606061   0.8087379868E+000   0.1007673413E+001   0.7926449449E+000   0.1046954303E+001
 0.0707071   0.7597970131E+000   0.9766705848E+000   0.7826843267E+000   0.1012471453E+001
 0.0808081   0.7210692261E+000   0.1023963882E+001   0.7860532306E+000   0.1050215405E+001
 0.0909091   0.6760787179E+000   0.1021594865E+001   0.7795788466E+000   0.1043225784E+001
 0.1010101   0.6297914316E+000   0.9874061800E+000   0.7699609757E+000   0.1021856587E+001
 0.1111111   0.5818160355E+000   0.1009734958E+001   0.7757347851E+000   0.1038826434E+001
 0.1212121   0.5512655725E+000   0.9939112542E+000   0.7712627106E+000   0.1004986283E+001
 0.1313131   0.5128673623E+000   0.9753573452E+000   0.7714172824E+000   0.1026357643E+001
 0.1414141   0.4773349611E+000   0.9994902074E+000   0.7643830411E+000   0.1036342198E+001
 0.1515152   0.4571022267E+000   0.9786913810E+000   0.7724657086E+000   0.1060773411E+001
 0.1616162   0.4351748334E+000   0.1003918918E+001   0.7673571867E+000   0.1060327633E+001
 0.1717172   0.4202562007E+000   0.9939334811E+000   0.7673005128E+000   0.1014343286E+001
 0.1818182   0.4103377837E+000   0.1000310751E+001   0.7721035037E+000   0.1023799832E+001
 0.1919192   0.4032361516E+000   0.9891509921E+000   0.7723888039E+000   0.1011910985E+001
 0.2020202   0.3987971434E+000   0.1000875684E+001   0.7774570989E+000   0.1016076625E+001
 0.2121212   0.4000421611E+000   0.1018405304E+001   0.7888209305E+000   0.1045995665E+001
 0.2222222   0.4026231833E+000   0.9935908163E+000   0.7941715214E+000   0.9815764633E+000
 0.2323232   0.4071457544E+000   0.1008362447E+001   0.7963956079E+000   0.1005473176E+001
 0.2424242   0.4147670247E+000   0.9929869854E+000   0.8065383425E+000   0.1016288694E+001
 0.2525253   0.4303929726E+000   0.1017180972E+001   0.8012028036E+000   0.1000335913E+001
 0.2626263   0.4384539013E+000   0.1008138326E+001   0.8174364750E+000   0.9650112785E+000
 0.2727273   0.4494207149E+000   0.9973842082E+000   0.8386220471E+000   0.1020415384E+001
 0.2828283   0.4606801045E+000   0.9700395581E+000   0.8376994779E+000   0.1010816016E+001
 0.2929293   0.4802452388E+000   0.9927258193E+000   0.8536241994E+000   0.1014574831E+001
 0.3030303   0.4971266905E+000   0.1008427276E+001   0.8566454782E+000   0.9911303877E+000
 0.3131313   0.5192609297E+000   0.9863930036E+000   0.8762400110E+000   0.1015228350E+001
 0.3232323   0.5399179781E+000   0.1014052535E+001   0.8807635099E+000   0.9917038395E+000
 0.3333333   0.5620069580E+000   0.1014928645E+001   0.9007871076E+000   0.9982173870E+000
 0.3434343   0.5893247381E+000   0.9968415012E+000   0.9114507846E+000   0.1021754881E+001
 0.3535354   0.6133408160E+000   0.1034486469E+001   0.9190456240E+000   0.1022986179E+001
 0.3636364   0.6431585312E+000   0.9996068987E+000   0.9343639951E+000   0.9902864396E+000
 0.3737374   0.6713604422E+000   0.1024426943E+001   0.9405838015E+000   0.1006254369E+001
 0.3838384   0.7095004333E+000   0.9814215858E+000   0.9516360048E+000   0.9986869684E+000
 0.3939394   0.7394538398E+000   0.9762964319E+000   0.9706416381E+000   0.9977023623E+000
 0.4040404   0.7815207504E+000   0.1050939936E+001   0.9881207508E+000   0.1031858453E+001
 0.4141414   0.8221153657E+000   0.9892584221E+000   0.9958472296E+000   0.9982736502E+000
 0.4242424   0.8761706598E+000   0.9633307373E+000   0.1010421530E+001   0.9915480337E+000
 0.4343434   0.9110019181E+000   0.1026121744E+001   0.1023851792E+001   0.9782309668E+000
 0.4444444   0.9746720108E+000   0.1004207868E+001   0.1051326058E+001   0.1032970734E+001
 0.4545455   0.1027190112E+001   0.9791062832E+000   0.1051661930E+001   0.9788455341E+000
 0.4646465   0.1085465906E+001   0.9675742239E+000   0.1069185534E+001   0.9892196028E+000
 0.4747475   0.1151138737E+001   0.9963988154E+000   0.1092061357E+001   0.9871205526E+000
 0.4848485   0.1208642655E+001   0.9904345958E+000   0.1109035640E+001   0.9882631284E+000
 0.4949495   0.1291743125E+001   0.1007793809E+001   0.1128931461E+001   0.9926213625E+000
 0.5050505   0.1334090352E+001   0.1020566870E+001   0.1130730674E+001   0.9726111386E+000
 0.5151515   0.1320241461E+001   0.9801305731E+000   0.1141172392E+001   0.1008100235E+001
 0.5252525   0.1319001284E+001   0.9762112288E+000   0.1140594236E+001   0.9868608763E+000
 0.5353535   0.1316088984E+001   0.9893843746E+000   0.1134897894E+001   0.9946598215E+000
 0.5454545   0.1321402943E+001   0.9767613447E+000   0.1142447127E+001   0.9927447087E+000
 0.5555556   0.1328810317E+001   0.9864874679E+000   0.1130486672E+001   0.9775904319E+000
 0.5656566   0.1317216997E+001   0.9617452181E+000   0.1128340019E+001   0.1001716525E+001
 0.5757576   0.1328846134E+001   0.1007619698E+001   0.1128812362E+001   0.9830782580E+000
 0.5858586   0.1316453945E+001   0.1007599323E+001   0.1131651240E+001   0.9779496508E+000
 0.5959596   0.1321678329E+001   0.1014926793E+001   0.1126128463E+001   0.9922924392E+000
 0.6060606   0.1324878350E+001   0.9868486551E+000   0.1143109757E+001   0.9870231740E+000
 0.6161616   0.1327076070E+001   0.9850556848E+000   0.1127787625E+001   0.9651865600E+000
 0.6262626   0.1315666862E+001   0.9913273765E+000   0.1136713471E+001   0.9955535409E+000
 0.6363636   0.1323879747E+001   0.9854039063E+000   0.1135893846E+001   0.9716806318E+000
 0.6464646   0.1320513935E+001   0.9940705470E+000   0.1117932568E+001   0.9748443549E+000
 0.6565657   0.1326584196E+001   0.1021865292E+001   0.1130391630E+001   0.1011112480E+001
 0.6666667   0.1322665916E+001   0.9986789254E+000   0.1140380236E+001   0.9864800177E+000
 0.6767677   0.1331264931E+001   0.1014421131E+001   0.1126903854E+001   0.9918444975E+000
 0.6868687   0.1319411885E+001   0.9762871707E+000   0.1121528499E+001   0.9744764801E+000
 0.6969697   0.1334864484E+001   0.1005778569E+001   0.1138791625E+001   0.9648338330E+000
 0.7070707   0.1318996756E+001   0.9773003471E+000   0.1126792938E+001   0.9697092558E+000
 0.7171717   0.1321270395E+001   0.1005043229E+001   0.1123696569E+001   0.9746128102E+000
 0.7272727   0.1322945521E+001   0.1006721361E+001   0.1124439442E+001   0.9811155378E+000
 0.7373737   0.1323455488E+001   0.9929369749E+000   0.1125027410E+001   0.9681100825E+000
 0.7474747   0.1316856083E+001   0.9925202204E+000   0.1122460828E+001   0.9745695308E+000
 0.7575758   0.1333992391E+001   0.1017571795E+001   0.1142203618E+001   0.9959343994E+000
 0.7676768   0.1328006346E+001   0.9890880158E+000   0.1125212716E+001   0.9721675249E+000
 0.7777778   0.1328124815E+001   0.1004420876E+001   0.1124520215E+001   0.9756233838E+000
 0.7878788   0.1318530337E+001   0.9932666740E+000   0.1118171659E+001   0.9716546642E+000
 0.7979798   0.1331613739E+001   0.1013741358E+001   0.1126103110E+001   0.9868478925E+000
 0.8080808   0.1326631861E+001   0.1009366362E+001   0.1137003444E+001   0.9780037500E+000
 0.8181818   0.1327495879E+001   0.1018492359E+001   0.1132404296E+001   0.9935259016E+000
 0.8282828   0.1312357273E+001   0.9967062875E+000   0.1116885501E+001   0.9662901843E+000
 0.8383838   0.1319640490E+001   0.9991456904E+000   0.1127658536E+001   0.9853396059E+000
 0.8484848   0.1320753219E+001   0.1002437125E+001   0.1128157101E+001   0.9840109287E+000
 0.8585859   0.1336794468E+001   0.1021991244E+001   0.1131403092E+001   0.9930822879E+000
 0.8686869   0.1327936798E+001   0.1005984168E+001   0.1134730007E+001   0.9882198490E+000
 0.8787879   0.1321733063E+001   0.1005296986E+001   0.1130153694E+001   0.9885314606E+000
 0.8888889   0.1327422963E+001   0.9737477468E+000   0.1135150031E+001   0.9613303668E+000
 0.8989899   0.1328481531E+001   0.1021733783E+001   0.1131171273E+001   0.9974297022E+000
 0.9090909   0.1314672828E+001   0.9886953405E+000   0.1133682142E+001   0.9763677893E+000
 0.9191919   0.1322014422E+001   0.1014404461E+001   0.1123289929E+001   0.1003482324E+001
 0.9292929   0.1314458518E+001   0.9707952729E+000   0.1128705533E+001   0.9633623339E+000
 0.9393939   0.1326701765E+001   0.9883063697E+000   0.1139233913E+001   0.9834634445E+000
 0.9494949   0.1338581059E+001   0.1024569565E+001   0.1140034780E+001   0.1007719376E+001
 0.9595960   0.1331429064E+001   0.1011524224E+001   0.1134587605E+001   0.9762206393E+000
 0.9696970   0.1326540428E+001   0.1020700232E+001   0.1126351755E+001   0.9944477526E+000
 0.9797980   0.1312142461E+001   0.1004987662E+001   0.1131889092E+001   0.9841256191E+000
 0.9898990   0.1327523036E+001   0.1015473204E+001   0.1131096360E+001   0.9793497389E+000
 1.0000000   0.1334015031E+001   0.1038994827E+001   0.1142827581E+001   0.1028114787E+001


