#   100 bins for weightfunction of cd                      
 0.0000000    0.3109228516E+001    0.1825561523E+001
 0.0101010    0.3120385742E+001    0.1836938477E+001
 0.0202020    0.3117260742E+001    0.1831738281E+001
 0.0303030    0.3138916016E+001    0.1821728516E+001
 0.0404040    0.3182958984E+001    0.1828466797E+001
 0.0505051    0.3226733398E+001    0.1837841797E+001
 0.0606061    0.3302148437E+001    0.1846557617E+001
 0.0707071    0.3345263672E+001    0.1837646484E+001
 0.0808081    0.3437402344E+001    0.1870434570E+001
 0.0909091    0.3494531250E+001    0.1850170898E+001
 0.1010101    0.3535253906E+001    0.1842114258E+001
 0.1111111    0.3613867187E+001    0.1850854492E+001
 0.1212121    0.3648754883E+001    0.1852734375E+001
 0.1313131    0.3682763672E+001    0.1842211914E+001
 0.1414141    0.3700415039E+001    0.1827954102E+001
 0.1515152    0.3711108398E+001    0.1819018555E+001
 0.1616162    0.3725976562E+001    0.1811572266E+001
 0.1717172    0.3700903320E+001    0.1801611328E+001
 0.1818182    0.3670629883E+001    0.1777050781E+001
 0.1919192    0.3659936523E+001    0.1764575195E+001
 0.2020202    0.3615039062E+001    0.1745507813E+001
 0.2121212    0.3561132812E+001    0.1717211914E+001
 0.2222222    0.3516748047E+001    0.1700952148E+001
 0.2323232    0.3481054687E+001    0.1673242188E+001
 0.2424242    0.3434252930E+001    0.1656616211E+001
 0.2525253    0.3348120117E+001    0.1627832031E+001
 0.2626263    0.3277685547E+001    0.1605786133E+001
 0.2727273    0.3219213867E+001    0.1585961914E+001
 0.2828283    0.3131860352E+001    0.1550610352E+001
 0.2929293    0.3077783203E+001    0.1530126953E+001
 0.3030303    0.2983764648E+001    0.1501440430E+001
 0.3131313    0.2914575195E+001    0.1468920898E+001
 0.3232323    0.2820092773E+001    0.1447875977E+001
 0.3333333    0.2739331055E+001    0.1417309570E+001
 0.3434343    0.2650122070E+001    0.1387500000E+001
 0.3535354    0.2571093750E+001    0.1360791016E+001
 0.3636364    0.2467382812E+001    0.1326855469E+001
 0.3737374    0.2388842773E+001    0.1307397461E+001
 0.3838384    0.2294531250E+001    0.1275756836E+001
 0.3939394    0.2187597656E+001    0.1245898438E+001
 0.4040404    0.2112597656E+001    0.1199658203E+001
 0.4141414    0.2012158203E+001    0.1166308594E+001
 0.4242424    0.1903857422E+001    0.1139648438E+001
 0.4343434    0.1816259766E+001    0.1093847656E+001
 0.4444444    0.1709252930E+001    0.1073999023E+001
 0.4545455    0.1607641602E+001    0.1045410156E+001
 0.4646465    0.1481494141E+001    0.9965332031E+000
 0.4747475    0.1397949219E+001    0.9688476563E+000
 0.4848485    0.1299584961E+001    0.9375000000E+000
 0.4949495    0.1187988281E+001    0.9102050781E+000
 0.5050505    0.1143237305E+001    0.8914794922E+000
 0.5151515    0.1143920898E+001    0.8848144531E+000
 0.5252525    0.1133959961E+001    0.8740966797E+000
 0.5353535    0.1127514648E+001    0.8915283203E+000
 0.5454545    0.1123706055E+001    0.8861572266E+000
 0.5555556    0.1120629883E+001    0.8904541016E+000
 0.5656566    0.1107690430E+001    0.8653564453E+000
 0.5757576    0.1109570313E+001    0.8872070313E+000
 0.5858586    0.1100146484E+001    0.8678222656E+000
 0.5959596    0.1074926758E+001    0.8747070313E+000
 0.6060606    0.1085913086E+001    0.8708007813E+000
 0.6161616    0.1066064453E+001    0.8587890625E+000
 0.6262626    0.1037915039E+001    0.8709960938E+000
 0.6363636    0.1033203125E+001    0.8666748047E+000
 0.6464646    0.1036401367E+001    0.8695556641E+000
 0.6565657    0.1027246094E+001    0.8676513672E+000
 0.6666667    0.9936279297E+000    0.8552734375E+000
 0.6767677    0.9825195313E+000    0.8528808594E+000
 0.6868687    0.9602050781E+000    0.8513671875E+000
 0.6969697    0.9486816406E+000    0.8542724609E+000
 0.7070707    0.9262695313E+000    0.8487548828E+000
 0.7171717    0.8949462891E+000    0.8366210938E+000
 0.7272727    0.8790039063E+000    0.8437255859E+000
 0.7373737    0.8627929688E+000    0.8361083984E+000
 0.7474747    0.8372802734E+000    0.8328369141E+000
 0.7575758    0.8192382813E+000    0.8334472656E+000
 0.7676768    0.7859619141E+000    0.8248535156E+000
 0.7777778    0.7697509766E+000    0.8261230469E+000
 0.7878788    0.7480712891E+000    0.8186523438E+000
 0.7979798    0.7143310547E+000    0.8155273438E+000
 0.8080808    0.6848632813E+000    0.7997070313E+000
 0.8181818    0.6677246094E+000    0.8126464844E+000
 0.8282828    0.6373535156E+000    0.8019287109E+000
 0.8383838    0.6049316406E+000    0.7965576172E+000
 0.8484848    0.5714843750E+000    0.7887695313E+000
 0.8585859    0.5307861328E+000    0.7734375000E+000
 0.8686869    0.5085937500E+000    0.7777832031E+000
 0.8787879    0.4738769531E+000    0.7691650391E+000
 0.8888889    0.4430175781E+000    0.7693847656E+000
 0.8989899    0.3982666016E+000    0.7574462891E+000
 0.9090909    0.3559570313E+000    0.7419921875E+000
 0.9191919    0.3198974609E+000    0.7384033203E+000
 0.9292929    0.2970947266E+000    0.7433593750E+000
 0.9393939    0.2579833984E+000    0.7320556641E+000
 0.9494949    0.2100830078E+000    0.7180419922E+000
 0.9595960    0.1656494141E+000    0.7046142578E+000
 0.9696970    0.1482421875E+000    0.7204101563E+000
 0.9797980    0.7883300781E-001    0.6883544922E+000
 0.9898990    0.5556640625E-001    0.7016113281E+000
 1.0000000    0.0000000000E+000    0.6686523438E+000


#   100 bins for weightfunction of Ar                      
 0.0000000    0.1647998047E+001    0.3916259766E+000
 0.0101010    0.1659082031E+001    0.3951171875E+000
 0.0202020    0.1661572266E+001    0.3883056641E+000
 0.0303030    0.1690844727E+001    0.4056640625E+000
 0.0404040    0.1702978516E+001    0.3947021484E+000
 0.0505051    0.1750756836E+001    0.4108398438E+000
 0.0606061    0.1791064453E+001    0.4187988281E+000
 0.0707071    0.1844946289E+001    0.4186523438E+000
 0.0808081    0.1888281250E+001    0.4155029297E+000
 0.0909091    0.1955004883E+001    0.4394287109E+000
 0.1010101    0.2033911133E+001    0.4449462891E+000
 0.1111111    0.2079858398E+001    0.4414062500E+000
 0.1212121    0.2156103516E+001    0.4567138672E+000
 0.1313131    0.2210327148E+001    0.4592529297E+000
 0.1414141    0.2257788086E+001    0.4621337891E+000
 0.1515152    0.2314184570E+001    0.4555419922E+000
 0.1616162    0.2353833008E+001    0.4613769531E+000
 0.1717172    0.2383959961E+001    0.4579589844E+000
 0.1818182    0.2410156250E+001    0.4476806641E+000
 0.1919192    0.2422216797E+001    0.4421875000E+000
 0.2020202    0.2419970703E+001    0.4385742188E+000
 0.2121212    0.2418286133E+001    0.4280517578E+000
 0.2222222    0.2408056641E+001    0.4173583984E+000
 0.2323232    0.2382080078E+001    0.4140869141E+000
 0.2424242    0.2379052734E+001    0.4049804688E+000
 0.2525253    0.2354248047E+001    0.4013916016E+000
 0.2626263    0.2328222656E+001    0.3797119141E+000
 0.2727273    0.2301562500E+001    0.3577148438E+000
 0.2828283    0.2271435547E+001    0.3661865234E+000
 0.2929293    0.2232031250E+001    0.3464111328E+000
 0.3030303    0.2185205078E+001    0.3282958984E+000
 0.3131313    0.2147558594E+001    0.3194580078E+000
 0.3232323    0.2109106445E+001    0.3037109375E+000
 0.3333333    0.2081933594E+001    0.2972900391E+000
 0.3434343    0.2045605469E+001    0.2768798828E+000
 0.3535354    0.1972802734E+001    0.2640625000E+000
 0.3636364    0.1955590820E+001    0.2420166016E+000
 0.3737374    0.1889697266E+001    0.2235839844E+000
 0.3838384    0.1844262695E+001    0.2207519531E+000
 0.3939394    0.1776757813E+001    0.1976074219E+000
 0.4040404    0.1750317383E+001    0.1740478516E+000
 0.4141414    0.1690820313E+001    0.1642578125E+000
 0.4242424    0.1643823242E+001    0.1422607422E+000
 0.4343434    0.1591845703E+001    0.1302734375E+000
 0.4444444    0.1527587891E+001    0.1151611328E+000
 0.4545455    0.1485961914E+001    0.8847656250E-001
 0.4646465    0.1435644531E+001    0.7578125000E-001
 0.4747475    0.1372558594E+001    0.5461425781E-001
 0.4848485    0.1329516602E+001    0.3989257813E-001
 0.4949495    0.1269360352E+001    0.2302246094E-001
 0.5050505    0.1244580078E+001    0.2338867188E-001
 0.5151515    0.1239941406E+001    0.1320800781E-001
 0.5252525    0.1241430664E+001    0.8520507812E-002
 0.5353535    0.1235913086E+001    0.1394042969E-001
 0.5454545    0.1240673828E+001    0.2187500000E-001
 0.5555556    0.1235864258E+001    0.1333007813E-001
 0.5656566    0.1247924805E+001    0.1254882813E-001
 0.5757576    0.1237890625E+001    0.1284179688E-001
 0.5858586    0.1228662109E+001    0.2038574219E-001
 0.5959596    0.1235986328E+001    0.8666992188E-002
 0.6060606    0.1251000977E+001    0.2343750000E-001
 0.6161616    0.1229345703E+001    0.2514648438E-002
 0.6262626    0.1223388672E+001    0.1140136719E-001
 0.6363636    0.1236303711E+001    0.5761718750E-002
 0.6464646    0.1233276367E+001    0.1572265625E-001
 0.6565657    0.1235083008E+001    0.2055664063E-001
 0.6666667    0.1246118164E+001    0.1513671875E-001
 0.6767677    0.1229272461E+001    0.1115722656E-001
 0.6868687    0.1235888672E+001    0.1267089844E-001
 0.6969697    0.1233325195E+001    0.1279296875E-001
 0.7070707    0.1239477539E+001    0.1420898438E-001
 0.7171717    0.1226977539E+001    0.5908203125E-002
 0.7272727    0.1227685547E+001    0.9057617188E-002
 0.7373737    0.1239672852E+001    0.1333007813E-001
 0.7474747    0.1234570313E+001    0.1708984375E-001
 0.7575758    0.1240625000E+001    0.1538085938E-001
 0.7676768    0.1234936523E+001    0.6225585938E-002
 0.7777778    0.1224682617E+001    0.7812500000E-002
 0.7878788    0.1233959961E+001    0.7226562500E-002
 0.7979798    0.1226538086E+001    0.7153320313E-002
 0.8080808    0.1232763672E+001    0.1047363281E-001
 0.8181818    0.1235229492E+001    0.1152343750E-001
 0.8282828    0.1227587891E+001    0.6347656250E-002
 0.8383838    0.1235546875E+001    0.9912109375E-002
 0.8484848    0.1226977539E+001    0.6835937500E-002
 0.8585859    0.1225341797E+001    0.4052734375E-002
 0.8686869    0.1235888672E+001    0.7812500000E-002
 0.8787879    0.1230346680E+001    0.4614257813E-002
 0.8888889    0.1236157227E+001    0.1289062500E-001
 0.8989899    0.1223291016E+001    0.0000000000E+000
 0.9090909    0.1230541992E+001    0.3442382812E-002
 0.9191919    0.1221777344E+001    0.8544921875E-003
 0.9292929    0.1229272461E+001    0.1054687500E-001
 0.9393939    0.1234082031E+001    0.8984375000E-002
 0.9494949    0.1238989258E+001    0.1499023438E-001
 0.9595960    0.1238281250E+001    0.1030273438E-001
 0.9696970    0.1245849609E+001    0.1762695313E-001
 0.9797980    0.1224560547E+001    0.3076171875E-002
 0.9898990    0.1228906250E+001    0.3076171875E-002
 1.0000000    0.1221215820E+001    0.2563476562E-002


