#   100 bins for weightfunction of cd                      
 0.0000000    0.3303419495E+001    0.8892196655E+000
 0.0101010    0.3342094421E+001    0.9228286743E+000
 0.0202020    0.3352342224E+001    0.9211517334E+000
 0.0303030    0.3338217163E+001    0.8752944946E+000
 0.0404040    0.3448370361E+001    0.9472915649E+000
 0.0505051    0.3511857605E+001    0.9308670044E+000
 0.0606061    0.3558395386E+001    0.9108932495E+000
 0.0707071    0.3670262146E+001    0.9260757446E+000
 0.0808081    0.3750726318E+001    0.8972183228E+000
 0.0909091    0.3838824463E+001    0.9299194336E+000
 0.1010101    0.3922970581E+001    0.8928955078E+000
 0.1111111    0.4010508728E+001    0.9181991577E+000
 0.1212121    0.4104325867E+001    0.9125686646E+000
 0.1313131    0.4152656555E+001    0.8973739624E+000
 0.1414141    0.4191915894E+001    0.8864685059E+000
 0.1515152    0.4216447449E+001    0.9105712891E+000
 0.1616162    0.4225740051E+001    0.8926330566E+000
 0.1717172    0.4247673035E+001    0.8734619141E+000
 0.1818182    0.4258641052E+001    0.8791305542E+000
 0.1919192    0.4219029236E+001    0.8858383179E+000
 0.2020202    0.4199961853E+001    0.8924514771E+000
 0.2121212    0.4162814331E+001    0.8519256592E+000
 0.2222222    0.4083302307E+001    0.8737426758E+000
 0.2323232    0.4060328674E+001    0.8384429932E+000
 0.2424242    0.3983782959E+001    0.8422714233E+000
 0.2525253    0.3911732483E+001    0.8284622192E+000
 0.2626263    0.3872267151E+001    0.8034271240E+000
 0.2727273    0.3767417908E+001    0.8061080933E+000
 0.2828283    0.3680609131E+001    0.7971633911E+000
 0.2929293    0.3597100830E+001    0.7859954834E+000
 0.3030303    0.3534263611E+001    0.7924285889E+000
 0.3131313    0.3464277649E+001    0.7841079712E+000
 0.3232323    0.3328672791E+001    0.7626647949E+000
 0.3333333    0.3248158264E+001    0.7509658813E+000
 0.3434343    0.3133734131E+001    0.7202453613E+000
 0.3535354    0.3052952576E+001    0.7228668213E+000
 0.3636364    0.2946366882E+001    0.7056884766E+000
 0.3737374    0.2834448242E+001    0.7135314941E+000
 0.3838384    0.2735580444E+001    0.6893371582E+000
 0.3939394    0.2617967224E+001    0.6932632446E+000
 0.4040404    0.2514868164E+001    0.6766052246E+000
 0.4141414    0.2403276062E+001    0.6557128906E+000
 0.4242424    0.2281399536E+001    0.6389205933E+000
 0.4343434    0.2207015991E+001    0.6467926025E+000
 0.4444444    0.2082438660E+001    0.6293502808E+000
 0.4545455    0.1968238831E+001    0.6197250366E+000
 0.4646465    0.1830018616E+001    0.5996612549E+000
 0.4747475    0.1712327576E+001    0.5774536133E+000
 0.4848485    0.1603405762E+001    0.5737106323E+000
 0.4949495    0.1477265930E+001    0.5372207642E+000
 0.5050505    0.1416532898E+001    0.5513687134E+000
 0.5151515    0.1421414185E+001    0.5586242676E+000
 0.5252525    0.1392776489E+001    0.5593597412E+000
 0.5353535    0.1412776184E+001    0.5721252441E+000
 0.5454545    0.1385272217E+001    0.5678924561E+000
 0.5555556    0.1389573669E+001    0.5496170044E+000
 0.5656566    0.1391839600E+001    0.5839462280E+000
 0.5757576    0.1371255493E+001    0.5401962280E+000
 0.5858586    0.1379132080E+001    0.5362594604E+000
 0.5959596    0.1375015259E+001    0.5502822876E+000
 0.6060606    0.1358247375E+001    0.5517822266E+000
 0.6161616    0.1346830750E+001    0.5566650391E+000
 0.6262626    0.1315315247E+001    0.5577285767E+000
 0.6363636    0.1315391541E+001    0.5659942627E+000
 0.6464646    0.1288359070E+001    0.5597167969E+000
 0.6565657    0.1251287842E+001    0.5443603516E+000
 0.6666667    0.1223457336E+001    0.5508712769E+000
 0.6767677    0.1229362488E+001    0.5532821655E+000
 0.6868687    0.1191267395E+001    0.5501358032E+000
 0.6969697    0.1169364929E+001    0.5433486938E+000
 0.7070707    0.1151811218E+001    0.5593643188E+000
 0.7171717    0.1125973511E+001    0.5566314697E+000
 0.7272727    0.1075942993E+001    0.5424713135E+000
 0.7373737    0.1056581116E+001    0.5401626587E+000
 0.7474747    0.1053797913E+001    0.5589721680E+000
 0.7575758    0.9979110718E+000    0.5356246948E+000
 0.7676768    0.9922729492E+000    0.5488464355E+000
 0.7777778    0.9280441284E+000    0.5096755981E+000
 0.7878788    0.8940643311E+000    0.5274230957E+000
 0.7979798    0.8779708862E+000    0.5168090820E+000
 0.8080808    0.8296386719E+000    0.5314147949E+000
 0.8181818    0.8024002075E+000    0.5219284058E+000
 0.8282828    0.7624298096E+000    0.5331420898E+000
 0.8383838    0.7057861328E+000    0.4959152222E+000
 0.8484848    0.6837707520E+000    0.5110137939E+000
 0.8585859    0.6295959473E+000    0.5230285645E+000
 0.8686869    0.5959426880E+000    0.5110031128E+000
 0.8787879    0.5696762085E+000    0.5131088257E+000
 0.8888889    0.5089416504E+000    0.5124114990E+000
 0.8989899    0.4685256958E+000    0.5127807617E+000
 0.9090909    0.4231979370E+000    0.4988006592E+000
 0.9191919    0.3476593018E+000    0.4829132080E+000
 0.9292929    0.3272766113E+000    0.4991363525E+000
 0.9393939    0.2642364502E+000    0.4914001465E+000
 0.9494949    0.2344467163E+000    0.4958053589E+000
 0.9595960    0.1623687744E+000    0.4806243896E+000
 0.9696970    0.9786071777E-001    0.4608306885E+000
 0.9797980    0.6056365967E-001    0.4820358276E+000
 0.9898990    0.6838989258E-002    0.4800720215E+000
 1.0000000    0.0000000000E+000    0.4750656128E+000


#   100 bins for weightfunction of Ar                      
 0.0000000    0.2618838501E+001    0.2180938721E+000
 0.0101010    0.2600015259E+001    0.1920440674E+000
 0.0202020    0.2638980103E+001    0.2176635742E+000
 0.0303030    0.2680183411E+001    0.2279418945E+000
 0.0404040    0.2676879883E+001    0.2096267700E+000
 0.0505051    0.2727502441E+001    0.2062515259E+000
 0.0606061    0.2783177185E+001    0.2198883057E+000
 0.0707071    0.2830877686E+001    0.2029342651E+000
 0.0808081    0.2895062256E+001    0.2059432983E+000
 0.0909091    0.3006347656E+001    0.2168472290E+000
 0.1010101    0.3080746460E+001    0.2098342896E+000
 0.1111111    0.3132337952E+001    0.1923599243E+000
 0.1212121    0.3260643005E+001    0.1965881348E+000
 0.1313131    0.3344625854E+001    0.2143341064E+000
 0.1414141    0.3418482971E+001    0.2050094604E+000
 0.1515152    0.3487631226E+001    0.1996704102E+000
 0.1616162    0.3551469421E+001    0.2270645142E+000
 0.1717172    0.3590554810E+001    0.1959503174E+000
 0.1818182    0.3613885498E+001    0.2114868164E+000
 0.1919192    0.3626588440E+001    0.1859649658E+000
 0.2020202    0.3678936768E+001    0.1856979370E+000
 0.2121212    0.3662564087E+001    0.1821685791E+000
 0.2222222    0.3677339172E+001    0.1988677979E+000
 0.2323232    0.3611694336E+001    0.1805694580E+000
 0.2424242    0.3640209961E+001    0.1957931519E+000
 0.2525253    0.3622958374E+001    0.1661285400E+000
 0.2626263    0.3598835754E+001    0.1688354492E+000
 0.2727273    0.3564317322E+001    0.1643875122E+000
 0.2828283    0.3504373169E+001    0.1620208740E+000
 0.2929293    0.3493133545E+001    0.1477188110E+000
 0.3030303    0.3441815186E+001    0.1447784424E+000
 0.3131313    0.3422679138E+001    0.1521835327E+000
 0.3232323    0.3376791382E+001    0.1446166992E+000
 0.3333333    0.3334959412E+001    0.1441726685E+000
 0.3434343    0.3276652527E+001    0.1216217041E+000
 0.3535354    0.3228456116E+001    0.1151290894E+000
 0.3636364    0.3172459412E+001    0.1219299316E+000
 0.3737374    0.3120159912E+001    0.1214004517E+000
 0.3838384    0.3085221863E+001    0.1193969727E+000
 0.3939394    0.3015513611E+001    0.7572784424E-001
 0.4040404    0.2936604309E+001    0.9077758789E-001
 0.4141414    0.2934190369E+001    0.9358673096E-001
 0.4242424    0.2864547729E+001    0.9117126465E-001
 0.4343434    0.2792451477E+001    0.8478240967E-001
 0.4444444    0.2737884521E+001    0.7922363281E-001
 0.4545455    0.2673010254E+001    0.4952545166E-001
 0.4646465    0.2597416687E+001    0.4872589111E-001
 0.4747475    0.2534532166E+001    0.4759979248E-001
 0.4848485    0.2457460022E+001    0.3982238770E-001
 0.4949495    0.2414073181E+001    0.2958831787E-001
 0.5050505    0.2385337830E+001    0.4905548096E-001
 0.5151515    0.2372085571E+001    0.4876403809E-001
 0.5252525    0.2357792664E+001    0.3653717041E-001
 0.5353535    0.2386361694E+001    0.2383270264E-001
 0.5454545    0.2387052917E+001    0.1953582764E-001
 0.5555556    0.2361978149E+001    0.3791351318E-001
 0.5656566    0.2357897949E+001    0.3748016357E-001
 0.5757576    0.2383850098E+001    0.2601470947E-001
 0.5858586    0.2378181458E+001    0.0000000000E+000
 0.5959596    0.2371206665E+001    0.2648010254E-001
 0.6060606    0.2386117554E+001    0.1887664795E-001
 0.6161616    0.2365917969E+001    0.2846832275E-001
 0.6262626    0.2364105225E+001    0.3901519775E-001
 0.6363636    0.2361947632E+001    0.2908935547E-001
 0.6464646    0.2376245117E+001    0.2789306641E-001
 0.6565657    0.2391848755E+001    0.4498138428E-001
 0.6666667    0.2359783936E+001    0.3530578613E-001
 0.6767677    0.2373698425E+001    0.4148254395E-001
 0.6868687    0.2377981567E+001    0.2992248535E-001
 0.6969697    0.2352525330E+001    0.4356842041E-001
 0.7070707    0.2367192078E+001    0.4653930664E-001
 0.7171717    0.2371315002E+001    0.4276580811E-001
 0.7272727    0.2369802856E+001    0.3688507080E-001
 0.7373737    0.2372808838E+001    0.3253631592E-001
 0.7474747    0.2360598755E+001    0.3448638916E-001
 0.7575758    0.2356570435E+001    0.1671295166E-001
 0.7676768    0.2362979126E+001    0.2466430664E-001
 0.7777778    0.2353483582E+001    0.3075256348E-001
 0.7878788    0.2368539429E+001    0.2937011719E-001
 0.7979798    0.2356510925E+001    0.2074584961E-001
 0.8080808    0.2356413269E+001    0.2921447754E-001
 0.8181818    0.2362158203E+001    0.1825103760E-001
 0.8282828    0.2364807129E+001    0.3167572021E-001
 0.8383838    0.2359101868E+001    0.3399658203E-001
 0.8484848    0.2373493958E+001    0.4228210449E-001
 0.8585859    0.2362095642E+001    0.3240356445E-001
 0.8686869    0.2377832031E+001    0.4701538086E-001
 0.8787879    0.2371821594E+001    0.4188995361E-001
 0.8888889    0.2366157532E+001    0.3050079346E-001
 0.8989899    0.2367703247E+001    0.2816772461E-001
 0.9090909    0.2368965149E+001    0.3377532959E-001
 0.9191919    0.2369421387E+001    0.4039764404E-001
 0.9292929    0.2364285278E+001    0.2677764893E-001
 0.9393939    0.2370410156E+001    0.3977203369E-001
 0.9494949    0.2371530151E+001    0.3628997803E-001
 0.9595960    0.2351034546E+001    0.2057342529E-001
 0.9696970    0.2372245789E+001    0.3395996094E-001
 0.9797980    0.2391569519E+001    0.4562377930E-001
 0.9898990    0.2359478760E+001    0.2671203613E-001
 1.0000000    0.2369134521E+001    0.2313232422E-001


