#   100 bins for weightfunction of cd                      
 0.0000000    0.3371191406E+001    0.6970092773E+000
 0.0101010    0.3387933350E+001    0.7066162109E+000
 0.0202020    0.3393255615E+001    0.6980041504E+000
 0.0303030    0.3385491943E+001    0.6668945313E+000
 0.0404040    0.3480212402E+001    0.6814086914E+000
 0.0505051    0.3522766113E+001    0.6839782715E+000
 0.0606061    0.3579559326E+001    0.6762390137E+000
 0.0707071    0.3671142578E+001    0.6774353027E+000
 0.0808081    0.3799877930E+001    0.6740844727E+000
 0.0909091    0.3884350586E+001    0.6907775879E+000
 0.1010101    0.3969360352E+001    0.6785644531E+000
 0.1111111    0.4091503906E+001    0.6801635742E+000
 0.1212121    0.4132025146E+001    0.6646545410E+000
 0.1313131    0.4215026855E+001    0.6500061035E+000
 0.1414141    0.4270318604E+001    0.6720458984E+000
 0.1515152    0.4287322998E+001    0.6543884277E+000
 0.1616162    0.4324871826E+001    0.6624145508E+000
 0.1717172    0.4330993652E+001    0.6532470703E+000
 0.1818182    0.4333105469E+001    0.6631713867E+000
 0.1919192    0.4329406738E+001    0.6379028320E+000
 0.2020202    0.4307940674E+001    0.6359252930E+000
 0.2121212    0.4252520752E+001    0.6279907227E+000
 0.2222222    0.4232934570E+001    0.5985900879E+000
 0.2323232    0.4142639160E+001    0.5979431152E+000
 0.2424242    0.4100769043E+001    0.5883056641E+000
 0.2525253    0.3998168945E+001    0.5792114258E+000
 0.2626263    0.3960510254E+001    0.5685852051E+000
 0.2727273    0.3853967285E+001    0.5710021973E+000
 0.2828283    0.3766729736E+001    0.5586181641E+000
 0.2929293    0.3681835937E+001    0.5321716309E+000
 0.3030303    0.3641009521E+001    0.5351867676E+000
 0.3131313    0.3558874512E+001    0.5421997070E+000
 0.3232323    0.3439697266E+001    0.5099670410E+000
 0.3333333    0.3321051025E+001    0.5278442383E+000
 0.3434343    0.3239776611E+001    0.5194946289E+000
 0.3535354    0.3137176514E+001    0.4854064941E+000
 0.3636364    0.3051989746E+001    0.4807373047E+000
 0.3737374    0.2927825928E+001    0.4614868164E+000
 0.3838384    0.2810925293E+001    0.4371948242E+000
 0.3939394    0.2732263184E+001    0.4493103027E+000
 0.4040404    0.2587219238E+001    0.4172851563E+000
 0.4141414    0.2476831055E+001    0.4098754883E+000
 0.4242424    0.2382861328E+001    0.4000244141E+000
 0.4343434    0.2275177002E+001    0.3974487305E+000
 0.4444444    0.2159680176E+001    0.3760009766E+000
 0.4545455    0.2065692139E+001    0.3460327148E+000
 0.4646465    0.1907873535E+001    0.3640686035E+000
 0.4747475    0.1807489014E+001    0.3390014648E+000
 0.4848485    0.1686138916E+001    0.3102600098E+000
 0.4949495    0.1571826172E+001    0.3105285645E+000
 0.5050505    0.1490020752E+001    0.3148376465E+000
 0.5151515    0.1518072510E+001    0.3126586914E+000
 0.5252525    0.1501318359E+001    0.3174987793E+000
 0.5353535    0.1480670166E+001    0.3060485840E+000
 0.5454545    0.1475372314E+001    0.2832702637E+000
 0.5555556    0.1461511230E+001    0.2982116699E+000
 0.5656566    0.1454724121E+001    0.3267639160E+000
 0.5757576    0.1453204346E+001    0.2997253418E+000
 0.5858586    0.1430261230E+001    0.3172058105E+000
 0.5959596    0.1446722412E+001    0.3068908691E+000
 0.6060606    0.1413824463E+001    0.2996948242E+000
 0.6161616    0.1380322266E+001    0.3002868652E+000
 0.6262626    0.1411419678E+001    0.3045532227E+000
 0.6363636    0.1364544678E+001    0.2822753906E+000
 0.6464646    0.1357153320E+001    0.2903869629E+000
 0.6565657    0.1336242676E+001    0.2966064453E+000
 0.6666667    0.1324993896E+001    0.3118774414E+000
 0.6767677    0.1294439697E+001    0.3005371094E+000
 0.6868687    0.1262152100E+001    0.2642639160E+000
 0.6969697    0.1264111328E+001    0.2801757812E+000
 0.7070707    0.1233715820E+001    0.2861877441E+000
 0.7171717    0.1215405273E+001    0.2944824219E+000
 0.7272727    0.1175231934E+001    0.2830810547E+000
 0.7373737    0.1119781494E+001    0.2782592773E+000
 0.7474747    0.1098608398E+001    0.2633300781E+000
 0.7575758    0.1064447021E+001    0.2644287109E+000
 0.7676768    0.1025653076E+001    0.2554504395E+000
 0.7777778    0.1019592285E+001    0.2652221680E+000
 0.7878788    0.9911132813E+000    0.2752868652E+000
 0.7979798    0.9367858887E+000    0.2602172852E+000
 0.8080808    0.9074768066E+000    0.2648437500E+000
 0.8181818    0.8574340820E+000    0.2529296875E+000
 0.8282828    0.8322692871E+000    0.2591735840E+000
 0.8383838    0.7876525879E+000    0.2389953613E+000
 0.8484848    0.7314636230E+000    0.2337219238E+000
 0.8585859    0.7031188965E+000    0.2558776855E+000
 0.8686869    0.6605285645E+000    0.2442932129E+000
 0.8787879    0.6111450195E+000    0.2373840332E+000
 0.8888889    0.5778686523E+000    0.2370056152E+000
 0.8989899    0.5219848633E+000    0.2257507324E+000
 0.9090909    0.4713500977E+000    0.2381347656E+000
 0.9191919    0.4143615723E+000    0.2144409180E+000
 0.9292929    0.3752929688E+000    0.2164916992E+000
 0.9393939    0.3137145996E+000    0.2085937500E+000
 0.9494949    0.2611999512E+000    0.2040710449E+000
 0.9595960    0.2142272949E+000    0.1984619141E+000
 0.9696970    0.1501770020E+000    0.1923950195E+000
 0.9797980    0.9408569336E-001    0.1585632324E+000
 0.9898990    0.1964111328E-001    0.1674560547E+000
 1.0000000    0.0000000000E+000    0.1784912109E+000


#   100 bins for weightfunction of Ar                      
 0.0000000    0.2816224670E+001    0.1715850830E+000
 0.0101010    0.2837991333E+001    0.1862823486E+000
 0.0202020    0.2849339294E+001    0.1852600098E+000
 0.0303030    0.2866615295E+001    0.1860336304E+000
 0.0404040    0.2928396606E+001    0.2138763428E+000
 0.0505051    0.2967375183E+001    0.1989746094E+000
 0.0606061    0.3005668640E+001    0.1904861450E+000
 0.0707071    0.3077301025E+001    0.2072937012E+000
 0.0808081    0.3153849792E+001    0.2120162964E+000
 0.0909091    0.3236749268E+001    0.2000625610E+000
 0.1010101    0.3336212158E+001    0.2049316406E+000
 0.1111111    0.3415003967E+001    0.1838485718E+000
 0.1212121    0.3495748901E+001    0.1930282593E+000
 0.1313131    0.3601019287E+001    0.1957168579E+000
 0.1414141    0.3694163513E+001    0.1827972412E+000
 0.1515152    0.3756330872E+001    0.1885070801E+000
 0.1616162    0.3828506470E+001    0.1915664673E+000
 0.1717172    0.3888192749E+001    0.1900894165E+000
 0.1818182    0.3934715271E+001    0.1747528076E+000
 0.1919192    0.3967298889E+001    0.1835449219E+000
 0.2020202    0.3965997314E+001    0.1803817749E+000
 0.2121212    0.3974594116E+001    0.1586791992E+000
 0.2222222    0.4001614380E+001    0.1656448364E+000
 0.2323232    0.3984573364E+001    0.1673950195E+000
 0.2424242    0.3960702515E+001    0.1823608398E+000
 0.2525253    0.3924844360E+001    0.1551345825E+000
 0.2626263    0.3910794067E+001    0.1429840088E+000
 0.2727273    0.3892167664E+001    0.1380706787E+000
 0.2828283    0.3849526978E+001    0.1563491821E+000
 0.2929293    0.3810366821E+001    0.1330596924E+000
 0.3030303    0.3794104004E+001    0.1332229614E+000
 0.3131313    0.3742318726E+001    0.1295806885E+000
 0.3232323    0.3693023682E+001    0.1266311646E+000
 0.3333333    0.3661746216E+001    0.1076202393E+000
 0.3434343    0.3629171753E+001    0.1103393555E+000
 0.3535354    0.3565634155E+001    0.9215545654E-001
 0.3636364    0.3508291626E+001    0.9795837402E-001
 0.3737374    0.3478414917E+001    0.9072723389E-001
 0.3838384    0.3415522766E+001    0.6446685791E-001
 0.3939394    0.3347016907E+001    0.8740692139E-001
 0.4040404    0.3301593018E+001    0.8665161133E-001
 0.4141414    0.3243693542E+001    0.6479187012E-001
 0.4242424    0.3189538574E+001    0.5979919434E-001
 0.4343434    0.3140476990E+001    0.5922698975E-001
 0.4444444    0.3068211365E+001    0.4084777832E-001
 0.4545455    0.3014886475E+001    0.5290527344E-001
 0.4646465    0.2958055115E+001    0.3958282471E-001
 0.4747475    0.2886198425E+001    0.4940032959E-001
 0.4848485    0.2816880798E+001    0.3300018311E-001
 0.4949495    0.2736540222E+001    0.2850646973E-001
 0.5050505    0.2714418030E+001    0.3488769531E-001
 0.5151515    0.2713574219E+001    0.5595397949E-002
 0.5252525    0.2726231384E+001    0.1419982910E-001
 0.5353535    0.2717112732E+001    0.1730804443E-001
 0.5454545    0.2717611694E+001    0.1678466797E-001
 0.5555556    0.2734666443E+001    0.1180267334E-001
 0.5656566    0.2719238281E+001    0.1028137207E-001
 0.5757576    0.2736906433E+001    0.6524658203E-002
 0.5858586    0.2720486450E+001    0.4842834473E-001
 0.5959596    0.2730285645E+001    0.1247100830E-001
 0.6060606    0.2719941711E+001    0.1352539063E-001
 0.6161616    0.2733940125E+001    0.1663970947E-001
 0.6262626    0.2733409119E+001    0.2566070557E-001
 0.6363636    0.2726542664E+001    0.1461334229E-001
 0.6464646    0.2709643555E+001    0.2488250732E-001
 0.6565657    0.2718064880E+001    0.2406768799E-001
 0.6666667    0.2707449341E+001    0.1311035156E-001
 0.6767677    0.2712245178E+001    0.1289672852E-001
 0.6868687    0.2705494690E+001    0.2301330566E-001
 0.6969697    0.2732647705E+001    0.1790008545E-001
 0.7070707    0.2712117004E+001    0.0000000000E+000
 0.7171717    0.2717407227E+001    0.7795715332E-002
 0.7272727    0.2721580505E+001    0.1903381348E-001
 0.7373737    0.2717648315E+001    0.1996154785E-001
 0.7474747    0.2713876343E+001    0.8767700195E-002
 0.7575758    0.2723629761E+001    0.1610260010E-001
 0.7676768    0.2719949341E+001    0.2147827148E-001
 0.7777778    0.2722744751E+001    0.2410278320E-001
 0.7878788    0.2720237732E+001    0.2313385010E-001
 0.7979798    0.2713929749E+001    0.1958007813E-001
 0.8080808    0.2711820984E+001    0.8786010742E-002
 0.8181818    0.2719522095E+001    0.2373504639E-001
 0.8282828    0.2717791748E+001    0.1626892090E-001
 0.8383838    0.2727139282E+001    0.1851654053E-001
 0.8484848    0.2718154907E+001    0.1271820068E-001
 0.8585859    0.2717935181E+001    0.1668090820E-001
 0.8686869    0.2717562866E+001    0.1335449219E-001
 0.8787879    0.2719557190E+001    0.1906738281E-001
 0.8888889    0.2728825378E+001    0.1445159912E-001
 0.8989899    0.2718930054E+001    0.1473846436E-001
 0.9090909    0.2718486023E+001    0.1364135742E-002
 0.9191919    0.2710676575E+001    0.6942749023E-002
 0.9292929    0.2719128418E+001    0.2563934326E-001
 0.9393939    0.2722230530E+001    0.1583251953E-001
 0.9494949    0.2733552551E+001    0.3066406250E-001
 0.9595960    0.2720549011E+001    0.1075286865E-001
 0.9696970    0.2704347229E+001    0.1234283447E-001
 0.9797980    0.2716979980E+001    0.1627044678E-001
 0.9898990    0.2726715088E+001    0.2444915771E-001
 1.0000000    0.2725485229E+001    0.1971282959E-001


