Compiled using GNU Fortran (Ubuntu 9.4.0-1ubuntu1~20.04.2) 9.4.0 with all optimizations
Last Brick update unknown
Compiled at 18:43:37 on Sep  2 2023
Starting at 16:56:20 on Sep 11 2023

Settings
OK                      

Forcefield
OK                      

Topology
OK                      

Configuration
OK                      Read from ./INPUT/restart.in

 F
Monte Carlo Simulation initialized.

#########################################################################################################################
###########################################   ENERGY STARTING CONFIGURATION   ###########################################
#########################################################################################################################
                                               Box 1               Box 2
-------------------------------------------------------------------------------------------------------------------------
Lennard Jones        
 Intermolecular                         -0.5342216184E+006  -0.4531737500E+005
 Tailcorrection                         -0.1332556022E+005  -0.9639329950E+003
Total Intermolecular                    -0.5475471786E+006  -0.4628130799E+005

Electrostatic        
 Real                                   -0.1601582854E+006  -0.1023273755E+005
 Exclusion                               0.9190594786E+007   0.3162511332E+007
 Selfterm                               -0.9220114054E+007  -0.3165700350E+007
 Fourier                                 0.1358439880E+005   0.2737663226E+004
Total Intermolecular                    -0.1760931545E+006  -0.1068409277E+005

Intramolecular       
 Lennard Jones                           0.0000000000E+000   0.0000000000E+000
 Electrostatic                           0.0000000000E+000   0.0000000000E+000
 Bending                                 0.0000000000E+000   0.0000000000E+000
 Torsion                                 0.0000000000E+000   0.0000000000E+000

Total                                   -0.7236403331E+006  -0.5696540076E+005

#########################################################################################################################

Simulation is running...



#########################################################################################################################
###############################################   RELATIVE ENERGY DRIFTS   ##############################################
#########################################################################################################################
                                               Box 1               Box 2                                                 
-------------------------------------------------------------------------------------------------------------------------

Lennard Jones        
 Intermolecular                          0.1392056029E-013   0.1404322138E-015
 Tailcorrection                          0.0000000000E+000   0.0000000000E+000

Electrostatic        
 Real                                    0.7199444554E-014   0.4118403590E-015
 Exclusion                               0.0000000000E+000   0.1339150924E-015
 Selfterm                                0.0000000000E+000   0.0000000000E+000
 Fourier                                 0.2740403417E-015   0.0000000000E+000

Intramolecular       
 Lennard Jones                           0.0000000000E+000   0.0000000000E+000
 Electrostatic                           0.0000000000E+000   0.0000000000E+000
 Bending                                 0.0000000000E+000   0.0000000000E+000
 Torsion                                 0.0000000000E+000   0.0000000000E+000

Total                                    0.1176853697E-013   0.7494653071E-014

#########################################################################################################################
############################################   TRIAL MOVE ACCEPTANCE RATES   ############################################
#########################################################################################################################
                                               Box 1               Box 2
-------------------------------------------------------------------------------------------------------------------------
Translation
 CO2                                          0.50680             0.49753
 AR                                           0.49398             0.64493
-------------------------------------------------------------------------------------------------------------------------
Rotation
 CO2                                          0.50849             0.75167
 AR                                           0.00000             0.00000
-------------------------------------------------------------------------------------------------------------------------
Lambda Move
 cd                                           0.74404             0.94697
 Ar                                           0.82680             0.96959
-------------------------------------------------------------------------------------------------------------------------
GE Swap Fractional
 cd                                           0.39060             0.36058
 Ar                                           0.48391             0.44633
-------------------------------------------------------------------------------------------------------------------------
GE Identity Change
 cd                                           0.82211             0.77366
 Ar                                           0.93335             0.86718
-------------------------------------------------------------------------------------------------------------------------
Volume                                        0.50059             0.49925

#########################################################################################################################
######################################################   AVERAGES   #####################################################
#########################################################################################################################
                                                       Boltzmann                                    Biased
                                               Box 1               Box 2                  Box 1               Box 2      
-------------------------------------------------------------------------------------------------------------------------
Density
 CO2                                     0.9601526718E+003   0.5961068969E+002      0.9580575217E+003   0.5969572401E+002
 AR                                      0.4960355566E+002   0.4996580031E+002      0.4993735439E+002   0.5004226044E+002
 Total                                   0.1009756227E+004   0.1095764900E+003      0.1007994876E+004   0.1097379845E+003

Number of molecules
 CO2                                     0.4773715757E+003   0.2576284243E+003      0.4776677100E+003   0.2573322900E+003
 AR                                      0.2729012869E+002   0.2377098713E+003      0.2755156000E+002   0.2374484400E+003
 Total                                   0.5046617044E+003   0.4953382956E+003      0.5052192700E+003   0.4947807300E+003

Mole fractions
 CO2                                          0.94592             0.52011                 0.94547             0.52009
 AR                                           0.05408             0.47989                 0.05453             0.47991

Volume                                   0.3636422462E+005   0.3166732159E+006      0.3646641508E+005   0.3158515834E+006

#########################################################################################################################
#######################################   PROPERTIES FROM THE CFC GIBBS ENSEMBLE   ######################################
#########################################################################################################################
                                                       Boltzmann                                    Biased
                                               Box 1               Box 2                  Box 1               Box 2      
Chemical Potentials (as an indication)
=========================================================================================================================

Total cd                                -0.1938866997E+004  -0.1941312624E+004     -0.1939419671E+004  -0.1940951978E+004
 Ideal gas                              -0.1096052198E+004  -0.1799204318E+004     -0.1096604873E+004  -0.1798843672E+004
 Excess                                 -0.8428147985E+003  -0.1421083062E+003     -0.8428147985E+003  -0.1421083062E+003

-------------------------------------------------------------------------------------------------------------------------

Total Ar                                -0.1868091320E+004  -0.1864255453E+004     -0.1866394502E+004  -0.1863868596E+004
 Ideal gas                              -0.1821198651E+004  -0.1819357758E+004     -0.1819501834E+004  -0.1818970901E+004
 Excess                                 -0.4689266843E+002  -0.4489769512E+002     -0.4689266843E+002  -0.4489769512E+002

-------------------------------------------------------------------------------------------------------------------------

#########################################################################################################################
#########################################   PROPERTIES FROM UMBRELLA SAMPLING   #########################################
#########################################################################################################################

Excess Partial Molar Enthalpy
=========================================================================================================================


Partial Molar Volume
=========================================================================================================================


#########################################################################################################################
##################################################   AVERAGE ENERGIES   #################################################
#########################################################################################################################
                                                       Boltzmann                                    Biased
                                               Box 1               Box 2                  Box 1               Box 2      
-------------------------------------------------------------------------------------------------------------------------
Lennard Jones        
 Intermolecular                         -0.5145397795E+006  -0.4905185039E+005     -0.5143567044E+006  -0.4900751773E+005
 Tailcorrection                         -0.1258249871E+005  -0.1031383624E+004     -0.1258124432E+005  -0.1030070788E+004
Total Intermolecular                    -0.5271222782E+006  -0.5008323401E+005     -0.5269379487E+006  -0.5003758852E+005

Electrostatic        
 Real                                   -0.1537427146E+006  -0.8242312086E+004     -0.1534551198E+006  -0.8237064952E+004
 Exclusion                               0.8742670802E+007   0.3498580328E+007      0.8746657153E+007   0.3493972698E+007
 Selfterm                               -0.8770751722E+007  -0.3502108371E+007     -0.8774750769E+007  -0.3497496052E+007
 Fourier                                 0.1303448502E+005   0.3012905579E+004      0.1306522414E+005   0.3011875561E+004
Total Intermolecular                    -0.1687891494E+006  -0.8757449246E+004     -0.1684835114E+006  -0.8748542881E+004

Intramolecular       
 Lennard Jones                           0.0000000000E+000   0.0000000000E+000      0.0000000000E+000   0.0000000000E+000
 Electrostatic                           0.0000000000E+000   0.0000000000E+000      0.0000000000E+000   0.0000000000E+000
 Bending                                 0.0000000000E+000   0.0000000000E+000      0.0000000000E+000   0.0000000000E+000
 Torsion                                 0.0000000000E+000   0.0000000000E+000      0.0000000000E+000   0.0000000000E+000

Total                                   -0.6959114277E+006  -0.5884068325E+005     -0.6954214601E+006  -0.5878613140E+005

#########################################################################################################################

No errors found in bookkeeping.

Total simulation time:  17 hours and  38 minutes

Simulation finished.

