Compiled using GNU Fortran (Ubuntu 9.4.0-1ubuntu1~20.04.2) 9.4.0 with all optimizations
Last Brick update unknown
Compiled at 18:43:37 on Sep  2 2023
Starting at 16:56:21 on Sep 11 2023

Settings
OK                      

Forcefield
OK                      

Topology
OK                      

Configuration
OK                      Read from ./INPUT/restart.in

 F
Monte Carlo Simulation initialized.

#########################################################################################################################
###########################################   ENERGY STARTING CONFIGURATION   ###########################################
#########################################################################################################################
                                               Box 1               Box 2
-------------------------------------------------------------------------------------------------------------------------
Lennard Jones        
 Intermolecular                         -0.4891697698E+006  -0.7899743123E+005
 Tailcorrection                         -0.1200513949E+005  -0.1787605540E+004
Total Intermolecular                    -0.5011749093E+006  -0.8078503677E+005

Electrostatic        
 Real                                   -0.1182944451E+006  -0.6471769496E+004
 Exclusion                               0.7982628700E+007   0.1954513441E+007
 Selfterm                               -0.8008268243E+007  -0.1956484337E+007
 Fourier                                 0.1412628406E+005   0.1940616650E+004
Total Intermolecular                    -0.1298077038E+006  -0.6502048368E+004

Intramolecular       
 Lennard Jones                           0.0000000000E+000   0.0000000000E+000
 Electrostatic                           0.0000000000E+000   0.0000000000E+000
 Bending                                 0.0000000000E+000   0.0000000000E+000
 Torsion                                 0.0000000000E+000   0.0000000000E+000

Total                                   -0.6309826131E+006  -0.8728708514E+005

#########################################################################################################################

Simulation is running...



#########################################################################################################################
###############################################   RELATIVE ENERGY DRIFTS   ##############################################
#########################################################################################################################
                                               Box 1               Box 2                                                 
-------------------------------------------------------------------------------------------------------------------------

Lennard Jones        
 Intermolecular                          0.4298795672E-014   0.1818766380E-015
 Tailcorrection                          0.0000000000E+000   0.0000000000E+000

Electrostatic        
 Real                                    0.6139567780E-014   0.4173221689E-015
 Exclusion                               0.1256408309E-015   0.0000000000E+000
 Selfterm                                0.0000000000E+000   0.0000000000E+000
 Fourier                                 0.0000000000E+000   0.2044825168E-015

Intramolecular       
 Lennard Jones                           0.0000000000E+000   0.0000000000E+000
 Electrostatic                           0.0000000000E+000   0.0000000000E+000
 Bending                                 0.0000000000E+000   0.0000000000E+000
 Torsion                                 0.0000000000E+000   0.0000000000E+000

Total                                    0.4960204748E-014   0.0000000000E+000

#########################################################################################################################
############################################   TRIAL MOVE ACCEPTANCE RATES   ############################################
#########################################################################################################################
                                               Box 1               Box 2
-------------------------------------------------------------------------------------------------------------------------
Translation
 CO2                                          0.50786             0.47935
 AR                                           0.50575             0.48914
-------------------------------------------------------------------------------------------------------------------------
Rotation
 CO2                                          0.50614             0.61412
 AR                                           0.00000             0.00000
-------------------------------------------------------------------------------------------------------------------------
Lambda Move
 cd                                           0.76098             0.91365
 Ar                                           0.83926             0.94768
-------------------------------------------------------------------------------------------------------------------------
GE Swap Fractional
 cd                                           0.37718             0.36742
 Ar                                           0.46352             0.45853
-------------------------------------------------------------------------------------------------------------------------
GE Identity Change
 cd                                           0.80498             0.76809
 Ar                                           0.91121             0.90534
-------------------------------------------------------------------------------------------------------------------------
Volume                                        0.48628             0.49870

#########################################################################################################################
######################################################   AVERAGES   #####################################################
#########################################################################################################################
                                                       Boltzmann                                    Biased
                                               Box 1               Box 2                  Box 1               Box 2      
-------------------------------------------------------------------------------------------------------------------------
Density
 CO2                                     0.7999983320E+003   0.9917313144E+002      0.7976989062E+003   0.9881892709E+002
 AR                                      0.1562359377E+003   0.1609661521E+003      0.1569168734E+003   0.1611180976E+003
 Total                                   0.9562342697E+003   0.2601392836E+003      0.9546157796E+003   0.2599370247E+003

Number of molecules
 CO2                                     0.3922286583E+003   0.1877713417E+003      0.3935639400E+003   0.1864360600E+003
 AR                                      0.8513228168E+002   0.3348677183E+003      0.8602754000E+002   0.3339724600E+003
 Total                                   0.4773609400E+003   0.5226390600E+003      0.4795914800E+003   0.5204085200E+003

Mole fractions
 CO2                                          0.82166             0.35928                 0.82062             0.35825
 AR                                           0.17834             0.64072                 0.17938             0.64175

Volume                                   0.3593509265E+005   0.1385249999E+006      0.3615948930E+005   0.1380248615E+006

#########################################################################################################################
#######################################   PROPERTIES FROM THE CFC GIBBS ENSEMBLE   ######################################
#########################################################################################################################
                                                       Boltzmann                                    Biased
                                               Box 1               Box 2                  Box 1               Box 2      
Chemical Potentials (as an indication)
=========================================================================================================================

Total cd                                -0.1939094454E+004  -0.1938906802E+004     -0.1939822696E+004  -0.1939812029E+004
 Ideal gas                              -0.1142220312E+004  -0.1670419169E+004     -0.1142948554E+004  -0.1671324395E+004
 Excess                                 -0.7968741424E+003  -0.2684876337E+003     -0.7968741424E+003  -0.2684876337E+003

-------------------------------------------------------------------------------------------------------------------------

Total Ar                                -0.1615405383E+004  -0.1614244989E+004     -0.1614305109E+004  -0.1614006280E+004
 Ideal gas                              -0.1530930545E+004  -0.1523384359E+004     -0.1529830271E+004  -0.1523145650E+004
 Excess                                 -0.8447483837E+002  -0.9086062984E+002     -0.8447483837E+002  -0.9086062984E+002

-------------------------------------------------------------------------------------------------------------------------

#########################################################################################################################
#########################################   PROPERTIES FROM UMBRELLA SAMPLING   #########################################
#########################################################################################################################

Excess Partial Molar Enthalpy
=========================================================================================================================


Partial Molar Volume
=========================================================================================================================


#########################################################################################################################
##################################################   AVERAGE ENERGIES   #################################################
#########################################################################################################################
                                                       Boltzmann                                    Biased
                                               Box 1               Box 2                  Box 1               Box 2      
-------------------------------------------------------------------------------------------------------------------------
Lennard Jones        
 Intermolecular                         -0.4233262032E+006  -0.9638112147E+005     -0.4243375015E+006  -0.9567670513E+005
 Tailcorrection                         -0.1048797822E+005  -0.2306817288E+004     -0.1051568367E+005  -0.2290809875E+004
Total Intermolecular                    -0.4338141815E+006  -0.9868793876E+005     -0.4348531852E+006  -0.9796751501E+005

Electrostatic        
 Real                                   -0.1071953843E+006  -0.9847905001E+004     -0.1072208815E+006  -0.9751757257E+004
 Exclusion                               0.7184391037E+007   0.2550371456E+007      0.7206886183E+007   0.2531708188E+007
 Selfterm                               -0.7207466995E+007  -0.2552943335E+007     -0.7230034210E+007  -0.2534261211E+007
 Fourier                                 0.1237779260E+005   0.2488570618E+004      0.1244477506E+005   0.2471223992E+004
Total Intermolecular                    -0.1178935504E+006  -0.9931213909E+004     -0.1179241327E+006  -0.9833556634E+004

Intramolecular       
 Lennard Jones                           0.0000000000E+000   0.0000000000E+000      0.0000000000E+000   0.0000000000E+000
 Electrostatic                           0.0000000000E+000   0.0000000000E+000      0.0000000000E+000   0.0000000000E+000
 Bending                                 0.0000000000E+000   0.0000000000E+000      0.0000000000E+000   0.0000000000E+000
 Torsion                                 0.0000000000E+000   0.0000000000E+000      0.0000000000E+000   0.0000000000E+000

Total                                   -0.5517077318E+006  -0.1086191527E+006     -0.5527773179E+006  -0.1078010716E+006

#########################################################################################################################

No errors found in bookkeeping.

Total simulation time:  14 hours and  47 minutes

Simulation finished.

