Compiled using GNU Fortran (Ubuntu 9.4.0-1ubuntu1~20.04.2) 9.4.0 with all optimizations
Last Brick update unknown
Compiled at 18:43:37 on Sep  2 2023
Starting at 16:56:21 on Sep 11 2023

Settings
OK                      

Forcefield
OK                      

Topology
OK                      

Configuration
OK                      Read from ./INPUT/restart.in

 F
Monte Carlo Simulation initialized.

#########################################################################################################################
###########################################   ENERGY STARTING CONFIGURATION   ###########################################
#########################################################################################################################
                                               Box 1               Box 2
-------------------------------------------------------------------------------------------------------------------------
Lennard Jones        
 Intermolecular                         -0.4531918727E+006  -0.8222469845E+005
 Tailcorrection                         -0.1123668440E+005  -0.2000990985E+004
Total Intermolecular                    -0.4644285571E+006  -0.8422568944E+005

Electrostatic        
 Real                                   -0.1234893639E+006  -0.9225069843E+004
 Exclusion                               0.7725958167E+007   0.3026781232E+007
 Selfterm                               -0.7750773169E+007  -0.3029833382E+007
 Fourier                                 0.1228334967E+005   0.2970068650E+004
Total Intermolecular                    -0.1360210163E+006  -0.9307151899E+004

Intramolecular       
 Lennard Jones                           0.0000000000E+000   0.0000000000E+000
 Electrostatic                           0.0000000000E+000   0.0000000000E+000
 Bending                                 0.0000000000E+000   0.0000000000E+000
 Torsion                                 0.0000000000E+000   0.0000000000E+000

Total                                   -0.6004495734E+006  -0.9353284134E+005

#########################################################################################################################

Simulation is running...



#########################################################################################################################
###############################################   RELATIVE ENERGY DRIFTS   ##############################################
#########################################################################################################################
                                               Box 1               Box 2                                                 
-------------------------------------------------------------------------------------------------------------------------

Lennard Jones        
 Intermolecular                          0.4572060967E-015   0.6327501804E-015
 Tailcorrection                          0.0000000000E+000   0.0000000000E+000

Electrostatic        
 Real                                    0.4408910255E-015   0.6583375940E-015
 Exclusion                               0.0000000000E+000   0.0000000000E+000
 Selfterm                                0.0000000000E+000   0.0000000000E+000
 Fourier                                 0.1190282936E-015   0.2071435658E-015

Intramolecular       
 Lennard Jones                           0.0000000000E+000   0.0000000000E+000
 Electrostatic                           0.0000000000E+000   0.0000000000E+000
 Bending                                 0.0000000000E+000   0.0000000000E+000
 Torsion                                 0.0000000000E+000   0.0000000000E+000

Total                                    0.3492713133E-015   0.3758143563E-014

#########################################################################################################################
############################################   TRIAL MOVE ACCEPTANCE RATES   ############################################
#########################################################################################################################
                                               Box 1               Box 2
-------------------------------------------------------------------------------------------------------------------------
Translation
 CO2                                          0.50235             0.50702
 AR                                           0.49467             0.51927
-------------------------------------------------------------------------------------------------------------------------
Rotation
 CO2                                          0.50759             0.67049
 AR                                           0.00000             0.00000
-------------------------------------------------------------------------------------------------------------------------
Lambda Move
 cd                                           0.75317             0.92768
 Ar                                           0.83567             0.95622
-------------------------------------------------------------------------------------------------------------------------
GE Swap Fractional
 cd                                           0.34375             0.38056
 Ar                                           0.42867             0.46964
-------------------------------------------------------------------------------------------------------------------------
GE Identity Change
 cd                                           0.74413             0.78535
 Ar                                           0.80098             0.92818
-------------------------------------------------------------------------------------------------------------------------
Volume                                        0.51920             0.50313

#########################################################################################################################
######################################################   AVERAGES   #####################################################
#########################################################################################################################
                                                       Boltzmann                                    Biased
                                               Box 1               Box 2                  Box 1               Box 2      
-------------------------------------------------------------------------------------------------------------------------
Density
 CO2                                     0.8612140807E+003   0.7931132319E+002      0.8572941322E+003   0.7858235543E+002
 AR                                      0.1139965426E+003   0.1145525484E+003      0.1153785183E+003   0.1148999555E+003
 Total                                   0.9752106234E+003   0.1938638716E+003      0.9726726505E+003   0.1934823109E+003

Number of molecules
 CO2                                     0.4631661672E+003   0.1818338328E+003      0.4663481400E+003   0.1786518600E+003
 AR                                      0.6864938329E+002   0.2863506167E+003      0.7023084000E+002   0.2847691600E+003
 Total                                   0.5318155505E+003   0.4681844495E+003      0.5365789800E+003   0.4634210200E+003

Mole fractions
 CO2                                          0.87092             0.38838                 0.86911             0.38551
 AR                                           0.12908             0.61162                 0.13089             0.61449

Volume                                   0.3945834858E+005   0.1667535109E+006      0.3990538125E+005   0.1653385353E+006

#########################################################################################################################
#######################################   PROPERTIES FROM THE CFC GIBBS ENSEMBLE   ######################################
#########################################################################################################################
                                                       Boltzmann                                    Biased
                                               Box 1               Box 2                  Box 1               Box 2      
Chemical Potentials (as an indication)
=========================================================================================================================

Total cd                                -0.1945211267E+004  -0.1943793396E+004     -0.1946365464E+004  -0.1946129527E+004
 Ideal gas                              -0.1123565743E+004  -0.1726961182E+004     -0.1124719940E+004  -0.1729297313E+004
 Excess                                 -0.8216455241E+003  -0.2168322142E+003     -0.8216455241E+003  -0.2168322142E+003

-------------------------------------------------------------------------------------------------------------------------

Total Ar                                -0.1683039149E+004  -0.1682675980E+004     -0.1679990482E+004  -0.1681909860E+004
 Ideal gas                              -0.1610675934E+004  -0.1609444954E+004     -0.1607627267E+004  -0.1608678834E+004
 Excess                                 -0.7236321451E+002  -0.7323102614E+002     -0.7236321451E+002  -0.7323102614E+002

-------------------------------------------------------------------------------------------------------------------------

#########################################################################################################################
#########################################   PROPERTIES FROM UMBRELLA SAMPLING   #########################################
#########################################################################################################################

Excess Partial Molar Enthalpy
=========================================================================================================================


Partial Molar Volume
=========================================================================================================================


#########################################################################################################################
##################################################   AVERAGE ENERGIES   #################################################
#########################################################################################################################
                                                       Boltzmann                                    Biased
                                               Box 1               Box 2                  Box 1               Box 2      
-------------------------------------------------------------------------------------------------------------------------
Lennard Jones        
 Intermolecular                         -0.4974599774E+006  -0.6833041883E+005     -0.5001323294E+006  -0.6717287190E+005
 Tailcorrection                         -0.1225918982E+005  -0.1578101523E+004     -0.1232851985E+005  -0.1553537238E+004
Total Intermolecular                    -0.5097191672E+006  -0.6990852035E+005     -0.5124608493E+006  -0.6872640914E+005

Electrostatic        
 Real                                   -0.1348679451E+006  -0.7906515874E+004     -0.1351819691E+006  -0.7685579281E+004
 Exclusion                               0.8483433539E+007   0.2469603820E+007      0.8539479211E+007   0.2425968906E+007
 Selfterm                               -0.8510681915E+007  -0.2472094243E+007     -0.8566907402E+007  -0.2428415297E+007
 Fourier                                 0.1387909899E+005   0.2393657611E+004      0.1401719150E+005   0.2353331906E+004
Total Intermolecular                    -0.1482372230E+006  -0.8003281366E+004     -0.1485929682E+006  -0.7778638814E+004

Intramolecular       
 Lennard Jones                           0.0000000000E+000   0.0000000000E+000      0.0000000000E+000   0.0000000000E+000
 Electrostatic                           0.0000000000E+000   0.0000000000E+000      0.0000000000E+000   0.0000000000E+000
 Bending                                 0.0000000000E+000   0.0000000000E+000      0.0000000000E+000   0.0000000000E+000
 Torsion                                 0.0000000000E+000   0.0000000000E+000      0.0000000000E+000   0.0000000000E+000

Total                                   -0.6579563902E+006  -0.7791180172E+005     -0.6610538175E+006  -0.7650504795E+005

#########################################################################################################################

No errors found in bookkeeping.

Total simulation time:  16 hours and  23 minutes

Simulation finished.

