#   100 bins for weightfunction of cd                      
 0.0000000    0.3284100342E+001    0.1806091309E+001
 0.0101010    0.3286126709E+001    0.1828851318E+001
 0.0202020    0.3298327637E+001    0.1823004150E+001
 0.0303030    0.3350250244E+001    0.1840124512E+001
 0.0404040    0.3368237305E+001    0.1839160156E+001
 0.0505051    0.3453240967E+001    0.1837878418E+001
 0.0606061    0.3513049316E+001    0.1836199951E+001
 0.0707071    0.3600164795E+001    0.1845532227E+001
 0.0808081    0.3688452148E+001    0.1854974365E+001
 0.0909091    0.3732653809E+001    0.1856622314E+001
 0.1010101    0.3848767090E+001    0.1859106445E+001
 0.1111111    0.3926483154E+001    0.1850213623E+001
 0.1212121    0.3999578857E+001    0.1861096191E+001
 0.1313131    0.4038665771E+001    0.1847607422E+001
 0.1414141    0.4064428711E+001    0.1839733887E+001
 0.1515152    0.4065368652E+001    0.1824694824E+001
 0.1616162    0.4097735596E+001    0.1849218750E+001
 0.1717172    0.4050762939E+001    0.1828887939E+001
 0.1818182    0.4081585693E+001    0.1800329590E+001
 0.1919192    0.4072869873E+001    0.1806707764E+001
 0.2020202    0.4009124756E+001    0.1766223145E+001
 0.2121212    0.3977410889E+001    0.1768743896E+001
 0.2222222    0.3953619385E+001    0.1768725586E+001
 0.2323232    0.3903143311E+001    0.1755999756E+001
 0.2424242    0.3820477295E+001    0.1753167725E+001
 0.2525253    0.3758880615E+001    0.1732727051E+001
 0.2626263    0.3669403076E+001    0.1697619629E+001
 0.2727273    0.3615917969E+001    0.1682574463E+001
 0.2828283    0.3526245117E+001    0.1706219482E+001
 0.2929293    0.3439343262E+001    0.1673486328E+001
 0.3030303    0.3352197266E+001    0.1640576172E+001
 0.3131313    0.3267346191E+001    0.1623065186E+001
 0.3232323    0.3193768311E+001    0.1616442871E+001
 0.3333333    0.3050469971E+001    0.1589843750E+001
 0.3434343    0.2943939209E+001    0.1591827393E+001
 0.3535354    0.2874859619E+001    0.1527233887E+001
 0.3636364    0.2799432373E+001    0.1550854492E+001
 0.3737374    0.2662988281E+001    0.1530621338E+001
 0.3838384    0.2571514893E+001    0.1528985596E+001
 0.3939394    0.2434082031E+001    0.1492059326E+001
 0.4040404    0.2367749023E+001    0.1468817139E+001
 0.4141414    0.2269787598E+001    0.1446807861E+001
 0.4242424    0.2169879150E+001    0.1403240967E+001
 0.4343434    0.2065515137E+001    0.1419671631E+001
 0.4444444    0.1951037598E+001    0.1377996826E+001
 0.4545455    0.1793646240E+001    0.1378497314E+001
 0.4646465    0.1720800781E+001    0.1374084473E+001
 0.4747475    0.1604626465E+001    0.1359649658E+001
 0.4848485    0.1473016357E+001    0.1353186035E+001
 0.4949495    0.1394720459E+001    0.1311572266E+001
 0.5050505    0.1315124512E+001    0.1290380859E+001
 0.5151515    0.1314642334E+001    0.1281958008E+001
 0.5252525    0.1326348877E+001    0.1277667236E+001
 0.5353535    0.1290197754E+001    0.1265393066E+001
 0.5454545    0.1283923340E+001    0.1258905029E+001
 0.5555556    0.1312792969E+001    0.1296392822E+001
 0.5656566    0.1289630127E+001    0.1279797363E+001
 0.5757576    0.1274713135E+001    0.1258166504E+001
 0.5858586    0.1291162109E+001    0.1282330322E+001
 0.5959596    0.1283349609E+001    0.1291107178E+001
 0.6060606    0.1226544189E+001    0.1280706787E+001
 0.6161616    0.1232098389E+001    0.1282574463E+001
 0.6262626    0.1182409668E+001    0.1294677734E+001
 0.6363636    0.1203125000E+001    0.1288171387E+001
 0.6464646    0.1176904297E+001    0.1257482910E+001
 0.6565657    0.1158148193E+001    0.1293908691E+001
 0.6666667    0.1163842773E+001    0.1271954346E+001
 0.6767677    0.1109222412E+001    0.1291632080E+001
 0.6868687    0.1105242920E+001    0.1248193359E+001
 0.6969697    0.1096246338E+001    0.1255938721E+001
 0.7070707    0.1024658203E+001    0.1241351318E+001
 0.7171717    0.1049920654E+001    0.1277313232E+001
 0.7272727    0.9876159668E+000    0.1265087891E+001
 0.7373737    0.1020800781E+001    0.1282135010E+001
 0.7474747    0.9700317383E+000    0.1261370850E+001
 0.7575758    0.9587341309E+000    0.1268762207E+001
 0.7676768    0.9283508301E+000    0.1260455322E+001
 0.7777778    0.8887390137E+000    0.1251599121E+001
 0.7878788    0.8663574219E+000    0.1254962158E+001
 0.7979798    0.8173278809E+000    0.1241241455E+001
 0.8080808    0.7980407715E+000    0.1250720215E+001
 0.8181818    0.7542785645E+000    0.1242431641E+001
 0.8282828    0.7279907227E+000    0.1226318359E+001
 0.8383838    0.6691528320E+000    0.1217962646E+001
 0.8484848    0.6471130371E+000    0.1222863770E+001
 0.8585859    0.5803771973E+000    0.1203717041E+001
 0.8686869    0.5779235840E+000    0.1218072510E+001
 0.8787879    0.5272705078E+000    0.1205285645E+001
 0.8888889    0.5070617676E+000    0.1233953857E+001
 0.8989899    0.4504516602E+000    0.1211358643E+001
 0.9090909    0.4121337891E+000    0.1220031738E+001
 0.9191919    0.3467285156E+000    0.1177752686E+001
 0.9292929    0.3112915039E+000    0.1186224365E+001
 0.9393939    0.2993652344E+000    0.1210980225E+001
 0.9494949    0.2452453613E+000    0.1196496582E+001
 0.9595960    0.1652770996E+000    0.1159436035E+001
 0.9696970    0.1106689453E+000    0.1174835205E+001
 0.9797980    0.6854858398E-001    0.1170318604E+001
 0.9898990    0.4022216797E-002    0.1149969482E+001
 1.0000000    0.0000000000E+000    0.1168383789E+001


#   100 bins for weightfunction of Ar                      
 0.0000000    0.1711621094E+001    0.2380859375E+000
 0.0101010    0.1758154297E+001    0.2840820313E+000
 0.0202020    0.1722827148E+001    0.2453369141E+000
 0.0303030    0.1762255859E+001    0.2550537109E+000
 0.0404040    0.1775512695E+001    0.2354003906E+000
 0.0505051    0.1824658203E+001    0.2593505859E+000
 0.0606061    0.1882006836E+001    0.2610351562E+000
 0.0707071    0.1942309570E+001    0.2761718750E+000
 0.0808081    0.2008740234E+001    0.2622070313E+000
 0.0909091    0.2095068359E+001    0.2638671875E+000
 0.1010101    0.2152661133E+001    0.2747802734E+000
 0.1111111    0.2276489258E+001    0.2698974609E+000
 0.1212121    0.2349951172E+001    0.2887451172E+000
 0.1313131    0.2403222656E+001    0.2752197266E+000
 0.1414141    0.2503002930E+001    0.2844238281E+000
 0.1515152    0.2551586914E+001    0.2704589844E+000
 0.1616162    0.2612597656E+001    0.2729492187E+000
 0.1717172    0.2654760742E+001    0.2696289062E+000
 0.1818182    0.2699462891E+001    0.2783935547E+000
 0.1919192    0.2706567383E+001    0.2555908203E+000
 0.2020202    0.2702465820E+001    0.2634277344E+000
 0.2121212    0.2734057617E+001    0.2485107422E+000
 0.2222222    0.2748632812E+001    0.2524414062E+000
 0.2323232    0.2721997070E+001    0.2345458984E+000
 0.2424242    0.2688110352E+001    0.2324951172E+000
 0.2525253    0.2676318359E+001    0.2226806641E+000
 0.2626263    0.2646093750E+001    0.2194824219E+000
 0.2727273    0.2616259766E+001    0.2267333984E+000
 0.2828283    0.2570312500E+001    0.1988525391E+000
 0.2929293    0.2567187500E+001    0.1903564453E+000
 0.3030303    0.2532055664E+001    0.1962890625E+000
 0.3131313    0.2488940430E+001    0.1905761719E+000
 0.3232323    0.2443505859E+001    0.1761474609E+000
 0.3333333    0.2378442383E+001    0.1753906250E+000
 0.3434343    0.2302001953E+001    0.1516601562E+000
 0.3535354    0.2262207031E+001    0.1503906250E+000
 0.3636364    0.2239111328E+001    0.1638671875E+000
 0.3737374    0.2201953125E+001    0.1450439453E+000
 0.3838384    0.2134448242E+001    0.1325683594E+000
 0.3939394    0.2079736328E+001    0.1387451172E+000
 0.4040404    0.2019653320E+001    0.1140869141E+000
 0.4141414    0.1969384766E+001    0.8305664062E-001
 0.4242424    0.1921948242E+001    0.8686523437E-001
 0.4343434    0.1856372070E+001    0.6801757812E-001
 0.4444444    0.1804345703E+001    0.5949707031E-001
 0.4545455    0.1754174805E+001    0.4609375000E-001
 0.4646465    0.1683618164E+001    0.6274414062E-001
 0.4747475    0.1623046875E+001    0.4807128906E-001
 0.4848485    0.1552685547E+001    0.1579589844E-001
 0.4949495    0.1504736328E+001    0.1069335938E-001
 0.5050505    0.1466650391E+001    0.1745605469E-001
 0.5151515    0.1470483398E+001    0.1721191406E-001
 0.5252525    0.1459912109E+001    0.2133789063E-001
 0.5353535    0.1482495117E+001    0.1118164063E-001
 0.5454545    0.1497998047E+001    0.3720703125E-001
 0.5555556    0.1466845703E+001    0.0000000000E+000
 0.5656566    0.1472338867E+001    0.3959960938E-001
 0.5757576    0.1486450195E+001    0.2661132813E-002
 0.5858586    0.1468212891E+001    0.1220703125E-002
 0.5959596    0.1475756836E+001    0.2883300781E-001
 0.6060606    0.1477929687E+001    0.3771972656E-001
 0.6161616    0.1486743164E+001    0.3071289063E-001
 0.6262626    0.1470190430E+001    0.1879882813E-001
 0.6363636    0.1455688477E+001    0.2246093750E-001
 0.6464646    0.1452001953E+001    0.1870117188E-001
 0.6565657    0.1462182617E+001    0.3989257812E-001
 0.6666667    0.1466674805E+001    0.4665527344E-001
 0.6767677    0.1473583984E+001    0.2141113281E-001
 0.6868687    0.1473925781E+001    0.3002929688E-001
 0.6969697    0.1468188477E+001    0.4736328125E-002
 0.7070707    0.1457153320E+001    0.1540527344E-001
 0.7171717    0.1469531250E+001    0.3059082031E-001
 0.7272727    0.1481127930E+001    0.3415527344E-001
 0.7373737    0.1480371094E+001    0.3266601563E-001
 0.7474747    0.1477734375E+001    0.3630371094E-001
 0.7575758    0.1466674805E+001    0.3085937500E-001
 0.7676768    0.1464843750E+001    0.2978515625E-001
 0.7777778    0.1466796875E+001    0.2500000000E-001
 0.7878788    0.1478491211E+001    0.3925781250E-001
 0.7979798    0.1486352539E+001    0.4558105469E-001
 0.8080808    0.1489794922E+001    0.4448242188E-001
 0.8181818    0.1460864258E+001    0.1181640625E-001
 0.8282828    0.1462036133E+001    0.1831054688E-001
 0.8383838    0.1487426758E+001    0.3842773438E-001
 0.8484848    0.1479370117E+001    0.3269042969E-001
 0.8585859    0.1481372070E+001    0.4272460938E-001
 0.8686869    0.1493090820E+001    0.4282226563E-001
 0.8787879    0.1476391602E+001    0.2089843750E-001
 0.8888889    0.1462329102E+001    0.1599121094E-001
 0.8989899    0.1460180664E+001    0.2307128906E-001
 0.9090909    0.1470898437E+001    0.3142089844E-001
 0.9191919    0.1475512695E+001    0.2561035156E-001
 0.9292929    0.1451928711E+001    0.2500000000E-001
 0.9393939    0.1479565430E+001    0.3884277344E-001
 0.9494949    0.1475000000E+001    0.3757324219E-001
 0.9595960    0.1481054687E+001    0.3566894531E-001
 0.9696970    0.1496630859E+001    0.4855957031E-001
 0.9797980    0.1474804687E+001    0.1918945313E-001
 0.9898990    0.1452807617E+001    0.1203613281E-001
 1.0000000    0.1483300781E+001    0.3757324219E-001


