#   100 bins for weightfunction of cd                      
 0.0000000    0.3184501648E+001    0.1784727478E+001
 0.0101010    0.3203465271E+001    0.1785874939E+001
 0.0202020    0.3213584900E+001    0.1797120667E+001
 0.0303030    0.3243800354E+001    0.1774961853E+001
 0.0404040    0.3281407166E+001    0.1795182800E+001
 0.0505051    0.3321887207E+001    0.1774546814E+001
 0.0606061    0.3396058655E+001    0.1796163940E+001
 0.0707071    0.3464332581E+001    0.1792485046E+001
 0.0808081    0.3550883484E+001    0.1821597290E+001
 0.0909091    0.3593499756E+001    0.1775675964E+001
 0.1010101    0.3679634094E+001    0.1783403015E+001
 0.1111111    0.3730223083E+001    0.1790039062E+001
 0.1212121    0.3824458313E+001    0.1796063232E+001
 0.1313131    0.3870787048E+001    0.1773434448E+001
 0.1414141    0.3874771118E+001    0.1759027100E+001
 0.1515152    0.3909957886E+001    0.1766287231E+001
 0.1616162    0.3919538879E+001    0.1767526245E+001
 0.1717172    0.3932827759E+001    0.1734283447E+001
 0.1818182    0.3890794373E+001    0.1728961182E+001
 0.1919192    0.3883967590E+001    0.1709951782E+001
 0.2020202    0.3858288574E+001    0.1705116272E+001
 0.2121212    0.3799992371E+001    0.1663780212E+001
 0.2222222    0.3771166992E+001    0.1643016052E+001
 0.2323232    0.3696235657E+001    0.1634759521E+001
 0.2424242    0.3616893005E+001    0.1606437683E+001
 0.2525253    0.3570181274E+001    0.1581565857E+001
 0.2626263    0.3496122742E+001    0.1559272766E+001
 0.2727273    0.3406593323E+001    0.1536370850E+001
 0.2828283    0.3349676514E+001    0.1495640564E+001
 0.2929293    0.3255261230E+001    0.1499797058E+001
 0.3030303    0.3171430969E+001    0.1471511841E+001
 0.3131313    0.3088313293E+001    0.1448988342E+001
 0.3232323    0.3040069580E+001    0.1416827393E+001
 0.3333333    0.2930293274E+001    0.1375224304E+001
 0.3434343    0.2848860168E+001    0.1357633972E+001
 0.3535354    0.2742433167E+001    0.1345448303E+001
 0.3636364    0.2654324341E+001    0.1310124207E+001
 0.3737374    0.2570726013E+001    0.1275740051E+001
 0.3838384    0.2478808594E+001    0.1236943054E+001
 0.3939394    0.2350799561E+001    0.1223799133E+001
 0.4040404    0.2271257019E+001    0.1188182068E+001
 0.4141414    0.2162266541E+001    0.1169381714E+001
 0.4242424    0.2065165710E+001    0.1142645264E+001
 0.4343434    0.1948135376E+001    0.1108638000E+001
 0.4444444    0.1807728577E+001    0.1069285583E+001
 0.4545455    0.1733872986E+001    0.1058973694E+001
 0.4646465    0.1627214050E+001    0.1039910889E+001
 0.4747475    0.1518482971E+001    0.1003186035E+001
 0.4848485    0.1407067871E+001    0.9595306396E+000
 0.4949495    0.1304782104E+001    0.9225143433E+000
 0.5050505    0.1228196716E+001    0.9114898682E+000
 0.5151515    0.1264755249E+001    0.9090057373E+000
 0.5252525    0.1251712036E+001    0.8985687256E+000
 0.5353535    0.1238627625E+001    0.9164993286E+000
 0.5454545    0.1214317322E+001    0.8842163086E+000
 0.5555556    0.1219577026E+001    0.9089508057E+000
 0.5656566    0.1204168701E+001    0.9131912231E+000
 0.5757576    0.1178839111E+001    0.8986663818E+000
 0.5858586    0.1176210022E+001    0.8960418701E+000
 0.5959596    0.1179493713E+001    0.8778457642E+000
 0.6060606    0.1164566040E+001    0.8923919678E+000
 0.6161616    0.1144041443E+001    0.9044982910E+000
 0.6262626    0.1137976074E+001    0.9078292847E+000
 0.6363636    0.1114529419E+001    0.8776229858E+000
 0.6464646    0.1128564453E+001    0.8965621948E+000
 0.6565657    0.1086189270E+001    0.8890441895E+000
 0.6666667    0.1083233643E+001    0.8817428589E+000
 0.6767677    0.1058531189E+001    0.8777801514E+000
 0.6868687    0.1028720093E+001    0.8757080078E+000
 0.6969697    0.1023124695E+001    0.8726562500E+000
 0.7070707    0.1019970703E+001    0.8788360596E+000
 0.7171717    0.9755203247E+000    0.8477813721E+000
 0.7272727    0.9538345337E+000    0.8570281982E+000
 0.7373737    0.9355575562E+000    0.8459701538E+000
 0.7474747    0.9204681396E+000    0.8652389526E+000
 0.7575758    0.8935317993E+000    0.8568801880E+000
 0.7676768    0.8620758057E+000    0.8412933350E+000
 0.7777778    0.8375366211E+000    0.8408401489E+000
 0.7878788    0.8040084839E+000    0.8442230225E+000
 0.7979798    0.7812942505E+000    0.8408737183E+000
 0.8080808    0.7698867798E+000    0.8412963867E+000
 0.8181818    0.7163528442E+000    0.8362274170E+000
 0.8282828    0.6915817261E+000    0.8232574463E+000
 0.8383838    0.6437774658E+000    0.8169204712E+000
 0.8484848    0.6280288696E+000    0.8269546509E+000
 0.8585859    0.5786178589E+000    0.8194915771E+000
 0.8686869    0.5410049438E+000    0.7940200806E+000
 0.8787879    0.5033203125E+000    0.7823379517E+000
 0.8888889    0.4788558960E+000    0.7876403809E+000
 0.8989899    0.4231292725E+000    0.7763778687E+000
 0.9090909    0.4011825562E+000    0.7937530518E+000
 0.9191919    0.3598022461E+000    0.7782760620E+000
 0.9292929    0.3221878052E+000    0.7765426636E+000
 0.9393939    0.2857727051E+000    0.7703491211E+000
 0.9494949    0.2159347534E+000    0.7438766479E+000
 0.9595960    0.1821075439E+000    0.7600280762E+000
 0.9696970    0.1328674316E+000    0.7331985474E+000
 0.9797980    0.8795166016E-001    0.7332595825E+000
 0.9898990    0.3424072266E-001    0.7176361084E+000
 1.0000000    0.0000000000E+000    0.7137115479E+000


#   100 bins for weightfunction of Ar                      
 0.0000000    0.1789112854E+001    0.3694213867E+000
 0.0101010    0.1759652710E+001    0.3370651245E+000
 0.0202020    0.1798216248E+001    0.3624572754E+000
 0.0303030    0.1820176697E+001    0.3787399292E+000
 0.0404040    0.1825225830E+001    0.3596145630E+000
 0.0505051    0.1874494934E+001    0.3788604736E+000
 0.0606061    0.1920680237E+001    0.3697280884E+000
 0.0707071    0.1974940491E+001    0.3720016479E+000
 0.0808081    0.2045062256E+001    0.3761779785E+000
 0.0909091    0.2109712219E+001    0.3860610962E+000
 0.1010101    0.2179908752E+001    0.3725418091E+000
 0.1111111    0.2276402283E+001    0.4111038208E+000
 0.1212121    0.2373759460E+001    0.4079910278E+000
 0.1313131    0.2419955444E+001    0.4185424805E+000
 0.1414141    0.2482054138E+001    0.4005691528E+000
 0.1515152    0.2542170715E+001    0.4152297974E+000
 0.1616162    0.2582348633E+001    0.4164077759E+000
 0.1717172    0.2661955261E+001    0.4040374756E+000
 0.1818182    0.2694480896E+001    0.4131225586E+000
 0.1919192    0.2703813171E+001    0.4120697021E+000
 0.2020202    0.2716938782E+001    0.3693710327E+000
 0.2121212    0.2720356750E+001    0.3699172974E+000
 0.2222222    0.2713610840E+001    0.3618560791E+000
 0.2323232    0.2716226196E+001    0.3770599365E+000
 0.2424242    0.2684494019E+001    0.3634521484E+000
 0.2525253    0.2663960266E+001    0.3580932617E+000
 0.2626263    0.2639923096E+001    0.3306259155E+000
 0.2727273    0.2644949341E+001    0.3304473877E+000
 0.2828283    0.2596003723E+001    0.3141677856E+000
 0.2929293    0.2574465942E+001    0.3163345337E+000
 0.3030303    0.2508337402E+001    0.3057052612E+000
 0.3131313    0.2501301575E+001    0.2785079956E+000
 0.3232323    0.2453138733E+001    0.2780944824E+000
 0.3333333    0.2392510986E+001    0.2561141968E+000
 0.3434343    0.2362046814E+001    0.2562393188E+000
 0.3535354    0.2324081421E+001    0.2321670532E+000
 0.3636364    0.2269085693E+001    0.2097457886E+000
 0.3737374    0.2212852478E+001    0.2187789917E+000
 0.3838384    0.2191062927E+001    0.2086196899E+000
 0.3939394    0.2124182129E+001    0.1706970215E+000
 0.4040404    0.2072627258E+001    0.1564025879E+000
 0.4141414    0.2036811829E+001    0.1436111450E+000
 0.4242424    0.1967422485E+001    0.1499847412E+000
 0.4343434    0.1920698547E+001    0.1375183105E+000
 0.4444444    0.1858010864E+001    0.1032363892E+000
 0.4545455    0.1818038940E+001    0.9745025635E-001
 0.4646465    0.1746331787E+001    0.5442352295E-001
 0.4747475    0.1718064880E+001    0.7064971924E-001
 0.4848485    0.1625741577E+001    0.4005584717E-001
 0.4949495    0.1565936279E+001    0.2179260254E-001
 0.5050505    0.1536331177E+001    0.1568756104E-001
 0.5151515    0.1535516357E+001    0.3411254883E-001
 0.5252525    0.1529437256E+001    0.5271911621E-002
 0.5353535    0.1548074341E+001    0.1413116455E-001
 0.5454545    0.1537277222E+001    0.1742553711E-002
 0.5555556    0.1552008057E+001    0.2799682617E-001
 0.5656566    0.1539653015E+001    0.2591857910E-001
 0.5757576    0.1550965881E+001    0.4028320313E-002
 0.5858586    0.1537937927E+001    0.2557678223E-001
 0.5959596    0.1549006653E+001    0.2767028809E-001
 0.6060606    0.1560720825E+001    0.1935729980E-001
 0.6161616    0.1556398010E+001    0.2381591797E-001
 0.6262626    0.1560964966E+001    0.1982879639E-001
 0.6363636    0.1532795715E+001    0.2867889404E-001
 0.6464646    0.1558007812E+001    0.2711486816E-001
 0.6565657    0.1540969849E+001    0.2876892090E-001
 0.6666667    0.1522482300E+001    0.3099670410E-001
 0.6767677    0.1525189209E+001    0.3287658691E-001
 0.6868687    0.1552754211E+001    0.2657470703E-001
 0.6969697    0.1542201233E+001    0.0000000000E+000
 0.7070707    0.1546640015E+001    0.1592864990E-001
 0.7171717    0.1542741394E+001    0.1225585937E-001
 0.7272727    0.1550263977E+001    0.2332153320E-001
 0.7373737    0.1532153320E+001    0.1313781738E-002
 0.7474747    0.1551205444E+001    0.2508544922E-001
 0.7575758    0.1532176208E+001    0.2665252686E-001
 0.7676768    0.1552911377E+001    0.2160797119E-001
 0.7777778    0.1551126099E+001    0.1338348389E-001
 0.7878788    0.1544696045E+001    0.1382904053E-001
 0.7979798    0.1545249939E+001    0.1349945068E-001
 0.8080808    0.1549577332E+001    0.2772827148E-001
 0.8181818    0.1539871216E+001    0.6803894043E-002
 0.8282828    0.1535440063E+001    0.1424255371E-001
 0.8383838    0.1566561890E+001    0.2348327637E-001
 0.8484848    0.1554130554E+001    0.2511291504E-001
 0.8585859    0.1537402344E+001    0.8552551270E-002
 0.8686869    0.1557461548E+001    0.3133087158E-001
 0.8787879    0.1546461487E+001    0.8741760254E-002
 0.8888889    0.1556861877E+001    0.2642974854E-001
 0.8989899    0.1542308044E+001    0.1494140625E-001
 0.9090909    0.1549253845E+001    0.2477416992E-001
 0.9191919    0.1522143555E+001    0.6729125977E-003
 0.9292929    0.1554232788E+001    0.2290344238E-001
 0.9393939    0.1543708801E+001    0.9196472168E-002
 0.9494949    0.1550910950E+001    0.1721191406E-001
 0.9595960    0.1552229309E+001    0.2551727295E-001
 0.9696970    0.1560284424E+001    0.3035125732E-001
 0.9797980    0.1548132324E+001    0.1210327148E-001
 0.9898990    0.1547064209E+001    0.3215026855E-002
 1.0000000    0.1545637512E+001    0.1755218506E-001


