Compiled using GNU Fortran (Ubuntu 9.4.0-1ubuntu1~20.04.2) 9.4.0 with all optimizations
Last Brick update unknown
Compiled at 18:43:37 on Sep  2 2023
Starting at 16:56:21 on Sep 11 2023

Settings
OK                      

Forcefield
OK                      

Topology
OK                      

Configuration
OK                      Read from ./INPUT/restart.in

 F
Monte Carlo Simulation initialized.

#########################################################################################################################
###########################################   ENERGY STARTING CONFIGURATION   ###########################################
#########################################################################################################################
                                               Box 1               Box 2
-------------------------------------------------------------------------------------------------------------------------
Lennard Jones        
 Intermolecular                         -0.4798634952E+006  -0.6732361784E+005
 Tailcorrection                         -0.1203449897E+005  -0.1681165655E+004
Total Intermolecular                    -0.4918979942E+006  -0.6900478350E+005

Electrostatic        
 Real                                   -0.1249751031E+006  -0.7888260908E+004
 Exclusion                               0.8220273026E+007   0.2194042745E+007
 Selfterm                               -0.8246675718E+007  -0.2196255828E+007
 Fourier                                 0.1454251500E+005   0.2077846726E+004
Total Intermolecular                    -0.1368352799E+006  -0.8023496827E+004

Intramolecular       
 Lennard Jones                           0.0000000000E+000   0.0000000000E+000
 Electrostatic                           0.0000000000E+000   0.0000000000E+000
 Bending                                 0.0000000000E+000   0.0000000000E+000
 Torsion                                 0.0000000000E+000   0.0000000000E+000

Total                                   -0.6287332740E+006  -0.7702828032E+005

#########################################################################################################################

Simulation is running...



#########################################################################################################################
###############################################   RELATIVE ENERGY DRIFTS   ##############################################
#########################################################################################################################
                                               Box 1               Box 2                                                 
-------------------------------------------------------------------------------------------------------------------------

Lennard Jones        
 Intermolecular                          0.1415036357E-013   0.2509746703E-014
 Tailcorrection                          0.0000000000E+000   0.0000000000E+000

Electrostatic        
 Real                                    0.1954937916E-013   0.2110308184E-014
 Exclusion                               0.1226733442E-015   0.0000000000E+000
 Selfterm                                0.0000000000E+000   0.0000000000E+000
 Fourier                                 0.4848614387E-015   0.1789477453E-015

Intramolecular       
 Lennard Jones                           0.0000000000E+000   0.0000000000E+000
 Electrostatic                           0.0000000000E+000   0.0000000000E+000
 Bending                                 0.0000000000E+000   0.0000000000E+000
 Torsion                                 0.0000000000E+000   0.0000000000E+000

Total                                    0.1653357635E-013   0.0000000000E+000

#########################################################################################################################
############################################   TRIAL MOVE ACCEPTANCE RATES   ############################################
#########################################################################################################################
                                               Box 1               Box 2
-------------------------------------------------------------------------------------------------------------------------
Translation
 CO2                                          0.50406             0.52121
 AR                                           0.48960             0.51205
-------------------------------------------------------------------------------------------------------------------------
Rotation
 CO2                                          0.49214             0.63141
 AR                                           0.00000             0.00000
-------------------------------------------------------------------------------------------------------------------------
Lambda Move
 cd                                           0.75484             0.91873
 Ar                                           0.83369             0.95003
-------------------------------------------------------------------------------------------------------------------------
GE Swap Fractional
 cd                                           0.36193             0.37061
 Ar                                           0.44841             0.46447
-------------------------------------------------------------------------------------------------------------------------
GE Identity Change
 cd                                           0.78149             0.79742
 Ar                                           0.88917             0.92106
-------------------------------------------------------------------------------------------------------------------------
Volume                                        0.46310             0.50125

#########################################################################################################################
######################################################   AVERAGES   #####################################################
#########################################################################################################################
                                                       Boltzmann                                    Biased
                                               Box 1               Box 2                  Box 1               Box 2      
-------------------------------------------------------------------------------------------------------------------------
Density
 CO2                                     0.8539134403E+003   0.9462125937E+002      0.8505828012E+003   0.9440471632E+002
 AR                                      0.1248846334E+003   0.1362716054E+003      0.1258806631E+003   0.1363888327E+003
 Total                                   0.9787980737E+003   0.2308928648E+003      0.9764634643E+003   0.2307935490E+003

Number of molecules
 CO2                                     0.4053912915E+003   0.2046087085E+003      0.4066368500E+003   0.2033631500E+003
 AR                                      0.6592730305E+002   0.3240726969E+003      0.6689699000E+002   0.3231030100E+003
 Total                                   0.4713185946E+003   0.5286814054E+003      0.4735338400E+003   0.5264661600E+003

Mole fractions
 CO2                                          0.86012             0.38702                 0.85873             0.38628
 AR                                           0.13988             0.61298                 0.14127             0.61372

Volume                                   0.3478561429E+005   0.1584253545E+006      0.3502798758E+005   0.1578156050E+006

#########################################################################################################################
#######################################   PROPERTIES FROM THE CFC GIBBS ENSEMBLE   ######################################
#########################################################################################################################
                                                       Boltzmann                                    Biased
                                               Box 1               Box 2                  Box 1               Box 2      
Chemical Potentials (as an indication)
=========================================================================================================================

Total cd                                -0.1932509201E+004  -0.1928920893E+004     -0.1933497942E+004  -0.1929500553E+004
 Ideal gas                              -0.1125719604E+004  -0.1682306360E+004     -0.1126708345E+004  -0.1682886020E+004
 Excess                                 -0.8067895969E+003  -0.2466145333E+003     -0.8067895969E+003  -0.2466145333E+003

-------------------------------------------------------------------------------------------------------------------------

Total Ar                                -0.1650931939E+004  -0.1649816222E+004     -0.1648922117E+004  -0.1649598673E+004
 Ideal gas                              -0.1587596703E+004  -0.1565520020E+004     -0.1585586880E+004  -0.1565302471E+004
 Excess                                 -0.6333523656E+002  -0.8429620140E+002     -0.6333523656E+002  -0.8429620140E+002

-------------------------------------------------------------------------------------------------------------------------

#########################################################################################################################
#########################################   PROPERTIES FROM UMBRELLA SAMPLING   #########################################
#########################################################################################################################

Excess Partial Molar Enthalpy
=========================================================================================================================


Partial Molar Volume
=========================================================================================================================


#########################################################################################################################
##################################################   AVERAGE ENERGIES   #################################################
#########################################################################################################################
                                                       Boltzmann                                    Biased
                                               Box 1               Box 2                  Box 1               Box 2      
-------------------------------------------------------------------------------------------------------------------------
Lennard Jones        
 Intermolecular                         -0.4392197247E+006  -0.9084921165E+005     -0.4399990109E+006  -0.9020151881E+005
 Tailcorrection                         -0.1084274630E+005  -0.2113860625E+004     -0.1086493312E+005  -0.2099839142E+004
Total Intermolecular                    -0.4500624710E+006  -0.9296307228E+005     -0.4508639440E+006  -0.9230135795E+005

Electrostatic        
 Real                                   -0.1174594627E+006  -0.1036368611E+005     -0.1173299706E+006  -0.1027142067E+005
 Exclusion                               0.7425268085E+007   0.2778952245E+007      0.7446299422E+007   0.2761415338E+007
 Selfterm                               -0.7449117696E+007  -0.2781754627E+007     -0.7470216429E+007  -0.2764199991E+007
 Fourier                                 0.1224214773E+005   0.2695687815E+004      0.1231526272E+005   0.2680264510E+004
Total Intermolecular                    -0.1290669262E+006  -0.1047038013E+005     -0.1289317150E+006  -0.1037580901E+005

Intramolecular       
 Lennard Jones                           0.0000000000E+000   0.0000000000E+000      0.0000000000E+000   0.0000000000E+000
 Electrostatic                           0.0000000000E+000   0.0000000000E+000      0.0000000000E+000   0.0000000000E+000
 Bending                                 0.0000000000E+000   0.0000000000E+000      0.0000000000E+000   0.0000000000E+000
 Torsion                                 0.0000000000E+000   0.0000000000E+000      0.0000000000E+000   0.0000000000E+000

Total                                   -0.5791293972E+006  -0.1034334524E+006     -0.5797956589E+006  -0.1026771670E+006

#########################################################################################################################

No errors found in bookkeeping.

Total simulation time:  15 hours and  22 minutes

Simulation finished.

