Compiled using GNU Fortran (Ubuntu 9.4.0-1ubuntu1~20.04.2) 9.4.0 with all optimizations
Last Brick update unknown
Compiled at 18:43:37 on Sep  2 2023
Starting at 16:56:21 on Sep 11 2023

Settings
OK                      

Forcefield
OK                      

Topology
OK                      

Configuration
OK                      Read from ./INPUT/restart.in

 F
Monte Carlo Simulation initialized.

#########################################################################################################################
###########################################   ENERGY STARTING CONFIGURATION   ###########################################
#########################################################################################################################
                                               Box 1               Box 2
-------------------------------------------------------------------------------------------------------------------------
Lennard Jones        
 Intermolecular                         -0.4891697698E+006  -0.7899743123E+005
 Tailcorrection                         -0.1200513949E+005  -0.1787605540E+004
Total Intermolecular                    -0.5011749093E+006  -0.8078503677E+005

Electrostatic        
 Real                                   -0.1182944451E+006  -0.6471769496E+004
 Exclusion                               0.7982628700E+007   0.1954513441E+007
 Selfterm                               -0.8008268243E+007  -0.1956484337E+007
 Fourier                                 0.1412628406E+005   0.1940616650E+004
Total Intermolecular                    -0.1298077038E+006  -0.6502048368E+004

Intramolecular       
 Lennard Jones                           0.0000000000E+000   0.0000000000E+000
 Electrostatic                           0.0000000000E+000   0.0000000000E+000
 Bending                                 0.0000000000E+000   0.0000000000E+000
 Torsion                                 0.0000000000E+000   0.0000000000E+000

Total                                   -0.6309826131E+006  -0.8728708514E+005

#########################################################################################################################

Simulation is running...



#########################################################################################################################
###############################################   RELATIVE ENERGY DRIFTS   ##############################################
#########################################################################################################################
                                               Box 1               Box 2                                                 
-------------------------------------------------------------------------------------------------------------------------

Lennard Jones        
 Intermolecular                          0.8174774041E-014   0.1264810365E-014
 Tailcorrection                          0.0000000000E+000   0.0000000000E+000

Electrostatic        
 Real                                    0.6828400123E-015   0.2641052134E-014
 Exclusion                               0.0000000000E+000   0.5020666322E-015
 Selfterm                                0.0000000000E+000   0.0000000000E+000
 Fourier                                 0.3314082244E-015   0.1801743855E-015

Intramolecular       
 Lennard Jones                           0.0000000000E+000   0.0000000000E+000
 Electrostatic                           0.0000000000E+000   0.0000000000E+000
 Bending                                 0.0000000000E+000   0.0000000000E+000
 Torsion                                 0.0000000000E+000   0.0000000000E+000

Total                                    0.5454148355E-014   0.1241720900E-013

#########################################################################################################################
############################################   TRIAL MOVE ACCEPTANCE RATES   ############################################
#########################################################################################################################
                                               Box 1               Box 2
-------------------------------------------------------------------------------------------------------------------------
Translation
 CO2                                          0.49805             0.47355
 AR                                           0.49411             0.48856
-------------------------------------------------------------------------------------------------------------------------
Rotation
 CO2                                          0.49814             0.61049
 AR                                           0.00000             0.00000
-------------------------------------------------------------------------------------------------------------------------
Lambda Move
 cd                                           0.75974             0.91274
 Ar                                           0.83704             0.94605
-------------------------------------------------------------------------------------------------------------------------
GE Swap Fractional
 cd                                           0.40147             0.34127
 Ar                                           0.49646             0.43252
-------------------------------------------------------------------------------------------------------------------------
GE Identity Change
 cd                                           0.85679             0.70440
 Ar                                           0.97853             0.81435
-------------------------------------------------------------------------------------------------------------------------
Volume                                        0.46706             0.52716

#########################################################################################################################
######################################################   AVERAGES   #####################################################
#########################################################################################################################
                                                       Boltzmann                                    Biased
                                               Box 1               Box 2                  Box 1               Box 2      
-------------------------------------------------------------------------------------------------------------------------
Density
 CO2                                     0.8104056808E+003   0.1016626290E+003      0.8086581815E+003   0.1015678138E+003
 AR                                      0.1511589033E+003   0.1613065909E+003      0.1516299539E+003   0.1614059315E+003
 Total                                   0.9615645840E+003   0.2629692199E+003      0.9602881354E+003   0.2629737453E+003

Number of molecules
 CO2                                     0.3850379347E+003   0.1949620653E+003      0.3856521400E+003   0.1943478600E+003
 AR                                      0.7960672534E+002   0.3403932747E+003      0.8016615000E+002   0.3398338500E+003
 Total                                   0.4646446601E+003   0.5353553399E+003      0.4658182900E+003   0.5341817100E+003

Mole fractions
 CO2                                          0.82867             0.36417                 0.82790             0.36382
 AR                                           0.17133             0.63583                 0.17210             0.63618

Volume                                   0.3479587949E+005   0.1405020928E+006      0.3492802209E+005   0.1401897854E+006

#########################################################################################################################
#######################################   PROPERTIES FROM THE CFC GIBBS ENSEMBLE   ######################################
#########################################################################################################################
                                                       Boltzmann                                    Biased
                                               Box 1               Box 2                  Box 1               Box 2      
Chemical Potentials (as an indication)
=========================================================================================================================

Total cd                                -0.1939394504E+004  -0.1937568979E+004     -0.1939940643E+004  -0.1937805049E+004
 Ideal gas                              -0.1138950206E+004  -0.1664146629E+004     -0.1139496345E+004  -0.1664382698E+004
 Excess                                 -0.8004442980E+003  -0.2734223506E+003     -0.8004442980E+003  -0.2734223506E+003

-------------------------------------------------------------------------------------------------------------------------

Total Ar                                -0.1609513657E+004  -0.1611025059E+004     -0.1608726468E+004  -0.1610869297E+004
 Ideal gas                              -0.1539288568E+004  -0.1522849837E+004     -0.1538501380E+004  -0.1522694075E+004
 Excess                                 -0.7022508869E+002  -0.8817522231E+002     -0.7022508869E+002  -0.8817522231E+002

-------------------------------------------------------------------------------------------------------------------------

#########################################################################################################################
#########################################   PROPERTIES FROM UMBRELLA SAMPLING   #########################################
#########################################################################################################################

Excess Partial Molar Enthalpy
=========================================================================================================================


Partial Molar Volume
=========================================================================================================================


#########################################################################################################################
##################################################   AVERAGE ENERGIES   #################################################
#########################################################################################################################
                                                       Boltzmann                                    Biased
                                               Box 1               Box 2                  Box 1               Box 2      
-------------------------------------------------------------------------------------------------------------------------
Lennard Jones        
 Intermolecular                         -0.4163385771E+006  -0.1005873732E+006     -0.4166333072E+006  -0.1002051449E+006
 Tailcorrection                         -0.1031084516E+005  -0.2397274504E+004     -0.1032007289E+005  -0.2388872215E+004
Total Intermolecular                    -0.4266494222E+006  -0.1029846477E+006     -0.4269533801E+006  -0.1025940171E+006

Electrostatic        
 Real                                   -0.1065894202E+006  -0.1046149073E+005     -0.1064876590E+006  -0.1040507540E+005
 Exclusion                               0.7052671358E+007   0.2648008407E+007      0.7061927816E+007   0.2639186600E+007
 Selfterm                               -0.7075324233E+007  -0.2650678746E+007     -0.7084610234E+007  -0.2641848010E+007
 Fourier                                 0.1200681483E+005   0.2578669503E+004      0.1203998894E+005   0.2570741474E+004
Total Intermolecular                    -0.1172354804E+006  -0.1055315997E+005     -0.1171300876E+006  -0.1049574403E+005

Intramolecular       
 Lennard Jones                           0.0000000000E+000   0.0000000000E+000      0.0000000000E+000   0.0000000000E+000
 Electrostatic                           0.0000000000E+000   0.0000000000E+000      0.0000000000E+000   0.0000000000E+000
 Bending                                 0.0000000000E+000   0.0000000000E+000      0.0000000000E+000   0.0000000000E+000
 Torsion                                 0.0000000000E+000   0.0000000000E+000      0.0000000000E+000   0.0000000000E+000

Total                                   -0.5438849026E+006  -0.1135378077E+006     -0.5440834677E+006  -0.1130897611E+006

#########################################################################################################################

No errors found in bookkeeping.

Total simulation time:  14 hours and  48 minutes

Simulation finished.

