#   100 bins for weightfunction of cd                      
 0.0000000    0.3241088867E+001    0.1899333191E+001
 0.0101010    0.3221528625E+001    0.1870489502E+001
 0.0202020    0.3217733765E+001    0.1845394897E+001
 0.0303030    0.3294560242E+001    0.1898413086E+001
 0.0404040    0.3321746826E+001    0.1884631348E+001
 0.0505051    0.3364529419E+001    0.1884080505E+001
 0.0606061    0.3434954834E+001    0.1885066223E+001
 0.0707071    0.3504084778E+001    0.1882220459E+001
 0.0808081    0.3589247131E+001    0.1891586304E+001
 0.0909091    0.3659405518E+001    0.1896658325E+001
 0.1010101    0.3718772888E+001    0.1871809387E+001
 0.1111111    0.3781219482E+001    0.1872891235E+001
 0.1212121    0.3830253601E+001    0.1869570923E+001
 0.1313131    0.3873616028E+001    0.1858572388E+001
 0.1414141    0.3938668823E+001    0.1865588379E+001
 0.1515152    0.3942390442E+001    0.1829104614E+001
 0.1616162    0.3962376404E+001    0.1838818359E+001
 0.1717172    0.3960055542E+001    0.1835339355E+001
 0.1818182    0.3912669373E+001    0.1804862976E+001
 0.1919192    0.3896678162E+001    0.1775192261E+001
 0.2020202    0.3859281921E+001    0.1778651428E+001
 0.2121212    0.3838731384E+001    0.1753822327E+001
 0.2222222    0.3782983398E+001    0.1751820374E+001
 0.2323232    0.3724009705E+001    0.1739984131E+001
 0.2424242    0.3658375549E+001    0.1709819031E+001
 0.2525253    0.3598114014E+001    0.1699993896E+001
 0.2626263    0.3548274231E+001    0.1686500549E+001
 0.2727273    0.3489155579E+001    0.1653024292E+001
 0.2828283    0.3371063232E+001    0.1611036682E+001
 0.2929293    0.3304981995E+001    0.1600332642E+001
 0.3030303    0.3220965576E+001    0.1593620300E+001
 0.3131313    0.3132466125E+001    0.1574714661E+001
 0.3232323    0.3048576355E+001    0.1538352966E+001
 0.3333333    0.2952059937E+001    0.1510467529E+001
 0.3434343    0.2875152588E+001    0.1500863647E+001
 0.3535354    0.2771269226E+001    0.1471047974E+001
 0.3636364    0.2673204041E+001    0.1447834778E+001
 0.3737374    0.2584323120E+001    0.1421713257E+001
 0.3838384    0.2485096741E+001    0.1397210693E+001
 0.3939394    0.2382865906E+001    0.1378445435E+001
 0.4040404    0.2275141907E+001    0.1348263550E+001
 0.4141414    0.2181002808E+001    0.1340663147E+001
 0.4242424    0.2078623962E+001    0.1294197083E+001
 0.4343434    0.1951316833E+001    0.1289433289E+001
 0.4444444    0.1857699585E+001    0.1239633179E+001
 0.4545455    0.1740170288E+001    0.1197343445E+001
 0.4646465    0.1602751160E+001    0.1178034973E+001
 0.4747475    0.1535104370E+001    0.1160070801E+001
 0.4848485    0.1431985474E+001    0.1125086975E+001
 0.4949495    0.1330520630E+001    0.1107815552E+001
 0.5050505    0.1260847473E+001    0.1086575317E+001
 0.5151515    0.1240275574E+001    0.1109095764E+001
 0.5252525    0.1233947754E+001    0.1095709229E+001
 0.5353535    0.1216043091E+001    0.1096887207E+001
 0.5454545    0.1243202209E+001    0.1087940979E+001
 0.5555556    0.1221759033E+001    0.1087745667E+001
 0.5656566    0.1226089478E+001    0.1103274536E+001
 0.5757576    0.1203211975E+001    0.1079374695E+001
 0.5858586    0.1202755737E+001    0.1082196045E+001
 0.5959596    0.1182330322E+001    0.1103851318E+001
 0.6060606    0.1178149414E+001    0.1091520691E+001
 0.6161616    0.1155805969E+001    0.1067208862E+001
 0.6262626    0.1172795105E+001    0.1091178894E+001
 0.6363636    0.1145837402E+001    0.1086148071E+001
 0.6464646    0.1142735291E+001    0.1092196655E+001
 0.6565657    0.1103717041E+001    0.1076545715E+001
 0.6666667    0.1089891052E+001    0.1086128235E+001
 0.6767677    0.1067021179E+001    0.1068388367E+001
 0.6868687    0.1054000854E+001    0.1072019958E+001
 0.6969697    0.1023591614E+001    0.1077119446E+001
 0.7070707    0.1003240967E+001    0.1063160706E+001
 0.7171717    0.9866134644E+000    0.1065098572E+001
 0.7272727    0.9488357544E+000    0.1049507141E+001
 0.7373737    0.9279876709E+000    0.1048623657E+001
 0.7474747    0.9189941406E+000    0.1052297974E+001
 0.7575758    0.8886978149E+000    0.1052926636E+001
 0.7676768    0.8622695923E+000    0.1055171204E+001
 0.7777778    0.8374481201E+000    0.1041903687E+001
 0.7878788    0.8100921631E+000    0.1040057373E+001
 0.7979798    0.7768295288E+000    0.1047651672E+001
 0.8080808    0.7426986694E+000    0.1038975525E+001
 0.8181818    0.7192932129E+000    0.1049172974E+001
 0.8282828    0.6861404419E+000    0.1027830505E+001
 0.8383838    0.6447433472E+000    0.1022460937E+001
 0.8484848    0.6214904785E+000    0.1032225037E+001
 0.8585859    0.5724441528E+000    0.1018890381E+001
 0.8686869    0.5336791992E+000    0.1001228333E+001
 0.8787879    0.5014785767E+000    0.1008143616E+001
 0.8888889    0.4457687378E+000    0.9849182129E+000
 0.8989899    0.4054595947E+000    0.9741668701E+000
 0.9090909    0.3861724854E+000    0.9877441406E+000
 0.9191919    0.3526718140E+000    0.9953735352E+000
 0.9292929    0.2919982910E+000    0.9711791992E+000
 0.9393939    0.2353744507E+000    0.9671585083E+000
 0.9494949    0.1996582031E+000    0.9598434448E+000
 0.9595960    0.1637832642E+000    0.9637100220E+000
 0.9696970    0.1083892822E+000    0.9454223633E+000
 0.9797980    0.6147003174E-001    0.9383544922E+000
 0.9898990    0.1221466064E-001    0.9345703125E+000
 1.0000000    0.0000000000E+000    0.9401519775E+000


#   100 bins for weightfunction of Ar                      
 0.0000000    0.1702993774E+001    0.3624496460E+000
 0.0101010    0.1685032654E+001    0.3356353760E+000
 0.0202020    0.1701452637E+001    0.3424148560E+000
 0.0303030    0.1725953674E+001    0.3512649536E+000
 0.0404040    0.1738359070E+001    0.3500411987E+000
 0.0505051    0.1771980286E+001    0.3522979736E+000
 0.0606061    0.1839981079E+001    0.3525833130E+000
 0.0707071    0.1914891052E+001    0.3826263428E+000
 0.0808081    0.1963056946E+001    0.3779434204E+000
 0.0909091    0.2003491211E+001    0.3438522339E+000
 0.1010101    0.2090258789E+001    0.3703628540E+000
 0.1111111    0.2149343872E+001    0.3778045654E+000
 0.1212121    0.2241220093E+001    0.3763320923E+000
 0.1313131    0.2311738586E+001    0.3844345093E+000
 0.1414141    0.2376542664E+001    0.3876708984E+000
 0.1515152    0.2407896423E+001    0.3776702881E+000
 0.1616162    0.2439990234E+001    0.3799575806E+000
 0.1717172    0.2509051514E+001    0.3740905762E+000
 0.1818182    0.2536683655E+001    0.3783981323E+000
 0.1919192    0.2555265808E+001    0.3681152344E+000
 0.2020202    0.2563414001E+001    0.3646697998E+000
 0.2121212    0.2546810913E+001    0.3512069702E+000
 0.2222222    0.2551924133E+001    0.3676223755E+000
 0.2323232    0.2525616455E+001    0.3358917236E+000
 0.2424242    0.2515937805E+001    0.3262969971E+000
 0.2525253    0.2484022522E+001    0.3353912354E+000
 0.2626263    0.2455041504E+001    0.3226715088E+000
 0.2727273    0.2421978760E+001    0.3051940918E+000
 0.2828283    0.2391323853E+001    0.2999237061E+000
 0.2929293    0.2357733154E+001    0.2991790771E+000
 0.3030303    0.2347618103E+001    0.2651992798E+000
 0.3131313    0.2322824097E+001    0.2749160767E+000
 0.3232323    0.2255195618E+001    0.2501754761E+000
 0.3333333    0.2197669983E+001    0.2444610596E+000
 0.3434343    0.2190818787E+001    0.2312377930E+000
 0.3535354    0.2140242004E+001    0.2198669434E+000
 0.3636364    0.2072178650E+001    0.2059097290E+000
 0.3737374    0.2011497498E+001    0.1939361572E+000
 0.3838384    0.1982742310E+001    0.1847946167E+000
 0.3939394    0.1946726990E+001    0.1565505981E+000
 0.4040404    0.1882794189E+001    0.1472259521E+000
 0.4141414    0.1833567810E+001    0.1582260132E+000
 0.4242424    0.1764668274E+001    0.1192199707E+000
 0.4343434    0.1726185608E+001    0.1111328125E+000
 0.4444444    0.1667942810E+001    0.1029159546E+000
 0.4545455    0.1619563293E+001    0.7820587158E-001
 0.4646465    0.1544793701E+001    0.6092987061E-001
 0.4747475    0.1504702759E+001    0.6194152832E-001
 0.4848485    0.1435134888E+001    0.4322814941E-001
 0.4949495    0.1406733704E+001    0.1699981689E-001
 0.5050505    0.1336624146E+001    0.2979736328E-001
 0.5151515    0.1347355652E+001    0.1611633301E-001
 0.5252525    0.1341389465E+001    0.9341430664E-002
 0.5353535    0.1349081421E+001    0.3436737061E-001
 0.5454545    0.1348814392E+001    0.1978454590E-001
 0.5555556    0.1365301514E+001    0.2068481445E-001
 0.5656566    0.1349612427E+001    0.1067657471E-001
 0.5757576    0.1345088196E+001    0.1333465576E-001
 0.5858586    0.1348469543E+001    0.2116394043E-001
 0.5959596    0.1345681763E+001    0.2897644043E-002
 0.6060606    0.1358824158E+001    0.1109313965E-001
 0.6161616    0.1354504395E+001    0.1143951416E-001
 0.6262626    0.1349055481E+001    0.2825469971E-001
 0.6363636    0.1352497864E+001    0.1748046875E-001
 0.6464646    0.1364718628E+001    0.1208343506E-001
 0.6565657    0.1350154114E+001    0.6767272949E-002
 0.6666667    0.1355802917E+001    0.1917266846E-001
 0.6767677    0.1349555969E+001    0.2686920166E-001
 0.6868687    0.1347331238E+001    0.8924865723E-002
 0.6969697    0.1349809265E+001    0.2197113037E-001
 0.7070707    0.1331759644E+001    0.0000000000E+000
 0.7171717    0.1358613586E+001    0.1910858154E-001
 0.7272727    0.1359097290E+001    0.2860260010E-001
 0.7373737    0.1347297668E+001    0.1769409180E-001
 0.7474747    0.1349108887E+001    0.1069030762E-001
 0.7575758    0.1345231628E+001    0.1358032227E-001
 0.7676768    0.1337754822E+001    0.1405029297E-001
 0.7777778    0.1344769287E+001    0.1707916260E-001
 0.7878788    0.1346615601E+001    0.1733093262E-001
 0.7979798    0.1361842346E+001    0.2845001221E-001
 0.8080808    0.1356007385E+001    0.2182922363E-001
 0.8181818    0.1343403625E+001    0.1342468262E-001
 0.8282828    0.1349244690E+001    0.9759521484E-002
 0.8383838    0.1339657593E+001    0.1101226807E-001
 0.8484848    0.1356721497E+001    0.3647155762E-001
 0.8585859    0.1351838684E+001    0.2344665527E-001
 0.8686869    0.1336651611E+001    0.5799865723E-002
 0.8787879    0.1349107361E+001    0.8903503418E-002
 0.8888889    0.1358763123E+001    0.3006286621E-001
 0.8989899    0.1342584229E+001    0.9400939941E-002
 0.9090909    0.1344981384E+001    0.1571655273E-001
 0.9191919    0.1339732361E+001    0.9434509277E-002
 0.9292929    0.1345196533E+001    0.2120361328E-001
 0.9393939    0.1345161438E+001    0.1810760498E-001
 0.9494949    0.1341098022E+001    0.1228332520E-001
 0.9595960    0.1324363708E+001    0.7066345215E-002
 0.9696970    0.1356297302E+001    0.2309722900E-001
 0.9797980    0.1343809509E+001    0.2144470215E-001
 0.9898990    0.1348023987E+001    0.2313842773E-001
 1.0000000    0.1337777710E+001    0.2163238525E-001


