#   100 bins for weightfunction of cd                      
 0.0000000    0.3348750305E+001    0.7624237061E+000
 0.0101010    0.3397831726E+001    0.8015029907E+000
 0.0202020    0.3377316284E+001    0.7906646729E+000
 0.0303030    0.3428323364E+001    0.8005615234E+000
 0.0404040    0.3504380798E+001    0.8116363525E+000
 0.0505051    0.3540879822E+001    0.7836669922E+000
 0.0606061    0.3624562073E+001    0.8014511108E+000
 0.0707071    0.3717869568E+001    0.8221206665E+000
 0.0808081    0.3813287354E+001    0.7909164429E+000
 0.0909091    0.3881639099E+001    0.8022933960E+000
 0.1010101    0.4008775330E+001    0.7938766479E+000
 0.1111111    0.4103387451E+001    0.7829528809E+000
 0.1212121    0.4181365967E+001    0.7870620728E+000
 0.1313131    0.4231938171E+001    0.8105651855E+000
 0.1414141    0.4255152893E+001    0.7816650391E+000
 0.1515152    0.4320132446E+001    0.7860717773E+000
 0.1616162    0.4354554749E+001    0.7902175903E+000
 0.1717172    0.4365370178E+001    0.7794067383E+000
 0.1818182    0.4349357605E+001    0.7798614502E+000
 0.1919192    0.4329336548E+001    0.7682876587E+000
 0.2020202    0.4338932800E+001    0.7340164185E+000
 0.2121212    0.4272888184E+001    0.7651306152E+000
 0.2222222    0.4217613220E+001    0.7403762817E+000
 0.2323232    0.4163211060E+001    0.7295776367E+000
 0.2424242    0.4083337402E+001    0.6934844971E+000
 0.2525253    0.4032234192E+001    0.6926437378E+000
 0.2626263    0.3977900696E+001    0.6995727539E+000
 0.2727273    0.3874180603E+001    0.6898468018E+000
 0.2828283    0.3815998840E+001    0.6878860474E+000
 0.2929293    0.3742402649E+001    0.6757125854E+000
 0.3030303    0.3650718689E+001    0.6615097046E+000
 0.3131313    0.3547149658E+001    0.6461227417E+000
 0.3232323    0.3448863220E+001    0.6450714111E+000
 0.3333333    0.3390318298E+001    0.6109176636E+000
 0.3434343    0.3259207153E+001    0.6375076294E+000
 0.3535354    0.3160751343E+001    0.6166885376E+000
 0.3636364    0.3077969360E+001    0.5972671509E+000
 0.3737374    0.2942126465E+001    0.5840087891E+000
 0.3838384    0.2837338257E+001    0.5751831055E+000
 0.3939394    0.2745968628E+001    0.5678359985E+000
 0.4040404    0.2618670654E+001    0.5546478271E+000
 0.4141414    0.2513780212E+001    0.5519317627E+000
 0.4242424    0.2410343933E+001    0.5224197388E+000
 0.4343434    0.2296592712E+001    0.5149658203E+000
 0.4444444    0.2175836182E+001    0.5011627197E+000
 0.4545455    0.2054731750E+001    0.4656021118E+000
 0.4646465    0.1932789612E+001    0.4792160034E+000
 0.4747475    0.1808283997E+001    0.4875701904E+000
 0.4848485    0.1700070190E+001    0.4453735352E+000
 0.4949495    0.1570449829E+001    0.4397842407E+000
 0.5050505    0.1510580444E+001    0.4427932739E+000
 0.5151515    0.1499826050E+001    0.4216079712E+000
 0.5252525    0.1495141602E+001    0.4418426514E+000
 0.5353535    0.1500846863E+001    0.4243774414E+000
 0.5454545    0.1504927063E+001    0.4331939697E+000
 0.5555556    0.1463728333E+001    0.4362167358E+000
 0.5656566    0.1479080200E+001    0.4390365601E+000
 0.5757576    0.1476448059E+001    0.4448440552E+000
 0.5858586    0.1456164551E+001    0.4227737427E+000
 0.5959596    0.1428923035E+001    0.4335220337E+000
 0.6060606    0.1430137634E+001    0.4380996704E+000
 0.6161616    0.1419309998E+001    0.4384445190E+000
 0.6262626    0.1408178711E+001    0.4093292236E+000
 0.6363636    0.1343003845E+001    0.4290863037E+000
 0.6464646    0.1380126953E+001    0.4207702637E+000
 0.6565657    0.1326959229E+001    0.4267578125E+000
 0.6666667    0.1336614990E+001    0.4377014160E+000
 0.6767677    0.1305270386E+001    0.4178497314E+000
 0.6868687    0.1276130676E+001    0.4166625977E+000
 0.6969697    0.1231948853E+001    0.4222244263E+000
 0.7070707    0.1232366943E+001    0.4155029297E+000
 0.7171717    0.1208276367E+001    0.4266586304E+000
 0.7272727    0.1163227844E+001    0.4176773071E+000
 0.7373737    0.1139492798E+001    0.4162185669E+000
 0.7474747    0.1099546814E+001    0.4121963501E+000
 0.7575758    0.1074967957E+001    0.4167312622E+000
 0.7676768    0.1031149292E+001    0.4019546509E+000
 0.7777778    0.1010133362E+001    0.4004302979E+000
 0.7878788    0.9823043823E+000    0.3942794800E+000
 0.7979798    0.9422897339E+000    0.3949295044E+000
 0.8080808    0.9142852783E+000    0.3921569824E+000
 0.8181818    0.8778259277E+000    0.3854095459E+000
 0.8282828    0.8205230713E+000    0.3752990723E+000
 0.8383838    0.7905410767E+000    0.3821517944E+000
 0.8484848    0.7487396240E+000    0.3820587158E+000
 0.8585859    0.7065093994E+000    0.3616577148E+000
 0.8686869    0.6657928467E+000    0.3820571899E+000
 0.8787879    0.6036010742E+000    0.3471130371E+000
 0.8888889    0.5608871460E+000    0.3529800415E+000
 0.8989899    0.5201110840E+000    0.3632461548E+000
 0.9090909    0.4578399658E+000    0.3371383667E+000
 0.9191919    0.4160964966E+000    0.3428390503E+000
 0.9292929    0.3559783936E+000    0.3310226440E+000
 0.9393939    0.3304153442E+000    0.3387069702E+000
 0.9494949    0.2964538574E+000    0.3497512817E+000
 0.9595960    0.2117233276E+000    0.3166152954E+000
 0.9696970    0.1650604248E+000    0.3357788086E+000
 0.9797980    0.8533935547E-001    0.3238418579E+000
 0.9898990    0.2852325439E-001    0.2964035034E+000
 1.0000000    0.0000000000E+000    0.3015655518E+000


#   100 bins for weightfunction of Ar                      
 0.0000000    0.2753176880E+001    0.1830520630E+000
 0.0101010    0.2783357239E+001    0.2013092041E+000
 0.0202020    0.2782402039E+001    0.1917190552E+000
 0.0303030    0.2812196350E+001    0.1943740845E+000
 0.0404040    0.2843116760E+001    0.2002105713E+000
 0.0505051    0.2870726013E+001    0.1705307007E+000
 0.0606061    0.2933769226E+001    0.1903564453E+000
 0.0707071    0.2997239685E+001    0.1847610474E+000
 0.0808081    0.3084884644E+001    0.1980804443E+000
 0.0909091    0.3164157104E+001    0.1807525635E+000
 0.1010101    0.3240800476E+001    0.1772766113E+000
 0.1111111    0.3350030518E+001    0.2013610840E+000
 0.1212121    0.3439350891E+001    0.1912918091E+000
 0.1313131    0.3522151184E+001    0.1763305664E+000
 0.1414141    0.3616333008E+001    0.1978012085E+000
 0.1515152    0.3681742859E+001    0.1898544312E+000
 0.1616162    0.3753926086E+001    0.1937652588E+000
 0.1717172    0.3807046509E+001    0.1939361572E+000
 0.1818182    0.3862344360E+001    0.1792617798E+000
 0.1919192    0.3879635620E+001    0.1761978149E+000
 0.2020202    0.3889994812E+001    0.1796051025E+000
 0.2121212    0.3884448242E+001    0.1742218018E+000
 0.2222222    0.3897190857E+001    0.1692031860E+000
 0.2323232    0.3888874817E+001    0.1677474976E+000
 0.2424242    0.3901176453E+001    0.1661743164E+000
 0.2525253    0.3853543091E+001    0.1620819092E+000
 0.2626263    0.3842691040E+001    0.1608642578E+000
 0.2727273    0.3834602356E+001    0.1426940918E+000
 0.2828283    0.3767652893E+001    0.1397415161E+000
 0.2929293    0.3753874207E+001    0.1360870361E+000
 0.3030303    0.3719670105E+001    0.1280548096E+000
 0.3131313    0.3674884033E+001    0.1189224243E+000
 0.3232323    0.3625396729E+001    0.1219177246E+000
 0.3333333    0.3584272766E+001    0.1178359985E+000
 0.3434343    0.3525070190E+001    0.1081436157E+000
 0.3535354    0.3486328125E+001    0.9372558594E-001
 0.3636364    0.3428392029E+001    0.1055175781E+000
 0.3737374    0.3375105286E+001    0.9464416504E-001
 0.3838384    0.3340623474E+001    0.1039535522E+000
 0.3939394    0.3288478088E+001    0.8852691650E-001
 0.4040404    0.3236599731E+001    0.7284393311E-001
 0.4141414    0.3169789124E+001    0.5267944336E-001
 0.4242424    0.3122447205E+001    0.7215423584E-001
 0.4343434    0.3057411194E+001    0.4247436523E-001
 0.4444444    0.3003958130E+001    0.4445343018E-001
 0.4545455    0.2933802795E+001    0.5113677979E-001
 0.4646465    0.2875958252E+001    0.4589843750E-001
 0.4747475    0.2801359558E+001    0.3376464844E-001
 0.4848485    0.2764247131E+001    0.2625122070E-001
 0.4949495    0.2697663879E+001    0.2989501953E-001
 0.5050505    0.2660121155E+001    0.2798461914E-002
 0.5151515    0.2655381775E+001    0.3494873047E-001
 0.5252525    0.2648287964E+001    0.2762908936E-001
 0.5353535    0.2652148437E+001    0.1128845215E-001
 0.5454545    0.2664294434E+001    0.0000000000E+000
 0.5555556    0.2652008057E+001    0.2828369141E-001
 0.5656566    0.2651649475E+001    0.2237854004E-001
 0.5757576    0.2664900208E+001    0.1174926758E-001
 0.5858586    0.2657757568E+001    0.1287231445E-001
 0.5959596    0.2670254517E+001    0.1176757812E-001
 0.6060606    0.2654284668E+001    0.1637725830E-001
 0.6161616    0.2643725586E+001    0.2902221680E-001
 0.6262626    0.2664547729E+001    0.1165924072E-001
 0.6363636    0.2654804993E+001    0.1292724609E-001
 0.6464646    0.2652540588E+001    0.2701873779E-001
 0.6565657    0.2653283691E+001    0.2615203857E-001
 0.6666667    0.2649520874E+001    0.3493347168E-001
 0.6767677    0.2647746277E+001    0.2095184326E-001
 0.6868687    0.2655427551E+001    0.2007598877E-001
 0.6969697    0.2646504211E+001    0.7450866699E-002
 0.7070707    0.2657566833E+001    0.1699676514E-001
 0.7171717    0.2650698853E+001    0.1361846924E-001
 0.7272727    0.2643737793E+001    0.9536743164E-002
 0.7373737    0.2659094238E+001    0.2083435059E-001
 0.7474747    0.2658230591E+001    0.1631622314E-001
 0.7575758    0.2651737976E+001    0.1614837646E-001
 0.7676768    0.2657006836E+001    0.1962432861E-001
 0.7777778    0.2657655334E+001    0.1986999512E-001
 0.7878788    0.2650212097E+001    0.1558685303E-001
 0.7979798    0.2653311157E+001    0.1584777832E-001
 0.8080808    0.2663996887E+001    0.2239837646E-001
 0.8181818    0.2656999207E+001    0.2378234863E-001
 0.8282828    0.2659805298E+001    0.2304534912E-001
 0.8383838    0.2657351685E+001    0.2065429687E-001
 0.8484848    0.2653627014E+001    0.1769866943E-001
 0.8585859    0.2655598450E+001    0.1393737793E-001
 0.8686869    0.2653700256E+001    0.1272430420E-001
 0.8787879    0.2653155518E+001    0.1409606934E-001
 0.8888889    0.2659757996E+001    0.2142486572E-001
 0.8989899    0.2649475098E+001    0.7867431641E-002
 0.9090909    0.2658782959E+001    0.2038879395E-001
 0.9191919    0.2648655701E+001    0.1628417969E-001
 0.9292929    0.2655842590E+001    0.1414642334E-001
 0.9393939    0.2650781250E+001    0.1612396240E-001
 0.9494949    0.2664625549E+001    0.1565246582E-001
 0.9595960    0.2656007385E+001    0.1799011230E-001
 0.9696970    0.2646649170E+001    0.1045989990E-001
 0.9797980    0.2664749146E+001    0.1646575928E-001
 0.9898990    0.2664576721E+001    0.3203277588E-001
 1.0000000    0.2648072815E+001    0.8935546875E-002


