#   100 bins for weightfunction of cd                      
 0.0000000    0.2848092651E+001    0.2273287964E+001
 0.0101010    0.2830569458E+001    0.2253163147E+001
 0.0202020    0.2864784241E+001    0.2277139282E+001
 0.0303030    0.2901922607E+001    0.2310523987E+001
 0.0404040    0.2906773376E+001    0.2284861755E+001
 0.0505051    0.2943815613E+001    0.2277725220E+001
 0.0606061    0.3000309753E+001    0.2311723328E+001
 0.0707071    0.3044941711E+001    0.2313691711E+001
 0.0808081    0.3081167603E+001    0.2317192078E+001
 0.0909091    0.3147938538E+001    0.2320606995E+001
 0.1010101    0.3179010010E+001    0.2317414856E+001
 0.1111111    0.3208938599E+001    0.2312319946E+001
 0.1212121    0.3230224609E+001    0.2313442993E+001
 0.1313131    0.3255786133E+001    0.2316055298E+001
 0.1414141    0.3257623291E+001    0.2310716248E+001
 0.1515152    0.3270086670E+001    0.2281555176E+001
 0.1616162    0.3276945496E+001    0.2282142639E+001
 0.1717172    0.3272743225E+001    0.2265336609E+001
 0.1818182    0.3227203369E+001    0.2250831604E+001
 0.1919192    0.3191195679E+001    0.2212020874E+001
 0.2020202    0.3164846802E+001    0.2180879211E+001
 0.2121212    0.3113201904E+001    0.2178417969E+001
 0.2222222    0.3081037903E+001    0.2150680542E+001
 0.2323232    0.2992720032E+001    0.2109724426E+001
 0.2424242    0.2966114807E+001    0.2098486328E+001
 0.2525253    0.2893292236E+001    0.2067524719E+001
 0.2626263    0.2863269043E+001    0.2038125610E+001
 0.2727273    0.2791909790E+001    0.2007574463E+001
 0.2828283    0.2714331055E+001    0.1983044434E+001
 0.2929293    0.2654362488E+001    0.1927760315E+001
 0.3030303    0.2577958679E+001    0.1913508606E+001
 0.3131313    0.2499966431E+001    0.1879223633E+001
 0.3232323    0.2423959351E+001    0.1847795105E+001
 0.3333333    0.2347122192E+001    0.1803883362E+001
 0.3434343    0.2277287292E+001    0.1756155396E+001
 0.3535354    0.2202493286E+001    0.1741471863E+001
 0.3636364    0.2102725220E+001    0.1691984558E+001
 0.3737374    0.2038740540E+001    0.1664552307E+001
 0.3838384    0.1944505310E+001    0.1621304321E+001
 0.3939394    0.1849818420E+001    0.1575134277E+001
 0.4040404    0.1771014404E+001    0.1543891907E+001
 0.4141414    0.1702166748E+001    0.1511233521E+001
 0.4242424    0.1588467407E+001    0.1449159241E+001
 0.4343434    0.1504675293E+001    0.1418232727E+001
 0.4444444    0.1423808289E+001    0.1371374512E+001
 0.4545455    0.1346492004E+001    0.1337612915E+001
 0.4646465    0.1229614258E+001    0.1283476257E+001
 0.4747475    0.1121199036E+001    0.1264469910E+001
 0.4848485    0.1065109253E+001    0.1205548096E+001
 0.4949495    0.9448181152E+000    0.1181689453E+001
 0.5050505    0.9111511230E+000    0.1164158630E+001
 0.5151515    0.9010559082E+000    0.1142083740E+001
 0.5252525    0.9093124390E+000    0.1132765198E+001
 0.5353535    0.9060165405E+000    0.1149356079E+001
 0.5454545    0.8983367920E+000    0.1153581238E+001
 0.5555556    0.9118316650E+000    0.1144827271E+001
 0.5656566    0.9013671875E+000    0.1150680542E+001
 0.5757576    0.8780639648E+000    0.1128565979E+001
 0.5858586    0.8970184326E+000    0.1122241211E+001
 0.5959596    0.8581771851E+000    0.1135412598E+001
 0.6060606    0.8865356445E+000    0.1138366699E+001
 0.6161616    0.8494262695E+000    0.1120256042E+001
 0.6262626    0.8360580444E+000    0.1133920288E+001
 0.6363636    0.8441864014E+000    0.1116793823E+001
 0.6464646    0.8334396362E+000    0.1118133545E+001
 0.6565657    0.8150924683E+000    0.1124095154E+001
 0.6666667    0.8093460083E+000    0.1126614380E+001
 0.6767677    0.7639739990E+000    0.1130972290E+001
 0.6868687    0.7628494263E+000    0.1107725525E+001
 0.6969697    0.7635848999E+000    0.1106704712E+001
 0.7070707    0.7536483765E+000    0.1115531921E+001
 0.7171717    0.7378509521E+000    0.1110218811E+001
 0.7272727    0.7205001831E+000    0.1090306091E+001
 0.7373737    0.6985839844E+000    0.1091539001E+001
 0.7474747    0.6778823853E+000    0.1085682678E+001
 0.7575758    0.6586441040E+000    0.1082862854E+001
 0.7676768    0.6390106201E+000    0.1081689453E+001
 0.7777778    0.6238265991E+000    0.1081222534E+001
 0.7878788    0.6012237549E+000    0.1071282959E+001
 0.7979798    0.5786804199E+000    0.1060784912E+001
 0.8080808    0.5563613892E+000    0.1059652710E+001
 0.8181818    0.5357009888E+000    0.1044303894E+001
 0.8282828    0.5172561646E+000    0.1040798950E+001
 0.8383838    0.5048400879E+000    0.1052632141E+001
 0.8484848    0.4513809204E+000    0.1016717529E+001
 0.8585859    0.4142944336E+000    0.1007501221E+001
 0.8686869    0.4013015747E+000    0.1017604065E+001
 0.8787879    0.3735839844E+000    0.1001055908E+001
 0.8888889    0.3633560181E+000    0.1006274414E+001
 0.8989899    0.3065628052E+000    0.9688034058E+000
 0.9090909    0.2793334961E+000    0.9617080688E+000
 0.9191919    0.2512145996E+000    0.9508346558E+000
 0.9292929    0.2307922363E+000    0.9547683716E+000
 0.9393939    0.1724578857E+000    0.9374877930E+000
 0.9494949    0.1590576172E+000    0.9274337769E+000
 0.9595960    0.1335342407E+000    0.9334945679E+000
 0.9696970    0.9111480713E-001    0.9184585571E+000
 0.9797980    0.6032562256E-001    0.9124191284E+000
 0.9898990    0.1752777100E-001    0.9046157837E+000
 1.0000000    0.0000000000E+000    0.8846694946E+000


#   100 bins for weightfunction of Ar                      
 0.0000000    0.1082272339E+001    0.4709152222E+000
 0.0101010    0.1096295166E+001    0.4939743042E+000
 0.0202020    0.1114868164E+001    0.5022171021E+000
 0.0303030    0.1107199097E+001    0.4705245972E+000
 0.0404040    0.1140470886E+001    0.5033538818E+000
 0.0505051    0.1175251770E+001    0.5141418457E+000
 0.0606061    0.1210646057E+001    0.5185241699E+000
 0.0707071    0.1241201782E+001    0.5295547485E+000
 0.0808081    0.1287309265E+001    0.5394485474E+000
 0.0909091    0.1338255310E+001    0.5413970947E+000
 0.1010101    0.1383052063E+001    0.5618194580E+000
 0.1111111    0.1446452332E+001    0.5739624023E+000
 0.1212121    0.1475880432E+001    0.5611236572E+000
 0.1313131    0.1534173584E+001    0.5782135010E+000
 0.1414141    0.1573800659E+001    0.6060165405E+000
 0.1515152    0.1580886841E+001    0.5783721924E+000
 0.1616162    0.1609211731E+001    0.5784286499E+000
 0.1717172    0.1641007996E+001    0.5862075806E+000
 0.1818182    0.1636944580E+001    0.5810012817E+000
 0.1919192    0.1640901184E+001    0.5639739990E+000
 0.2020202    0.1647549438E+001    0.5630859375E+000
 0.2121212    0.1634378052E+001    0.5684585571E+000
 0.2222222    0.1620529175E+001    0.5485046387E+000
 0.2323232    0.1620481873E+001    0.5362487793E+000
 0.2424242    0.1586572266E+001    0.5186660767E+000
 0.2525253    0.1566406250E+001    0.5087127686E+000
 0.2626263    0.1557450867E+001    0.5019149780E+000
 0.2727273    0.1513935852E+001    0.4891799927E+000
 0.2828283    0.1487199402E+001    0.4610839844E+000
 0.2929293    0.1446557617E+001    0.4449844360E+000
 0.3030303    0.1429934692E+001    0.4267791748E+000
 0.3131313    0.1384448242E+001    0.4142761230E+000
 0.3232323    0.1363951111E+001    0.4075210571E+000
 0.3333333    0.1314094543E+001    0.3792846680E+000
 0.3434343    0.1270692444E+001    0.3451995850E+000
 0.3535354    0.1241958618E+001    0.3446609497E+000
 0.3636364    0.1189292908E+001    0.3160751343E+000
 0.3737374    0.1148033142E+001    0.3005889893E+000
 0.3838384    0.1112699890E+001    0.2900756836E+000
 0.3939394    0.1058988953E+001    0.2629013062E+000
 0.4040404    0.1026177979E+001    0.2456390381E+000
 0.4141414    0.9793060303E+000    0.2164199829E+000
 0.4242424    0.9305603027E+000    0.2121337891E+000
 0.4343434    0.8799606323E+000    0.1791061401E+000
 0.4444444    0.8339447021E+000    0.1565063477E+000
 0.4545455    0.7957336426E+000    0.1344604492E+000
 0.4646465    0.7368865967E+000    0.1059448242E+000
 0.4747475    0.6967147827E+000    0.9866485596E-001
 0.4848485    0.6356613159E+000    0.6155242920E-001
 0.4949495    0.5885070801E+000    0.4299468994E-001
 0.5050505    0.5642974854E+000    0.1779479980E-001
 0.5151515    0.5709350586E+000    0.3084259033E-001
 0.5252525    0.5717758179E+000    0.2239532471E-001
 0.5353535    0.5678222656E+000    0.3884582520E-001
 0.5454545    0.5714996338E+000    0.2491607666E-001
 0.5555556    0.5643234253E+000    0.4111633301E-001
 0.5656566    0.5729019165E+000    0.5702667236E-001
 0.5757576    0.5814544678E+000    0.2308807373E-001
 0.5858586    0.5706039429E+000    0.2799835205E-001
 0.5959596    0.5803604126E+000    0.3773345947E-001
 0.6060606    0.5754104614E+000    0.4911041260E-001
 0.6161616    0.5497390747E+000    0.3277282715E-001
 0.6262626    0.5583007813E+000    0.3091735840E-001
 0.6363636    0.5602859497E+000    0.1388854980E-001
 0.6464646    0.5656539917E+000    0.2683410645E-001
 0.6565657    0.5631683350E+000    0.2777709961E-001
 0.6666667    0.5667251587E+000    0.1115264893E-001
 0.6767677    0.5695266724E+000    0.2487182617E-001
 0.6868687    0.5736602783E+000    0.3313293457E-001
 0.6969697    0.5706008911E+000    0.2440948486E-001
 0.7070707    0.5756912231E+000    0.3154754639E-001
 0.7171717    0.5752822876E+000    0.3402099609E-001
 0.7272727    0.5729125977E+000    0.1690979004E-001
 0.7373737    0.5620880127E+000    0.0000000000E+000
 0.7474747    0.5733734131E+000    0.2349548340E-001
 0.7575758    0.5763626099E+000    0.2790985107E-001
 0.7676768    0.5512649536E+000    0.5885314941E-002
 0.7777778    0.5618698120E+000    0.1268615723E-001
 0.7878788    0.5677398682E+000    0.2583312988E-001
 0.7979798    0.5734909058E+000    0.1467132568E-001
 0.8080808    0.5619400024E+000    0.1706390381E-001
 0.8181818    0.5656219482E+000    0.1853332520E-001
 0.8282828    0.5596084595E+000    0.1269531250E-001
 0.8383838    0.5767684937E+000    0.2435455322E-001
 0.8484848    0.5730026245E+000    0.1899719238E-001
 0.8585859    0.5644119263E+000    0.1451416016E-001
 0.8686869    0.5592971802E+000    0.2366638184E-002
 0.8787879    0.5659545898E+000    0.1190032959E-001
 0.8888889    0.5923858643E+000    0.3557739258E-001
 0.8989899    0.5631454468E+000    0.1161956787E-001
 0.9090909    0.5650161743E+000    0.6779479980E-002
 0.9191919    0.5613739014E+000    0.1297607422E-001
 0.9292929    0.5793838501E+000    0.2633514404E-001
 0.9393939    0.5670425415E+000    0.2321014404E-001
 0.9494949    0.5740280151E+000    0.2055969238E-001
 0.9595960    0.5650955200E+000    0.1942443848E-001
 0.9696970    0.5618957520E+000    0.2208557129E-001
 0.9797980    0.5790847778E+000    0.2649078369E-001
 0.9898990    0.5810989380E+000    0.4224395752E-001
 1.0000000    0.5758789063E+000    0.2048339844E-001


