Compiled using GNU Fortran (Ubuntu 9.4.0-1ubuntu1~20.04.2) 9.4.0 with all optimizations
Last Brick update unknown
Compiled at 18:43:37 on Sep  2 2023
Starting at 16:56:20 on Sep 11 2023

Settings
OK                      

Forcefield
OK                      

Topology
OK                      

Configuration
OK                      Read from ./INPUT/restart.in

 F
Monte Carlo Simulation initialized.

#########################################################################################################################
###########################################   ENERGY STARTING CONFIGURATION   ###########################################
#########################################################################################################################
                                               Box 1               Box 2
-------------------------------------------------------------------------------------------------------------------------
Lennard Jones        
 Intermolecular                         -0.4891697698E+006  -0.7899743123E+005
 Tailcorrection                         -0.1200513949E+005  -0.1787605540E+004
Total Intermolecular                    -0.5011749093E+006  -0.8078503677E+005

Electrostatic        
 Real                                   -0.1182944451E+006  -0.6471769496E+004
 Exclusion                               0.7982628700E+007   0.1954513441E+007
 Selfterm                               -0.8008268243E+007  -0.1956484337E+007
 Fourier                                 0.1412628406E+005   0.1940616650E+004
Total Intermolecular                    -0.1298077038E+006  -0.6502048368E+004

Intramolecular       
 Lennard Jones                           0.0000000000E+000   0.0000000000E+000
 Electrostatic                           0.0000000000E+000   0.0000000000E+000
 Bending                                 0.0000000000E+000   0.0000000000E+000
 Torsion                                 0.0000000000E+000   0.0000000000E+000

Total                                   -0.6309826131E+006  -0.8728708514E+005

#########################################################################################################################

Simulation is running...



#########################################################################################################################
###############################################   RELATIVE ENERGY DRIFTS   ##############################################
#########################################################################################################################
                                               Box 1               Box 2                                                 
-------------------------------------------------------------------------------------------------------------------------

Lennard Jones        
 Intermolecular                          0.1628868339E-014   0.4058070482E-014
 Tailcorrection                          0.0000000000E+000   0.0000000000E+000

Electrostatic        
 Real                                    0.4841884398E-015   0.6503733677E-014
 Exclusion                               0.0000000000E+000   0.0000000000E+000
 Selfterm                                0.0000000000E+000   0.0000000000E+000
 Fourier                                 0.1649884100E-015   0.3652957035E-015

Intramolecular       
 Lennard Jones                           0.0000000000E+000   0.0000000000E+000
 Electrostatic                           0.0000000000E+000   0.0000000000E+000
 Bending                                 0.0000000000E+000   0.0000000000E+000
 Torsion                                 0.0000000000E+000   0.0000000000E+000

Total                                    0.1831821730E-014   0.1942798234E-014

#########################################################################################################################
############################################   TRIAL MOVE ACCEPTANCE RATES   ############################################
#########################################################################################################################
                                               Box 1               Box 2
-------------------------------------------------------------------------------------------------------------------------
Translation
 CO2                                          0.50430             0.46524
 AR                                           0.50000             0.49446
-------------------------------------------------------------------------------------------------------------------------
Rotation
 CO2                                          0.50142             0.61388
 AR                                           0.00000             0.00000
-------------------------------------------------------------------------------------------------------------------------
Lambda Move
 cd                                           0.75756             0.91395
 Ar                                           0.83813             0.94771
-------------------------------------------------------------------------------------------------------------------------
GE Swap Fractional
 cd                                           0.39861             0.34261
 Ar                                           0.49353             0.42764
-------------------------------------------------------------------------------------------------------------------------
GE Identity Change
 cd                                           0.87661             0.68528
 Ar                                           0.96643             0.82768
-------------------------------------------------------------------------------------------------------------------------
Volume                                        0.50716             0.47713

#########################################################################################################################
######################################################   AVERAGES   #####################################################
#########################################################################################################################
                                                       Boltzmann                                    Biased
                                               Box 1               Box 2                  Box 1               Box 2      
-------------------------------------------------------------------------------------------------------------------------
Density
 CO2                                     0.8178096936E+003   0.1006986645E+003      0.8152503232E+003   0.1006949074E+003
 AR                                      0.1479325943E+003   0.1600379017E+003      0.1485320297E+003   0.1601024515E+003
 Total                                   0.9657422879E+003   0.2607365663E+003      0.9637823529E+003   0.2607973590E+003

Number of molecules
 CO2                                     0.3842211233E+003   0.1957788767E+003      0.3847003800E+003   0.1952996200E+003
 AR                                      0.7721101394E+002   0.3427889861E+003      0.7789001000E+002   0.3421099900E+003
 Total                                   0.4614321373E+003   0.5385678627E+003      0.4625903900E+003   0.5374096100E+003

Mole fractions
 CO2                                          0.83267             0.36352                 0.83162             0.36341
 AR                                           0.16733             0.63648                 0.16838             0.63659

Volume                                   0.3444200935E+005   0.1425682305E+006      0.3459853907E+005   0.1422290689E+006

#########################################################################################################################
#######################################   PROPERTIES FROM THE CFC GIBBS ENSEMBLE   ######################################
#########################################################################################################################
                                                       Boltzmann                                    Biased
                                               Box 1               Box 2                  Box 1               Box 2      
Chemical Potentials (as an indication)
=========================================================================================================================

Total cd                                -0.1931124956E+004  -0.1934305435E+004     -0.1931917971E+004  -0.1934314875E+004
 Ideal gas                              -0.1136649247E+004  -0.1666557019E+004     -0.1137442263E+004  -0.1666566459E+004
 Excess                                 -0.7944757084E+003  -0.2677484162E+003     -0.7944757084E+003  -0.2677484162E+003

-------------------------------------------------------------------------------------------------------------------------

Total Ar                                -0.1616637570E+004  -0.1613797210E+004     -0.1615614464E+004  -0.1613695186E+004
 Ideal gas                              -0.1544747017E+004  -0.1524847568E+004     -0.1543723911E+004  -0.1524745544E+004
 Excess                                 -0.7189055282E+002  -0.8894964204E+002     -0.7189055282E+002  -0.8894964204E+002

-------------------------------------------------------------------------------------------------------------------------

#########################################################################################################################
#########################################   PROPERTIES FROM UMBRELLA SAMPLING   #########################################
#########################################################################################################################

Excess Partial Molar Enthalpy
=========================================================================================================================


Partial Molar Volume
=========================================================================================================================


#########################################################################################################################
##################################################   AVERAGE ENERGIES   #################################################
#########################################################################################################################
                                                       Boltzmann                                    Biased
                                               Box 1               Box 2                  Box 1               Box 2      
-------------------------------------------------------------------------------------------------------------------------
Lennard Jones        
 Intermolecular                         -0.4159640634E+006  -0.9989641907E+005     -0.4159054460E+006  -0.9958191453E+005
 Tailcorrection                         -0.1030555645E+005  -0.2385699539E+004     -0.1030565562E+005  -0.2378325560E+004
Total Intermolecular                    -0.4262696199E+006  -0.1022821186E+006     -0.4262111016E+006  -0.1019602401E+006

Electrostatic        
 Real                                   -0.1071635229E+006  -0.1029276898E+005     -0.1069396055E+006  -0.1026544260E+005
 Exclusion                               0.7037736421E+007   0.2659078273E+007      0.7044478526E+007   0.2652133339E+007
 Selfterm                               -0.7060341322E+007  -0.2661759776E+007     -0.7067104892E+007  -0.2654807807E+007
 Fourier                                 0.1197934808E+005   0.2587275673E+004      0.1202280365E+005   0.2581529296E+004
Total Intermolecular                    -0.1177890752E+006  -0.1038699546E+005     -0.1175431683E+006  -0.1035838140E+005

Intramolecular       
 Lennard Jones                           0.0000000000E+000   0.0000000000E+000      0.0000000000E+000   0.0000000000E+000
 Electrostatic                           0.0000000000E+000   0.0000000000E+000      0.0000000000E+000   0.0000000000E+000
 Bending                                 0.0000000000E+000   0.0000000000E+000      0.0000000000E+000   0.0000000000E+000
 Torsion                                 0.0000000000E+000   0.0000000000E+000      0.0000000000E+000   0.0000000000E+000

Total                                   -0.5440586950E+006  -0.1126691141E+006     -0.5437542699E+006  -0.1123186215E+006

#########################################################################################################################

No errors found in bookkeeping.

Total simulation time:  14 hours and  44 minutes

Simulation finished.

