Compiled using GNU Fortran (Ubuntu 9.4.0-1ubuntu1~20.04.2) 9.4.0 with all optimizations
Last Brick update unknown
Compiled at 18:43:37 on Sep  2 2023
Starting at 16:56:20 on Sep 11 2023

Settings
OK                      

Forcefield
OK                      

Topology
OK                      

Configuration
OK                      Read from ./INPUT/restart.in

 F
Monte Carlo Simulation initialized.

#########################################################################################################################
###########################################   ENERGY STARTING CONFIGURATION   ###########################################
#########################################################################################################################
                                               Box 1               Box 2
-------------------------------------------------------------------------------------------------------------------------
Lennard Jones        
 Intermolecular                         -0.4891697698E+006  -0.7899743123E+005
 Tailcorrection                         -0.1200513949E+005  -0.1787605540E+004
Total Intermolecular                    -0.5011749093E+006  -0.8078503677E+005

Electrostatic        
 Real                                   -0.1182944451E+006  -0.6471769496E+004
 Exclusion                               0.7982628700E+007   0.1954513441E+007
 Selfterm                               -0.8008268243E+007  -0.1956484337E+007
 Fourier                                 0.1412628406E+005   0.1940616650E+004
Total Intermolecular                    -0.1298077038E+006  -0.6502048368E+004

Intramolecular       
 Lennard Jones                           0.0000000000E+000   0.0000000000E+000
 Electrostatic                           0.0000000000E+000   0.0000000000E+000
 Bending                                 0.0000000000E+000   0.0000000000E+000
 Torsion                                 0.0000000000E+000   0.0000000000E+000

Total                                   -0.6309826131E+006  -0.8728708514E+005

#########################################################################################################################

Simulation is running...



#########################################################################################################################
###############################################   RELATIVE ENERGY DRIFTS   ##############################################
#########################################################################################################################
                                               Box 1               Box 2                                                 
-------------------------------------------------------------------------------------------------------------------------

Lennard Jones        
 Intermolecular                          0.4574759509E-014   0.3133797650E-015
 Tailcorrection                          0.0000000000E+000   0.0000000000E+000

Electrostatic        
 Real                                    0.3532185733E-014   0.0000000000E+000
 Exclusion                               0.1271469041E-015   0.0000000000E+000
 Selfterm                                0.0000000000E+000   0.0000000000E+000
 Fourier                                 0.2840440484E-015   0.0000000000E+000

Intramolecular       
 Lennard Jones                           0.0000000000E+000   0.0000000000E+000
 Electrostatic                           0.0000000000E+000   0.0000000000E+000
 Bending                                 0.0000000000E+000   0.0000000000E+000
 Torsion                                 0.0000000000E+000   0.0000000000E+000

Total                                    0.4215064151E-014   0.5390342061E-014

#########################################################################################################################
############################################   TRIAL MOVE ACCEPTANCE RATES   ############################################
#########################################################################################################################
                                               Box 1               Box 2
-------------------------------------------------------------------------------------------------------------------------
Translation
 CO2                                          0.50692             0.50664
 AR                                           0.48842             0.50141
-------------------------------------------------------------------------------------------------------------------------
Rotation
 CO2                                          0.50487             0.62282
 AR                                           0.00000             0.00000
-------------------------------------------------------------------------------------------------------------------------
Lambda Move
 cd                                           0.75684             0.91521
 Ar                                           0.83815             0.94701
-------------------------------------------------------------------------------------------------------------------------
GE Swap Fractional
 cd                                           0.37618             0.36974
 Ar                                           0.46550             0.45641
-------------------------------------------------------------------------------------------------------------------------
GE Identity Change
 cd                                           0.84925             0.71963
 Ar                                           0.91830             0.90759
-------------------------------------------------------------------------------------------------------------------------
Volume                                        0.52728             0.54037

#########################################################################################################################
######################################################   AVERAGES   #####################################################
#########################################################################################################################
                                                       Boltzmann                                    Biased
                                               Box 1               Box 2                  Box 1               Box 2      
-------------------------------------------------------------------------------------------------------------------------
Density
 CO2                                     0.7991151465E+003   0.9408050986E+002      0.7968934644E+003   0.9392436615E+002
 AR                                      0.1571102540E+003   0.1617433717E+003      0.1577460055E+003   0.1619558310E+003
 Total                                   0.9562254005E+003   0.2558238815E+003      0.9546394699E+003   0.2558801972E+003

Number of molecules
 CO2                                     0.4045312270E+003   0.1754687730E+003      0.4054867800E+003   0.1745132200E+003
 AR                                      0.8837409798E+002   0.3316259020E+003      0.8918395000E+002   0.3308160500E+003
 Total                                   0.4929053250E+003   0.5070946750E+003      0.4946707300E+003   0.5053292700E+003

Mole fractions
 CO2                                          0.82071             0.34603                 0.81971             0.34535
 AR                                           0.17929             0.65397                 0.18029             0.65465

Volume                                   0.3711258977E+005   0.1366168060E+006      0.3730389178E+005   0.1361049101E+006

#########################################################################################################################
#######################################   PROPERTIES FROM THE CFC GIBBS ENSEMBLE   ######################################
#########################################################################################################################
                                                       Boltzmann                                    Biased
                                               Box 1               Box 2                  Box 1               Box 2      
Chemical Potentials (as an indication)
=========================================================================================================================

Total cd                                -0.1941089740E+004  -0.1942178925E+004     -0.1941794104E+004  -0.1942599174E+004
 Ideal gas                              -0.1142499774E+004  -0.1683756373E+004     -0.1143204139E+004  -0.1684176621E+004
 Excess                                 -0.7985899655E+003  -0.2584225525E+003     -0.7985899655E+003  -0.2584225525E+003

-------------------------------------------------------------------------------------------------------------------------

Total Ar                                -0.1607633468E+004  -0.1607566825E+004     -0.1606611761E+004  -0.1607234713E+004
 Ideal gas                              -0.1529518672E+004  -0.1522165697E+004     -0.1528496965E+004  -0.1521833585E+004
 Excess                                 -0.7811479606E+002  -0.8540112784E+002     -0.7811479606E+002  -0.8540112784E+002

-------------------------------------------------------------------------------------------------------------------------

#########################################################################################################################
#########################################   PROPERTIES FROM UMBRELLA SAMPLING   #########################################
#########################################################################################################################

Excess Partial Molar Enthalpy
=========================================================================================================================


Partial Molar Volume
=========================================================================================================================


#########################################################################################################################
##################################################   AVERAGE ENERGIES   #################################################
#########################################################################################################################
                                                       Boltzmann                                    Biased
                                               Box 1               Box 2                  Box 1               Box 2      
-------------------------------------------------------------------------------------------------------------------------
Lennard Jones        
 Intermolecular                         -0.4369571619E+006  -0.9048718975E+005     -0.4374858023E+006  -0.8998623047E+005
 Tailcorrection                         -0.1082271439E+005  -0.2177555666E+004     -0.1083799206E+005  -0.2166931294E+004
Total Intermolecular                    -0.4477798763E+006  -0.9266474541E+005     -0.4483237943E+006  -0.9215316177E+005

Electrostatic        
 Real                                   -0.1104536744E+006  -0.8747748123E+004     -0.1103675934E+006  -0.8676776423E+004
 Exclusion                               0.7409824018E+007   0.2383292453E+007      0.7425082367E+007   0.2369951759E+007
 Selfterm                               -0.7433624066E+007  -0.2385695847E+007     -0.7448931204E+007  -0.2372341675E+007
 Fourier                                 0.1285724067E+005   0.2331290769E+004      0.1290965947E+005   0.2318914292E+004
Total Intermolecular                    -0.1213964813E+006  -0.8819851652E+004     -0.1213067709E+006  -0.8747778191E+004

Intramolecular       
 Lennard Jones                           0.0000000000E+000   0.0000000000E+000      0.0000000000E+000   0.0000000000E+000
 Electrostatic                           0.0000000000E+000   0.0000000000E+000      0.0000000000E+000   0.0000000000E+000
 Bending                                 0.0000000000E+000   0.0000000000E+000      0.0000000000E+000   0.0000000000E+000
 Torsion                                 0.0000000000E+000   0.0000000000E+000      0.0000000000E+000   0.0000000000E+000

Total                                   -0.5691763576E+006  -0.1014845971E+006     -0.5696305652E+006  -0.1009009400E+006

#########################################################################################################################

No errors found in bookkeeping.

Total simulation time:  14 hours and  55 minutes

Simulation finished.

