#   100 bins for weightfunction of cd                      
 0.0000000    0.3228691101E+001    0.1476011658E+001
 0.0101010    0.3244413757E+001    0.1503709412E+001
 0.0202020    0.3290132141E+001    0.1530635071E+001
 0.0303030    0.3292678833E+001    0.1485960388E+001
 0.0404040    0.3344230652E+001    0.1485018921E+001
 0.0505051    0.3441206360E+001    0.1525914001E+001
 0.0606061    0.3498637390E+001    0.1502117920E+001
 0.0707071    0.3568022156E+001    0.1491134644E+001
 0.0808081    0.3647712708E+001    0.1508558655E+001
 0.0909091    0.3725973511E+001    0.1519273376E+001
 0.1010101    0.3861405945E+001    0.1525195313E+001
 0.1111111    0.3904852295E+001    0.1520419312E+001
 0.1212121    0.4004081726E+001    0.1514476013E+001
 0.1313131    0.4015579224E+001    0.1479408264E+001
 0.1414141    0.4095886230E+001    0.1465386963E+001
 0.1515152    0.4108570862E+001    0.1479214478E+001
 0.1616162    0.4137590027E+001    0.1448431396E+001
 0.1717172    0.4174560547E+001    0.1470407104E+001
 0.1818182    0.4150077820E+001    0.1448431396E+001
 0.1919192    0.4130885315E+001    0.1432406616E+001
 0.2020202    0.4089994812E+001    0.1400691223E+001
 0.2121212    0.4079803467E+001    0.1398080444E+001
 0.2222222    0.3995678711E+001    0.1398936462E+001
 0.2323232    0.3977947998E+001    0.1360617065E+001
 0.2424242    0.3889469910E+001    0.1374713135E+001
 0.2525253    0.3864533997E+001    0.1348843384E+001
 0.2626263    0.3778094482E+001    0.1316180420E+001
 0.2727273    0.3652265930E+001    0.1290847778E+001
 0.2828283    0.3561341858E+001    0.1315881348E+001
 0.2929293    0.3527630615E+001    0.1279049683E+001
 0.3030303    0.3416900635E+001    0.1269877625E+001
 0.3131313    0.3341104126E+001    0.1241712952E+001
 0.3232323    0.3245269775E+001    0.1238232422E+001
 0.3333333    0.3137814331E+001    0.1202346802E+001
 0.3434343    0.3057199097E+001    0.1188783264E+001
 0.3535354    0.2958645630E+001    0.1182035828E+001
 0.3636364    0.2862898254E+001    0.1156901550E+001
 0.3737374    0.2806459045E+001    0.1129350281E+001
 0.3838384    0.2653640747E+001    0.1105241394E+001
 0.3939394    0.2573071289E+001    0.1112261963E+001
 0.4040404    0.2459756470E+001    0.1046461487E+001
 0.4141414    0.2384513855E+001    0.1047784424E+001
 0.4242424    0.2233613586E+001    0.1013793945E+001
 0.4343434    0.2119546509E+001    0.1018629456E+001
 0.4444444    0.1982229614E+001    0.1022355652E+001
 0.4545455    0.1897218323E+001    0.9759796143E+000
 0.4646465    0.1770477295E+001    0.9468887329E+000
 0.4747475    0.1681733704E+001    0.9189926147E+000
 0.4848485    0.1570092773E+001    0.9047470093E+000
 0.4949495    0.1465965271E+001    0.9008361816E+000
 0.5050505    0.1349667358E+001    0.8659530640E+000
 0.5151515    0.1360498047E+001    0.8531494141E+000
 0.5252525    0.1362327576E+001    0.8857833862E+000
 0.5353535    0.1342272949E+001    0.8665420532E+000
 0.5454545    0.1331872559E+001    0.8614410400E+000
 0.5555556    0.1330143738E+001    0.8644226074E+000
 0.5656566    0.1337347412E+001    0.8545822144E+000
 0.5757576    0.1321994019E+001    0.8690750122E+000
 0.5858586    0.1292784119E+001    0.8489212036E+000
 0.5959596    0.1327748108E+001    0.8788223267E+000
 0.6060606    0.1285874939E+001    0.8719909668E+000
 0.6161616    0.1276106262E+001    0.8470596313E+000
 0.6262626    0.1264245605E+001    0.8892929077E+000
 0.6363636    0.1249363708E+001    0.8705169678E+000
 0.6464646    0.1268640137E+001    0.8634017944E+000
 0.6565657    0.1198374939E+001    0.8582153320E+000
 0.6666667    0.1217715454E+001    0.8583511353E+000
 0.6767677    0.1168606567E+001    0.8762283325E+000
 0.6868687    0.1171719360E+001    0.8491210938E+000
 0.6969697    0.1122523499E+001    0.8551773071E+000
 0.7070707    0.1104612732E+001    0.8427078247E+000
 0.7171717    0.1122802734E+001    0.8695159912E+000
 0.7272727    0.1079370117E+001    0.8459472656E+000
 0.7373737    0.1042546082E+001    0.8480422974E+000
 0.7474747    0.1022476196E+001    0.8639923096E+000
 0.7575758    0.9684219360E+000    0.8349227905E+000
 0.7676768    0.9410156250E+000    0.8183181763E+000
 0.7777778    0.9054672241E+000    0.8134094238E+000
 0.7878788    0.8850250244E+000    0.8211441040E+000
 0.7979798    0.8691970825E+000    0.8215133667E+000
 0.8080808    0.8351715088E+000    0.8410598755E+000
 0.8181818    0.7785415649E+000    0.8215682983E+000
 0.8282828    0.7262634277E+000    0.7807723999E+000
 0.8383838    0.7100875854E+000    0.8035079956E+000
 0.8484848    0.6477569580E+000    0.7986297607E+000
 0.8585859    0.6097839355E+000    0.7929290771E+000
 0.8686869    0.6007965088E+000    0.7952072144E+000
 0.8787879    0.5625625610E+000    0.7943084717E+000
 0.8888889    0.4772918701E+000    0.7731735229E+000
 0.8989899    0.4751464844E+000    0.7999618530E+000
 0.9090909    0.4073226929E+000    0.7630706787E+000
 0.9191919    0.3601242065E+000    0.7699783325E+000
 0.9292929    0.3279098511E+000    0.7576950073E+000
 0.9393939    0.2613647461E+000    0.7611221313E+000
 0.9494949    0.2143218994E+000    0.7395675659E+000
 0.9595960    0.1777435303E+000    0.7486862183E+000
 0.9696970    0.1269439697E+000    0.7444564819E+000
 0.9797980    0.7027893066E-001    0.7346633911E+000
 0.9898990    0.3309478760E-001    0.7314758301E+000
 1.0000000    0.0000000000E+000    0.7432708740E+000


#   100 bins for weightfunction of Ar                      
 0.0000000    0.2092358398E+001    0.3345825195E+000
 0.0101010    0.2082305908E+001    0.3168212891E+000
 0.0202020    0.2106933594E+001    0.3359191895E+000
 0.0303030    0.2091668701E+001    0.2992065430E+000
 0.0404040    0.2143395996E+001    0.3392944336E+000
 0.0505051    0.2192016602E+001    0.3363769531E+000
 0.0606061    0.2258331299E+001    0.3407653809E+000
 0.0707071    0.2306402588E+001    0.3335998535E+000
 0.0808081    0.2382916260E+001    0.3482849121E+000
 0.0909091    0.2503472900E+001    0.3613281250E+000
 0.1010101    0.2535327148E+001    0.3625122070E+000
 0.1111111    0.2598504639E+001    0.3257446289E+000
 0.1212121    0.2707257080E+001    0.3435119629E+000
 0.1313131    0.2809234619E+001    0.3309082031E+000
 0.1414141    0.2856481934E+001    0.3236938477E+000
 0.1515152    0.2961889648E+001    0.3672546387E+000
 0.1616162    0.3000946045E+001    0.3378112793E+000
 0.1717172    0.3026092529E+001    0.3065490723E+000
 0.1818182    0.3113079834E+001    0.3210632324E+000
 0.1919192    0.3113507080E+001    0.3407043457E+000
 0.2020202    0.3123199463E+001    0.3291870117E+000
 0.2121212    0.3134460449E+001    0.3160888672E+000
 0.2222222    0.3179675293E+001    0.3070922852E+000
 0.2323232    0.3129357910E+001    0.2976989746E+000
 0.2424242    0.3117468262E+001    0.2738525391E+000
 0.2525253    0.3117388916E+001    0.3172607422E+000
 0.2626263    0.3105224609E+001    0.2534423828E+000
 0.2727273    0.3048516846E+001    0.2576904297E+000
 0.2828283    0.2989758301E+001    0.2695129395E+000
 0.2929293    0.2977734375E+001    0.2479736328E+000
 0.3030303    0.2927795410E+001    0.2581604004E+000
 0.3131313    0.2919873047E+001    0.2191589355E+000
 0.3232323    0.2913116455E+001    0.2167663574E+000
 0.3333333    0.2846118164E+001    0.1704223633E+000
 0.3434343    0.2794787598E+001    0.2071960449E+000
 0.3535354    0.2794531250E+001    0.1781494141E+000
 0.3636364    0.2694647217E+001    0.1733459473E+000
 0.3737374    0.2668676758E+001    0.1752258301E+000
 0.3838384    0.2593597412E+001    0.1834289551E+000
 0.3939394    0.2550366211E+001    0.1391296387E+000
 0.4040404    0.2503674316E+001    0.1312072754E+000
 0.4141414    0.2470178223E+001    0.1214050293E+000
 0.4242424    0.2396771240E+001    0.1380493164E+000
 0.4343434    0.2338171387E+001    0.9926147461E-001
 0.4444444    0.2266131592E+001    0.5758056641E-001
 0.4545455    0.2218237305E+001    0.9049682617E-001
 0.4646465    0.2142596436E+001    0.7312622070E-001
 0.4747475    0.2094451904E+001    0.6543579102E-001
 0.4848485    0.2029327393E+001    0.6288452148E-001
 0.4949495    0.1988507080E+001    0.2978515625E-001
 0.5050505    0.1962481689E+001    0.2201538086E-001
 0.5151515    0.1973858643E+001    0.4504394531E-001
 0.5252525    0.1928948975E+001    0.3679199219E-001
 0.5353535    0.1937896729E+001    0.2854614258E-001
 0.5454545    0.1914837646E+001    0.6393432617E-001
 0.5555556    0.1919329834E+001    0.3845825195E-001
 0.5656566    0.1932427979E+001    0.5163574219E-001
 0.5757576    0.1954998779E+001    0.3266601563E-001
 0.5858586    0.1959094238E+001    0.3583374023E-001
 0.5959596    0.1962634277E+001    0.3184204102E-001
 0.6060606    0.1980047607E+001    0.2857055664E-001
 0.6161616    0.1950177002E+001    0.4306640625E-001
 0.6262626    0.1946893311E+001    0.1899414063E-001
 0.6363636    0.1921520996E+001    0.2886352539E-001
 0.6464646    0.1922680664E+001    0.4391479492E-001
 0.6565657    0.1945458984E+001    0.3783569336E-001
 0.6666667    0.1955603027E+001    0.1875000000E-001
 0.6767677    0.1953723145E+001    0.4603271484E-001
 0.6868687    0.1987939453E+001    0.2074584961E-001
 0.6969697    0.1941839600E+001    0.2902221680E-001
 0.7070707    0.1949371338E+001    0.2536010742E-001
 0.7171717    0.1944842529E+001    0.3074951172E-001
 0.7272727    0.1955004883E+001    0.3302001953E-001
 0.7373737    0.1950799561E+001    0.1863403320E-001
 0.7474747    0.1939245605E+001    0.1381835938E-001
 0.7575758    0.1941613770E+001    0.1224975586E-001
 0.7676768    0.1951538086E+001    0.3341674805E-001
 0.7777778    0.1935620117E+001    0.8038330078E-002
 0.7878788    0.1960607910E+001    0.4041748047E-001
 0.7979798    0.1967950439E+001    0.3161621094E-001
 0.8080808    0.1964166260E+001    0.4615478516E-001
 0.8181818    0.1934027100E+001    0.4132080078E-002
 0.8282828    0.1936413574E+001    0.5761718750E-002
 0.8383838    0.1951031494E+001    0.2366333008E-001
 0.8484848    0.1926550293E+001    0.0000000000E+000
 0.8585859    0.1938818359E+001    0.1775512695E-001
 0.8686869    0.1964923096E+001    0.2824707031E-001
 0.8787879    0.1947369385E+001    0.3353881836E-001
 0.8888889    0.1937359619E+001    0.1365356445E-001
 0.8989899    0.1951501465E+001    0.2957153320E-001
 0.9090909    0.1940014648E+001    0.1078491211E-001
 0.9191919    0.1964312744E+001    0.3148803711E-001
 0.9292929    0.1966510010E+001    0.2651977539E-001
 0.9393939    0.1972967529E+001    0.3404541016E-001
 0.9494949    0.1948590088E+001    0.1551513672E-001
 0.9595960    0.1952838135E+001    0.2583007813E-001
 0.9696970    0.1972094727E+001    0.4666137695E-001
 0.9797980    0.1969537354E+001    0.5742797852E-001
 0.9898990    0.1964593506E+001    0.3632202148E-001
 1.0000000    0.1964117432E+001    0.3918457031E-001


