#   100 bins for weightfunction of cd                      
 0.0000000    0.3265765381E+001    0.1729194641E+001
 0.0101010    0.3229202271E+001    0.1712774658E+001
 0.0202020    0.3293157959E+001    0.1737452698E+001
 0.0303030    0.3299871826E+001    0.1743963623E+001
 0.0404040    0.3350064087E+001    0.1738504028E+001
 0.0505051    0.3422897339E+001    0.1766789246E+001
 0.0606061    0.3441979980E+001    0.1724147034E+001
 0.0707071    0.3521681213E+001    0.1712884521E+001
 0.0808081    0.3630729675E+001    0.1734405518E+001
 0.0909091    0.3682217407E+001    0.1726792908E+001
 0.1010101    0.3800823975E+001    0.1730126953E+001
 0.1111111    0.3865350342E+001    0.1726939392E+001
 0.1212121    0.3932223511E+001    0.1724096680E+001
 0.1313131    0.3926606750E+001    0.1738031006E+001
 0.1414141    0.4014299011E+001    0.1729409790E+001
 0.1515152    0.4011305237E+001    0.1703147888E+001
 0.1616162    0.4015953064E+001    0.1716346741E+001
 0.1717172    0.4033572388E+001    0.1683786011E+001
 0.1818182    0.4043916321E+001    0.1671018982E+001
 0.1919192    0.4009597778E+001    0.1685499573E+001
 0.2020202    0.3985540771E+001    0.1661146545E+001
 0.2121212    0.3912422180E+001    0.1646351624E+001
 0.2222222    0.3893566895E+001    0.1634870911E+001
 0.2323232    0.3821246338E+001    0.1634625244E+001
 0.2424242    0.3787178040E+001    0.1635775757E+001
 0.2525253    0.3687422180E+001    0.1583741760E+001
 0.2626263    0.3632261658E+001    0.1584526062E+001
 0.2727273    0.3547662354E+001    0.1572615051E+001
 0.2828283    0.3495980835E+001    0.1549951172E+001
 0.2929293    0.3374630737E+001    0.1547460938E+001
 0.3030303    0.3336512756E+001    0.1533644104E+001
 0.3131313    0.3248690796E+001    0.1518717957E+001
 0.3232323    0.3126287842E+001    0.1478248596E+001
 0.3333333    0.3040141296E+001    0.1474272156E+001
 0.3434343    0.2976924133E+001    0.1465795898E+001
 0.3535354    0.2847869873E+001    0.1412731934E+001
 0.3636364    0.2748356628E+001    0.1421778870E+001
 0.3737374    0.2666761780E+001    0.1397969055E+001
 0.3838384    0.2560104370E+001    0.1383226013E+001
 0.3939394    0.2476765442E+001    0.1380088806E+001
 0.4040404    0.2345568848E+001    0.1341841125E+001
 0.4141414    0.2252703857E+001    0.1308143616E+001
 0.4242424    0.2164453125E+001    0.1290985107E+001
 0.4343434    0.2042301941E+001    0.1278646851E+001
 0.4444444    0.1925425720E+001    0.1295999146E+001
 0.4545455    0.1817770386E+001    0.1219853210E+001
 0.4646465    0.1710029602E+001    0.1243621826E+001
 0.4747475    0.1598532104E+001    0.1222219849E+001
 0.4848485    0.1476612854E+001    0.1181420898E+001
 0.4949495    0.1395593262E+001    0.1171647644E+001
 0.5050505    0.1309802246E+001    0.1164179993E+001
 0.5151515    0.1296453857E+001    0.1131472778E+001
 0.5252525    0.1338122559E+001    0.1152401733E+001
 0.5353535    0.1295727539E+001    0.1143147278E+001
 0.5454545    0.1273377991E+001    0.1148657227E+001
 0.5555556    0.1306681824E+001    0.1159503174E+001
 0.5656566    0.1273934937E+001    0.1142449951E+001
 0.5757576    0.1259008789E+001    0.1116665649E+001
 0.5858586    0.1258045959E+001    0.1136975098E+001
 0.5959596    0.1251591492E+001    0.1134736633E+001
 0.6060606    0.1250991821E+001    0.1139929199E+001
 0.6161616    0.1226550293E+001    0.1136544800E+001
 0.6262626    0.1234277344E+001    0.1122055054E+001
 0.6363636    0.1224139404E+001    0.1107423401E+001
 0.6464646    0.1202975464E+001    0.1128883362E+001
 0.6565657    0.1193690491E+001    0.1130184937E+001
 0.6666667    0.1162518311E+001    0.1144683838E+001
 0.6767677    0.1111865234E+001    0.1140228271E+001
 0.6868687    0.1142395020E+001    0.1114184570E+001
 0.6969697    0.1099526978E+001    0.1114961243E+001
 0.7070707    0.1072164917E+001    0.1129962158E+001
 0.7171717    0.1062884521E+001    0.1116073608E+001
 0.7272727    0.1029898071E+001    0.1109864807E+001
 0.7373737    0.1003862000E+001    0.1096638489E+001
 0.7474747    0.9721420288E+000    0.1094917297E+001
 0.7575758    0.9462310791E+000    0.1100729370E+001
 0.7676768    0.9325592041E+000    0.1123326111E+001
 0.7777778    0.8689834595E+000    0.1089930725E+001
 0.7878788    0.8491897583E+000    0.1093995667E+001
 0.7979798    0.8042907715E+000    0.1068321228E+001
 0.8080808    0.7890243530E+000    0.1082595825E+001
 0.8181818    0.7388977051E+000    0.1070022583E+001
 0.8282828    0.7354858398E+000    0.1081089783E+001
 0.8383838    0.6721160889E+000    0.1052317810E+001
 0.8484848    0.6436187744E+000    0.1056217957E+001
 0.8585859    0.6215530396E+000    0.1052256775E+001
 0.8686869    0.5478118896E+000    0.1038729858E+001
 0.8787879    0.5395507813E+000    0.1047471619E+001
 0.8888889    0.4983230591E+000    0.1057557678E+001
 0.8989899    0.4434997559E+000    0.1041885376E+001
 0.9090909    0.3961227417E+000    0.1029493713E+001
 0.9191919    0.3715423584E+000    0.1038073730E+001
 0.9292929    0.3030532837E+000    0.1019427490E+001
 0.9393939    0.2682830811E+000    0.1028375244E+001
 0.9494949    0.2255432129E+000    0.1015977478E+001
 0.9595960    0.1889083862E+000    0.1017243958E+001
 0.9696970    0.1183685303E+000    0.9933868408E+000
 0.9797980    0.8391418457E-001    0.1000643921E+001
 0.9898990    0.5699005127E-001    0.1019378662E+001
 1.0000000    0.0000000000E+000    0.9910202026E+000


#   100 bins for weightfunction of Ar                      
 0.0000000    0.1829193115E+001    0.2875091553E+000
 0.0101010    0.1797239685E+001    0.2763610840E+000
 0.0202020    0.1811804199E+001    0.2787582397E+000
 0.0303030    0.1827215576E+001    0.2804824829E+000
 0.0404040    0.1869273376E+001    0.2912551880E+000
 0.0505051    0.1886959839E+001    0.2649749756E+000
 0.0606061    0.1969920349E+001    0.2903442383E+000
 0.0707071    0.2024894714E+001    0.3047485352E+000
 0.0808081    0.2097406006E+001    0.3024520874E+000
 0.0909091    0.2185981750E+001    0.3116378784E+000
 0.1010101    0.2230758667E+001    0.2882995605E+000
 0.1111111    0.2337966919E+001    0.2967483521E+000
 0.1212121    0.2423591614E+001    0.3251235962E+000
 0.1313131    0.2507257080E+001    0.3021331787E+000
 0.1414141    0.2554692078E+001    0.2968963623E+000
 0.1515152    0.2624220276E+001    0.3152374268E+000
 0.1616162    0.2682897949E+001    0.2988891602E+000
 0.1717172    0.2724414063E+001    0.3001266479E+000
 0.1818182    0.2739334106E+001    0.3048828125E+000
 0.1919192    0.2758238220E+001    0.2709854126E+000
 0.2020202    0.2817575073E+001    0.2886947632E+000
 0.2121212    0.2796865845E+001    0.2762588501E+000
 0.2222222    0.2786254883E+001    0.2645111084E+000
 0.2323232    0.2784187317E+001    0.2879287720E+000
 0.2424242    0.2783100891E+001    0.2765243530E+000
 0.2525253    0.2749288940E+001    0.2486892700E+000
 0.2626263    0.2702726746E+001    0.2297851563E+000
 0.2727273    0.2684899902E+001    0.2545501709E+000
 0.2828283    0.2656465149E+001    0.2277496338E+000
 0.2929293    0.2604190063E+001    0.2271911621E+000
 0.3030303    0.2586123657E+001    0.2285552979E+000
 0.3131313    0.2575178528E+001    0.2157836914E+000
 0.3232323    0.2497381592E+001    0.2236907959E+000
 0.3333333    0.2467521667E+001    0.2021697998E+000
 0.3434343    0.2416493225E+001    0.1786163330E+000
 0.3535354    0.2362016296E+001    0.1861282349E+000
 0.3636364    0.2304656982E+001    0.1619537354E+000
 0.3737374    0.2262246704E+001    0.1612548828E+000
 0.3838384    0.2220037842E+001    0.1488006592E+000
 0.3939394    0.2172366333E+001    0.1275009155E+000
 0.4040404    0.2078071594E+001    0.1237686157E+000
 0.4141414    0.2061088562E+001    0.1197601318E+000
 0.4242424    0.2003228760E+001    0.9281768799E-001
 0.4343434    0.1970304871E+001    0.7567901611E-001
 0.4444444    0.1873359680E+001    0.5819702148E-001
 0.4545455    0.1796232605E+001    0.8576202393E-001
 0.4646465    0.1745748901E+001    0.5794677734E-001
 0.4747475    0.1687617493E+001    0.5785675049E-001
 0.4848485    0.1627220154E+001    0.3989868164E-001
 0.4949495    0.1560636902E+001    0.5688934326E-001
 0.5050505    0.1540873718E+001    0.1912536621E-001
 0.5151515    0.1542204285E+001    0.2161712646E-001
 0.5252525    0.1556611633E+001    0.8831787109E-002
 0.5353535    0.1540414429E+001    0.4357757568E-001
 0.5454545    0.1537088013E+001    0.2775421143E-001
 0.5555556    0.1553698730E+001    0.1766967773E-002
 0.5656566    0.1528541565E+001    0.9017944336E-003
 0.5757576    0.1527749634E+001    0.4608917236E-001
 0.5858586    0.1533859253E+001    0.3781890869E-001
 0.5959596    0.1524111938E+001    0.3009185791E-001
 0.6060606    0.1529794312E+001    0.3181762695E-001
 0.6161616    0.1517585754E+001    0.8515930176E-002
 0.6262626    0.1527674866E+001    0.2718353271E-001
 0.6363636    0.1527090454E+001    0.2796783447E-001
 0.6464646    0.1559471130E+001    0.4882965088E-001
 0.6565657    0.1539195251E+001    0.9542846680E-002
 0.6666667    0.1543646240E+001    0.1484527588E-001
 0.6767677    0.1518139648E+001    0.5429687500E-001
 0.6868687    0.1525804138E+001    0.3345031738E-001
 0.6969697    0.1511579895E+001    0.0000000000E+000
 0.7070707    0.1513890076E+001    0.1625823975E-001
 0.7171717    0.1519612122E+001    0.2768402100E-001
 0.7272727    0.1526722717E+001    0.3370361328E-001
 0.7373737    0.1522209167E+001    0.3319091797E-001
 0.7474747    0.1517242432E+001    0.4157562256E-001
 0.7575758    0.1513507080E+001    0.2888183594E-001
 0.7676768    0.1510791016E+001    0.2988586426E-001
 0.7777778    0.1514897156E+001    0.3010253906E-001
 0.7878788    0.1507971191E+001    0.1467895508E-001
 0.7979798    0.1521884155E+001    0.4232025146E-001
 0.8080808    0.1509437561E+001    0.2752838135E-001
 0.8181818    0.1518070984E+001    0.3038787842E-001
 0.8282828    0.1512031555E+001    0.3200378418E-001
 0.8383838    0.1505349731E+001    0.2029113770E-001
 0.8484848    0.1509555054E+001    0.2168884277E-001
 0.8585859    0.1514721680E+001    0.3030548096E-001
 0.8686869    0.1499409485E+001    0.2649078369E-001
 0.8787879    0.1524154663E+001    0.3333892822E-001
 0.8888889    0.1526062012E+001    0.3693542480E-001
 0.8989899    0.1515975952E+001    0.3422241211E-001
 0.9090909    0.1554544067E+001    0.4490966797E-001
 0.9191919    0.1521000671E+001    0.4609375000E-001
 0.9292929    0.1519195557E+001    0.4271850586E-001
 0.9393939    0.1518424988E+001    0.2912292480E-001
 0.9494949    0.1509616089E+001    0.2873077393E-001
 0.9595960    0.1527116394E+001    0.4353942871E-001
 0.9696970    0.1498617554E+001    0.8616638184E-002
 0.9797980    0.1520811462E+001    0.4275360107E-001
 0.9898990    0.1495610046E+001    0.2483367920E-001
 1.0000000    0.1521655273E+001    0.3074035645E-001


