 0.0000000   0.1543993728E+000   0.1044860492E+001   0.5614600268E+000   0.1001189597E+001
 0.0101010   0.1525476688E+000   0.1032302754E+001   0.5546869079E+000   0.9844351566E+000
 0.0202020   0.1516983829E+000   0.1087602585E+001   0.5624618149E+000   0.1035121801E+001
 0.0303030   0.1453298960E+000   0.1032280952E+001   0.5553870693E+000   0.9934979779E+000
 0.0404040   0.1381119575E+000   0.1027842140E+001   0.5521804057E+000   0.9970686264E+000
 0.0505051   0.1302342510E+000   0.1037572207E+001   0.5522319919E+000   0.1008032726E+001
 0.0606061   0.1206291625E+000   0.1005748370E+001   0.5426711334E+000   0.9785619920E+000
 0.0707071   0.1129418328E+000   0.1036039553E+001   0.5474633231E+000   0.1013701591E+001
 0.0808081   0.1042645820E+000   0.1000077766E+001   0.5488701728E+000   0.1002663869E+001
 0.0909091   0.9551377520E-001   0.1026359630E+001   0.5427610963E+000   0.9922500915E+000
 0.1010101   0.8993401216E-001   0.1043186127E+001   0.5471821601E+000   0.1014969723E+001
 0.1111111   0.8346942262E-001   0.1027970770E+001   0.5532207293E+000   0.1009304539E+001
 0.1212121   0.7783237882E-001   0.1018966697E+001   0.5532451943E+000   0.9983680480E+000
 0.1313131   0.7460061060E-001   0.1000773238E+001   0.5546227784E+000   0.9955777886E+000
 0.1414141   0.7290221156E-001   0.1018447819E+001   0.5640605216E+000   0.1010392299E+001
 0.1515152   0.7117312479E-001   0.1025036271E+001   0.5669288561E+000   0.1024862628E+001
 0.1616162   0.7000907169E-001   0.1004058744E+001   0.5699530047E+000   0.9933636184E+000
 0.1717172   0.7025681763E-001   0.9925474839E+000   0.5829518893E+000   0.1011169007E+001
 0.1818182   0.7085858084E-001   0.9924253948E+000   0.5881258811E+000   0.9830915621E+000
 0.1919192   0.7275278053E-001   0.9900206751E+000   0.5832834941E+000   0.9783503298E+000
 0.2020202   0.7536975625E-001   0.1013501029E+001   0.6087605415E+000   0.9925261725E+000
 0.2121212   0.7823069749E-001   0.1005652443E+001   0.6153126421E+000   0.1006552931E+001
 0.2222222   0.8342075659E-001   0.1007331168E+001   0.6237359059E+000   0.9828486107E+000
 0.2323232   0.8686991759E-001   0.9875592713E+000   0.6367368040E+000   0.9948084427E+000
 0.2424242   0.9265091228E-001   0.9880323666E+000   0.6495551586E+000   0.9866695728E+000
 0.2525253   0.9870181712E-001   0.9915620503E+000   0.6587702878E+000   0.1015599188E+001
 0.2626263   0.1063616251E+000   0.1014104934E+001   0.6726954097E+000   0.9966545048E+000
 0.2727273   0.1155758480E+000   0.9953947766E+000   0.6874434466E+000   0.9928685131E+000
 0.2828283   0.1247056639E+000   0.1005582678E+001   0.6975891011E+000   0.9839198053E+000
 0.2929293   0.1320623845E+000   0.9689101582E+000   0.7074352857E+000   0.9700329275E+000
 0.3030303   0.1457074640E+000   0.9728497125E+000   0.7364411861E+000   0.9854327296E+000
 0.3131313   0.1596006868E+000   0.9898680637E+000   0.7459577752E+000   0.1010848753E+001
 0.3232323   0.1725459732E+000   0.9953337320E+000   0.7739477893E+000   0.9918985482E+000
 0.3333333   0.1883646505E+000   0.9857475559E+000   0.7848391437E+000   0.9836529269E+000
 0.3434343   0.2080926858E+000   0.9913745563E+000   0.7972497138E+000   0.9656818898E+000
 0.3535354   0.2283782254E+000   0.1002318974E+001   0.8255883156E+000   0.1002685956E+001
 0.3636364   0.2516491772E+000   0.1005872639E+001   0.8401745250E+000   0.1002328891E+001
 0.3737374   0.2743776962E+000   0.9783284617E+000   0.8601185539E+000   0.9960324021E+000
 0.3838384   0.3078684622E+000   0.9925147814E+000   0.8787545800E+000   0.9967483724E+000
 0.3939394   0.3387202711E+000   0.1001930905E+001   0.9010224845E+000   0.1005721007E+001
 0.4040404   0.3777402722E+000   0.1012373885E+001   0.9281615325E+000   0.1004590915E+001
 0.4141414   0.4165896238E+000   0.9621821756E+000   0.9398406981E+000   0.9828136405E+000
 0.4242424   0.4662820291E+000   0.9935917819E+000   0.9826676650E+000   0.1022830671E+001
 0.4343434   0.5220686516E+000   0.9924798988E+000   0.9909943083E+000   0.9843670566E+000
 0.4444444   0.5712323538E+000   0.1021371417E+001   0.1027794948E+001   0.1013442074E+001
 0.4545455   0.6357317923E+000   0.9777092955E+000   0.1063954762E+001   0.1011695402E+001
 0.4646465   0.7180798833E+000   0.1001335720E+001   0.1093750620E+001   0.1002724607E+001
 0.4747475   0.7992569826E+000   0.1004540560E+001   0.1112672006E+001   0.9839492539E+000
 0.4848485   0.8767761679E+000   0.9727908481E+000   0.1144175454E+001   0.9915856564E+000
 0.4949495   0.9916136190E+000   0.9837396259E+000   0.1183353272E+001   0.9984674372E+000
 0.5050505   0.1042186920E+001   0.9882525631E+000   0.1187691324E+001   0.9839271675E+000
 0.5151515   0.1039266842E+001   0.9704864159E+000   0.1199760852E+001   0.1002082259E+001
 0.5252525   0.1054484134E+001   0.9832447290E+000   0.1192600099E+001   0.9983625264E+000
 0.5353535   0.1062792476E+001   0.9989288206E+000   0.1197180882E+001   0.1005801991E+001
 0.5454545   0.1061321826E+001   0.1006899496E+001   0.1198119584E+001   0.9999619560E+000
 0.5555556   0.1079936085E+001   0.9969950161E+000   0.1203922440E+001   0.9962845562E+000
 0.5656566   0.1090972127E+001   0.1010658097E+001   0.1204860412E+001   0.1001574269E+001
 0.5757576   0.1093015641E+001   0.1005074700E+001   0.1209347581E+001   0.1003760832E+001
 0.5858586   0.1098526801E+001   0.9979215853E+000   0.1198364142E+001   0.9959992724E+000
 0.5959596   0.1099678840E+001   0.9819061090E+000   0.1206749964E+001   0.1004793375E+001
 0.6060606   0.1122274701E+001   0.9942807134E+000   0.1205114506E+001   0.9929844671E+000
 0.6161616   0.1134547992E+001   0.9893971486E+000   0.1215813330E+001   0.1019635493E+001
 0.6262626   0.1145329129E+001   0.9846247721E+000   0.1203218312E+001   0.1010037075E+001
 0.6363636   0.1152412328E+001   0.9905024911E+000   0.1217781073E+001   0.1018740990E+001
 0.6464646   0.1168414873E+001   0.9724638236E+000   0.1208478413E+001   0.1001835626E+001
 0.6565657   0.1181639160E+001   0.9985690937E+000   0.1219800029E+001   0.1016858118E+001
 0.6666667   0.1217406716E+001   0.9919479391E+000   0.1226360889E+001   0.9885782132E+000
 0.6767677   0.1247660231E+001   0.9975749394E+000   0.1220916068E+001   0.9978011615E+000
 0.6868687   0.1262622528E+001   0.9725684714E+000   0.1227457651E+001   0.9796552730E+000
 0.6969697   0.1302027772E+001   0.1001810996E+001   0.1242401589E+001   0.9967262859E+000
 0.7070707   0.1318335282E+001   0.9934086482E+000   0.1233122421E+001   0.9990619317E+000
 0.7171717   0.1349903345E+001   0.9864691898E+000   0.1234289350E+001   0.9968735291E+000
 0.7272727   0.1382770963E+001   0.1000212937E+001   0.1246770042E+001   0.1011954918E+001
 0.7373737   0.1412613744E+001   0.9880977715E+000   0.1249803438E+001   0.1007822904E+001
 0.7474747   0.1438458065E+001   0.9803211306E+000   0.1255372768E+001   0.1000361353E+001
 0.7575758   0.1490931412E+001   0.9832905124E+000   0.1258501301E+001   0.1004134461E+001
 0.7676768   0.1532981937E+001   0.9912415663E+000   0.1263658817E+001   0.9879248214E+000
 0.7777778   0.1571864827E+001   0.1002196885E+001   0.1254786974E+001   0.1004839388E+001
 0.7878788   0.1625808475E+001   0.9968489452E+000   0.1270436051E+001   0.9979447237E+000
 0.7979798   0.1674323931E+001   0.9929813363E+000   0.1269200536E+001   0.1002396991E+001
 0.8080808   0.1717244794E+001   0.9927393382E+000   0.1269258003E+001   0.9877536511E+000
 0.8181818   0.1758813439E+001   0.9848275272E+000   0.1277356638E+001   0.9890088997E+000
 0.8282828   0.1834752498E+001   0.9908011734E+000   0.1289089371E+001   0.1005439404E+001
 0.8383838   0.1909789106E+001   0.1004651748E+001   0.1301054505E+001   0.1007973829E+001
 0.8484848   0.1963780061E+001   0.9987478671E+000   0.1308956044E+001   0.1018687615E+001
 0.8585859   0.2042485177E+001   0.9825994008E+000   0.1294347136E+001   0.9862370457E+000
 0.8686869   0.2131876883E+001   0.1002752826E+001   0.1319338177E+001   0.1009795964E+001
 0.8787879   0.2211235030E+001   0.9910845946E+000   0.1320932281E+001   0.9894285429E+000
 0.8888889   0.2303519209E+001   0.9989135594E+000   0.1336385945E+001   0.1007046196E+001
 0.8989899   0.2404065980E+001   0.1018053209E+001   0.1343310284E+001   0.1016714555E+001
 0.9090909   0.2472388954E+001   0.9924711782E+000   0.1349727934E+001   0.1009865904E+001
 0.9191919   0.2571871451E+001   0.9980480348E+000   0.1345359912E+001   0.1004883561E+001
 0.9292929   0.2700002338E+001   0.9938882841E+000   0.1367051910E+001   0.1006911837E+001
 0.9393939   0.2838194989E+001   0.9909516047E+000   0.1382496273E+001   0.1002293921E+001
 0.9494949   0.2992985067E+001   0.1021700622E+001   0.1390552841E+001   0.1010232172E+001
 0.9595960   0.3094565425E+001   0.1019511738E+001   0.1391902994E+001   0.1037821873E+001
 0.9696970   0.3284169733E+001   0.1022398274E+001   0.1407575326E+001   0.1014012642E+001
 0.9797980   0.3387048049E+001   0.9975531378E+000   0.1408869012E+001   0.1006841896E+001
 0.9898990   0.3581956341E+001   0.9982682312E+000   0.1406319980E+001   0.9816835486E+000
 1.0000000   0.3640660434E+001   0.9908556775E+000   0.1414992230E+001   0.9926991833E+000


 0.0000000   0.1018401821E+001   0.1048782419E+001   0.7993130089E+000   0.9828918937E+000
 0.0101010   0.1029542181E+001   0.1054414748E+001   0.8078161443E+000   0.9869871860E+000
 0.0202020   0.1013603432E+001   0.1060084864E+001   0.8047895257E+000   0.9928539051E+000
 0.0303030   0.9882222990E+000   0.1038849159E+001   0.8015159206E+000   0.9854639039E+000
 0.0404040   0.9615901064E+000   0.1044725986E+001   0.8005252184E+000   0.9834696903E+000
 0.0505051   0.9134971967E+000   0.1040816251E+001   0.7926384781E+000   0.9718286272E+000
 0.0606061   0.8749323188E+000   0.1052961101E+001   0.7972508103E+000   0.9984616119E+000
 0.0707071   0.8320485281E+000   0.1069177942E+001   0.7926134147E+000   0.9956650036E+000
 0.0808081   0.7749451136E+000   0.1033372419E+001   0.7926577398E+000   0.9807038737E+000
 0.0909091   0.7155668025E+000   0.1023363587E+001   0.7912935125E+000   0.9851885901E+000
 0.1010101   0.6666650348E+000   0.1030045032E+001   0.7795148978E+000   0.9795247338E+000
 0.1111111   0.6076156312E+000   0.1024870580E+001   0.7700391598E+000   0.9862717324E+000
 0.1212121   0.5737085146E+000   0.1015435205E+001   0.7809607207E+000   0.9965307929E+000
 0.1313131   0.5234263081E+000   0.9948107442E+000   0.7721462243E+000   0.9613612701E+000
 0.1414141   0.4893826819E+000   0.9836261026E+000   0.7641742452E+000   0.9700753132E+000
 0.1515152   0.4642197605E+000   0.9987649328E+000   0.7785040330E+000   0.9785067974E+000
 0.1616162   0.4368161774E+000   0.9902430895E+000   0.7752093784E+000   0.9863387496E+000
 0.1717172   0.4180077406E+000   0.9885627260E+000   0.7748151386E+000   0.9695717788E+000
 0.1818182   0.4177421932E+000   0.9952730664E+000   0.7868048421E+000   0.9855943157E+000
 0.1919192   0.3987477144E+000   0.9997807081E+000   0.7767191143E+000   0.9655036556E+000
 0.2020202   0.3900293512E+000   0.9707699883E+000   0.7979975282E+000   0.1006030929E+001
 0.2121212   0.3945370373E+000   0.9815789931E+000   0.8048441863E+000   0.1003969699E+001
 0.2222222   0.3944302140E+000   0.9848819298E+000   0.8003796152E+000   0.9668476215E+000
 0.2323232   0.4044658394E+000   0.9780826813E+000   0.8063181910E+000   0.9595572404E+000
 0.2424242   0.4102557572E+000   0.1009322772E+001   0.8180216628E+000   0.9822090431E+000
 0.2525253   0.4170424490E+000   0.9525193739E+000   0.8334679028E+000   0.9942214175E+000
 0.2626263   0.4287004478E+000   0.9921901773E+000   0.8362966273E+000   0.1011680295E+001
 0.2727273   0.4375718818E+000   0.9594453165E+000   0.8403881456E+000   0.9639441480E+000
 0.2828283   0.4498655015E+000   0.9764067632E+000   0.8512919905E+000   0.1005847991E+001
 0.2929293   0.4628325608E+000   0.9760778031E+000   0.8597126784E+000   0.9812871042E+000
 0.3030303   0.4806318441E+000   0.9766779330E+000   0.8700393539E+000   0.9991172933E+000
 0.3131313   0.5045958703E+000   0.9911677339E+000   0.8847900878E+000   0.1003957020E+001
 0.3232323   0.5199626789E+000   0.9919745751E+000   0.8929644716E+000   0.9856178622E+000
 0.3333333   0.5507753677E+000   0.9815389845E+000   0.9041319034E+000   0.9995121512E+000
 0.3434343   0.5760328351E+000   0.9980870084E+000   0.9022123537E+000   0.1007536099E+001
 0.3535354   0.5896682199E+000   0.9620347655E+000   0.9242069317E+000   0.1001515421E+001
 0.3636364   0.6340288670E+000   0.9980558906E+000   0.9499750033E+000   0.1006788042E+001
 0.3737374   0.6581126027E+000   0.9887516557E+000   0.9694642381E+000   0.1020443243E+001
 0.3838384   0.6940573519E+000   0.9935793667E+000   0.9597221558E+000   0.9854983181E+000
 0.3939394   0.7269120604E+000   0.9653199205E+000   0.9787236955E+000   0.1020329133E+001
 0.4040404   0.7640255054E+000   0.9904431327E+000   0.9947864356E+000   0.1025918727E+001
 0.4141414   0.8100155726E+000   0.1004059411E+001   0.9971512286E+000   0.1004281238E+001
 0.4242424   0.8546636359E+000   0.1001427731E+001   0.1007253824E+001   0.1010490288E+001
 0.4343434   0.9020253484E+000   0.9622125817E+000   0.1037237832E+001   0.1006753628E+001
 0.4444444   0.9596514221E+000   0.9987471512E+000   0.1039211509E+001   0.1000216737E+001
 0.4545455   0.9911972123E+000   0.9818590537E+000   0.1062862879E+001   0.1015348127E+001
 0.4646465   0.1066500659E+001   0.9863978133E+000   0.1077784597E+001   0.1015270242E+001
 0.4747475   0.1142128384E+001   0.9814256266E+000   0.1094203175E+001   0.1011457509E+001
 0.4848485   0.1205538646E+001   0.9986804701E+000   0.1104349420E+001   0.9886137108E+000
 0.4949495   0.1276375479E+001   0.9768668627E+000   0.1126275363E+001   0.1015541933E+001
 0.5050505   0.1296996656E+001   0.9679204831E+000   0.1124364172E+001   0.1019267726E+001
 0.5151515   0.1317808562E+001   0.1008155853E+001   0.1119709331E+001   0.9890502280E+000
 0.5252525   0.1327974117E+001   0.9883426784E+000   0.1136229126E+001   0.9897149658E+000
 0.5353535   0.1324578371E+001   0.9908765598E+000   0.1137946205E+001   0.1016630509E+001
 0.5454545   0.1324171998E+001   0.1010769752E+001   0.1131891732E+001   0.1005273816E+001
 0.5555556   0.1319250448E+001   0.9810833303E+000   0.1126148688E+001   0.1012026249E+001
 0.5656566   0.1295217204E+001   0.9739595672E+000   0.1125519419E+001   0.1007179277E+001
 0.5757576   0.1308842894E+001   0.9752509576E+000   0.1123415521E+001   0.9989705801E+000
 0.5858586   0.1307868923E+001   0.9779782142E+000   0.1129263526E+001   0.1005599846E+001
 0.5959596   0.1314336164E+001   0.9957931789E+000   0.1122303334E+001   0.1014842781E+001
 0.6060606   0.1328939496E+001   0.1007962478E+001   0.1130666617E+001   0.9946561235E+000
 0.6161616   0.1332072927E+001   0.1031409772E+001   0.1132870034E+001   0.1014826480E+001
 0.6262626   0.1319260743E+001   0.9852931299E+000   0.1130588508E+001   0.1020006726E+001
 0.6363636   0.1323708634E+001   0.1026081953E+001   0.1125045162E+001   0.1000624274E+001
 0.6464646   0.1302592993E+001   0.9930925947E+000   0.1132728683E+001   0.1023708971E+001
 0.6565657   0.1313867456E+001   0.1002536860E+001   0.1119194881E+001   0.1021944790E+001
 0.6666667   0.1317412059E+001   0.1012912438E+001   0.1127932795E+001   0.1011591543E+001
 0.6767677   0.1326697593E+001   0.9867178825E+000   0.1125953247E+001   0.1024234241E+001
 0.6868687   0.1311941846E+001   0.1004939602E+001   0.1122897161E+001   0.1018492500E+001
 0.6969697   0.1296168420E+001   0.9741440515E+000   0.1128466215E+001   0.1025804616E+001
 0.7070707   0.1315412054E+001   0.9999518563E+000   0.1130153462E+001   0.1011591543E+001
 0.7171717   0.1306275113E+001   0.9879114740E+000   0.1122468525E+001   0.9927651526E+000
 0.7272727   0.1309361389E+001   0.9963110687E+000   0.1116750954E+001   0.9909448214E+000
 0.7373737   0.1320913743E+001   0.9944062122E+000   0.1127527995E+001   0.9931763120E+000
 0.7474747   0.1317531544E+001   0.1007577950E+001   0.1123127011E+001   0.1011015558E+001
 0.7575758   0.1312840961E+001   0.1010603049E+001   0.1125463713E+001   0.1014873573E+001
 0.7676768   0.1324087427E+001   0.1013859309E+001   0.1132996071E+001   0.1014676144E+001
 0.7777778   0.1311525502E+001   0.1007591287E+001   0.1123810472E+001   0.1012759815E+001
 0.7878788   0.1323530780E+001   0.1004932934E+001   0.1125781551E+001   0.1007479949E+001
 0.7979798   0.1319208897E+001   0.1004401708E+001   0.1121377752E+001   0.1001220183E+001
 0.8080808   0.1314546302E+001   0.9876847583E+000   0.1124722058E+001   0.9868603968E+000
 0.8181818   0.1324494863E+001   0.1001472185E+001   0.1127241693E+001   0.9984543668E+000
 0.8282828   0.1325170603E+001   0.1009638396E+001   0.1120990008E+001   0.1006443900E+001
 0.8383838   0.1320319842E+001   0.1005473051E+001   0.1127055847E+001   0.1004594588E+001
 0.8484848   0.1320999697E+001   0.1000209690E+001   0.1122872714E+001   0.1000345338E+001
 0.8585859   0.1324976528E+001   0.1002183450E+001   0.1118988648E+001   0.1001897600E+001
 0.8686869   0.1312899697E+001   0.1009825103E+001   0.1121169640E+001   0.1016405911E+001
 0.8787879   0.1320252194E+001   0.1010972018E+001   0.1126588242E+001   0.1016047279E+001
 0.8888889   0.1314183859E+001   0.9989160766E+000   0.1117792864E+001   0.9977697049E+000
 0.8989899   0.1315233046E+001   0.1023672543E+001   0.1117399452E+001   0.1017766179E+001
 0.9090909   0.1314669527E+001   0.1004288350E+001   0.1126177624E+001   0.1001046301E+001
 0.9191919   0.1309926388E+001   0.1009333886E+001   0.1114119888E+001   0.1011756369E+001
 0.9292929   0.1320909333E+001   0.1008226980E+001   0.1120907355E+001   0.9958569987E+000
 0.9393939   0.1312153750E+001   0.9960376762E+000   0.1121128377E+001   0.1002930027E+001
 0.9494949   0.1310896598E+001   0.9952063853E+000   0.1121271380E+001   0.1009168057E+001
 0.9595960   0.1303322913E+001   0.9969111985E+000   0.1122124151E+001   0.9926347408E+000
 0.9696970   0.1314096150E+001   0.1015446319E+001   0.1123153758E+001   0.1023864741E+001
 0.9797980   0.1299979231E+001   0.9850886412E+000   0.1117129050E+001   0.9910716107E+000
 0.9898990   0.1306130816E+001   0.1012338980E+001   0.1116754707E+001   0.1011589732E+001
 1.0000000   0.1329131591E+001   0.1005762002E+001   0.1124454167E+001   0.1005951233E+001


