 0.0000000   0.1387623480E+000   0.9898289942E+000   0.7196034606E+000   0.9966480235E+000
 0.0101010   0.1394847276E+000   0.1009878294E+001   0.7207993120E+000   0.1021926917E+001
 0.0202020   0.1372347476E+000   0.1010620419E+001   0.7267104673E+000   0.1032101352E+001
 0.0303030   0.1327348820E+000   0.1006165682E+001   0.7237897471E+000   0.1014347655E+001
 0.0404040   0.1258486557E+000   0.9983425355E+000   0.7214485991E+000   0.1008071985E+001
 0.0505051   0.1175291995E+000   0.1007516627E+001   0.7163221245E+000   0.1007611422E+001
 0.0606061   0.1085547960E+000   0.9650543703E+000   0.7205378543E+000   0.1005795202E+001
 0.0707071   0.1016275569E+000   0.9965021462E+000   0.7228118856E+000   0.9923527742E+000
 0.0808081   0.9206830270E-001   0.9827997020E+000   0.7222947970E+000   0.1021900886E+001
 0.0909091   0.8468550085E-001   0.1002570457E+001   0.7258326473E+000   0.1017195135E+001
 0.1010101   0.7580449088E-001   0.9923816639E+000   0.7221345042E+000   0.1013568703E+001
 0.1111111   0.7043086010E-001   0.9562503459E+000   0.7189728888E+000   0.1003103913E+001
 0.1212121   0.6472016037E-001   0.9908814979E+000   0.7204354938E+000   0.1011400052E+001
 0.1313131   0.6192938430E-001   0.9886252802E+000   0.7293636634E+000   0.1022025037E+001
 0.1414141   0.5900793752E-001   0.1008175188E+001   0.7298991609E+000   0.1034268000E+001
 0.1515152   0.5688063859E-001   0.9718946495E+000   0.7307997768E+000   0.1000801099E+001
 0.1616162   0.5620069462E-001   0.9760867578E+000   0.7436111595E+000   0.1007232960E+001
 0.1717172   0.5630958458E-001   0.1021030059E+001   0.7453594945E+000   0.9878312483E+000
 0.1818182   0.5715910669E-001   0.9907680901E+000   0.7569932134E+000   0.1024602187E+001
 0.1919192   0.5740602393E-001   0.1009868346E+001   0.7615797455E+000   0.1016125828E+001
 0.2020202   0.5996805308E-001   0.1021332479E+001   0.7670112071E+000   0.1013586725E+001
 0.2121212   0.6252513458E-001   0.9850419925E+000   0.7720811139E+000   0.1018334527E+001
 0.2222222   0.6550229340E-001   0.1029871885E+001   0.7800934587E+000   0.1016221945E+001
 0.2323232   0.6937684485E-001   0.1002874867E+001   0.7912146292E+000   0.9979496142E+000
 0.2424242   0.7365322483E-001   0.9968503280E+000   0.8031105852E+000   0.1009844151E+001
 0.2525253   0.7934811955E-001   0.1018256542E+001   0.8061359794E+000   0.1019531990E+001
 0.2626263   0.8597170377E-001   0.1007811090E+001   0.8167797901E+000   0.1007010688E+001
 0.2727273   0.9194529104E-001   0.1018232667E+001   0.8277375460E+000   0.9946375665E+000
 0.2828283   0.9940388684E-001   0.1009016793E+001   0.8329264307E+000   0.1031426527E+001
 0.2929293   0.1084211104E+000   0.9938221415E+000   0.8304434960E+000   0.9856706078E+000
 0.3030303   0.1199346609E+000   0.1032886145E+001   0.8473688466E+000   0.9962895854E+000
 0.3131313   0.1302582587E+000   0.1024464125E+001   0.8656565913E+000   0.1014103356E+001
 0.3232323   0.1446140620E+000   0.1022146230E+001   0.8749831530E+000   0.1023188459E+001
 0.3333333   0.1570631539E+000   0.9865003767E+000   0.8869389786E+000   0.9806724995E+000
 0.3434343   0.1743392064E+000   0.9963668527E+000   0.8972792350E+000   0.1017980094E+001
 0.3535354   0.1952781899E+000   0.1015902833E+001   0.8972303003E+000   0.9933419831E+000
 0.3636364   0.2147768761E+000   0.9970254136E+000   0.9179638591E+000   0.9849637439E+000
 0.3737374   0.2380295638E+000   0.1022060677E+001   0.9317027267E+000   0.1023504846E+001
 0.3838384   0.2607619215E+000   0.1037394601E+001   0.9428181448E+000   0.1014069314E+001
 0.3939394   0.2931589705E+000   0.1003730399E+001   0.9548908390E+000   0.9782755701E+000
 0.4040404   0.3259844110E+000   0.9977496317E+000   0.9732482660E+000   0.1002547233E+001
 0.4141414   0.3662122033E+000   0.9999640676E+000   0.9759763779E+000   0.1002342983E+001
 0.4242424   0.4104381606E+000   0.1024484022E+001   0.1005107768E+001   0.1009183343E+001
 0.4343434   0.4571016378E+000   0.9918683445E+000   0.1013468318E+001   0.1013162206E+001
 0.4444444   0.5132323962E+000   0.1002546581E+001   0.1019592359E+001   0.9966059721E+000
 0.4545455   0.5704772441E+000   0.9931078715E+000   0.1034025686E+001   0.9907808531E+000
 0.4646465   0.6413114762E+000   0.9842143147E+000   0.1045929843E+001   0.9734036160E+000
 0.4747475   0.7352804595E+000   0.1000288374E+001   0.1069139967E+001   0.1006788416E+001
 0.4848485   0.8217276804E+000   0.1009173972E+001   0.1092083672E+001   0.1009277458E+001
 0.4949495   0.9146833301E+000   0.1002144680E+001   0.1103444829E+001   0.9889646335E+000
 0.5050505   0.9791494010E+000   0.9939335597E+000   0.1120002062E+001   0.9884119580E+000
 0.5151515   0.9791006305E+000   0.9839656135E+000   0.1124573010E+001   0.9910611957E+000
 0.5252525   0.9820066232E+000   0.1010204590E+001   0.1109803228E+001   0.9902021458E+000
 0.5353535   0.1001251080E+001   0.1012452850E+001   0.1113556458E+001   0.9825107460E+000
 0.5454545   0.9944028452E+000   0.1007592232E+001   0.1101061991E+001   0.9927372440E+000
 0.5555556   0.9822377877E+000   0.9842441589E+000   0.1115247122E+001   0.9865296576E+000
 0.5656566   0.1006585112E+001   0.9869221740E+000   0.1115721188E+001   0.9914696949E+000
 0.5757576   0.1017192359E+001   0.1003368290E+001   0.1104372989E+001   0.9776367895E+000
 0.5858586   0.1019813694E+001   0.9960306086E+000   0.1108789474E+001   0.9977934233E+000
 0.5959596   0.1040562283E+001   0.9966672838E+000   0.1135812861E+001   0.1022635784E+001
 0.6060606   0.1056720933E+001   0.1006782461E+001   0.1122331134E+001   0.9913715750E+000
 0.6161616   0.1064070640E+001   0.9976899434E+000   0.1128304537E+001   0.9920143606E+000
 0.6262626   0.1091761704E+001   0.9963310398E+000   0.1118236688E+001   0.9975471223E+000
 0.6363636   0.1100157886E+001   0.9910148018E+000   0.1124664271E+001   0.9821583153E+000
 0.6464646   0.1117610022E+001   0.1006583500E+001   0.1116527960E+001   0.9930696503E+000
 0.6565657   0.1131698673E+001   0.9781121808E+000   0.1116481531E+001   0.9962595487E+000
 0.6666667   0.1153222653E+001   0.9759733500E+000   0.1124700501E+001   0.9884700290E+000
 0.6767677   0.1191947588E+001   0.1017572116E+001   0.1126915603E+001   0.1009960293E+001
 0.6868687   0.1219527610E+001   0.9961977359E+000   0.1135707089E+001   0.9952523178E+000
 0.6969697   0.1248857306E+001   0.9887784801E+000   0.1133846811E+001   0.9812431969E+000
 0.7070707   0.1278131100E+001   0.9985056835E+000   0.1135677226E+001   0.1004942160E+001
 0.7171717   0.1314359728E+001   0.9849723562E+000   0.1149729106E+001   0.9927192220E+000
 0.7272727   0.1359808530E+001   0.1012269806E+001   0.1140892395E+001   0.9875348861E+000
 0.7373737   0.1382215625E+001   0.9979167589E+000   0.1145865556E+001   0.1000718999E+001
 0.7474747   0.1424353675E+001   0.1006621303E+001   0.1139348688E+001   0.9951582027E+000
 0.7575758   0.1461562758E+001   0.9995721145E+000   0.1154066796E+001   0.9946355640E+000
 0.7676768   0.1519876923E+001   0.9965061254E+000   0.1166642701E+001   0.9960052379E+000
 0.7777778   0.1562602488E+001   0.1006129869E+001   0.1162198869E+001   0.1008708763E+001
 0.7878788   0.1615377682E+001   0.9964046553E+000   0.1158978026E+001   0.1005729122E+001
 0.7979798   0.1670820493E+001   0.9855911249E+000   0.1159196513E+001   0.9831715536E+000
 0.8080808   0.1723807380E+001   0.9964146034E+000   0.1167296774E+001   0.9939667466E+000
 0.8181818   0.1774698776E+001   0.9929387547E+000   0.1159374674E+001   0.9843630097E+000
 0.8282828   0.1853867055E+001   0.1008045864E+001   0.1182478643E+001   0.1012931924E+001
 0.8383838   0.1941072560E+001   0.9926263859E+000   0.1176810318E+001   0.1000478705E+001
 0.8484848   0.2017954665E+001   0.1012291691E+001   0.1183159000E+001   0.1007501287E+001
 0.8585859   0.2099578225E+001   0.9940071752E+000   0.1187967845E+001   0.9887643887E+000
 0.8686869   0.2201820101E+001   0.1024084110E+001   0.1198490291E+001   0.1007114815E+001
 0.8787879   0.2295284577E+001   0.9957102814E+000   0.1193115644E+001   0.9830233725E+000
 0.8888889   0.2401872984E+001   0.9833130214E+000   0.1204958059E+001   0.9853101673E+000
 0.8989899   0.2495297015E+001   0.1012936325E+001   0.1197438511E+001   0.9995695940E+000
 0.9090909   0.2625012643E+001   0.1028974571E+001   0.1217564342E+001   0.1010120488E+001
 0.9191919   0.2756058273E+001   0.9849325640E+000   0.1207369331E+001   0.9694367681E+000
 0.9292929   0.2876619934E+001   0.1014531992E+001   0.1216913691E+001   0.1007681508E+001
 0.9393939   0.2984551085E+001   0.9993353509E+000   0.1216363410E+001   0.9928093321E+000
 0.9494949   0.3202680733E+001   0.1013915213E+001   0.1231465389E+001   0.9994114007E+000
 0.9595960   0.3329500596E+001   0.9839496966E+000   0.1228617649E+001   0.9808226830E+000
 0.9696970   0.3537537309E+001   0.1007568357E+001   0.1241316254E+001   0.9944213022E+000
 0.9797980   0.3725660924E+001   0.9828255670E+000   0.1236723878E+001   0.9661687742E+000
 0.9898990   0.3894463310E+001   0.9684347177E+000   0.1234156324E+001   0.9574381043E+000
 1.0000000   0.4020516903E+001   0.9858855872E+000   0.1253483598E+001   0.9884359874E+000


 0.0000000   0.1124647468E+001   0.1050619923E+001   0.8856411038E+000   0.1038817380E+001
 0.0101010   0.1107815345E+001   0.9811077072E+000   0.8815338819E+000   0.9892997302E+000
 0.0202020   0.1104217292E+001   0.9790364871E+000   0.8864510980E+000   0.9936029139E+000
 0.0303030   0.1079966988E+001   0.9809982767E+000   0.8853722501E+000   0.9871951951E+000
 0.0404040   0.1056324277E+001   0.1011047880E+001   0.8946517345E+000   0.1024986720E+001
 0.0505051   0.1004722765E+001   0.9919134673E+000   0.8813642795E+000   0.1007459606E+001
 0.0606061   0.9474311687E+000   0.1012739078E+001   0.8739281803E+000   0.9887370524E+000
 0.0707071   0.8787636192E+000   0.1006324464E+001   0.8812730773E+000   0.1039844618E+001
 0.0808081   0.8282988944E+000   0.1000844982E+001   0.8897976178E+000   0.1015731571E+001
 0.0909091   0.7522165670E+000   0.9909027278E+000   0.8714379418E+000   0.9888772213E+000
 0.1010101   0.6919694933E+000   0.9893269293E+000   0.8771659392E+000   0.1011496469E+001
 0.1111111   0.6317849748E+000   0.9776934770E+000   0.8716982125E+000   0.1002799993E+001
 0.1212121   0.5746798987E+000   0.9800352887E+000   0.8662618988E+000   0.1012794032E+001
 0.1313131   0.5272284216E+000   0.9932087260E+000   0.8697316926E+000   0.9958556276E+000
 0.1414141   0.4867315056E+000   0.1000158555E+001   0.8669170468E+000   0.9955512610E+000
 0.1515152   0.4575491498E+000   0.1027750947E+001   0.8798819621E+000   0.1001396302E+001
 0.1616162   0.4210079288E+000   0.9853436607E+000   0.8694718866E+000   0.1007723924E+001
 0.1717172   0.4052002817E+000   0.1002900285E+001   0.8720172829E+000   0.1019470074E+001
 0.1818182   0.3997134788E+000   0.1012498331E+001   0.8854051518E+000   0.1019450050E+001
 0.1919192   0.3802744859E+000   0.9712072354E+000   0.8792703334E+000   0.9947643130E+000
 0.2020202   0.3732652273E+000   0.9904829128E+000   0.8773949204E+000   0.9920550494E+000
 0.2121212   0.3780486337E+000   0.1028240399E+001   0.8859037590E+000   0.1019393982E+001
 0.2222222   0.3730869102E+000   0.9710938257E+000   0.8904184983E+000   0.9908936503E+000
 0.2323232   0.3796430539E+000   0.1002961964E+001   0.8994304320E+000   0.1007041102E+001
 0.2424242   0.3887103608E+000   0.1018910956E+001   0.8984584442E+000   0.1008348677E+001
 0.2525253   0.3899549602E+000   0.1012426704E+001   0.9030900117E+000   0.1015805660E+001
 0.2626263   0.4037184325E+000   0.1010267939E+001   0.9112175966E+000   0.9828799969E+000
 0.2727273   0.4097159165E+000   0.9883301173E+000   0.9136359419E+000   0.1019405997E+001
 0.2828283   0.4236337242E+000   0.9554034879E+000   0.9166931250E+000   0.1018198542E+001
 0.2929293   0.4364639278E+000   0.9938394434E+000   0.9249559871E+000   0.1015132849E+001
 0.3030303   0.4590058037E+000   0.1015946385E+001   0.9179465623E+000   0.9929901758E+000
 0.3131313   0.4767414906E+000   0.9453040516E+000   0.9356740800E+000   0.1001842840E+001
 0.3232323   0.4926846344E+000   0.9922616551E+000   0.9352631572E+000   0.9776637133E+000
 0.3333333   0.5222242895E+000   0.1000212275E+001   0.9393820720E+000   0.1001842840E+001
 0.3434343   0.5422724471E+000   0.1007854500E+001   0.9507488779E+000   0.9900145914E+000
 0.3535354   0.5774440126E+000   0.1002424760E+001   0.9665271991E+000   0.1022966286E+001
 0.3636364   0.6019009206E+000   0.1020228100E+001   0.9645058914E+000   0.9953309956E+000
 0.3737374   0.6397621618E+000   0.1028363757E+001   0.9769094001E+000   0.1017573790E+001
 0.3838384   0.6648635776E+000   0.9724189290E+000   0.9836856039E+000   0.1029578251E+001
 0.3939394   0.7030869376E+000   0.1022008832E+001   0.9775952054E+000   0.9814262457E+000
 0.4040404   0.7408156981E+000   0.1012454559E+001   0.9927461926E+000   0.9911860025E+000
 0.4141414   0.7859706618E+000   0.1025598151E+001   0.1006391586E+001   0.1023318710E+001
 0.4242424   0.8295319007E+000   0.9599816603E+000   0.1005803947E+001   0.9908515997E+000
 0.4343434   0.8770568233E+000   0.9966587698E+000   0.1019925578E+001   0.9937410804E+000
 0.4444444   0.9368184419E+000   0.9823392972E+000   0.1025773087E+001   0.9889332888E+000
 0.4545455   0.9989685885E+000   0.1016935239E+001   0.1027135863E+001   0.9744738707E+000
 0.4646465   0.1055380237E+001   0.9985966837E+000   0.1042938409E+001   0.1001612563E+001
 0.4747475   0.1116598490E+001   0.9905943329E+000   0.1055123211E+001   0.9966505852E+000
 0.4848485   0.1196119271E+001   0.9910081790E+000   0.1063445423E+001   0.1003518859E+001
 0.4949495   0.1272758007E+001   0.1004442260E+001   0.1064671178E+001   0.1001316206E+001
 0.5050505   0.1322239384E+001   0.1012577917E+001   0.1067984205E+001   0.1024602256E+001
 0.5151515   0.1332455041E+001   0.1034171530E+001   0.1061505362E+001   0.1023799289E+001
 0.5252525   0.1312267920E+001   0.9804153109E+000   0.1066845173E+001   0.9860838563E+000
 0.5353535   0.1324563360E+001   0.1020665822E+001   0.1068038009E+001   0.9924014667E+000
 0.5454545   0.1314186890E+001   0.1014519810E+001   0.1089449140E+001   0.1009672271E+001
 0.5555556   0.1311759988E+001   0.1001821898E+001   0.1071998347E+001   0.1022385586E+001
 0.5656566   0.1308276220E+001   0.9932405603E+000   0.1078101146E+001   0.9931103206E+000
 0.5757576   0.1314563850E+001   0.9988672754E+000   0.1071472786E+001   0.9730481533E+000
 0.5858586   0.1322281784E+001   0.1037764828E+001   0.1079551514E+001   0.9823854011E+000
 0.5959596   0.1309774694E+001   0.9959285702E+000   0.1061594419E+001   0.9748923749E+000
 0.6060606   0.1328510539E+001   0.1009336786E+001   0.1078999011E+001   0.9851767636E+000
 0.6161616   0.1315275033E+001   0.1012938042E+001   0.1075858281E+001   0.1004139607E+001
 0.6262626   0.1309953784E+001   0.9849696075E+000   0.1073841427E+001   0.1010899750E+001
 0.6363636   0.1319307057E+001   0.1007078539E+001   0.1071067919E+001   0.9987431059E+000
 0.6464646   0.1299885249E+001   0.9868219667E+000   0.1076084862E+001   0.9949124915E+000
 0.6565657   0.1306270377E+001   0.9922974687E+000   0.1080505844E+001   0.1014812463E+001
 0.6666667   0.1317429053E+001   0.9910877648E+000   0.1081221265E+001   0.1022535767E+001
 0.6767677   0.1314295624E+001   0.1011879551E+001   0.1074666680E+001   0.1025437262E+001
 0.6868687   0.1314075685E+001   0.1008101216E+001   0.1078495143E+001   0.1011666674E+001
 0.6969697   0.1320733953E+001   0.1008353901E+001   0.1073232618E+001   0.1001322213E+001
 0.7070707   0.1316071715E+001   0.1020830963E+001   0.1070260013E+001   0.1011576565E+001
 0.7171717   0.1312221578E+001   0.9975501306E+000   0.1067923005E+001   0.9866945920E+000
 0.7272727   0.1313344782E+001   0.9901009010E+000   0.1071330865E+001   0.9943438064E+000
 0.7373737   0.1316878484E+001   0.9917761818E+000   0.1070211598E+001   0.9853629880E+000
 0.7474747   0.1311443801E+001   0.9960419800E+000   0.1073123281E+001   0.9874515038E+000
 0.7575758   0.1317993223E+001   0.1003097260E+001   0.1075629458E+001   0.1002349450E+001
 0.7676768   0.1308499300E+001   0.9918816330E+000   0.1071224165E+001   0.9832284166E+000
 0.7777778   0.1315453933E+001   0.1019959498E+001   0.1071529471E+001   0.1011932995E+001
 0.7878788   0.1300899879E+001   0.9967682003E+000   0.1070207809E+001   0.9869048453E+000
 0.7979798   0.1319265656E+001   0.1003093281E+001   0.1075903858E+001   0.9960939147E+000
 0.8080808   0.1320231932E+001   0.9880615153E+000   0.1076426646E+001   0.9829300572E+000
 0.8181818   0.1315526486E+001   0.9955664549E+000   0.1064580050E+001   0.9781743284E+000
 0.8282828   0.1301950965E+001   0.9955465585E+000   0.1064953304E+001   0.9831823611E+000
 0.8383838   0.1321548610E+001   0.1012540113E+001   0.1072131392E+001   0.1001710681E+001
 0.8484848   0.1309769907E+001   0.9848283427E+000   0.1065956286E+001   0.9870890672E+000
 0.8585859   0.1311155527E+001   0.9987280003E+000   0.1066980011E+001   0.1012355504E+001
 0.8686869   0.1306292631E+001   0.9941876312E+000   0.1056519411E+001   0.9938011527E+000
 0.8787879   0.1316989997E+001   0.1013610542E+001   0.1071152575E+001   0.9920250132E+000
 0.8888889   0.1314221299E+001   0.1003893118E+001   0.1070286356E+001   0.1006408340E+001
 0.8989899   0.1310109691E+001   0.9931947985E+000   0.1069832168E+001   0.9802007695E+000
 0.9090909   0.1307814851E+001   0.1004903857E+001   0.1060312507E+001   0.9787530255E+000
 0.9191919   0.1318520824E+001   0.1009919751E+001   0.1071174531E+001   0.9966806214E+000
 0.9292929   0.1304354540E+001   0.9931550056E+000   0.1059541289E+001   0.9929080769E+000
 0.9393939   0.1309101477E+001   0.1034467987E+001   0.1068801867E+001   0.1013046336E+001
 0.9494949   0.1322220476E+001   0.9950551162E+000   0.1078185438E+001   0.9757734362E+000
 0.9595960   0.1293315083E+001   0.9778526485E+000   0.1054251893E+001   0.9732744258E+000
 0.9696970   0.1310758406E+001   0.9715613921E+000   0.1070049138E+001   0.9761959452E+000
 0.9797980   0.1320565799E+001   0.1039485871E+001   0.1076435093E+001   0.1042395691E+001
 0.9898990   0.1317341570E+001   0.9750950011E+000   0.1077220470E+001   0.9733765489E+000
 1.0000000   0.1311242553E+001   0.1001159346E+001   0.1064689088E+001   0.9799104197E+000


