#   100 bins for weightfunction of cd                      
 0.0000000    0.3196777344E+001    0.1427734375E+001
 0.0101010    0.3193066406E+001    0.1442578125E+001
 0.0202020    0.3252929688E+001    0.1472460938E+001
 0.0303030    0.3316796875E+001    0.1504882813E+001
 0.0404040    0.3301269531E+001    0.1458007813E+001
 0.0505051    0.3383789063E+001    0.1462304688E+001
 0.0606061    0.3465527344E+001    0.1477343750E+001
 0.0707071    0.3583984375E+001    0.1462500000E+001
 0.0808081    0.3654589844E+001    0.1451074219E+001
 0.0909091    0.3729882813E+001    0.1439648438E+001
 0.1010101    0.3789941406E+001    0.1427246094E+001
 0.1111111    0.3856542969E+001    0.1395605469E+001
 0.1212121    0.3982910156E+001    0.1481250000E+001
 0.1313131    0.4013476563E+001    0.1435644531E+001
 0.1414141    0.4064648438E+001    0.1485351563E+001
 0.1515152    0.4070019531E+001    0.1439746094E+001
 0.1616162    0.4104492187E+001    0.1441503906E+001
 0.1717172    0.4101464844E+001    0.1414843750E+001
 0.1818182    0.4117871094E+001    0.1399511719E+001
 0.1919192    0.4075488281E+001    0.1410839844E+001
 0.2020202    0.4057617188E+001    0.1405664063E+001
 0.2121212    0.4031835938E+001    0.1381347656E+001
 0.2222222    0.4010546875E+001    0.1370410156E+001
 0.2323232    0.3959179688E+001    0.1342285156E+001
 0.2424242    0.3885644531E+001    0.1299707031E+001
 0.2525253    0.3861230469E+001    0.1319824219E+001
 0.2626263    0.3757128906E+001    0.1318945313E+001
 0.2727273    0.3690429688E+001    0.1291601563E+001
 0.2828283    0.3618554688E+001    0.1281445313E+001
 0.2929293    0.3511816406E+001    0.1278320313E+001
 0.3030303    0.3469238281E+001    0.1206835938E+001
 0.3131313    0.3339746094E+001    0.1225976563E+001
 0.3232323    0.3339062500E+001    0.1232714844E+001
 0.3333333    0.3193261719E+001    0.1178320313E+001
 0.3434343    0.3119140625E+001    0.1204687500E+001
 0.3535354    0.3071191406E+001    0.1110058594E+001
 0.3636364    0.2913183594E+001    0.1128515625E+001
 0.3737374    0.2794726563E+001    0.1103320313E+001
 0.3838384    0.2715234375E+001    0.1131445313E+001
 0.3939394    0.2651269531E+001    0.1053320313E+001
 0.4040404    0.2544531250E+001    0.1053027344E+001
 0.4141414    0.2441406250E+001    0.1030078125E+001
 0.4242424    0.2293066406E+001    0.1012500000E+001
 0.4343434    0.2202441406E+001    0.9983398438E+000
 0.4444444    0.2108496094E+001    0.9976562500E+000
 0.4545455    0.2029687500E+001    0.9692382812E+000
 0.4646465    0.1859472656E+001    0.9508789063E+000
 0.4747475    0.1742382813E+001    0.9290039063E+000
 0.4848485    0.1583398438E+001    0.8869140625E+000
 0.4949495    0.1561035156E+001    0.8533203125E+000
 0.5050505    0.1444335938E+001    0.8458007813E+000
 0.5151515    0.1421875000E+001    0.8426757813E+000
 0.5252525    0.1413085938E+001    0.8883789063E+000
 0.5353535    0.1455175781E+001    0.8049804688E+000
 0.5454545    0.1434375000E+001    0.8338867188E+000
 0.5555556    0.1420214844E+001    0.8007812500E+000
 0.5656566    0.1397949219E+001    0.8085937500E+000
 0.5757576    0.1383300781E+001    0.8239257813E+000
 0.5858586    0.1374414063E+001    0.8420898438E+000
 0.5959596    0.1372265625E+001    0.8291015625E+000
 0.6060606    0.1323632813E+001    0.8858398438E+000
 0.6161616    0.1346582031E+001    0.8260742188E+000
 0.6262626    0.1343359375E+001    0.8286132813E+000
 0.6363636    0.1294726563E+001    0.8175781250E+000
 0.6464646    0.1297167969E+001    0.7842773438E+000
 0.6565657    0.1277441406E+001    0.8393554688E+000
 0.6666667    0.1256445313E+001    0.8504882813E+000
 0.6767677    0.1208203125E+001    0.8314453125E+000
 0.6868687    0.1201562500E+001    0.7947265625E+000
 0.6969697    0.1142871094E+001    0.8138671875E+000
 0.7070707    0.1145507813E+001    0.8009765625E+000
 0.7171717    0.1140917969E+001    0.8168945313E+000
 0.7272727    0.1092968750E+001    0.7800781250E+000
 0.7373737    0.1030566406E+001    0.8132812500E+000
 0.7474747    0.1045117188E+001    0.7928710938E+000
 0.7575758    0.1006054688E+001    0.7991210938E+000
 0.7676768    0.1000000000E+001    0.7945312500E+000
 0.7777778    0.9586914063E+000    0.8013671875E+000
 0.7878788    0.9493164063E+000    0.8082031250E+000
 0.7979798    0.8663085938E+000    0.7775390625E+000
 0.8080808    0.8542968750E+000    0.7817382813E+000
 0.8181818    0.8326171875E+000    0.7708984375E+000
 0.8282828    0.7848632813E+000    0.7931640625E+000
 0.8383838    0.7403320313E+000    0.7430664063E+000
 0.8484848    0.6909179688E+000    0.7267578125E+000
 0.8585859    0.6662109375E+000    0.7418945313E+000
 0.8686869    0.6230468750E+000    0.7514648438E+000
 0.8787879    0.5791992188E+000    0.7537109375E+000
 0.8888889    0.5419921875E+000    0.7432617188E+000
 0.8989899    0.4678710938E+000    0.7158203125E+000
 0.9090909    0.4483398438E+000    0.7308593750E+000
 0.9191919    0.4402343750E+000    0.7815429688E+000
 0.9292929    0.3400390625E+000    0.7196289063E+000
 0.9393939    0.3379882813E+000    0.7500000000E+000
 0.9494949    0.2571289063E+000    0.7085937500E+000
 0.9595960    0.2088867188E+000    0.6973632813E+000
 0.9696970    0.1521484375E+000    0.6967773438E+000
 0.9797980    0.1005859375E+000    0.7003906250E+000
 0.9898990    0.4462890625E-001    0.6582031250E+000
 1.0000000    0.0000000000E+000    0.6623046875E+000


#   100 bins for weightfunction of Ar                      
 0.0000000    0.2040405273E+001    0.2835693359E+000
 0.0101010    0.2016552734E+001    0.2631103516E+000
 0.0202020    0.2031372070E+001    0.2527587891E+000
 0.0303030    0.2077978516E+001    0.2842529297E+000
 0.0404040    0.2087768555E+001    0.2627929688E+000
 0.0505051    0.2137182617E+001    0.2821044922E+000
 0.0606061    0.2238134766E+001    0.3169677734E+000
 0.0707071    0.2262182617E+001    0.2837890625E+000
 0.0808081    0.2356469727E+001    0.3069091797E+000
 0.0909091    0.2423876953E+001    0.3089111328E+000
 0.1010101    0.2518115234E+001    0.3036865234E+000
 0.1111111    0.2588500977E+001    0.3143798828E+000
 0.1212121    0.2674609375E+001    0.3165527344E+000
 0.1313131    0.2814062500E+001    0.3323242188E+000
 0.1414141    0.2867407227E+001    0.3271728516E+000
 0.1515152    0.2925341797E+001    0.3013427734E+000
 0.1616162    0.3012890625E+001    0.3177001953E+000
 0.1717172    0.3024902344E+001    0.2973632813E+000
 0.1818182    0.3080151367E+001    0.3190185547E+000
 0.1919192    0.3074462891E+001    0.3046142578E+000
 0.2020202    0.3090722656E+001    0.2928955078E+000
 0.2121212    0.3147509766E+001    0.3172119141E+000
 0.2222222    0.3132568359E+001    0.2949218750E+000
 0.2323232    0.3118359375E+001    0.2666992188E+000
 0.2424242    0.3131152344E+001    0.2360351563E+000
 0.2525253    0.3079418945E+001    0.2951416016E+000
 0.2626263    0.3068334961E+001    0.2666015625E+000
 0.2727273    0.3039306641E+001    0.2722900391E+000
 0.2828283    0.3014526367E+001    0.2312500000E+000
 0.2929293    0.2973437500E+001    0.2362548828E+000
 0.3030303    0.2948779297E+001    0.2096923828E+000
 0.3131313    0.2924243164E+001    0.1935058594E+000
 0.3232323    0.2840795898E+001    0.2159912109E+000
 0.3333333    0.2822680664E+001    0.1936767578E+000
 0.3434343    0.2777148437E+001    0.2148681641E+000
 0.3535354    0.2754199219E+001    0.2059326172E+000
 0.3636364    0.2703613281E+001    0.1338623047E+000
 0.3737374    0.2599121094E+001    0.1323974609E+000
 0.3838384    0.2553393555E+001    0.1392333984E+000
 0.3939394    0.2562524414E+001    0.1327148438E+000
 0.4040404    0.2467651367E+001    0.9360351563E-001
 0.4141414    0.2448339844E+001    0.1027099609E+000
 0.4242424    0.2374633789E+001    0.1306884766E+000
 0.4343434    0.2312255859E+001    0.7109375000E-001
 0.4444444    0.2232910156E+001    0.1092285156E+000
 0.4545455    0.2205444336E+001    0.7355957031E-001
 0.4646465    0.2145776367E+001    0.7392578125E-001
 0.4747475    0.2088842773E+001    0.2546386719E-001
 0.4848485    0.2047045898E+001    0.4697265625E-001
 0.4949495    0.1955395508E+001    0.2377929688E-001
 0.5050505    0.1943115234E+001    0.2204589844E-001
 0.5151515    0.1934570312E+001    0.1855468750E-001
 0.5252525    0.1936181641E+001    0.1848144531E-001
 0.5353535    0.1931201172E+001    0.3493652344E-001
 0.5454545    0.1909741211E+001    0.1157226563E-001
 0.5555556    0.1910864258E+001    0.8642578125E-002
 0.5656566    0.1928100586E+001    0.1271972656E-001
 0.5757576    0.1889819336E+001    0.8178710938E-002
 0.5858586    0.1927124023E+001    0.1755371094E-001
 0.5959596    0.1943627930E+001    0.5747070313E-001
 0.6060606    0.1904052734E+001    0.1604003906E-001
 0.6161616    0.1912524414E+001    0.3098144531E-001
 0.6262626    0.1942749023E+001    0.4792480469E-001
 0.6363636    0.1919873047E+001    0.2756347656E-001
 0.6464646    0.1928857422E+001    0.2197265626E-003
 0.6565657    0.1918530273E+001    0.2700195313E-001
 0.6666667    0.1921411133E+001    0.6884765625E-002
 0.6767677    0.1932714844E+001    0.3063964844E-001
 0.6868687    0.1945776367E+001    0.2722167969E-001
 0.6969697    0.1935986328E+001    0.3867187500E-001
 0.7070707    0.1918554687E+001    0.1708984375E-001
 0.7171717    0.1910498047E+001    0.3256835938E-001
 0.7272727    0.1938964844E+001    0.4624023438E-001
 0.7373737    0.1938476562E+001    0.2204589844E-001
 0.7474747    0.1933618164E+001    0.3271484375E-001
 0.7575758    0.1933886719E+001    0.4062500000E-001
 0.7676768    0.1909448242E+001    0.1328125000E-001
 0.7777778    0.1919628906E+001    0.2155761719E-001
 0.7878788    0.1926904297E+001    0.2731933594E-001
 0.7979798    0.1920581055E+001    0.2702636719E-001
 0.8080808    0.1924072266E+001    0.1884765625E-001
 0.8181818    0.1928710937E+001    0.1938476563E-001
 0.8282828    0.1913989258E+001    0.1745605469E-001
 0.8383838    0.1949877930E+001    0.7465820313E-001
 0.8484848    0.1945605469E+001    0.4025878906E-001
 0.8585859    0.1932348633E+001    0.2426757813E-001
 0.8686869    0.1920410156E+001    0.2634277344E-001
 0.8787879    0.1922119141E+001    0.2231445313E-001
 0.8888889    0.1942333984E+001    0.2531738281E-001
 0.8989899    0.1906787109E+001    0.2551269531E-001
 0.9090909    0.1940771484E+001    0.3254394531E-001
 0.9191919    0.1917431641E+001    0.1616210938E-001
 0.9292929    0.1926220703E+001    0.2734375000E-001
 0.9393939    0.1917236328E+001    0.5603027344E-001
 0.9494949    0.1913525391E+001    0.0000000000E+000
 0.9595960    0.1931494141E+001    0.2617187500E-001
 0.9696970    0.1916015625E+001    0.2331542969E-001
 0.9797980    0.1935034180E+001    0.2595214844E-001
 0.9898990    0.1912207031E+001    0.3688964844E-001
 1.0000000    0.1901904297E+001    0.7788085938E-002


