 0.0000000   0.1480409855E+000   0.9845764971E+000   0.6265690657E+000   0.1004198705E+001
 0.0101010   0.1493142693E+000   0.1013601601E+001   0.6396887759E+000   0.1034894908E+001
 0.0202020   0.1431195590E+000   0.9707552925E+000   0.6279167342E+000   0.1004204957E+001
 0.0303030   0.1396747761E+000   0.9789499627E+000   0.6340429141E+000   0.1022092492E+001
 0.0404040   0.1358518224E+000   0.1006923682E+001   0.6355587835E+000   0.1036891443E+001
 0.0505051   0.1271120939E+000   0.9979687215E+000   0.6333479383E+000   0.1023311671E+001
 0.0606061   0.1181528458E+000   0.9850839959E+000   0.6311993024E+000   0.1015721504E+001
 0.0707071   0.1089100068E+000   0.9951765203E+000   0.6213740370E+000   0.1005124030E+001
 0.0808081   0.9979125840E-001   0.9776725976E+000   0.6307063080E+000   0.1014562763E+001
 0.0909091   0.9213544147E-001   0.1001567176E+001   0.6336985260E+000   0.1020104294E+001
 0.1010101   0.8484654854E-001   0.1016229105E+001   0.6327915127E+000   0.1030664254E+001
 0.1111111   0.7858568031E-001   0.9870144067E+000   0.6343165646E+000   0.1026541973E+001
 0.1212121   0.7317422810E-001   0.9856336268E+000   0.6337170587E+000   0.1017559650E+001
 0.1313131   0.6972145417E-001   0.9944545313E+000   0.6454103249E+000   0.1034098795E+001
 0.1414141   0.6623121071E-001   0.1003838472E+001   0.6563100673E+000   0.1038214824E+001
 0.1515152   0.6413563454E-001   0.9817000319E+000   0.6482888246E+000   0.1007072631E+001
 0.1616162   0.6393085840E-001   0.1006699617E+001   0.6448751032E+000   0.1002375147E+001
 0.1717172   0.6284595986E-001   0.9974324963E+000   0.6656747013E+000   0.1033348531E+001
 0.1818182   0.6412494564E-001   0.9761117993E+000   0.6723927798E+000   0.1023457555E+001
 0.1919192   0.6509087684E-001   0.1013272206E+001   0.6782062493E+000   0.1026212690E+001
 0.2020202   0.6802147694E-001   0.9684265431E+000   0.6887606981E+000   0.1019508251E+001
 0.2121212   0.6988245082E-001   0.9728235897E+000   0.6838015440E+000   0.1006180651E+001
 0.2222222   0.7369450208E-001   0.1001404393E+001   0.7031390124E+000   0.1013014302E+001
 0.2323232   0.7785563655E-001   0.9854785045E+000   0.7083512355E+000   0.1012847577E+001
 0.2424242   0.8176154493E-001   0.9767839959E+000   0.7238925424E+000   0.1002373063E+001
 0.2525253   0.8765395871E-001   0.9889773739E+000   0.7404636835E+000   0.1026414845E+001
 0.2626263   0.9596750694E-001   0.1003466945E+001   0.7484285479E+000   0.1016340471E+001
 0.2727273   0.1030301723E+000   0.9971031008E+000   0.7462454126E+000   0.9902333806E+000
 0.2828283   0.1096970247E+000   0.9735168523E+000   0.7662384364E+000   0.9975963845E+000
 0.2929293   0.1195752454E+000   0.9769506087E+000   0.7764281758E+000   0.1004625938E+001
 0.3030303   0.1311215644E+000   0.9952626993E+000   0.7933677864E+000   0.9968086077E+000
 0.3131313   0.1441303578E+000   0.9871810195E+000   0.8039929683E+000   0.1006213996E+001
 0.3232323   0.1571324979E+000   0.1005460554E+001   0.8299498774E+000   0.1009098343E+001
 0.3333333   0.1726531856E+000   0.9995314349E+000   0.8366995361E+000   0.1011522111E+001
 0.3434343   0.1846694072E+000   0.9806926946E+000   0.8511151203E+000   0.1020443996E+001
 0.3535354   0.2072845151E+000   0.9848292890E+000   0.8635451450E+000   0.1002825305E+001
 0.3636364   0.2294992968E+000   0.9788197365E+000   0.8798409902E+000   0.9957624068E+000
 0.3737374   0.2558629778E+000   0.1002204901E+001   0.9051012970E+000   0.1007122649E+001
 0.3838384   0.2805867068E+000   0.1000052339E+001   0.9160869402E+000   0.9998075782E+000
 0.3939394   0.3138633933E+000   0.9981276740E+000   0.9261188158E+000   0.9990781552E+000
 0.4040404   0.3460869101E+000   0.1003775274E+001   0.9432811657E+000   0.1003633923E+001
 0.4141414   0.3910855993E+000   0.1013831412E+001   0.9674445479E+000   0.9988801690E+000
 0.4242424   0.4309563962E+000   0.1002354278E+001   0.9989771022E+000   0.1026131412E+001
 0.4343434   0.4790914668E+000   0.1006634504E+001   0.9972123235E+000   0.9960812688E+000
 0.4444444   0.5348871517E+000   0.1011014315E+001   0.1028014568E+001   0.1000597439E+001
 0.4545455   0.5994137347E+000   0.9883224131E+000   0.1042414258E+001   0.9977130922E+000
 0.4646465   0.6679611460E+000   0.1014990041E+001   0.1074738217E+001   0.1003596410E+001
 0.4747475   0.7537950707E+000   0.9960919333E+000   0.1107790432E+001   0.1026491955E+001
 0.4848485   0.8358536910E+000   0.9785209825E+000   0.1110569762E+001   0.9879846737E+000
 0.4949495   0.9524817298E+000   0.1004280858E+001   0.1139423185E+001   0.9834143177E+000
 0.5050505   0.9930668263E+000   0.9935659296E+000   0.1164144147E+001   0.1001756180E+001
 0.5151515   0.1004170173E+001   0.9809225054E+000   0.1163226315E+001   0.1009513072E+001
 0.5252525   0.1009510503E+001   0.9967105074E+000   0.1166347436E+001   0.9808634213E+000
 0.5353535   0.1007708968E+001   0.9857983245E+000   0.1156486475E+001   0.9882180891E+000
 0.5454545   0.1019057666E+001   0.1010179335E+001   0.1151381222E+001   0.9880138506E+000
 0.5555556   0.1034087312E+001   0.1026712307E+001   0.1158166820E+001   0.9795400396E+000
 0.5656566   0.1033430333E+001   0.1007142003E+001   0.1168772384E+001   0.9946224228E+000
 0.5757576   0.1047599084E+001   0.1022933835E+001   0.1161050493E+001   0.9815594993E+000
 0.5858586   0.1045924227E+001   0.9923747436E+000   0.1153783591E+001   0.9878721342E+000
 0.5959596   0.1061510163E+001   0.9803671293E+000   0.1159755375E+001   0.9976568225E+000
 0.6060606   0.1072950165E+001   0.9954427178E+000   0.1153692877E+001   0.9874990864E+000
 0.6161616   0.1103886191E+001   0.1003152870E+001   0.1161094266E+001   0.9853962641E+000
 0.6262626   0.1110108575E+001   0.9938646836E+000   0.1152407028E+001   0.9945536487E+000
 0.6363636   0.1129125664E+001   0.1002570683E+001   0.1156117183E+001   0.9758033099E+000
 0.6464646   0.1153006319E+001   0.1003501417E+001   0.1183040480E+001   0.9999180337E+000
 0.6565657   0.1165374505E+001   0.1001703147E+001   0.1169976499E+001   0.9873865469E+000
 0.6666667   0.1195027978E+001   0.9867501242E+000   0.1172573481E+001   0.9883347967E+000
 0.6767677   0.1213836000E+001   0.9915953020E+000   0.1175017864E+001   0.9892955510E+000
 0.6868687   0.1242609550E+001   0.9998206135E+000   0.1185032649E+001   0.9917047309E+000
 0.6969697   0.1253860581E+001   0.9999719056E+000   0.1187894682E+001   0.9773267619E+000
 0.7070707   0.1297500364E+001   0.1023050655E+001   0.1187967705E+001   0.9986613421E+000
 0.7171717   0.1325295932E+001   0.1004769206E+001   0.1188186773E+001   0.9893559889E+000
 0.7272727   0.1361066374E+001   0.1009074328E+001   0.1196849892E+001   0.9923570435E+000
 0.7373737   0.1394212166E+001   0.1004981781E+001   0.1195202750E+001   0.9868446898E+000
 0.7474747   0.1434069429E+001   0.1021756054E+001   0.1202259666E+001   0.9913817007E+000
 0.7575758   0.1483452337E+001   0.1010104647E+001   0.1204451961E+001   0.9899395273E+000
 0.7676768   0.1528947501E+001   0.1023048740E+001   0.1211905789E+001   0.1009900708E+001
 0.7777778   0.1560046875E+001   0.9930756665E+000   0.1205685093E+001   0.9767515598E+000
 0.7878788   0.1633733524E+001   0.1014137826E+001   0.1223301245E+001   0.9867133936E+000
 0.7979798   0.1642723886E+001   0.9987998705E+000   0.1207975525E+001   0.9822993426E+000
 0.8080808   0.1731404558E+001   0.1022250148E+001   0.1221807525E+001   0.9947182899E+000
 0.8181818   0.1777494891E+001   0.1003417153E+001   0.1220900490E+001   0.9818721091E+000
 0.8282828   0.1847487541E+001   0.1012910254E+001   0.1219589262E+001   0.9854921312E+000
 0.8383838   0.1916294801E+001   0.1025971168E+001   0.1220571037E+001   0.9802361176E+000
 0.8484848   0.1993502795E+001   0.1006395118E+001   0.1243289753E+001   0.9870114150E+000
 0.8585859   0.2075934094E+001   0.9955901797E+000   0.1242129008E+001   0.9780936981E+000
 0.8686869   0.2153612776E+001   0.1011655870E+001   0.1252733602E+001   0.9884390000E+000
 0.8787879   0.2265525391E+001   0.1018825967E+001   0.1266358819E+001   0.9911295288E+000
 0.8888889   0.2364000195E+001   0.1020731481E+001   0.1280978829E+001   0.1002810717E+001
 0.8989899   0.2462491673E+001   0.1025913715E+001   0.1271158051E+001   0.9864508014E+000
 0.9090909   0.2554999789E+001   0.1000389395E+001   0.1267313885E+001   0.9676296043E+000
 0.9191919   0.2689568503E+001   0.1018419968E+001   0.1283164835E+001   0.9878262847E+000
 0.9292929   0.2822241869E+001   0.1023380051E+001   0.1303632533E+001   0.9962959276E+000
 0.9393939   0.2932987678E+001   0.1013448394E+001   0.1301579443E+001   0.9900749916E+000
 0.9494949   0.3126595467E+001   0.1026867430E+001   0.1325773739E+001   0.1000899629E+001
 0.9595960   0.3269920265E+001   0.1036542464E+001   0.1329380903E+001   0.1007120565E+001
 0.9696970   0.3395847221E+001   0.1007772067E+001   0.1319402953E+001   0.9777185662E+000
 0.9797980   0.3544164415E+001   0.9825962940E+000   0.1314636661E+001   0.9687966811E+000
 0.9898990   0.3742231581E+001   0.9959253205E+000   0.1320059804E+001   0.9680193246E+000
 1.0000000   0.3866448554E+001   0.1001546110E+001   0.1344272305E+001   0.9853295740E+000


 0.0000000   0.1077148901E+001   0.9825720564E+000   0.8391571206E+000   0.1006622909E+001
 0.0101010   0.1081656398E+001   0.9803223086E+000   0.8450960191E+000   0.1010715066E+001
 0.0202020   0.1062859061E+001   0.9790155689E+000   0.8398385746E+000   0.9997819175E+000
 0.0303030   0.1038840148E+001   0.9746007516E+000   0.8431989737E+000   0.1012723830E+001
 0.0404040   0.1010613189E+001   0.9846447496E+000   0.8341009712E+000   0.9923957194E+000
 0.0505051   0.9725555157E+000   0.9892058294E+000   0.8276312018E+000   0.9989236840E+000
 0.0606061   0.9094083764E+000   0.9856647379E+000   0.8242487672E+000   0.9971512452E+000
 0.0707071   0.8605311599E+000   0.9940170950E+000   0.8234028875E+000   0.1016523690E+001
 0.0808081   0.8093658157E+000   0.9896330698E+000   0.8325564687E+000   0.1009620507E+001
 0.0909091   0.7291535854E+000   0.9556328181E+000   0.8170687522E+000   0.9890021729E+000
 0.1010101   0.6938104061E+000   0.1007300037E+001   0.8320220255E+000   0.1032751352E+001
 0.1111111   0.6270523875E+000   0.1004157318E+001   0.8231569584E+000   0.1017549839E+001
 0.1212121   0.5783417867E+000   0.9909321115E+000   0.8140056723E+000   0.9878039629E+000
 0.1313131   0.5259565245E+000   0.9779416944E+000   0.8183712867E+000   0.1012483359E+001
 0.1414141   0.4984160663E+000   0.9807803411E+000   0.8244180566E+000   0.9988760043E+000
 0.1515152   0.4634992804E+000   0.9919886654E+000   0.8142687400E+000   0.9973025762E+000
 0.1616162   0.4349755111E+000   0.9866308401E+000   0.8289599796E+000   0.1013998742E+001
 0.1717172   0.4151029590E+000   0.9837209866E+000   0.8261496188E+000   0.9990605038E+000
 0.1818182   0.3993383014E+000   0.9979430877E+000   0.8297952320E+000   0.1021482372E+001
 0.1919192   0.3889566189E+000   0.9854819098E+000   0.8307336904E+000   0.1007224087E+001
 0.2020202   0.3898408487E+000   0.9854280237E+000   0.8235560909E+000   0.9901299001E+000
 0.2121212   0.3836064515E+000   0.1006247332E+001   0.8443200970E+000   0.9975948732E+000
 0.2222222   0.3822107579E+000   0.9842752444E+000   0.8416045833E+000   0.9997798444E+000
 0.2323232   0.3904348677E+000   0.9907454344E+000   0.8482904290E+000   0.9965231178E+000
 0.2424242   0.3982227712E+000   0.9922850394E+000   0.8531184392E+000   0.1004131130E+001
 0.2525253   0.3996568260E+000   0.9646433563E+000   0.8665460098E+000   0.9757347951E+000
 0.2626263   0.4125581908E+000   0.9870619295E+000   0.8725738741E+000   0.9975409744E+000
 0.2727273   0.4235396916E+000   0.9954219846E+000   0.8650809609E+000   0.9822254451E+000
 0.2828283   0.4341377375E+000   0.9672414397E+000   0.8903071308E+000   0.9946884882E+000
 0.2929293   0.4500449625E+000   0.9928258256E+000   0.8850313056E+000   0.9821072825E+000
 0.3030303   0.4722855534E+000   0.1010692942E+001   0.9003208133E+000   0.1007143239E+001
 0.3131313   0.4861593040E+000   0.9685943676E+000   0.8949904930E+000   0.9969957681E+000
 0.3232323   0.5080175178E+000   0.1006755402E+001   0.9195595289E+000   0.1009678552E+001
 0.3333333   0.5301281238E+000   0.1008200706E+001   0.9192246932E+000   0.9851587794E+000
 0.3434343   0.5536890735E+000   0.9893463184E+000   0.9370566716E+000   0.9945952019E+000
 0.3535354   0.5795067547E+000   0.9704495916E+000   0.9549222799E+000   0.1001796900E+001
 0.3636364   0.6132871583E+000   0.9832398601E+000   0.9637491619E+000   0.1017833844E+001
 0.3737374   0.6400338361E+000   0.9979084466E+000   0.9577773045E+000   0.9915913847E+000
 0.3838384   0.6712421768E+000   0.9780533158E+000   0.9774976452E+000   0.1014707718E+001
 0.3939394   0.7143877771E+000   0.1012342243E+001   0.9759944621E+000   0.9878702998E+000
 0.4040404   0.7531622487E+000   0.1006099145E+001   0.9922740291E+000   0.1001743002E+001
 0.4141414   0.7985487979E+000   0.1014005017E+001   0.9962058067E+000   0.9881128440E+000
 0.4242424   0.8392028046E+000   0.9919097607E+000   0.9940105219E+000   0.9685061471E+000
 0.4343434   0.8909588639E+000   0.1003445251E+001   0.1024988222E+001   0.1001801047E+001
 0.4444444   0.9405128320E+000   0.1010531283E+001   0.1031843132E+001   0.9956980527E+000
 0.4545455   0.1000473646E+001   0.9853895335E+000   0.1049058353E+001   0.1002746347E+001
 0.4646465   0.1054454233E+001   0.9905241162E+000   0.1058813030E+001   0.9940790180E+000
 0.4747475   0.1135622574E+001   0.1021720362E+001   0.1069634569E+001   0.9963220341E+000
 0.4848485   0.1195851522E+001   0.1004395957E+001   0.1086097502E+001   0.1003206559E+001
 0.4949495   0.1262844621E+001   0.1022996310E+001   0.1095713700E+001   0.1011699754E+001
 0.5050505   0.1309428055E+001   0.1011152899E+001   0.1103081699E+001   0.9893110541E+000
 0.5151515   0.1306673097E+001   0.1014928780E+001   0.1097779492E+001   0.9935275926E+000
 0.5252525   0.1331244888E+001   0.1019351295E+001   0.1105317629E+001   0.1011115160E+001
 0.5353535   0.1316658117E+001   0.1005019497E+001   0.1101740327E+001   0.1012812970E+001
 0.5454545   0.1322840173E+001   0.1024714894E+001   0.1090858822E+001   0.9879076143E+000
 0.5555556   0.1297431520E+001   0.9791060207E+000   0.1090838912E+001   0.9973772052E+000
 0.5656566   0.1322149950E+001   0.1001797874E+001   0.1088485071E+001   0.9918836816E+000
 0.5757576   0.1307579168E+001   0.1019609179E+001   0.1102155883E+001   0.1001647642E+001
 0.5858586   0.1313798587E+001   0.1021091049E+001   0.1096883630E+001   0.9821114286E+000
 0.5959596   0.1303510664E+001   0.9949793481E+000   0.1110703327E+001   0.9997570411E+000
 0.6060606   0.1320194140E+001   0.1022615258E+001   0.1096700847E+001   0.9834547506E+000
 0.6161616   0.1319379683E+001   0.1024193353E+001   0.1102899728E+001   0.1002149315E+001
 0.6262626   0.1311609379E+001   0.1026627853E+001   0.1092984984E+001   0.9810562574E+000
 0.6363636   0.1293952045E+001   0.9820312701E+000   0.1099749181E+001   0.1014112759E+001
 0.6464646   0.1313526905E+001   0.1008903151E+001   0.1099043508E+001   0.9940085351E+000
 0.6565657   0.1319761045E+001   0.1018131158E+001   0.1103130206E+001   0.9944915505E+000
 0.6666667   0.1306108230E+001   0.9890768875E+000   0.1108321549E+001   0.1003187902E+001
 0.6767677   0.1318453798E+001   0.1024959306E+001   0.1111555373E+001   0.1016214809E+001
 0.6868687   0.1306907032E+001   0.1023704528E+001   0.1100896002E+001   0.9981193492E+000
 0.6969697   0.1315751910E+001   0.1018108064E+001   0.1106289270E+001   0.1009790496E+001
 0.7070707   0.1307038332E+001   0.1017403695E+001   0.1100070586E+001   0.1009512710E+001
 0.7171717   0.1311584250E+001   0.1002190473E+001   0.1105832925E+001   0.1000723072E+001
 0.7272727   0.1311343413E+001   0.1013162083E+001   0.1102514600E+001   0.1008420224E+001
 0.7373737   0.1315637627E+001   0.1010232985E+001   0.1100616650E+001   0.1002615746E+001
 0.7474747   0.1309277092E+001   0.9902065727E+000   0.1097039284E+001   0.9926880164E+000
 0.7575758   0.1302399801E+001   0.1004155394E+001   0.1089505017E+001   0.9903226917E+000
 0.7676768   0.1317408785E+001   0.1023821923E+001   0.1104687039E+001   0.1019359592E+001
 0.7777778   0.1315695590E+001   0.1013362232E+001   0.1102954220E+001   0.1007058245E+001
 0.7878788   0.1315529392E+001   0.1009699896E+001   0.1099493195E+001   0.1000526134E+001
 0.7979798   0.1308347855E+001   0.9892924322E+000   0.1105662835E+001   0.9941287707E+000
 0.8080808   0.1312759417E+001   0.1007430903E+001   0.1104366339E+001   0.1000434921E+001
 0.8181818   0.1317933415E+001   0.1010090571E+001   0.1100459107E+001   0.9916763788E+000
 0.8282828   0.1313389224E+001   0.9989496045E+000   0.1098391108E+001   0.9959136476E+000
 0.8383838   0.1317074610E+001   0.1013256384E+001   0.1096775023E+001   0.9980343550E+000
 0.8484848   0.1317072251E+001   0.1008937792E+001   0.1103497629E+001   0.1005470306E+001
 0.8585859   0.1311020690E+001   0.1004913649E+001   0.1096928462E+001   0.1002955723E+001
 0.8686869   0.1321519453E+001   0.1004305505E+001   0.1108300540E+001   0.1001819704E+001
 0.8787879   0.1309153314E+001   0.1001130070E+001   0.1094636040E+001   0.9993092671E+000
 0.8888889   0.1317751742E+001   0.1011774514E+001   0.1094506555E+001   0.9980177708E+000
 0.8989899   0.1311312023E+001   0.9916018397E+000   0.1092440864E+001   0.9815289078E+000
 0.9090909   0.1313928506E+001   0.9988033420E+000   0.1101166569E+001   0.9890457065E+000
 0.9191919   0.1319880938E+001   0.9950236118E+000   0.1113116833E+001   0.1002418809E+001
 0.9292929   0.1311991429E+001   0.1009384277E+001   0.1097546227E+001   0.9992056157E+000
 0.9393939   0.1317529381E+001   0.1005333192E+001   0.1103532305E+001   0.1003685429E+001
 0.9494949   0.1320769269E+001   0.1015891033E+001   0.1109997534E+001   0.1022972879E+001
 0.9595960   0.1331474414E+001   0.1014307164E+001   0.1103869874E+001   0.1001324250E+001
 0.9696970   0.1333161603E+001   0.1028781376E+001   0.1108015770E+001   0.1019813585E+001
 0.9797980   0.1311154578E+001   0.1004792405E+001   0.1101955835E+001   0.1003867855E+001
 0.9898990   0.1318950380E+001   0.1004295883E+001   0.1099501827E+001   0.9980592314E+000
 1.0000000   0.1318748323E+001   0.1002406018E+001   0.1094861932E+001   0.9813174589E+000


