 0.0000000   0.1440521626E+000   0.9832188091E+000   0.6293934497E+000   0.9814019465E+000
 0.0101010   0.1475135355E+000   0.9989600857E+000   0.6365006221E+000   0.1002112109E+001
 0.0202020   0.1443159975E+000   0.1017344073E+001   0.6326023098E+000   0.1021750457E+001
 0.0303030   0.1406347586E+000   0.1051475183E+001   0.6358691255E+000   0.1044962203E+001
 0.0404040   0.1330876779E+000   0.1005607788E+001   0.6267475397E+000   0.1011707307E+001
 0.0505051   0.1254088042E+000   0.1012734921E+001   0.6321348125E+000   0.1017000927E+001
 0.0606061   0.1161740472E+000   0.9841542817E+000   0.6268962296E+000   0.9795835431E+000
 0.0707071   0.1073089658E+000   0.9858050012E+000   0.6294423593E+000   0.9835005763E+000
 0.0808081   0.9907826267E-001   0.1049140399E+001   0.6298562006E+000   0.1012719804E+001
 0.0909091   0.9062542354E-001   0.1017453211E+001   0.6337381024E+000   0.1002005746E+001
 0.1010101   0.8422331314E-001   0.1043170914E+001   0.6388875276E+000   0.1040709717E+001
 0.1111111   0.7836174402E-001   0.1047031688E+001   0.6389098364E+000   0.1019882963E+001
 0.1212121   0.7393564747E-001   0.1022555435E+001   0.6418729074E+000   0.9905614635E+000
 0.1313131   0.6931364300E-001   0.1053940543E+001   0.6432939186E+000   0.1021296368E+001
 0.1414141   0.6706865633E-001   0.1054191951E+001   0.6410891248E+000   0.9984528025E+000
 0.1515152   0.6469580396E-001   0.1033995486E+001   0.6480101823E+000   0.1009717086E+001
 0.1616162   0.6492948213E-001   0.1067693940E+001   0.6601826529E+000   0.1029852478E+001
 0.1717172   0.6306097682E-001   0.1019926367E+001   0.6656704567E+000   0.1004077785E+001
 0.1818182   0.6454987450E-001   0.1033615450E+001   0.6623270767E+000   0.9910953254E+000
 0.1919192   0.6626028438E-001   0.1067729021E+001   0.6736713080E+000   0.1008015273E+001
 0.2020202   0.6857523240E-001   0.1068970471E+001   0.6812656232E+000   0.9936398630E+000
 0.2121212   0.7101535017E-001   0.1030239953E+001   0.6925830207E+000   0.1015916839E+001
 0.2222222   0.7470688781E-001   0.1013506686E+001   0.7067475037E+000   0.1027647484E+001
 0.2323232   0.7885867158E-001   0.1071527429E+001   0.7119790287E+000   0.1029727705E+001
 0.2424242   0.8292144432E-001   0.1038433135E+001   0.7165868906E+000   0.1032836786E+001
 0.2525253   0.8837672811E-001   0.1041114823E+001   0.7288120776E+000   0.1024718403E+001
 0.2626263   0.9504145752E-001   0.1012855753E+001   0.7411446352E+000   0.1011087536E+001
 0.2727273   0.1025033080E+000   0.1005124461E+001   0.7516679175E+000   0.9928012292E+000
 0.2828283   0.1113390719E+000   0.1026264194E+001   0.7646525133E+000   0.1014775479E+001
 0.2929293   0.1215162334E+000   0.1005609737E+001   0.7826314484E+000   0.1008401862E+001
 0.3030303   0.1316928895E+000   0.9744312126E+000   0.7896413781E+000   0.1022298637E+001
 0.3131313   0.1431209104E+000   0.1013319591E+001   0.8030797729E+000   0.1001668247E+001
 0.3232323   0.1584076752E+000   0.1005081585E+001   0.8160232227E+000   0.1017733197E+001
 0.3333333   0.1698106853E+000   0.1011530500E+001   0.8335747057E+000   0.9926846387E+000
 0.3434343   0.1889977382E+000   0.9733359300E+000   0.8521711509E+000   0.1009727313E+001
 0.3535354   0.2091461926E+000   0.9873641224E+000   0.8681708384E+000   0.9957875836E+000
 0.3636364   0.2300811663E+000   0.9817356951E+000   0.8795510526E+000   0.1002983470E+001
 0.3737374   0.2563956904E+000   0.9819286363E+000   0.8895694009E+000   0.9977471229E+000
 0.3838384   0.2819640132E+000   0.9701377828E+000   0.9011456571E+000   0.9950369041E+000
 0.3939394   0.3152992685E+000   0.9973288552E+000   0.9233085593E+000   0.9878676082E+000
 0.4040404   0.3520864752E+000   0.1008303119E+001   0.9415506685E+000   0.9841633015E+000
 0.4141414   0.3908503545E+000   0.1016969884E+001   0.9585672838E+000   0.1010977082E+001
 0.4242424   0.4350713969E+000   0.1019969243E+001   0.9921292361E+000   0.1007953909E+001
 0.4343434   0.4851860659E+000   0.1006034598E+001   0.9995103730E+000   0.9937932716E+000
 0.4444444   0.5443522406E+000   0.9841094570E+000   0.1027677735E+001   0.9913039611E+000
 0.4545455   0.6049099919E+000   0.1006141787E+001   0.1058773537E+001   0.1007272775E+001
 0.4646465   0.6754798189E+000   0.9852982869E+000   0.1084542452E+001   0.9890805590E+000
 0.4747475   0.7631413324E+000   0.9862805332E+000   0.1099013315E+001   0.1008518453E+001
 0.4848485   0.8518003162E+000   0.1003080063E+001   0.1121270958E+001   0.9875853364E+000
 0.4949495   0.9720573449E+000   0.9974048624E+000   0.1153719100E+001   0.1006605959E+001
 0.5050505   0.1024535978E+001   0.9943353427E+000   0.1161297571E+001   0.1010758219E+001
 0.5151515   0.1012464819E+001   0.9684285963E+000   0.1143638993E+001   0.9782908198E+000
 0.5252525   0.1014499388E+001   0.1005438234E+001   0.1151593159E+001   0.9929014562E+000
 0.5353535   0.1028044601E+001   0.9982506856E+000   0.1155380069E+001   0.9916864600E+000
 0.5454545   0.1034089624E+001   0.1032681927E+001   0.1158297282E+001   0.9992137093E+000
 0.5555556   0.1047272596E+001   0.1009026161E+001   0.1168072271E+001   0.1007352548E+001
 0.5656566   0.1029482585E+001   0.9843862010E+000   0.1164665637E+001   0.9926007753E+000
 0.5757576   0.1059162363E+001   0.1006782976E+001   0.1148331255E+001   0.9862742041E+000
 0.5858586   0.1062259777E+001   0.9977732047E+000   0.1153655152E+001   0.9876180635E+000
 0.5959596   0.1073607217E+001   0.9980772334E+000   0.1171359915E+001   0.9847442088E+000
 0.6060606   0.1097076934E+001   0.9955845885E+000   0.1164130313E+001   0.9891153316E+000
 0.6161616   0.1087484339E+001   0.9921428286E+000   0.1173340606E+001   0.9827601241E+000
 0.6262626   0.1105178218E+001   0.9805663543E+000   0.1157056856E+001   0.9795774067E+000
 0.6363636   0.1130904625E+001   0.9832402470E+000   0.1174667119E+001   0.9765051436E+000
 0.6464646   0.1168130652E+001   0.1007022691E+001   0.1169116669E+001   0.9934005455E+000
 0.6565657   0.1160533875E+001   0.9970599068E+000   0.1185274614E+001   0.9987268926E+000
 0.6666667   0.1202366815E+001   0.9811549225E+000   0.1170767735E+001   0.1007659365E+001
 0.6767677   0.1219242815E+001   0.9812094917E+000   0.1179056312E+001   0.9869328384E+000
 0.6868687   0.1257750623E+001   0.1007993244E+001   0.1180857765E+001   0.9806962669E+000
 0.6969697   0.1270200111E+001   0.9862941755E+000   0.1178524655E+001   0.1000046207E+001
 0.7070707   0.1294541437E+001   0.9681538012E+000   0.1178420264E+001   0.9794383162E+000
 0.7171717   0.1324925469E+001   0.9918816758E+000   0.1186008492E+001   0.9916394146E+000
 0.7272727   0.1366460303E+001   0.9969546662E+000   0.1191759880E+001   0.9951187220E+000
 0.7373737   0.1395070426E+001   0.9758071370E+000   0.1196841235E+001   0.1024221359E+001
 0.7474747   0.1431826463E+001   0.9869139261E+000   0.1205452731E+001   0.1011915942E+001
 0.7575758   0.1480010464E+001   0.9920492813E+000   0.1204420506E+001   0.1006196869E+001
 0.7676768   0.1519112807E+001   0.9771206966E+000   0.1215530943E+001   0.9905062364E+000
 0.7777778   0.1565923191E+001   0.9774481120E+000   0.1221819444E+001   0.9926846387E+000
 0.7878788   0.1620380172E+001   0.1000770615E+001   0.1217329653E+001   0.9965034904E+000
 0.7979798   0.1657757921E+001   0.9778378923E+000   0.1223025957E+001   0.1004114603E+001
 0.8080808   0.1741720260E+001   0.9849923093E+000   0.1228968218E+001   0.9819092177E+000
 0.8181818   0.1776614263E+001   0.9808645362E+000   0.1233219698E+001   0.9988618922E+000
 0.8282828   0.1830573016E+001   0.9566864654E+000   0.1234804594E+001   0.9861207955E+000
 0.8383838   0.1913880396E+001   0.9776371554E+000   0.1238062684E+001   0.1004098240E+001
 0.8484848   0.1987660033E+001   0.9867073426E+000   0.1246515898E+001   0.9956178114E+000
 0.8585859   0.2064349607E+001   0.9833961591E+000   0.1253592408E+001   0.9949100863E+000
 0.8686869   0.2143289281E+001   0.9634803357E+000   0.1252443908E+001   0.9842246650E+000
 0.8787879   0.2251625031E+001   0.9832558382E+000   0.1261697914E+001   0.9957405383E+000
 0.8888889   0.2340951117E+001   0.1000782309E+001   0.1273384969E+001   0.1012920258E+001
 0.8989899   0.2457753259E+001   0.9876895889E+000   0.1282144409E+001   0.9953764485E+000
 0.9090909   0.2533033725E+001   0.9785005188E+000   0.1280505657E+001   0.1017487743E+001
 0.9191919   0.2663377916E+001   0.9847019230E+000   0.1284698021E+001   0.1015857521E+001
 0.9292929   0.2774742680E+001   0.9704262203E+000   0.1282444450E+001   0.9971068976E+000
 0.9393939   0.2896972080E+001   0.9693640690E+000   0.1290870828E+001   0.9901810101E+000
 0.9494949   0.3095420403E+001   0.1005580504E+001   0.1307571718E+001   0.1020717506E+001
 0.9595960   0.3235357871E+001   0.9603757357E+000   0.1320497294E+001   0.9836498941E+000
 0.9696970   0.3355357377E+001   0.9683798738E+000   0.1314916017E+001   0.9935805450E+000
 0.9797980   0.3563603893E+001   0.9470101699E+000   0.1316168744E+001   0.9644083630E+000
 0.9898990   0.3770789961E+001   0.9361411468E+000   0.1321667498E+001   0.9463429647E+000
 1.0000000   0.3863326208E+001   0.9484640503E+000   0.1327975219E+001   0.9689390307E+000


 0.0000000   0.1064081078E+001   0.9543060741E+000   0.8498055465E+000   0.1005690237E+001
 0.0101010   0.1071581074E+001   0.9399726440E+000   0.8466656832E+000   0.9790026838E+000
 0.0202020   0.1051304202E+001   0.9456063971E+000   0.8393286219E+000   0.9993192089E+000
 0.0303030   0.1048104712E+001   0.9623510584E+000   0.8475481173E+000   0.1002067205E+001
 0.0404040   0.9999210805E+000   0.9047588573E+000   0.8365655800E+000   0.9585696285E+000
 0.0505051   0.9599227400E+000   0.9585568596E+000   0.8374176327E+000   0.9991624227E+000
 0.0606061   0.9196974202E+000   0.9552909432E+000   0.8388128050E+000   0.9884458742E+000
 0.0707071   0.8624567804E+000   0.9614265644E+000   0.8408337591E+000   0.1024106259E+001
 0.0808081   0.8011483642E+000   0.9697073890E+000   0.8378636317E+000   0.1011785830E+001
 0.0909091   0.7238325224E+000   0.9487326961E+000   0.8146792434E+000   0.1004685958E+001
 0.1010101   0.6746241836E+000   0.9620963508E+000   0.8359147773E+000   0.1011887530E+001
 0.1111111   0.6238771594E+000   0.9182017543E+000   0.8302888483E+000   0.9907595300E+000
 0.1212121   0.5657478440E+000   0.9565059924E+000   0.8267994372E+000   0.1007736933E+001
 0.1313131   0.5251375131E+000   0.9572701150E+000   0.8255345436E+000   0.9948126651E+000
 0.1414141   0.4983039358E+000   0.9768976880E+000   0.8327562928E+000   0.1004885119E+001
 0.1515152   0.4610585467E+000   0.9591323100E+000   0.8216172498E+000   0.9831384495E+000
 0.1616162   0.4338090664E+000   0.9750694540E+000   0.8323162945E+000   0.1007946687E+001
 0.1717172   0.4100333867E+000   0.9500232142E+000   0.8268386603E+000   0.9871259039E+000
 0.1818182   0.4007608774E+000   0.9688753444E+000   0.8273361964E+000   0.9896916888E+000
 0.1919192   0.3910217561E+000   0.1000468511E+001   0.8400313674E+000   0.1024292708E+001
 0.2020202   0.3865224205E+000   0.9890953483E+000   0.8444068576E+000   0.1007355561E+001
 0.2121212   0.3837061725E+000   0.9798277679E+000   0.8419725542E+000   0.1004442304E+001
 0.2222222   0.3885967383E+000   0.9952687040E+000   0.8449832915E+000   0.1009656504E+001
 0.2323232   0.3878456393E+000   0.9570720091E+000   0.8517488880E+000   0.9830981936E+000
 0.2424242   0.3964164039E+000   0.9742638236E+000   0.8632416441E+000   0.9966856245E+000
 0.2525253   0.4086471290E+000   0.1007649376E+001   0.8680441376E+000   0.9920561942E+000
 0.2626263   0.4141079148E+000   0.9739902488E+000   0.8733018188E+000   0.1001317174E+001
 0.2727273   0.4308446938E+000   0.1027156199E+001   0.8952934218E+000   0.1026047018E+001
 0.2828283   0.4381353892E+000   0.1011900162E+001   0.8872880649E+000   0.1000259926E+001
 0.2929293   0.4538161516E+000   0.1022428073E+001   0.8936085113E+000   0.9953889603E+000
 0.3030303   0.4777746117E+000   0.9989100782E+000   0.9042652258E+000   0.9883441750E+000
 0.3131313   0.4916664873E+000   0.1030807007E+001   0.9131871374E+000   0.9684789400E+000
 0.3232323   0.5123184560E+000   0.1017733908E+001   0.9178381254E+000   0.1006791978E+001
 0.3333333   0.5313230839E+000   0.1001085469E+001   0.9341039695E+000   0.1011347253E+001
 0.3434343   0.5588916413E+000   0.1046564912E+001   0.9310515954E+000   0.9842465466E+000
 0.3535354   0.5933397012E+000   0.1014173662E+001   0.9418088862E+000   0.9904862135E+000
 0.3636364   0.6130643692E+000   0.1007955025E+001   0.9587380800E+000   0.9907319865E+000
 0.3737374   0.6417441953E+000   0.1011381313E+001   0.9729723211E+000   0.1015241483E+001
 0.3838384   0.6797939843E+000   0.1017788622E+001   0.9827761385E+000   0.9974653180E+000
 0.3939394   0.7207461133E+000   0.1017084875E+001   0.9868709596E+000   0.9973191255E+000
 0.4040404   0.7498764179E+000   0.1016015103E+001   0.1003337877E+001   0.1019050964E+001
 0.4141414   0.7988566470E+000   0.1020537577E+001   0.1013879294E+001   0.1008249666E+001
 0.4242424   0.8363447181E+000   0.1010011553E+001   0.1011500624E+001   0.9784475759E+000
 0.4343434   0.8903933021E+000   0.1009551193E+001   0.1023219340E+001   0.9874331201E+000
 0.4444444   0.9417981000E+000   0.1016590554E+001   0.1045309710E+001   0.1014158811E+001
 0.4545455   0.1000222019E+001   0.1016239623E+001   0.1054443421E+001   0.1002414677E+001
 0.4646465   0.1065286715E+001   0.1017428259E+001   0.1055763730E+001   0.1013074020E+001
 0.4747475   0.1136172686E+001   0.1026295854E+001   0.1068578563E+001   0.1001590490E+001
 0.4848485   0.1203780511E+001   0.1013373692E+001   0.1079364282E+001   0.9795429606E+000
 0.4949495   0.1286218828E+001   0.1014524593E+001   0.1108222776E+001   0.1017694975E+001
 0.5050505   0.1319087767E+001   0.1013039742E+001   0.1099804560E+001   0.1009446750E+001
 0.5151515   0.1304563171E+001   0.1016030197E+001   0.1108779698E+001   0.9859839071E+000
 0.5252525   0.1311619716E+001   0.1049428957E+001   0.1110674344E+001   0.9976305792E+000
 0.5353535   0.1305983619E+001   0.1016275471E+001   0.1099270439E+001   0.1010139575E+001
 0.5454545   0.1318091288E+001   0.1019675345E+001   0.1100242901E+001   0.9889819135E+000
 0.5555556   0.1326269652E+001   0.1038635018E+001   0.1104840512E+001   0.1012584593E+001
 0.5656566   0.1304632383E+001   0.9876652127E+000   0.1107070816E+001   0.1021409113E+001
 0.5757576   0.1308369960E+001   0.1002987285E+001   0.1110000304E+001   0.1014523233E+001
 0.5858586   0.1329884630E+001   0.1040116095E+001   0.1087531529E+001   0.9765004609E+000
 0.5959596   0.1309488558E+001   0.1028207104E+001   0.1094624800E+001   0.9940456839E+000
 0.6060606   0.1303783610E+001   0.1007977666E+001   0.1098268280E+001   0.9892954859E+000
 0.6161616   0.1321480264E+001   0.1032757878E+001   0.1104061198E+001   0.1011790068E+001
 0.6262626   0.1306874843E+001   0.1005464552E+001   0.1097855532E+001   0.9949355516E+000
 0.6363636   0.1302880439E+001   0.1035820028E+001   0.1099550306E+001   0.9943465439E+000
 0.6464646   0.1296124722E+001   0.1004521191E+001   0.1098111718E+001   0.1000238739E+001
 0.6565657   0.1311114522E+001   0.1004266483E+001   0.1102534351E+001   0.1006035591E+001
 0.6666667   0.1303770723E+001   0.1002462776E+001   0.1102234866E+001   0.9963423899E+000
 0.6767677   0.1331150998E+001   0.1008821031E+001   0.1097958649E+001   0.9960224613E+000
 0.6868687   0.1321662155E+001   0.9926499333E+000   0.1082902382E+001   0.9920074634E+000
 0.6969697   0.1312919782E+001   0.9819937252E+000   0.1101821855E+001   0.1009063259E+001
 0.7070707   0.1314309942E+001   0.1004187241E+001   0.1100323474E+001   0.1006529255E+001
 0.7171717   0.1319156333E+001   0.1006032455E+001   0.1098428684E+001   0.9937066868E+000
 0.7272727   0.1315813411E+001   0.1001621298E+001   0.1097130141E+001   0.9993827709E+000
 0.7373737   0.1325110949E+001   0.1027846740E+001   0.1092399132E+001   0.1015777522E+001
 0.7474747   0.1314713639E+001   0.1016626401E+001   0.1089874291E+001   0.1009908633E+001
 0.7575758   0.1320000065E+001   0.1020380979E+001   0.1087989443E+001   0.9992577657E+000
 0.7676768   0.1324881477E+001   0.1017965974E+001   0.1097309485E+001   0.9974314183E+000
 0.7777778   0.1319644844E+001   0.1011690736E+001   0.1096515070E+001   0.1011268860E+001
 0.7878788   0.1321008357E+001   0.1026078881E+001   0.1092927371E+001   0.1010629002E+001
 0.7979798   0.1314206690E+001   0.1009141774E+001   0.1095320294E+001   0.9953635355E+000
 0.8080808   0.1314802354E+001   0.1027148652E+001   0.1080558214E+001   0.9940117842E+000
 0.8181818   0.1311336788E+001   0.1019179137E+001   0.1085072728E+001   0.1001401923E+001
 0.8282828   0.1322412842E+001   0.1019118762E+001   0.1097423890E+001   0.1025036383E+001
 0.8383838   0.1298202357E+001   0.9894632592E+000   0.1086261241E+001   0.1004573665E+001
 0.8484848   0.1320572402E+001   0.1009743638E+001   0.1098555372E+001   0.1007794139E+001
 0.8585859   0.1303714844E+001   0.1000900570E+001   0.1092274390E+001   0.1008772993E+001
 0.8686869   0.1320177662E+001   0.1012503913E+001   0.1098811824E+001   0.1009910752E+001
 0.8787879   0.1312630130E+001   0.9951856882E+000   0.1093454973E+001   0.9887997025E+000
 0.8888889   0.1316987588E+001   0.1013688775E+001   0.1084853546E+001   0.9944122246E+000
 0.8989899   0.1315386545E+001   0.9859577290E+000   0.1092208262E+001   0.9838037315E+000
 0.9090909   0.1322225851E+001   0.1003189165E+001   0.1098183547E+001   0.9966157063E+000
 0.9191919   0.1309758585E+001   0.1028637276E+001   0.1097039709E+001   0.1013999906E+001
 0.9292929   0.1292476251E+001   0.1004158940E+001   0.1073448849E+001   0.9854563428E+000
 0.9393939   0.1314627019E+001   0.1037023757E+001   0.1078444024E+001   0.1016917400E+001
 0.9494949   0.1328659684E+001   0.1041219828E+001   0.1093101152E+001   0.1017474627E+001
 0.9595960   0.1302618299E+001   0.9840691198E+000   0.1076938127E+001   0.9846639368E+000
 0.9696970   0.1308623943E+001   0.1005600396E+001   0.1085196731E+001   0.9893802352E+000
 0.9797980   0.1310050553E+001   0.9927254022E+000   0.1084409407E+001   0.9791531138E+000
 0.9898990   0.1321455362E+001   0.1005926799E+001   0.1093433501E+001   0.9883081566E+000
 1.0000000   0.1310006945E+001   0.1006236221E+001   0.1093898560E+001   0.1005404208E+001


