 0.0000000   0.1539768259E+000   0.1054985795E+001   0.5660309624E+000   0.9162903788E+000
 0.0101010   0.1581303631E+000   0.1086933029E+001   0.5797263948E+000   0.9498546536E+000
 0.0202020   0.1515374336E+000   0.1064679527E+001   0.5669476988E+000   0.9311737829E+000
 0.0303030   0.1500390965E+000   0.1089629744E+001   0.5712891430E+000   0.9477060870E+000
 0.0404040   0.1403396654E+000   0.1076524655E+001   0.5634621648E+000   0.9461804382E+000
 0.0505051   0.1321135688E+000   0.1048740771E+001   0.5681451544E+000   0.9397147516E+000
 0.0606061   0.1256170287E+000   0.1051776132E+001   0.5754148150E+000   0.9383040261E+000
 0.0707071   0.1158410607E+000   0.1083170576E+001   0.5709124608E+000   0.9488719759E+000
 0.0808081   0.1062652038E+000   0.1074667084E+001   0.5647595834E+000   0.9440335371E+000
 0.0909091   0.9601133573E-001   0.1042443456E+001   0.5605773862E+000   0.9260905075E+000
 0.1010101   0.8979625575E-001   0.1059901137E+001   0.5717795955E+000   0.9575678412E+000
 0.1111111   0.8209219456E-001   0.1031250719E+001   0.5668207930E+000   0.9297047630E+000
 0.1212121   0.7774417367E-001   0.1044333397E+001   0.5787365814E+000   0.9773080053E+000
 0.1313131   0.7352448469E-001   0.1041975328E+001   0.5772054686E+000   0.9826161307E+000
 0.1414141   0.7046949767E-001   0.1044116764E+001   0.5833889252E+000   0.9502610492E+000
 0.1515152   0.6883234443E-001   0.1027450916E+001   0.5826273753E+000   0.9516234736E+000
 0.1616162   0.6648996254E-001   0.9897491960E+000   0.5951544712E+000   0.9638236678E+000
 0.1717172   0.6774096805E-001   0.1048372245E+001   0.5987592806E+000   0.9632906900E+000
 0.1818182   0.6724312034E-001   0.9824857448E+000   0.6106978322E+000   0.9640002167E+000
 0.1919192   0.7019250088E-001   0.1016905589E+001   0.6152116071E+000   0.9604442556E+000
 0.2020202   0.7073945463E-001   0.9975654365E+000   0.6209719009E+000   0.9552260702E+000
 0.2121212   0.7426816824E-001   0.9765768761E+000   0.6387652499E+000   0.9476228092E+000
 0.2222222   0.7849656252E-001   0.9927671264E+000   0.6473145951E+000   0.9718333243E+000
 0.2323232   0.8203715911E-001   0.1007244228E+001   0.6577722422E+000   0.9774862197E+000
 0.2424242   0.8897002478E-001   0.1010877199E+001   0.6665173187E+000   0.9945998027E+000
 0.2525253   0.9448287973E-001   0.1010316939E+001   0.6770561487E+000   0.9721847565E+000
 0.2626263   0.1008239525E+000   0.9991017922E+000   0.6944013764E+000   0.9810288563E+000
 0.2727273   0.1101796799E+000   0.1029848826E+001   0.7062418139E+000   0.9746064742E+000
 0.2828283   0.1154716510E+000   0.9680908144E+000   0.7164142543E+000   0.9840884818E+000
 0.2929293   0.1266492009E+000   0.9931854534E+000   0.7332984876E+000   0.9856591006E+000
 0.3030303   0.1375486222E+000   0.9717312552E+000   0.7453397732E+000   0.9860954762E+000
 0.3131313   0.1491174037E+000   0.9863751897E+000   0.7640322940E+000   0.9813419807E+000
 0.3232323   0.1642708218E+000   0.9807028750E+000   0.7820830037E+000   0.1008472215E+001
 0.3333333   0.1771872626E+000   0.9721919129E+000   0.7918239481E+000   0.9808739596E+000
 0.3434343   0.1956624250E+000   0.9601899125E+000   0.8156056179E+000   0.9982307137E+000
 0.3535354   0.2143782612E+000   0.9724633274E+000   0.8294310789E+000   0.9911820827E+000
 0.3636364   0.2369866970E+000   0.9762257802E+000   0.8571837665E+000   0.1010957223E+001
 0.3737374   0.2639636008E+000   0.9763278719E+000   0.8602832405E+000   0.9738752953E+000
 0.3838384   0.2965192206E+000   0.9785738894E+000   0.8949099725E+000   0.1000164424E+001
 0.3939394   0.3256991540E+000   0.9526849272E+000   0.9136468901E+000   0.1021172075E+001
 0.4040404   0.3594837434E+000   0.9686635240E+000   0.9344934064E+000   0.1004678079E+001
 0.4141414   0.3968451483E+000   0.9798487907E+000   0.9478178465E+000   0.9985638248E+000
 0.4242424   0.4342679157E+000   0.9580683971E+000   0.9798098327E+000   0.1011516850E+001
 0.4343434   0.4874954117E+000   0.9680982845E+000   0.1000406618E+001   0.9758922831E+000
 0.4444444   0.5426258427E+000   0.9437157974E+000   0.1016244489E+001   0.1005970550E+001
 0.4545455   0.6142225855E+000   0.9820425174E+000   0.1061465877E+001   0.1004753029E+001
 0.4646465   0.6874821887E+000   0.9769877330E+000   0.1091199335E+001   0.1025739029E+001
 0.4747475   0.7577317964E+000   0.9716391237E+000   0.1108476066E+001   0.1008732041E+001
 0.4848485   0.8481191215E+000   0.9596520635E+000   0.1132259383E+001   0.1007716052E+001
 0.4949495   0.9696400772E+000   0.9701899195E+000   0.1178676459E+001   0.1039379928E+001
 0.5050505   0.1004705378E+001   0.9791465990E+000   0.1188728697E+001   0.1018305654E+001
 0.5151515   0.1019421229E+001   0.9979762934E+000   0.1185541100E+001   0.1018683735E+001
 0.5252525   0.1021244100E+001   0.9851700096E+000   0.1187789120E+001   0.1001438574E+001
 0.5353535   0.1018632528E+001   0.9680584439E+000   0.1183337470E+001   0.1010987203E+001
 0.5454545   0.1037016085E+001   0.9975405361E+000   0.1183841443E+001   0.1004729711E+001
 0.5555556   0.1030147349E+001   0.9602197930E+000   0.1177042436E+001   0.1046640085E+001
 0.5656566   0.1052763150E+001   0.9790718978E+000   0.1188665244E+001   0.1020327639E+001
 0.5757576   0.1056175210E+001   0.9536137127E+000   0.1180663638E+001   0.9972447048E+000
 0.5858586   0.1064468471E+001   0.9905335591E+000   0.1202555685E+001   0.1035252682E+001
 0.5959596   0.1067167901E+001   0.9620375233E+000   0.1188323621E+001   0.1018715381E+001
 0.6060606   0.1093402279E+001   0.9765270753E+000   0.1192878587E+001   0.1000191073E+001
 0.6161616   0.1084277773E+001   0.9672068496E+000   0.1208284291E+001   0.1050126093E+001
 0.6262626   0.1103976485E+001   0.9676326468E+000   0.1206909724E+001   0.1045196048E+001
 0.6363636   0.1129802653E+001   0.9726475905E+000   0.1203049991E+001   0.1021175407E+001
 0.6464646   0.1157037982E+001   0.1004978290E+001   0.1192798181E+001   0.1025405918E+001
 0.6565657   0.1170420102E+001   0.9962332643E+000   0.1207228993E+001   0.1019165081E+001
 0.6666667   0.1189728859E+001   0.9824558643E+000   0.1190609795E+001   0.1022987531E+001
 0.6767677   0.1214716797E+001   0.9922591579E+000   0.1208980797E+001   0.1014326642E+001
 0.6868687   0.1256737774E+001   0.9877721030E+000   0.1213637859E+001   0.1017747693E+001
 0.6969697   0.1263337362E+001   0.9753492856E+000   0.1219237519E+001   0.1009551495E+001
 0.7070707   0.1286003372E+001   0.9726500805E+000   0.1221191148E+001   0.1019944561E+001
 0.7171717   0.1331658504E+001   0.9843283755E+000   0.1221729822E+001   0.1022263014E+001
 0.7272727   0.1366148422E+001   0.9908771849E+000   0.1227561794E+001   0.1006638438E+001
 0.7373737   0.1388589046E+001   0.9778467973E+000   0.1225258391E+001   0.1019709718E+001
 0.7474747   0.1434059114E+001   0.1001078885E+001   0.1234452529E+001   0.1028767009E+001
 0.7575758   0.1466168131E+001   0.9728567540E+000   0.1234425018E+001   0.1002256361E+001
 0.7676768   0.1529379632E+001   0.9897716064E+000   0.1257191426E+001   0.1031022171E+001
 0.7777778   0.1575983346E+001   0.9977721100E+000   0.1256570012E+001   0.1019529838E+001
 0.7878788   0.1619408574E+001   0.1000665538E+001   0.1261943726E+001   0.1034857945E+001
 0.7979798   0.1649781870E+001   0.9892835583E+000   0.1260567641E+001   0.1018005854E+001
 0.8080808   0.1705900454E+001   0.9942985020E+000   0.1254708114E+001   0.1022254686E+001
 0.8181818   0.1796124242E+001   0.1002675002E+001   0.1280837750E+001   0.1034628098E+001
 0.8282828   0.1855974189E+001   0.1012341343E+001   0.1278816800E+001   0.1040865604E+001
 0.8383838   0.1913030947E+001   0.1008969827E+001   0.1277090045E+001   0.1032362943E+001
 0.8484848   0.1989970097E+001   0.1001489742E+001   0.1292939283E+001   0.1022642761E+001
 0.8585859   0.2048347279E+001   0.9863104486E+000   0.1286161515E+001   0.1009678077E+001
 0.8686869   0.2150277971E+001   0.1006312953E+001   0.1293013971E+001   0.1012362952E+001
 0.8787879   0.2247750334E+001   0.1013929990E+001   0.1309845997E+001   0.1030880599E+001
 0.8888889   0.2328354699E+001   0.9939648364E+000   0.1319544457E+001   0.1022782668E+001
 0.8989899   0.2436557270E+001   0.1006103789E+001   0.1333841456E+001   0.1029706382E+001
 0.9090909   0.2531414749E+001   0.1016728797E+001   0.1340663653E+001   0.1041288655E+001
 0.9191919   0.2642660721E+001   0.1013775607E+001   0.1334133536E+001   0.1030445889E+001
 0.9292929   0.2759678262E+001   0.1012590347E+001   0.1346358539E+001   0.1039691387E+001
 0.9393939   0.2929790224E+001   0.1001337850E+001   0.1352023965E+001   0.1023375605E+001
 0.9494949   0.3054314753E+001   0.1008788054E+001   0.1377596827E+001   0.1044499846E+001
 0.9595960   0.3214541348E+001   0.1001168527E+001   0.1366469718E+001   0.1021943228E+001
 0.9696970   0.3348533375E+001   0.1014435468E+001   0.1390342882E+001   0.1037975865E+001
 0.9797980   0.3553747015E+001   0.1024305993E+001   0.1399100385E+001   0.1032031497E+001
 0.9898990   0.3720459106E+001   0.1014654592E+001   0.1398901723E+001   0.1027637762E+001
 1.0000000   0.3824850371E+001   0.1040217359E+001   0.1425023707E+001   0.1073249000E+001


 0.0000000   0.1094233132E+001   0.1047086305E+001   0.8271737417E+000   0.9570529066E+000
 0.0101010   0.1080310353E+001   0.1033619879E+001   0.8315756913E+000   0.9638637928E+000
 0.0202020   0.1058463838E+001   0.1031677330E+001   0.8271523356E+000   0.9795799041E+000
 0.0303030   0.1048666415E+001   0.1041098572E+001   0.8120951150E+000   0.9534572248E+000
 0.0404040   0.1011761113E+001   0.1055112161E+001   0.8193812967E+000   0.9741212547E+000
 0.0505051   0.9726968029E+000   0.1053585361E+001   0.8272008066E+000   0.9922487693E+000
 0.0606061   0.9057183910E+000   0.1032310510E+001   0.8112108388E+000   0.9822038262E+000
 0.0707071   0.8483295414E+000   0.9940329827E+000   0.8097415161E+000   0.9459967851E+000
 0.0808081   0.8067777647E+000   0.1054120577E+001   0.8124420464E+000   0.9888776035E+000
 0.0909091   0.7486570521E+000   0.1048010987E+001   0.8039945532E+000   0.9733208813E+000
 0.1010101   0.6910407340E+000   0.1016918261E+001   0.7985401383E+000   0.9610582013E+000
 0.1111111   0.6305948184E+000   0.1003332367E+001   0.7970692050E+000   0.9447542354E+000
 0.1212121   0.5797831957E+000   0.1008913909E+001   0.8041752450E+000   0.9653240029E+000
 0.1313131   0.5288960532E+000   0.9848315620E+000   0.7907139779E+000   0.9475358329E+000
 0.1414141   0.4931056924E+000   0.1011996182E+001   0.8000009308E+000   0.9688305638E+000
 0.1515152   0.4654052147E+000   0.1025381370E+001   0.8045354112E+000   0.9919694099E+000
 0.1616162   0.4312475078E+000   0.9814601768E+000   0.7914553420E+000   0.9638346571E+000
 0.1717172   0.4199010916E+000   0.9758738560E+000   0.7897556698E+000   0.9637215422E+000
 0.1818182   0.4051844442E+000   0.9857586332E+000   0.8023795451E+000   0.9594968733E+000
 0.1919192   0.3882826642E+000   0.9676234002E+000   0.8058606143E+000   0.9666196823E+000
 0.2020202   0.3890446602E+000   0.9824637075E+000   0.8112334892E+000   0.9516233929E+000
 0.2121212   0.3857682566E+000   0.9824613181E+000   0.8144820433E+000   0.9866341586E+000
 0.2222222   0.3818445481E+000   0.9812045154E+000   0.8161441864E+000   0.9629468768E+000
 0.2323232   0.3883076356E+000   0.9925945887E+000   0.8241514909E+000   0.9507955977E+000
 0.2424242   0.3968681533E+000   0.9743351090E+000   0.8358936154E+000   0.9561719817E+000
 0.2525253   0.4020365689E+000   0.9598101970E+000   0.8519355851E+000   0.1002024636E+001
 0.2626263   0.4172993592E+000   0.9903462021E+000   0.8464632409E+000   0.9719720722E+000
 0.2727273   0.4285375044E+000   0.1003533073E+001   0.8629873002E+000   0.9886445183E+000
 0.2828283   0.4402854060E+000   0.9778618025E+000   0.8699386834E+000   0.9893112105E+000
 0.2929293   0.4562511937E+000   0.9923006976E+000   0.8730716856E+000   0.9840102364E+000
 0.3030303   0.4721127617E+000   0.1000940619E+001   0.8873474793E+000   0.9895425818E+000
 0.3131313   0.4998214913E+000   0.1016010305E+001   0.8956785817E+000   0.9762790065E+000
 0.3232323   0.5147650817E+000   0.9905827486E+000   0.9052267707E+000   0.9803802774E+000
 0.3333333   0.5326310343E+000   0.9635352073E+000   0.9072444467E+000   0.9873025646E+000
 0.3434343   0.5616036288E+000   0.9758212901E+000   0.9189964337E+000   0.9780699920E+000
 0.3535354   0.5898081431E+000   0.1006046679E+001   0.9286739952E+000   0.1012911085E+001
 0.3636364   0.6142693265E+000   0.9913449540E+000   0.9356442648E+000   0.9715813118E+000
 0.3737374   0.6423470710E+000   0.9969264961E+000   0.9479116561E+000   0.9799603813E+000
 0.3838384   0.6701626409E+000   0.9673988004E+000   0.9710085671E+000   0.9881680648E+000
 0.3939394   0.7122399428E+000   0.9935742258E+000   0.9776601913E+000   0.1012117567E+001
 0.4040404   0.7520049125E+000   0.9906878804E+000   0.9853812034E+000   0.1021888293E+001
 0.4141414   0.7954875235E+000   0.9863894240E+000   0.1000654945E+001   0.1005786562E+001
 0.4242424   0.8393653592E+000   0.9853046551E+000   0.1005952344E+001   0.9902692591E+000
 0.4343434   0.8825635291E+000   0.9635543222E+000   0.1020226810E+001   0.1027593738E+001
 0.4444444   0.9439446087E+000   0.9890678951E+000   0.1042500678E+001   0.9883223123E+000
 0.4545455   0.1000716217E+001   0.1003879530E+001   0.1043004856E+001   0.1001208838E+001
 0.4646465   0.1052520257E+001   0.9829152963E+000   0.1056691244E+001   0.1008134553E+001
 0.4747475   0.1139202594E+001   0.9945347480E+000   0.1079581791E+001   0.1036886296E+001
 0.4848485   0.1197002631E+001   0.1010834954E+001   0.1097422393E+001   0.1033511702E+001
 0.4949495   0.1281429229E+001   0.1017016225E+001   0.1111368889E+001   0.1017653341E+001
 0.5050505   0.1314731899E+001   0.1002324058E+001   0.1118965082E+001   0.1020150437E+001
 0.5151515   0.1303391496E+001   0.9797995725E+000   0.1112227704E+001   0.1018170927E+001
 0.5252525   0.1319112680E+001   0.9892208141E+000   0.1111519405E+001   0.1020637174E+001
 0.5353535   0.1299805505E+001   0.9827289263E+000   0.1120371176E+001   0.1018652522E+001
 0.5454545   0.1315419438E+001   0.1008053740E+001   0.1107960106E+001   0.1000192518E+001
 0.5555556   0.1293601594E+001   0.9777757856E+000   0.1127108264E+001   0.1018753640E+001
 0.5656566   0.1301974743E+001   0.9858661544E+000   0.1111083610E+001   0.1001073443E+001
 0.5757576   0.1300542860E+001   0.9592343615E+000   0.1111691383E+001   0.1014726065E+001
 0.5858586   0.1323733534E+001   0.1004586780E+001   0.1111756272E+001   0.1005543194E+001
 0.5959596   0.1335845413E+001   0.1026793481E+001   0.1117139543E+001   0.1027974215E+001
 0.6060606   0.1314273870E+001   0.9730830850E+000   0.1124471986E+001   0.1034039572E+001
 0.6161616   0.1296220051E+001   0.9892399290E+000   0.1114404931E+001   0.1020417799E+001
 0.6262626   0.1302778359E+001   0.9742323665E+000   0.1109684381E+001   0.1015834933E+001
 0.6363636   0.1305300112E+001   0.9948859837E+000   0.1119868828E+001   0.1034953060E+001
 0.6464646   0.1302968259E+001   0.9911179650E+000   0.1111772666E+001   0.1003795055E+001
 0.6565657   0.1309199170E+001   0.1018385327E+001   0.1116755930E+001   0.1031542475E+001
 0.6666667   0.1315647406E+001   0.1006161368E+001   0.1108467955E+001   0.1033713938E+001
 0.6767677   0.1325897835E+001   0.1011680787E+001   0.1120994308E+001   0.1017629346E+001
 0.6868687   0.1321855221E+001   0.9968046388E+000   0.1112220893E+001   0.1005335817E+001
 0.6969697   0.1314378867E+001   0.9991677147E+000   0.1112468242E+001   0.1016388511E+001
 0.7070707   0.1314316460E+001   0.9901598321E+000   0.1115462686E+001   0.1005810557E+001
 0.7171717   0.1308774834E+001   0.9878206499E+000   0.1108038121E+001   0.1003793341E+001
 0.7272727   0.1325156849E+001   0.1011888661E+001   0.1122486426E+001   0.1030000000E+001
 0.7373737   0.1331404436E+001   0.1010679645E+001   0.1120663626E+001   0.1014470699E+001
 0.7474747   0.1310232224E+001   0.1018571697E+001   0.1114276077E+001   0.1038463049E+001
 0.7575758   0.1324408046E+001   0.1022647943E+001   0.1114800225E+001   0.1038425344E+001
 0.7676768   0.1315834825E+001   0.1004192536E+001   0.1120370978E+001   0.1025600517E+001
 0.7777778   0.1314288749E+001   0.1019016118E+001   0.1118561261E+001   0.1036012226E+001
 0.7878788   0.1307216594E+001   0.9974617125E+000   0.1109764472E+001   0.1008753257E+001
 0.7979798   0.1323121523E+001   0.1025180664E+001   0.1118712589E+001   0.1032264011E+001
 0.8080808   0.1315323551E+001   0.9970292386E+000   0.1112424577E+001   0.1007164507E+001
 0.8181818   0.1305641847E+001   0.9985536495E+000   0.1101994631E+001   0.1000079403E+001
 0.8282828   0.1320529125E+001   0.1005874645E+001   0.1107224531E+001   0.1012184408E+001
 0.8383838   0.1314098748E+001   0.9972825106E+000   0.1118898663E+001   0.1014952295E+001
 0.8484848   0.1318590254E+001   0.9974927742E+000   0.1115643429E+001   0.1015654978E+001
 0.8585859   0.1318899098E+001   0.1014591026E+001   0.1108779046E+001   0.1025312588E+001
 0.8686869   0.1308113059E+001   0.9861648242E+000   0.1128017632E+001   0.1023021155E+001
 0.8787879   0.1308518521E+001   0.1000723187E+001   0.1119067677E+001   0.1024743586E+001
 0.8888889   0.1321207936E+001   0.1000954955E+001   0.1113816903E+001   0.1011118386E+001
 0.8989899   0.1300618535E+001   0.9904226616E+000   0.1107356860E+001   0.1002389689E+001
 0.9090909   0.1324090840E+001   0.1024365892E+001   0.1112851173E+001   0.1005047888E+001
 0.9191919   0.1307986093E+001   0.1007635602E+001   0.1106190339E+001   0.1013056764E+001
 0.9292929   0.1306049896E+001   0.1009716734E+001   0.1108481257E+001   0.1031696723E+001
 0.9393939   0.1306008678E+001   0.9939947529E+000   0.1109650400E+001   0.1016028600E+001
 0.9494949   0.1311398384E+001   0.9984700219E+000   0.1115566276E+001   0.1020769141E+001
 0.9595960   0.1310855284E+001   0.1016282692E+001   0.1109234000E+001   0.1011054973E+001
 0.9696970   0.1316755453E+001   0.1010720264E+001   0.1120626887E+001   0.1029610953E+001
 0.9797980   0.1302710701E+001   0.1005654824E+001   0.1103046508E+001   0.1019319214E+001
 0.9898990   0.1306691158E+001   0.9815533618E+000   0.1126967763E+001   0.1016904383E+001
 1.0000000   0.1295182901E+001   0.9877322436E+000   0.1099159440E+001   0.1011202365E+001


