Compiled using GNU Fortran (Ubuntu 9.4.0-1ubuntu1~20.04.2) 9.4.0 with all optimizations
Last Brick update unknown
Compiled at 18:43:37 on Sep  2 2023
Starting at 16:56:20 on Sep 11 2023

Settings
OK                      

Forcefield
OK                      

Topology
OK                      

Configuration
OK                      Read from ./INPUT/restart.in

 F
Monte Carlo Simulation initialized.

#########################################################################################################################
###########################################   ENERGY STARTING CONFIGURATION   ###########################################
#########################################################################################################################
                                               Box 1               Box 2
-------------------------------------------------------------------------------------------------------------------------
Lennard Jones        
 Intermolecular                         -0.4785948839E+006  -0.6376877030E+005
 Tailcorrection                         -0.1184858278E+005  -0.1445970445E+004
Total Intermolecular                    -0.4904434667E+006  -0.6521474075E+005

Electrostatic        
 Real                                   -0.1391887897E+006  -0.9561690639E+004
 Exclusion                               0.8330120773E+007   0.3054885698E+007
 Selfterm                               -0.8356876284E+007  -0.3057966376E+007
 Fourier                                 0.1292337885E+005   0.3033552015E+004
Total Intermolecular                    -0.1530209226E+006  -0.9608816993E+004

Intramolecular       
 Lennard Jones                           0.0000000000E+000   0.0000000000E+000
 Electrostatic                           0.0000000000E+000   0.0000000000E+000
 Bending                                 0.0000000000E+000   0.0000000000E+000
 Torsion                                 0.0000000000E+000   0.0000000000E+000

Total                                   -0.6434643893E+006  -0.7482355774E+005

#########################################################################################################################

Simulation is running...



#########################################################################################################################
###############################################   RELATIVE ENERGY DRIFTS   ##############################################
#########################################################################################################################
                                               Box 1               Box 2                                                 
-------------------------------------------------------------------------------------------------------------------------

Lennard Jones        
 Intermolecular                          0.1066650614E-014   0.4368766015E-015
 Tailcorrection                          0.0000000000E+000   0.0000000000E+000

Electrostatic        
 Real                                    0.1546906090E-014   0.1718713311E-014
 Exclusion                               0.0000000000E+000   0.1524794957E-015
 Selfterm                                0.0000000000E+000   0.0000000000E+000
 Fourier                                 0.0000000000E+000   0.2971556491E-015

Intramolecular       
 Lennard Jones                           0.0000000000E+000   0.0000000000E+000
 Electrostatic                           0.0000000000E+000   0.0000000000E+000
 Bending                                 0.0000000000E+000   0.0000000000E+000
 Torsion                                 0.0000000000E+000   0.0000000000E+000

Total                                    0.3414745351E-014   0.6117061207E-014

#########################################################################################################################
############################################   TRIAL MOVE ACCEPTANCE RATES   ############################################
#########################################################################################################################
                                               Box 1               Box 2
-------------------------------------------------------------------------------------------------------------------------
Translation
 CO2                                          0.50710             0.48005
 AR                                           0.50982             0.55591
-------------------------------------------------------------------------------------------------------------------------
Rotation
 CO2                                          0.51053             0.69810
 AR                                           0.00000             0.00000
-------------------------------------------------------------------------------------------------------------------------
Lambda Move
 cd                                           0.74900             0.93472
 Ar                                           0.83155             0.96219
-------------------------------------------------------------------------------------------------------------------------
GE Swap Fractional
 cd                                           0.36100             0.37956
 Ar                                           0.43676             0.47297
-------------------------------------------------------------------------------------------------------------------------
GE Identity Change
 cd                                           0.76647             0.81606
 Ar                                           0.85929             0.97272
-------------------------------------------------------------------------------------------------------------------------
Volume                                        0.47269             0.50466

#########################################################################################################################
######################################################   AVERAGES   #####################################################
#########################################################################################################################
                                                       Boltzmann                                    Biased
                                               Box 1               Box 2                  Box 1               Box 2      
-------------------------------------------------------------------------------------------------------------------------
Density
 CO2                                     0.9096463619E+003   0.7253102618E+002      0.9083872146E+003   0.7249902658E+002
 AR                                      0.8740376299E+002   0.9206069561E+002      0.8755429732E+002   0.9220555266E+002
 Total                                   0.9970501249E+003   0.1645917218E+003      0.9959415120E+003   0.1647045792E+003

Number of molecules
 CO2                                     0.4876142384E+003   0.1923857616E+003      0.4881640300E+003   0.1918359700E+003
 AR                                      0.5175419782E+002   0.2682458022E+003      0.5197126000E+002   0.2680287400E+003
 Total                                   0.5393684362E+003   0.4606315638E+003      0.5401352900E+003   0.4598647100E+003

Mole fractions
 CO2                                          0.90405             0.41766                 0.90378             0.41716
 AR                                           0.09595             0.58234                 0.09622             0.58284

Volume                                   0.3920225322E+005   0.1942078753E+006      0.3930096822E+005   0.1937417561E+006

#########################################################################################################################
#######################################   PROPERTIES FROM THE CFC GIBBS ENSEMBLE   ######################################
#########################################################################################################################
                                                       Boltzmann                                    Biased
                                               Box 1               Box 2                  Box 1               Box 2      
Chemical Potentials (as an indication)
=========================================================================================================================

Total cd                                -0.1932047024E+004  -0.1935121539E+004     -0.1932397473E+004  -0.1935233183E+004
 Ideal gas                              -0.1109723406E+004  -0.1749570904E+004     -0.1110073855E+004  -0.1749682548E+004
 Excess                                 -0.8223236178E+003  -0.1855506353E+003     -0.8223236178E+003  -0.1855506353E+003

-------------------------------------------------------------------------------------------------------------------------

Total Ar                                -0.1732341874E+004  -0.1729088462E+004     -0.1731906511E+004  -0.1728690680E+004
 Ideal gas                              -0.1677880269E+004  -0.1664747101E+004     -0.1677444906E+004  -0.1664349319E+004
 Excess                                 -0.5446160515E+002  -0.6434136122E+002     -0.5446160515E+002  -0.6434136122E+002

-------------------------------------------------------------------------------------------------------------------------

#########################################################################################################################
#########################################   PROPERTIES FROM UMBRELLA SAMPLING   #########################################
#########################################################################################################################

Excess Partial Molar Enthalpy
=========================================================================================================================


Partial Molar Volume
=========================================================================================================================


#########################################################################################################################
##################################################   AVERAGE ENERGIES   #################################################
#########################################################################################################################
                                                       Boltzmann                                    Biased
                                               Box 1               Box 2                  Box 1               Box 2      
-------------------------------------------------------------------------------------------------------------------------
Lennard Jones        
 Intermolecular                         -0.5279989674E+006  -0.5924691114E+005     -0.5282379210E+006  -0.5906443396E+005
 Tailcorrection                         -0.1297005303E+005  -0.1341703690E+004     -0.1297797929E+005  -0.1337771700E+004
Total Intermolecular                    -0.5409690204E+006  -0.6058861483E+005     -0.5412159003E+006  -0.6040220566E+005

Electrostatic        
 Real                                   -0.1493092915E+006  -0.7424710681E+004     -0.1491911418E+006  -0.7404962877E+004
 Exclusion                               0.8930927339E+007   0.2612855003E+007      0.8938906747E+007   0.2604930387E+007
 Selfterm                               -0.8959613000E+007  -0.2615489881E+007     -0.8967617861E+007  -0.2607557242E+007
 Fourier                                 0.1392290615E+005   0.2498831290E+004      0.1395528946E+005   0.2491959428E+004
Total Intermolecular                    -0.1640720461E+006  -0.7560758194E+004     -0.1639469661E+006  -0.7539857970E+004

Intramolecular       
 Lennard Jones                           0.0000000000E+000   0.0000000000E+000      0.0000000000E+000   0.0000000000E+000
 Electrostatic                           0.0000000000E+000   0.0000000000E+000      0.0000000000E+000   0.0000000000E+000
 Bending                                 0.0000000000E+000   0.0000000000E+000      0.0000000000E+000   0.0000000000E+000
 Torsion                                 0.0000000000E+000   0.0000000000E+000      0.0000000000E+000   0.0000000000E+000

Total                                   -0.7050410665E+006  -0.6814937303E+005     -0.7051628664E+006  -0.6794206363E+005

#########################################################################################################################

No errors found in bookkeeping.

Total simulation time:  17 hours and  10 minutes

Simulation finished.

