Compiled using GNU Fortran (Ubuntu 9.4.0-1ubuntu1~20.04.2) 9.4.0 with all optimizations
Last Brick update unknown
Compiled at 18:43:37 on Sep  2 2023
Starting at 16:56:20 on Sep 11 2023

Settings
OK                      

Forcefield
OK                      

Topology
OK                      

Configuration
OK                      Read from ./INPUT/restart.in

 F
Monte Carlo Simulation initialized.

#########################################################################################################################
###########################################   ENERGY STARTING CONFIGURATION   ###########################################
#########################################################################################################################
                                               Box 1               Box 2
-------------------------------------------------------------------------------------------------------------------------
Lennard Jones        
 Intermolecular                         -0.4905170632E+006  -0.4497285647E+005
 Tailcorrection                         -0.1168442180E+005  -0.9698515115E+003
Total Intermolecular                    -0.5022014850E+006  -0.4594270798E+005

Electrostatic        
 Real                                   -0.1495982709E+006  -0.1145326468E+005
 Exclusion                               0.8403352604E+007   0.4560531363E+007
 Selfterm                               -0.8430343329E+007  -0.4565130119E+007
 Fourier                                 0.1200214139E+005   0.3768412209E+004
Total Intermolecular                    -0.1645868545E+006  -0.1228360869E+005

Intramolecular       
 Lennard Jones                           0.0000000000E+000   0.0000000000E+000
 Electrostatic                           0.0000000000E+000   0.0000000000E+000
 Bending                                 0.0000000000E+000   0.0000000000E+000
 Torsion                                 0.0000000000E+000   0.0000000000E+000

Total                                   -0.6667883395E+006  -0.5822631667E+005

#########################################################################################################################

Simulation is running...



#########################################################################################################################
###############################################   RELATIVE ENERGY DRIFTS   ##############################################
#########################################################################################################################
                                               Box 1               Box 2                                                 
-------------------------------------------------------------------------------------------------------------------------

Lennard Jones        
 Intermolecular                          0.3045419664E-014   0.5273675894E-015
 Tailcorrection                          0.0000000000E+000   0.0000000000E+000

Electrostatic        
 Real                                    0.5280659305E-014   0.3474403741E-015
 Exclusion                               0.0000000000E+000   0.0000000000E+000
 Selfterm                                0.0000000000E+000   0.0000000000E+000
 Fourier                                 0.1496572751E-015   0.2828511406E-015

Intramolecular       
 Lennard Jones                           0.0000000000E+000   0.0000000000E+000
 Electrostatic                           0.0000000000E+000   0.0000000000E+000
 Bending                                 0.0000000000E+000   0.0000000000E+000
 Torsion                                 0.0000000000E+000   0.0000000000E+000

Total                                    0.1446875177E-014   0.0000000000E+000

#########################################################################################################################
############################################   TRIAL MOVE ACCEPTANCE RATES   ############################################
#########################################################################################################################
                                               Box 1               Box 2
-------------------------------------------------------------------------------------------------------------------------
Translation
 CO2                                          0.49378             0.51120
 AR                                           0.48606             0.69129
-------------------------------------------------------------------------------------------------------------------------
Rotation
 CO2                                          0.48425             0.77351
 AR                                           0.00000             0.00000
-------------------------------------------------------------------------------------------------------------------------
Lambda Move
 cd                                           0.73897             0.95312
 Ar                                           0.82351             0.97323
-------------------------------------------------------------------------------------------------------------------------
GE Swap Fractional
 cd                                           0.38067             0.34787
 Ar                                           0.48322             0.43710
-------------------------------------------------------------------------------------------------------------------------
GE Identity Change
 cd                                           0.84054             0.73880
 Ar                                           0.90991             0.84081
-------------------------------------------------------------------------------------------------------------------------
Volume                                        0.51265             0.49530

#########################################################################################################################
######################################################   AVERAGES   #####################################################
#########################################################################################################################
                                                       Boltzmann                                    Biased
                                               Box 1               Box 2                  Box 1               Box 2      
-------------------------------------------------------------------------------------------------------------------------
Density
 CO2                                     0.9935061193E+003   0.5655280030E+002      0.9913183524E+003   0.5657406883E+002
 AR                                      0.2737809963E+002   0.2854863815E+002      0.2756933217E+002   0.2861474095E+002
 Total                                   0.1020884219E+004   0.8510143844E+002      0.1018887685E+004   0.8518880978E+002

Number of molecules
 CO2                                     0.4505025531E+003   0.3444974469E+003      0.4514583000E+003   0.3435417000E+003
 AR                                      0.1374806595E+002   0.1912519340E+003      0.1390636000E+002   0.1910936400E+003
 Total                                   0.4642506191E+003   0.5357493809E+003      0.4653646600E+003   0.5346353400E+003

Mole fractions
 CO2                                          0.97039             0.64302                 0.97012             0.64257
 AR                                           0.02961             0.35698                 0.02988             0.35743

Volume                                   0.3316184138E+005   0.4460549821E+006      0.3330620712E+005   0.4446439639E+006

#########################################################################################################################
#######################################   PROPERTIES FROM THE CFC GIBBS ENSEMBLE   ######################################
#########################################################################################################################
                                                       Boltzmann                                    Biased
                                               Box 1               Box 2                  Box 1               Box 2      
Chemical Potentials (as an indication)
=========================================================================================================================

Total cd                                -0.1941420507E+004  -0.1939951626E+004     -0.1941978244E+004  -0.1939856495E+004
 Ideal gas                              -0.1087412775E+004  -0.1812527347E+004     -0.1087970513E+004  -0.1812432216E+004
 Excess                                 -0.8540077315E+003  -0.1274242784E+003     -0.8540077315E+003  -0.1274242784E+003

-------------------------------------------------------------------------------------------------------------------------

Total Ar                                -0.2006898202E+004  -0.2006732594E+004     -0.2005137172E+004  -0.2006147464E+004
 Ideal gas                              -0.1971561386E+004  -0.1960969332E+004     -0.1969800356E+004  -0.1960384202E+004
 Excess                                 -0.3533681640E+002  -0.4576326189E+002     -0.3533681640E+002  -0.4576326189E+002

-------------------------------------------------------------------------------------------------------------------------

#########################################################################################################################
#########################################   PROPERTIES FROM UMBRELLA SAMPLING   #########################################
#########################################################################################################################

Excess Partial Molar Enthalpy
=========================================================================================================================


Partial Molar Volume
=========================================================================================================================


#########################################################################################################################
##################################################   AVERAGE ENERGIES   #################################################
#########################################################################################################################
                                                       Boltzmann                                    Biased
                                               Box 1               Box 2                  Box 1               Box 2      
-------------------------------------------------------------------------------------------------------------------------
Lennard Jones        
 Intermolecular                         -0.4863673557E+006  -0.4802834467E+005     -0.4870085331E+006  -0.4787301316E+005
 Tailcorrection                         -0.1186113947E+005  -0.9401758214E+003     -0.1187948942E+005  -0.9373036126E+003
Total Intermolecular                    -0.4982284952E+006  -0.4896852049E+005     -0.4988880225E+006  -0.4881031678E+005

Electrostatic        
 Real                                   -0.1493982284E+006  -0.1040197798E+005     -0.1494175958E+006  -0.1037371912E+005
 Exclusion                               0.8250062520E+007   0.4677878904E+007      0.8266773959E+007   0.4664149066E+007
 Selfterm                               -0.8276561148E+007  -0.4682596147E+007     -0.8293326230E+007  -0.4668852408E+007
 Fourier                                 0.1190916078E+005   0.3521159782E+004      0.1196010378E+005   0.3516725108E+004
Total Intermolecular                    -0.1639876957E+006  -0.1159806103E+005     -0.1640097627E+006  -0.1156033592E+005

Intramolecular       
 Lennard Jones                           0.0000000000E+000   0.0000000000E+000      0.0000000000E+000   0.0000000000E+000
 Electrostatic                           0.0000000000E+000   0.0000000000E+000      0.0000000000E+000   0.0000000000E+000
 Bending                                 0.0000000000E+000   0.0000000000E+000      0.0000000000E+000   0.0000000000E+000
 Torsion                                 0.0000000000E+000   0.0000000000E+000      0.0000000000E+000   0.0000000000E+000

Total                                   -0.6622161909E+006  -0.6056658152E+005     -0.6628977852E+006  -0.6037065269E+005

#########################################################################################################################

No errors found in bookkeeping.

Total simulation time:  18 hours and  21 minutes

Simulation finished.

