#   100 bins for weightfunction of cd                      
 0.0000000    0.3131494141E+001    0.1874218750E+001
 0.0101010    0.3144696045E+001    0.1879443359E+001
 0.0202020    0.3167059326E+001    0.1909326172E+001
 0.0303030    0.3166088867E+001    0.1877838135E+001
 0.0404040    0.3212805176E+001    0.1886480713E+001
 0.0505051    0.3266308594E+001    0.1906799316E+001
 0.0606061    0.3334942627E+001    0.1915270996E+001
 0.0707071    0.3392248535E+001    0.1909906006E+001
 0.0808081    0.3462884521E+001    0.1905120850E+001
 0.0909091    0.3524670410E+001    0.1904351807E+001
 0.1010101    0.3566625977E+001    0.1891375732E+001
 0.1111111    0.3646728516E+001    0.1916894531E+001
 0.1212121    0.3691137695E+001    0.1912493896E+001
 0.1313131    0.3729187012E+001    0.1895074463E+001
 0.1414141    0.3745379639E+001    0.1868365479E+001
 0.1515152    0.3773596191E+001    0.1880432129E+001
 0.1616162    0.3749920654E+001    0.1870941162E+001
 0.1717172    0.3763238525E+001    0.1860144043E+001
 0.1818182    0.3744842529E+001    0.1848400879E+001
 0.1919192    0.3727850342E+001    0.1842059326E+001
 0.2020202    0.3633862305E+001    0.1806152344E+001
 0.2121212    0.3620166016E+001    0.1794616699E+001
 0.2222222    0.3585955811E+001    0.1760156250E+001
 0.2323232    0.3552807617E+001    0.1757641602E+001
 0.2424242    0.3446807861E+001    0.1741156006E+001
 0.2525253    0.3379101562E+001    0.1719793701E+001
 0.2626263    0.3351300049E+001    0.1718035889E+001
 0.2727273    0.3295288086E+001    0.1670025635E+001
 0.2828283    0.3202801514E+001    0.1653167725E+001
 0.2929293    0.3118139648E+001    0.1623559570E+001
 0.3030303    0.3049145508E+001    0.1591094971E+001
 0.3131313    0.2928942871E+001    0.1566131592E+001
 0.3232323    0.2872741699E+001    0.1526379395E+001
 0.3333333    0.2805084229E+001    0.1511358643E+001
 0.3434343    0.2692047119E+001    0.1488952637E+001
 0.3535354    0.2596282959E+001    0.1449255371E+001
 0.3636364    0.2522564697E+001    0.1420166016E+001
 0.3737374    0.2430169678E+001    0.1405670166E+001
 0.3838384    0.2307690430E+001    0.1364050293E+001
 0.3939394    0.2222601318E+001    0.1336791992E+001
 0.4040404    0.2120043945E+001    0.1313110352E+001
 0.4141414    0.2039605713E+001    0.1279211426E+001
 0.4242424    0.1912719727E+001    0.1230694580E+001
 0.4343434    0.1814825439E+001    0.1218267822E+001
 0.4444444    0.1731103516E+001    0.1183398438E+001
 0.4545455    0.1626898193E+001    0.1140032959E+001
 0.4646465    0.1524212646E+001    0.1114178467E+001
 0.4747475    0.1428680420E+001    0.1095245361E+001
 0.4848485    0.1308813477E+001    0.1076647949E+001
 0.4949495    0.1183068848E+001    0.1018389893E+001
 0.5050505    0.1157781982E+001    0.9900268555E+000
 0.5151515    0.1166912842E+001    0.1007073975E+001
 0.5252525    0.1126672363E+001    0.1014349365E+001
 0.5353535    0.1143646240E+001    0.1031695557E+001
 0.5454545    0.1145391846E+001    0.9876892090E+000
 0.5555556    0.1126586914E+001    0.9958862305E+000
 0.5656566    0.1122778320E+001    0.9974121094E+000
 0.5757576    0.1095355225E+001    0.9948547363E+000
 0.5858586    0.1084136963E+001    0.9769226074E+000
 0.5959596    0.1108599854E+001    0.9865356445E+000
 0.6060606    0.1084112549E+001    0.1004357910E+001
 0.6161616    0.1073950195E+001    0.9793273926E+000
 0.6262626    0.1084649658E+001    0.9881164551E+000
 0.6363636    0.1043383789E+001    0.9665954590E+000
 0.6464646    0.1056250000E+001    0.9888366699E+000
 0.6565657    0.1035992432E+001    0.9780395508E+000
 0.6666667    0.9933593750E+000    0.9654541016E+000
 0.6767677    0.9875854492E+000    0.9919921875E+000
 0.6868687    0.9667785645E+000    0.9777709961E+000
 0.6969697    0.9537658691E+000    0.9701599121E+000
 0.7070707    0.9566833496E+000    0.9831237793E+000
 0.7171717    0.8998107910E+000    0.9371093750E+000
 0.7272727    0.8748718262E+000    0.9468872070E+000
 0.7373737    0.8796630859E+000    0.9509765625E+000
 0.7474747    0.8360778809E+000    0.9456604004E+000
 0.7575758    0.8226684570E+000    0.9382446289E+000
 0.7676768    0.7958679199E+000    0.9217041016E+000
 0.7777778    0.7815490723E+000    0.9350402832E+000
 0.7878788    0.7493041992E+000    0.9253051758E+000
 0.7979798    0.7372436523E+000    0.9293884277E+000
 0.8080808    0.7057250977E+000    0.9314208984E+000
 0.8181818    0.6583923340E+000    0.9074157715E+000
 0.8282828    0.6366821289E+000    0.9143554688E+000
 0.8383838    0.6033569336E+000    0.9023315430E+000
 0.8484848    0.5779052734E+000    0.9034851074E+000
 0.8585859    0.5477478027E+000    0.8916015625E+000
 0.8686869    0.5229919434E+000    0.9036499023E+000
 0.8787879    0.4743774414E+000    0.8800903320E+000
 0.8888889    0.4592407227E+000    0.8941650391E+000
 0.8989899    0.4115966797E+000    0.8741455078E+000
 0.9090909    0.3697448730E+000    0.8533447266E+000
 0.9191919    0.3210754395E+000    0.8566467285E+000
 0.9292929    0.2893859863E+000    0.8454040527E+000
 0.9393939    0.2513977051E+000    0.8522399902E+000
 0.9494949    0.2135681152E+000    0.8416015625E+000
 0.9595960    0.1538757324E+000    0.8207885742E+000
 0.9696970    0.1176818848E+000    0.8238403320E+000
 0.9797980    0.6959228516E-001    0.8009643555E+000
 0.9898990    0.0000000000E+000    0.7728820801E+000
 1.0000000    0.4937744141E-002    0.7925537109E+000


#   100 bins for weightfunction of Ar                      
 0.0000000    0.1672625732E+001    0.4157424927E+000
 0.0101010    0.1683596802E+001    0.4204849243E+000
 0.0202020    0.1679846191E+001    0.3976486206E+000
 0.0303030    0.1689247131E+001    0.4193511963E+000
 0.0404040    0.1747853088E+001    0.4184020996E+000
 0.0505051    0.1773866272E+001    0.4350830078E+000
 0.0606061    0.1806768799E+001    0.4275680542E+000
 0.0707071    0.1828013611E+001    0.4145828247E+000
 0.0808081    0.1916511536E+001    0.4597686768E+000
 0.0909091    0.1976907349E+001    0.4493438721E+000
 0.1010101    0.2051272583E+001    0.4623825073E+000
 0.1111111    0.2152308655E+001    0.4805389404E+000
 0.1212121    0.2186875916E+001    0.4749572754E+000
 0.1313131    0.2225059509E+001    0.4627929688E+000
 0.1414141    0.2303829956E+001    0.4751953125E+000
 0.1515152    0.2336651611E+001    0.4599945068E+000
 0.1616162    0.2396234131E+001    0.4599288940E+000
 0.1717172    0.2408073425E+001    0.4578033447E+000
 0.1818182    0.2445526123E+001    0.4584945679E+000
 0.1919192    0.2463661194E+001    0.4720916748E+000
 0.2020202    0.2471423340E+001    0.4672424316E+000
 0.2121212    0.2431491089E+001    0.4492935181E+000
 0.2222222    0.2472702026E+001    0.4403610229E+000
 0.2323232    0.2434625244E+001    0.4170806885E+000
 0.2424242    0.2415600586E+001    0.4206176758E+000
 0.2525253    0.2415641785E+001    0.4372436523E+000
 0.2626263    0.2386137390E+001    0.3998092651E+000
 0.2727273    0.2343238831E+001    0.3565994263E+000
 0.2828283    0.2335485840E+001    0.3719329834E+000
 0.2929293    0.2314167786E+001    0.3665390015E+000
 0.3030303    0.2240834045E+001    0.3437255859E+000
 0.3131313    0.2191807556E+001    0.3458465576E+000
 0.3232323    0.2195703125E+001    0.3007583618E+000
 0.3333333    0.2150675964E+001    0.2889175415E+000
 0.3434343    0.2073225403E+001    0.2662719727E+000
 0.3535354    0.2050720215E+001    0.2758499146E+000
 0.3636364    0.1983840942E+001    0.2531509399E+000
 0.3737374    0.1944589233E+001    0.2158660889E+000
 0.3838384    0.1912608337E+001    0.2280288696E+000
 0.3939394    0.1864508057E+001    0.2053543091E+000
 0.4040404    0.1820307922E+001    0.1928634644E+000
 0.4141414    0.1774885559E+001    0.2000656128E+000
 0.4242424    0.1711613464E+001    0.1906570435E+000
 0.4343434    0.1644195557E+001    0.1319335938E+000
 0.4444444    0.1594009399E+001    0.1431289673E+000
 0.4545455    0.1533630371E+001    0.7456207275E-001
 0.4646465    0.1491011047E+001    0.9962005615E-001
 0.4747475    0.1425833130E+001    0.7137756348E-001
 0.4848485    0.1361625671E+001    0.4685363770E-001
 0.4949495    0.1336167908E+001    0.5423431396E-001
 0.5050505    0.1286585999E+001    0.3194427490E-001
 0.5151515    0.1295068359E+001    0.1056060791E-001
 0.5252525    0.1279998779E+001    0.7267761230E-002
 0.5353535    0.1302742004E+001    0.5781707764E-001
 0.5454545    0.1305328369E+001    0.3829040527E-001
 0.5555556    0.1278036499E+001    0.4609069824E-001
 0.5656566    0.1282847595E+001    0.4913635254E-001
 0.5757576    0.1293151855E+001    0.3283386230E-001
 0.5858586    0.1284793091E+001    0.4428558350E-001
 0.5959596    0.1274353027E+001    0.1249084473E-001
 0.6060606    0.1301554871E+001    0.5865478516E-001
 0.6161616    0.1287573242E+001    0.6319122314E-001
 0.6262626    0.1297184753E+001    0.1236419678E-001
 0.6363636    0.1287905884E+001    0.3503570557E-001
 0.6464646    0.1287094116E+001    0.2790679932E-001
 0.6565657    0.1277062988E+001    0.4967803955E-001
 0.6666667    0.1294796753E+001    0.3158721924E-001
 0.6767677    0.1265888977E+001    0.3453369141E-001
 0.6868687    0.1267695618E+001    0.1549682617E-001
 0.6969697    0.1276124573E+001    0.1433105469E-001
 0.7070707    0.1291976929E+001    0.2514801025E-001
 0.7171717    0.1270463562E+001    0.2174072266E-001
 0.7272727    0.1282537842E+001    0.3007659912E-001
 0.7373737    0.1289834595E+001    0.2089385986E-001
 0.7474747    0.1289453125E+001    0.3728179932E-001
 0.7575758    0.1270184326E+001    0.2619476318E-001
 0.7676768    0.1257354736E+001    0.1256103516E-001
 0.7777778    0.1278039551E+001    0.3143615723E-001
 0.7878788    0.1293960571E+001    0.3630981445E-001
 0.7979798    0.1290579224E+001    0.3685760498E-001
 0.8080808    0.1293608093E+001    0.3567199707E-001
 0.8181818    0.1281970215E+001    0.2420806885E-001
 0.8282828    0.1274348450E+001    0.3881530762E-001
 0.8383838    0.1300973511E+001    0.4036865234E-001
 0.8484848    0.1273155212E+001    0.3139343262E-001
 0.8585859    0.1300094604E+001    0.4589691162E-001
 0.8686869    0.1278887939E+001    0.8757019043E-002
 0.8787879    0.1274906921E+001    0.1407470703E-001
 0.8888889    0.1290124512E+001    0.4108581543E-001
 0.8989899    0.1287509155E+001    0.2262268066E-001
 0.9090909    0.1291674805E+001    0.3531341553E-001
 0.9191919    0.1291941833E+001    0.3456726074E-001
 0.9292929    0.1271226501E+001    0.1816253662E-001
 0.9393939    0.1284226990E+001    0.3662872314E-001
 0.9494949    0.1289691162E+001    0.4334869385E-001
 0.9595960    0.1309838867E+001    0.3932952881E-001
 0.9696970    0.1295631409E+001    0.5693664551E-001
 0.9797980    0.1299214172E+001    0.3613433838E-001
 0.9898990    0.1318949890E+001    0.6357116699E-001
 1.0000000    0.1264102173E+001    0.0000000000E+000


