 0.0000000   0.1522497446E+000   0.1021692202E+001   0.5166167976E+000   0.9995916940E+000
 0.0101010   0.1495695598E+000   0.1000780912E+001   0.5032598485E+000   0.9860033551E+000
 0.0202020   0.1484907043E+000   0.1010573839E+001   0.5111476740E+000   0.1008700742E+001
 0.0303030   0.1470211145E+000   0.1037341035E+001   0.5152363260E+000   0.1018293986E+001
 0.0404040   0.1360220980E+000   0.9930205957E+000   0.5047638652E+000   0.9888429398E+000
 0.0505051   0.1326134633E+000   0.1028763953E+001   0.5093138472E+000   0.1011272187E+001
 0.0606061   0.1239084055E+000   0.1013195763E+001   0.5002057778E+000   0.1003191331E+001
 0.0707071   0.1167637611E+000   0.1023443598E+001   0.5079686880E+000   0.1008635154E+001
 0.0808081   0.1055924703E+000   0.1010941901E+001   0.4978603532E+000   0.9988470746E+000
 0.0909091   0.1001793871E+000   0.1034268339E+001   0.4971148572E+000   0.1007497005E+001
 0.1010101   0.9394775109E-001   0.1021477155E+001   0.5023495697E+000   0.9998945573E+000
 0.1111111   0.8751134556E-001   0.1019308071E+001   0.5045024991E+000   0.1016526962E+001
 0.1212121   0.8119068368E-001   0.9922968785E+000   0.4972571945E+000   0.9977069968E+000
 0.1313131   0.7802115698E-001   0.9894185520E+000   0.5040292000E+000   0.1006956867E+001
 0.1414141   0.7641327726E-001   0.1011510535E+001   0.5111067454E+000   0.9947130868E+000
 0.1515152   0.7555950776E-001   0.1018660861E+001   0.5213876273E+000   0.1007707273E+001
 0.1616162   0.7413744752E-001   0.9980597350E+000   0.5233827818E+000   0.9965129051E+000
 0.1717172   0.7449537655E-001   0.9987565712E+000   0.5307728845E+000   0.1003617654E+001
 0.1818182   0.7618506485E-001   0.1010476654E+001   0.5395515678E+000   0.1009011322E+001
 0.1919192   0.7750187086E-001   0.9907956824E+000   0.5465063379E+000   0.1000251434E+001
 0.2020202   0.8063925361E-001   0.1016113377E+001   0.5592100202E+000   0.1010805353E+001
 0.2121212   0.8344258215E-001   0.9715840932E+000   0.5715086836E+000   0.1005594946E+001
 0.2222222   0.8742926032E-001   0.9842532792E+000   0.5800493284E+000   0.1003307075E+001
 0.2323232   0.9180949259E-001   0.9870096077E+000   0.5865355180E+000   0.1000915033E+001
 0.2424242   0.9764754320E-001   0.9769333970E+000   0.5969103532E+000   0.9820198344E+000
 0.2525253   0.1042241019E+000   0.9818360638E+000   0.6099752722E+000   0.1019447567E+001
 0.2626263   0.1115703439E+000   0.9680957765E+000   0.6271086737E+000   0.1004836824E+001
 0.2727273   0.1191767661E+000   0.9546801280E+000   0.6371862798E+000   0.9896415730E+000
 0.2828283   0.1296022199E+000   0.9778266707E+000   0.6532786871E+000   0.1001528476E+001
 0.2929293   0.1405348842E+000   0.9776385043E+000   0.6713939494E+000   0.1006241183E+001
 0.3030303   0.1524834958E+000   0.9743424895E+000   0.6950839163E+000   0.1008644799E+001
 0.3131313   0.1647676709E+000   0.9541032220E+000   0.7059842583E+000   0.9863891682E+000
 0.3232323   0.1805115789E+000   0.9826011363E+000   0.7143437316E+000   0.9785494452E+000
 0.3333333   0.1994891882E+000   0.9977020119E+000   0.7511356478E+000   0.9992155261E+000
 0.3434343   0.2139190457E+000   0.9848901503E+000   0.7705591601E+000   0.1005569869E+001
 0.3535354   0.2377156614E+000   0.9761538502E+000   0.7900425178E+000   0.9998347562E+000
 0.3636364   0.2616315486E+000   0.9949498189E+000   0.8092408795E+000   0.9913005695E+000
 0.3737374   0.2885269317E+000   0.9881199966E+000   0.8227504781E+000   0.9909321180E+000
 0.3838384   0.3160627820E+000   0.9824770705E+000   0.8551612182E+000   0.1014414635E+001
 0.3939394   0.3494637691E+000   0.9918564450E+000   0.8769470429E+000   0.9952262183E+000
 0.4040404   0.3876723062E+000   0.9814721375E+000   0.9061892712E+000   0.9849153620E+000
 0.4141414   0.4253380300E+000   0.9852871608E+000   0.9286825292E+000   0.1007500863E+001
 0.4242424   0.4762018108E+000   0.9940834261E+000   0.9558129794E+000   0.9888062876E+000
 0.4343434   0.5234108853E+000   0.9735464006E+000   0.9997841613E+000   0.1002923190E+001
 0.4444444   0.5906462468E+000   0.1011748328E+001   0.1023282224E+001   0.1005731910E+001
 0.4545455   0.6605709356E+000   0.1001221345E+001   0.1053030159E+001   0.9992039517E+000
 0.4646465   0.7279297493E+000   0.9928758523E+000   0.1087185239E+001   0.1002622256E+001
 0.4747475   0.8070369021E+000   0.9866477491E+000   0.1128947144E+001   0.9976819189E+000
 0.4848485   0.9084128671E+000   0.1008783156E+001   0.1162781986E+001   0.9934341162E+000
 0.4949495   0.1006167859E+001   0.1001457070E+001   0.1196547873E+001   0.9882661492E+000
 0.5050505   0.1069580376E+001   0.9958265506E+000   0.1216581093E+001   0.9978921871E+000
 0.5151515   0.1067256150E+001   0.9932790661E+000   0.1212157737E+001   0.9769483207E+000
 0.5252525   0.1056847557E+001   0.9923278950E+000   0.1218914685E+001   0.9857757254E+000
 0.5353535   0.1077150328E+001   0.1020616965E+001   0.1223590500E+001   0.9987544794E+000
 0.5454545   0.1077258319E+001   0.9891414717E+000   0.1226040606E+001   0.1006148588E+001
 0.5555556   0.1086222238E+001   0.9879855920E+000   0.1215121653E+001   0.1000857161E+001
 0.5656566   0.1091831437E+001   0.9945569439E+000   0.1230974074E+001   0.1012277230E+001
 0.5757576   0.1107109465E+001   0.1006403160E+001   0.1223207568E+001   0.1001397299E+001
 0.5858586   0.1124374413E+001   0.1020945740E+001   0.1224781653E+001   0.9942076716E+000
 0.5959596   0.1118785677E+001   0.9867035787E+000   0.1232323423E+001   0.9937755608E+000
 0.6060606   0.1138396865E+001   0.1004926777E+001   0.1222046582E+001   0.9895489779E+000
 0.6161616   0.1145647762E+001   0.9858868122E+000   0.1221244669E+001   0.9991711576E+000
 0.6262626   0.1164118813E+001   0.9932583885E+000   0.1238922358E+001   0.1011218173E+001
 0.6363636   0.1185616932E+001   0.1008417161E+001   0.1228804309E+001   0.9970530435E+000
 0.6464646   0.1194877229E+001   0.1003448326E+001   0.1243199421E+001   0.1018675941E+001
 0.6565657   0.1209730423E+001   0.9833289890E+000   0.1255762306E+001   0.1005321019E+001
 0.6666667   0.1234561149E+001   0.1009211183E+001   0.1253501558E+001   0.9965727061E+000
 0.6767677   0.1268897945E+001   0.1006556174E+001   0.1268779653E+001   0.1002660837E+001
 0.6868687   0.1289576608E+001   0.1007106200E+001   0.1245551964E+001   0.9775694798E+000
 0.6969697   0.1315070243E+001   0.1019514847E+001   0.1249372705E+001   0.9887445575E+000
 0.7070707   0.1328974084E+001   0.9959609552E+000   0.1262574017E+001   0.9931544017E+000
 0.7171717   0.1363976818E+001   0.1007786494E+001   0.1275398744E+001   0.1002365690E+001
 0.7272727   0.1387322544E+001   0.1004722068E+001   0.1266750120E+001   0.1009684566E+001
 0.7373737   0.1417378849E+001   0.9993396805E+000   0.1266308235E+001   0.9935537183E+000
 0.7474747   0.1450045324E+001   0.9978612297E+000   0.1273434922E+001   0.9952455089E+000
 0.7575758   0.1503896030E+001   0.9941806109E+000   0.1283757876E+001   0.9888487270E+000
 0.7676768   0.1538520303E+001   0.1003574460E+001   0.1294101866E+001   0.9949291421E+000
 0.7777778   0.1576851744E+001   0.1004573189E+001   0.1294897269E+001   0.9895991336E+000
 0.7878788   0.1639130169E+001   0.1016442151E+001   0.1302135063E+001   0.9965862096E+000
 0.7979798   0.1675739029E+001   0.1003152636E+001   0.1307028874E+001   0.1002371478E+001
 0.8080808   0.1716316006E+001   0.1012385199E+001   0.1318830400E+001   0.1011837403E+001
 0.8181818   0.1759280627E+001   0.9873466531E+000   0.1326019384E+001   0.9920451889E+000
 0.8282828   0.1846140537E+001   0.1001988485E+001   0.1331969961E+001   0.9905694536E+000
 0.8383838   0.1905481761E+001   0.1016435948E+001   0.1350094180E+001   0.1017281226E+001
 0.8484848   0.1953012996E+001   0.9996002186E+000   0.1339667461E+001   0.9965919968E+000
 0.8585859   0.2022739056E+001   0.1007135148E+001   0.1345930470E+001   0.9990245486E+000
 0.8686869   0.2100942118E+001   0.9949642932E+000   0.1353737377E+001   0.9923750591E+000
 0.8787879   0.2189841682E+001   0.1015759789E+001   0.1378893978E+001   0.1018452169E+001
 0.8888889   0.2305580302E+001   0.1016243646E+001   0.1398801733E+001   0.1006611564E+001
 0.8989899   0.2337626425E+001   0.9966019618E+000   0.1392551378E+001   0.1000214782E+001
 0.9090909   0.2447106100E+001   0.1009465518E+001   0.1404088571E+001   0.1006877775E+001
 0.9191919   0.2554319226E+001   0.1015586097E+001   0.1394561742E+001   0.9953419622E+000
 0.9292929   0.2663764711E+001   0.9932997438E+000   0.1421190086E+001   0.9970896957E+000
 0.9393939   0.2787373338E+001   0.1022095416E+001   0.1432186411E+001   0.1018704877E+001
 0.9494949   0.2895450572E+001   0.1015553013E+001   0.1442454892E+001   0.1014343259E+001
 0.9595960   0.3017636483E+001   0.1002308989E+001   0.1437573599E+001   0.9891805263E+000
 0.9696970   0.3223496700E+001   0.1043968216E+001   0.1466102838E+001   0.1022429903E+001
 0.9797980   0.3308132948E+001   0.1021853488E+001   0.1454067644E+001   0.9973366161E+000
 0.9898990   0.3436550766E+001   0.1003003757E+001   0.1462964429E+001   0.9929113394E+000
 1.0000000   0.3593052917E+001   0.1002296582E+001   0.1500064340E+001   0.9905964606E+000


 0.0000000   0.9821896816E+000   0.1010765933E+001   0.7987456960E+000   0.9975620518E+000
 0.0101010   0.9910297434E+000   0.9779594482E+000   0.7947666215E+000   0.9432472368E+000
 0.0202020   0.9729695585E+000   0.9749181833E+000   0.7911425943E+000   0.9661445261E+000
 0.0303030   0.9439706389E+000   0.9815759760E+000   0.7903765918E+000   0.9740670887E+000
 0.0404040   0.9254581741E+000   0.9990709812E+000   0.7920598175E+000   0.1009167368E+001
 0.0505051   0.8768585774E+000   0.9838997086E+000   0.7762679358E+000   0.9864228823E+000
 0.0606061   0.8494703577E+000   0.1004893715E+001   0.7752791906E+000   0.9797382200E+000
 0.0707071   0.7913599523E+000   0.9913801893E+000   0.7650638534E+000   0.9746125386E+000
 0.0808081   0.7487656314E+000   0.9944420729E+000   0.7687973766E+000   0.9695003967E+000
 0.0909091   0.6994972016E+000   0.1002112246E+001   0.7651254397E+000   0.9974382618E+000
 0.1010101   0.6549076331E+000   0.1005363822E+001   0.7651441601E+000   0.1000974015E+001
 0.1111111   0.6092011084E+000   0.9800110133E+000   0.7630504303E+000   0.9935272702E+000
 0.1212121   0.5586072546E+000   0.9751944745E+000   0.7503956074E+000   0.9775138677E+000
 0.1313131   0.5231645662E+000   0.1012506155E+001   0.7577990287E+000   0.1024008634E+001
 0.1414141   0.4909024228E+000   0.9939121712E+000   0.7514548442E+000   0.9498235827E+000
 0.1515152   0.4598604255E+000   0.1002287505E+001   0.7531209070E+000   0.9835911851E+000
 0.1616162   0.4362109729E+000   0.9586788597E+000   0.7529863682E+000   0.9889334991E+000
 0.1717172   0.4227297163E+000   0.9744748803E+000   0.7524537980E+000   0.9742082868E+000
 0.1818182   0.4137971415E+000   0.1001782346E+001   0.7572950499E+000   0.9753030549E+000
 0.1919192   0.3982607676E+000   0.9447694543E+000   0.7603420004E+000   0.9725100421E+000
 0.2020202   0.4018568071E+000   0.9866440636E+000   0.7665297909E+000   0.9773997488E+000
 0.2121212   0.4021529489E+000   0.9983699439E+000   0.7789425881E+000   0.9959392418E+000
 0.2222222   0.4028681190E+000   0.9852151845E+000   0.7797515163E+000   0.9628234714E+000
 0.2323232   0.4045337275E+000   0.9569613182E+000   0.7784447324E+000   0.9779316591E+000
 0.2424242   0.4096488082E+000   0.9890585186E+000   0.7971570404E+000   0.9963667042E+000
 0.2525253   0.4256967923E+000   0.9786707949E+000   0.8035790548E+000   0.9643592416E+000
 0.2626263   0.4264108476E+000   0.9605098042E+000   0.8105676283E+000   0.9942487340E+000
 0.2727273   0.4464006044E+000   0.9604809380E+000   0.8252800561E+000   0.9896317523E+000
 0.2828283   0.4562805825E+000   0.9880069626E+000   0.8353752355E+000   0.1002523325E+001
 0.2929293   0.4681165579E+000   0.9739924016E+000   0.8411786089E+000   0.9940707858E+000
 0.3030303   0.4863505044E+000   0.9738315754E+000   0.8475593619E+000   0.1016374270E+001
 0.3131313   0.5128662320E+000   0.1005586505E+001   0.8571696350E+000   0.9801231297E+000
 0.3232323   0.5297179741E+000   0.9924338072E+000   0.8743006210E+000   0.9947690390E+000
 0.3333333   0.5515139228E+000   0.9974462241E+000   0.8885898410E+000   0.9862333288E+000
 0.3434343   0.5800233936E+000   0.1001854512E+001   0.8868129451E+000   0.9638756867E+000
 0.3535354   0.5973641735E+000   0.9563613127E+000   0.9069348703E+000   0.9837807386E+000
 0.3636364   0.6402600714E+000   0.1008753544E+001   0.9178811618E+000   0.9859199853E+000
 0.3737374   0.6580232551E+000   0.9933286607E+000   0.9396387030E+000   0.1010173162E+001
 0.3838384   0.6961507869E+000   0.9814502017E+000   0.9416733912E+000   0.1010306623E+001
 0.3939394   0.7434014557E+000   0.1003468960E+001   0.9640766573E+000   0.1001796058E+001
 0.4040404   0.7770207082E+000   0.9651799500E+000   0.9760398674E+000   0.9855099307E+000
 0.4141414   0.8175346595E+000   0.1008980350E+001   0.1005403908E+001   0.1012751477E+001
 0.4242424   0.8641123972E+000   0.1016782483E+001   0.1011941853E+001   0.1008513602E+001
 0.4343434   0.9061116170E+000   0.1001188526E+001   0.1027894667E+001   0.1008618050E+001
 0.4444444   0.9657613641E+000   0.1000693676E+001   0.1033633641E+001   0.9976568286E+000
 0.4545455   0.1011000524E+001   0.1013568021E+001   0.1059669052E+001   0.1005929485E+001
 0.4646465   0.1084575549E+001   0.1032370254E+001   0.1073142656E+001   0.1005753471E+001
 0.4747475   0.1132753329E+001   0.9810708168E+000   0.1099624212E+001   0.1031080140E+001
 0.4848485   0.1211587357E+001   0.1012796880E+001   0.1121639771E+001   0.1015521279E+001
 0.4949495   0.1277261724E+001   0.1019394878E+001   0.1133945235E+001   0.1011217641E+001
 0.5050505   0.1322304553E+001   0.1005419493E+001   0.1134682903E+001   0.9961558743E+000
 0.5151515   0.1302305689E+001   0.1001590592E+001   0.1141881131E+001   0.1037054944E+001
 0.5252525   0.1314362666E+001   0.1018788687E+001   0.1139416607E+001   0.1032915714E+001
 0.5353535   0.1311038165E+001   0.1012815437E+001   0.1130738539E+001   0.1018716609E+001
 0.5454545   0.1321673343E+001   0.1022320678E+001   0.1132047928E+001   0.9777285661E+000
 0.5555556   0.1314600485E+001   0.1029877448E+001   0.1143940367E+001   0.1000451776E+001
 0.5656566   0.1340296346E+001   0.1024462966E+001   0.1143231639E+001   0.9854054829E+000
 0.5757576   0.1311787646E+001   0.9987905663E+000   0.1135193069E+001   0.1013047412E+001
 0.5858586   0.1326707861E+001   0.1034030063E+001   0.1151151642E+001   0.1015556095E+001
 0.5959596   0.1308600584E+001   0.1016015466E+001   0.1148962273E+001   0.1014478735E+001
 0.6060606   0.1313512497E+001   0.9966792068E+000   0.1139774677E+001   0.9959450444E+000
 0.6161616   0.1315273481E+001   0.1007846319E+001   0.1140001955E+001   0.1026664317E+001
 0.6262626   0.1315060912E+001   0.1008252508E+001   0.1136054612E+001   0.9861482231E+000
 0.6363636   0.1300163780E+001   0.9666541903E+000   0.1154169979E+001   0.1032399278E+001
 0.6464646   0.1305566963E+001   0.9816563892E+000   0.1144690113E+001   0.1027975718E+001
 0.6565657   0.1325858885E+001   0.1009858709E+001   0.1138738915E+001   0.9874306106E+000
 0.6666667   0.1316671730E+001   0.1004326699E+001   0.1135210836E+001   0.1021482543E+001
 0.6767677   0.1327691994E+001   0.1013485546E+001   0.1139096678E+001   0.1032337382E+001
 0.6868687   0.1308289896E+001   0.1004330823E+001   0.1141857758E+001   0.9859122484E+000
 0.6969697   0.1315625352E+001   0.1003099884E+001   0.1134207027E+001   0.1008198324E+001
 0.7070707   0.1317051694E+001   0.1007425697E+001   0.1140085460E+001   0.1016583165E+001
 0.7171717   0.1314519597E+001   0.9833574356E+000   0.1135073986E+001   0.9916317351E+000
 0.7272727   0.1315817012E+001   0.1010974183E+001   0.1136509422E+001   0.1009722489E+001
 0.7373737   0.1323253313E+001   0.1014871126E+001   0.1144722330E+001   0.1007252491E+001
 0.7474747   0.1312861051E+001   0.1010124690E+001   0.1128852499E+001   0.9906955730E+000
 0.7575758   0.1311255782E+001   0.9876337633E+000   0.1129182540E+001   0.9871578857E+000
 0.7676768   0.1324261004E+001   0.1003508135E+001   0.1145889886E+001   0.1006312460E+001
 0.7777778   0.1319278939E+001   0.9900172903E+000   0.1140169516E+001   0.9908715869E+000
 0.7878788   0.1319414639E+001   0.1018328889E+001   0.1143952379E+001   0.1018306555E+001
 0.7979798   0.1324384575E+001   0.1008167972E+001   0.1143194009E+001   0.1011016482E+001
 0.8080808   0.1320653280E+001   0.1016493821E+001   0.1145537449E+001   0.1030480532E+001
 0.8181818   0.1324684765E+001   0.1029007337E+001   0.1140028875E+001   0.1026379987E+001
 0.8282828   0.1321522112E+001   0.9997699567E+000   0.1143835152E+001   0.1010008754E+001
 0.8383838   0.1323353788E+001   0.1004132883E+001   0.1146615873E+001   0.1004016542E+001
 0.8484848   0.1325792127E+001   0.1002559673E+001   0.1147425089E+001   0.1004964309E+001
 0.8585859   0.1320236330E+001   0.9982091177E+000   0.1135444308E+001   0.1001886966E+001
 0.8686869   0.1317978767E+001   0.1026856802E+001   0.1141304714E+001   0.1026569540E+001
 0.8787879   0.1310771498E+001   0.1002007090E+001   0.1137595288E+001   0.1004745743E+001
 0.8888889   0.1320708865E+001   0.1017683522E+001   0.1134559791E+001   0.1011264062E+001
 0.8989899   0.1322026834E+001   0.1016357737E+001   0.1131495855E+001   0.1005120981E+001
 0.9090909   0.1319264200E+001   0.1002631838E+001   0.1145723837E+001   0.1020571526E+001
 0.9191919   0.1323712464E+001   0.1000464808E+001   0.1140666599E+001   0.9861153414E+000
 0.9292929   0.1333756888E+001   0.1007468996E+001   0.1149274125E+001   0.1008873367E+001
 0.9393939   0.1324898642E+001   0.1028223825E+001   0.1149991324E+001   0.1023294907E+001
 0.9494949   0.1311979072E+001   0.1012052543E+001   0.1136148966E+001   0.1012337554E+001
 0.9595960   0.1333739947E+001   0.1062873626E+001   0.1145444528E+001   0.1059760745E+001
 0.9696970   0.1314694885E+001   0.1002805036E+001   0.1141914628E+001   0.1004683848E+001
 0.9797980   0.1333214872E+001   0.1031246533E+001   0.1142269872E+001   0.1013933285E+001
 0.9898990   0.1332242989E+001   0.1012895850E+001   0.1143007082E+001   0.9940669174E+000
 1.0000000   0.1328708920E+001   0.1017097950E+001   0.1142990360E+001   0.1015877175E+001


