Compiled using GNU Fortran (Ubuntu 9.4.0-1ubuntu1~20.04.2) 9.4.0 with all optimizations
Last Brick update unknown
Compiled at 18:43:37 on Sep  2 2023
Starting at 16:56:21 on Sep 11 2023

Settings
OK                      

Forcefield
OK                      

Topology
OK                      

Configuration
OK                      Read from ./INPUT/restart.in

 F
Monte Carlo Simulation initialized.

#########################################################################################################################
###########################################   ENERGY STARTING CONFIGURATION   ###########################################
#########################################################################################################################
                                               Box 1               Box 2
-------------------------------------------------------------------------------------------------------------------------
Lennard Jones        
 Intermolecular                         -0.3833889739E+006  -0.1098200141E+006
 Tailcorrection                         -0.9389288826E+004  -0.2674350548E+004
Total Intermolecular                    -0.3927782627E+006  -0.1124943646E+006

Electrostatic        
 Real                                   -0.8704436025E+005  -0.1159972585E+005
 Exclusion                               0.6535940914E+007   0.2494917704E+007
 Selfterm                               -0.6556933700E+007  -0.2497433963E+007
 Fourier                                 0.1239258341E+005   0.2421410945E+004
Total Intermolecular                    -0.9564456298E+005  -0.1169457387E+005

Intramolecular       
 Lennard Jones                           0.0000000000E+000   0.0000000000E+000
 Electrostatic                           0.0000000000E+000   0.0000000000E+000
 Bending                                 0.0000000000E+000   0.0000000000E+000
 Torsion                                 0.0000000000E+000   0.0000000000E+000

Total                                   -0.4884228257E+006  -0.1241889385E+006

#########################################################################################################################

Simulation is running...



#########################################################################################################################
###############################################   RELATIVE ENERGY DRIFTS   ##############################################
#########################################################################################################################
                                               Box 1               Box 2                                                 
-------------------------------------------------------------------------------------------------------------------------

Lennard Jones        
 Intermolecular                          0.8084385363E-014   0.7181767190E-015
 Tailcorrection                          0.0000000000E+000   0.0000000000E+000

Electrostatic        
 Real                                    0.9030976801E-014   0.3180308996E-014
 Exclusion                               0.0000000000E+000   0.1670020060E-015
 Selfterm                                0.0000000000E+000   0.0000000000E+000
 Fourier                                 0.3418363266E-015   0.1631463064E-015

Intramolecular       
 Lennard Jones                           0.0000000000E+000   0.0000000000E+000
 Electrostatic                           0.0000000000E+000   0.0000000000E+000
 Bending                                 0.0000000000E+000   0.0000000000E+000
 Torsion                                 0.0000000000E+000   0.0000000000E+000

Total                                    0.4588469055E-014   0.1293979922E-014

#########################################################################################################################
############################################   TRIAL MOVE ACCEPTANCE RATES   ############################################
#########################################################################################################################
                                               Box 1               Box 2
-------------------------------------------------------------------------------------------------------------------------
Translation
 CO2                                          0.49015             0.51904
 AR                                           0.49318             0.50874
-------------------------------------------------------------------------------------------------------------------------
Rotation
 CO2                                          0.48982             0.57592
 AR                                           0.00000             0.00000
-------------------------------------------------------------------------------------------------------------------------
Lambda Move
 cd                                           0.76384             0.90452
 Ar                                           0.83970             0.93944
-------------------------------------------------------------------------------------------------------------------------
GE Swap Fractional
 cd                                           0.41861             0.32150
 Ar                                           0.51542             0.40667
-------------------------------------------------------------------------------------------------------------------------
GE Identity Change
 cd                                           0.89313             0.62164
 Ar                                           0.97672             0.74281
-------------------------------------------------------------------------------------------------------------------------
Volume                                        0.50712             0.49561

#########################################################################################################################
######################################################   AVERAGES   #####################################################
#########################################################################################################################
                                                       Boltzmann                                    Biased
                                               Box 1               Box 2                  Box 1               Box 2      
-------------------------------------------------------------------------------------------------------------------------
Density
 CO2                                     0.7745256909E+003   0.1165108190E+003      0.7710500278E+003   0.1163477232E+003
 AR                                      0.1744984544E+003   0.1858241568E+003      0.1757031535E+003   0.1860077534E+003
 Total                                   0.9490241453E+003   0.3023349758E+003      0.9467531813E+003   0.3023554766E+003

Number of molecules
 CO2                                     0.3243773990E+003   0.2156226010E+003      0.3255902900E+003   0.2144097100E+003
 AR                                      0.8169896367E+002   0.3783010363E+003      0.8294695000E+002   0.3770530500E+003
 Total                                   0.4060763626E+003   0.5939236374E+003      0.4085372400E+003   0.5914627600E+003

Mole fractions
 CO2                                          0.79881             0.36305                 0.79697             0.36251
 AR                                           0.20119             0.63695                 0.20303             0.63749

Volume                                   0.3076419516E+005   0.1355730193E+006      0.3102116956E+005   0.1349943745E+006

#########################################################################################################################
#######################################   PROPERTIES FROM THE CFC GIBBS ENSEMBLE   ######################################
#########################################################################################################################
                                                       Boltzmann                                    Biased
                                               Box 1               Box 2                  Box 1               Box 2      
Chemical Potentials (as an indication)
=========================================================================================================================

Total cd                                -0.1937983678E+004  -0.1937209482E+004     -0.1939121564E+004  -0.1937563888E+004
 Ideal gas                              -0.1150407091E+004  -0.1629656565E+004     -0.1151544977E+004  -0.1630010971E+004
 Excess                                 -0.7875765868E+003  -0.3075529172E+003     -0.7875765868E+003  -0.3075529172E+003

-------------------------------------------------------------------------------------------------------------------------

Total Ar                                -0.1589594214E+004  -0.1585431959E+004     -0.1587853560E+004  -0.1585182115E+004
 Ideal gas                              -0.1502961750E+004  -0.1487051858E+004     -0.1501221095E+004  -0.1486802014E+004
 Excess                                 -0.8663246473E+002  -0.9838010135E+002     -0.8663246473E+002  -0.9838010135E+002

-------------------------------------------------------------------------------------------------------------------------

#########################################################################################################################
#########################################   PROPERTIES FROM UMBRELLA SAMPLING   #########################################
#########################################################################################################################

Excess Partial Molar Enthalpy
=========================================================================================================================


Partial Molar Volume
=========================================================================================================================


#########################################################################################################################
##################################################   AVERAGE ENERGIES   #################################################
#########################################################################################################################
                                                       Boltzmann                                    Biased
                                               Box 1               Box 2                  Box 1               Box 2      
-------------------------------------------------------------------------------------------------------------------------
Lennard Jones        
 Intermolecular                         -0.3512938803E+006  -0.1269631235E+006     -0.3521506718E+006  -0.1261937639E+006
 Tailcorrection                         -0.8732941957E+004  -0.3054084643E+004     -0.8757006712E+004  -0.3037337612E+004
Total Intermolecular                    -0.3600268223E+006  -0.1300172082E+006     -0.3609076785E+006  -0.1292311015E+006

Electrostatic        
 Real                                   -0.8618516778E+005  -0.1328086483E+005     -0.8610782770E+005  -0.1317411297E+005
 Exclusion                               0.5941742412E+007   0.2928654939E+007      0.5962233564E+007   0.2911619253E+007
 Selfterm                               -0.5960827049E+007  -0.2931608292E+007     -0.5981383858E+007  -0.2914555389E+007
 Fourier                                 0.1052474854E+005   0.2843912357E+004      0.1059741403E+005   0.2828169961E+004
Total Intermolecular                    -0.9474505686E+005  -0.1339030539E+005     -0.9466070785E+005  -0.1328207896E+005

Intramolecular       
 Lennard Jones                           0.0000000000E+000   0.0000000000E+000      0.0000000000E+000   0.0000000000E+000
 Electrostatic                           0.0000000000E+000   0.0000000000E+000      0.0000000000E+000   0.0000000000E+000
 Bending                                 0.0000000000E+000   0.0000000000E+000      0.0000000000E+000   0.0000000000E+000
 Torsion                                 0.0000000000E+000   0.0000000000E+000      0.0000000000E+000   0.0000000000E+000

Total                                   -0.4547718791E+006  -0.1434075136E+006     -0.4555683864E+006  -0.1425131805E+006

#########################################################################################################################

No errors found in bookkeeping.

Total simulation time:  14 hours and   1 minutes

Simulation finished.

