Compiled using GNU Fortran (Ubuntu 9.4.0-1ubuntu1~20.04.2) 9.4.0 with all optimizations
Last Brick update unknown
Compiled at 18:43:37 on Sep  2 2023
Starting at 16:56:21 on Sep 11 2023

Settings
OK                      

Forcefield
OK                      

Topology
OK                      

Configuration
OK                      Read from ./INPUT/restart.in

 F
Monte Carlo Simulation initialized.

#########################################################################################################################
###########################################   ENERGY STARTING CONFIGURATION   ###########################################
#########################################################################################################################
                                               Box 1               Box 2
-------------------------------------------------------------------------------------------------------------------------
Lennard Jones        
 Intermolecular                         -0.4891697698E+006  -0.7899743123E+005
 Tailcorrection                         -0.1200513949E+005  -0.1787605540E+004
Total Intermolecular                    -0.5011749093E+006  -0.8078503677E+005

Electrostatic        
 Real                                   -0.1182944451E+006  -0.6471769496E+004
 Exclusion                               0.7982628700E+007   0.1954513441E+007
 Selfterm                               -0.8008268243E+007  -0.1956484337E+007
 Fourier                                 0.1412628406E+005   0.1940616650E+004
Total Intermolecular                    -0.1298077038E+006  -0.6502048368E+004

Intramolecular       
 Lennard Jones                           0.0000000000E+000   0.0000000000E+000
 Electrostatic                           0.0000000000E+000   0.0000000000E+000
 Bending                                 0.0000000000E+000   0.0000000000E+000
 Torsion                                 0.0000000000E+000   0.0000000000E+000

Total                                   -0.6309826131E+006  -0.8728708514E+005

#########################################################################################################################

Simulation is running...



#########################################################################################################################
###############################################   RELATIVE ENERGY DRIFTS   ##############################################
#########################################################################################################################
                                               Box 1               Box 2                                                 
-------------------------------------------------------------------------------------------------------------------------

Lennard Jones        
 Intermolecular                          0.3457691584E-014   0.1447910268E-014
 Tailcorrection                          0.0000000000E+000   0.0000000000E+000

Electrostatic        
 Real                                    0.3772891984E-014   0.3090553813E-014
 Exclusion                               0.1461635222E-015   0.0000000000E+000
 Selfterm                                0.0000000000E+000   0.0000000000E+000
 Fourier                                 0.1764987587E-015   0.4840405225E-015

Intramolecular       
 Lennard Jones                           0.0000000000E+000   0.0000000000E+000
 Electrostatic                           0.0000000000E+000   0.0000000000E+000
 Bending                                 0.0000000000E+000   0.0000000000E+000
 Torsion                                 0.0000000000E+000   0.0000000000E+000

Total                                    0.6444637286E-014   0.3152838641E-014

#########################################################################################################################
############################################   TRIAL MOVE ACCEPTANCE RATES   ############################################
#########################################################################################################################
                                               Box 1               Box 2
-------------------------------------------------------------------------------------------------------------------------
Translation
 CO2                                          0.51261             0.52158
 AR                                           0.48293             0.51031
-------------------------------------------------------------------------------------------------------------------------
Rotation
 CO2                                          0.50304             0.58747
 AR                                           0.00000             0.00000
-------------------------------------------------------------------------------------------------------------------------
Lambda Move
 cd                                           0.75442             0.90874
 Ar                                           0.83251             0.94341
-------------------------------------------------------------------------------------------------------------------------
GE Swap Fractional
 cd                                           0.40159             0.33047
 Ar                                           0.48304             0.42613
-------------------------------------------------------------------------------------------------------------------------
GE Identity Change
 cd                                           0.85920             0.66915
 Ar                                           0.95120             0.82438
-------------------------------------------------------------------------------------------------------------------------
Volume                                        0.49018             0.50441

#########################################################################################################################
######################################################   AVERAGES   #####################################################
#########################################################################################################################
                                                       Boltzmann                                    Biased
                                               Box 1               Box 2                  Box 1               Box 2      
-------------------------------------------------------------------------------------------------------------------------
Density
 CO2                                     0.8473408617E+003   0.1172422881E+003      0.8443256746E+003   0.1165416596E+003
 AR                                      0.1349379282E+003   0.1600273197E+003      0.1358392273E+003   0.1601103649E+003
 Total                                   0.9822787899E+003   0.2772696077E+003      0.9801649019E+003   0.2766520245E+003

Number of molecules
 CO2                                     0.3404507100E+003   0.2395492900E+003      0.3426654100E+003   0.2373345900E+003
 AR                                      0.6042539293E+002   0.3595746071E+003      0.6147020000E+002   0.3585298000E+003
 Total                                   0.4008761029E+003   0.5991238971E+003      0.4041356100E+003   0.5958643900E+003

Mole fractions
 CO2                                          0.84927             0.39983                 0.84790             0.39830
 AR                                           0.15073             0.60017                 0.15210             0.60170

Volume                                   0.2945748084E+005   0.1495851257E+006      0.2975769933E+005   0.1490708394E+006

#########################################################################################################################
#######################################   PROPERTIES FROM THE CFC GIBBS ENSEMBLE   ######################################
#########################################################################################################################
                                                       Boltzmann                                    Biased
                                               Box 1               Box 2                  Box 1               Box 2      
Chemical Potentials (as an indication)
=========================================================================================================================

Total cd                                -0.1925385380E+004  -0.1922846842E+004     -0.1926287263E+004  -0.1924363280E+004
 Ideal gas                              -0.1127674480E+004  -0.1628073166E+004     -0.1128576364E+004  -0.1629589604E+004
 Excess                                 -0.7977108994E+003  -0.2947736760E+003     -0.7977108994E+003  -0.2947736760E+003

-------------------------------------------------------------------------------------------------------------------------

Total Ar                                -0.1623801642E+004  -0.1625160330E+004     -0.1622117382E+004  -0.1625029071E+004
 Ideal gas                              -0.1568008304E+004  -0.1524864298E+004     -0.1566324044E+004  -0.1524733039E+004
 Excess                                 -0.5579333854E+002  -0.1002960319E+003     -0.5579333854E+002  -0.1002960319E+003

-------------------------------------------------------------------------------------------------------------------------

#########################################################################################################################
#########################################   PROPERTIES FROM UMBRELLA SAMPLING   #########################################
#########################################################################################################################

Excess Partial Molar Enthalpy
=========================================================================================================================


Partial Molar Volume
=========================================================================================================================


#########################################################################################################################
##################################################   AVERAGE ENERGIES   #################################################
#########################################################################################################################
                                                       Boltzmann                                    Biased
                                               Box 1               Box 2                  Box 1               Box 2      
-------------------------------------------------------------------------------------------------------------------------
Lennard Jones        
 Intermolecular                         -0.3716733937E+006  -0.1239663427E+006     -0.3737225007E+006  -0.1226455414E+006
 Tailcorrection                         -0.9194719472E+004  -0.2908623720E+004     -0.9248194469E+004  -0.2879815369E+004
Total Intermolecular                    -0.3808681131E+006  -0.1268749665E+006     -0.3829706952E+006  -0.1255253568E+006

Electrostatic        
 Real                                   -0.9790760803E+005  -0.1464401650E+005     -0.9817204747E+005  -0.1442576006E+005
 Exclusion                               0.6235813533E+007   0.3253487118E+007      0.6274932207E+007   0.3222702200E+007
 Selfterm                               -0.6255842675E+007  -0.3256768033E+007     -0.6295086872E+007  -0.3225952021E+007
 Fourier                                 0.1036506825E+005   0.3140133826E+004      0.1046432332E+005   0.3111882575E+004
Total Intermolecular                    -0.1075716814E+006  -0.1478479752E+005     -0.1078623889E+006  -0.1456369850E+005

Intramolecular       
 Lennard Jones                           0.0000000000E+000   0.0000000000E+000      0.0000000000E+000   0.0000000000E+000
 Electrostatic                           0.0000000000E+000   0.0000000000E+000      0.0000000000E+000   0.0000000000E+000
 Bending                                 0.0000000000E+000   0.0000000000E+000      0.0000000000E+000   0.0000000000E+000
 Torsion                                 0.0000000000E+000   0.0000000000E+000      0.0000000000E+000   0.0000000000E+000

Total                                   -0.4884397945E+006  -0.1416597640E+006     -0.4908330841E+006  -0.1400890553E+006

#########################################################################################################################

No errors found in bookkeeping.

Total simulation time:  14 hours and  43 minutes

Simulation finished.

