Compiled using GNU Fortran (Ubuntu 9.4.0-1ubuntu1~20.04.2) 9.4.0 with all optimizations
Last Brick update unknown
Compiled at 18:43:37 on Sep  2 2023
Starting at 16:56:20 on Sep 11 2023

Settings
OK                      

Forcefield
OK                      

Topology
OK                      

Configuration
OK                      Read from ./INPUT/restart.in

 F
Monte Carlo Simulation initialized.

#########################################################################################################################
###########################################   ENERGY STARTING CONFIGURATION   ###########################################
#########################################################################################################################
                                               Box 1               Box 2
-------------------------------------------------------------------------------------------------------------------------
Lennard Jones        
 Intermolecular                         -0.4785948839E+006  -0.6376877030E+005
 Tailcorrection                         -0.1184858278E+005  -0.1445970445E+004
Total Intermolecular                    -0.4904434667E+006  -0.6521474075E+005

Electrostatic        
 Real                                   -0.1391887897E+006  -0.9561690639E+004
 Exclusion                               0.8330120773E+007   0.3054885698E+007
 Selfterm                               -0.8356876284E+007  -0.3057966376E+007
 Fourier                                 0.1292337885E+005   0.3033552015E+004
Total Intermolecular                    -0.1530209226E+006  -0.9608816993E+004

Intramolecular       
 Lennard Jones                           0.0000000000E+000   0.0000000000E+000
 Electrostatic                           0.0000000000E+000   0.0000000000E+000
 Bending                                 0.0000000000E+000   0.0000000000E+000
 Torsion                                 0.0000000000E+000   0.0000000000E+000

Total                                   -0.6434643893E+006  -0.7482355774E+005

#########################################################################################################################

Simulation is running...



#########################################################################################################################
###############################################   RELATIVE ENERGY DRIFTS   ##############################################
#########################################################################################################################
                                               Box 1               Box 2                                                 
-------------------------------------------------------------------------------------------------------------------------

Lennard Jones        
 Intermolecular                          0.1715054067E-014   0.5113978297E-014
 Tailcorrection                          0.0000000000E+000   0.0000000000E+000

Electrostatic        
 Real                                    0.7429016439E-014   0.8139101248E-014
 Exclusion                               0.0000000000E+000   0.2042136103E-015
 Selfterm                                0.0000000000E+000   0.0000000000E+000
 Fourier                                 0.4764946198E-015   0.2059536508E-015

Intramolecular       
 Lennard Jones                           0.0000000000E+000   0.0000000000E+000
 Electrostatic                           0.0000000000E+000   0.0000000000E+000
 Bending                                 0.0000000000E+000   0.0000000000E+000
 Torsion                                 0.0000000000E+000   0.0000000000E+000

Total                                    0.1125618434E-014   0.1671271248E-013

#########################################################################################################################
############################################   TRIAL MOVE ACCEPTANCE RATES   ############################################
#########################################################################################################################
                                               Box 1               Box 2
-------------------------------------------------------------------------------------------------------------------------
Translation
 CO2                                          0.51429             0.48941
 AR                                           0.50532             0.55314
-------------------------------------------------------------------------------------------------------------------------
Rotation
 CO2                                          0.50157             0.69297
 AR                                           0.00000             0.00000
-------------------------------------------------------------------------------------------------------------------------
Lambda Move
 cd                                           0.74934             0.93348
 Ar                                           0.83021             0.96248
-------------------------------------------------------------------------------------------------------------------------
GE Swap Fractional
 cd                                           0.35630             0.37761
 Ar                                           0.44234             0.47033
-------------------------------------------------------------------------------------------------------------------------
GE Identity Change
 cd                                           0.73575             0.81983
 Ar                                           0.85650             0.93023
-------------------------------------------------------------------------------------------------------------------------
Volume                                        0.49557             0.49436

#########################################################################################################################
######################################################   AVERAGES   #####################################################
#########################################################################################################################
                                                       Boltzmann                                    Biased
                                               Box 1               Box 2                  Box 1               Box 2      
-------------------------------------------------------------------------------------------------------------------------
Density
 CO2                                     0.9128660930E+003   0.7439999206E+002      0.9104001503E+003   0.7405448026E+002
 AR                                      0.8459867459E+002   0.9144388307E+002      0.8527351334E+002   0.9168801441E+002
 Total                                   0.9974647676E+003   0.1658438751E+003      0.9956736637E+003   0.1657424947E+003

Number of molecules
 CO2                                     0.4790204607E+003   0.2009795393E+003      0.4809808500E+003   0.1990191500E+003
 AR                                      0.4936024562E+002   0.2706397544E+003      0.5009426000E+002   0.2699057400E+003
 Total                                   0.5283807064E+003   0.4716192936E+003      0.5310751100E+003   0.4689248900E+003

Mole fractions
 CO2                                          0.90658             0.42615                 0.90567             0.42442
 AR                                           0.09342             0.57385                 0.09433             0.57558

Volume                                   0.3842078252E+005   0.1973022207E+006      0.3868289259E+005   0.1962579859E+006

#########################################################################################################################
#######################################   PROPERTIES FROM THE CFC GIBBS ENSEMBLE   ######################################
#########################################################################################################################
                                                       Boltzmann                                    Biased
                                               Box 1               Box 2                  Box 1               Box 2      
Chemical Potentials (as an indication)
=========================================================================================================================

Total cd                                -0.1934267919E+004  -0.1936261547E+004     -0.1934952278E+004  -0.1937439210E+004
 Ideal gas                              -0.1108829483E+004  -0.1743134225E+004     -0.1109513842E+004  -0.1744311888E+004
 Excess                                 -0.8254384361E+003  -0.1931273222E+003     -0.8254384361E+003  -0.1931273222E+003

-------------------------------------------------------------------------------------------------------------------------

Total Ar                                -0.1737331510E+004  -0.1733742274E+004     -0.1735321350E+004  -0.1733067730E+004
 Ideal gas                              -0.1686133063E+004  -0.1666447921E+004     -0.1684122903E+004  -0.1665773377E+004
 Excess                                 -0.5119844676E+002  -0.6729435287E+002     -0.5119844676E+002  -0.6729435287E+002

-------------------------------------------------------------------------------------------------------------------------

#########################################################################################################################
#########################################   PROPERTIES FROM UMBRELLA SAMPLING   #########################################
#########################################################################################################################

Excess Partial Molar Enthalpy
=========================================================================================================================


Partial Molar Volume
=========================================================================================================================


#########################################################################################################################
##################################################   AVERAGE ENERGIES   #################################################
#########################################################################################################################
                                                       Boltzmann                                    Biased
                                               Box 1               Box 2                  Box 1               Box 2      
-------------------------------------------------------------------------------------------------------------------------
Lennard Jones        
 Intermolecular                         -0.5179410433E+006  -0.6217274067E+005     -0.5195560152E+006  -0.6154555337E+005
 Tailcorrection                         -0.1272334293E+005  -0.1394628573E+004     -0.1276528648E+005  -0.1381951673E+004
Total Intermolecular                    -0.5306643863E+006  -0.6356736924E+005     -0.5323213016E+006  -0.6292750505E+005

Electrostatic        
 Real                                   -0.1470447301E+006  -0.8091456613E+004     -0.1471963092E+006  -0.7976012054E+004
 Exclusion                               0.8773520145E+007   0.2729529874E+007      0.8807458823E+007   0.2702393719E+007
 Selfterm                               -0.8801700229E+007  -0.2732282408E+007     -0.8835747749E+007  -0.2705118851E+007
 Fourier                                 0.1370356530E+005   0.2598688197E+004      0.1378736549E+005   0.2574732500E+004
Total Intermolecular                    -0.1615212487E+006  -0.8245302509E+004     -0.1616978691E+006  -0.8126411822E+004

Intramolecular       
 Lennard Jones                           0.0000000000E+000   0.0000000000E+000      0.0000000000E+000   0.0000000000E+000
 Electrostatic                           0.0000000000E+000   0.0000000000E+000      0.0000000000E+000   0.0000000000E+000
 Bending                                 0.0000000000E+000   0.0000000000E+000      0.0000000000E+000   0.0000000000E+000
 Torsion                                 0.0000000000E+000   0.0000000000E+000      0.0000000000E+000   0.0000000000E+000

Total                                   -0.6921856350E+006  -0.7181267175E+005     -0.6940191708E+006  -0.7105391687E+005

#########################################################################################################################

No errors found in bookkeeping.

Total simulation time:  16 hours and  58 minutes

Simulation finished.

