#   100 bins for weightfunction of cd                      
 0.0000000    0.3068945313E+001    0.1881054688E+001
 0.0101010    0.3044433594E+001    0.1859082031E+001
 0.0202020    0.3039648438E+001    0.1842968750E+001
 0.0303030    0.3094531250E+001    0.1868847656E+001
 0.0404040    0.3141308594E+001    0.1889843750E+001
 0.0505051    0.3157128906E+001    0.1854589844E+001
 0.0606061    0.3231542969E+001    0.1876269531E+001
 0.0707071    0.3259082031E+001    0.1852636719E+001
 0.0808081    0.3341113281E+001    0.1868847656E+001
 0.0909091    0.3459375000E+001    0.1886621094E+001
 0.1010101    0.3474511719E+001    0.1872753906E+001
 0.1111111    0.3515625000E+001    0.1869433594E+001
 0.1212121    0.3551464844E+001    0.1858007813E+001
 0.1313131    0.3589550781E+001    0.1891601563E+001
 0.1414141    0.3607519531E+001    0.1854199219E+001
 0.1515152    0.3589648438E+001    0.1854394531E+001
 0.1616162    0.3633300781E+001    0.1818359375E+001
 0.1717172    0.3620898438E+001    0.1841992188E+001
 0.1818182    0.3581835938E+001    0.1805957031E+001
 0.1919192    0.3576562500E+001    0.1805175781E+001
 0.2020202    0.3538964844E+001    0.1750097656E+001
 0.2121212    0.3479101563E+001    0.1768164063E+001
 0.2222222    0.3412207031E+001    0.1705078125E+001
 0.2323232    0.3372363281E+001    0.1697656250E+001
 0.2424242    0.3339355469E+001    0.1690820313E+001
 0.2525253    0.3254785156E+001    0.1641406250E+001
 0.2626263    0.3180175781E+001    0.1615625000E+001
 0.2727273    0.3116503906E+001    0.1590527344E+001
 0.2828283    0.3053417969E+001    0.1566601563E+001
 0.2929293    0.2965234375E+001    0.1595703125E+001
 0.3030303    0.2874121094E+001    0.1533007813E+001
 0.3131313    0.2790136719E+001    0.1494726563E+001
 0.3232323    0.2705566406E+001    0.1485156250E+001
 0.3333333    0.2659667969E+001    0.1440429688E+001
 0.3434343    0.2565136719E+001    0.1417871094E+001
 0.3535354    0.2516210938E+001    0.1361523438E+001
 0.3636364    0.2436328125E+001    0.1311230469E+001
 0.3737374    0.2326464844E+001    0.1337792969E+001
 0.3838384    0.2213183594E+001    0.1317578125E+001
 0.3939394    0.2113867188E+001    0.1258105469E+001
 0.4040404    0.2010449219E+001    0.1250195313E+001
 0.4141414    0.1945605469E+001    0.1195507813E+001
 0.4242424    0.1825097656E+001    0.1204785156E+001
 0.4343434    0.1748339844E+001    0.1137011719E+001
 0.4444444    0.1639257813E+001    0.1113476563E+001
 0.4545455    0.1540917969E+001    0.1090722656E+001
 0.4646465    0.1401464844E+001    0.1043261719E+001
 0.4747475    0.1313964844E+001    0.9795898438E+000
 0.4848485    0.1250097656E+001    0.9814453125E+000
 0.4949495    0.1098632813E+001    0.9300781250E+000
 0.5050505    0.1084863281E+001    0.9408203125E+000
 0.5151515    0.1094042969E+001    0.9157226563E+000
 0.5252525    0.1076074219E+001    0.9182617188E+000
 0.5353535    0.1063085938E+001    0.9395507813E+000
 0.5454545    0.1037695313E+001    0.9519531250E+000
 0.5555556    0.1058105469E+001    0.9428710938E+000
 0.5656566    0.1041308594E+001    0.9184570313E+000
 0.5757576    0.1013476563E+001    0.9311523438E+000
 0.5858586    0.1017773438E+001    0.9259765625E+000
 0.5959596    0.1019531250E+001    0.9226562500E+000
 0.6060606    0.1040527344E+001    0.9063476563E+000
 0.6161616    0.1024804688E+001    0.9111328125E+000
 0.6262626    0.9789062500E+000    0.9359375000E+000
 0.6363636    0.9710937500E+000    0.9247070313E+000
 0.6464646    0.9743164063E+000    0.9119140625E+000
 0.6565657    0.9683593750E+000    0.9139648438E+000
 0.6666667    0.9406250000E+000    0.9010742188E+000
 0.6767677    0.9256835938E+000    0.8839843750E+000
 0.6868687    0.9250000000E+000    0.8981445313E+000
 0.6969697    0.8888671875E+000    0.9079101563E+000
 0.7070707    0.8667968750E+000    0.8806640625E+000
 0.7171717    0.8795898438E+000    0.9259765625E+000
 0.7272727    0.8253906250E+000    0.8889648438E+000
 0.7373737    0.8047851563E+000    0.8781250000E+000
 0.7474747    0.8091796875E+000    0.8911132813E+000
 0.7575758    0.7606445313E+000    0.8678710938E+000
 0.7676768    0.7205078125E+000    0.8328125000E+000
 0.7777778    0.7076171875E+000    0.8579101563E+000
 0.7878788    0.7021484375E+000    0.8527343750E+000
 0.7979798    0.6733398438E+000    0.8524414063E+000
 0.8080808    0.6328125000E+000    0.8431640625E+000
 0.8181818    0.6212890625E+000    0.8682617188E+000
 0.8282828    0.5867187500E+000    0.8504882813E+000
 0.8383838    0.5652343750E+000    0.8390625000E+000
 0.8484848    0.5032226563E+000    0.8095703125E+000
 0.8585859    0.4896484375E+000    0.8206054688E+000
 0.8686869    0.4659179688E+000    0.8283203125E+000
 0.8787879    0.4212890625E+000    0.8055664063E+000
 0.8888889    0.4048828125E+000    0.8163085938E+000
 0.8989899    0.3325195313E+000    0.7757812500E+000
 0.9090909    0.3328125000E+000    0.7915039063E+000
 0.9191919    0.2719726563E+000    0.7522460938E+000
 0.9292929    0.2572265625E+000    0.7833984375E+000
 0.9393939    0.2282226563E+000    0.7876953125E+000
 0.9494949    0.1541015625E+000    0.7393554688E+000
 0.9595960    0.1408203125E+000    0.7666015625E+000
 0.9696970    0.8779296875E-001    0.7332031250E+000
 0.9797980    0.4082031250E-001    0.7433593750E+000
 0.9898990    0.3857421875E-001    0.7577148438E+000
 1.0000000    0.0000000000E+000    0.7235351563E+000


#   100 bins for weightfunction of Ar                      
 0.0000000    0.1611035156E+001    0.4072265625E+000
 0.0101010    0.1639453125E+001    0.4368164063E+000
 0.0202020    0.1643457031E+001    0.4262695313E+000
 0.0303030    0.1629492188E+001    0.4166992188E+000
 0.0404040    0.1666015625E+001    0.4277343750E+000
 0.0505051    0.1683984375E+001    0.4054687500E+000
 0.0606061    0.1747070313E+001    0.4343750000E+000
 0.0707071    0.1758886719E+001    0.4075195313E+000
 0.0808081    0.1852148438E+001    0.4341796875E+000
 0.0909091    0.1886621094E+001    0.4395507813E+000
 0.1010101    0.1954882813E+001    0.4445312500E+000
 0.1111111    0.2048925781E+001    0.4774414063E+000
 0.1212121    0.2092089844E+001    0.4773437500E+000
 0.1313131    0.2153906250E+001    0.4654296875E+000
 0.1414141    0.2228417969E+001    0.4996093750E+000
 0.1515152    0.2260253906E+001    0.4648437500E+000
 0.1616162    0.2293066406E+001    0.4897460938E+000
 0.1717172    0.2308203125E+001    0.4841796875E+000
 0.1818182    0.2324218750E+001    0.4811523438E+000
 0.1919192    0.2360253906E+001    0.4701171875E+000
 0.2020202    0.2344238281E+001    0.4357421875E+000
 0.2121212    0.2341308594E+001    0.4558593750E+000
 0.2222222    0.2351367188E+001    0.4367187500E+000
 0.2323232    0.2319335938E+001    0.4293945313E+000
 0.2424242    0.2291113281E+001    0.4140625000E+000
 0.2525253    0.2309570313E+001    0.4226562500E+000
 0.2626263    0.2281445313E+001    0.3937500000E+000
 0.2727273    0.2215136719E+001    0.3592773438E+000
 0.2828283    0.2213964844E+001    0.3777343750E+000
 0.2929293    0.2159667969E+001    0.3738281250E+000
 0.3030303    0.2151074219E+001    0.3560546875E+000
 0.3131313    0.2070898438E+001    0.3086914063E+000
 0.3232323    0.2062402344E+001    0.3369140625E+000
 0.3333333    0.2016210938E+001    0.3040039063E+000
 0.3434343    0.1984277344E+001    0.3048828125E+000
 0.3535354    0.1945996094E+001    0.2801757813E+000
 0.3636364    0.1882226563E+001    0.2715820313E+000
 0.3737374    0.1849121094E+001    0.2388671875E+000
 0.3838384    0.1783691406E+001    0.2528320313E+000
 0.3939394    0.1747851563E+001    0.2596679688E+000
 0.4040404    0.1704882813E+001    0.1993164063E+000
 0.4141414    0.1658203125E+001    0.2113281250E+000
 0.4242424    0.1581640625E+001    0.1582031250E+000
 0.4343434    0.1553613281E+001    0.1495117188E+000
 0.4444444    0.1500195313E+001    0.1273437500E+000
 0.4545455    0.1435546875E+001    0.1162109375E+000
 0.4646465    0.1406542969E+001    0.9248046875E-001
 0.4747475    0.1355273438E+001    0.8095703125E-001
 0.4848485    0.1280468750E+001    0.8066406250E-001
 0.4949495    0.1186718750E+001    0.5791015625E-001
 0.5050505    0.1184667969E+001    0.4970703125E-001
 0.5151515    0.1204980469E+001    0.2734375000E-001
 0.5252525    0.1187988281E+001    0.5898437500E-001
 0.5353535    0.1184082031E+001    0.4892578125E-001
 0.5454545    0.1200781250E+001    0.4228515625E-001
 0.5555556    0.1193164063E+001    0.4326171875E-001
 0.5656566    0.1175781250E+001    0.1464843750E-002
 0.5757576    0.1193066406E+001    0.5361328125E-001
 0.5858586    0.1192480469E+001    0.4960937500E-001
 0.5959596    0.1198535156E+001    0.4355468750E-001
 0.6060606    0.1197558594E+001    0.4433593750E-001
 0.6161616    0.1193359375E+001    0.2412109375E-001
 0.6262626    0.1179101563E+001    0.3437500000E-001
 0.6363636    0.1189550781E+001    0.1816406250E-001
 0.6464646    0.1220605469E+001    0.5156250000E-001
 0.6565657    0.1206347656E+001    0.1865234375E-001
 0.6666667    0.1205859375E+001    0.4267578125E-001
 0.6767677    0.1195800781E+001    0.1005859375E-001
 0.6868687    0.1193554688E+001    0.3085937500E-001
 0.6969697    0.1195898438E+001    0.5458984375E-001
 0.7070707    0.1188476563E+001    0.3554687500E-001
 0.7171717    0.1186718750E+001    0.3134765625E-001
 0.7272727    0.1191308594E+001    0.4472656250E-001
 0.7373737    0.1197167969E+001    0.4667968750E-001
 0.7474747    0.1189257813E+001    0.4521484375E-001
 0.7575758    0.1209863281E+001    0.5673828125E-001
 0.7676768    0.1191894531E+001    0.3183593750E-001
 0.7777778    0.1178125000E+001    0.2255859375E-001
 0.7878788    0.1177734375E+001    0.1630859375E-001
 0.7979798    0.1191406250E+001    0.4951171875E-001
 0.8080808    0.1191601563E+001    0.4208984375E-001
 0.8181818    0.1179394531E+001    0.2802734375E-001
 0.8282828    0.1170800781E+001    0.1552734375E-001
 0.8383838    0.1187500000E+001    0.4062500000E-001
 0.8484848    0.1183593750E+001    0.3730468750E-001
 0.8585859    0.1172265625E+001    0.3847656250E-001
 0.8686869    0.1180664063E+001    0.1767578125E-001
 0.8787879    0.1182421875E+001    0.3183593750E-001
 0.8888889    0.1172753906E+001    0.2480468750E-001
 0.8989899    0.1166601563E+001    0.0000000000E+000
 0.9090909    0.1189257813E+001    0.3134765625E-001
 0.9191919    0.1178125000E+001    0.4335937500E-001
 0.9292929    0.1185351563E+001    0.2910156250E-001
 0.9393939    0.1176953125E+001    0.2744140625E-001
 0.9494949    0.1195898438E+001    0.3486328125E-001
 0.9595960    0.1158203125E+001    0.1425781250E-001
 0.9696970    0.1191894531E+001    0.3271484375E-001
 0.9797980    0.1161425781E+001    0.1289062500E-001
 0.9898990    0.1164550781E+001    0.2324218750E-001
 1.0000000    0.1165039063E+001    0.1416015625E-001


