#   100 bins for weightfunction of cd                      
 0.0000000    0.3213447571E+001    0.1870764160E+001
 0.0101010    0.3213421631E+001    0.1866024780E+001
 0.0202020    0.3271188354E+001    0.1902311707E+001
 0.0303030    0.3261871338E+001    0.1873927307E+001
 0.0404040    0.3308503723E+001    0.1883305359E+001
 0.0505051    0.3376655579E+001    0.1894148254E+001
 0.0606061    0.3422117615E+001    0.1881941223E+001
 0.0707071    0.3517639160E+001    0.1908428955E+001
 0.0808081    0.3562252808E+001    0.1894914246E+001
 0.0909091    0.3675854492E+001    0.1895666504E+001
 0.1010101    0.3752310181E+001    0.1910192871E+001
 0.1111111    0.3812213135E+001    0.1893620300E+001
 0.1212121    0.3873338318E+001    0.1882681274E+001
 0.1313131    0.3897731018E+001    0.1877395630E+001
 0.1414141    0.3938267517E+001    0.1875292969E+001
 0.1515152    0.3968719482E+001    0.1884440613E+001
 0.1616162    0.3964532471E+001    0.1847903442E+001
 0.1717172    0.3949468994E+001    0.1843118286E+001
 0.1818182    0.3940817261E+001    0.1806121826E+001
 0.1919192    0.3912010193E+001    0.1809555054E+001
 0.2020202    0.3900111389E+001    0.1781188965E+001
 0.2121212    0.3855081177E+001    0.1784516907E+001
 0.2222222    0.3792514038E+001    0.1747088623E+001
 0.2323232    0.3732176208E+001    0.1738554382E+001
 0.2424242    0.3668228149E+001    0.1710408020E+001
 0.2525253    0.3608529663E+001    0.1725219727E+001
 0.2626263    0.3556268311E+001    0.1685472107E+001
 0.2727273    0.3454563904E+001    0.1659979248E+001
 0.2828283    0.3388717651E+001    0.1636274719E+001
 0.2929293    0.3294248962E+001    0.1608044434E+001
 0.3030303    0.3199980164E+001    0.1583612061E+001
 0.3131313    0.3126248169E+001    0.1596237183E+001
 0.3232323    0.3053765869E+001    0.1540476990E+001
 0.3333333    0.2956372070E+001    0.1518154907E+001
 0.3434343    0.2862460327E+001    0.1484027100E+001
 0.3535354    0.2780419922E+001    0.1486701965E+001
 0.3636364    0.2686926270E+001    0.1468832397E+001
 0.3737374    0.2572691345E+001    0.1439070129E+001
 0.3838384    0.2471920776E+001    0.1418353271E+001
 0.3939394    0.2385861206E+001    0.1402290344E+001
 0.4040404    0.2287197876E+001    0.1371490479E+001
 0.4141414    0.2138453674E+001    0.1337069702E+001
 0.4242424    0.2057887268E+001    0.1332418823E+001
 0.4343434    0.1943759155E+001    0.1285650635E+001
 0.4444444    0.1882456970E+001    0.1278297424E+001
 0.4545455    0.1731787109E+001    0.1241995239E+001
 0.4646465    0.1633860779E+001    0.1205468750E+001
 0.4747475    0.1529954529E+001    0.1169415283E+001
 0.4848485    0.1405268860E+001    0.1149226379E+001
 0.4949495    0.1293379211E+001    0.1122474670E+001
 0.5050505    0.1248213196E+001    0.1104145813E+001
 0.5151515    0.1232878113E+001    0.1112318420E+001
 0.5252525    0.1231402588E+001    0.1114585876E+001
 0.5353535    0.1239379883E+001    0.1118176270E+001
 0.5454545    0.1248712158E+001    0.1111569214E+001
 0.5555556    0.1221440125E+001    0.1103053284E+001
 0.5656566    0.1224884033E+001    0.1107569885E+001
 0.5757576    0.1217472839E+001    0.1106033325E+001
 0.5858586    0.1205300903E+001    0.1107394409E+001
 0.5959596    0.1188073730E+001    0.1109211731E+001
 0.6060606    0.1180258179E+001    0.1098745728E+001
 0.6161616    0.1164457703E+001    0.1116392517E+001
 0.6262626    0.1150164795E+001    0.1117347717E+001
 0.6363636    0.1149951172E+001    0.1113897705E+001
 0.6464646    0.1117781067E+001    0.1104832458E+001
 0.6565657    0.1133016968E+001    0.1110391235E+001
 0.6666667    0.1096543884E+001    0.1076821899E+001
 0.6767677    0.1077653503E+001    0.1090557861E+001
 0.6868687    0.1040345764E+001    0.1066860962E+001
 0.6969697    0.1039237976E+001    0.1072035217E+001
 0.7070707    0.1018368530E+001    0.1081872559E+001
 0.7171717    0.9876953125E+000    0.1078733826E+001
 0.7272727    0.9774749756E+000    0.1083688354E+001
 0.7373737    0.9439361572E+000    0.1077166748E+001
 0.7474747    0.9179046631E+000    0.1065289307E+001
 0.7575758    0.8850997925E+000    0.1066564941E+001
 0.7676768    0.8653396606E+000    0.1046200562E+001
 0.7777778    0.8512832642E+000    0.1070222473E+001
 0.7878788    0.8121902466E+000    0.1050942993E+001
 0.7979798    0.7788986206E+000    0.1056367493E+001
 0.8080808    0.7533432007E+000    0.1041606140E+001
 0.8181818    0.7214233398E+000    0.1036515808E+001
 0.8282828    0.6852005005E+000    0.1043849182E+001
 0.8383838    0.6589996338E+000    0.1037127686E+001
 0.8484848    0.6252273560E+000    0.1041645813E+001
 0.8585859    0.5696304321E+000    0.1020495605E+001
 0.8686869    0.5470977783E+000    0.1024978638E+001
 0.8787879    0.4988449097E+000    0.1003395081E+001
 0.8888889    0.4658264160E+000    0.1009413147E+001
 0.8989899    0.4420822144E+000    0.1013800049E+001
 0.9090909    0.3886093140E+000    0.1002275085E+001
 0.9191919    0.3547637939E+000    0.1000570679E+001
 0.9292929    0.3019683838E+000    0.9865921021E+000
 0.9393939    0.2490936279E+000    0.9707611084E+000
 0.9494949    0.2265487671E+000    0.9728393555E+000
 0.9595960    0.1910278320E+000    0.9988128662E+000
 0.9696970    0.1343887329E+000    0.9644073486E+000
 0.9797980    0.7894287109E-001    0.9563919067E+000
 0.9898990    0.2370910645E-001    0.9328979492E+000
 1.0000000    0.0000000000E+000    0.9379089355E+000


#   100 bins for weightfunction of Ar                      
 0.0000000    0.1673471069E+001    0.3447998047E+000
 0.0101010    0.1667947388E+001    0.3383758545E+000
 0.0202020    0.1688912964E+001    0.3480560303E+000
 0.0303030    0.1694036865E+001    0.3446609497E+000
 0.0404040    0.1726997375E+001    0.3438720703E+000
 0.0505051    0.1774555969E+001    0.3418655396E+000
 0.0606061    0.1829290771E+001    0.3630996704E+000
 0.0707071    0.1894830322E+001    0.3661285400E+000
 0.0808081    0.1931866455E+001    0.3509323120E+000
 0.0909091    0.2001850891E+001    0.3572174072E+000
 0.1010101    0.2079145813E+001    0.3664489746E+000
 0.1111111    0.2166854858E+001    0.3855438232E+000
 0.1212121    0.2215026855E+001    0.3818084717E+000
 0.1313131    0.2286231995E+001    0.3572296143E+000
 0.1414141    0.2342176819E+001    0.3766311646E+000
 0.1515152    0.2410237122E+001    0.3667068481E+000
 0.1616162    0.2462513733E+001    0.3789199829E+000
 0.1717172    0.2504827881E+001    0.3622833252E+000
 0.1818182    0.2512228394E+001    0.3633178711E+000
 0.1919192    0.2563282776E+001    0.3556243896E+000
 0.2020202    0.2555943298E+001    0.3697158813E+000
 0.2121212    0.2555525208E+001    0.3591217041E+000
 0.2222222    0.2559155273E+001    0.3270080566E+000
 0.2323232    0.2527102661E+001    0.3120468140E+000
 0.2424242    0.2544329834E+001    0.3209686279E+000
 0.2525253    0.2469998169E+001    0.3144180298E+000
 0.2626263    0.2483232117E+001    0.3284378052E+000
 0.2727273    0.2429190063E+001    0.2752227783E+000
 0.2828283    0.2419006348E+001    0.3048843384E+000
 0.2929293    0.2390252686E+001    0.2703201294E+000
 0.3030303    0.2353131104E+001    0.2763870239E+000
 0.3131313    0.2319201660E+001    0.2644073486E+000
 0.3232323    0.2290016174E+001    0.2367752075E+000
 0.3333333    0.2221870422E+001    0.2383453369E+000
 0.3434343    0.2193751526E+001    0.2484664917E+000
 0.3535354    0.2133566284E+001    0.2183868408E+000
 0.3636364    0.2097790527E+001    0.1961380005E+000
 0.3737374    0.2051142883E+001    0.1893020630E+000
 0.3838384    0.2002835083E+001    0.1645568848E+000
 0.3939394    0.1927729797E+001    0.1796844482E+000
 0.4040404    0.1903627014E+001    0.1688690186E+000
 0.4141414    0.1858828735E+001    0.1451782227E+000
 0.4242424    0.1802549744E+001    0.1412612915E+000
 0.4343434    0.1708668518E+001    0.1082229614E+000
 0.4444444    0.1684007263E+001    0.9980773926E-001
 0.4545455    0.1634609985E+001    0.9231872559E-001
 0.4646465    0.1565997314E+001    0.7830047607E-001
 0.4747475    0.1492433167E+001    0.5941925049E-001
 0.4848485    0.1455828857E+001    0.2734527588E-001
 0.4949495    0.1376646423E+001    0.3455963135E-001
 0.5050505    0.1351419067E+001    0.3992004395E-001
 0.5151515    0.1376228333E+001    0.1397399902E-001
 0.5252525    0.1348695374E+001    0.0000000000E+000
 0.5353535    0.1353816223E+001    0.2532196045E-001
 0.5454545    0.1374000549E+001    0.1942291260E-001
 0.5555556    0.1347914124E+001    0.3120422363E-001
 0.5656566    0.1359011841E+001    0.2696228027E-001
 0.5757576    0.1349871826E+001    0.2064971924E-001
 0.5858586    0.1353408813E+001    0.2207183838E-001
 0.5959596    0.1366528320E+001    0.3740386963E-001
 0.6060606    0.1367625427E+001    0.9887695313E-002
 0.6161616    0.1388265991E+001    0.2801666260E-001
 0.6262626    0.1352188110E+001    0.3512420654E-001
 0.6363636    0.1389385986E+001    0.2085418701E-001
 0.6464646    0.1372787476E+001    0.3685607910E-001
 0.6565657    0.1373634338E+001    0.4715118408E-001
 0.6666667    0.1381236267E+001    0.2919158936E-001
 0.6767677    0.1348011780E+001    0.4336853027E-001
 0.6868687    0.1377494812E+001    0.4046478271E-001
 0.6969697    0.1358467102E+001    0.4267120361E-001
 0.7070707    0.1369877625E+001    0.2722473145E-001
 0.7171717    0.1364733887E+001    0.1526184082E-001
 0.7272727    0.1370840454E+001    0.1853332520E-001
 0.7373737    0.1360142517E+001    0.1117858887E-001
 0.7474747    0.1375865173E+001    0.3289184570E-001
 0.7575758    0.1382429504E+001    0.3462219238E-001
 0.7676768    0.1377116394E+001    0.2775726318E-001
 0.7777778    0.1380447388E+001    0.3400726318E-001
 0.7878788    0.1368693542E+001    0.2702789307E-001
 0.7979798    0.1371435547E+001    0.2471466064E-001
 0.8080808    0.1358192444E+001    0.7290649414E-002
 0.8181818    0.1364515686E+001    0.1673278809E-001
 0.8282828    0.1372126770E+001    0.3026428223E-001
 0.8383838    0.1371659851E+001    0.2302856445E-001
 0.8484848    0.1365896606E+001    0.2250823975E-001
 0.8585859    0.1364862061E+001    0.2752380371E-001
 0.8686869    0.1381614685E+001    0.3995361328E-001
 0.8787879    0.1377165222E+001    0.3477935791E-001
 0.8888889    0.1369775391E+001    0.2446441650E-001
 0.8989899    0.1393458557E+001    0.4465942383E-001
 0.9090909    0.1374769592E+001    0.2026977539E-001
 0.9191919    0.1383395386E+001    0.4167633057E-001
 0.9292929    0.1373948669E+001    0.1976318359E-001
 0.9393939    0.1368435669E+001    0.2664337158E-001
 0.9494949    0.1368559265E+001    0.3271636963E-001
 0.9595960    0.1376065063E+001    0.1543731689E-001
 0.9696970    0.1386254883E+001    0.4549713135E-001
 0.9797980    0.1366703796E+001    0.1832275391E-001
 0.9898990    0.1389270020E+001    0.3914947510E-001
 1.0000000    0.1365295410E+001    0.2668914795E-001


