#   100 bins for weightfunction of cd                      
 0.0000000    0.3232803345E+001    0.1543080139E+001
 0.0101010    0.3256590271E+001    0.1567152405E+001
 0.0202020    0.3245516968E+001    0.1533575439E+001
 0.0303030    0.3282005310E+001    0.1540744019E+001
 0.0404040    0.3340721130E+001    0.1553022766E+001
 0.0505051    0.3365666199E+001    0.1523175049E+001
 0.0606061    0.3478121948E+001    0.1563861084E+001
 0.0707071    0.3554570007E+001    0.1567213440E+001
 0.0808081    0.3621582031E+001    0.1539883423E+001
 0.0909091    0.3720790100E+001    0.1556069946E+001
 0.1010101    0.3797346497E+001    0.1539379883E+001
 0.1111111    0.3870288086E+001    0.1535296631E+001
 0.1212121    0.3940934753E+001    0.1551898193E+001
 0.1313131    0.4006698608E+001    0.1527093506E+001
 0.1414141    0.4008967590E+001    0.1510005188E+001
 0.1515152    0.4041569519E+001    0.1523442078E+001
 0.1616162    0.4080752563E+001    0.1506639099E+001
 0.1717172    0.4069053650E+001    0.1501643372E+001
 0.1818182    0.4032559204E+001    0.1491352844E+001
 0.1919192    0.4008322144E+001    0.1460954285E+001
 0.2020202    0.4012825012E+001    0.1462211609E+001
 0.2121212    0.3963476563E+001    0.1458091736E+001
 0.2222222    0.3896980286E+001    0.1443347168E+001
 0.2323232    0.3849415588E+001    0.1420347595E+001
 0.2424242    0.3784487915E+001    0.1404553223E+001
 0.2525253    0.3746139526E+001    0.1385679626E+001
 0.2626263    0.3659661865E+001    0.1358549500E+001
 0.2727273    0.3592474365E+001    0.1374227905E+001
 0.2828283    0.3511048889E+001    0.1354244995E+001
 0.2929293    0.3423323059E+001    0.1326121521E+001
 0.3030303    0.3352284241E+001    0.1313264465E+001
 0.3131313    0.3244586182E+001    0.1285342407E+001
 0.3232323    0.3167199707E+001    0.1278981018E+001
 0.3333333    0.3093608093E+001    0.1259429932E+001
 0.3434343    0.2983306885E+001    0.1239179993E+001
 0.3535354    0.2900860596E+001    0.1221694946E+001
 0.3636364    0.2786926270E+001    0.1206753540E+001
 0.3737374    0.2700205994E+001    0.1169157410E+001
 0.3838384    0.2586389160E+001    0.1156721497E+001
 0.3939394    0.2488465881E+001    0.1134741211E+001
 0.4040404    0.2380548096E+001    0.1107965088E+001
 0.4141414    0.2255369568E+001    0.1092817688E+001
 0.4242424    0.2173445129E+001    0.1080819702E+001
 0.4343434    0.2053630066E+001    0.1048800659E+001
 0.4444444    0.1958027649E+001    0.1042611694E+001
 0.4545455    0.1840750122E+001    0.1011186218E+001
 0.4646465    0.1735322571E+001    0.9878250122E+000
 0.4747475    0.1629974365E+001    0.9652145386E+000
 0.4848485    0.1507492065E+001    0.9607147217E+000
 0.4949495    0.1401774597E+001    0.9311523437E+000
 0.5050505    0.1343843079E+001    0.9052673340E+000
 0.5151515    0.1322744751E+001    0.9195205688E+000
 0.5252525    0.1345431519E+001    0.9129974365E+000
 0.5353535    0.1334320068E+001    0.9062088013E+000
 0.5454545    0.1326925659E+001    0.9110961914E+000
 0.5555556    0.1316235352E+001    0.9153701782E+000
 0.5656566    0.1316603088E+001    0.9115524292E+000
 0.5757576    0.1307156372E+001    0.9220413208E+000
 0.5858586    0.1284713745E+001    0.9157440186E+000
 0.5959596    0.1274905396E+001    0.8917312622E+000
 0.6060606    0.1261300659E+001    0.8911026001E+000
 0.6161616    0.1236492920E+001    0.9039535522E+000
 0.6262626    0.1236041260E+001    0.8873718262E+000
 0.6363636    0.1240870667E+001    0.8948043823E+000
 0.6464646    0.1238464355E+001    0.8965820312E+000
 0.6565657    0.1193775940E+001    0.8976043701E+000
 0.6666667    0.1166888428E+001    0.9129226685E+000
 0.6767677    0.1155465698E+001    0.8904052734E+000
 0.6868687    0.1137684631E+001    0.8935241699E+000
 0.6969697    0.1123588562E+001    0.8902023315E+000
 0.7070707    0.1103967285E+001    0.8774719238E+000
 0.7171717    0.1074192810E+001    0.8812088013E+000
 0.7272727    0.1046954346E+001    0.8803558350E+000
 0.7373737    0.1025749207E+001    0.8599624634E+000
 0.7474747    0.9968154907E+000    0.8582672119E+000
 0.7575758    0.9580337524E+000    0.8599105835E+000
 0.7676768    0.9423767090E+000    0.8579315186E+000
 0.7777778    0.9040847778E+000    0.8648818970E+000
 0.7878788    0.8595520020E+000    0.8416900635E+000
 0.7979798    0.8258285522E+000    0.8410797119E+000
 0.8080808    0.8128387451E+000    0.8430404663E+000
 0.8181818    0.7757797241E+000    0.8389251709E+000
 0.8282828    0.7447494507E+000    0.8471206665E+000
 0.8383838    0.7072753906E+000    0.8344802856E+000
 0.8484848    0.6853179932E+000    0.8437515259E+000
 0.8585859    0.6307083130E+000    0.8270416260E+000
 0.8686869    0.5890335083E+000    0.8185882568E+000
 0.8787879    0.5554183960E+000    0.8187011719E+000
 0.8888889    0.5082107544E+000    0.8121841431E+000
 0.8989899    0.4706558228E+000    0.8176300049E+000
 0.9090909    0.4083801270E+000    0.7961532593E+000
 0.9191919    0.3762130737E+000    0.7924301147E+000
 0.9292929    0.3188781738E+000    0.7784515381E+000
 0.9393939    0.2749404907E+000    0.7746887207E+000
 0.9494949    0.2104095459E+000    0.7529434204E+000
 0.9595960    0.1890075684E+000    0.7704925537E+000
 0.9696970    0.1155532837E+000    0.7440826416E+000
 0.9797980    0.7444458008E-001    0.7505416870E+000
 0.9898990    0.4097747803E-001    0.7604202270E+000
 1.0000000    0.0000000000E+000    0.7543334961E+000


#   100 bins for weightfunction of Ar                      
 0.0000000    0.2011886597E+001    0.2773574829E+000
 0.0101010    0.2010581970E+001    0.2697814941E+000
 0.0202020    0.2035140991E+001    0.2814071655E+000
 0.0303030    0.2073446655E+001    0.3068038940E+000
 0.0404040    0.2114790344E+001    0.3168792725E+000
 0.0505051    0.2152949524E+001    0.3133041382E+000
 0.0606061    0.2195523071E+001    0.3071746826E+000
 0.0707071    0.2252433777E+001    0.3145843506E+000
 0.0808081    0.2317492676E+001    0.2966720581E+000
 0.0909091    0.2407714844E+001    0.3032379150E+000
 0.1010101    0.2498396301E+001    0.3050735474E+000
 0.1111111    0.2593791199E+001    0.3271804810E+000
 0.1212121    0.2659925842E+001    0.3082092285E+000
 0.1313131    0.2756832886E+001    0.2981765747E+000
 0.1414141    0.2835337830E+001    0.3253250122E+000
 0.1515152    0.2887408447E+001    0.3148803711E+000
 0.1616162    0.2973426819E+001    0.3265991211E+000
 0.1717172    0.3009683228E+001    0.3193557739E+000
 0.1818182    0.3057165527E+001    0.3074707031E+000
 0.1919192    0.3069117737E+001    0.3028198242E+000
 0.2020202    0.3107020569E+001    0.3090866089E+000
 0.2121212    0.3134460449E+001    0.2903320313E+000
 0.2222222    0.3094947815E+001    0.2694442749E+000
 0.2323232    0.3090887451E+001    0.2583251953E+000
 0.2424242    0.3094145203E+001    0.2588821411E+000
 0.2525253    0.3068615723E+001    0.2404876709E+000
 0.2626263    0.3021717834E+001    0.2447097778E+000
 0.2727273    0.3016600037E+001    0.2517959595E+000
 0.2828283    0.2977648926E+001    0.2452011108E+000
 0.2929293    0.2945129395E+001    0.2513000488E+000
 0.3030303    0.2917781067E+001    0.2106567383E+000
 0.3131313    0.2884838867E+001    0.2158294678E+000
 0.3232323    0.2835925293E+001    0.2009048462E+000
 0.3333333    0.2779284668E+001    0.1969085693E+000
 0.3434343    0.2751635742E+001    0.1949035645E+000
 0.3535354    0.2719580078E+001    0.1656692505E+000
 0.3636364    0.2643006897E+001    0.1737030029E+000
 0.3737374    0.2627235413E+001    0.1609954834E+000
 0.3838384    0.2567358398E+001    0.1481063843E+000
 0.3939394    0.2505665588E+001    0.1309753418E+000
 0.4040404    0.2458616638E+001    0.1165237427E+000
 0.4141414    0.2409239197E+001    0.1171844482E+000
 0.4242424    0.2325424194E+001    0.1130264282E+000
 0.4343434    0.2287983704E+001    0.1129425049E+000
 0.4444444    0.2248062134E+001    0.9807434082E-001
 0.4545455    0.2181427002E+001    0.8212890625E-001
 0.4646465    0.2113313293E+001    0.6648864746E-001
 0.4747475    0.2032160950E+001    0.3680419922E-001
 0.4848485    0.1985679626E+001    0.5182037354E-001
 0.4949495    0.1908108521E+001    0.4217987061E-001
 0.5050505    0.1925007629E+001    0.3178405762E-001
 0.5151515    0.1910636902E+001    0.3441925049E-001
 0.5252525    0.1870770264E+001    0.1275634766E-002
 0.5353535    0.1899285889E+001    0.5009002686E-001
 0.5454545    0.1914814758E+001    0.2101287842E-001
 0.5555556    0.1898857117E+001    0.0000000000E+000
 0.5656566    0.1921183777E+001    0.3679351807E-001
 0.5757576    0.1913684082E+001    0.1659393311E-001
 0.5858586    0.1899905396E+001    0.3146820068E-001
 0.5959596    0.1898451233E+001    0.4653930664E-001
 0.6060606    0.1908538818E+001    0.1520385742E-001
 0.6161616    0.1895907593E+001    0.2375335693E-001
 0.6262626    0.1900070190E+001    0.4286041260E-001
 0.6363636    0.1884010315E+001    0.2583160400E-001
 0.6464646    0.1920799255E+001    0.1055145264E-001
 0.6565657    0.1912109375E+001    0.3995666504E-001
 0.6666667    0.1896424866E+001    0.1974945068E-001
 0.6767677    0.1886413574E+001    0.2920532227E-001
 0.6868687    0.1901846313E+001    0.1356506348E-001
 0.6969697    0.1893693542E+001    0.2493743896E-001
 0.7070707    0.1908290100E+001    0.2680053711E-001
 0.7171717    0.1901693726E+001    0.2361297607E-001
 0.7272727    0.1881854248E+001    0.8447265625E-002
 0.7373737    0.1908963013E+001    0.3145751953E-001
 0.7474747    0.1901347351E+001    0.2716369629E-001
 0.7575758    0.1904380798E+001    0.3138885498E-001
 0.7676768    0.1900016785E+001    0.3302764893E-001
 0.7777778    0.1900622559E+001    0.2297363281E-001
 0.7878788    0.1907052612E+001    0.2896881104E-001
 0.7979798    0.1900938416E+001    0.1954803467E-001
 0.8080808    0.1888529968E+001    0.1741027832E-001
 0.8181818    0.1890150452E+001    0.1235504150E-001
 0.8282828    0.1907487488E+001    0.3224487305E-001
 0.8383838    0.1912257385E+001    0.3280639648E-001
 0.8484848    0.1876312256E+001    0.5683898926E-002
 0.8585859    0.1894692993E+001    0.2058105469E-001
 0.8686869    0.1896697998E+001    0.2618408203E-001
 0.8787879    0.1912882996E+001    0.3662872314E-001
 0.8888889    0.1906123352E+001    0.2847137451E-001
 0.8989899    0.1903025818E+001    0.2286834717E-001
 0.9090909    0.1912225342E+001    0.2515106201E-001
 0.9191919    0.1900254822E+001    0.1615905762E-001
 0.9292929    0.1910375977E+001    0.2794189453E-001
 0.9393939    0.1905053711E+001    0.2137603760E-001
 0.9494949    0.1891648865E+001    0.2460021973E-001
 0.9595960    0.1904878235E+001    0.1805267334E-001
 0.9696970    0.1914869690E+001    0.3271942139E-001
 0.9797980    0.1905009460E+001    0.2413024902E-001
 0.9898990    0.1896601868E+001    0.2273864746E-001
 1.0000000    0.1916416931E+001    0.3432617187E-001


