 0.0000000   0.1516363581E+000   0.1024651880E+001   0.5011016540E+000   0.9847243339E+000
 0.0101010   0.1525795488E+000   0.1014159832E+001   0.5105236687E+000   0.9815171597E+000
 0.0202020   0.1504272170E+000   0.1018404895E+001   0.5027360789E+000   0.9747739697E+000
 0.0303030   0.1465604221E+000   0.1044895822E+001   0.5032930424E+000   0.9700831389E+000
 0.0404040   0.1391680980E+000   0.9968270266E+000   0.4974660859E+000   0.9512811287E+000
 0.0505051   0.1317245819E+000   0.9891244737E+000   0.4989226412E+000   0.9401353280E+000
 0.0606061   0.1263703973E+000   0.9804529167E+000   0.5026578389E+000   0.9349125474E+000
 0.0707071   0.1179964081E+000   0.1021235625E+001   0.4994583291E+000   0.9485768890E+000
 0.0808081   0.1080098306E+000   0.9756738703E+000   0.4933063102E+000   0.9330110684E+000
 0.0909091   0.1005406371E+000   0.9960683169E+000   0.4975174594E+000   0.9446327225E+000
 0.1010101   0.9363508401E-001   0.9926932957E+000   0.4967606879E+000   0.9550860211E+000
 0.1111111   0.8867067045E-001   0.1047761600E+001   0.5031898335E+000   0.9773195916E+000
 0.1212121   0.8285919431E-001   0.1016875106E+001   0.4994131699E+000   0.9612353617E+000
 0.1313131   0.8113932778E-001   0.1033082217E+001   0.5107461667E+000   0.9761202864E+000
 0.1414141   0.7763887844E-001   0.1023585975E+001   0.5127136371E+000   0.9652394935E+000
 0.1515152   0.7495032131E-001   0.1050062470E+001   0.5135508197E+000   0.9722612319E+000
 0.1616162   0.7605027430E-001   0.1021905681E+001   0.5266296744E+000   0.9752885103E+000
 0.1717172   0.7675282387E-001   0.1014456718E+001   0.5314189356E+000   0.9703810309E+000
 0.1818182   0.7760971721E-001   0.1030503016E+001   0.5315432852E+000   0.9512308353E+000
 0.1919192   0.7982531653E-001   0.1021852076E+001   0.5490316415E+000   0.9917228599E+000
 0.2020202   0.8293174901E-001   0.1051617000E+001   0.5563706515E+000   0.9708143282E+000
 0.2121212   0.8474872959E-001   0.1012677462E+001   0.5641607584E+000   0.9661157600E+000
 0.2222222   0.8897632409E-001   0.9754821311E+000   0.5776602061E+000   0.9994061505E+000
 0.2323232   0.9455822064E-001   0.1019734699E+001   0.5887365434E+000   0.9943806749E+000
 0.2424242   0.9894546782E-001   0.1009879720E+001   0.6021887406E+000   0.9634250608E+000
 0.2525253   0.1078145294E+000   0.9837042352E+000   0.6104231879E+000   0.9687271503E+000
 0.2626263   0.1130472059E+000   0.9981568302E+000   0.6270398350E+000   0.9661370380E+000
 0.2727273   0.1231611567E+000   0.1026989861E+001   0.6388656545E+000   0.9861441565E+000
 0.2828283   0.1318970658E+000   0.1040481698E+001   0.6643573922E+000   0.9872080562E+000
 0.2929293   0.1448898676E+000   0.1062661587E+001   0.6696946238E+000   0.9721993323E+000
 0.3030303   0.1571526142E+000   0.1020949047E+001   0.6965590053E+000   0.9905467671E+000
 0.3131313   0.1694243513E+000   0.1041042484E+001   0.7130664666E+000   0.9863491990E+000
 0.3232323   0.1861308248E+000   0.1017625569E+001   0.7277114476E+000   0.9539950403E+000
 0.3333333   0.2012935092E+000   0.9951116829E+000   0.7452801935E+000   0.9804049009E+000
 0.3434343   0.2183772966E+000   0.9924273350E+000   0.7723888146E+000   0.9905951262E+000
 0.3535354   0.2405752877E+000   0.9911449507E+000   0.7861265471E+000   0.9845115540E+000
 0.3636364   0.2649033275E+000   0.9836630009E+000   0.8097426373E+000   0.1006329236E+001
 0.3737374   0.2900127628E+000   0.9782675029E+000   0.8287800257E+000   0.9753446068E+000
 0.3838384   0.3176774079E+000   0.9932664514E+000   0.8597714685E+000   0.9803990978E+000
 0.3939394   0.3534604708E+000   0.1004024460E+001   0.8901997816E+000   0.9891443538E+000
 0.4040404   0.3913902951E+000   0.1020656284E+001   0.8958623122E+000   0.9454200083E+000
 0.4141414   0.4309833256E+000   0.1000991683E+001   0.9411242832E+000   0.9897304658E+000
 0.4242424   0.4799227629E+000   0.9931015145E+000   0.9548521084E+000   0.9767953792E+000
 0.4343434   0.5294006381E+000   0.1011259005E+001   0.9920912540E+000   0.9843200520E+000
 0.4444444   0.5831379027E+000   0.9795478255E+000   0.1019891061E+001   0.9822638239E+000
 0.4545455   0.6465526571E+000   0.9743667454E+000   0.1053431423E+001   0.9812908392E+000
 0.4646465   0.7309509562E+000   0.1000653562E+001   0.1085778732E+001   0.1001164487E+001
 0.4747475   0.8100878659E+000   0.9647488630E+000   0.1112772156E+001   0.9749770778E+000
 0.4848485   0.9032455442E+000   0.1003807980E+001   0.1161436060E+001   0.9805035534E+000
 0.4949495   0.1004353588E+001   0.9929613182E+000   0.1199626690E+001   0.1002336711E+001
 0.5050505   0.1065208353E+001   0.9908006449E+000   0.1227738170E+001   0.1040635167E+001
 0.5151515   0.1053760799E+001   0.9774613738E+000   0.1226728003E+001   0.1003441232E+001
 0.5252525   0.1066751513E+001   0.9908501260E+000   0.1225143572E+001   0.1026179671E+001
 0.5353535   0.1068830687E+001   0.9844979940E+000   0.1217816265E+001   0.9996537490E+000
 0.5454545   0.1067132360E+001   0.9627490032E+000   0.1221617210E+001   0.1039085743E+001
 0.5555556   0.1080656577E+001   0.9809745296E+000   0.1226721438E+001   0.1013051148E+001
 0.5656566   0.1100507785E+001   0.1030239117E+001   0.1233921360E+001   0.9859487858E+000
 0.5757576   0.1097747894E+001   0.9966352874E+000   0.1228437393E+001   0.9965665053E+000
 0.5858586   0.1106283487E+001   0.9965198316E+000   0.1245452255E+001   0.1007472445E+001
 0.5959596   0.1126142702E+001   0.9771562406E+000   0.1221075143E+001   0.1010820828E+001
 0.6060606   0.1102159041E+001   0.9867122717E+000   0.1237028828E+001   0.1022218096E+001
 0.6161616   0.1136640881E+001   0.9805065212E+000   0.1235251532E+001   0.1006004263E+001
 0.6262626   0.1151210443E+001   0.9891306589E+000   0.1224485578E+001   0.9867979712E+000
 0.6363636   0.1162179612E+001   0.9450801387E+000   0.1237475106E+001   0.9670481231E+000
 0.6464646   0.1204468324E+001   0.1021316031E+001   0.1263395928E+001   0.1028396452E+001
 0.6565657   0.1200533712E+001   0.9535393395E+000   0.1253717989E+001   0.1031297996E+001
 0.6666667   0.1230096069E+001   0.9850732114E+000   0.1253594043E+001   0.9977948260E+000
 0.6767677   0.1257352164E+001   0.9820816685E+000   0.1248552955E+001   0.1006408545E+001
 0.6868687   0.1274596724E+001   0.9991485133E+000   0.1252672415E+001   0.1003977051E+001
 0.6969697   0.1309258227E+001   0.1006700561E+001   0.1264725384E+001   0.1054899162E+001
 0.7070707   0.1326722651E+001   0.9919572649E+000   0.1246460478E+001   0.1023777192E+001
 0.7171717   0.1370558200E+001   0.9977795371E+000   0.1265214749E+001   0.1039226951E+001
 0.7272727   0.1400578528E+001   0.1008316943E+001   0.1276024099E+001   0.1041762901E+001
 0.7373737   0.1429652148E+001   0.1000422651E+001   0.1271527964E+001   0.1022427007E+001
 0.7474747   0.1465804257E+001   0.1004024460E+001   0.1273279119E+001   0.1035791522E+001
 0.7575758   0.1502990429E+001   0.9946807853E+000   0.1281245466E+001   0.1035321472E+001
 0.7676768   0.1534632851E+001   0.9921448806E+000   0.1290511709E+001   0.1028953548E+001
 0.7777778   0.1585156303E+001   0.9921922999E+000   0.1294583013E+001   0.1028148853E+001
 0.7878788   0.1622542025E+001   0.9980475596E+000   0.1300157333E+001   0.1042853882E+001
 0.7979798   0.1673469961E+001   0.9924726926E+000   0.1295138141E+001   0.1019643458E+001
 0.8080808   0.1738408730E+001   0.9932561429E+000   0.1321412897E+001   0.1021467563E+001
 0.8181818   0.1793037538E+001   0.9844526363E+000   0.1325452641E+001   0.1034493564E+001
 0.8282828   0.1854953015E+001   0.1013852637E+001   0.1336525182E+001   0.1044511631E+001
 0.8383838   0.1902494538E+001   0.1003952300E+001   0.1336688448E+001   0.1055829590E+001
 0.8484848   0.1957758266E+001   0.1005576929E+001   0.1344126060E+001   0.1044697330E+001
 0.8585859   0.2040273840E+001   0.9870318369E+000   0.1358260564E+001   0.1037495696E+001
 0.8686869   0.2097357073E+001   0.9963074754E+000   0.1364139661E+001   0.1036847684E+001
 0.8787879   0.2172725458E+001   0.9684949921E+000   0.1363853643E+001   0.1021312814E+001
 0.8888889   0.2247201261E+001   0.9942478259E+000   0.1368839552E+001   0.1037814866E+001
 0.8989899   0.2347838703E+001   0.9818672505E+000   0.1381193654E+001   0.1027508579E+001
 0.9090909   0.2451391153E+001   0.9946601682E+000   0.1394765855E+001   0.1035857290E+001
 0.9191919   0.2553729916E+001   0.1011322918E+001   0.1401653820E+001   0.1064462653E+001
 0.9292929   0.2658328621E+001   0.9819126082E+000   0.1411007469E+001   0.1028286193E+001
 0.9393939   0.2792616650E+001   0.9880297051E+000   0.1426059388E+001   0.1032044661E+001
 0.9494949   0.2925374773E+001   0.9982042496E+000   0.1440935371E+001   0.1041012368E+001
 0.9595960   0.3020870649E+001   0.9644148658E+000   0.1440621297E+001   0.1013772666E+001
 0.9696970   0.3201140854E+001   0.1030657645E+001   0.1472238375E+001   0.1069904017E+001
 0.9797980   0.3345610472E+001   0.9753007006E+000   0.1471222445E+001   0.1028197212E+001
 0.9898990   0.3460556113E+001   0.9864978538E+000   0.1477995140E+001   0.1045993354E+001
 1.0000000   0.3550558856E+001   0.9754718226E+000   0.1495344880E+001   0.1042372226E+001


 0.0000000   0.9715656900E+000   0.9728241299E+000   0.7908818200E+000   0.9852172173E+000
 0.0101010   0.9895578336E+000   0.9735182136E+000   0.8060060694E+000   0.1005819689E+001
 0.0202020   0.9740273545E+000   0.9529290582E+000   0.8003051331E+000   0.9609792506E+000
 0.0303030   0.9501541974E+000   0.9689627906E+000   0.7991896292E+000   0.1010166303E+001
 0.0404040   0.9377396773E+000   0.1008884571E+001   0.7968465108E+000   0.1022329232E+001
 0.0505051   0.9005013459E+000   0.9850782973E+000   0.7914829698E+000   0.1005526053E+001
 0.0606061   0.8581315595E+000   0.1003046688E+001   0.7923102941E+000   0.1016700207E+001
 0.0707071   0.8032069795E+000   0.9968218745E+000   0.7738426672E+000   0.1002008411E+001
 0.0808081   0.7573324248E+000   0.1006255828E+001   0.7759008079E+000   0.1005182478E+001
 0.0909091   0.7089329251E+000   0.1002294764E+001   0.7716352390E+000   0.1000526248E+001
 0.1010101   0.6561133085E+000   0.1022504966E+001   0.7732800088E+000   0.1034022742E+001
 0.1111111   0.6000755189E+000   0.9826011365E+000   0.7550260121E+000   0.9805509993E+000
 0.1212121   0.5742255324E+000   0.9818013447E+000   0.7707547784E+000   0.9801415067E+000
 0.1313131   0.5295016899E+000   0.9991215254E+000   0.7588672156E+000   0.1008813979E+001
 0.1414141   0.4961448899E+000   0.9947356344E+000   0.7584107609E+000   0.1004345515E+001
 0.1515152   0.4628833334E+000   0.1020011849E+001   0.7455972357E+000   0.9764380956E+000
 0.1616162   0.4473429950E+000   0.1006644754E+001   0.7625488323E+000   0.1022714754E+001
 0.1717172   0.4267946801E+000   0.9963272401E+000   0.7522961097E+000   0.9938445272E+000
 0.1818182   0.4203040975E+000   0.1046773962E+001   0.7674390008E+000   0.1003934025E+001
 0.1919192   0.4091713526E+000   0.1005886847E+001   0.7636537030E+000   0.1003944013E+001
 0.2020202   0.4005753303E+000   0.9892427996E+000   0.7652805951E+000   0.9891543389E+000
 0.2121212   0.4044198358E+000   0.1013222594E+001   0.7743818193E+000   0.9920807128E+000
 0.2222222   0.4052935826E+000   0.9788734284E+000   0.7779582438E+000   0.9997911588E+000
 0.2323232   0.4134547698E+000   0.9910478161E+000   0.7896356090E+000   0.9840746331E+000
 0.2424242   0.4186676736E+000   0.1018771274E+001   0.7974350254E+000   0.1024856101E+001
 0.2525253   0.4213843966E+000   0.9923402478E+000   0.8047781040E+000   0.9848716455E+000
 0.2626263   0.4382759777E+000   0.1000559555E+001   0.8214558622E+000   0.9686717189E+000
 0.2727273   0.4449542525E+000   0.1016140538E+001   0.8265877065E+000   0.1005877617E+001
 0.2828283   0.4692631441E+000   0.1023576009E+001   0.8287023965E+000   0.1000062822E+001
 0.2929293   0.4776883430E+000   0.9905093029E+000   0.8421361459E+000   0.1018663774E+001
 0.3030303   0.4996754936E+000   0.9971170595E+000   0.8551656613E+000   0.1007427696E+001
 0.3131313   0.5074890139E+000   0.1006513118E+001   0.8716533692E+000   0.9826204350E+000
 0.3232323   0.5343675951E+000   0.9977473194E+000   0.8743573707E+000   0.9828181900E+000
 0.3333333   0.5557704545E+000   0.1011074524E+001   0.8848869403E+000   0.1002661602E+001
 0.3434343   0.5915983394E+000   0.1007157339E+001   0.9033566706E+000   0.9938045767E+000
 0.3535354   0.6168927793E+000   0.9958066773E+000   0.9111157814E+000   0.9759546945E+000
 0.3636364   0.6343180218E+000   0.1011834426E+001   0.9260632249E+000   0.1015641519E+001
 0.3737374   0.6800614288E+000   0.1037834642E+001   0.9337922285E+000   0.9937626287E+000
 0.3838384   0.7076355004E+000   0.1002777432E+001   0.9510690869E+000   0.1008056917E+001
 0.3939394   0.7404675339E+000   0.9910936894E+000   0.9642116437E+000   0.1016068989E+001
 0.4040404   0.7693507211E+000   0.9910777335E+000   0.9828640120E+000   0.9974640423E+000
 0.4141414   0.8093233511E+000   0.1002067392E+001   0.9987137254E+000   0.1008760045E+001
 0.4242424   0.8663956977E+000   0.1003601158E+001   0.1010023167E+001   0.1025621153E+001
 0.4343434   0.9036644326E+000   0.9971509659E+000   0.1021174399E+001   0.1007152038E+001
 0.4444444   0.9746341640E+000   0.1039055272E+001   0.1045530354E+001   0.9914474974E+000
 0.4545455   0.1024378793E+001   0.1011563175E+001   0.1055078481E+001   0.9972263368E+000
 0.4646465   0.1076002912E+001   0.9975897544E+000   0.1094334645E+001   0.1004485342E+001
 0.4747475   0.1127791481E+001   0.1028831499E+001   0.1097049326E+001   0.1012143853E+001
 0.4848485   0.1198434929E+001   0.9889655650E+000   0.1101784084E+001   0.9825185613E+000
 0.4949495   0.1283131105E+001   0.9977453249E+000   0.1132902885E+001   0.1017355395E+001
 0.5050505   0.1315859527E+001   0.1035004456E+001   0.1134368504E+001   0.9946914778E+000
 0.5151515   0.1326073390E+001   0.1015480360E+001   0.1137318659E+001   0.9974640423E+000
 0.5252525   0.1322243467E+001   0.1002871173E+001   0.1153578823E+001   0.1027265116E+001
 0.5353535   0.1315324997E+001   0.1009512836E+001   0.1140225840E+001   0.1016316682E+001
 0.5454545   0.1316458651E+001   0.9874956233E+000   0.1153418004E+001   0.1022273301E+001
 0.5555556   0.1324399942E+001   0.9962334989E+000   0.1124812025E+001   0.9667920480E+000
 0.5656566   0.1308689608E+001   0.1000988371E+001   0.1135963728E+001   0.9862039946E+000
 0.5757576   0.1346010473E+001   0.9975817765E+000   0.1134129659E+001   0.9787891823E+000
 0.5858586   0.1308042379E+001   0.1000290299E+001   0.1133779414E+001   0.9752196054E+000
 0.5959596   0.1330902314E+001   0.1007544271E+001   0.1145931174E+001   0.1000955716E+001
 0.6060606   0.1324457506E+001   0.1029723038E+001   0.1143997303E+001   0.1026044628E+001
 0.6161616   0.1310815478E+001   0.9792543766E+000   0.1142098680E+001   0.1014772595E+001
 0.6262626   0.1321713396E+001   0.1015923138E+001   0.1139732014E+001   0.1010599766E+001
 0.6363636   0.1313235007E+001   0.9709054272E+000   0.1147520153E+001   0.9898394899E+000
 0.6464646   0.1314770373E+001   0.9942130771E+000   0.1146203152E+001   0.1033275668E+001
 0.6565657   0.1314810027E+001   0.1012923420E+001   0.1138044197E+001   0.9819352840E+000
 0.6666667   0.1310046109E+001   0.9915404560E+000   0.1129020876E+001   0.9687895728E+000
 0.6767677   0.1305546531E+001   0.9962374879E+000   0.1133149662E+001   0.1009884652E+001
 0.6868687   0.1307087945E+001   0.9813466002E+000   0.1151888190E+001   0.9841465440E+000
 0.6969697   0.1306644168E+001   0.9918097126E+000   0.1143682730E+001   0.1004333530E+001
 0.7070707   0.1314388082E+001   0.1006535057E+001   0.1144177845E+001   0.1023134234E+001
 0.7171717   0.1305178958E+001   0.9777983964E+000   0.1134543313E+001   0.9787831897E+000
 0.7272727   0.1299906634E+001   0.9777704735E+000   0.1127940260E+001   0.9802653532E+000
 0.7373737   0.1312195684E+001   0.1005222681E+001   0.1135204543E+001   0.1006766516E+001
 0.7474747   0.1313750408E+001   0.9937343987E+000   0.1136148332E+001   0.9911438736E+000
 0.7575758   0.1313755969E+001   0.9961357688E+000   0.1130419296E+001   0.9862679154E+000
 0.7676768   0.1316284509E+001   0.1000423930E+001   0.1140299750E+001   0.1009159550E+001
 0.7777778   0.1300897920E+001   0.9922465066E+000   0.1132542047E+001   0.9859782743E+000
 0.7878788   0.1316167047E+001   0.9912392875E+000   0.1137001559E+001   0.1000813892E+001
 0.7979798   0.1305750174E+001   0.1012508565E+001   0.1127267028E+001   0.1002629642E+001
 0.8080808   0.1331185777E+001   0.1016034829E+001   0.1137403901E+001   0.1003690327E+001
 0.8181818   0.1306145718E+001   0.9794338810E+000   0.1125991107E+001   0.9861380763E+000
 0.8282828   0.1308707828E+001   0.1013599553E+001   0.1134544771E+001   0.1024676324E+001
 0.8383838   0.1316392102E+001   0.1006064357E+001   0.1131893540E+001   0.1003324780E+001
 0.8484848   0.1318088049E+001   0.9863009218E+000   0.1142137998E+001   0.9959039754E+000
 0.8585859   0.1308950073E+001   0.9934372192E+000   0.1146163486E+001   0.9996153766E+000
 0.8686869   0.1314312257E+001   0.9838177775E+000   0.1138403708E+001   0.9943638837E+000
 0.8787879   0.1330083655E+001   0.1011343781E+001   0.1146152561E+001   0.1004305565E+001
 0.8888889   0.1322773592E+001   0.1004518625E+001   0.1134302738E+001   0.9922644851E+000
 0.8989899   0.1305010789E+001   0.9984852820E+000   0.1122163365E+001   0.9965471784E+000
 0.9090909   0.1305967610E+001   0.9825333237E+000   0.1124720435E+001   0.9785594670E+000
 0.9191919   0.1306396132E+001   0.9854732070E+000   0.1133255878E+001   0.9905805716E+000
 0.9292929   0.1316310687E+001   0.9922963690E+000   0.1131152566E+001   0.9942899753E+000
 0.9393939   0.1317135378E+001   0.1001477022E+001   0.1134670199E+001   0.9986825325E+000
 0.9494949   0.1308811039E+001   0.1018745346E+001   0.1129574451E+001   0.1015232026E+001
 0.9595960   0.1315112937E+001   0.9860256817E+000   0.1138494628E+001   0.9937546386E+000
 0.9696970   0.1323631678E+001   0.1018952773E+001   0.1140640055E+001   0.1019768405E+001
 0.9797980   0.1308169560E+001   0.9703429801E+000   0.1135680271E+001   0.9932952079E+000
 0.9898990   0.1319448020E+001   0.1027180059E+001   0.1136863967E+001   0.1031044433E+001
 1.0000000   0.1306892010E+001   0.9955294428E+000   0.1131630249E+001   0.1015126157E+001


