#   100 bins for weightfunction of cd                      
 0.0000000    0.3324102783E+001    0.1616888428E+001
 0.0101010    0.3314550781E+001    0.1616168213E+001
 0.0202020    0.3341400146E+001    0.1629028320E+001
 0.0303030    0.3360668945E+001    0.1603344727E+001
 0.0404040    0.3410778809E+001    0.1621142578E+001
 0.0505051    0.3459472656E+001    0.1616333008E+001
 0.0606061    0.3581256104E+001    0.1654058838E+001
 0.0707071    0.3619427490E+001    0.1599749756E+001
 0.0808081    0.3729968262E+001    0.1620715332E+001
 0.0909091    0.3819555664E+001    0.1631665039E+001
 0.1010101    0.3914434814E+001    0.1615411377E+001
 0.1111111    0.4012322998E+001    0.1646386719E+001
 0.1212121    0.4052569580E+001    0.1635125732E+001
 0.1313131    0.4114300537E+001    0.1633868408E+001
 0.1414141    0.4145196533E+001    0.1599475098E+001
 0.1515152    0.4187121582E+001    0.1601470947E+001
 0.1616162    0.4198919678E+001    0.1578698730E+001
 0.1717172    0.4183666992E+001    0.1575128174E+001
 0.1818182    0.4188873291E+001    0.1590863037E+001
 0.1919192    0.4206304932E+001    0.1551568604E+001
 0.2020202    0.4142266846E+001    0.1593981934E+001
 0.2121212    0.4074243164E+001    0.1544451904E+001
 0.2222222    0.4038616943E+001    0.1539758301E+001
 0.2323232    0.3995153809E+001    0.1539501953E+001
 0.2424242    0.3917724609E+001    0.1502258301E+001
 0.2525253    0.3850439453E+001    0.1504614258E+001
 0.2626263    0.3756042480E+001    0.1498773193E+001
 0.2727273    0.3694403076E+001    0.1486145020E+001
 0.2828283    0.3629443359E+001    0.1477386475E+001
 0.2929293    0.3537939453E+001    0.1474798584E+001
 0.3030303    0.3462725830E+001    0.1436187744E+001
 0.3131313    0.3337207031E+001    0.1431024170E+001
 0.3232323    0.3250482178E+001    0.1414636230E+001
 0.3333333    0.3174005127E+001    0.1402136230E+001
 0.3434343    0.3064190674E+001    0.1412713623E+001
 0.3535354    0.2975646973E+001    0.1388464355E+001
 0.3636364    0.2851306152E+001    0.1358868408E+001
 0.3737374    0.2776647949E+001    0.1350885010E+001
 0.3838384    0.2654882812E+001    0.1320983887E+001
 0.3939394    0.2553094482E+001    0.1324548340E+001
 0.4040404    0.2441033936E+001    0.1288293457E+001
 0.4141414    0.2319549561E+001    0.1293402100E+001
 0.4242424    0.2233911133E+001    0.1257348633E+001
 0.4343434    0.2103588867E+001    0.1267443848E+001
 0.4444444    0.1988958740E+001    0.1233673096E+001
 0.4545455    0.1886059570E+001    0.1216339111E+001
 0.4646465    0.1779956055E+001    0.1203741455E+001
 0.4747475    0.1651385498E+001    0.1183740234E+001
 0.4848485    0.1557745361E+001    0.1190319824E+001
 0.4949495    0.1414160156E+001    0.1134704590E+001
 0.5050505    0.1349005127E+001    0.1137957764E+001
 0.5151515    0.1353216553E+001    0.1139935303E+001
 0.5252525    0.1353228760E+001    0.1148278809E+001
 0.5353535    0.1357226562E+001    0.1122509766E+001
 0.5454545    0.1340313721E+001    0.1140930176E+001
 0.5555556    0.1341778564E+001    0.1131506348E+001
 0.5656566    0.1339056396E+001    0.1148120117E+001
 0.5757576    0.1305065918E+001    0.1144732666E+001
 0.5858586    0.1316534424E+001    0.1123040771E+001
 0.5959596    0.1292254639E+001    0.1154687500E+001
 0.6060606    0.1275585937E+001    0.1132818604E+001
 0.6161616    0.1251892090E+001    0.1142382813E+001
 0.6262626    0.1236560059E+001    0.1147515869E+001
 0.6363636    0.1223876953E+001    0.1146655273E+001
 0.6464646    0.1197821045E+001    0.1157769775E+001
 0.6565657    0.1193743896E+001    0.1132287598E+001
 0.6666667    0.1206958008E+001    0.1114892578E+001
 0.6767677    0.1181512451E+001    0.1125854492E+001
 0.6868687    0.1158142090E+001    0.1136566162E+001
 0.6969697    0.1126519775E+001    0.1105151367E+001
 0.7070707    0.1109765625E+001    0.1130065918E+001
 0.7171717    0.1068664551E+001    0.1116473389E+001
 0.7272727    0.1039520264E+001    0.1124139404E+001
 0.7373737    0.1002301025E+001    0.1113525391E+001
 0.7474747    0.1005706787E+001    0.1134045410E+001
 0.7575758    0.9595336914E+000    0.1120025635E+001
 0.7676768    0.9352478027E+000    0.1114965820E+001
 0.7777778    0.8929321289E+000    0.1124652100E+001
 0.7878788    0.8735839844E+000    0.1107226563E+001
 0.7979798    0.8441284180E+000    0.1114428711E+001
 0.8080808    0.7858459473E+000    0.1087939453E+001
 0.8181818    0.7589599609E+000    0.1097698975E+001
 0.8282828    0.7579528809E+000    0.1113299561E+001
 0.8383838    0.6874511719E+000    0.1094702148E+001
 0.8484848    0.6581481934E+000    0.1099627686E+001
 0.8585859    0.6312805176E+000    0.1096069336E+001
 0.8686869    0.5848266602E+000    0.1100854492E+001
 0.8787879    0.5519287109E+000    0.1095556641E+001
 0.8888889    0.4986511230E+000    0.1084020996E+001
 0.8989899    0.4462219238E+000    0.1064440918E+001
 0.9090909    0.4218444824E+000    0.1077673340E+001
 0.9191919    0.3692443848E+000    0.1075640869E+001
 0.9292929    0.3219970703E+000    0.1063305664E+001
 0.9393939    0.2553344727E+000    0.1056170654E+001
 0.9494949    0.2407470703E+000    0.1077343750E+001
 0.9595960    0.1672668457E+000    0.1047479248E+001
 0.9696970    0.1003112793E+000    0.1039056396E+001
 0.9797980    0.7436523437E-001    0.1039099121E+001
 0.9898990    0.2095336914E-001    0.1030718994E+001
 1.0000000    0.0000000000E+000    0.1038922119E+001


#   100 bins for weightfunction of Ar                      
 0.0000000    0.1946960449E+001    0.2290710449E+000
 0.0101010    0.1963092041E+001    0.2416442871E+000
 0.0202020    0.1958361816E+001    0.2389282227E+000
 0.0303030    0.1975134277E+001    0.2300476074E+000
 0.0404040    0.2008013916E+001    0.2227355957E+000
 0.0505051    0.2048638916E+001    0.2315856934E+000
 0.0606061    0.2130395508E+001    0.2371032715E+000
 0.0707071    0.2153698730E+001    0.2387878418E+000
 0.0808081    0.2245684814E+001    0.2407714844E+000
 0.0909091    0.2316064453E+001    0.2385253906E+000
 0.1010101    0.2416503906E+001    0.2371154785E+000
 0.1111111    0.2496221924E+001    0.2490478516E+000
 0.1212121    0.2587664795E+001    0.2533447266E+000
 0.1313131    0.2671051025E+001    0.2675170898E+000
 0.1414141    0.2750622559E+001    0.2400817871E+000
 0.1515152    0.2830810547E+001    0.2530273438E+000
 0.1616162    0.2878936768E+001    0.2491882324E+000
 0.1717172    0.2934570313E+001    0.2420776367E+000
 0.1818182    0.2988916016E+001    0.2322875977E+000
 0.1919192    0.2978906250E+001    0.2405029297E+000
 0.2020202    0.3024536133E+001    0.2406127930E+000
 0.2121212    0.3023455811E+001    0.2400451660E+000
 0.2222222    0.3016613770E+001    0.2719482422E+000
 0.2323232    0.2981072998E+001    0.2358703613E+000
 0.2424242    0.2979370117E+001    0.2312072754E+000
 0.2525253    0.2967559814E+001    0.1976196289E+000
 0.2626263    0.2927429199E+001    0.1889465332E+000
 0.2727273    0.2884637451E+001    0.1725952148E+000
 0.2828283    0.2918359375E+001    0.2199768066E+000
 0.2929293    0.2839288330E+001    0.1908935547E+000
 0.3030303    0.2809466553E+001    0.1641113281E+000
 0.3131313    0.2745666504E+001    0.1790588379E+000
 0.3232323    0.2721716309E+001    0.1542907715E+000
 0.3333333    0.2682464600E+001    0.1482482910E+000
 0.3434343    0.2664062500E+001    0.1609802246E+000
 0.3535354    0.2594384766E+001    0.1614929199E+000
 0.3636364    0.2537072754E+001    0.1159912109E+000
 0.3737374    0.2478784180E+001    0.1298095703E+000
 0.3838384    0.2439801025E+001    0.1390930176E+000
 0.3939394    0.2409863281E+001    0.9576416016E-001
 0.4040404    0.2342071533E+001    0.1186767578E+000
 0.4141414    0.2272882080E+001    0.9622802734E-001
 0.4242424    0.2232324219E+001    0.1280334473E+000
 0.4343434    0.2180090332E+001    0.7746582031E-001
 0.4444444    0.2101983643E+001    0.7914428711E-001
 0.4545455    0.2048992920E+001    0.7036743164E-001
 0.4646465    0.2019573975E+001    0.6419677734E-001
 0.4747475    0.1941082764E+001    0.5578613281E-001
 0.4848485    0.1862304688E+001    0.5265502930E-001
 0.4949495    0.1800610352E+001    0.4588012695E-001
 0.5050505    0.1773297119E+001    0.3963012695E-001
 0.5151515    0.1769207764E+001    0.0000000000E+000
 0.5252525    0.1764898682E+001    0.2396240234E-001
 0.5353535    0.1781219482E+001    0.3071899414E-001
 0.5454545    0.1771142578E+001    0.4187622070E-001
 0.5555556    0.1753668213E+001    0.3435668945E-001
 0.5656566    0.1787915039E+001    0.6210327148E-001
 0.5757576    0.1765197754E+001    0.4608154297E-001
 0.5858586    0.1759173584E+001    0.4576416016E-001
 0.5959596    0.1787426758E+001    0.6000976562E-001
 0.6060606    0.1774377441E+001    0.5770263672E-001
 0.6161616    0.1781524658E+001    0.4807739258E-001
 0.6262626    0.1766436768E+001    0.2601318359E-001
 0.6363636    0.1770471191E+001    0.3818969727E-001
 0.6464646    0.1778082275E+001    0.4705200195E-001
 0.6565657    0.1746966553E+001    0.5848388672E-001
 0.6666667    0.1754608154E+001    0.6011352539E-001
 0.6767677    0.1768432617E+001    0.4307250977E-001
 0.6868687    0.1776928711E+001    0.5181274414E-001
 0.6969697    0.1741308594E+001    0.5194091797E-001
 0.7070707    0.1759405518E+001    0.4908447266E-001
 0.7171717    0.1761553955E+001    0.4895629883E-001
 0.7272727    0.1746374512E+001    0.4473266602E-001
 0.7373737    0.1764221191E+001    0.5612792969E-001
 0.7474747    0.1741369629E+001    0.3649291992E-001
 0.7575758    0.1763702393E+001    0.5629882812E-001
 0.7676768    0.1774639893E+001    0.8666381836E-001
 0.7777778    0.1746441650E+001    0.5004272461E-001
 0.7878788    0.1761071777E+001    0.4916992187E-001
 0.7979798    0.1745520020E+001    0.4977416992E-001
 0.8080808    0.1756097412E+001    0.5358886719E-001
 0.8181818    0.1757177734E+001    0.6737060547E-001
 0.8282828    0.1773791504E+001    0.7132568359E-001
 0.8383838    0.1743792725E+001    0.5505371094E-001
 0.8484848    0.1763629150E+001    0.6764526367E-001
 0.8585859    0.1746008301E+001    0.5501708984E-001
 0.8686869    0.1756646729E+001    0.5346679687E-001
 0.8787879    0.1765405273E+001    0.6036376953E-001
 0.8888889    0.1766668701E+001    0.6751098633E-001
 0.8989899    0.1749951172E+001    0.4296264648E-001
 0.9090909    0.1740612793E+001    0.4924316406E-001
 0.9191919    0.1772436523E+001    0.5360107422E-001
 0.9292929    0.1752258301E+001    0.5599365234E-001
 0.9393939    0.1766900635E+001    0.6591186523E-001
 0.9494949    0.1749108887E+001    0.6184082031E-001
 0.9595960    0.1764093018E+001    0.5989379883E-001
 0.9696970    0.1779528809E+001    0.6658935547E-001
 0.9797980    0.1750158691E+001    0.4385986328E-001
 0.9898990    0.1786993408E+001    0.7532348633E-001
 1.0000000    0.1773980713E+001    0.4995727539E-001


