#   100 bins for weightfunction of cd                      
 0.0000000    0.3256655884E+001    0.1604290771E+001
 0.0101010    0.3221334839E+001    0.1547923279E+001
 0.0202020    0.3261750793E+001    0.1600093079E+001
 0.0303030    0.3295390320E+001    0.1581907654E+001
 0.0404040    0.3336007690E+001    0.1588908386E+001
 0.0505051    0.3387551880E+001    0.1604264832E+001
 0.0606061    0.3464103699E+001    0.1577458191E+001
 0.0707071    0.3584367371E+001    0.1631423950E+001
 0.0808081    0.3669946289E+001    0.1607341003E+001
 0.0909091    0.3735670471E+001    0.1630540466E+001
 0.1010101    0.3827938843E+001    0.1599845886E+001
 0.1111111    0.3876380920E+001    0.1594671631E+001
 0.1212121    0.3976672363E+001    0.1617094421E+001
 0.1313131    0.4050555420E+001    0.1587712097E+001
 0.1414141    0.4107586670E+001    0.1599473572E+001
 0.1515152    0.4078417969E+001    0.1579806519E+001
 0.1616162    0.4108695984E+001    0.1549909973E+001
 0.1717172    0.4109243774E+001    0.1573358154E+001
 0.1818182    0.4158947754E+001    0.1542271423E+001
 0.1919192    0.4124568176E+001    0.1533486938E+001
 0.2020202    0.4100552368E+001    0.1556365967E+001
 0.2121212    0.4052645874E+001    0.1528175354E+001
 0.2222222    0.3982025146E+001    0.1503785706E+001
 0.2323232    0.3936125183E+001    0.1467527771E+001
 0.2424242    0.3882415771E+001    0.1471165466E+001
 0.2525253    0.3809155273E+001    0.1458697510E+001
 0.2626263    0.3747935486E+001    0.1448304749E+001
 0.2727273    0.3668411255E+001    0.1434301758E+001
 0.2828283    0.3606442261E+001    0.1370356750E+001
 0.2929293    0.3530746460E+001    0.1394302368E+001
 0.3030303    0.3440144348E+001    0.1321073914E+001
 0.3131313    0.3376368713E+001    0.1342330933E+001
 0.3232323    0.3263211060E+001    0.1340725708E+001
 0.3333333    0.3154441833E+001    0.1316735840E+001
 0.3434343    0.3079449463E+001    0.1324229431E+001
 0.3535354    0.2975019836E+001    0.1299717712E+001
 0.3636364    0.2888342285E+001    0.1286825562E+001
 0.3737374    0.2767698669E+001    0.1252624512E+001
 0.3838384    0.2671249390E+001    0.1217773437E+001
 0.3939394    0.2589801025E+001    0.1221749878E+001
 0.4040404    0.2481265259E+001    0.1197576904E+001
 0.4141414    0.2345484924E+001    0.1176892090E+001
 0.4242424    0.2259066772E+001    0.1157560730E+001
 0.4343434    0.2132133484E+001    0.1129733276E+001
 0.4444444    0.2002784729E+001    0.1086882019E+001
 0.4545455    0.1870875549E+001    0.1071760559E+001
 0.4646465    0.1786235046E+001    0.1044944763E+001
 0.4747475    0.1633869934E+001    0.1041970825E+001
 0.4848485    0.1527261353E+001    0.9997360229E+000
 0.4949495    0.1435298157E+001    0.9757965088E+000
 0.5050505    0.1375988770E+001    0.9854248047E+000
 0.5151515    0.1374882507E+001    0.9922729492E+000
 0.5252525    0.1392050171E+001    0.9872146606E+000
 0.5353535    0.1341159058E+001    0.9897354126E+000
 0.5454545    0.1395855713E+001    0.9750473022E+000
 0.5555556    0.1331312561E+001    0.9790832520E+000
 0.5656566    0.1335931396E+001    0.9862884521E+000
 0.5757576    0.1343498230E+001    0.9801773071E+000
 0.5858586    0.1307893372E+001    0.9729660034E+000
 0.5959596    0.1298977661E+001    0.9571746826E+000
 0.6060606    0.1309475708E+001    0.9934890747E+000
 0.6161616    0.1317047119E+001    0.9746948242E+000
 0.6262626    0.1265635681E+001    0.9595489502E+000
 0.6363636    0.1224531555E+001    0.9776428223E+000
 0.6464646    0.1207797241E+001    0.9722030640E+000
 0.6565657    0.1187973022E+001    0.9541580200E+000
 0.6666667    0.1185716248E+001    0.9318557739E+000
 0.6767677    0.1185009766E+001    0.9731689453E+000
 0.6868687    0.1134291077E+001    0.9757904053E+000
 0.6969697    0.1114175415E+001    0.9267272949E+000
 0.7070707    0.1110079956E+001    0.9568679810E+000
 0.7171717    0.1088591003E+001    0.9606658936E+000
 0.7272727    0.1075820923E+001    0.9676101685E+000
 0.7373737    0.1011808777E+001    0.9388183594E+000
 0.7474747    0.1016581726E+001    0.9574630737E+000
 0.7575758    0.9344497681E+000    0.9228729248E+000
 0.7676768    0.9507232666E+000    0.9589538574E+000
 0.7777778    0.8858551025E+000    0.9220123291E+000
 0.7878788    0.8777709961E+000    0.9305465698E+000
 0.7979798    0.8455108643E+000    0.9537307739E+000
 0.8080808    0.7862854004E+000    0.9007339478E+000
 0.8181818    0.7827484131E+000    0.9094726563E+000
 0.8282828    0.7530517578E+000    0.9343750000E+000
 0.8383838    0.6875228882E+000    0.8931304932E+000
 0.8484848    0.6457168579E+000    0.9015472412E+000
 0.8585859    0.6421234131E+000    0.9105239868E+000
 0.8686869    0.5668640137E+000    0.8981628418E+000
 0.8787879    0.5246963501E+000    0.8889373779E+000
 0.8888889    0.5062698364E+000    0.9066726685E+000
 0.8989899    0.4842620850E+000    0.8871353149E+000
 0.9090909    0.3906936646E+000    0.8592773438E+000
 0.9191919    0.3885864258E+000    0.8768402100E+000
 0.9292929    0.3150787354E+000    0.8541976929E+000
 0.9393939    0.2790283203E+000    0.8630477905E+000
 0.9494949    0.2270004272E+000    0.8575454712E+000
 0.9595960    0.2000320435E+000    0.8656341553E+000
 0.9696970    0.1286697388E+000    0.8397262573E+000
 0.9797980    0.9297637939E-001    0.8416915894E+000
 0.9898990    0.1969909668E-002    0.8022567749E+000
 1.0000000    0.0000000000E+000    0.8266342163E+000


#   100 bins for weightfunction of Ar                      
 0.0000000    0.1907557678E+001    0.2391815186E+000
 0.0101010    0.1940554810E+001    0.2632705688E+000
 0.0202020    0.1913278198E+001    0.2351425171E+000
 0.0303030    0.1970106506E+001    0.2796325684E+000
 0.0404040    0.1994906616E+001    0.2688629150E+000
 0.0505051    0.2011453247E+001    0.2537658691E+000
 0.0606061    0.2078607178E+001    0.2653274536E+000
 0.0707071    0.2143972778E+001    0.2772979736E+000
 0.0808081    0.2221136475E+001    0.2810302734E+000
 0.0909091    0.2262702942E+001    0.2677963257E+000
 0.1010101    0.2375422668E+001    0.2652191162E+000
 0.1111111    0.2441372681E+001    0.2515197754E+000
 0.1212121    0.2558752441E+001    0.3064361572E+000
 0.1313131    0.2608654785E+001    0.2861648560E+000
 0.1414141    0.2690449524E+001    0.2734909058E+000
 0.1515152    0.2739633179E+001    0.2963455200E+000
 0.1616162    0.2819960022E+001    0.2887680054E+000
 0.1717172    0.2895091248E+001    0.2908355713E+000
 0.1818182    0.2889141846E+001    0.2482650757E+000
 0.1919192    0.2958029175E+001    0.2513122559E+000
 0.2020202    0.2979319763E+001    0.2537155151E+000
 0.2121212    0.2973455811E+001    0.2682174683E+000
 0.2222222    0.2966380310E+001    0.2721298218E+000
 0.2323232    0.2979385376E+001    0.2519897461E+000
 0.2424242    0.2936573792E+001    0.2205596924E+000
 0.2525253    0.2927009583E+001    0.2480346680E+000
 0.2626263    0.2935325623E+001    0.2208251953E+000
 0.2727273    0.2882481384E+001    0.2374435425E+000
 0.2828283    0.2846401978E+001    0.2255645752E+000
 0.2929293    0.2843788147E+001    0.2189620972E+000
 0.3030303    0.2785589600E+001    0.1921249390E+000
 0.3131313    0.2752749634E+001    0.1852844238E+000
 0.3232323    0.2718804932E+001    0.1910247803E+000
 0.3333333    0.2681124878E+001    0.1461608887E+000
 0.3434343    0.2636195374E+001    0.1511962891E+000
 0.3535354    0.2565219116E+001    0.1648727417E+000
 0.3636364    0.2544902039E+001    0.1650192261E+000
 0.3737374    0.2497000122E+001    0.1607009888E+000
 0.3838384    0.2439006042E+001    0.1207946777E+000
 0.3939394    0.2379945374E+001    0.1558654785E+000
 0.4040404    0.2293458557E+001    0.8839721680E-001
 0.4141414    0.2295941162E+001    0.1209136963E+000
 0.4242424    0.2180809021E+001    0.9549865723E-001
 0.4343434    0.2115318298E+001    0.1081939697E+000
 0.4444444    0.2090805054E+001    0.9741210937E-001
 0.4545455    0.2026441956E+001    0.6904449463E-001
 0.4646465    0.1943730164E+001    0.5445098877E-001
 0.4747475    0.1912934875E+001    0.1803436279E-001
 0.4848485    0.1843411255E+001    0.5960998535E-001
 0.4949495    0.1777850342E+001    0.3694305420E-001
 0.5050505    0.1741381836E+001    0.1301422119E-001
 0.5151515    0.1712872314E+001    0.0000000000E+000
 0.5252525    0.1732868958E+001    0.3428955078E-001
 0.5353535    0.1744833374E+001    0.3096466064E-001
 0.5454545    0.1725411987E+001    0.6166381836E-001
 0.5555556    0.1750904846E+001    0.5738830566E-001
 0.5656566    0.1745332336E+001    0.4230804443E-001
 0.5757576    0.1735508728E+001    0.3219146729E-001
 0.5858586    0.1742721558E+001    0.4531097412E-001
 0.5959596    0.1731788635E+001    0.3219757080E-001
 0.6060606    0.1716236877E+001    0.3954162598E-001
 0.6161616    0.1724507141E+001    0.5275878906E-001
 0.6262626    0.1735545349E+001    0.3138885498E-001
 0.6363636    0.1752769470E+001    0.3645019531E-001
 0.6464646    0.1769029236E+001    0.4557800293E-001
 0.6565657    0.1743466187E+001    0.5073547363E-001
 0.6666667    0.1738244629E+001    0.5136413574E-001
 0.6767677    0.1728488159E+001    0.4659576416E-001
 0.6868687    0.1719226074E+001    0.2639312744E-001
 0.6969697    0.1719999695E+001    0.2346343994E-001
 0.7070707    0.1754600525E+001    0.5185546875E-001
 0.7171717    0.1747169495E+001    0.4621582031E-001
 0.7272727    0.1738838196E+001    0.4402618408E-001
 0.7373737    0.1737045288E+001    0.3495025635E-001
 0.7474747    0.1735787964E+001    0.2532348633E-001
 0.7575758    0.1752305603E+001    0.6851654053E-001
 0.7676768    0.1725057983E+001    0.2920227051E-001
 0.7777778    0.1736853027E+001    0.4024505615E-001
 0.7878788    0.1728399658E+001    0.3143615723E-001
 0.7979798    0.1759259033E+001    0.6664428711E-001
 0.8080808    0.1742453003E+001    0.3973693848E-001
 0.8181818    0.1743872070E+001    0.3991699219E-001
 0.8282828    0.1730317688E+001    0.3352661133E-001
 0.8383838    0.1727029419E+001    0.4645996094E-001
 0.8484848    0.1726867676E+001    0.4391937256E-001
 0.8585859    0.1736972046E+001    0.3217163086E-001
 0.8686869    0.1716464233E+001    0.3773803711E-001
 0.8787879    0.1726301575E+001    0.2365112305E-001
 0.8888889    0.1713253784E+001    0.1195220947E-001
 0.8989899    0.1735652161E+001    0.3471527100E-001
 0.9090909    0.1748806763E+001    0.4708099365E-001
 0.9191919    0.1724206543E+001    0.4361419678E-001
 0.9292929    0.1713412476E+001    0.1266174316E-001
 0.9393939    0.1744398499E+001    0.3919525146E-001
 0.9494949    0.1719715881E+001    0.2321014404E-001
 0.9595960    0.1722445679E+001    0.3197021484E-001
 0.9696970    0.1718205261E+001    0.3501586914E-001
 0.9797980    0.1712094116E+001    0.1453857422E-001
 0.9898990    0.1712226868E+001    0.2606048584E-001
 1.0000000    0.1747845459E+001    0.5129547119E-001


