 0.0000000   0.1489368781E+000   0.1010050972E+001   0.5846063130E+000   0.9743912784E+000
 0.0101010   0.1485299301E+000   0.1022056743E+001   0.5837893562E+000   0.9824749629E+000
 0.0202020   0.1473483803E+000   0.1010065867E+001   0.5805892042E+000   0.9609228564E+000
 0.0303030   0.1422759360E+000   0.1040382462E+001   0.5896653329E+000   0.1001700261E+001
 0.0404040   0.1371395757E+000   0.1023365419E+001   0.5864387176E+000   0.9900981725E+000
 0.0505051   0.1275164560E+000   0.9945639092E+000   0.5781045498E+000   0.9719122317E+000
 0.0606061   0.1193932152E+000   0.9978430467E+000   0.5752553317E+000   0.9635221905E+000
 0.0707071   0.1118237009E+000   0.1012461914E+001   0.5818058710E+000   0.9863767832E+000
 0.0808081   0.1030931557E+000   0.1038584362E+001   0.5798184846E+000   0.9866681041E+000
 0.0909091   0.9417453782E-001   0.1017528512E+001   0.5814932895E+000   0.9810897792E+000
 0.1010101   0.8897397984E-001   0.1015649551E+001   0.5806346798E+000   0.9865008295E+000
 0.1111111   0.8190023720E-001   0.1000917903E+001   0.5920626837E+000   0.1000721047E+001
 0.1212121   0.7689615819E-001   0.1005897255E+001   0.5926087417E+000   0.9979262464E+000
 0.1313131   0.7345073901E-001   0.1001930797E+001   0.5954006284E+000   0.9836402465E+000
 0.1414141   0.6960982742E-001   0.9618172201E+000   0.5958934973E+000   0.9684069838E+000
 0.1515152   0.6858016541E-001   0.1007888996E+001   0.6028238241E+000   0.9911300123E+000
 0.1616162   0.6871097394E-001   0.9961981581E+000   0.6073809457E+000   0.9868015479E+000
 0.1717172   0.6833795091E-001   0.9932254423E+000   0.6216597868E+000   0.1004327788E+001
 0.1818182   0.6833572579E-001   0.9496135512E+000   0.6287541152E+000   0.9983773239E+000
 0.1919192   0.7060021141E-001   0.9836327414E+000   0.6287748934E+000   0.9810164791E+000
 0.2020202   0.7466776145E-001   0.1003935306E+001   0.6385072138E+000   0.9941766648E+000
 0.2121212   0.7682723964E-001   0.9831901323E+000   0.6446785852E+000   0.9789020533E+000
 0.2222222   0.8043058963E-001   0.9792130342E+000   0.6691793672E+000   0.9956764974E+000
 0.2323232   0.8416437312E-001   0.9843775163E+000   0.6699811124E+000   0.1003029061E+001
 0.2424242   0.9107473546E-001   0.9945362461E+000   0.6747483493E+000   0.9666158302E+000
 0.2525253   0.9593570605E-001   0.9910358040E+000   0.6897679309E+000   0.9936297333E+000
 0.2626263   0.1027540431E+000   0.9946064677E+000   0.7093788341E+000   0.9897297926E+000
 0.2727273   0.1105812153E+000   0.9877119800E+000   0.7246911477E+000   0.1006541826E+001
 0.2828283   0.1207212177E+000   0.9848648119E+000   0.7329445887E+000   0.9989994350E+000
 0.2929293   0.1293936198E+000   0.9841072694E+000   0.7421817613E+000   0.9799263751E+000
 0.3030303   0.1412266114E+000   0.9978558143E+000   0.7646908675E+000   0.1015794553E+001
 0.3131313   0.1539490411E+000   0.9864948050E+000   0.7870587897E+000   0.1011176648E+001
 0.3232323   0.1680384243E+000   0.9959683419E+000   0.7949395771E+000   0.9996347024E+000
 0.3333333   0.1845649529E+000   0.9710332777E+000   0.8044459890E+000   0.9869349916E+000
 0.3434343   0.2020283726E+000   0.9737187233E+000   0.8327092398E+000   0.1005921595E+001
 0.3535354   0.2230222198E+000   0.9731335430E+000   0.8410727387E+000   0.9835951387E+000
 0.3636364   0.2448397101E+000   0.9842264334E+000   0.8669168720E+000   0.1008712637E+001
 0.3737374   0.2717554102E+000   0.9965216032E+000   0.8641299298E+000   0.9835594284E+000
 0.3838384   0.3003821431E+000   0.9752380641E+000   0.8927219219E+000   0.9940018723E+000
 0.3939394   0.3305485879E+000   0.9909038725E+000   0.9174824194E+000   0.1006201639E+001
 0.4040404   0.3691144539E+000   0.1003173507E+001   0.9443609425E+000   0.1011238671E+001
 0.4141414   0.4067445879E+000   0.9944596407E+000   0.9679828990E+000   0.1016063320E+001
 0.4242424   0.4532538351E+000   0.9896334992E+000   0.9775378286E+000   0.1006639560E+001
 0.4343434   0.5015034823E+000   0.9778383925E+000   0.1003892315E+001   0.9848562762E+000
 0.4444444   0.5560494256E+000   0.9903144363E+000   0.1031345703E+001   0.1001296171E+001
 0.4545455   0.6184011596E+000   0.9954044409E+000   0.1056005929E+001   0.9904082883E+000
 0.4646465   0.6956423747E+000   0.1008267768E+001   0.1077025600E+001   0.1003410597E+001
 0.4747475   0.7907414576E+000   0.1016845447E+001   0.1107695916E+001   0.1009035909E+001
 0.4848485   0.8657576667E+000   0.9921827574E+000   0.1128175891E+001   0.1002750896E+001
 0.4949495   0.9968255043E+000   0.1021626902E+001   0.1157572005E+001   0.9989994350E+000
 0.5050505   0.1044280746E+001   0.1009161498E+001   0.1172168111E+001   0.1011787482E+001
 0.5151515   0.1044771580E+001   0.1011893757E+001   0.1183804005E+001   0.1006904568E+001
 0.5252525   0.1050506981E+001   0.1002481930E+001   0.1161953248E+001   0.9885663885E+000
 0.5353535   0.1056400759E+001   0.1006380295E+001   0.1189192673E+001   0.1013682007E+001
 0.5454545   0.1045623038E+001   0.9853840264E+000   0.1165074134E+001   0.1000202308E+001
 0.5555556   0.1066853700E+001   0.1000964718E+001   0.1181215085E+001   0.1003305345E+001
 0.5656566   0.1056456026E+001   0.9799812164E+000   0.1188339397E+001   0.1025763366E+001
 0.5757576   0.1061357384E+001   0.9847967182E+000   0.1180158755E+001   0.9949792068E+000
 0.5858586   0.1093247568E+001   0.9981069098E+000   0.1190730050E+001   0.1007537956E+001
 0.5959596   0.1087103501E+001   0.9904506237E+000   0.1188839717E+001   0.1009377976E+001
 0.6060606   0.1115420910E+001   0.1008474177E+001   0.1187476753E+001   0.1006434696E+001
 0.6161616   0.1121503774E+001   0.1008859332E+001   0.1195751534E+001   0.1025866738E+001
 0.6262626   0.1122467546E+001   0.9796194685E+000   0.1197969765E+001   0.1007618774E+001
 0.6363636   0.1142422088E+001   0.9937765757E+000   0.1190360300E+001   0.1012811804E+001
 0.6464646   0.1153887754E+001   0.9757806858E+000   0.1202523042E+001   0.1022333298E+001
 0.6565657   0.1197045076E+001   0.1022392956E+001   0.1200064122E+001   0.1006697824E+001
 0.6666667   0.1212830241E+001   0.1006071746E+001   0.1194565650E+001   0.9904590345E+000
 0.6767677   0.1241024025E+001   0.9947320155E+000   0.1202712197E+001   0.1016371557E+001
 0.6868687   0.1269896762E+001   0.1026144493E+001   0.1221343855E+001   0.1021707428E+001
 0.6969697   0.1283689617E+001   0.9921401988E+000   0.1196849040E+001   0.1002433262E+001
 0.7070707   0.1313599443E+001   0.1019773476E+001   0.1208968238E+001   0.1017315060E+001
 0.7171717   0.1332591668E+001   0.9908059878E+000   0.1201548847E+001   0.9935226024E+000
 0.7272727   0.1375875585E+001   0.1015851704E+001   0.1220530870E+001   0.1015523907E+001
 0.7373737   0.1409751314E+001   0.9952193111E+000   0.1229100112E+001   0.1003463223E+001
 0.7474747   0.1437608712E+001   0.9966918375E+000   0.1225632395E+001   0.1006960953E+001
 0.7575758   0.1481806498E+001   0.1009270022E+001   0.1231015189E+001   0.1012794888E+001
 0.7676768   0.1547175419E+001   0.1016470931E+001   0.1245011979E+001   0.1014950663E+001
 0.7777778   0.1564195884E+001   0.9924764115E+000   0.1241089737E+001   0.1005222425E+001
 0.7878788   0.1623980512E+001   0.1007608110E+001   0.1243511416E+001   0.1004951778E+001
 0.7979798   0.1670846944E+001   0.9972685061E+000   0.1259625936E+001   0.1004587157E+001
 0.8080808   0.1718809215E+001   0.1003186275E+001   0.1259414723E+001   0.1013783500E+001
 0.8181818   0.1781258633E+001   0.1010663815E+001   0.1263817464E+001   0.1008706998E+001
 0.8282828   0.1854210720E+001   0.1004735407E+001   0.1270914199E+001   0.1011092071E+001
 0.8383838   0.1905657878E+001   0.9932041630E+000   0.1269028615E+001   0.9859520186E+000
 0.8484848   0.1979070837E+001   0.1009976494E+001   0.1280947131E+001   0.1015903564E+001
 0.8585859   0.2052183061E+001   0.1007325095E+001   0.1287847074E+001   0.1007831156E+001
 0.8686869   0.2130076128E+001   0.1014783484E+001   0.1284618878E+001   0.1010379744E+001
 0.8787879   0.2214952655E+001   0.1009216824E+001   0.1295289789E+001   0.1001843103E+001
 0.8888889   0.2317300959E+001   0.1017113566E+001   0.1306154886E+001   0.1007906336E+001
 0.8989899   0.2382975462E+001   0.1008644411E+001   0.1302613562E+001   0.1008701360E+001
 0.9090909   0.2516471548E+001   0.1011317089E+001   0.1315675227E+001   0.1000674060E+001
 0.9191919   0.2620979640E+001   0.1003973608E+001   0.1328345292E+001   0.1001677708E+001
 0.9292929   0.2742027987E+001   0.1003603349E+001   0.1327679827E+001   0.9901658341E+000
 0.9393939   0.2868315001E+001   0.1013221585E+001   0.1338847444E+001   0.1011845746E+001
 0.9494949   0.2965624860E+001   0.9939255307E+000   0.1334728306E+001   0.9957065693E+000
 0.9595960   0.3142541463E+001   0.1008584829E+001   0.1357751496E+001   0.1012189693E+001
 0.9696970   0.3324736411E+001   0.1011621383E+001   0.1373606562E+001   0.1006816232E+001
 0.9797980   0.3447298916E+001   0.1001158359E+001   0.1367536391E+001   0.1002397552E+001
 0.9898990   0.3647205310E+001   0.1029757716E+001   0.1380857689E+001   0.1016567024E+001
 1.0000000   0.3707514606E+001   0.1018862723E+001   0.1375816786E+001   0.1010261336E+001


 0.0000000   0.1043985567E+001   0.1070205101E+001   0.8253444275E+000   0.1015610875E+001
 0.0101010   0.1035694604E+001   0.1080815680E+001   0.8299159649E+000   0.9978336119E+000
 0.0202020   0.1010254242E+001   0.1060048300E+001   0.8213725305E+000   0.9957871489E+000
 0.0303030   0.9912548030E+000   0.1038471067E+001   0.8177704727E+000   0.9743399201E+000
 0.0404040   0.9703701454E+000   0.1039191901E+001   0.8247667516E+000   0.9805458009E+000
 0.0505051   0.9194749725E+000   0.1037565683E+001   0.8087483961E+000   0.9890216305E+000
 0.0606061   0.8787019066E+000   0.1052527316E+001   0.8096251373E+000   0.9843875367E+000
 0.0707071   0.8302731417E+000   0.1040815947E+001   0.8111562065E+000   0.9879706941E+000
 0.0808081   0.7797580705E+000   0.1069019634E+001   0.8097607485E+000   0.1006512610E+001
 0.0909091   0.7173942130E+000   0.1053421844E+001   0.7976181448E+000   0.9969415166E+000
 0.1010101   0.6758559496E+000   0.1061626751E+001   0.8088106064E+000   0.9951850306E+000
 0.1111111   0.6188548580E+000   0.1052590281E+001   0.8054969413E+000   0.1004366410E+001
 0.1212121   0.5741389371E+000   0.1044307212E+001   0.8043258160E+000   0.9903329922E+000
 0.1313131   0.5260628313E+000   0.1020089819E+001   0.7934908399E+000   0.9820381675E+000
 0.1414141   0.4868742664E+000   0.1033924607E+001   0.7940376053E+000   0.9927857928E+000
 0.1515152   0.4596196555E+000   0.1015261104E+001   0.7960480465E+000   0.9826956954E+000
 0.1616162   0.4370316775E+000   0.1011687335E+001   0.7953130227E+000   0.9860054985E+000
 0.1717172   0.4145963327E+000   0.9945132646E+000   0.8068110535E+000   0.1006798893E+001
 0.1818182   0.3985094376E+000   0.1012918396E+001   0.8032431929E+000   0.9957003404E+000
 0.1919192   0.4029031338E+000   0.1018272537E+001   0.8166280508E+000   0.9935689158E+000
 0.2020202   0.3919667713E+000   0.9879758279E+000   0.8112975394E+000   0.9817629663E+000
 0.2121212   0.3903026375E+000   0.1010226127E+001   0.8187009189E+000   0.9922907999E+000
 0.2222222   0.3904018484E+000   0.9992790147E+000   0.8262634234E+000   0.1015114035E+001
 0.2323232   0.3980611100E+000   0.9793801081E+000   0.8256079408E+000   0.9753335998E+000
 0.2424242   0.4050935762E+000   0.9968103779E+000   0.8414358634E+000   0.9957428211E+000
 0.2525253   0.4121198805E+000   0.1000123606E+001   0.8559024129E+000   0.9951240800E+000
 0.2626263   0.4203193541E+000   0.9961894191E+000   0.8599385011E+000   0.1010241680E+001
 0.2727273   0.4348771348E+000   0.9936013671E+000   0.8645923887E+000   0.9955969091E+000
 0.2828283   0.4521378939E+000   0.1000484022E+001   0.8709870901E+000   0.9902129380E+000
 0.2929293   0.4566539133E+000   0.9884665156E+000   0.8830183685E+000   0.1004157700E+001
 0.3030303   0.4823015996E+000   0.9830971761E+000   0.8710766576E+000   0.9781576450E+000
 0.3131313   0.4888471700E+000   0.9565891837E+000   0.8971676921E+000   0.9857580021E+000
 0.3232323   0.5180795021E+000   0.9871225523E+000   0.9092596234E+000   0.1011892887E+001
 0.3333333   0.5368462923E+000   0.9810063254E+000   0.9113980239E+000   0.1000347363E+001
 0.3434343   0.5627243017E+000   0.9670477798E+000   0.9286664268E+000   0.1011296310E+001
 0.3535354   0.5858081242E+000   0.9581090129E+000   0.9378275201E+000   0.9968676370E+000
 0.3636364   0.6176407041E+000   0.9634631540E+000   0.9519856699E+000   0.1010269385E+001
 0.3737374   0.6453007882E+000   0.9651023984E+000   0.9582070253E+000   0.1000155276E+001
 0.3838384   0.6870806722E+000   0.9861954565E+000   0.9546378830E+000   0.9885986702E+000
 0.3939394   0.7039314526E+000   0.9469816919E+000   0.9768218771E+000   0.1005539247E+001
 0.4040404   0.7402568330E+000   0.9454097543E+000   0.9833398373E+000   0.9824204941E+000
 0.4141414   0.8032866135E+000   0.9726993732E+000   0.1003797901E+001   0.1004564038E+001
 0.4242424   0.8488170749E+000   0.9671780508E+000   0.1003600303E+001   0.9771454954E+000
 0.4343434   0.8893033418E+000   0.9617348911E+000   0.1026626959E+001   0.1013451745E+001
 0.4444444   0.9393295692E+000   0.9562483077E+000   0.1037386622E+001   0.9664107991E+000
 0.4545455   0.9944623935E+000   0.9612398610E+000   0.1043940387E+001   0.9925087445E+000
 0.4646465   0.1072006400E+001   0.1001784562E+001   0.1077734884E+001   0.1016436479E+001
 0.4747475   0.1117394711E+001   0.9712034270E+000   0.1061839632E+001   0.9810795806E+000
 0.4848485   0.1199454417E+001   0.9916234179E+000   0.1094276166E+001   0.9882477424E+000
 0.4949495   0.1271480146E+001   0.9814687877E+000   0.1101420770E+001   0.9942190557E+000
 0.5050505   0.1311098164E+001   0.9748488459E+000   0.1097460623E+001   0.9727681330E+000
 0.5151515   0.1309274651E+001   0.9929782371E+000   0.1123126553E+001   0.9870490469E+000
 0.5252525   0.1307139836E+001   0.9881408379E+000   0.1111593122E+001   0.1009948009E+001
 0.5353535   0.1313525845E+001   0.9877608806E+000   0.1109816403E+001   0.9952459813E+000
 0.5454545   0.1316140383E+001   0.9556968268E+000   0.1111588956E+001   0.9834917474E+000
 0.5555556   0.1309360933E+001   0.1002470656E+001   0.1118426591E+001   0.1006189387E+001
 0.5656566   0.1310802829E+001   0.9946804458E+000   0.1105077532E+001   0.9959533778E+000
 0.5757576   0.1314472049E+001   0.1003940548E+001   0.1119273876E+001   0.1015200843E+001
 0.5858586   0.1302344330E+001   0.9805112953E+000   0.1101513774E+001   0.9784845619E+000
 0.5959596   0.1310494811E+001   0.9812516692E+000   0.1121493672E+001   0.9852907140E+000
 0.6060606   0.1323446080E+001   0.9847689882E+000   0.1115568221E+001   0.9955858271E+000
 0.6161616   0.1312727672E+001   0.9858676076E+000   0.1116040741E+001   0.1008004977E+001
 0.6262626   0.1316165415E+001   0.9845627257E+000   0.1114305428E+001   0.1000733384E+001
 0.6363636   0.1302515962E+001   0.9883709834E+000   0.1117458264E+001   0.9922907999E+000
 0.6464646   0.1307948695E+001   0.9778624501E+000   0.1114409855E+001   0.9970394070E+000
 0.6565657   0.1306484111E+001   0.9882255141E+000   0.1109023976E+001   0.9894630607E+000
 0.6666667   0.1314136571E+001   0.9827345883E+000   0.1114818608E+001   0.1016281332E+001
 0.6767677   0.1323498941E+001   0.1014001817E+001   0.1111032810E+001   0.9725797402E+000
 0.6868687   0.1327936044E+001   0.9941441632E+000   0.1123366061E+001   0.1007825819E+001
 0.6969697   0.1318161249E+001   0.9901491836E+000   0.1120543479E+001   0.1019629922E+001
 0.7070707   0.1342629146E+001   0.1013485075E+001   0.1117656555E+001   0.1008845357E+001
 0.7171717   0.1331946350E+001   0.1012421195E+001   0.1115521977E+001   0.1013115594E+001
 0.7272727   0.1331967035E+001   0.9949323032E+000   0.1116465343E+001   0.9991985363E+000
 0.7373737   0.1320525958E+001   0.9933234555E+000   0.1116641572E+001   0.1006747178E+001
 0.7474747   0.1328532658E+001   0.1010447588E+001   0.1110234727E+001   0.1014729861E+001
 0.7575758   0.1322292072E+001   0.9875698163E+000   0.1115451627E+001   0.1006348228E+001
 0.7676768   0.1319104689E+001   0.9886076426E+000   0.1114673087E+001   0.1002569290E+001
 0.7777778   0.1322430585E+001   0.1007509975E+001   0.1112843754E+001   0.1028720798E+001
 0.7878788   0.1315676600E+001   0.9788503391E+000   0.1105914565E+001   0.9878654158E+000
 0.7979798   0.1324821609E+001   0.9916733552E+000   0.1113008186E+001   0.1008012365E+001
 0.8080808   0.1313739796E+001   0.1008495693E+001   0.1112000592E+001   0.1023379308E+001
 0.8181818   0.1329791141E+001   0.1014240648E+001   0.1111465104E+001   0.1010446695E+001
 0.8282828   0.1319848615E+001   0.9901014176E+000   0.1102488232E+001   0.9903865549E+000
 0.8383838   0.1326237715E+001   0.1015230708E+001   0.1114619720E+001   0.1024736844E+001
 0.8484848   0.1309781655E+001   0.9911870098E+000   0.1106457590E+001   0.1001440780E+001
 0.8585859   0.1325023029E+001   0.1018402808E+001   0.1111806123E+001   0.1026258763E+001
 0.8686869   0.1319448709E+001   0.1002422890E+001   0.1104363692E+001   0.1002645017E+001
 0.8787879   0.1321038398E+001   0.1004381298E+001   0.1108336917E+001   0.1013839613E+001
 0.8888889   0.1322518335E+001   0.1006209436E+001   0.1105726057E+001   0.1007232936E+001
 0.8989899   0.1323079866E+001   0.9911088472E+000   0.1116003812E+001   0.1011878111E+001
 0.9090909   0.1328060349E+001   0.9994483671E+000   0.1115458637E+001   0.1007262488E+001
 0.9191919   0.1330969640E+001   0.9987731287E+000   0.1111693099E+001   0.1007646661E+001
 0.9292929   0.1321279045E+001   0.1020226603E+001   0.1108324294E+001   0.1021129676E+001
 0.9393939   0.1328412170E+001   0.1003065561E+001   0.1116898719E+001   0.1017666573E+001
 0.9494949   0.1335594621E+001   0.1011563577E+001   0.1128480388E+001   0.1026689111E+001
 0.9595960   0.1328049919E+001   0.1031043445E+001   0.1110894096E+001   0.1028970142E+001
 0.9696970   0.1325751556E+001   0.9958507143E+000   0.1115555745E+001   0.1010479941E+001
 0.9797980   0.1311028182E+001   0.9810475779E+000   0.1101260309E+001   0.9962821417E+000
 0.9898990   0.1306197440E+001   0.1001487109E+001   0.1099656526E+001   0.1012483924E+001
 1.0000000   0.1328653577E+001   0.1018808820E+001   0.1115120144E+001   0.1034562822E+001


