 0.0000000   0.1526475577E+000   0.1038098013E+001   0.4770060885E+000   0.1044397914E+001
 0.0101010   0.1514986429E+000   0.9473398856E+000   0.4775663097E+000   0.9621418569E+000
 0.0202020   0.1528924823E+000   0.1059000288E+001   0.4878784289E+000   0.1058141490E+001
 0.0303030   0.1443306807E+000   0.9507791781E+000   0.4785655540E+000   0.9712100141E+000
 0.0404040   0.1417160999E+000   0.9878941412E+000   0.4763122413E+000   0.9942718897E+000
 0.0505051   0.1326956817E+000   0.1003452285E+001   0.4697016737E+000   0.1016786707E+001
 0.0606061   0.1261150127E+000   0.9673838078E+000   0.4707064234E+000   0.9863751293E+000
 0.0707071   0.1179120904E+000   0.1006977805E+001   0.4711095855E+000   0.1022672162E+001
 0.0808081   0.1093861851E+000   0.9918292405E+000   0.4631370188E+000   0.9951138312E+000
 0.0909091   0.1026044527E+000   0.9897970204E+000   0.4592534873E+000   0.9720478882E+000
 0.1010101   0.9519635379E-001   0.9669252355E+000   0.4606655581E+000   0.9601061481E+000
 0.1111111   0.9046540036E-001   0.9994113617E+000   0.4727138672E+000   0.1025383051E+001
 0.1212121   0.8688504643E-001   0.9919918965E+000   0.4677461151E+000   0.9905868704E+000
 0.1313131   0.8375355372E-001   0.9956016838E+000   0.4717892825E+000   0.1021834288E+001
 0.1414141   0.8058385864E-001   0.1000763562E+001   0.4795109484E+000   0.1038512458E+001
 0.1515152   0.7980133542E-001   0.1021222943E+001   0.4769533395E+000   0.1011926223E+001
 0.1616162   0.7952952419E-001   0.9968617779E+000   0.4867228293E+000   0.9754481930E+000
 0.1717172   0.7965526417E-001   0.1000571510E+001   0.4957822005E+000   0.1020060924E+001
 0.1818182   0.8246217598E-001   0.9950039720E+000   0.5066607331E+000   0.1005225264E+001
 0.1919192   0.8307933982E-001   0.9911257043E+000   0.5128194906E+000   0.9846343034E+000
 0.2020202   0.8556447269E-001   0.9965305868E+000   0.5179324566E+000   0.9831476869E+000
 0.2121212   0.9131682680E-001   0.1003317065E+001   0.5333096084E+000   0.1003732546E+001
 0.2222222   0.9443740440E-001   0.9907788355E+000   0.5427459697E+000   0.9877844662E+000
 0.2323232   0.9863966214E-001   0.1000967372E+001   0.5556947044E+000   0.9974139177E+000
 0.2424242   0.1065127537E+000   0.1002411679E+001   0.5669987462E+000   0.1018149269E+001
 0.2525253   0.1133343152E+000   0.9952802913E+000   0.5786326808E+000   0.9929154284E+000
 0.2626263   0.1202771334E+000   0.9973850207E+000   0.5978849401E+000   0.9910403800E+000
 0.2727273   0.1298614852E+000   0.1003850107E+001   0.6177813551E+000   0.1016955502E+001
 0.2828283   0.1410214236E+000   0.1002927083E+001   0.6292355483E+000   0.9932896246E+000
 0.2929293   0.1521447326E+000   0.1010540559E+001   0.6492638535E+000   0.9985670115E+000
 0.3030303   0.1646799697E+000   0.1025881176E+001   0.6586243716E+000   0.1000696269E+001
 0.3131313   0.1807485787E+000   0.1039846075E+001   0.6890553540E+000   0.1005888242E+001
 0.3232323   0.1933369947E+000   0.9786560644E+000   0.6955402129E+000   0.1005493709E+001
 0.3333333   0.2106001600E+000   0.9974144163E+000   0.7198766883E+000   0.9810774057E+000
 0.3434343   0.2328815454E+000   0.1024595605E+001   0.7488106502E+000   0.9979365722E+000
 0.3535354   0.2545815180E+000   0.1020809444E+001   0.7682539943E+000   0.1010801601E+001
 0.3636364   0.2808938766E+000   0.9815642753E+000   0.7947687780E+000   0.1038772768E+001
 0.3737374   0.3100223177E+000   0.1014608919E+001   0.8247506076E+000   0.1007767358E+001
 0.3838384   0.3345426580E+000   0.1021168071E+001   0.8412029801E+000   0.9926591854E+000
 0.3939394   0.3721554718E+000   0.1003859905E+001   0.8693066710E+000   0.1011450343E+001
 0.4040404   0.4075253406E+000   0.9997601902E+000   0.8890686703E+000   0.1016760269E+001
 0.4141414   0.4519145542E+000   0.1033996338E+001   0.9246324318E+000   0.1001477201E+001
 0.4242424   0.4953679818E+000   0.1013094063E+001   0.9605957976E+000   0.9908898880E+000
 0.4343434   0.5569559880E+000   0.1016425571E+001   0.9824157029E+000   0.9897896698E+000
 0.4444444   0.6092405823E+000   0.9816818579E+000   0.1028423711E+001   0.1019442686E+001
 0.4545455   0.6791872450E+000   0.9991742367E+000   0.1065833285E+001   0.1015849182E+001
 0.4646465   0.7466904161E+000   0.9946864989E+000   0.1091284142E+001   0.1016196941E+001
 0.4747475   0.8410529860E+000   0.1021297412E+001   0.1133911524E+001   0.9971414053E+000
 0.4848485   0.9291327547E+000   0.9838924117E+000   0.1178292073E+001   0.9976864302E+000
 0.4949495   0.1030236111E+001   0.1026226085E+001   0.1235167615E+001   0.1010165061E+001
 0.5050505   0.1098221412E+001   0.1021969593E+001   0.1248395472E+001   0.1008788263E+001
 0.5151515   0.1097569579E+001   0.1025107090E+001   0.1227143965E+001   0.9917684357E+000
 0.5252525   0.1097867772E+001   0.9987313420E+000   0.1245188189E+001   0.9878678468E+000
 0.5353535   0.1092552367E+001   0.1007114985E+001   0.1246709510E+001   0.1007269107E+001
 0.5454545   0.1114516829E+001   0.9937693542E+000   0.1241564133E+001   0.9867045847E+000
 0.5555556   0.1125549674E+001   0.1005668718E+001   0.1245762825E+001   0.1023097201E+001
 0.5656566   0.1133364552E+001   0.1021413035E+001   0.1231062289E+001   0.9953497375E+000
 0.5757576   0.1126463510E+001   0.1026128099E+001   0.1246166336E+001   0.9931920082E+000
 0.5858586   0.1138829072E+001   0.1012178878E+001   0.1231453926E+001   0.1008487279E+001
 0.5959596   0.1151731107E+001   0.1006630936E+001   0.1248856430E+001   0.1012109254E+001
 0.6060606   0.1154645355E+001   0.1015796504E+001   0.1245070495E+001   0.1018411613E+001
 0.6161616   0.1173522566E+001   0.1011661514E+001   0.1243966335E+001   0.9892731163E+000
 0.6262626   0.1190243002E+001   0.1008326086E+001   0.1266538613E+001   0.1019056288E+001
 0.6363636   0.1208605616E+001   0.1006489837E+001   0.1250485382E+001   0.9866944163E+000
 0.6464646   0.1217137019E+001   0.1000114898E+001   0.1261224995E+001   0.1001554480E+001
 0.6565657   0.1237150440E+001   0.9905142746E+000   0.1269150639E+001   0.1001164015E+001
 0.6666667   0.1283875653E+001   0.1023237526E+001   0.1260106394E+001   0.9960594901E+000
 0.6767677   0.1286849083E+001   0.9890915245E+000   0.1282343608E+001   0.1005420497E+001
 0.6868687   0.1296895036E+001   0.9979376591E+000   0.1270705900E+001   0.9915732029E+000
 0.6969697   0.1328460728E+001   0.9863008963E+000   0.1293754782E+001   0.1013335560E+001
 0.7070707   0.1348701757E+001   0.9835612206E+000   0.1281572248E+001   0.9945301664E+000
 0.7171717   0.1378078716E+001   0.1016213922E+001   0.1282973998E+001   0.1002786887E+001
 0.7272727   0.1415826656E+001   0.1002495946E+001   0.1288489471E+001   0.9996875665E+000
 0.7373737   0.1444299543E+001   0.9930305432E+000   0.1298100031E+001   0.9986524259E+000
 0.7474747   0.1471955739E+001   0.9946904183E+000   0.1302339039E+001   0.1011395434E+001
 0.7575758   0.1521786747E+001   0.1017505372E+001   0.1310120396E+001   0.1016243715E+001
 0.7676768   0.1550738838E+001   0.1014810769E+001   0.1312673843E+001   0.9890738162E+000
 0.7777778   0.1563215121E+001   0.9785502400E+000   0.1305360540E+001   0.9707097300E+000
 0.7878788   0.1622305566E+001   0.9682088461E+000   0.1326545239E+001   0.9828019622E+000
 0.7979798   0.1685359746E+001   0.9979533368E+000   0.1335948361E+001   0.1000084133E+001
 0.8080808   0.1739051434E+001   0.1015451595E+001   0.1343849700E+001   0.1005507945E+001
 0.8181818   0.1773571792E+001   0.9957388636E+000   0.1336853219E+001   0.9860883811E+000
 0.8282828   0.1817941697E+001   0.9697628967E+000   0.1363593977E+001   0.9899971047E+000
 0.8383838   0.1872977822E+001   0.9949118656E+000   0.1344457925E+001   0.9845570238E+000
 0.8484848   0.1959395671E+001   0.9956271601E+000   0.1376571363E+001   0.9934421503E+000
 0.8585859   0.2015738588E+001   0.9870220699E+000   0.1386706331E+001   0.9963787771E+000
 0.8686869   0.2064810793E+001   0.9699647470E+000   0.1382297528E+001   0.9787366456E+000
 0.8787879   0.2165125747E+001   0.9935596652E+000   0.1400148188E+001   0.1011482882E+001
 0.8888889   0.2223240654E+001   0.9775782235E+000   0.1403763823E+001   0.9823321832E+000
 0.8989899   0.2298542928E+001   0.9895148220E+000   0.1416913913E+001   0.1007122683E+001
 0.9090909   0.2362685320E+001   0.9790284095E+000   0.1412674586E+001   0.9973996820E+000
 0.9191919   0.2504291156E+001   0.9774155675E+000   0.1443212043E+001   0.9886670811E+000
 0.9292929   0.2608198833E+001   0.9827636183E+000   0.1445135487E+001   0.9804612021E+000
 0.9393939   0.2715488779E+001   0.9837552320E+000   0.1451547195E+001   0.9830561716E+000
 0.9494949   0.2798241416E+001   0.9848957837E+000   0.1463983844E+001   0.9891185570E+000
 0.9595960   0.2938540306E+001   0.1010305394E+001   0.1479528798E+001   0.1001153846E+001
 0.9696970   0.3037565523E+001   0.9776820881E+000   0.1477417039E+001   0.9925066597E+000
 0.9797980   0.3195817787E+001   0.1011467503E+001   0.1486530901E+001   0.9868713460E+000
 0.9898990   0.3358552424E+001   0.1009074696E+001   0.1525943100E+001   0.1010777197E+001
 1.0000000   0.3405834531E+001   0.9946179090E+000   0.1507201357E+001   0.9833856269E+000


 0.0000000   0.9383208615E+000   0.1008935156E+001   0.7887281788E+000   0.1013108943E+001
 0.0101010   0.9182110891E+000   0.9651107639E+000   0.7788519111E+000   0.9709342848E+000
 0.0202020   0.9099121600E+000   0.9524587637E+000   0.7739998413E+000   0.9600948803E+000
 0.0303030   0.9010301031E+000   0.9669195954E+000   0.7767841189E+000   0.9597539930E+000
 0.0404040   0.8738117768E+000   0.9738249715E+000   0.7741651285E+000   0.9770804017E+000
 0.0505051   0.8435343676E+000   0.9729667094E+000   0.7736134539E+000   0.9807591438E+000
 0.0606061   0.8056822133E+000   0.9794576844E+000   0.7662283760E+000   0.9852961915E+000
 0.0707071   0.7621865612E+000   0.9644489005E+000   0.7577483467E+000   0.9695463865E+000
 0.0808081   0.7175655998E+000   0.9699657383E+000   0.7631616000E+000   0.9892894427E+000
 0.0909091   0.6670227574E+000   0.9722675303E+000   0.7459495665E+000   0.9720441977E+000
 0.1010101   0.6273428319E+000   0.9769477098E+000   0.7383782610E+000   0.9839529332E+000
 0.1111111   0.5844767670E+000   0.9660907931E+000   0.7410009571E+000   0.9702139575E+000
 0.1212121   0.5472942720E+000   0.9885587973E+000   0.7333872167E+000   0.9916188393E+000
 0.1313131   0.5155362306E+000   0.9790059676E+000   0.7332825826E+000   0.9862701552E+000
 0.1414141   0.4778586284E+000   0.9750701389E+000   0.7281866492E+000   0.9875708026E+000
 0.1515152   0.4578590115E+000   0.9949633569E+000   0.7191602359E+000   0.9739921251E+000
 0.1616162   0.4413094776E+000   0.9882543794E+000   0.7282934724E+000   0.9876945772E+000
 0.1717172   0.4239075174E+000   0.9804966332E+000   0.7289791421E+000   0.9721781177E+000
 0.1818182   0.4147685152E+000   0.1010908962E+001   0.7311361089E+000   0.9892163955E+000
 0.1919192   0.4123930358E+000   0.1012878841E+001   0.7425826545E+000   0.9855518570E+000
 0.2020202   0.4074321242E+000   0.1009371161E+001   0.7445462130E+000   0.9821450131E+000
 0.2121212   0.4060866246E+000   0.1005720110E+001   0.7472207448E+000   0.9719772377E+000
 0.2222222   0.4083227455E+000   0.9968173601E+000   0.7618476260E+000   0.9888633336E+000
 0.2323232   0.4168687019E+000   0.1046743858E+001   0.7619575530E+000   0.9825021331E+000
 0.2424242   0.4253988389E+000   0.1020642479E+001   0.7650154310E+000   0.9824838713E+000
 0.2525253   0.4329885019E+000   0.9977973893E+000   0.7760821810E+000   0.9869397553E+000
 0.2626263   0.4411678439E+000   0.9917267074E+000   0.7931399585E+000   0.9870412098E+000
 0.2727273   0.4495466884E+000   0.9769045021E+000   0.7987738397E+000   0.9902918137E+000
 0.2828283   0.4744045127E+000   0.1010484741E+001   0.8164071069E+000   0.9942586868E+000
 0.2929293   0.4933339369E+000   0.1033475166E+001   0.8203405992E+000   0.9944149268E+000
 0.3030303   0.5061324731E+000   0.1000059902E+001   0.8325608401E+000   0.1003442353E+001
 0.3131313   0.5243808524E+000   0.1006880826E+001   0.8454859466E+000   0.9875809481E+000
 0.3232323   0.5452790080E+000   0.9999420624E+000   0.8581615100E+000   0.9806333402E+000
 0.3333333   0.5604839271E+000   0.9862727172E+000   0.8811279310E+000   0.1006952681E+001
 0.3434343   0.6007806018E+000   0.1019322680E+001   0.8868544274E+000   0.1002421720E+001
 0.3535354   0.6214728407E+000   0.1023971436E+001   0.8955178882E+000   0.9694997174E+000
 0.3636364   0.6547219605E+000   0.1012694226E+001   0.9105176743E+000   0.1003363218E+001
 0.3737374   0.6792001916E+000   0.1008866417E+001   0.9348395669E+000   0.9827070713E+000
 0.3838384   0.7165346063E+000   0.1025807763E+001   0.9369334338E+000   0.1013581721E+001
 0.3939394   0.7457779054E+000   0.1005902761E+001   0.9520874714E+000   0.1001825167E+001
 0.4040404   0.7895774265E+000   0.9907859579E+000   0.9734464565E+000   0.1002724055E+001
 0.4141414   0.8342625592E+000   0.1029631645E+001   0.9925839015E+000   0.9900686137E+000
 0.4242424   0.8678591725E+000   0.9725601643E+000   0.1010958657E+001   0.1012776172E+001
 0.4343434   0.9179097342E+000   0.9938399567E+000   0.1026477110E+001   0.1010881001E+001
 0.4444444   0.9796632980E+000   0.1003824863E+001   0.1044968538E+001   0.1011305081E+001
 0.4545455   0.1032943092E+001   0.1005339097E+001   0.1070155649E+001   0.1013141408E+001
 0.4646465   0.1087891740E+001   0.9920055934E+000   0.1081499298E+001   0.9954700542E+000
 0.4747475   0.1155192088E+001   0.9977757854E+000   0.1099783109E+001   0.1001585735E+001
 0.4848485   0.1230493043E+001   0.1001799994E+001   0.1108854941E+001   0.9756762707E+000
 0.4949495   0.1285955011E+001   0.9922864435E+000   0.1141660726E+001   0.9961437124E+000
 0.5050505   0.1305101852E+001   0.9737680159E+000   0.1142962168E+001   0.1016450856E+001
 0.5151515   0.1326015308E+001   0.1014438246E+001   0.1149541320E+001   0.1013478237E+001
 0.5252525   0.1313957962E+001   0.9935787465E+000   0.1147569467E+001   0.1000372338E+001
 0.5353535   0.1319688569E+001   0.9913496220E+000   0.1152039394E+001   0.1005073742E+001
 0.5454545   0.1316987522E+001   0.1001951220E+001   0.1154238717E+001   0.1006307430E+001
 0.5555556   0.1331400055E+001   0.1003141396E+001   0.1156836539E+001   0.1003947597E+001
 0.5656566   0.1321168081E+001   0.9922884075E+000   0.1142687775E+001   0.1008046361E+001
 0.5757576   0.1317603995E+001   0.9607566061E+000   0.1148794831E+001   0.1006065968E+001
 0.5858586   0.1322626226E+001   0.9888632152E+000   0.1145819099E+001   0.9845048460E+000
 0.5959596   0.1333461046E+001   0.9920880809E+000   0.1146251582E+001   0.1009760943E+001
 0.6060606   0.1313223105E+001   0.9656646081E+000   0.1145991014E+001   0.9988424035E+000
 0.6161616   0.1316217101E+001   0.1009479180E+001   0.1151150240E+001   0.9990371963E+000
 0.6262626   0.1336646465E+001   0.1035346845E+001   0.1147072022E+001   0.9980591744E+000
 0.6363636   0.1315449769E+001   0.1008082786E+001   0.1157102753E+001   0.1020488747E+001
 0.6464646   0.1323720977E+001   0.1022335435E+001   0.1167618996E+001   0.9981951235E+000
 0.6565657   0.1313546011E+001   0.9835290282E+000   0.1154552814E+001   0.9970669488E+000
 0.6666667   0.1327063362E+001   0.9838707618E+000   0.1154848093E+001   0.1019218536E+001
 0.6767677   0.1325242549E+001   0.9988677619E+000   0.1154524430E+001   0.1015166441E+001
 0.6868687   0.1323745310E+001   0.1008202589E+001   0.1151242899E+001   0.1021237482E+001
 0.6969697   0.1334157536E+001   0.1037029981E+001   0.1148523044E+001   0.1013200252E+001
 0.7070707   0.1319300003E+001   0.9903381690E+000   0.1151690155E+001   0.1001230644E+001
 0.7171717   0.1333189237E+001   0.1011492266E+001   0.1160568311E+001   0.1010073423E+001
 0.7272727   0.1326596010E+001   0.1007181316E+001   0.1159780806E+001   0.1010607074E+001
 0.7373737   0.1317556551E+001   0.9897057654E+000   0.1141127260E+001   0.9955065778E+000
 0.7474747   0.1321758794E+001   0.9932154090E+000   0.1158598680E+001   0.1009221204E+001
 0.7575758   0.1324365034E+001   0.1022971767E+001   0.1158814441E+001   0.1021426187E+001
 0.7676768   0.1320533953E+001   0.9983806932E+000   0.1155870667E+001   0.9969005634E+000
 0.7777778   0.1320274857E+001   0.9949731769E+000   0.1150265479E+001   0.1004647633E+001
 0.7878788   0.1315173412E+001   0.1008326320E+001   0.1155805181E+001   0.1017658165E+001
 0.7979798   0.1325405657E+001   0.1008220265E+001   0.1152432392E+001   0.1010404165E+001
 0.8080808   0.1317885567E+001   0.1001583955E+001   0.1151591106E+001   0.9937128613E+000
 0.8181818   0.1322820661E+001   0.1006034348E+001   0.1160240165E+001   0.1020740354E+001
 0.8282828   0.1312542839E+001   0.9962320921E+000   0.1152442634E+001   0.1010306768E+001
 0.8383838   0.1315890662E+001   0.1001000651E+001   0.1163366412E+001   0.1007555321E+001
 0.8484848   0.1316985226E+001   0.1013503388E+001   0.1155061817E+001   0.1013756223E+001
 0.8585859   0.1322778527E+001   0.1014367542E+001   0.1150897379E+001   0.1007110950E+001
 0.8686869   0.1325354894E+001   0.1009644155E+001   0.1160500567E+001   0.1020084958E+001
 0.8787879   0.1319978539E+001   0.1015791433E+001   0.1158378357E+001   0.1015900972E+001
 0.8888889   0.1319746597E+001   0.1016630055E+001   0.1154175400E+001   0.1017177271E+001
 0.8989899   0.1310077983E+001   0.9907113264E+000   0.1151604396E+001   0.1000065945E+001
 0.9090909   0.1324956796E+001   0.1014296839E+001   0.1159571522E+001   0.1015787343E+001
 0.9191919   0.1318638063E+001   0.1020565883E+001   0.1149055902E+001   0.1016278383E+001
 0.9292929   0.1304310513E+001   0.9982157184E+000   0.1151765713E+001   0.1022615235E+001
 0.9393939   0.1322537577E+001   0.9958726826E+000   0.1158982985E+001   0.9957805051E+000
 0.9494949   0.1327056110E+001   0.1023820209E+001   0.1154643092E+001   0.1030104610E+001
 0.9595960   0.1332722209E+001   0.1023287969E+001   0.1163447759E+001   0.1026653126E+001
 0.9696970   0.1322452322E+001   0.1009052995E+001   0.1167260298E+001   0.1029710966E+001
 0.9797980   0.1321929745E+001   0.1022575041E+001   0.1160532951E+001   0.1038257498E+001
 0.9898990   0.1317993107E+001   0.1039416225E+001   0.1157166125E+001   0.1040552400E+001
 1.0000000   0.1330079928E+001   0.1039174654E+001   0.1161570719E+001   0.1036786407E+001


