#   100 bins for weightfunction of cd                      
 0.0000000    0.3161940002E+001    0.1480276489E+001
 0.0101010    0.3170558167E+001    0.1497341919E+001
 0.0202020    0.3186546326E+001    0.1488549805E+001
 0.0303030    0.3251777649E+001    0.1536962891E+001
 0.0404040    0.3278395081E+001    0.1529890442E+001
 0.0505051    0.3334652710E+001    0.1490731812E+001
 0.0606061    0.3398097229E+001    0.1525970459E+001
 0.0707071    0.3486700439E+001    0.1509471130E+001
 0.0808081    0.3594534302E+001    0.1525904846E+001
 0.0909091    0.3610775757E+001    0.1486270142E+001
 0.1010101    0.3729161072E+001    0.1494104004E+001
 0.1111111    0.3834237671E+001    0.1506987000E+001
 0.1212121    0.3881349182E+001    0.1510020447E+001
 0.1313131    0.3905352783E+001    0.1485647583E+001
 0.1414141    0.3945239258E+001    0.1469851685E+001
 0.1515152    0.3972627258E+001    0.1477197266E+001
 0.1616162    0.4019279480E+001    0.1464816284E+001
 0.1717172    0.4003591919E+001    0.1456628418E+001
 0.1818182    0.3989263916E+001    0.1436047363E+001
 0.1919192    0.3969665527E+001    0.1437646484E+001
 0.2020202    0.3996322632E+001    0.1389991760E+001
 0.2121212    0.3930523682E+001    0.1387673950E+001
 0.2222222    0.3881304932E+001    0.1378329468E+001
 0.2323232    0.3809947205E+001    0.1348353577E+001
 0.2424242    0.3766105652E+001    0.1359613037E+001
 0.2525253    0.3686732483E+001    0.1328718567E+001
 0.2626263    0.3661071777E+001    0.1315542603E+001
 0.2727273    0.3577627563E+001    0.1282499695E+001
 0.2828283    0.3504595947E+001    0.1265574646E+001
 0.2929293    0.3423841858E+001    0.1222006226E+001
 0.3030303    0.3342405701E+001    0.1220252991E+001
 0.3131313    0.3256762695E+001    0.1225976562E+001
 0.3232323    0.3161460876E+001    0.1183117676E+001
 0.3333333    0.3084991455E+001    0.1172669983E+001
 0.3434343    0.2976925659E+001    0.1147711182E+001
 0.3535354    0.2910855103E+001    0.1127812195E+001
 0.3636364    0.2778620911E+001    0.1099871826E+001
 0.3737374    0.2678828430E+001    0.1079782104E+001
 0.3838384    0.2583041382E+001    0.1037472534E+001
 0.3939394    0.2469982910E+001    0.1019612122E+001
 0.4040404    0.2382785034E+001    0.1013081360E+001
 0.4141414    0.2267501831E+001    0.9644271851E+000
 0.4242424    0.2166046143E+001    0.9546447754E+000
 0.4343434    0.2080397034E+001    0.9300109863E+000
 0.4444444    0.1956443787E+001    0.8962310791E+000
 0.4545455    0.1850079346E+001    0.8814483643E+000
 0.4646465    0.1723310852E+001    0.8441055298E+000
 0.4747475    0.1585769653E+001    0.8374267578E+000
 0.4848485    0.1506947327E+001    0.8290695190E+000
 0.4949495    0.1392207336E+001    0.7839141846E+000
 0.5050505    0.1349751282E+001    0.7464157104E+000
 0.5151515    0.1344180298E+001    0.7716293335E+000
 0.5252525    0.1338401794E+001    0.7677246094E+000
 0.5353535    0.1334983826E+001    0.7614151001E+000
 0.5454545    0.1330734253E+001    0.7557876587E+000
 0.5555556    0.1307458496E+001    0.7773513794E+000
 0.5656566    0.1302600098E+001    0.7777755737E+000
 0.5757576    0.1275196838E+001    0.7600326538E+000
 0.5858586    0.1276458740E+001    0.7678161621E+000
 0.5959596    0.1255273437E+001    0.7606765747E+000
 0.6060606    0.1267501831E+001    0.7542755127E+000
 0.6161616    0.1270829773E+001    0.7570892334E+000
 0.6262626    0.1253134155E+001    0.7555984497E+000
 0.6363636    0.1224009705E+001    0.7577957153E+000
 0.6464646    0.1167980957E+001    0.7403915405E+000
 0.6565657    0.1188932800E+001    0.7546691895E+000
 0.6666667    0.1142166138E+001    0.7579574585E+000
 0.6767677    0.1154959106E+001    0.7937744141E+000
 0.6868687    0.1113591003E+001    0.7331390381E+000
 0.6969697    0.1095724487E+001    0.7336975098E+000
 0.7070707    0.1083795166E+001    0.7384368896E+000
 0.7171717    0.1049313354E+001    0.7311340332E+000
 0.7272727    0.1031040955E+001    0.7303802490E+000
 0.7373737    0.1015985107E+001    0.7435729980E+000
 0.7474747    0.9888610840E+000    0.7370620728E+000
 0.7575758    0.9398956299E+000    0.7145034790E+000
 0.7676768    0.9140762329E+000    0.6938186646E+000
 0.7777778    0.8975906372E+000    0.7088638306E+000
 0.7878788    0.8620834351E+000    0.7033889771E+000
 0.7979798    0.8330047607E+000    0.7006118774E+000
 0.8080808    0.7988128662E+000    0.6948242188E+000
 0.8181818    0.7643478394E+000    0.6969619751E+000
 0.8282828    0.7299911499E+000    0.6848373413E+000
 0.8383838    0.6795852661E+000    0.6855438232E+000
 0.8484848    0.6400604248E+000    0.6558364868E+000
 0.8585859    0.6010894775E+000    0.6690093994E+000
 0.8686869    0.5821746826E+000    0.6620651245E+000
 0.8787879    0.5585906982E+000    0.6895858765E+000
 0.8888889    0.4819656372E+000    0.6395782471E+000
 0.8989899    0.4546020508E+000    0.6451232910E+000
 0.9090909    0.4130218506E+000    0.6392562866E+000
 0.9191919    0.3711883545E+000    0.6296844482E+000
 0.9292929    0.3136657715E+000    0.6207565308E+000
 0.9393939    0.2601364136E+000    0.6151275635E+000
 0.9494949    0.2234008789E+000    0.6030929565E+000
 0.9595960    0.1754638672E+000    0.6195465088E+000
 0.9696970    0.1115844727E+000    0.5881546021E+000
 0.9797980    0.6852416992E-001    0.5896194458E+000
 0.9898990    0.2111358643E-001    0.5830810547E+000
 1.0000000    0.0000000000E+000    0.5963714600E+000


#   100 bins for weightfunction of Ar                      
 0.0000000    0.1971206665E+001    0.3003860474E+000
 0.0101010    0.1977680969E+001    0.3247161865E+000
 0.0202020    0.1996690369E+001    0.3306350708E+000
 0.0303030    0.1995494080E+001    0.3039672852E+000
 0.0404040    0.2044792175E+001    0.3165802002E+000
 0.0505051    0.2077703857E+001    0.3135177612E+000
 0.0606061    0.2135014343E+001    0.3399108887E+000
 0.0707071    0.2206268311E+001    0.3302185059E+000
 0.0808081    0.2254185486E+001    0.3265975952E+000
 0.0909091    0.2334768677E+001    0.3516021729E+000
 0.1010101    0.2408967590E+001    0.3464294434E+000
 0.1111111    0.2491943359E+001    0.3538467407E+000
 0.1212121    0.2593070984E+001    0.3580047607E+000
 0.1313131    0.2658041382E+001    0.3526840210E+000
 0.1414141    0.2747485352E+001    0.3668487549E+000
 0.1515152    0.2808953857E+001    0.3561157227E+000
 0.1616162    0.2859384155E+001    0.3417556763E+000
 0.1717172    0.2899591064E+001    0.3419204712E+000
 0.1818182    0.2908001709E+001    0.3424942017E+000
 0.1919192    0.2934571838E+001    0.3229583740E+000
 0.2020202    0.2967675781E+001    0.3241577148E+000
 0.2121212    0.2948320007E+001    0.3272552490E+000
 0.2222222    0.2948597717E+001    0.3212631226E+000
 0.2323232    0.2917269897E+001    0.3134231567E+000
 0.2424242    0.2916679382E+001    0.3205230713E+000
 0.2525253    0.2918595886E+001    0.2982788086E+000
 0.2626263    0.2876771545E+001    0.2897720337E+000
 0.2727273    0.2844734192E+001    0.2798797607E+000
 0.2828283    0.2822581482E+001    0.2815414429E+000
 0.2929293    0.2793603516E+001    0.2492156982E+000
 0.3030303    0.2737153625E+001    0.2421340942E+000
 0.3131313    0.2691519165E+001    0.2363021851E+000
 0.3232323    0.2665513611E+001    0.2259597778E+000
 0.3333333    0.2632994080E+001    0.1975753784E+000
 0.3434343    0.2559103394E+001    0.2123657227E+000
 0.3535354    0.2535272217E+001    0.1862792969E+000
 0.3636364    0.2507684326E+001    0.1615020752E+000
 0.3737374    0.2438365173E+001    0.1809310913E+000
 0.3838384    0.2384336853E+001    0.1553466797E+000
 0.3939394    0.2321932983E+001    0.1407440186E+000
 0.4040404    0.2282350159E+001    0.1351638794E+000
 0.4141414    0.2224296570E+001    0.1059326172E+000
 0.4242424    0.2195497131E+001    0.1100326538E+000
 0.4343434    0.2095666504E+001    0.9161987305E-001
 0.4444444    0.2047424316E+001    0.8719177246E-001
 0.4545455    0.2004283142E+001    0.5904846191E-001
 0.4646465    0.1945671082E+001    0.3770141602E-001
 0.4747475    0.1880239868E+001    0.4635620117E-001
 0.4848485    0.1835848999E+001    0.2816162109E-001
 0.4949495    0.1774320984E+001    0.2676391602E-001
 0.5050505    0.1744706726E+001    0.7917785645E-002
 0.5151515    0.1736903381E+001    0.4933166504E-002
 0.5252525    0.1738381958E+001    0.1038513184E-001
 0.5353535    0.1752601624E+001    0.1863555908E-001
 0.5454545    0.1758384705E+001    0.2291870117E-001
 0.5555556    0.1721031189E+001    0.1689453125E-001
 0.5656566    0.1757246399E+001    0.1572113037E-001
 0.5757576    0.1768969727E+001    0.1998138428E-001
 0.5858586    0.1730844116E+001    0.6100463867E-002
 0.5959596    0.1739540100E+001    0.7534790039E-002
 0.6060606    0.1749131775E+001    0.2117767334E-001
 0.6161616    0.1748332214E+001    0.2090454102E-002
 0.6262626    0.1733369446E+001    0.1337432861E-001
 0.6363636    0.1741412354E+001    0.1623077393E-001
 0.6464646    0.1747619629E+001    0.1188964844E-001
 0.6565657    0.1741677856E+001    0.2701721191E-001
 0.6666667    0.1744944763E+001    0.2070922852E-001
 0.6767677    0.1723649597E+001    0.2459869385E-001
 0.6868687    0.1754580688E+001    0.1378936768E-001
 0.6969697    0.1751626587E+001    0.2122955322E-001
 0.7070707    0.1744627380E+001    0.1883392334E-001
 0.7171717    0.1757546997E+001    0.3073272705E-001
 0.7272727    0.1750706482E+001    0.1606140137E-001
 0.7373737    0.1757368469E+001    0.2456970215E-001
 0.7474747    0.1748890686E+001    0.1701049805E-001
 0.7575758    0.1744883728E+001    0.1111602783E-001
 0.7676768    0.1743006897E+001    0.1457977295E-001
 0.7777778    0.1741418457E+001    0.1617584229E-001
 0.7878788    0.1741020203E+001    0.1338806152E-001
 0.7979798    0.1746286011E+001    0.2255401611E-001
 0.8080808    0.1735792542E+001    0.1136169434E-001
 0.8181818    0.1746246338E+001    0.2806854248E-001
 0.8282828    0.1752642822E+001    0.2525177002E-001
 0.8383838    0.1735408020E+001    0.1745758057E-001
 0.8484848    0.1751115417E+001    0.1601715088E-001
 0.8585859    0.1756192017E+001    0.3018341064E-001
 0.8686869    0.1741459656E+001    0.2047119141E-001
 0.8787879    0.1735108948E+001    0.1148986816E-001
 0.8888889    0.1749536133E+001    0.2056121826E-001
 0.8989899    0.1751092529E+001    0.2951812744E-001
 0.9090909    0.1751095581E+001    0.3509063721E-001
 0.9191919    0.1741752625E+001    0.1591339111E-001
 0.9292929    0.1731053162E+001    0.0000000000E+000
 0.9393939    0.1747305298E+001    0.2760467529E-001
 0.9494949    0.1744152832E+001    0.2180328369E-001
 0.9595960    0.1747360229E+001    0.2166900635E-001
 0.9696970    0.1748785400E+001    0.3132629395E-001
 0.9797980    0.1746423340E+001    0.1148071289E-001
 0.9898990    0.1751484680E+001    0.2210693359E-001
 1.0000000    0.1758212280E+001    0.2050170898E-001


