#   100 bins for weightfunction of cd                      
 0.0000000    0.3277699280E+001    0.1329965210E+001
 0.0101010    0.3258688354E+001    0.1294563293E+001
 0.0202020    0.3293977356E+001    0.1325964355E+001
 0.0303030    0.3322358704E+001    0.1329725647E+001
 0.0404040    0.3376232910E+001    0.1332257080E+001
 0.0505051    0.3444767761E+001    0.1330531311E+001
 0.0606061    0.3506336975E+001    0.1332453918E+001
 0.0707071    0.3576405334E+001    0.1329504395E+001
 0.0808081    0.3647229004E+001    0.1316226196E+001
 0.0909091    0.3734448242E+001    0.1310256958E+001
 0.1010101    0.3847688293E+001    0.1328237915E+001
 0.1111111    0.3913945007E+001    0.1317419434E+001
 0.1212121    0.3968775940E+001    0.1307925415E+001
 0.1313131    0.4031663513E+001    0.1309686279E+001
 0.1414141    0.4064187622E+001    0.1294340515E+001
 0.1515152    0.4103475952E+001    0.1302810669E+001
 0.1616162    0.4107086182E+001    0.1282727051E+001
 0.1717172    0.4094552612E+001    0.1288661194E+001
 0.1818182    0.4091740417E+001    0.1262525940E+001
 0.1919192    0.4082379150E+001    0.1263233948E+001
 0.2020202    0.4037120056E+001    0.1239015198E+001
 0.2121212    0.4018569946E+001    0.1250498962E+001
 0.2222222    0.3962844849E+001    0.1217951965E+001
 0.2323232    0.3926036072E+001    0.1199882507E+001
 0.2424242    0.3840655518E+001    0.1201197815E+001
 0.2525253    0.3776667786E+001    0.1190136719E+001
 0.2626263    0.3707556152E+001    0.1160374451E+001
 0.2727273    0.3633700562E+001    0.1164759827E+001
 0.2828283    0.3529890442E+001    0.1142752075E+001
 0.2929293    0.3481785583E+001    0.1125981140E+001
 0.3030303    0.3397300720E+001    0.1118254089E+001
 0.3131313    0.3288426208E+001    0.1097525024E+001
 0.3232323    0.3198387146E+001    0.1096272278E+001
 0.3333333    0.3132202148E+001    0.1059718323E+001
 0.3434343    0.3010964966E+001    0.1051545715E+001
 0.3535354    0.2942919922E+001    0.1034695435E+001
 0.3636364    0.2816802979E+001    0.1016670227E+001
 0.3737374    0.2731327820E+001    0.9996093750E+000
 0.3838384    0.2617396545E+001    0.9907638550E+000
 0.3939394    0.2519833374E+001    0.9770538330E+000
 0.4040404    0.2403862000E+001    0.9503143311E+000
 0.4141414    0.2310186768E+001    0.9438568115E+000
 0.4242424    0.2204895020E+001    0.9248306274E+000
 0.4343434    0.2075898743E+001    0.8901748657E+000
 0.4444444    0.1985914612E+001    0.8815292358E+000
 0.4545455    0.1861703491E+001    0.8658477783E+000
 0.4646465    0.1739501953E+001    0.8486526489E+000
 0.4747475    0.1641973877E+001    0.8217102051E+000
 0.4848485    0.1535653687E+001    0.8139923096E+000
 0.4949495    0.1411329651E+001    0.7824996948E+000
 0.5050505    0.1335444641E+001    0.7819915772E+000
 0.5151515    0.1350794983E+001    0.7662200928E+000
 0.5252525    0.1349241638E+001    0.7745544434E+000
 0.5353535    0.1336842346E+001    0.7717224121E+000
 0.5454545    0.1338183594E+001    0.7784667969E+000
 0.5555556    0.1322071838E+001    0.7927856445E+000
 0.5656566    0.1316519165E+001    0.7836868286E+000
 0.5757576    0.1310673523E+001    0.7762145996E+000
 0.5858586    0.1288761902E+001    0.7753219605E+000
 0.5959596    0.1284191895E+001    0.7610870361E+000
 0.6060606    0.1276202393E+001    0.7629714966E+000
 0.6161616    0.1272612000E+001    0.7655624390E+000
 0.6262626    0.1255578613E+001    0.7651992798E+000
 0.6363636    0.1236607361E+001    0.7659667969E+000
 0.6464646    0.1212489319E+001    0.7681701660E+000
 0.6565657    0.1211175537E+001    0.7685485840E+000
 0.6666667    0.1181953430E+001    0.7598342896E+000
 0.6767677    0.1158877563E+001    0.7566864014E+000
 0.6868687    0.1147683716E+001    0.7807189941E+000
 0.6969697    0.1124082947E+001    0.7565399170E+000
 0.7070707    0.1103253174E+001    0.7534240723E+000
 0.7171717    0.1074102783E+001    0.7553359985E+000
 0.7272727    0.1059436035E+001    0.7518585205E+000
 0.7373737    0.1033682251E+001    0.7510620117E+000
 0.7474747    0.1002355957E+001    0.7361892700E+000
 0.7575758    0.9681457520E+000    0.7373550415E+000
 0.7676768    0.9453201294E+000    0.7394943237E+000
 0.7777778    0.9168151855E+000    0.7419128418E+000
 0.7878788    0.8855941772E+000    0.7262435913E+000
 0.7979798    0.8466156006E+000    0.7290557861E+000
 0.8080808    0.8138427734E+000    0.7211868286E+000
 0.8181818    0.7738418579E+000    0.7191741943E+000
 0.8282828    0.7278625488E+000    0.7052444458E+000
 0.8383838    0.7034103394E+000    0.7044326782E+000
 0.8484848    0.6660827637E+000    0.7031143188E+000
 0.8585859    0.6191848755E+000    0.6985626221E+000
 0.8686869    0.5801742554E+000    0.6926528931E+000
 0.8787879    0.5408950806E+000    0.6965576172E+000
 0.8888889    0.4977142334E+000    0.6793579102E+000
 0.8989899    0.4495346069E+000    0.6803741455E+000
 0.9090909    0.4156158447E+000    0.6793746948E+000
 0.9191919    0.3612091064E+000    0.6706741333E+000
 0.9292929    0.3218063355E+000    0.6756057739E+000
 0.9393939    0.2780395508E+000    0.6682922363E+000
 0.9494949    0.2372436523E+000    0.6739547730E+000
 0.9595960    0.1773208618E+000    0.6530792236E+000
 0.9696970    0.1220077515E+000    0.6413375855E+000
 0.9797980    0.6946716309E-001    0.6351974487E+000
 0.9898990    0.1948394775E-001    0.6400390625E+000
 1.0000000    0.0000000000E+000    0.6331558228E+000


#   100 bins for weightfunction of Ar                      
 0.0000000    0.2079541016E+001    0.2531250000E+000
 0.0101010    0.2103076172E+001    0.2733398438E+000
 0.0202020    0.2098925781E+001    0.2389160156E+000
 0.0303030    0.2129345703E+001    0.2651611328E+000
 0.0404040    0.2178637695E+001    0.2685546875E+000
 0.0505051    0.2255297852E+001    0.3000732422E+000
 0.0606061    0.2260327148E+001    0.2742187500E+000
 0.0707071    0.2283032227E+001    0.2458740234E+000
 0.0808081    0.2356250000E+001    0.2489013672E+000
 0.0909091    0.2497753906E+001    0.3098632813E+000
 0.1010101    0.2521630859E+001    0.2615478516E+000
 0.1111111    0.2596923828E+001    0.2495605469E+000
 0.1212121    0.2721020508E+001    0.2579833984E+000
 0.1313131    0.2783227539E+001    0.2558105469E+000
 0.1414141    0.2878027344E+001    0.2791748047E+000
 0.1515152    0.2931103516E+001    0.2457031250E+000
 0.1616162    0.3026123047E+001    0.2549804688E+000
 0.1717172    0.3035351562E+001    0.2726318359E+000
 0.1818182    0.3049047852E+001    0.2703125000E+000
 0.1919192    0.3109790039E+001    0.2582763672E+000
 0.2020202    0.3085449219E+001    0.2564453125E+000
 0.2121212    0.3128564453E+001    0.2654541016E+000
 0.2222222    0.3097509766E+001    0.2394042969E+000
 0.2323232    0.3112011719E+001    0.2302978516E+000
 0.2424242    0.3089916992E+001    0.2365966797E+000
 0.2525253    0.3065136719E+001    0.2407226563E+000
 0.2626263    0.2999829102E+001    0.2238281250E+000
 0.2727273    0.3008666992E+001    0.2210205078E+000
 0.2828283    0.2988745117E+001    0.2149169922E+000
 0.2929293    0.2956054687E+001    0.1896484375E+000
 0.3030303    0.2895556641E+001    0.2067626953E+000
 0.3131313    0.2861547852E+001    0.1642578125E+000
 0.3232323    0.2814453125E+001    0.2108154297E+000
 0.3333333    0.2787768555E+001    0.1411132813E+000
 0.3434343    0.2681030273E+001    0.1427001953E+000
 0.3535354    0.2678295898E+001    0.1402343750E+000
 0.3636364    0.2638720703E+001    0.1637451172E+000
 0.3737374    0.2572460937E+001    0.1433837891E+000
 0.3838384    0.2526318359E+001    0.1292236328E+000
 0.3939394    0.2453710937E+001    0.1285888672E+000
 0.4040404    0.2417309570E+001    0.1178710938E+000
 0.4141414    0.2404565430E+001    0.1106689453E+000
 0.4242424    0.2316308594E+001    0.9816894531E-001
 0.4343434    0.2230468750E+001    0.8676757813E-001
 0.4444444    0.2193872070E+001    0.8298339844E-001
 0.4545455    0.2143627930E+001    0.6772460938E-001
 0.4646465    0.2085302734E+001    0.6118164063E-001
 0.4747475    0.2013696289E+001    0.9511718750E-001
 0.4848485    0.1941821289E+001    0.4980468750E-001
 0.4949495    0.1903613281E+001    0.4982910156E-001
 0.5050505    0.1831054687E+001    0.3569335938E-001
 0.5151515    0.1839379883E+001    0.3740234375E-001
 0.5252525    0.1857397461E+001    0.3039550781E-001
 0.5353535    0.1887817383E+001    0.2385253906E-001
 0.5454545    0.1836816406E+001    0.4992675781E-001
 0.5555556    0.1846728516E+001    0.5710449219E-001
 0.5656566    0.1851171875E+001    0.6076660156E-001
 0.5757576    0.1868457031E+001    0.3574218750E-001
 0.5858586    0.1892089844E+001    0.2761230469E-001
 0.5959596    0.1887231445E+001    0.4802246094E-001
 0.6060606    0.1859936523E+001    0.1789550781E-001
 0.6161616    0.1839135742E+001    0.3745117188E-001
 0.6262626    0.1864550781E+001    0.2617187500E-001
 0.6363636    0.1841162109E+001    0.2954101562E-002
 0.6464646    0.1811669922E+001    0.2014160156E-001
 0.6565657    0.1872314453E+001    0.3710937500E-001
 0.6666667    0.1808764648E+001    0.3220214844E-001
 0.6767677    0.1836718750E+001    0.3195800781E-001
 0.6868687    0.1830053711E+001    0.1733398438E-001
 0.6969697    0.1882177734E+001    0.3610839844E-001
 0.7070707    0.1845874023E+001    0.2536621094E-001
 0.7171717    0.1881372070E+001    0.6716308594E-001
 0.7272727    0.1842651367E+001    0.1943359375E-001
 0.7373737    0.1844213867E+001    0.2768554688E-001
 0.7474747    0.1852392578E+001    0.3820800781E-001
 0.7575758    0.1844995117E+001    0.3637695313E-001
 0.7676768    0.1853369141E+001    0.2866210938E-001
 0.7777778    0.1836328125E+001    0.8862304688E-002
 0.7878788    0.1887597656E+001    0.5991210938E-001
 0.7979798    0.1846801758E+001    0.3732910156E-001
 0.8080808    0.1844799805E+001    0.2292480469E-001
 0.8181818    0.1880981445E+001    0.4362792969E-001
 0.8282828    0.1852392578E+001    0.1430664062E-001
 0.8383838    0.1836547852E+001    0.0000000000E+000
 0.8484848    0.1823510742E+001    0.1308593750E-001
 0.8585859    0.1854907227E+001    0.3425292969E-001
 0.8686869    0.1849072266E+001    0.3591308594E-001
 0.8787879    0.1861279297E+001    0.3632812500E-001
 0.8888889    0.1846044922E+001    0.2951660156E-001
 0.8989899    0.1862084961E+001    0.3171386719E-001
 0.9090909    0.1855078125E+001    0.3266601563E-001
 0.9191919    0.1867822266E+001    0.4895019531E-001
 0.9292929    0.1830712891E+001    0.1904296875E-001
 0.9393939    0.1825463867E+001    0.1984863281E-001
 0.9494949    0.1854833984E+001    0.3376464844E-001
 0.9595960    0.1874560547E+001    0.4218750000E-001
 0.9696970    0.1845141602E+001    0.2160644531E-001
 0.9797980    0.1849072266E+001    0.2583007813E-001
 0.9898990    0.1835400391E+001    0.2653808594E-001
 1.0000000    0.1869360352E+001    0.2395019531E-001


