 0.0000000   0.1483716664E+000   0.9471347424E+000   0.6363829949E+000   0.1024892141E+001
 0.0101010   0.1480201986E+000   0.9609550490E+000   0.6366409636E+000   0.1035596942E+001
 0.0202020   0.1438036831E+000   0.9444476076E+000   0.6352876616E+000   0.1038358730E+001
 0.0303030   0.1400060988E+000   0.9519197126E+000   0.6363999096E+000   0.1032428468E+001
 0.0404040   0.1319999703E+000   0.9292069835E+000   0.6319208709E+000   0.1014375749E+001
 0.0505051   0.1245501914E+000   0.9475458405E+000   0.6303073309E+000   0.1030677651E+001
 0.0606061   0.1160391549E+000   0.9376918366E+000   0.6286378608E+000   0.1022690983E+001
 0.0707071   0.1073289709E+000   0.9401831264E+000   0.6226572556E+000   0.9951167592E+000
 0.0808081   0.9955217908E-001   0.9569464014E+000   0.6247412457E+000   0.1014083947E+001
 0.0909091   0.9152148347E-001   0.9571316602E+000   0.6306421174E+000   0.1018309344E+001
 0.1010101   0.8431060652E-001   0.9653942028E+000   0.6319455132E+000   0.1015356850E+001
 0.1111111   0.7779546177E-001   0.9682930619E+000   0.6322176973E+000   0.1005548138E+001
 0.1212121   0.7253106932E-001   0.9522055404E+000   0.6370622375E+000   0.1026606196E+001
 0.1313131   0.7023559816E-001   0.9857109180E+000   0.6535625858E+000   0.1040906835E+001
 0.1414141   0.6714582691E-001   0.9714071742E+000   0.6447874087E+000   0.1016243747E+001
 0.1515152   0.6526244443E-001   0.9854392051E+000   0.6454765708E+000   0.1009376040E+001
 0.1616162   0.6433560188E-001   0.9843241236E+000   0.6504774926E+000   0.9990940095E+000
 0.1717172   0.6453513848E-001   0.9901288994E+000   0.6693319356E+000   0.1031736872E+001
 0.1818182   0.6567741972E-001   0.9979044759E+000   0.6684796369E+000   0.1010221579E+001
 0.1919192   0.6566928712E-001   0.9858855906E+000   0.6671279286E+000   0.1005235656E+001
 0.2020202   0.6966583171E-001   0.9970469923E+000   0.6805470415E+000   0.1008842983E+001
 0.2121212   0.7233439098E-001   0.1014286647E+001   0.6841057302E+000   0.1010072231E+001
 0.2222222   0.7570246378E-001   0.9904553077E+000   0.7005009491E+000   0.1013569271E+001
 0.2323232   0.7936944572E-001   0.1014835366E+001   0.7143701767E+000   0.1023417043E+001
 0.2424242   0.8443569744E-001   0.1009854551E+001   0.7203437367E+000   0.1014407917E+001
 0.2525253   0.9122782934E-001   0.1014514251E+001   0.7322666247E+000   0.1017891170E+001
 0.2626263   0.9849563087E-001   0.1032572573E+001   0.7506396582E+000   0.1032704187E+001
 0.2727273   0.1058389974E+000   0.1025827388E+001   0.7536250531E+000   0.1005715867E+001
 0.2828283   0.1150166259E+000   0.1041839042E+001   0.7620748338E+000   0.1008160578E+001
 0.2929293   0.1238571576E+000   0.1018032404E+001   0.7841820300E+000   0.1015678523E+001
 0.3030303   0.1336534154E+000   0.1004310902E+001   0.8016193179E+000   0.1019120418E+001
 0.3131313   0.1462981424E+000   0.1008725354E+001   0.8027276324E+000   0.9983380792E+000
 0.3232323   0.1622677498E+000   0.1024135358E+001   0.8266142710E+000   0.1023481378E+001
 0.3333333   0.1776882236E+000   0.1022997340E+001   0.8297191624E+000   0.1003631889E+001
 0.3434343   0.1965429122E+000   0.1057646029E+001   0.8623288338E+000   0.1029478272E+001
 0.3535354   0.2152329233E+000   0.1020587211E+001   0.8649317060E+000   0.1010347951E+001
 0.3636364   0.2361732400E+000   0.1023948335E+001   0.8685070327E+000   0.9924514730E+000
 0.3737374   0.2609717547E+000   0.1024735244E+001   0.8962088113E+000   0.1005470017E+001
 0.3838384   0.2894378321E+000   0.1036593571E+001   0.9096189734E+000   0.9925824397E+000
 0.3939394   0.3211345677E+000   0.1037835687E+001   0.9319532760E+000   0.9998683211E+000
 0.4040404   0.3592157306E+000   0.1035459082E+001   0.9577051502E+000   0.9963643888E+000
 0.4141414   0.3974850089E+000   0.1030794089E+001   0.9603729876E+000   0.9833435468E+000
 0.4242424   0.4427049639E+000   0.1046535794E+001   0.9867780390E+000   0.9909465054E+000
 0.4343434   0.4929566412E+000   0.1028618621E+001   0.9953015682E+000   0.9806346051E+000
 0.4444444   0.5423208099E+000   0.1011098431E+001   0.1039347889E+001   0.1015758941E+001
 0.4545455   0.6117549187E+000   0.1032113837E+001   0.1048777410E+001   0.9773213787E+000
 0.4646465   0.6849136531E+000   0.1020260802E+001   0.1061848581E+001   0.9844418285E+000
 0.4747475   0.7726025681E+000   0.1027498246E+001   0.1095635604E+001   0.9904869733E+000
 0.4848485   0.8561469570E+000   0.1039049574E+001   0.1111797383E+001   0.9776407535E+000
 0.4949495   0.9520943454E+000   0.1008024900E+001   0.1144437105E+001   0.9782358475E+000
 0.5050505   0.1030416828E+001   0.1054180807E+001   0.1151526647E+001   0.9883110888E+000
 0.5151515   0.1019297858E+001   0.1012876916E+001   0.1165089175E+001   0.1000219863E+001
 0.5252525   0.1029284374E+001   0.1034074052E+001   0.1150004396E+001   0.9797660894E+000
 0.5353535   0.1037699892E+001   0.1022233368E+001   0.1155705951E+001   0.9928489683E+000
 0.5454545   0.1024121783E+001   0.1017863024E+001   0.1154354545E+001   0.9936692331E+000
 0.5555556   0.1039787729E+001   0.1031284583E+001   0.1158851456E+001   0.9960496093E+000
 0.5656566   0.1055857501E+001   0.1032927211E+001   0.1161672848E+001   0.9768940138E+000
 0.5757576   0.1053038343E+001   0.1022302178E+001   0.1166774476E+001   0.9912061410E+000
 0.5858586   0.1050509828E+001   0.9971352108E+000   0.1157035873E+001   0.9949444346E+000
 0.5959596   0.1079010049E+001   0.1017570139E+001   0.1165587868E+001   0.9960656930E+000
 0.6060606   0.1100213711E+001   0.1018461145E+001   0.1166736893E+001   0.1000088896E+001
 0.6161616   0.1099294232E+001   0.1021418229E+001   0.1156239251E+001   0.9715772274E+000
 0.6262626   0.1112041334E+001   0.1008914142E+001   0.1156059188E+001   0.9917047333E+000
 0.6363636   0.1130825701E+001   0.1016296264E+001   0.1169097951E+001   0.9841707046E+000
 0.6464646   0.1153995410E+001   0.1012538157E+001   0.1174805577E+001   0.9977912360E+000
 0.6565657   0.1161212575E+001   0.1011620685E+001   0.1173886352E+001   0.9851724846E+000
 0.6666667   0.1192366330E+001   0.1010242712E+001   0.1180716193E+001   0.1007190965E+001
 0.6767677   0.1210839999E+001   0.1004757287E+001   0.1186112744E+001   0.1011331349E+001
 0.6868687   0.1238449779E+001   0.1004346189E+001   0.1179957105E+001   0.9835089784E+000
 0.6969697   0.1272269563E+001   0.1002650630E+001   0.1181133733E+001   0.9909281241E+000
 0.7070707   0.1302615947E+001   0.1024006559E+001   0.1187156460E+001   0.1005718165E+001
 0.7171717   0.1338766890E+001   0.1004323252E+001   0.1196746434E+001   0.1005879001E+001
 0.7272727   0.1360394438E+001   0.1004891379E+001   0.1200213420E+001   0.1002648490E+001
 0.7373737   0.1393717932E+001   0.1001046818E+001   0.1200155433E+001   0.9916817567E+000
 0.7474747   0.1430983271E+001   0.9939311157E+000   0.1209228556E+001   0.9947307522E+000
 0.7575758   0.1479407353E+001   0.1006055863E+001   0.1215033714E+001   0.1004465940E+001
 0.7676768   0.1506914494E+001   0.9987407871E+000   0.1205238792E+001   0.9958152480E+000
 0.7777778   0.1562847844E+001   0.9976151193E+000   0.1209193943E+001   0.9984552599E+000
 0.7878788   0.1606521737E+001   0.9857320905E+000   0.1209612802E+001   0.9811998296E+000
 0.7979798   0.1673841791E+001   0.1009198205E+001   0.1216346861E+001   0.9913646796E+000
 0.8080808   0.1720261789E+001   0.9977015734E+000   0.1219952174E+001   0.9854941570E+000
 0.8181818   0.1768043604E+001   0.9713577718E+000   0.1218560544E+001   0.9725514355E+000
 0.8282828   0.1848406849E+001   0.9987831320E+000   0.1235419555E+001   0.9927157040E+000
 0.8383838   0.1904414391E+001   0.9906458596E+000   0.1238257433E+001   0.9987562534E+000
 0.8484848   0.1991571277E+001   0.9948432948E+000   0.1244226938E+001   0.9872105094E+000
 0.8585859   0.2058673776E+001   0.9789674976E+000   0.1250661453E+001   0.9866269037E+000
 0.8686869   0.2134839494E+001   0.9829743809E+000   0.1246553200E+001   0.9782197639E+000
 0.8787879   0.2234327866E+001   0.9851110324E+000   0.1260811542E+001   0.9862615756E+000
 0.8888889   0.2343287237E+001   0.9784364224E+000   0.1271115500E+001   0.9791273398E+000
 0.8989899   0.2409749577E+001   0.9740943090E+000   0.1266965961E+001   0.9805702706E+000
 0.9090909   0.2534665115E+001   0.9908558196E+000   0.1287139405E+001   0.1002839196E+001
 0.9191919   0.2674151845E+001   0.9906564459E+000   0.1291761338E+001   0.9907098464E+000
 0.9292929   0.2783091568E+001   0.9894125653E+000   0.1294083544E+001   0.1000079706E+001
 0.9393939   0.2892244165E+001   0.9795162166E+000   0.1289698084E+001   0.9827967036E+000
 0.9494949   0.3090120452E+001   0.9817816671E+000   0.1307859883E+001   0.9807242139E+000
 0.9595960   0.3227348393E+001   0.9712677890E+000   0.1310255655E+001   0.9813101173E+000
 0.9696970   0.3363573989E+001   0.9611755952E+000   0.1308206546E+001   0.9628208433E+000
 0.9797980   0.3561501719E+001   0.9765626620E+000   0.1325968658E+001   0.9809815518E+000
 0.9898990   0.3732088732E+001   0.9794421131E+000   0.1334743194E+001   0.9890716144E+000
 1.0000000   0.3864861168E+001   0.9870906550E+000   0.1344510974E+001   0.9884719250E+000


 0.0000000   0.1051532706E+001   0.9435377906E+000   0.8561566817E+000   0.1010328251E+001
 0.0101010   0.1050447206E+001   0.9524557461E+000   0.8537321130E+000   0.1027975796E+001
 0.0202020   0.1053170071E+001   0.9789612016E+000   0.8581200790E+000   0.1037781509E+001
 0.0303030   0.1007060821E+001   0.9611306136E+000   0.8394996945E+000   0.1023628346E+001
 0.0404040   0.9733685254E+000   0.9323220332E+000   0.8362954795E+000   0.1003907436E+001
 0.0505051   0.9370583918E+000   0.9544519060E+000   0.8416048399E+000   0.1016669232E+001
 0.0606061   0.8956029136E+000   0.9548014558E+000   0.8462215157E+000   0.1023997856E+001
 0.0707071   0.8345985762E+000   0.9707742842E+000   0.8349721370E+000   0.1029483490E+001
 0.0808081   0.7859808469E+000   0.9561020649E+000   0.8361325587E+000   0.1010757065E+001
 0.0909091   0.7218402316E+000   0.9526668954E+000   0.8362776611E+000   0.1021233371E+001
 0.1010101   0.6709917275E+000   0.9662585268E+000   0.8319586951E+000   0.1014721319E+001
 0.1111111   0.6135398637E+000   0.9539391147E+000   0.8249999982E+000   0.1011781202E+001
 0.1212121   0.5644593278E+000   0.9633609897E+000   0.8199628639E+000   0.1003829885E+001
 0.1313131   0.5196477649E+000   0.9627665776E+000   0.8233179315E+000   0.1001423505E+001
 0.1414141   0.4880839243E+000   0.9809822026E+000   0.8357858281E+000   0.1017164194E+001
 0.1515152   0.4552501551E+000   0.9933495225E+000   0.8257249364E+000   0.1010668109E+001
 0.1616162   0.4346638661E+000   0.9978688287E+000   0.8197855655E+000   0.1009997516E+001
 0.1717172   0.4134048579E+000   0.1000824920E+001   0.8189403812E+000   0.1010558624E+001
 0.1818182   0.3962266995E+000   0.9986708414E+000   0.8356596147E+000   0.1014604992E+001
 0.1919192   0.3875293314E+000   0.1003282414E+001   0.8385913878E+000   0.1019730239E+001
 0.2020202   0.3805454783E+000   0.9963056136E+000   0.8372373933E+000   0.1010982877E+001
 0.2121212   0.3830058078E+000   0.9955586062E+000   0.8400911602E+000   0.1002472732E+001
 0.2222222   0.3821079624E+000   0.9954308520E+000   0.8497940640E+000   0.9983830268E+000
 0.2323232   0.3864139109E+000   0.9948612810E+000   0.8571388913E+000   0.1004947540E+001
 0.2424242   0.3950386219E+000   0.1010660222E+001   0.8652829102E+000   0.1012369682E+001
 0.2525253   0.4011292986E+000   0.1008222245E+001   0.8626393342E+000   0.9977512096E+000
 0.2626263   0.4169685336E+000   0.1036441736E+001   0.8640975511E+000   0.1000670798E+001
 0.2727273   0.4271521315E+000   0.1021875979E+001   0.8742867530E+000   0.9977352431E+000
 0.2828283   0.4378616188E+000   0.1009093458E+001   0.8898360062E+000   0.1017499490E+001
 0.2929293   0.4523207785E+000   0.9914420808E+000   0.8940933497E+000   0.9957097784E+000
 0.3030303   0.4719180638E+000   0.1007301350E+001   0.8972919606E+000   0.9912323153E+000
 0.3131313   0.4989985694E+000   0.1034062314E+001   0.9073510959E+000   0.1002014265E+001
 0.3232323   0.5177256507E+000   0.1013337738E+001   0.9233479190E+000   0.1006635427E+001
 0.3333333   0.5388896093E+000   0.1013243696E+001   0.9254780606E+000   0.1008555969E+001
 0.3434343   0.5636322554E+000   0.1016233500E+001   0.9315928576E+000   0.1018478009E+001
 0.3535354   0.5848404555E+000   0.1018142716E+001   0.9416305091E+000   0.9902241448E+000
 0.3636364   0.6201933889E+000   0.1003353389E+001   0.9427759525E+000   0.9961796497E+000
 0.3737374   0.6490623770E+000   0.1017928018E+001   0.9498079073E+000   0.9822135232E+000
 0.3838384   0.6827306031E+000   0.1011980349E+001   0.9634188605E+000   0.9918869418E+000
 0.3939394   0.7088987597E+000   0.9827725363E+000   0.9863700513E+000   0.1023701336E+001
 0.4040404   0.7552002775E+000   0.1015924761E+001   0.9884604578E+000   0.9781671556E+000
 0.4141414   0.7986353197E+000   0.9937860162E+000   0.1011889507E+001   0.1011340983E+001
 0.4242424   0.8543780088E+000   0.1005101138E+001   0.1014754415E+001   0.1002741882E+001
 0.4343434   0.9028610186E+000   0.1020800714E+001   0.1025914411E+001   0.1009632567E+001
 0.4444444   0.9479717595E+000   0.9944655977E+000   0.1039092597E+001   0.1000153028E+001
 0.4545455   0.1003991950E+001   0.9855547397E+000   0.1047293860E+001   0.1003957617E+001
 0.4646465   0.1067764741E+001   0.1012991736E+001   0.1062803196E+001   0.9997949217E+000
 0.4747475   0.1132808537E+001   0.1001827436E+001   0.1064057646E+001   0.9840063331E+000
 0.4848485   0.1211872125E+001   0.1012260698E+001   0.1091709418E+001   0.1016803807E+001
 0.4949495   0.1268719321E+001   0.9837892471E+000   0.1087440660E+001   0.9881211285E+000
 0.5050505   0.1327700623E+001   0.1023116260E+001   0.1093651490E+001   0.9856235116E+000
 0.5151515   0.1320387935E+001   0.1006806302E+001   0.1105431951E+001   0.1016621333E+001
 0.5252525   0.1318467494E+001   0.1004098622E+001   0.1108997305E+001   0.1010132091E+001
 0.5353535   0.1335519486E+001   0.1028796000E+001   0.1090808485E+001   0.9822591417E+000
 0.5454545   0.1323954224E+001   0.9982378965E+000   0.1095172056E+001   0.9896812838E+000
 0.5555556   0.1333699086E+001   0.1015545047E+001   0.1107911198E+001   0.9919736171E+000
 0.5656566   0.1312519332E+001   0.9950156507E+000   0.1090524805E+001   0.9962891343E+000
 0.5757576   0.1316888488E+001   0.1000691842E+001   0.1098095531E+001   0.9921036301E+000
 0.5858586   0.1324070708E+001   0.9992492842E+000   0.1096353529E+001   0.9952855256E+000
 0.5959596   0.1320671344E+001   0.1014629475E+001   0.1103986694E+001   0.9963461575E+000
 0.6060606   0.1326943935E+001   0.1007138108E+001   0.1097436565E+001   0.1003521959E+001
 0.6161616   0.1322195379E+001   0.1000984613E+001   0.1100850218E+001   0.9947517883E+000
 0.6262626   0.1325054416E+001   0.1008802462E+001   0.1085858915E+001   0.9819512164E+000
 0.6363636   0.1325283783E+001   0.1009144914E+001   0.1096741829E+001   0.9867434476E+000
 0.6464646   0.1325535039E+001   0.1019457520E+001   0.1109528937E+001   0.9957713634E+000
 0.6565657   0.1313559331E+001   0.1019056514E+001   0.1096695152E+001   0.1004619086E+001
 0.6666667   0.1321606479E+001   0.1016536917E+001   0.1108866533E+001   0.9768670263E+000
 0.6767677   0.1321780439E+001   0.1017803813E+001   0.1090384152E+001   0.9756969098E+000
 0.6868687   0.1299635619E+001   0.9878844801E+000   0.1097583187E+001   0.9976508487E+000
 0.6969697   0.1315377765E+001   0.1003655031E+001   0.1088831143E+001   0.9866408058E+000
 0.7070707   0.1305894665E+001   0.9998933784E+000   0.1086269972E+001   0.9818029560E+000
 0.7171717   0.1327997506E+001   0.1012885275E+001   0.1103744981E+001   0.9963165054E+000
 0.7272727   0.1309711745E+001   0.1002008421E+001   0.1105362926E+001   0.9969414799E+000
 0.7373737   0.1319326525E+001   0.1008163691E+001   0.1097938907E+001   0.9962321110E+000
 0.7474747   0.1312195722E+001   0.1004077330E+001   0.1090139940E+001   0.9824393351E+000
 0.7575758   0.1320411051E+001   0.1005512791E+001   0.1096187674E+001   0.9843940910E+000
 0.7676768   0.1316772468E+001   0.1012191498E+001   0.1094015975E+001   0.9942020845E+000
 0.7777778   0.1321015241E+001   0.1019894014E+001   0.1095196453E+001   0.9998382593E+000
 0.7878788   0.1319177661E+001   0.1014755455E+001   0.1109484062E+001   0.1013993703E+001
 0.7979798   0.1325842787E+001   0.1006359162E+001   0.1099478461E+001   0.9850213464E+000
 0.8080808   0.1307970506E+001   0.1006002515E+001   0.1085781843E+001   0.9902743252E+000
 0.8181818   0.1308579952E+001   0.1002955931E+001   0.1091471906E+001   0.9914558463E+000
 0.8282828   0.1311473042E+001   0.1008444041E+001   0.1087528585E+001   0.9855687693E+000
 0.8383838   0.1314500683E+001   0.9975583149E+000   0.1092610293E+001   0.9825374150E+000
 0.8484848   0.1309908185E+001   0.9994160744E+000   0.1099887177E+001   0.9972083485E+000
 0.8585859   0.1311263007E+001   0.9980391676E+000   0.1103630861E+001   0.9917044675E+000
 0.8686869   0.1308395065E+001   0.1011102038E+001   0.1096258049E+001   0.9947221362E+000
 0.8787879   0.1322452346E+001   0.1011464009E+001   0.1102708816E+001   0.1004463983E+001
 0.8888889   0.1322748920E+001   0.1006130269E+001   0.1088930282E+001   0.9763173224E+000
 0.8989899   0.1317631888E+001   0.9960483308E+000   0.1099986039E+001   0.9829365776E+000
 0.9090909   0.1318517157E+001   0.1028281435E+001   0.1102409049E+001   0.1016279194E+001
 0.9191919   0.1311801433E+001   0.1009913214E+001   0.1098111236E+001   0.1001690373E+001
 0.9292929   0.1319728340E+001   0.1009506885E+001   0.1099342869E+001   0.9924594550E+000
 0.9393939   0.1314636755E+001   0.1017734613E+001   0.1086978551E+001   0.9904978563E+000
 0.9494949   0.1310711312E+001   0.9992066994E+000   0.1080622658E+001   0.9733794863E+000
 0.9595960   0.1318151856E+001   0.1009526403E+001   0.1101094771E+001   0.9965788122E+000
 0.9696970   0.1320665830E+001   0.1007068908E+001   0.1093658320E+001   0.9819443736E+000
 0.9797980   0.1325440126E+001   0.1011879210E+001   0.1106197948E+001   0.9920671352E+000
 0.9898990   0.1300108143E+001   0.1017473781E+001   0.1085351667E+001   0.9994482205E+000
 1.0000000   0.1318024437E+001   0.1006598702E+001   0.1105191334E+001   0.1002148840E+001


