Compiled using GNU Fortran (Ubuntu 9.4.0-1ubuntu1~20.04.2) 9.4.0 with all optimizations
Last Brick update unknown
Compiled at 18:43:37 on Sep  2 2023
Starting at 16:56:20 on Sep 11 2023

Settings
OK                      

Forcefield
OK                      

Topology
OK                      

Configuration
OK                      Read from ./INPUT/restart.in

 F
Monte Carlo Simulation initialized.

#########################################################################################################################
###########################################   ENERGY STARTING CONFIGURATION   ###########################################
#########################################################################################################################
                                               Box 1               Box 2
-------------------------------------------------------------------------------------------------------------------------
Lennard Jones        
 Intermolecular                         -0.4785948839E+006  -0.6376877030E+005
 Tailcorrection                         -0.1184858278E+005  -0.1445970445E+004
Total Intermolecular                    -0.4904434667E+006  -0.6521474075E+005

Electrostatic        
 Real                                   -0.1391887897E+006  -0.9561690639E+004
 Exclusion                               0.8330120773E+007   0.3054885698E+007
 Selfterm                               -0.8356876284E+007  -0.3057966376E+007
 Fourier                                 0.1292337885E+005   0.3033552015E+004
Total Intermolecular                    -0.1530209226E+006  -0.9608816993E+004

Intramolecular       
 Lennard Jones                           0.0000000000E+000   0.0000000000E+000
 Electrostatic                           0.0000000000E+000   0.0000000000E+000
 Bending                                 0.0000000000E+000   0.0000000000E+000
 Torsion                                 0.0000000000E+000   0.0000000000E+000

Total                                   -0.6434643893E+006  -0.7482355774E+005

#########################################################################################################################

Simulation is running...



#########################################################################################################################
###############################################   RELATIVE ENERGY DRIFTS   ##############################################
#########################################################################################################################
                                               Box 1               Box 2                                                 
-------------------------------------------------------------------------------------------------------------------------

Lennard Jones        
 Intermolecular                          0.5446452977E-014   0.1453731986E-014
 Tailcorrection                          0.0000000000E+000   0.0000000000E+000

Electrostatic        
 Real                                    0.1412569498E-014   0.4203083570E-014
 Exclusion                               0.0000000000E+000   0.3555221403E-015
 Selfterm                                0.0000000000E+000   0.0000000000E+000
 Fourier                                 0.6478406904E-015   0.1820867718E-015

Intramolecular       
 Lennard Jones                           0.0000000000E+000   0.0000000000E+000
 Electrostatic                           0.0000000000E+000   0.0000000000E+000
 Bending                                 0.0000000000E+000   0.0000000000E+000
 Torsion                                 0.0000000000E+000   0.0000000000E+000

Total                                    0.4019060516E-014   0.1254961474E-013

#########################################################################################################################
############################################   TRIAL MOVE ACCEPTANCE RATES   ############################################
#########################################################################################################################
                                               Box 1               Box 2
-------------------------------------------------------------------------------------------------------------------------
Translation
 CO2                                          0.50275             0.51507
 AR                                           0.50386             0.55464
-------------------------------------------------------------------------------------------------------------------------
Rotation
 CO2                                          0.51091             0.69830
 AR                                           0.00000             0.00000
-------------------------------------------------------------------------------------------------------------------------
Lambda Move
 cd                                           0.75121             0.93343
 Ar                                           0.82678             0.96122
-------------------------------------------------------------------------------------------------------------------------
GE Swap Fractional
 cd                                           0.39336             0.35244
 Ar                                           0.48288             0.44460
-------------------------------------------------------------------------------------------------------------------------
GE Identity Change
 cd                                           0.82500             0.76995
 Ar                                           0.98392             0.84375
-------------------------------------------------------------------------------------------------------------------------
Volume                                        0.49789             0.49625

#########################################################################################################################
######################################################   AVERAGES   #####################################################
#########################################################################################################################
                                                       Boltzmann                                    Biased
                                               Box 1               Box 2                  Box 1               Box 2      
-------------------------------------------------------------------------------------------------------------------------
Density
 CO2                                     0.9055373146E+003   0.7251900109E+002      0.9046270890E+003   0.7250479273E+002
 AR                                      0.8731092554E+002   0.9191023898E+002      0.8744713609E+002   0.9203218080E+002
 Total                                   0.9928482401E+003   0.1644292401E+003      0.9920742250E+003   0.1645369735E+003

Number of molecules
 CO2                                     0.4878360130E+003   0.1921639870E+003      0.4882586800E+003   0.1917413200E+003
 AR                                      0.5196285152E+002   0.2680371485E+003      0.5213663000E+002   0.2678633700E+003
 Total                                   0.5397988646E+003   0.4602011354E+003      0.5403953100E+003   0.4596046900E+003

Mole fractions
 CO2                                          0.90374             0.41757                 0.90352             0.41719
 AR                                           0.09626             0.58243                 0.09648             0.58281

Volume                                   0.3940370638E+005   0.1941932144E+006      0.3947692126E+005   0.1938145999E+006

#########################################################################################################################
#######################################   PROPERTIES FROM THE CFC GIBBS ENSEMBLE   ######################################
#########################################################################################################################
                                                       Boltzmann                                    Biased
                                               Box 1               Box 2                  Box 1               Box 2      
Chemical Potentials (as an indication)
=========================================================================================================================

Total cd                                -0.1938561869E+004  -0.1944339126E+004     -0.1938816307E+004  -0.1944388700E+004
 Ideal gas                              -0.1110868845E+004  -0.1749612853E+004     -0.1111123282E+004  -0.1749662427E+004
 Excess                                 -0.8276930242E+003  -0.1947262736E+003     -0.8276930242E+003  -0.1947262736E+003

-------------------------------------------------------------------------------------------------------------------------

Total Ar                                -0.1730586318E+004  -0.1728654188E+004     -0.1730191930E+004  -0.1728318743E+004
 Ideal gas                              -0.1678149141E+004  -0.1665160922E+004     -0.1677754752E+004  -0.1664825477E+004
 Excess                                 -0.5243717760E+002  -0.6349326660E+002     -0.5243717760E+002  -0.6349326660E+002

-------------------------------------------------------------------------------------------------------------------------

#########################################################################################################################
#########################################   PROPERTIES FROM UMBRELLA SAMPLING   #########################################
#########################################################################################################################

Excess Partial Molar Enthalpy
=========================================================================================================================


Partial Molar Volume
=========================================================================================================================


#########################################################################################################################
##################################################   AVERAGE ENERGIES   #################################################
#########################################################################################################################
                                                       Boltzmann                                    Biased
                                               Box 1               Box 2                  Box 1               Box 2      
-------------------------------------------------------------------------------------------------------------------------
Lennard Jones        
 Intermolecular                         -0.5261761172E+006  -0.5926641444E+005     -0.5263006326E+006  -0.5913215141E+005
 Tailcorrection                         -0.1292204226E+005  -0.1338780285E+004     -0.1292776572E+005  -0.1335847982E+004
Total Intermolecular                    -0.5390981594E+006  -0.6060519473E+005     -0.5392283984E+006  -0.6046799939E+005

Electrostatic        
 Real                                   -0.1488463413E+006  -0.7458568804E+004     -0.1487888465E+006  -0.7447552635E+004
 Exclusion                               0.8934928128E+007   0.2609830096E+007      0.8940554178E+007   0.2603730054E+007
 Selfterm                               -0.8963626641E+007  -0.2612461923E+007     -0.8969270569E+007  -0.2606355704E+007
 Fourier                                 0.1399401066E+005   0.2495132984E+004      0.1402411944E+005   0.2489341804E+004
Total Intermolecular                    -0.1635508432E+006  -0.7595262656E+004     -0.1634811186E+006  -0.7583861334E+004

Intramolecular       
 Lennard Jones                           0.0000000000E+000   0.0000000000E+000      0.0000000000E+000   0.0000000000E+000
 Electrostatic                           0.0000000000E+000   0.0000000000E+000      0.0000000000E+000   0.0000000000E+000
 Bending                                 0.0000000000E+000   0.0000000000E+000      0.0000000000E+000   0.0000000000E+000
 Torsion                                 0.0000000000E+000   0.0000000000E+000      0.0000000000E+000   0.0000000000E+000

Total                                   -0.7026490026E+006  -0.6820045738E+005     -0.7027095169E+006  -0.6805186072E+005

#########################################################################################################################

No errors found in bookkeeping.

Total simulation time:  17 hours and   9 minutes

Simulation finished.

