Compiled using GNU Fortran (Ubuntu 9.4.0-1ubuntu1~20.04.2) 9.4.0 with all optimizations
Last Brick update unknown
Compiled at 18:43:37 on Sep  2 2023
Starting at 16:56:21 on Sep 11 2023

Settings
OK                      

Forcefield
OK                      

Topology
OK                      

Configuration
OK                      Read from ./INPUT/restart.in

 F
Monte Carlo Simulation initialized.

#########################################################################################################################
###########################################   ENERGY STARTING CONFIGURATION   ###########################################
#########################################################################################################################
                                               Box 1               Box 2
-------------------------------------------------------------------------------------------------------------------------
Lennard Jones        
 Intermolecular                         -0.4531918727E+006  -0.8222469845E+005
 Tailcorrection                         -0.1123668440E+005  -0.2000990985E+004
Total Intermolecular                    -0.4644285571E+006  -0.8422568944E+005

Electrostatic        
 Real                                   -0.1234893639E+006  -0.9225069843E+004
 Exclusion                               0.7725958167E+007   0.3026781232E+007
 Selfterm                               -0.7750773169E+007  -0.3029833382E+007
 Fourier                                 0.1228334967E+005   0.2970068650E+004
Total Intermolecular                    -0.1360210163E+006  -0.9307151899E+004

Intramolecular       
 Lennard Jones                           0.0000000000E+000   0.0000000000E+000
 Electrostatic                           0.0000000000E+000   0.0000000000E+000
 Bending                                 0.0000000000E+000   0.0000000000E+000
 Torsion                                 0.0000000000E+000   0.0000000000E+000

Total                                   -0.6004495734E+006  -0.9353284134E+005

#########################################################################################################################

Simulation is running...



#########################################################################################################################
###############################################   RELATIVE ENERGY DRIFTS   ##############################################
#########################################################################################################################
                                               Box 1               Box 2                                                 
-------------------------------------------------------------------------------------------------------------------------

Lennard Jones        
 Intermolecular                          0.1538749656E-014   0.3907751854E-015
 Tailcorrection                          0.0000000000E+000   0.0000000000E+000

Electrostatic        
 Real                                    0.1291947161E-013   0.6037559324E-015
 Exclusion                               0.0000000000E+000   0.0000000000E+000
 Selfterm                                0.0000000000E+000   0.0000000000E+000
 Fourier                                 0.1476558005E-015   0.1578843920E-015

Intramolecular       
 Lennard Jones                           0.0000000000E+000   0.0000000000E+000
 Electrostatic                           0.0000000000E+000   0.0000000000E+000
 Bending                                 0.0000000000E+000   0.0000000000E+000
 Torsion                                 0.0000000000E+000   0.0000000000E+000

Total                                    0.3267980683E-014   0.3399808616E-015

#########################################################################################################################
############################################   TRIAL MOVE ACCEPTANCE RATES   ############################################
#########################################################################################################################
                                               Box 1               Box 2
-------------------------------------------------------------------------------------------------------------------------
Translation
 CO2                                          0.51277             0.49336
 AR                                           0.50114             0.51320
-------------------------------------------------------------------------------------------------------------------------
Rotation
 CO2                                          0.51179             0.67273
 AR                                           0.00000             0.00000
-------------------------------------------------------------------------------------------------------------------------
Lambda Move
 cd                                           0.75508             0.92736
 Ar                                           0.83507             0.95818
-------------------------------------------------------------------------------------------------------------------------
GE Swap Fractional
 cd                                           0.31839             0.40311
 Ar                                           0.40307             0.50143
-------------------------------------------------------------------------------------------------------------------------
GE Identity Change
 cd                                           0.64969             0.88575
 Ar                                           0.76991             0.98574
-------------------------------------------------------------------------------------------------------------------------
Volume                                        0.50044             0.50955

#########################################################################################################################
######################################################   AVERAGES   #####################################################
#########################################################################################################################
                                                       Boltzmann                                    Biased
                                               Box 1               Box 2                  Box 1               Box 2      
-------------------------------------------------------------------------------------------------------------------------
Density
 CO2                                     0.8646635324E+003   0.7841743661E+002      0.8626174090E+003   0.7833454856E+002
 AR                                      0.1127054619E+003   0.1151582179E+003      0.1133213045E+003   0.1153477484E+003
 Total                                   0.9773689943E+003   0.1935756545E+003      0.9759387134E+003   0.1936822969E+003

Number of molecules
 CO2                                     0.4669534506E+003   0.1780465494E+003      0.4678378500E+003   0.1771621500E+003
 AR                                      0.6742195261E+002   0.2875780474E+003      0.6808065000E+002   0.2869193500E+003
 Total                                   0.5343754032E+003   0.4656245968E+003      0.5359185000E+003   0.4640815000E+003

Mole fractions
 CO2                                          0.87383             0.38238                 0.87296             0.38175
 AR                                           0.12617             0.61762                 0.12704             0.61825

Volume                                   0.3952202391E+005   0.1663248488E+006      0.3969121283E+005   0.1656746743E+006

#########################################################################################################################
#######################################   PROPERTIES FROM THE CFC GIBBS ENSEMBLE   ######################################
#########################################################################################################################
                                                       Boltzmann                                    Biased
                                               Box 1               Box 2                  Box 1               Box 2      
Chemical Potentials (as an indication)
=========================================================================================================================

Total cd                                -0.1943996507E+004  -0.1940686612E+004     -0.1944595911E+004  -0.1940954177E+004
 Ideal gas                              -0.1122554417E+004  -0.1729828835E+004     -0.1123153821E+004  -0.1730096400E+004
 Excess                                 -0.8214420902E+003  -0.2108577766E+003     -0.8214420902E+003  -0.2108577766E+003

-------------------------------------------------------------------------------------------------------------------------

Total Ar                                -0.1686812818E+004  -0.1685755062E+004     -0.1685434145E+004  -0.1685339011E+004
 Ideal gas                              -0.1613557664E+004  -0.1608110800E+004     -0.1612178990E+004  -0.1607694748E+004
 Excess                                 -0.7325515427E+002  -0.7764426256E+002     -0.7325515427E+002  -0.7764426256E+002

-------------------------------------------------------------------------------------------------------------------------

#########################################################################################################################
#########################################   PROPERTIES FROM UMBRELLA SAMPLING   #########################################
#########################################################################################################################

Excess Partial Molar Enthalpy
=========================================================================================================================


Partial Molar Volume
=========================================================================================================================


#########################################################################################################################
##################################################   AVERAGE ENERGIES   #################################################
#########################################################################################################################
                                                       Boltzmann                                    Biased
                                               Box 1               Box 2                  Box 1               Box 2      
-------------------------------------------------------------------------------------------------------------------------
Lennard Jones        
 Intermolecular                         -0.5022941886E+006  -0.6683309999E+005     -0.5029151091E+006  -0.6653638611E+005
 Tailcorrection                         -0.1237825795E+005  -0.1555124822E+004     -0.1239629043E+005  -0.1547301427E+004
Total Intermolecular                    -0.5146724465E+006  -0.6838822482E+005     -0.5153113995E+006  -0.6808368754E+005

Electrostatic        
 Real                                   -0.1363965164E+006  -0.7418861319E+004     -0.1362853469E+006  -0.7381072139E+004
 Exclusion                               0.8552828618E+007   0.2418164938E+007      0.8566970966E+007   0.2405602816E+007
 Selfterm                               -0.8580299891E+007  -0.2420603488E+007     -0.8594487492E+007  -0.2408028660E+007
 Fourier                                 0.1396744950E+005   0.2342372489E+004      0.1401706059E+005   0.2332055821E+004
Total Intermolecular                    -0.1499003396E+006  -0.7515039467E+004     -0.1497848124E+006  -0.7474859906E+004

Intramolecular       
 Lennard Jones                           0.0000000000E+000   0.0000000000E+000      0.0000000000E+000   0.0000000000E+000
 Electrostatic                           0.0000000000E+000   0.0000000000E+000      0.0000000000E+000   0.0000000000E+000
 Bending                                 0.0000000000E+000   0.0000000000E+000      0.0000000000E+000   0.0000000000E+000
 Torsion                                 0.0000000000E+000   0.0000000000E+000      0.0000000000E+000   0.0000000000E+000

Total                                   -0.6645727861E+006  -0.7590326428E+005     -0.6650962119E+006  -0.7555854744E+005

#########################################################################################################################

No errors found in bookkeeping.

Total simulation time:  16 hours and  17 minutes

Simulation finished.

