 0.0000000   0.1502311777E+000   0.1031648222E+001   0.5204186620E+000   0.9805358893E+000
 0.0101010   0.1509939474E+000   0.1008277756E+001   0.5246392281E+000   0.9835290612E+000
 0.0202020   0.1495907917E+000   0.1029434869E+001   0.5229491325E+000   0.9741336113E+000
 0.0303030   0.1443461359E+000   0.1029438972E+001   0.5218101146E+000   0.1001521134E+001
 0.0404040   0.1391064414E+000   0.1027543570E+001   0.5197167130E+000   0.9834299367E+000
 0.0505051   0.1312839227E+000   0.1013055235E+001   0.5185506334E+000   0.9779469900E+000
 0.0606061   0.1257605221E+000   0.1053781754E+001   0.5183382384E+000   0.9990682878E+000
 0.0707071   0.1151523769E+000   0.9899719511E+000   0.5120141696E+000   0.9607051540E+000
 0.0808081   0.1069733330E+000   0.1014493197E+001   0.5055966046E+000   0.9663358156E+000
 0.0909091   0.9915657569E-001   0.1013081902E+001   0.5065647190E+000   0.9659432047E+000
 0.1010101   0.9434694613E-001   0.1058579746E+001   0.5120852922E+000   0.9947573429E+000
 0.1111111   0.8765065161E-001   0.9960602108E+000   0.5099202466E+000   0.9685981870E+000
 0.1212121   0.8402403545E-001   0.1015313717E+001   0.5137459158E+000   0.9560326961E+000
 0.1313131   0.8145763918E-001   0.1048091446E+001   0.5207461692E+000   0.1011013765E+001
 0.1414141   0.7981268946E-001   0.1040961126E+001   0.5219750514E+000   0.9707536595E+000
 0.1515152   0.7906799854E-001   0.1060327454E+001   0.5251449921E+000   0.9576420119E+000
 0.1616162   0.7780377774E-001   0.1028126139E+001   0.5330768532E+000   0.9770315459E+000
 0.1717172   0.7758290088E-001   0.1062850553E+001   0.5347637574E+000   0.9945377140E+000
 0.1818182   0.7953752458E-001   0.1048243243E+001   0.5522597541E+000   0.1020104066E+001
 0.1919192   0.8209201267E-001   0.1052546871E+001   0.5563410854E+000   0.9993870412E+000
 0.2020202   0.8439824867E-001   0.1014298323E+001   0.5626065414E+000   0.9753716961E+000
 0.2121212   0.8758034055E-001   0.1002626424E+001   0.5762505644E+000   0.9774571983E+000
 0.2222222   0.9330270753E-001   0.1031992841E+001   0.5891345757E+000   0.9816593006E+000
 0.2323232   0.9795024041E-001   0.1003668484E+001   0.5947162391E+000   0.9705126508E+000
 0.2424242   0.1022873147E+000   0.1011457272E+001   0.6108640356E+000   0.1015161446E+001
 0.2525253   0.1101094725E+000   0.1021116846E+001   0.6239525739E+000   0.1003490019E+001
 0.2626263   0.1178957293E+000   0.1004564902E+001   0.6390764977E+000   0.1016434515E+001
 0.2727273   0.1278245314E+000   0.1012343434E+001   0.6484705630E+000   0.9866233012E+000
 0.2828283   0.1380298723E+000   0.1019541447E+001   0.6667397930E+000   0.9698343281E+000
 0.2929293   0.1487467546E+000   0.9925688975E+000   0.6850507693E+000   0.1007723219E+001
 0.3030303   0.1612692455E+000   0.1010757778E+001   0.6988374689E+000   0.9867165948E+000
 0.3131313   0.1754385927E+000   0.1015243973E+001   0.7144224735E+000   0.9888973343E+000
 0.3232323   0.1917755938E+000   0.9934694184E+000   0.7321075047E+000   0.9650841255E+000
 0.3333333   0.2063205622E+000   0.1016839884E+001   0.7546604178E+000   0.9963452789E+000
 0.3434343   0.2296350993E+000   0.1023045068E+001   0.7753847817E+000   0.1013857278E+001
 0.3535354   0.2491293100E+000   0.9900560545E+000   0.7972089593E+000   0.1011161480E+001
 0.3636364   0.2759851123E+000   0.1010033669E+001   0.8171582158E+000   0.1019101159E+001
 0.3737374   0.3012710685E+000   0.9944642991E+000   0.8405919130E+000   0.9930683388E+000
 0.3838384   0.3262940679E+000   0.9884888609E+000   0.8629971361E+000   0.9854474122E+000
 0.3939394   0.3642452146E+000   0.1012121893E+001   0.8833314974E+000   0.1001624146E+001
 0.4040404   0.4024498521E+000   0.9977566363E+000   0.9131452095E+000   0.1002055629E+001
 0.4141414   0.4450124808E+000   0.9947596864E+000   0.9383220374E+000   0.9898263838E+000
 0.4242424   0.4939053784E+000   0.1013481905E+001   0.9686003822E+000   0.9748099904E+000
 0.4343434   0.5427772536E+000   0.9653912180E+000   0.9958385475E+000   0.1013690127E+001
 0.4444444   0.6070819230E+000   0.1009330073E+001   0.1017115579E+001   0.9940576404E+000
 0.4545455   0.6715115757E+000   0.9799862206E+000   0.1054801680E+001   0.9986601280E+000
 0.4646465   0.7442585250E+000   0.9915145291E+000   0.1088996486E+001   0.1007692121E+001
 0.4747475   0.8288069154E+000   0.1018160922E+001   0.1132518210E+001   0.1012453986E+001
 0.4848485   0.9243379240E+000   0.9847739558E+000   0.1168043311E+001   0.1002739782E+001
 0.4949495   0.1014835730E+001   0.9836888179E+000   0.1203416810E+001   0.1023866911E+001
 0.5050505   0.1084535401E+001   0.9909627292E+000   0.1208009172E+001   0.1013991387E+001
 0.5151515   0.1087674750E+001   0.9826365008E+000   0.1214604879E+001   0.1004040063E+001
 0.5252525   0.1077997319E+001   0.9635819710E+000   0.1218988387E+001   0.1001336490E+001
 0.5353535   0.1072115506E+001   0.9799492972E+000   0.1205897366E+001   0.9737740420E+000
 0.5454545   0.1095529288E+001   0.9700681830E+000   0.1218903359E+001   0.1016661919E+001
 0.5555556   0.1104370101E+001   0.9951166126E+000   0.1229550340E+001   0.1010481213E+001
 0.5656566   0.1109491860E+001   0.9828395795E+000   0.1220511416E+001   0.1007322834E+001
 0.5757576   0.1106359578E+001   0.9710856280E+000   0.1226083184E+001   0.1011748452E+001
 0.5858586   0.1134929078E+001   0.9985238227E+000   0.1225512204E+001   0.1025198289E+001
 0.5959596   0.1134596082E+001   0.9723492291E+000   0.1218542740E+001   0.9734241907E+000
 0.6060606   0.1146589141E+001   0.1008511605E+001   0.1216515452E+001   0.1004417125E+001
 0.6161616   0.1156087870E+001   0.9754548979E+000   0.1230565819E+001   0.9999973372E+000
 0.6262626   0.1175653839E+001   0.9783985141E+000   0.1234834608E+001   0.1013165350E+001
 0.6363636   0.1188077855E+001   0.9798467322E+000   0.1227430124E+001   0.1010242148E+001
 0.6464646   0.1195735281E+001   0.9573624280E+000   0.1248393111E+001   0.1001344265E+001
 0.6565657   0.1227182975E+001   0.9964068806E+000   0.1232749690E+001   0.1015785347E+001
 0.6666667   0.1245965354E+001   0.9719040969E+000   0.1241034393E+001   0.1015843656E+001
 0.6767677   0.1273438069E+001   0.9792477524E+000   0.1241794232E+001   0.1020842641E+001
 0.6868687   0.1303147423E+001   0.1020835818E+001   0.1251882173E+001   0.1022523871E+001
 0.6969697   0.1306640027E+001   0.9774385054E+000   0.1246162240E+001   0.1005797094E+001
 0.7070707   0.1338759632E+001   0.9907411888E+000   0.1266512631E+001   0.1017243061E+001
 0.7171717   0.1364349416E+001   0.9900047719E+000   0.1252334191E+001   0.1002545421E+001
 0.7272727   0.1402162886E+001   0.9870550019E+000   0.1275770557E+001   0.1021905800E+001
 0.7373737   0.1438732037E+001   0.9952232803E+000   0.1267882231E+001   0.1016107988E+001
 0.7474747   0.1466228364E+001   0.1002745399E+001   0.1285824488E+001   0.1025618111E+001
 0.7575758   0.1505986097E+001   0.9855103727E+000   0.1277728369E+001   0.9854435250E+000
 0.7676768   0.1547639829E+001   0.1013139338E+001   0.1281828565E+001   0.1023105013E+001
 0.7777778   0.1570703807E+001   0.9702179279E+000   0.1284780970E+001   0.1008405429E+001
 0.7878788   0.1618248006E+001   0.1000513584E+001   0.1283554148E+001   0.1000261669E+001
 0.7979798   0.1667478168E+001   0.9747513019E+000   0.1298717375E+001   0.9998476787E+000
 0.8080808   0.1733838467E+001   0.9861565323E+000   0.1310235267E+001   0.1003017720E+001
 0.8181818   0.1775934479E+001   0.9749195085E+000   0.1313046119E+001   0.9908428960E+000
 0.8282828   0.1821766249E+001   0.9704230579E+000   0.1320381087E+001   0.1006401559E+001
 0.8383838   0.1879983597E+001   0.1003539252E+001   0.1336154247E+001   0.1036889152E+001
 0.8484848   0.1966283505E+001   0.9880621904E+000   0.1345265883E+001   0.1019851396E+001
 0.8585859   0.2029869750E+001   0.1020437865E+001   0.1341287760E+001   0.1024160397E+001
 0.8686869   0.2090422884E+001   0.9929135160E+000   0.1341620187E+001   0.1007670741E+001
 0.8787879   0.2165123823E+001   0.9750446378E+000   0.1370696678E+001   0.1012312101E+001
 0.8888889   0.2234328633E+001   0.9848231870E+000   0.1361467169E+001   0.9972082453E+000
 0.8989899   0.2348239598E+001   0.1001547440E+001   0.1383849909E+001   0.1023149716E+001
 0.9090909   0.2405252206E+001   0.9968048329E+000   0.1373832127E+001   0.1009044879E+001
 0.9191919   0.2531555047E+001   0.9997853724E+000   0.1395586176E+001   0.1020827092E+001
 0.9292929   0.2639125216E+001   0.9879083429E+000   0.1407111126E+001   0.1016694960E+001
 0.9393939   0.2726631577E+001   0.9757338748E+000   0.1399851318E+001   0.9852491632E+000
 0.9494949   0.2835225776E+001   0.9521234067E+000   0.1410746689E+001   0.9819488997E+000
 0.9595960   0.2960814176E+001   0.9878139831E+000   0.1425007876E+001   0.1018376190E+001
 0.9696970   0.3097304525E+001   0.9696066404E+000   0.1444031404E+001   0.1027596714E+001
 0.9797980   0.3302683998E+001   0.9795944222E+000   0.1455711169E+001   0.1015723151E+001
 0.9898990   0.3409060310E+001   0.9879883436E+000   0.1448083845E+001   0.1012920454E+001
 1.0000000   0.3499713108E+001   0.9729789783E+000   0.1478117446E+001   0.1013262531E+001


 0.0000000   0.9376253126E+000   0.9800637864E+000   0.7977464240E+000   0.9569242320E+000
 0.0101010   0.9427511653E+000   0.1007485769E+001   0.8112198224E+000   0.1012541307E+001
 0.0202020   0.9297296575E+000   0.9925518560E+000   0.8035674676E+000   0.9831341283E+000
 0.0303030   0.9110496985E+000   0.9762971873E+000   0.7928683829E+000   0.9442015889E+000
 0.0404040   0.8851998252E+000   0.9559192339E+000   0.7894493826E+000   0.9296309751E+000
 0.0505051   0.8479442715E+000   0.9652949676E+000   0.7876018711E+000   0.9576438651E+000
 0.0606061   0.8184711798E+000   0.1010212885E+001   0.7910998600E+000   0.9828583993E+000
 0.0707071   0.7735678350E+000   0.9982690154E+000   0.7906977626E+000   0.9826706689E+000
 0.0808081   0.7242876805E+000   0.9753779577E+000   0.7739270663E+000   0.9875262365E+000
 0.0909091   0.6777458881E+000   0.1008272516E+001   0.7722190903E+000   0.9799251124E+000
 0.1010101   0.6437987182E+000   0.1038203526E+001   0.7773312436E+000   0.9962869868E+000
 0.1111111   0.5909264703E+000   0.9631854275E+000   0.7644586941E+000   0.9440725243E+000
 0.1212121   0.5479358844E+000   0.9609107930E+000   0.7623697919E+000   0.9565526823E+000
 0.1313131   0.5123327987E+000   0.1020169506E+001   0.7604485811E+000   0.1002988570E+001
 0.1414141   0.4842869300E+000   0.1036717676E+001   0.7595296609E+000   0.1029571971E+001
 0.1515152   0.4620550491E+000   0.1036974490E+001   0.7596916310E+000   0.1003802068E+001
 0.1616162   0.4384285002E+000   0.9918853636E+000   0.7621228264E+000   0.1028406478E+001
 0.1717172   0.4255145856E+000   0.1010545112E+001   0.7650785096E+000   0.9972901709E+000
 0.1818182   0.4119369997E+000   0.9907990015E+000   0.7639956109E+000   0.9979961153E+000
 0.1919192   0.4137407109E+000   0.1020055367E+001   0.7723172472E+000   0.9835252332E+000
 0.2020202   0.4043626929E+000   0.1021922361E+001   0.7692281035E+000   0.1002650264E+001
 0.2121212   0.3994543269E+000   0.9529495722E+000   0.7887201268E+000   0.9979609158E+000
 0.2222222   0.4072852484E+000   0.9668276963E+000   0.7851933722E+000   0.1006191719E+001
 0.2323232   0.4123121881E+000   0.9931551641E+000   0.7943989732E+000   0.1003209544E+001
 0.2424242   0.4177235388E+000   0.9711221899E+000   0.8034417236E+000   0.1004204906E+001
 0.2525253   0.4324015664E+000   0.9983485053E+000   0.8140782006E+000   0.1029442906E+001
 0.2626263   0.4340397658E+000   0.9874135463E+000   0.8113748343E+000   0.9969851091E+000
 0.2727273   0.4497678816E+000   0.1003109747E+001   0.8267312016E+000   0.1003553716E+001
 0.2828283   0.4618733997E+000   0.9913472781E+000   0.8421522535E+000   0.9806173681E+000
 0.2929293   0.4818266259E+000   0.1014146617E+001   0.8562515835E+000   0.1013403694E+001
 0.3030303   0.4954120619E+000   0.9983485053E+000   0.8547448992E+000   0.9805919463E+000
 0.3131313   0.5164329045E+000   0.9891562099E+000   0.8738598504E+000   0.1018681655E+001
 0.3232323   0.5422792119E+000   0.9930593686E+000   0.8725558265E+000   0.1001122999E+001
 0.3333333   0.5612738852E+000   0.1037398436E+001   0.8964761318E+000   0.1014328657E+001
 0.3434343   0.5784801596E+000   0.9747073890E+000   0.9043173760E+000   0.1004709431E+001
 0.3535354   0.6175319117E+000   0.1001697273E+001   0.9147173438E+000   0.1026863569E+001
 0.3636364   0.6321730075E+000   0.9910619296E+000   0.9217474084E+000   0.9934397429E+000
 0.3737374   0.6783844502E+000   0.1007277873E+001   0.9447192986E+000   0.9989191229E+000
 0.3838384   0.7096000625E+000   0.1001214219E+001   0.9490452911E+000   0.1003811845E+001
 0.3939394   0.7393876002E+000   0.9634768906E+000   0.9808517822E+000   0.1028877760E+001
 0.4040404   0.7832911616E+000   0.9933977102E+000   0.9858946630E+000   0.1024917823E+001
 0.4141414   0.8321149033E+000   0.1004805532E+001   0.9993213568E+000   0.1056937582E+001
 0.4242424   0.8763676135E+000   0.1002070264E+001   0.1014071212E+001   0.1034097055E+001
 0.4343434   0.9153816274E+000   0.1037267991E+001   0.1028170905E+001   0.9942043531E+000
 0.4444444   0.9661474510E+000   0.9690574903E+000   0.1041684753E+001   0.1005871013E+001
 0.4545455   0.1036493179E+001   0.1023522350E+001   0.1061731131E+001   0.1019860836E+001
 0.4646465   0.1084817531E+001   0.1012697454E+001   0.1066282679E+001   0.1003540028E+001
 0.4747475   0.1152875421E+001   0.1002349498E+001   0.1095718022E+001   0.1009619754E+001
 0.4848485   0.1210432368E+001   0.9397257113E+000   0.1115948846E+001   0.1040000784E+001
 0.4949495   0.1292704715E+001   0.9878701038E+000   0.1114614490E+001   0.1021081083E+001
 0.5050505   0.1305819715E+001   0.9768250818E+000   0.1139919009E+001   0.1001979519E+001
 0.5151515   0.1314649547E+001   0.9977227770E+000   0.1131530662E+001   0.9971591507E+000
 0.5252525   0.1331867683E+001   0.1018991425E+001   0.1131534634E+001   0.1041604314E+001
 0.5353535   0.1338327440E+001   0.1004055474E+001   0.1127121378E+001   0.9472561184E+000
 0.5454545   0.1338963090E+001   0.1023145283E+001   0.1133466542E+001   0.1000866825E+001
 0.5555556   0.1328689632E+001   0.9970195969E+000   0.1116327710E+001   0.1003629982E+001
 0.5656566   0.1323389150E+001   0.1021043895E+001   0.1137049302E+001   0.9862707897E+000
 0.5757576   0.1320416715E+001   0.9801534673E+000   0.1135901431E+001   0.9869122018E+000
 0.5858586   0.1327047029E+001   0.1006639915E+001   0.1137722230E+001   0.1029352952E+001
 0.5959596   0.1315841638E+001   0.9561128632E+000   0.1132080577E+001   0.9949924295E+000
 0.6060606   0.1322242252E+001   0.9762747670E+000   0.1137641454E+001   0.9954226449E+000
 0.6161616   0.1306409969E+001   0.9853162354E+000   0.1142845954E+001   0.9892920753E+000
 0.6262626   0.1319472910E+001   0.1009680914E+001   0.1137699254E+001   0.9901407729E+000
 0.6363636   0.1312041752E+001   0.1022272932E+001   0.1124908558E+001   0.9868320253E+000
 0.6464646   0.1323303342E+001   0.1002820323E+001   0.1138849086E+001   0.1023777752E+001
 0.6565657   0.1337197962E+001   0.9967872418E+000   0.1138638639E+001   0.1000780782E+001
 0.6666667   0.1322727152E+001   0.1027784233E+001   0.1146287866E+001   0.9972745267E+000
 0.6767677   0.1315946771E+001   0.1047889067E+001   0.1127704694E+001   0.9535020639E+000
 0.6868687   0.1322425908E+001   0.1030615297E+001   0.1143097409E+001   0.1014113549E+001
 0.6969697   0.1312920945E+001   0.9824729423E+000   0.1130366613E+001   0.9896127813E+000
 0.7070707   0.1322684528E+001   0.1002596120E+001   0.1132695518E+001   0.9882439141E+000
 0.7171717   0.1325936956E+001   0.9902527631E+000   0.1139277261E+001   0.9741660924E+000
 0.7272727   0.1317925003E+001   0.1019064800E+001   0.1121872723E+001   0.9974974565E+000
 0.7373737   0.1314423804E+001   0.1019364416E+001   0.1137061221E+001   0.1027123654E+001
 0.7474747   0.1313281040E+001   0.1001416001E+001   0.1128053392E+001   0.9934397429E+000
 0.7575758   0.1333259590E+001   0.1033517698E+001   0.1144141855E+001   0.1026102870E+001
 0.7676768   0.1317241099E+001   0.1004779036E+001   0.1136788579E+001   0.1011080530E+001
 0.7777778   0.1320472820E+001   0.9896209201E+000   0.1138320611E+001   0.1001772233E+001
 0.7878788   0.1314895582E+001   0.1018958814E+001   0.1132806666E+001   0.1006727533E+001
 0.7979798   0.1334204751E+001   0.1022026309E+001   0.1140082166E+001   0.1007765916E+001
 0.8080808   0.1309618326E+001   0.9826849154E+000   0.1136688815E+001   0.9946619458E+000
 0.8181818   0.1329418174E+001   0.1007257490E+001   0.1142671280E+001   0.1007936047E+001
 0.8282828   0.1330922868E+001   0.1034834377E+001   0.1140123969E+001   0.1018065664E+001
 0.8383838   0.1328844042E+001   0.1018640854E+001   0.1124874931E+001   0.9960973009E+000
 0.8484848   0.1329280872E+001   0.1020893068E+001   0.1140595413E+001   0.1006252340E+001
 0.8585859   0.1328710258E+001   0.9840729316E+000   0.1135791645E+001   0.1009725352E+001
 0.8686869   0.1317373011E+001   0.1008197102E+001   0.1129716993E+001   0.1010004992E+001
 0.8787879   0.1327239555E+001   0.1005533171E+001   0.1141570958E+001   0.1014739317E+001
 0.8888889   0.1321799573E+001   0.9960718326E+000   0.1131174167E+001   0.9842937544E+000
 0.8989899   0.1324699343E+001   0.9973069836E+000   0.1127899002E+001   0.9848041463E+000
 0.9090909   0.1338367182E+001   0.1009566774E+001   0.1141438769E+001   0.1027710312E+001
 0.9191919   0.1315205648E+001   0.1012206247E+001   0.1132956114E+001   0.1008557904E+001
 0.9292929   0.1311486240E+001   0.9898695809E+000   0.1134119859E+001   0.9953014024E+000
 0.9393939   0.1315430917E+001   0.1005359924E+001   0.1134945608E+001   0.1019944923E+001
 0.9494949   0.1318924309E+001   0.9914573410E+000   0.1128821487E+001   0.9913531982E+000
 0.9595960   0.1315758952E+001   0.1005021582E+001   0.1122501742E+001   0.9846965924E+000
 0.9696970   0.1318025779E+001   0.9843684711E+000   0.1131080988E+001   0.9832279935E+000
 0.9797980   0.1321103505E+001   0.1002106952E+001   0.1135617219E+001   0.1007329834E+001
 0.9898990   0.1320970994E+001   0.1008633277E+001   0.1133239081E+001   0.1013030188E+001
 1.0000000   0.1320837056E+001   0.1001000207E+001   0.1126594401E+001   0.1000327101E+001


