#   100 bins for weightfunction of cd                      
 0.0000000    0.3222082520E+001    0.1832945251E+001
 0.0101010    0.3255119324E+001    0.1866235352E+001
 0.0202020    0.3252444458E+001    0.1842997742E+001
 0.0303030    0.3281716919E+001    0.1843174744E+001
 0.0404040    0.3319451904E+001    0.1846955872E+001
 0.0505051    0.3381887817E+001    0.1854367065E+001
 0.0606061    0.3447434998E+001    0.1869950867E+001
 0.0707071    0.3517686462E+001    0.1852523804E+001
 0.0808081    0.3569667053E+001    0.1844383240E+001
 0.0909091    0.3657893372E+001    0.1845658875E+001
 0.1010101    0.3756126404E+001    0.1853646851E+001
 0.1111111    0.3814845276E+001    0.1861978149E+001
 0.1212121    0.3855577087E+001    0.1845637512E+001
 0.1313131    0.3895826721E+001    0.1845831299E+001
 0.1414141    0.3930331421E+001    0.1840507507E+001
 0.1515152    0.3970153809E+001    0.1832467651E+001
 0.1616162    0.3959666443E+001    0.1814369202E+001
 0.1717172    0.3960804749E+001    0.1800979614E+001
 0.1818182    0.3942088318E+001    0.1788429260E+001
 0.1919192    0.3913670349E+001    0.1753753662E+001
 0.2020202    0.3852066040E+001    0.1750184631E+001
 0.2121212    0.3848992920E+001    0.1745245361E+001
 0.2222222    0.3777442932E+001    0.1726054382E+001
 0.2323232    0.3745515442E+001    0.1709700012E+001
 0.2424242    0.3680853271E+001    0.1685426331E+001
 0.2525253    0.3600942993E+001    0.1664328003E+001
 0.2626263    0.3554855347E+001    0.1649867249E+001
 0.2727273    0.3460415649E+001    0.1621463013E+001
 0.2828283    0.3374737549E+001    0.1607888794E+001
 0.2929293    0.3301600647E+001    0.1582408142E+001
 0.3030303    0.3231300354E+001    0.1573164368E+001
 0.3131313    0.3121125793E+001    0.1551301575E+001
 0.3232323    0.3056921387E+001    0.1518574524E+001
 0.3333333    0.2963522339E+001    0.1509745789E+001
 0.3434343    0.2886842346E+001    0.1476991272E+001
 0.3535354    0.2772068787E+001    0.1461410522E+001
 0.3636364    0.2685240173E+001    0.1407563782E+001
 0.3737374    0.2594169617E+001    0.1408380127E+001
 0.3838384    0.2482714844E+001    0.1380601501E+001
 0.3939394    0.2386785889E+001    0.1352742004E+001
 0.4040404    0.2284350586E+001    0.1320278931E+001
 0.4141414    0.2171186829E+001    0.1303958130E+001
 0.4242424    0.2064013672E+001    0.1285993958E+001
 0.4343434    0.1959422302E+001    0.1263636780E+001
 0.4444444    0.1866336060E+001    0.1212460327E+001
 0.4545455    0.1776408386E+001    0.1201715088E+001
 0.4646465    0.1654101562E+001    0.1178781128E+001
 0.4747475    0.1541729736E+001    0.1140927124E+001
 0.4848485    0.1433503723E+001    0.1099966431E+001
 0.4949495    0.1301702881E+001    0.1100788879E+001
 0.5050505    0.1274966431E+001    0.1082371521E+001
 0.5151515    0.1280874634E+001    0.1081237793E+001
 0.5252525    0.1253375244E+001    0.1093595886E+001
 0.5353535    0.1265676880E+001    0.1067588806E+001
 0.5454545    0.1235375977E+001    0.1063464355E+001
 0.5555556    0.1247714233E+001    0.1065316772E+001
 0.5656566    0.1240628052E+001    0.1065267944E+001
 0.5757576    0.1235757446E+001    0.1081922913E+001
 0.5858586    0.1226983643E+001    0.1089700317E+001
 0.5959596    0.1218229675E+001    0.1083105469E+001
 0.6060606    0.1201673889E+001    0.1058638000E+001
 0.6161616    0.1196475220E+001    0.1075746155E+001
 0.6262626    0.1185787964E+001    0.1070562744E+001
 0.6363636    0.1169784546E+001    0.1078298950E+001
 0.6464646    0.1154586792E+001    0.1062242126E+001
 0.6565657    0.1122251892E+001    0.1083387756E+001
 0.6666667    0.1109423828E+001    0.1060621643E+001
 0.6767677    0.1109675598E+001    0.1039132690E+001
 0.6868687    0.1081738281E+001    0.1062666321E+001
 0.6969697    0.1044914246E+001    0.1047282410E+001
 0.7070707    0.1020170593E+001    0.1042408752E+001
 0.7171717    0.1018814087E+001    0.1058410645E+001
 0.7272727    0.9863754272E+000    0.1054570007E+001
 0.7373737    0.9507003784E+000    0.1048443604E+001
 0.7474747    0.9391983032E+000    0.1050126648E+001
 0.7575758    0.9058959961E+000    0.1041357422E+001
 0.7676768    0.8748992920E+000    0.1032743835E+001
 0.7777778    0.8523742676E+000    0.1037347412E+001
 0.7878788    0.8226760864E+000    0.1023468018E+001
 0.7979798    0.7948532104E+000    0.1020768738E+001
 0.8080808    0.7564712524E+000    0.1009242249E+001
 0.8181818    0.7317581177E+000    0.1014138794E+001
 0.8282828    0.6896530151E+000    0.1000326538E+001
 0.8383838    0.6578094482E+000    0.1010449219E+001
 0.8484848    0.6146789551E+000    0.1001951599E+001
 0.8585859    0.5927337646E+000    0.1000961304E+001
 0.8686869    0.5582901001E+000    0.9943969727E+000
 0.8787879    0.5154022217E+000    0.1000193787E+001
 0.8888889    0.4940841675E+000    0.9963928223E+000
 0.8989899    0.4423950195E+000    0.9696990967E+000
 0.9090909    0.3995330811E+000    0.9729263306E+000
 0.9191919    0.3542419434E+000    0.9596710205E+000
 0.9292929    0.3060623169E+000    0.9549911499E+000
 0.9393939    0.2776199341E+000    0.9588378906E+000
 0.9494949    0.2145263672E+000    0.9338775635E+000
 0.9595960    0.1738784790E+000    0.9313873291E+000
 0.9696970    0.1311843872E+000    0.9273483276E+000
 0.9797980    0.7675476074E-001    0.9243377686E+000
 0.9898990    0.4562530518E-001    0.9301101685E+000
 1.0000000    0.0000000000E+000    0.9053710938E+000


#   100 bins for weightfunction of Ar                      
 0.0000000    0.1697550964E+001    0.3414520264E+000
 0.0101010    0.1705284119E+001    0.3533401489E+000
 0.0202020    0.1718228149E+001    0.3336730957E+000
 0.0303030    0.1701539612E+001    0.3241302490E+000
 0.0404040    0.1747579956E+001    0.3391769409E+000
 0.0505051    0.1812232971E+001    0.3620254517E+000
 0.0606061    0.1841046143E+001    0.3568191528E+000
 0.0707071    0.1925611877E+001    0.3730270386E+000
 0.0808081    0.1978645325E+001    0.3686889648E+000
 0.0909091    0.2033897400E+001    0.3502624512E+000
 0.1010101    0.2120643616E+001    0.3770233154E+000
 0.1111111    0.2209857178E+001    0.3740707397E+000
 0.1212121    0.2292739868E+001    0.3923217773E+000
 0.1313131    0.2355220032E+001    0.3672836304E+000
 0.1414141    0.2444244385E+001    0.3850067139E+000
 0.1515152    0.2467274475E+001    0.3858245850E+000
 0.1616162    0.2532019043E+001    0.3894180298E+000
 0.1717172    0.2574761963E+001    0.3820083618E+000
 0.1818182    0.2599949646E+001    0.3746902466E+000
 0.1919192    0.2594799805E+001    0.3729644775E+000
 0.2020202    0.2608886719E+001    0.3693145752E+000
 0.2121212    0.2621043396E+001    0.3583511353E+000
 0.2222222    0.2605189514E+001    0.3400787354E+000
 0.2323232    0.2607809448E+001    0.3515274048E+000
 0.2424242    0.2599050903E+001    0.3465270996E+000
 0.2525253    0.2589947510E+001    0.3354156494E+000
 0.2626263    0.2557521057E+001    0.3055801392E+000
 0.2727273    0.2527333069E+001    0.3120681763E+000
 0.2828283    0.2493702698E+001    0.3078933716E+000
 0.2929293    0.2488265991E+001    0.2846160889E+000
 0.3030303    0.2440734863E+001    0.2737915039E+000
 0.3131313    0.2370901489E+001    0.2724807739E+000
 0.3232323    0.2354658508E+001    0.2645996094E+000
 0.3333333    0.2330249023E+001    0.2625671387E+000
 0.3434343    0.2272480774E+001    0.2360916138E+000
 0.3535354    0.2237483215E+001    0.2044387817E+000
 0.3636364    0.2198832703E+001    0.2259750366E+000
 0.3737374    0.2122528076E+001    0.2051925659E+000
 0.3838384    0.2071571350E+001    0.1893844604E+000
 0.3939394    0.2036715698E+001    0.1846450806E+000
 0.4040404    0.1960089111E+001    0.1494155884E+000
 0.4141414    0.1939270020E+001    0.1570266724E+000
 0.4242424    0.1856082153E+001    0.1246276855E+000
 0.4343434    0.1835328674E+001    0.1135879517E+000
 0.4444444    0.1756314087E+001    0.1171478271E+000
 0.4545455    0.1688591003E+001    0.9966888428E-001
 0.4646465    0.1660279846E+001    0.9006958008E-001
 0.4747475    0.1583966064E+001    0.7845458984E-001
 0.4848485    0.1534849548E+001    0.6258392334E-001
 0.4949495    0.1457383728E+001    0.4668273926E-001
 0.5050505    0.1401860046E+001    0.0000000000E+000
 0.5151515    0.1431277466E+001    0.3237915039E-001
 0.5252525    0.1433024597E+001    0.3857727051E-001
 0.5353535    0.1432818604E+001    0.4136810303E-001
 0.5454545    0.1462986755E+001    0.3825988770E-001
 0.5555556    0.1423683167E+001    0.4655914307E-001
 0.5656566    0.1416007996E+001    0.3745269775E-001
 0.5757576    0.1437359619E+001    0.7638549805E-002
 0.5858586    0.1435835266E+001    0.3837280273E-001
 0.5959596    0.1439172363E+001    0.3551330566E-001
 0.6060606    0.1442807007E+001    0.3269653320E-001
 0.6161616    0.1422938538E+001    0.5356903076E-001
 0.6262626    0.1457092285E+001    0.3134460449E-001
 0.6363636    0.1419879150E+001    0.3117675781E-001
 0.6464646    0.1434796143E+001    0.4236450195E-001
 0.6565657    0.1444628906E+001    0.5190582275E-001
 0.6666667    0.1432919312E+001    0.4039916992E-001
 0.6767677    0.1435054016E+001    0.2614288330E-001
 0.6868687    0.1425094604E+001    0.4272003174E-001
 0.6969697    0.1437156677E+001    0.2926788330E-001
 0.7070707    0.1431579590E+001    0.2697296143E-001
 0.7171717    0.1454277039E+001    0.4775695801E-001
 0.7272727    0.1438940430E+001    0.3533477783E-001
 0.7373737    0.1433479309E+001    0.2480316162E-001
 0.7474747    0.1442959595E+001    0.2845153809E-001
 0.7575758    0.1454072571E+001    0.3828735352E-001
 0.7676768    0.1433763123E+001    0.2399139404E-001
 0.7777778    0.1449072266E+001    0.3406066895E-001
 0.7878788    0.1452630615E+001    0.3416900635E-001
 0.7979798    0.1450991821E+001    0.2204589844E-001
 0.8080808    0.1436940002E+001    0.3265686035E-001
 0.8181818    0.1450466919E+001    0.3535614014E-001
 0.8282828    0.1430099487E+001    0.2816009521E-001
 0.8383838    0.1445365906E+001    0.3016357422E-001
 0.8484848    0.1432812500E+001    0.1395874023E-001
 0.8585859    0.1444143677E+001    0.3102722168E-001
 0.8686869    0.1443141174E+001    0.4075012207E-001
 0.8787879    0.1436026001E+001    0.2313385010E-001
 0.8888889    0.1441606140E+001    0.4865722656E-001
 0.8989899    0.1433950806E+001    0.2355499268E-001
 0.9090909    0.1431831360E+001    0.2783966064E-001
 0.9191919    0.1446398926E+001    0.3587036133E-001
 0.9292929    0.1445898437E+001    0.3373870850E-001
 0.9393939    0.1443984985E+001    0.3913879395E-001
 0.9494949    0.1435739136E+001    0.2807617188E-001
 0.9595960    0.1432324219E+001    0.3126220703E-001
 0.9696970    0.1452433777E+001    0.4131774902E-001
 0.9797980    0.1471287537E+001    0.5887298584E-001
 0.9898990    0.1431123352E+001    0.2421264648E-001
 1.0000000    0.1438482666E+001    0.3626098633E-001


