Compiled using GNU Fortran (Ubuntu 9.4.0-1ubuntu1~20.04.2) 9.4.0 with all optimizations
Last Brick update unknown
Compiled at 18:43:37 on Sep  2 2023
Starting at 16:56:21 on Sep 11 2023

Settings
OK                      

Forcefield
OK                      

Topology
OK                      

Configuration
OK                      Read from ./INPUT/restart.in

 F
Monte Carlo Simulation initialized.

#########################################################################################################################
###########################################   ENERGY STARTING CONFIGURATION   ###########################################
#########################################################################################################################
                                               Box 1               Box 2
-------------------------------------------------------------------------------------------------------------------------
Lennard Jones        
 Intermolecular                         -0.4785948839E+006  -0.6376877030E+005
 Tailcorrection                         -0.1184858278E+005  -0.1445970445E+004
Total Intermolecular                    -0.4904434667E+006  -0.6521474075E+005

Electrostatic        
 Real                                   -0.1391887897E+006  -0.9561690639E+004
 Exclusion                               0.8330120773E+007   0.3054885698E+007
 Selfterm                               -0.8356876284E+007  -0.3057966376E+007
 Fourier                                 0.1292337885E+005   0.3033552015E+004
Total Intermolecular                    -0.1530209226E+006  -0.9608816993E+004

Intramolecular       
 Lennard Jones                           0.0000000000E+000   0.0000000000E+000
 Electrostatic                           0.0000000000E+000   0.0000000000E+000
 Bending                                 0.0000000000E+000   0.0000000000E+000
 Torsion                                 0.0000000000E+000   0.0000000000E+000

Total                                   -0.6434643893E+006  -0.7482355774E+005

#########################################################################################################################

Simulation is running...



#########################################################################################################################
###############################################   RELATIVE ENERGY DRIFTS   ##############################################
#########################################################################################################################
                                               Box 1               Box 2                                                 
-------------------------------------------------------------------------------------------------------------------------

Lennard Jones        
 Intermolecular                          0.8314232135E-015   0.5140805061E-015
 Tailcorrection                          0.0000000000E+000   0.0000000000E+000

Electrostatic        
 Real                                    0.7500430055E-014   0.2513979523E-014
 Exclusion                               0.2010664951E-015   0.1969202047E-015
 Selfterm                                0.0000000000E+000   0.0000000000E+000
 Fourier                                 0.5081820396E-015   0.3919706334E-015

Intramolecular       
 Lennard Jones                           0.0000000000E+000   0.0000000000E+000
 Electrostatic                           0.0000000000E+000   0.0000000000E+000
 Bending                                 0.0000000000E+000   0.0000000000E+000
 Torsion                                 0.0000000000E+000   0.0000000000E+000

Total                                    0.4977475998E-014   0.7304136213E-014

#########################################################################################################################
############################################   TRIAL MOVE ACCEPTANCE RATES   ############################################
#########################################################################################################################
                                               Box 1               Box 2
-------------------------------------------------------------------------------------------------------------------------
Translation
 CO2                                          0.50530             0.50718
 AR                                           0.50108             0.55714
-------------------------------------------------------------------------------------------------------------------------
Rotation
 CO2                                          0.50073             0.70015
 AR                                           0.00000             0.00000
-------------------------------------------------------------------------------------------------------------------------
Lambda Move
 cd                                           0.75129             0.93212
 Ar                                           0.83534             0.96051
-------------------------------------------------------------------------------------------------------------------------
GE Swap Fractional
 cd                                           0.29611             0.40884
 Ar                                           0.37453             0.50500
-------------------------------------------------------------------------------------------------------------------------
GE Identity Change
 cd                                           0.61726             0.89449
 Ar                                           0.67377             0.99076
-------------------------------------------------------------------------------------------------------------------------
Volume                                        0.51483             0.50113

#########################################################################################################################
######################################################   AVERAGES   #####################################################
#########################################################################################################################
                                                       Boltzmann                                    Biased
                                               Box 1               Box 2                  Box 1               Box 2      
-------------------------------------------------------------------------------------------------------------------------
Density
 CO2                                     0.8915934108E+003   0.7111702649E+002      0.8883568821E+003   0.7084187910E+002
 AR                                      0.9287219879E+002   0.9254506982E+002      0.9377630115E+002   0.9290242629E+002
 Total                                   0.9844656096E+003   0.1636620963E+003      0.9821331832E+003   0.1637443054E+003

Number of molecules
 CO2                                     0.4959703678E+003   0.1840296322E+003      0.4980801400E+003   0.1819198600E+003
 AR                                      0.5744650807E+002   0.2625534919E+003      0.5844652000E+002   0.2615534800E+003
 Total                                   0.5534168759E+003   0.4465831241E+003      0.5565266600E+003   0.4434733400E+003

Mole fractions
 CO2                                          0.89620             0.41208                 0.89498             0.41022
 AR                                           0.10380             0.58792                 0.10502             0.58978

Volume                                   0.4073642530E+005   0.1891174596E+006      0.4105772320E+005   0.1876719225E+006

#########################################################################################################################
#######################################   PROPERTIES FROM THE CFC GIBBS ENSEMBLE   ######################################
#########################################################################################################################
                                                       Boltzmann                                    Biased
                                               Box 1               Box 2                  Box 1               Box 2      
Chemical Potentials (as an indication)
=========================================================================================================================

Total cd                                -0.1947073049E+004  -0.1944636930E+004     -0.1947993123E+004  -0.1945617670E+004
 Ideal gas                              -0.1114794968E+004  -0.1754551876E+004     -0.1115715042E+004  -0.1755532616E+004
 Excess                                 -0.8322780815E+003  -0.1900850546E+003     -0.8322780815E+003  -0.1900850546E+003

-------------------------------------------------------------------------------------------------------------------------

Total Ar                                -0.1735871600E+004  -0.1735206151E+004     -0.1733420579E+004  -0.1734231090E+004
 Ideal gas                              -0.1662526710E+004  -0.1663419439E+004     -0.1660075689E+004  -0.1662444378E+004
 Excess                                 -0.7334489002E+002  -0.7178671163E+002     -0.7334489002E+002  -0.7178671163E+002

-------------------------------------------------------------------------------------------------------------------------

#########################################################################################################################
#########################################   PROPERTIES FROM UMBRELLA SAMPLING   #########################################
#########################################################################################################################

Excess Partial Molar Enthalpy
=========================================================================================================================


Partial Molar Volume
=========================================================================================================================


#########################################################################################################################
##################################################   AVERAGE ENERGIES   #################################################
#########################################################################################################################
                                                       Boltzmann                                    Biased
                                               Box 1               Box 2                  Box 1               Box 2      
-------------------------------------------------------------------------------------------------------------------------
Lennard Jones        
 Intermolecular                         -0.5325077155E+006  -0.5678553577E+005     -0.5341448794E+006  -0.5618187016E+005
 Tailcorrection                         -0.1307508775E+005  -0.1289124466E+004     -0.1311786298E+005  -0.1276597558E+004
Total Intermolecular                    -0.5455828032E+006  -0.5807466024E+005     -0.5472627424E+006  -0.5745846772E+005

Electrostatic        
 Real                                   -0.1489758581E+006  -0.6990283163E+004     -0.1490300186E+006  -0.6893055386E+004
 Exclusion                               0.9083968404E+007   0.2499360188E+007      0.9120639639E+007   0.2470136240E+007
 Selfterm                               -0.9113145633E+007  -0.2501880616E+007     -0.9149934493E+007  -0.2472627155E+007
 Fourier                                 0.1442743953E+005   0.2394967762E+004      0.1452756630E+005   0.2369026280E+004
Total Intermolecular                    -0.1637256479E+006  -0.7115743336E+004     -0.1637973065E+006  -0.7014944269E+004

Intramolecular       
 Lennard Jones                           0.0000000000E+000   0.0000000000E+000      0.0000000000E+000   0.0000000000E+000
 Electrostatic                           0.0000000000E+000   0.0000000000E+000      0.0000000000E+000   0.0000000000E+000
 Bending                                 0.0000000000E+000   0.0000000000E+000      0.0000000000E+000   0.0000000000E+000
 Torsion                                 0.0000000000E+000   0.0000000000E+000      0.0000000000E+000   0.0000000000E+000

Total                                   -0.7093084511E+006  -0.6519040358E+005     -0.7110600489E+006  -0.6447341199E+005

#########################################################################################################################

No errors found in bookkeeping.

Total simulation time:  17 hours and  18 minutes

Simulation finished.

