 0.0000000   0.1487748529E+000   0.9804186408E+000   0.5410674067E+000   0.1004490560E+001
 0.0101010   0.1507281828E+000   0.9870058837E+000   0.5426821356E+000   0.1002213827E+001
 0.0202020   0.1477259185E+000   0.9817405453E+000   0.5418589787E+000   0.1014840527E+001
 0.0303030   0.1424463806E+000   0.9396085548E+000   0.5349476700E+000   0.9550131462E+000
 0.0404040   0.1382979473E+000   0.9635457933E+000   0.5356013670E+000   0.9812959319E+000
 0.0505051   0.1292505677E+000   0.9956075455E+000   0.5363346976E+000   0.1015962708E+001
 0.0606061   0.1225012449E+000   0.9879861724E+000   0.5352288611E+000   0.9937240920E+000
 0.0707071   0.1138791987E+000   0.1010789024E+001   0.5346120651E+000   0.1011884010E+001
 0.0808081   0.1038958856E+000   0.1009702908E+001   0.5322910912E+000   0.9798370959E+000
 0.0909091   0.9678542359E-001   0.9948556195E+000   0.5310691804E+000   0.9856400691E+000
 0.1010101   0.8934700569E-001   0.1008587087E+001   0.5360013459E+000   0.9812139263E+000
 0.1111111   0.8485026032E-001   0.1068349421E+001   0.5396286547E+000   0.1005004174E+001
 0.1212121   0.7933360926E-001   0.1076397814E+001   0.5396531706E+000   0.9973258631E+000
 0.1313131   0.7664604524E-001   0.1069361272E+001   0.5452464887E+000   0.1023006555E+001
 0.1414141   0.7309413463E-001   0.1094705819E+001   0.5486399343E+000   0.1005282562E+001
 0.1515152   0.7032275629E-001   0.1056909007E+001   0.5499987836E+000   0.9970776883E+000
 0.1616162   0.7104530708E-001   0.1050470293E+001   0.5586125429E+000   0.9829748881E+000
 0.1717172   0.7080886161E-001   0.1099928456E+001   0.5621344451E+000   0.9805643559E+000
 0.1818182   0.7146551110E-001   0.1073716873E+001   0.5716207637E+000   0.9925458015E+000
 0.1919192   0.7446173259E-001   0.1098649253E+001   0.5799810764E+000   0.9729140993E+000
 0.2020202   0.7565475732E-001   0.1059610371E+001   0.5879748544E+000   0.9992422038E+000
 0.2121212   0.7899031365E-001   0.1122515941E+001   0.6169731716E+000   0.1027415434E+001
 0.2222222   0.8370732556E-001   0.1075244861E+001   0.6154182344E+000   0.1017993425E+001
 0.2323232   0.8716431907E-001   0.1074997932E+001   0.6259971207E+000   0.1013062301E+001
 0.2424242   0.9180124673E-001   0.1082873661E+001   0.6388579491E+000   0.1016530273E+001
 0.2525253   0.9867671146E-001   0.1067029373E+001   0.6452213795E+000   0.9962597906E+000
 0.2626263   0.1063503604E+000   0.1077671447E+001   0.6633420911E+000   0.9873125512E+000
 0.2727273   0.1137732572E+000   0.1060510825E+001   0.6669402940E+000   0.9762051123E+000
 0.2828283   0.1244022352E+000   0.1061268321E+001   0.6909745874E+000   0.1000504658E+001
 0.2929293   0.1338337913E+000   0.1070200459E+001   0.7051436656E+000   0.9531378083E+000
 0.3030303   0.1444295822E+000   0.1047143252E+001   0.7161470795E+000   0.1010043201E+001
 0.3131313   0.1551579571E+000   0.1061502253E+001   0.7402860630E+000   0.9992724164E+000
 0.3232323   0.1717600495E+000   0.1063104506E+001   0.7442403262E+000   0.9904848720E+000
 0.3333333   0.1895874812E+000   0.1098160965E+001   0.7736113554E+000   0.9912682410E+000
 0.3434343   0.2054420381E+000   0.1046610406E+001   0.7845524901E+000   0.1003987737E+001
 0.3535354   0.2258225989E+000   0.1049072267E+001   0.8100759694E+000   0.9811211305E+000
 0.3636364   0.2558336592E+000   0.1053715642E+001   0.8234005835E+000   0.9835014501E+000
 0.3737374   0.2734304613E+000   0.1012177766E+001   0.8533460693E+000   0.1006976624E+001
 0.3838384   0.3047192901E+000   0.1041322788E+001   0.8697241534E+000   0.9927378671E+000
 0.3939394   0.3379973096E+000   0.1036614432E+001   0.9002620469E+000   0.1016739603E+001
 0.4040404   0.3741937061E+000   0.1042046865E+001   0.9132176217E+000   0.9809031684E+000
 0.4141414   0.4192554615E+000   0.9990348427E+000   0.9497091894E+000   0.9937478305E+000
 0.4242424   0.4619758051E+000   0.9949076045E+000   0.9604634677E+000   0.9885987438E+000
 0.4343434   0.5079630454E+000   0.1017977807E+001   0.1004771031E+001   0.1017251059E+001
 0.4444444   0.5691243972E+000   0.1000405019E+001   0.1028356332E+001   0.1015002380E+001
 0.4545455   0.6286760203E+000   0.1001045548E+001   0.1058196814E+001   0.1009877032E+001
 0.4646465   0.7101233329E+000   0.1001897731E+001   0.1082601836E+001   0.1018591203E+001
 0.4747475   0.7907772060E+000   0.9844251995E+000   0.1117514213E+001   0.1014547033E+001
 0.4848485   0.8730114601E+000   0.9781071647E+000   0.1138805284E+001   0.9886052179E+000
 0.4949495   0.9760905082E+000   0.9817294056E+000   0.1194370968E+001   0.1019223509E+001
 0.5050505   0.1052967475E+001   0.1011565086E+001   0.1198799659E+001   0.1014149953E+001
 0.5151515   0.1049452415E+001   0.1009468976E+001   0.1203472253E+001   0.9966331318E+000
 0.5252525   0.1045863570E+001   0.9993096206E+000   0.1200601186E+001   0.1008582207E+001
 0.5353535   0.1043158135E+001   0.9599458316E+000   0.1207476153E+001   0.1012699750E+001
 0.5454545   0.1064511996E+001   0.9906838228E+000   0.1209110257E+001   0.1008219656E+001
 0.5555556   0.1069063001E+001   0.9983256187E+000   0.1216470744E+001   0.1046811909E+001
 0.5656566   0.1071912905E+001   0.9919128969E+000   0.1208002098E+001   0.9757325013E+000
 0.5757576   0.1085708792E+001   0.9745294823E+000   0.1203894240E+001   0.1038471079E+001
 0.5858586   0.1098722336E+001   0.9739595039E+000   0.1202492386E+001   0.9984264641E+000
 0.5959596   0.1105645015E+001   0.1001307330E+001   0.1222327606E+001   0.1027862148E+001
 0.6060606   0.1097927615E+001   0.9480672578E+000   0.1203061930E+001   0.9858407670E+000
 0.6161616   0.1124823867E+001   0.9624169760E+000   0.1226075213E+001   0.1001124016E+001
 0.6262626   0.1145012630E+001   0.9810071853E+000   0.1224033446E+001   0.1001044168E+001
 0.6363636   0.1157159215E+001   0.9528517350E+000   0.1209361224E+001   0.1016090033E+001
 0.6464646   0.1174380152E+001   0.9724537953E+000   0.1223978797E+001   0.1003715824E+001
 0.6565657   0.1197808570E+001   0.9870467290E+000   0.1239535298E+001   0.1015803013E+001
 0.6666667   0.1234782863E+001   0.9862576709E+000   0.1227316595E+001   0.1009307309E+001
 0.6767677   0.1235342949E+001   0.9711467437E+000   0.1234133105E+001   0.9960849893E+000
 0.6868687   0.1272274235E+001   0.9782278442E+000   0.1238132645E+001   0.9958303404E+000
 0.6969697   0.1294013177E+001   0.9766757204E+000   0.1226437041E+001   0.9879901762E+000
 0.7070707   0.1318556994E+001   0.9585013911E+000   0.1235846759E+001   0.9778171692E+000
 0.7171717   0.1357960122E+001   0.9792953934E+000   0.1255867112E+001   0.1010858940E+001
 0.7272727   0.1381329603E+001   0.9865640111E+000   0.1259988815E+001   0.1028865637E+001
 0.7373737   0.1416989300E+001   0.9651461888E+000   0.1267873017E+001   0.1012259509E+001
 0.7474747   0.1450553064E+001   0.9762821197E+000   0.1265703527E+001   0.1003275583E+001
 0.7575758   0.1484613171E+001   0.9667391579E+000   0.1265309533E+001   0.1007183796E+001
 0.7676768   0.1530764932E+001   0.9559411296E+000   0.1260784733E+001   0.9917689066E+000
 0.7777778   0.1569014639E+001   0.9717278618E+000   0.1266748914E+001   0.9975071385E+000
 0.7878788   0.1630065541E+001   0.9627437389E+000   0.1286391259E+001   0.9903791279E+000
 0.7979798   0.1664006486E+001   0.9616186348E+000   0.1293826721E+001   0.1011987596E+001
 0.8080808   0.1733187385E+001   0.9661004850E+000   0.1297365081E+001   0.1013047194E+001
 0.8181818   0.1778982863E+001   0.9455478417E+000   0.1307912704E+001   0.1006260154E+001
 0.8282828   0.1828902438E+001   0.9663307043E+000   0.1289037008E+001   0.1002815920E+001
 0.8383838   0.1905794266E+001   0.9585496629E+000   0.1310996729E+001   0.9893173716E+000
 0.8484848   0.1985199531E+001   0.9336971170E+000   0.1316760139E+001   0.9762094284E+000
 0.8585859   0.2050192333E+001   0.9555939440E+000   0.1327114634E+001   0.9924745861E+000
 0.8686869   0.2103881990E+001   0.9400634236E+000   0.1319870924E+001   0.9894943310E+000
 0.8787879   0.2240618134E+001   0.9567376141E+000   0.1354987081E+001   0.1007792364E+001
 0.8888889   0.2300892403E+001   0.9451133955E+000   0.1349851124E+001   0.9911862354E+000
 0.8989899   0.2382624097E+001   0.9279137851E+000   0.1349647961E+001   0.9766734073E+000
 0.9090909   0.2489575697E+001   0.9413890412E+000   0.1348016138E+001   0.9804348734E+000
 0.9191919   0.2606286906E+001   0.9526382251E+000   0.1362774301E+001   0.1004248860E+001
 0.9292929   0.2705895182E+001   0.9507389158E+000   0.1377982892E+001   0.1014514662E+001
 0.9393939   0.2830524330E+001   0.9273419500E+000   0.1398474437E+001   0.9920451359E+000
 0.9494949   0.2952743796E+001   0.9296200072E+000   0.1385233007E+001   0.9857997642E+000
 0.9595960   0.3130435187E+001   0.9393523430E+000   0.1404978260E+001   0.9978761636E+000
 0.9696970   0.3245919431E+001   0.9365321564E+000   0.1401371285E+001   0.9948527477E+000
 0.9797980   0.3416663821E+001   0.9300804459E+000   0.1429388236E+001   0.1000694566E+001
 0.9898990   0.3574854684E+001   0.9279676267E+000   0.1429401853E+001   0.1000288854E+001
 1.0000000   0.3687054248E+001   0.9457112231E+000   0.1438077040E+001   0.1018694789E+001


 0.0000000   0.1004439661E+001   0.8612577345E+000   0.8072040004E+000   0.9813618232E+000
 0.0101010   0.1010588973E+001   0.8987641999E+000   0.8133641054E+000   0.1011312831E+001
 0.0202020   0.9998330592E+000   0.8462448448E+000   0.8029978304E+000   0.9549613910E+000
 0.0303030   0.9749656953E+000   0.8714119975E+000   0.8098540947E+000   0.1005204657E+001
 0.0404040   0.9521178120E+000   0.8603286443E+000   0.8034944700E+000   0.9736138703E+000
 0.0505051   0.9079832697E+000   0.9060281575E+000   0.7976147418E+000   0.1008110708E+001
 0.0606061   0.8607438075E+000   0.8994943262E+000   0.7997953664E+000   0.1025107467E+001
 0.0707071   0.8228769362E+000   0.8942217837E+000   0.7925539389E+000   0.9989302268E+000
 0.0808081   0.7716215615E+000   0.8990324458E+000   0.7959424522E+000   0.1002540017E+001
 0.0909091   0.7109508115E+000   0.9163334200E+000   0.7711934190E+000   0.9984405707E+000
 0.1010101   0.6666960028E+000   0.9299127039E+000   0.7864683266E+000   0.1016453081E+001
 0.1111111   0.6113776136E+000   0.9213270577E+000   0.7793630775E+000   0.1014105009E+001
 0.1212121   0.5621907618E+000   0.9387772548E+000   0.7804360153E+000   0.1022816332E+001
 0.1313131   0.5271856687E+000   0.9473593480E+000   0.7793815576E+000   0.1002681220E+001
 0.1414141   0.4919823815E+000   0.9670887472E+000   0.7757148948E+000   0.1013357999E+001
 0.1515152   0.4614179392E+000   0.9507221927E+000   0.7719389372E+000   0.1000968562E+001
 0.1616162   0.4349497407E+000   0.9808137011E+000   0.7666015038E+000   0.9824185693E+000
 0.1717172   0.4193383827E+000   0.9519568345E+000   0.7745225146E+000   0.1014471682E+001
 0.1818182   0.4104512522E+000   0.9932578251E+000   0.7828983886E+000   0.9936259992E+000
 0.1919192   0.4004746475E+000   0.9856030456E+000   0.7918439220E+000   0.1023050912E+001
 0.2020202   0.3970329282E+000   0.9761789089E+000   0.7835637495E+000   0.9769275891E+000
 0.2121212   0.3916426751E+000   0.9770635875E+000   0.7926237333E+000   0.9894787263E+000
 0.2222222   0.3976167763E+000   0.9878591538E+000   0.7974811213E+000   0.1007425190E+001
 0.2323232   0.3996839189E+000   0.1002788550E+001   0.8198880635E+000   0.1033634315E+001
 0.2424242   0.4109331831E+000   0.1008679301E+001   0.8225525359E+000   0.1025412648E+001
 0.2525253   0.4123902649E+000   0.9810162179E+000   0.8336374750E+000   0.1008832666E+001
 0.2626263   0.4282425487E+000   0.1074808140E+001   0.8307215360E+000   0.1016607949E+001
 0.2727273   0.4422233980E+000   0.1032242308E+001   0.8366654670E+000   0.1013362554E+001
 0.2828283   0.4529348516E+000   0.1016742667E+001   0.8554923351E+000   0.1042101948E+001
 0.2929293   0.4707837595E+000   0.9897315459E+000   0.8651722310E+000   0.1020222294E+001
 0.3030303   0.4813253962E+000   0.9783213234E+000   0.8777638599E+000   0.1015075212E+001
 0.3131313   0.5066073153E+000   0.1041185023E+001   0.8873053611E+000   0.1067063019E+001
 0.3232323   0.5268029153E+000   0.1051252239E+001   0.8946430788E+000   0.1009420254E+001
 0.3333333   0.5514708302E+000   0.1051365933E+001   0.9136406508E+000   0.1038990924E+001
 0.3434343   0.5718906792E+000   0.1058377633E+001   0.9130094058E+000   0.1023524625E+001
 0.3535354   0.5949939039E+000   0.1026319580E+001   0.9247293914E+000   0.1009538682E+001
 0.3636364   0.6297174768E+000   0.1034855485E+001   0.9288068268E+000   0.9879892609E+000
 0.3737374   0.6582751388E+000   0.1029554519E+001   0.9447686126E+000   0.1011219455E+001
 0.3838384   0.6957483945E+000   0.1030277540E+001   0.9621846895E+000   0.1028277705E+001
 0.3939394   0.7389413888E+000   0.1079801778E+001   0.9673664737E+000   0.1018060975E+001
 0.4040404   0.7737059331E+000   0.1034843050E+001   0.9831869004E+000   0.1026883894E+001
 0.4141414   0.8043299478E+000   0.1005479891E+001   0.1002364813E+001   0.1032698274E+001
 0.4242424   0.8513008289E+000   0.1055194211E+001   0.1004483681E+001   0.1005345860E+001
 0.4343434   0.8939325834E+000   0.1031291900E+001   0.1033837237E+001   0.1000150951E+001
 0.4444444   0.9544404117E+000   0.1026109957E+001   0.1038059327E+001   0.9896563689E+000
 0.4545455   0.9986815624E+000   0.1046985175E+001   0.1044368184E+001   0.1008071991E+001
 0.4646465   0.1059965143E+001   0.1025491748E+001   0.1064409202E+001   0.1017928882E+001
 0.4747475   0.1136028914E+001   0.1013411799E+001   0.1087764392E+001   0.1002612896E+001
 0.4848485   0.1204736870E+001   0.1040621884E+001   0.1095124483E+001   0.1011246785E+001
 0.4949495   0.1285148350E+001   0.1034025877E+001   0.1110301929E+001   0.9956848320E+000
 0.5050505   0.1320406240E+001   0.1022493078E+001   0.1132941903E+001   0.1001726960E+001
 0.5151515   0.1322509702E+001   0.1053334254E+001   0.1122380535E+001   0.1000025690E+001
 0.5252525   0.1317912605E+001   0.1020562063E+001   0.1132144892E+001   0.1012253426E+001
 0.5353535   0.1309944309E+001   0.1011201879E+001   0.1136334966E+001   0.1010162709E+001
 0.5454545   0.1320427924E+001   0.1006190476E+001   0.1125734517E+001   0.9986159359E+000
 0.5555556   0.1314405735E+001   0.1013036965E+001   0.1136589656E+001   0.1000130453E+001
 0.5656566   0.1310522259E+001   0.1017170795E+001   0.1126606227E+001   0.9980237937E+000
 0.5757576   0.1322658346E+001   0.1028748005E+001   0.1129220139E+001   0.9866113916E+000
 0.5858586   0.1320721656E+001   0.1015397885E+001   0.1140763664E+001   0.9981581645E+000
 0.5959596   0.1324184254E+001   0.1003721193E+001   0.1123324986E+001   0.9769663061E+000
 0.6060606   0.1328042741E+001   0.1029336014E+001   0.1128805661E+001   0.9984109636E+000
 0.6161616   0.1307575914E+001   0.9814763218E+000   0.1124027729E+001   0.1004284559E+001
 0.6262626   0.1317090142E+001   0.1021345483E+001   0.1129232392E+001   0.9946759128E+000
 0.6363636   0.1320377643E+001   0.1008242291E+001   0.1126991302E+001   0.1006072373E+001
 0.6464646   0.1325013220E+001   0.1010942515E+001   0.1128718364E+001   0.9748027096E+000
 0.6565657   0.1297933676E+001   0.1009098547E+001   0.1133790566E+001   0.9659342414E+000
 0.6666667   0.1301700366E+001   0.9773762450E+000   0.1130699238E+001   0.1012813684E+001
 0.6767677   0.1311170336E+001   0.1010395365E+001   0.1126341752E+001   0.9901938519E+000
 0.6868687   0.1320761460E+001   0.1029783683E+001   0.1132069031E+001   0.9894627840E+000
 0.6969697   0.1312672492E+001   0.1012244663E+001   0.1114654978E+001   0.9512559473E+000
 0.7070707   0.1314450975E+001   0.1028071173E+001   0.1119367695E+001   0.9935257905E+000
 0.7171717   0.1323952520E+001   0.1007817717E+001   0.1128272440E+001   0.9858074446E+000
 0.7272727   0.1321622038E+001   0.1033528467E+001   0.1123663606E+001   0.1011290056E+001
 0.7373737   0.1317992808E+001   0.1013646292E+001   0.1117879311E+001   0.9683688569E+000
 0.7474747   0.1315743881E+001   0.9866191825E+000   0.1119053243E+001   0.9630168024E+000
 0.7575758   0.1309717328E+001   0.1014463465E+001   0.1112755619E+001   0.9785127082E+000
 0.7676768   0.1303734368E+001   0.1024255330E+001   0.1118789614E+001   0.9930611866E+000
 0.7777778   0.1315262057E+001   0.1027099447E+001   0.1126021395E+001   0.9912665402E+000
 0.7878788   0.1314199772E+001   0.1023642450E+001   0.1126610493E+001   0.1003573988E+001
 0.7979798   0.1314324619E+001   0.1003056796E+001   0.1120248840E+001   0.9753857419E+000
 0.8080808   0.1319790139E+001   0.1009098547E+001   0.1117795685E+001   0.9811705157E+000
 0.8181818   0.1319660956E+001   0.1026015805E+001   0.1117326604E+001   0.9847415887E+000
 0.8282828   0.1314114991E+001   0.1006600839E+001   0.1118902098E+001   0.9669386057E+000
 0.8383838   0.1316864008E+001   0.1026419062E+001   0.1130389554E+001   0.1001155315E+001
 0.8484848   0.1321424894E+001   0.1010052507E+001   0.1124652670E+001   0.9739509358E+000
 0.8585859   0.1313827095E+001   0.1014719276E+001   0.1117612994E+001   0.9765654714E+000
 0.8686869   0.1328008879E+001   0.1044626032E+001   0.1125930322E+001   0.1011920916E+001
 0.8787879   0.1327603793E+001   0.1026236086E+001   0.1139922524E+001   0.1001228194E+001
 0.8888889   0.1318276556E+001   0.1030408998E+001   0.1124355451E+001   0.9788657161E+000
 0.8989899   0.1326208669E+001   0.1020114394E+001   0.1137918514E+001   0.1006250015E+001
 0.9090909   0.1317126007E+001   0.1017614911E+001   0.1116969737E+001   0.9798951325E+000
 0.9191919   0.1308604215E+001   0.1031727134E+001   0.1118554038E+001   0.1001396727E+001
 0.9292929   0.1316319278E+001   0.1021146519E+001   0.1119335500E+001   0.1011633954E+001
 0.9393939   0.1331584379E+001   0.1028584570E+001   0.1127796769E+001   0.9959125790E+000
 0.9494949   0.1314411142E+001   0.9940536806E+000   0.1117323374E+001   0.9592771966E+000
 0.9595960   0.1317850549E+001   0.9918970544E+000   0.1123650051E+001   0.9586281177E+000
 0.9696970   0.1326112582E+001   0.1043185321E+001   0.1138196269E+001   0.1009793759E+001
 0.9797980   0.1314334267E+001   0.1026801001E+001   0.1129045583E+001   0.1010814065E+001
 0.9898990   0.1321822303E+001   0.1012306839E+001   0.1131827347E+001   0.9959399087E+000
 1.0000000   0.1325309645E+001   0.1012280192E+001   0.1129359854E+001   0.9825506625E+000


