Compiled using GNU Fortran (Ubuntu 9.4.0-1ubuntu1~20.04.2) 9.4.0 with all optimizations
Last Brick update unknown
Compiled at 18:43:37 on Sep  2 2023
Starting at 16:56:20 on Sep 11 2023

Settings
OK                      

Forcefield
OK                      

Topology
OK                      

Configuration
OK                      Read from ./INPUT/restart.in

 F
Monte Carlo Simulation initialized.

#########################################################################################################################
###########################################   ENERGY STARTING CONFIGURATION   ###########################################
#########################################################################################################################
                                               Box 1               Box 2
-------------------------------------------------------------------------------------------------------------------------
Lennard Jones        
 Intermolecular                         -0.4785948839E+006  -0.6376877030E+005
 Tailcorrection                         -0.1184858278E+005  -0.1445970445E+004
Total Intermolecular                    -0.4904434667E+006  -0.6521474075E+005

Electrostatic        
 Real                                   -0.1391887897E+006  -0.9561690639E+004
 Exclusion                               0.8330120773E+007   0.3054885698E+007
 Selfterm                               -0.8356876284E+007  -0.3057966376E+007
 Fourier                                 0.1292337885E+005   0.3033552015E+004
Total Intermolecular                    -0.1530209226E+006  -0.9608816993E+004

Intramolecular       
 Lennard Jones                           0.0000000000E+000   0.0000000000E+000
 Electrostatic                           0.0000000000E+000   0.0000000000E+000
 Bending                                 0.0000000000E+000   0.0000000000E+000
 Torsion                                 0.0000000000E+000   0.0000000000E+000

Total                                   -0.6434643893E+006  -0.7482355774E+005

#########################################################################################################################

Simulation is running...



#########################################################################################################################
###############################################   RELATIVE ENERGY DRIFTS   ##############################################
#########################################################################################################################
                                               Box 1               Box 2                                                 
-------------------------------------------------------------------------------------------------------------------------

Lennard Jones        
 Intermolecular                          0.3926387140E-014   0.9886469087E-015
 Tailcorrection                          0.0000000000E+000   0.0000000000E+000

Electrostatic        
 Real                                    0.8433171859E-014   0.1802959999E-014
 Exclusion                               0.1977351055E-015   0.2066740153E-015
 Selfterm                                0.0000000000E+000   0.0000000000E+000
 Fourier                                 0.6843985666E-015   0.4266530522E-015

Intramolecular       
 Lennard Jones                           0.0000000000E+000   0.0000000000E+000
 Electrostatic                           0.0000000000E+000   0.0000000000E+000
 Bending                                 0.0000000000E+000   0.0000000000E+000
 Torsion                                 0.0000000000E+000   0.0000000000E+000

Total                                    0.2329916772E-014   0.1221308908E-013

#########################################################################################################################
############################################   TRIAL MOVE ACCEPTANCE RATES   ############################################
#########################################################################################################################
                                               Box 1               Box 2
-------------------------------------------------------------------------------------------------------------------------
Translation
 CO2                                          0.50081             0.49568
 AR                                           0.48960             0.55648
-------------------------------------------------------------------------------------------------------------------------
Rotation
 CO2                                          0.50189             0.70019
 AR                                           0.00000             0.00000
-------------------------------------------------------------------------------------------------------------------------
Lambda Move
 cd                                           0.75066             0.93472
 Ar                                           0.83088             0.96323
-------------------------------------------------------------------------------------------------------------------------
GE Swap Fractional
 cd                                           0.35159             0.38544
 Ar                                           0.44031             0.47395
-------------------------------------------------------------------------------------------------------------------------
GE Identity Change
 cd                                           0.74481             0.83299
 Ar                                           0.88045             0.94096
-------------------------------------------------------------------------------------------------------------------------
Volume                                        0.51994             0.50408

#########################################################################################################################
######################################################   AVERAGES   #####################################################
#########################################################################################################################
                                                       Boltzmann                                    Biased
                                               Box 1               Box 2                  Box 1               Box 2      
-------------------------------------------------------------------------------------------------------------------------
Density
 CO2                                     0.8993047570E+003   0.7159733141E+002      0.8972797301E+003   0.7148937351E+002
 AR                                      0.8956525872E+002   0.9249566555E+002      0.9008878717E+002   0.9271670116E+002
 Total                                   0.9888700157E+003   0.1640929970E+003      0.9873685173E+003   0.1642060747E+003

Number of molecules
 CO2                                     0.4928625326E+003   0.1871374674E+003      0.4939729300E+003   0.1860270700E+003
 AR                                      0.5438949075E+002   0.2656105093E+003      0.5496667000E+002   0.2650333300E+003
 Total                                   0.5472520234E+003   0.4527479766E+003      0.5489396000E+003   0.4510604000E+003

Mole fractions
 CO2                                          0.90061             0.41334                 0.89987             0.41242
 AR                                           0.09939             0.58666                 0.10013             0.58758

Volume                                   0.4011208346E+005   0.1913153465E+006      0.4029584622E+005   0.1904551334E+006

#########################################################################################################################
#######################################   PROPERTIES FROM THE CFC GIBBS ENSEMBLE   ######################################
#########################################################################################################################
                                                       Boltzmann                                    Biased
                                               Box 1               Box 2                  Box 1               Box 2      
Chemical Potentials (as an indication)
=========================================================================================================================

Total cd                                -0.1943915578E+004  -0.1944961143E+004     -0.1944485918E+004  -0.1945342917E+004
 Ideal gas                              -0.1112616192E+004  -0.1752848927E+004     -0.1113186532E+004  -0.1753230701E+004
 Excess                                 -0.8312993857E+003  -0.1921122159E+003     -0.8312993857E+003  -0.1921122159E+003

-------------------------------------------------------------------------------------------------------------------------

Total Ar                                -0.1734121334E+004  -0.1732001917E+004     -0.1732646799E+004  -0.1731398048E+004
 Ideal gas                              -0.1671699689E+004  -0.1663554537E+004     -0.1670225154E+004  -0.1662950668E+004
 Excess                                 -0.6242164470E+002  -0.6844738044E+002     -0.6242164470E+002  -0.6844738044E+002

-------------------------------------------------------------------------------------------------------------------------

#########################################################################################################################
#########################################   PROPERTIES FROM UMBRELLA SAMPLING   #########################################
#########################################################################################################################

Excess Partial Molar Enthalpy
=========================================================================================================================


Partial Molar Volume
=========================================================================================================================


#########################################################################################################################
##################################################   AVERAGE ENERGIES   #################################################
#########################################################################################################################
                                                       Boltzmann                                    Biased
                                               Box 1               Box 2                  Box 1               Box 2      
-------------------------------------------------------------------------------------------------------------------------
Lennard Jones        
 Intermolecular                         -0.5302631351E+006  -0.5787524337E+005     -0.5309844221E+006  -0.5754998522E+005
 Tailcorrection                         -0.1302141310E+005  -0.1310672705E+004     -0.1304103200E+005  -0.1303858348E+004
Total Intermolecular                    -0.5432845482E+006  -0.5918591607E+005     -0.5440254541E+006  -0.5885384357E+005

Electrostatic        
 Real                                   -0.1492507949E+006  -0.7148559558E+004     -0.1492447410E+006  -0.7100817309E+004
 Exclusion                               0.9027083178E+007   0.2541578410E+007      0.9045303432E+007   0.2526056055E+007
 Selfterm                               -0.9056077695E+007  -0.2544141410E+007     -0.9074356288E+007  -0.2528603371E+007
 Fourier                                 0.1422908462E+005   0.2432099575E+004      0.1428803599E+005   0.2418660191E+004
Total Intermolecular                    -0.1640162271E+006  -0.7279459921E+004     -0.1640095613E+006  -0.7229472886E+004

Intramolecular       
 Lennard Jones                           0.0000000000E+000   0.0000000000E+000      0.0000000000E+000   0.0000000000E+000
 Electrostatic                           0.0000000000E+000   0.0000000000E+000      0.0000000000E+000   0.0000000000E+000
 Bending                                 0.0000000000E+000   0.0000000000E+000      0.0000000000E+000   0.0000000000E+000
 Torsion                                 0.0000000000E+000   0.0000000000E+000      0.0000000000E+000   0.0000000000E+000

Total                                   -0.7073007752E+006  -0.6646537599E+005     -0.7080350154E+006  -0.6608331646E+005

#########################################################################################################################

No errors found in bookkeeping.

Total simulation time:  17 hours and  15 minutes

Simulation finished.

