#   100 bins for weightfunction of cd                      
 0.0000000    0.3377453613E+001    0.8488159180E+000
 0.0101010    0.3409043884E+001    0.8923095703E+000
 0.0202020    0.3430070496E+001    0.8873794556E+000
 0.0303030    0.3455921936E+001    0.8658843994E+000
 0.0404040    0.3485368347E+001    0.8635086060E+000
 0.0505051    0.3553840637E+001    0.8619216919E+000
 0.0606061    0.3671363831E+001    0.8983764648E+000
 0.0707071    0.3715844727E+001    0.8782821655E+000
 0.0808081    0.3809338379E+001    0.8736251831E+000
 0.0909091    0.3982986450E+001    0.9219909668E+000
 0.1010101    0.4006594849E+001    0.8625930786E+000
 0.1111111    0.4119828796E+001    0.8629516602E+000
 0.1212121    0.4185322571E+001    0.8571456909E+000
 0.1313131    0.4262823486E+001    0.8789291382E+000
 0.1414141    0.4331140137E+001    0.8785369873E+000
 0.1515152    0.4356962585E+001    0.8571945190E+000
 0.1616162    0.4365908813E+001    0.8452911377E+000
 0.1717172    0.4366571045E+001    0.8420394897E+000
 0.1818182    0.4360873413E+001    0.8406402588E+000
 0.1919192    0.4327102661E+001    0.8132156372E+000
 0.2020202    0.4342468262E+001    0.8043884277E+000
 0.2121212    0.4309541321E+001    0.8086303711E+000
 0.2222222    0.4183645630E+001    0.8097824097E+000
 0.2323232    0.4151921082E+001    0.7979080200E+000
 0.2424242    0.4128276062E+001    0.7758560181E+000
 0.2525253    0.4030854797E+001    0.7829742432E+000
 0.2626263    0.3934623718E+001    0.7738601685E+000
 0.2727273    0.3866592407E+001    0.7752304077E+000
 0.2828283    0.3768446350E+001    0.7687881470E+000
 0.2929293    0.3717129517E+001    0.7022689819E+000
 0.3030303    0.3623703003E+001    0.7137481689E+000
 0.3131313    0.3501896667E+001    0.7207595825E+000
 0.3232323    0.3419705200E+001    0.7361968994E+000
 0.3333333    0.3323666382E+001    0.6773651123E+000
 0.3434343    0.3208616638E+001    0.6938339233E+000
 0.3535354    0.3151647949E+001    0.6553939819E+000
 0.3636364    0.3022340393E+001    0.6719741821E+000
 0.3737374    0.2891993713E+001    0.6532165527E+000
 0.3838384    0.2797712708E+001    0.6515197754E+000
 0.3939394    0.2670790100E+001    0.6350128174E+000
 0.4040404    0.2582044983E+001    0.6139663696E+000
 0.4141414    0.2458482361E+001    0.6034164429E+000
 0.4242424    0.2356091309E+001    0.5764877319E+000
 0.4343434    0.2196047974E+001    0.6280715942E+000
 0.4444444    0.2121405029E+001    0.5417739868E+000
 0.4545455    0.1985716248E+001    0.5797454834E+000
 0.4646465    0.1858432007E+001    0.5346618652E+000
 0.4747475    0.1751614380E+001    0.5189270020E+000
 0.4848485    0.1681896973E+001    0.5071731567E+000
 0.4949495    0.1531987000E+001    0.5076721191E+000
 0.5050505    0.1459564209E+001    0.5010757446E+000
 0.5151515    0.1455416870E+001    0.5104141235E+000
 0.5252525    0.1465196228E+001    0.4749038696E+000
 0.5353535    0.1479121399E+001    0.4839996338E+000
 0.5454545    0.1441423035E+001    0.4845443726E+000
 0.5555556    0.1439363098E+001    0.4939361572E+000
 0.5656566    0.1428259277E+001    0.4879531860E+000
 0.5757576    0.1404492187E+001    0.5005844116E+000
 0.5858586    0.1367974854E+001    0.4571685791E+000
 0.5959596    0.1414433289E+001    0.4854248047E+000
 0.6060606    0.1397819519E+001    0.4756820679E+000
 0.6161616    0.1349084473E+001    0.4724090576E+000
 0.6262626    0.1344917297E+001    0.4623519897E+000
 0.6363636    0.1318978882E+001    0.4762054443E+000
 0.6464646    0.1312600708E+001    0.4970687866E+000
 0.6565657    0.1299501038E+001    0.4752212524E+000
 0.6666667    0.1294493103E+001    0.4697036743E+000
 0.6767677    0.1266044617E+001    0.4933868408E+000
 0.6868687    0.1249649048E+001    0.4650238037E+000
 0.6969697    0.1212445068E+001    0.4522781372E+000
 0.7070707    0.1190710449E+001    0.4727996826E+000
 0.7171717    0.1176306152E+001    0.4578231812E+000
 0.7272727    0.1106809998E+001    0.4180191040E+000
 0.7373737    0.1093234253E+001    0.4527221680E+000
 0.7474747    0.1089309692E+001    0.4611267090E+000
 0.7575758    0.1048202515E+001    0.4493408203E+000
 0.7676768    0.1007038879E+001    0.4140991211E+000
 0.7777778    0.9836120605E+000    0.4407287598E+000
 0.7878788    0.9421096802E+000    0.4216842651E+000
 0.7979798    0.9172424316E+000    0.4547409058E+000
 0.8080808    0.8731185913E+000    0.4240829468E+000
 0.8181818    0.8532150269E+000    0.4442230225E+000
 0.8282828    0.8247726440E+000    0.4239242554E+000
 0.8383838    0.7671417236E+000    0.4080535889E+000
 0.8484848    0.7151138306E+000    0.4084655762E+000
 0.8585859    0.6816635132E+000    0.4010574341E+000
 0.8686869    0.6483459473E+000    0.4158843994E+000
 0.8787879    0.5958190918E+000    0.4199859619E+000
 0.8888889    0.5489746094E+000    0.4034225464E+000
 0.8989899    0.4809936523E+000    0.3739532471E+000
 0.9090909    0.4529830933E+000    0.3951126099E+000
 0.9191919    0.4336380005E+000    0.4120437622E+000
 0.9292929    0.3585479736E+000    0.3904998779E+000
 0.9393939    0.3287429810E+000    0.4070648193E+000
 0.9494949    0.2288360596E+000    0.3730239868E+000
 0.9595960    0.2128234863E+000    0.3889175415E+000
 0.9696970    0.1566116333E+000    0.3844512939E+000
 0.9797980    0.6873474121E-001    0.3610992432E+000
 0.9898990    0.0000000000E+000    0.3243316650E+000
 1.0000000    0.3366088867E-002    0.3659240723E+000


#   100 bins for weightfunction of Ar                      
 0.0000000    0.2733541870E+001    0.2236465454E+000
 0.0101010    0.2755392456E+001    0.2331970215E+000
 0.0202020    0.2732019043E+001    0.2151214600E+000
 0.0303030    0.2750231934E+001    0.1820388794E+000
 0.0404040    0.2821983337E+001    0.2249740601E+000
 0.0505051    0.2833572388E+001    0.1976654053E+000
 0.0606061    0.2909901428E+001    0.2124710083E+000
 0.0707071    0.2996342468E+001    0.2209243774E+000
 0.0808081    0.3028778076E+001    0.2097488403E+000
 0.0909091    0.3113537598E+001    0.1917114258E+000
 0.1010101    0.3240756226E+001    0.2057739258E+000
 0.1111111    0.3291116333E+001    0.1916793823E+000
 0.1212121    0.3417924500E+001    0.2176696777E+000
 0.1313131    0.3552394104E+001    0.2473968506E+000
 0.1414141    0.3572579956E+001    0.2330596924E+000
 0.1515152    0.3677679443E+001    0.2025863647E+000
 0.1616162    0.3738238525E+001    0.2307708740E+000
 0.1717172    0.3777508545E+001    0.1891036987E+000
 0.1818182    0.3843086243E+001    0.2155899048E+000
 0.1919192    0.3888137817E+001    0.2215179443E+000
 0.2020202    0.3883334351E+001    0.1850448608E+000
 0.2121212    0.3863110352E+001    0.2131362915E+000
 0.2222222    0.3882910156E+001    0.2048492432E+000
 0.2323232    0.3894154358E+001    0.1644821167E+000
 0.2424242    0.3860804749E+001    0.1697891235E+000
 0.2525253    0.3870832825E+001    0.1897415161E+000
 0.2626263    0.3833532715E+001    0.1909423828E+000
 0.2727273    0.3788261414E+001    0.1521301270E+000
 0.2828283    0.3764276123E+001    0.1480026245E+000
 0.2929293    0.3722651672E+001    0.1738647461E+000
 0.3030303    0.3691746521E+001    0.1689331055E+000
 0.3131313    0.3687518311E+001    0.1381881714E+000
 0.3232323    0.3581353760E+001    0.1388534546E+000
 0.3333333    0.3563902283E+001    0.1316909790E+000
 0.3434343    0.3508306885E+001    0.1498153687E+000
 0.3535354    0.3414175415E+001    0.1325469971E+000
 0.3636364    0.3373683167E+001    0.9412536621E-001
 0.3737374    0.3350354004E+001    0.1257949829E+000
 0.3838384    0.3333995056E+001    0.9786529541E-001
 0.3939394    0.3240608215E+001    0.1069335938E+000
 0.4040404    0.3195748901E+001    0.8411254883E-001
 0.4141414    0.3148690796E+001    0.9853210449E-001
 0.4242424    0.3086665344E+001    0.8878479004E-001
 0.4343434    0.3042517090E+001    0.6952819824E-001
 0.4444444    0.2951228333E+001    0.6573638916E-001
 0.4545455    0.2894073486E+001    0.5526123047E-001
 0.4646465    0.2822683716E+001    0.3968505859E-001
 0.4747475    0.2788291931E+001    0.5486755371E-001
 0.4848485    0.2711947632E+001    0.2792816162E-001
 0.4949495    0.2627905273E+001    0.2200622559E-001
 0.5050505    0.2613174438E+001    0.4184265137E-001
 0.5151515    0.2612637329E+001    0.2735900879E-001
 0.5252525    0.2585130310E+001    0.2111511230E-001
 0.5353535    0.2627098083E+001    0.4513244629E-001
 0.5454545    0.2617753601E+001    0.6378173828E-002
 0.5555556    0.2602517700E+001    0.2547149658E-001
 0.5656566    0.2635765076E+001    0.2875823975E-001
 0.5757576    0.2618899536E+001    0.2928619385E-001
 0.5858586    0.2622923279E+001    0.1468811035E-001
 0.5959596    0.2639743042E+001    0.2476654053E-001
 0.6060606    0.2628030396E+001    0.2325439453E-001
 0.6161616    0.2585098267E+001    0.1993560791E-001
 0.6262626    0.2637945557E+001    0.1701049805E-001
 0.6363636    0.2621095276E+001    0.0000000000E+000
 0.6464646    0.2623291016E+001    0.1189575195E-001
 0.6565657    0.2654554749E+001    0.4266662598E-001
 0.6666667    0.2619885254E+001    0.1842803955E-001
 0.6767677    0.2636114502E+001    0.2164459229E-001
 0.6868687    0.2612377930E+001    0.5909729004E-001
 0.6969697    0.2631047058E+001    0.5686798096E-001
 0.7070707    0.2618826294E+001    0.3079071045E-001
 0.7171717    0.2602062988E+001    0.3453674316E-001
 0.7272727    0.2613429260E+001    0.4584503174E-001
 0.7373737    0.2612701416E+001    0.2919769287E-001
 0.7474747    0.2629519653E+001    0.4878082275E-001
 0.7575758    0.2633651733E+001    0.3717498779E-001
 0.7676768    0.2616375732E+001    0.3240356445E-001
 0.7777778    0.2625329590E+001    0.3268585205E-001
 0.7878788    0.2606974792E+001    0.1057586670E-001
 0.7979798    0.2615254211E+001    0.2092742920E-001
 0.8080808    0.2610960388E+001    0.2569580078E-001
 0.8181818    0.2610327148E+001    0.3533782959E-001
 0.8282828    0.2625082397E+001    0.3302307129E-001
 0.8383838    0.2610209656E+001    0.1517944336E-001
 0.8484848    0.2602052307E+001    0.1657867432E-001
 0.8585859    0.2624546814E+001    0.1071014404E-001
 0.8686869    0.2620579529E+001    0.1494598389E-001
 0.8787879    0.2636050415E+001    0.3684234619E-001
 0.8888889    0.2617924500E+001    0.2089691162E-001
 0.8989899    0.2606710815E+001    0.3043670654E-001
 0.9090909    0.2607962036E+001    0.2300872803E-001
 0.9191919    0.2611108398E+001    0.1649322510E-001
 0.9292929    0.2600596619E+001    0.2108917236E-001
 0.9393939    0.2615354919E+001    0.2073822021E-001
 0.9494949    0.2609393311E+001    0.1983184814E-001
 0.9595960    0.2601828003E+001    0.2362213135E-001
 0.9696970    0.2621711731E+001    0.1713714600E-001
 0.9797980    0.2607603455E+001    0.2452087402E-001
 0.9898990    0.2595300293E+001    0.1499938965E-002
 1.0000000    0.2607406616E+001    0.4496459961E-001


