 0.0000000   0.1486708276E+000   0.9864480257E+000   0.5521703671E+000   0.9779892808E+000
 0.0101010   0.1503619607E+000   0.9856726265E+000   0.5563117090E+000   0.9691664925E+000
 0.0202020   0.1455305626E+000   0.9990587816E+000   0.5441006876E+000   0.9810137255E+000
 0.0303030   0.1418091657E+000   0.9746888065E+000   0.5487059079E+000   0.9668360197E+000
 0.0404040   0.1359303454E+000   0.1006458134E+001   0.5480349105E+000   0.9848077034E+000
 0.0505051   0.1289089817E+000   0.9979347533E+000   0.5444650731E+000   0.9728133245E+000
 0.0606061   0.1214072542E+000   0.1009493611E+001   0.5467403274E+000   0.9904469704E+000
 0.0707071   0.1131251932E+000   0.9963378718E+000   0.5516633294E+000   0.9854340677E+000
 0.0808081   0.1045330431E+000   0.1002290613E+001   0.5443213173E+000   0.9826462495E+000
 0.0909091   0.9654138364E-001   0.1000124705E+001   0.5453767614E+000   0.9729624589E+000
 0.1010101   0.9095558214E-001   0.1002759459E+001   0.5430826923E+000   0.9688224892E+000
 0.1111111   0.8545225106E-001   0.1028471857E+001   0.5482872915E+000   0.9821511234E+000
 0.1212121   0.8000238772E-001   0.1028225412E+001   0.5512183512E+000   0.9892896878E+000
 0.1313131   0.7736300817E-001   0.1017652333E+001   0.5542696946E+000   0.9841853160E+000
 0.1414141   0.7430328236E-001   0.1027071330E+001   0.5580071792E+000   0.9712484080E+000
 0.1515152   0.7388985852E-001   0.1053739452E+001   0.5635663205E+000   0.9872853221E+000
 0.1616162   0.7217219644E-001   0.1010964265E+001   0.5710815743E+000   0.9947639128E+000
 0.1717172   0.7341894978E-001   0.1047183622E+001   0.5815954854E+000   0.9862334278E+000
 0.1818182   0.7462005238E-001   0.1033176346E+001   0.5892622654E+000   0.9876591522E+000
 0.1919192   0.7523275037E-001   0.1030794047E+001   0.5858534575E+000   0.9824792190E+000
 0.2020202   0.7921245662E-001   0.1035204005E+001   0.5956138606E+000   0.9880906476E+000
 0.2121212   0.8092553430E-001   0.1019786184E+001   0.6126856029E+000   0.9803833843E+000
 0.2222222   0.8552954738E-001   0.1041701730E+001   0.6210554282E+000   0.9765078795E+000
 0.2323232   0.9151010334E-001   0.1046548476E+001   0.6327693841E+000   0.9958496109E+000
 0.2424242   0.9608896510E-001   0.1021266856E+001   0.6419166307E+000   0.9845750538E+000
 0.2525253   0.1025387685E+000   0.1044025924E+001   0.6612925291E+000   0.9915903337E+000
 0.2626263   0.1079475848E+000   0.1023352619E+001   0.6710656528E+000   0.9976710384E+000
 0.2727273   0.1182042737E+000   0.1026352032E+001   0.6897798362E+000   0.1002367776E+001
 0.2828283   0.1275707655E+000   0.1021869944E+001   0.7085030608E+000   0.1018736763E+001
 0.2929293   0.1379078750E+000   0.1014150013E+001   0.7109438254E+000   0.9838950011E+000
 0.3030303   0.1487771731E+000   0.9964821321E+000   0.7301064816E+000   0.9945372285E+000
 0.3131313   0.1623667678E+000   0.1017159444E+001   0.7432219509E+000   0.9730598933E+000
 0.3232323   0.1768710854E+000   0.1011276829E+001   0.7641395177E+000   0.9933878998E+000
 0.3333333   0.1941579251E+000   0.1031381107E+001   0.7831188864E+000   0.1000132749E+001
 0.3434343   0.2120034373E+000   0.1008255377E+001   0.8046375278E+000   0.1002713768E+001
 0.3535354   0.2308532089E+000   0.1017856702E+001   0.8180872258E+000   0.1015598976E+001
 0.3636364   0.2570769095E+000   0.1016261824E+001   0.8402490929E+000   0.1001669828E+001
 0.3737374   0.2829064467E+000   0.1016864912E+001   0.8571160292E+000   0.9902859053E+000
 0.3838384   0.3097174872E+000   0.9994074107E+000   0.8875327978E+000   0.9845452269E+000
 0.3939394   0.3437456947E+000   0.1012571164E+001   0.9031577867E+000   0.1006511723E+001
 0.4040404   0.3814074144E+000   0.1006943009E+001   0.9224317470E+000   0.9896177834E+000
 0.4141414   0.4240718569E+000   0.1004204066E+001   0.9526760405E+000   0.1005734236E+001
 0.4242424   0.4631481106E+000   0.9996879169E+000   0.9661397501E+000   0.9989695015E+000
 0.4343434   0.5234308266E+000   0.1020501475E+001   0.1000783217E+001   0.9943344058E+000
 0.4444444   0.5748007597E+000   0.1005959233E+001   0.1034797691E+001   0.1029649421E+001
 0.4545455   0.6386914807E+000   0.9958149281E+000   0.1064142672E+001   0.1013924694E+001
 0.4646465   0.7152110868E+000   0.1005203870E+001   0.1094053403E+001   0.1011061315E+001
 0.4747475   0.7962781529E+000   0.9955484473E+000   0.1114105123E+001   0.9907352968E+000
 0.4848485   0.8977192080E+000   0.1002284603E+001   0.1141044862E+001   0.1006058354E+001
 0.4949495   0.1000672118E+001   0.9911645366E+000   0.1166111665E+001   0.9912005960E+000
 0.5050505   0.1057657923E+001   0.9940136778E+000   0.1193687916E+001   0.1006326796E+001
 0.5151515   0.1057848702E+001   0.9938714211E+000   0.1185638372E+001   0.9923737862E+000
 0.5252525   0.1067327520E+001   0.9935047595E+000   0.1197750356E+001   0.1016286983E+001
 0.5353535   0.1066847135E+001   0.9986861091E+000   0.1195185934E+001   0.9943264520E+000
 0.5454545   0.1072676585E+001   0.9932322678E+000   0.1206617948E+001   0.1002839041E+001
 0.5555556   0.1070550305E+001   0.9795295415E+000   0.1196928693E+001   0.1008030905E+001
 0.5656566   0.1083089840E+001   0.9948451782E+000   0.1214493568E+001   0.1027623182E+001
 0.5757576   0.1089451908E+001   0.9833183783E+000   0.1189983301E+001   0.9973548736E+000
 0.5858586   0.1099290373E+001   0.9919259105E+000   0.1218870655E+001   0.1020737152E+001
 0.5959596   0.1125359780E+001   0.9988644309E+000   0.1207726989E+001   0.1010880365E+001
 0.6060606   0.1107356410E+001   0.9716413073E+000   0.1204865597E+001   0.1018842151E+001
 0.6161616   0.1127526897E+001   0.9769128196E+000   0.1214362351E+001   0.1020848505E+001
 0.6262626   0.1148077603E+001   0.9934927378E+000   0.1213807339E+001   0.1012614301E+001
 0.6363636   0.1179219089E+001   0.9990928431E+000   0.1229111079E+001   0.1014215009E+001
 0.6464646   0.1199718212E+001   0.1014105934E+001   0.1212707986E+001   0.1019669350E+001
 0.6565657   0.1213699789E+001   0.9982152595E+000   0.1214061214E+001   0.1004747961E+001
 0.6666667   0.1238398066E+001   0.1004943400E+001   0.1219146726E+001   0.1015821683E+001
 0.6767677   0.1240196213E+001   0.9732622322E+000   0.1242672534E+001   0.1022355756E+001
 0.6868687   0.1277443768E+001   0.9902028012E+000   0.1231420401E+001   0.1017790257E+001
 0.6969697   0.1307283670E+001   0.1009505633E+001   0.1227801509E+001   0.1008082605E+001
 0.7070707   0.1325466498E+001   0.9909661787E+000   0.1231731700E+001   0.1002747572E+001
 0.7171717   0.1356366798E+001   0.9894294056E+000   0.1227092890E+001   0.9978559650E+000
 0.7272727   0.1388653724E+001   0.9992571395E+000   0.1238135215E+001   0.1010196336E+001
 0.7373737   0.1418007359E+001   0.9809661338E+000   0.1243669125E+001   0.9993274240E+000
 0.7474747   0.1456442878E+001   0.9836750219E+000   0.1247344598E+001   0.9964799520E+000
 0.7575758   0.1491814692E+001   0.9899723854E+000   0.1262312993E+001   0.1015652664E+001
 0.7676768   0.1545734611E+001   0.9995977542E+000   0.1261950026E+001   0.1015459784E+001
 0.7777778   0.1571777680E+001   0.9748190415E+000   0.1269728376E+001   0.1002721722E+001
 0.7878788   0.1611144941E+001   0.9871472875E+000   0.1278649062E+001   0.1022361722E+001
 0.7979798   0.1678025950E+001   0.9886840606E+000   0.1275583849E+001   0.1010554258E+001
 0.8080808   0.1734788078E+001   0.9977924966E+000   0.1275131754E+001   0.1011109038E+001
 0.8181818   0.1792055886E+001   0.1000489363E+001   0.1289248073E+001   0.1008864069E+001
 0.8282828   0.1828769325E+001   0.9755944407E+000   0.1274216685E+001   0.9905324741E+000
 0.8383838   0.1898142086E+001   0.9878064770E+000   0.1303519936E+001   0.1014264721E+001
 0.8484848   0.1955033914E+001   0.9707396803E+000   0.1298060111E+001   0.9986394175E+000
 0.8585859   0.2052059266E+001   0.9944384443E+000   0.1312331127E+001   0.1018301291E+001
 0.8686869   0.2111791825E+001   0.9841017920E+000   0.1323209342E+001   0.1010114809E+001
 0.8787879   0.2192083151E+001   0.9796417439E+000   0.1323928097E+001   0.1005298763E+001
 0.8888889   0.2283169897E+001   0.9782993216E+000   0.1320011199E+001   0.9956905342E+000
 0.8989899   0.2373524766E+001   0.9781610721E+000   0.1350115103E+001   0.1010287805E+001
 0.9090909   0.2476494294E+001   0.9797739826E+000   0.1345466980E+001   0.1000524476E+001
 0.9191919   0.2577192146E+001   0.9680347994E+000   0.1362472897E+001   0.1005672594E+001
 0.9292929   0.2692630146E+001   0.9695375110E+000   0.1377822965E+001   0.1012178828E+001
 0.9393939   0.2798603884E+001   0.9709741034E+000   0.1371292240E+001   0.1016658824E+001
 0.9494949   0.2939835642E+001   0.9994895589E+000   0.1389649516E+001   0.1037937314E+001
 0.9595960   0.3090026328E+001   0.9823285923E+000   0.1402511126E+001   0.1014682297E+001
 0.9696970   0.3200563186E+001   0.9498680178E+000   0.1406944751E+001   0.1004724099E+001
 0.9797980   0.3367873338E+001   0.9712926782E+000   0.1420239383E+001   0.1005465794E+001
 0.9898990   0.3536956176E+001   0.9698100028E+000   0.1426745369E+001   0.1007694855E+001
 1.0000000   0.3600379687E+001   0.9665120517E+000   0.1412651067E+001   0.9946028477E+000


 0.0000000   0.9568399426E+000   0.9197277203E+000   0.8026571463E+000   0.9651741236E+000
 0.0101010   0.9745498131E+000   0.9514660722E+000   0.8140702441E+000   0.9969477871E+000
 0.0202020   0.9714785891E+000   0.9487281352E+000   0.8235797164E+000   0.1003573555E+001
 0.0303030   0.9355962786E+000   0.9591989991E+000   0.8072540704E+000   0.9997959214E+000
 0.0404040   0.9085635672E+000   0.9563059382E+000   0.8091899376E+000   0.1012385292E+001
 0.0505051   0.8823958746E+000   0.9711280277E+000   0.8079384987E+000   0.1014071552E+001
 0.0606061   0.8318355516E+000   0.9468918559E+000   0.7965522997E+000   0.9826474793E+000
 0.0707071   0.7940316150E+000   0.9507389289E+000   0.8018857961E+000   0.9987594884E+000
 0.0808081   0.7405333125E+000   0.9516386475E+000   0.7865271574E+000   0.9933367229E+000
 0.0909091   0.6924119411E+000   0.9580181183E+000   0.7939661114E+000   0.1005475739E+001
 0.1010101   0.6392580365E+000   0.9522416917E+000   0.7861776228E+000   0.9965015451E+000
 0.1111111   0.5928838468E+000   0.9622103420E+000   0.7732325673E+000   0.9784914652E+000
 0.1212121   0.5508569637E+000   0.9565987345E+000   0.7841008197E+000   0.9997218905E+000
 0.1313131   0.5096334311E+000   0.9791789586E+000   0.7779010453E+000   0.9984345749E+000
 0.1414141   0.4820249535E+000   0.9753900571E+000   0.7812425450E+000   0.1005648478E+001
 0.1515152   0.4565672126E+000   0.9623189287E+000   0.7759655575E+000   0.9840273335E+000
 0.1616162   0.4312234934E+000   0.9690067083E+000   0.7819119350E+000   0.1000141399E+001
 0.1717172   0.4170968692E+000   0.9957869122E+000   0.7865748109E+000   0.1003672263E+001
 0.1818182   0.4007114086E+000   0.9680274886E+000   0.7943251246E+000   0.1005555939E+001
 0.1919192   0.3942636558E+000   0.9943112960E+000   0.7920953119E+000   0.1011856794E+001
 0.2020202   0.3886091835E+000   0.9876758708E+000   0.7960240466E+000   0.1012070661E+001
 0.2121212   0.3904196487E+000   0.9714440927E+000   0.8027492001E+000   0.1012837703E+001
 0.2222222   0.3950595399E+000   0.1011520355E+001   0.8044514271E+000   0.1001157268E+001
 0.2323232   0.4006250782E+000   0.9949104621E+000   0.8101572717E+000   0.9712940138E+000
 0.2424242   0.4009830974E+000   0.9842146685E+000   0.8210191503E+000   0.9886151947E+000
 0.2525253   0.4092248571E+000   0.9933359544E+000   0.8303882054E+000   0.1007042727E+001
 0.2626263   0.4201289837E+000   0.9942473074E+000   0.8320883154E+000   0.9894583247E+000
 0.2727273   0.4381629088E+000   0.1005197116E+001   0.8422471795E+000   0.1000069425E+001
 0.2828283   0.4486714385E+000   0.1008728124E+001   0.8552586159E+000   0.9947926645E+000
 0.2929293   0.4647074434E+000   0.9804587309E+000   0.8615922364E+000   0.9979266404E+000
 0.3030303   0.4902640778E+000   0.9841526190E+000   0.8672159456E+000   0.1000022127E+001
 0.3131313   0.5056765330E+000   0.1012138911E+001   0.8848242032E+000   0.1012142635E+001
 0.3232323   0.5250796497E+000   0.1016364099E+001   0.8944817758E+000   0.1001568551E+001
 0.3333333   0.5479536996E+000   0.1003163054E+001   0.9060720749E+000   0.1020631515E+001
 0.3434343   0.5693773138E+000   0.9915132485E+000   0.9126673224E+000   0.9937809084E+000
 0.3535354   0.5871074722E+000   0.1011262461E+001   0.9162475055E+000   0.9977127733E+000
 0.3636364   0.6333153658E+000   0.1015920057E+001   0.9292779897E+000   0.9829127568E+000
 0.3737374   0.6611205450E+000   0.9994439583E+000   0.9457107556E+000   0.9884712457E+000
 0.3838384   0.6923336550E+000   0.1000510435E+001   0.9512526188E+000   0.9907456403E+000
 0.3939394   0.7357587541E+000   0.1004615402E+001   0.9672749985E+000   0.1010347385E+001
 0.4040404   0.7748519433E+000   0.1016348586E+001   0.9794943958E+000   0.1001755685E+001
 0.4141414   0.8192465798E+000   0.1001743670E+001   0.9988969838E+000   0.9961828008E+000
 0.4242424   0.8654483891E+000   0.1041088911E+001   0.1018127098E+001   0.1017828622E+001
 0.4343434   0.9106723566E+000   0.1022857973E+001   0.1018551528E+001   0.9812470609E+000
 0.4444444   0.9802292796E+000   0.1034470937E+001   0.1038810768E+001   0.1012625893E+001
 0.4545455   0.1013935032E+001   0.9883622941E+000   0.1054648717E+001   0.9999131370E+000
 0.4646465   0.1072127102E+001   0.1004677451E+001   0.1073929022E+001   0.1001107914E+001
 0.4747475   0.1132415492E+001   0.9975979838E+000   0.1088820571E+001   0.1015790715E+001
 0.4848485   0.1212504327E+001   0.1024814474E+001   0.1100150311E+001   0.9944883151E+000
 0.4949495   0.1278578280E+001   0.1002591035E+001   0.1121083272E+001   0.1008085329E+001
 0.5050505   0.1323233116E+001   0.1012218412E+001   0.1128575215E+001   0.9972747570E+000
 0.5151515   0.1328254446E+001   0.9970550501E+000   0.1125074249E+001   0.1015901761E+001
 0.5252525   0.1335599733E+001   0.1006184092E+001   0.1111016631E+001   0.9964604168E+000
 0.5353535   0.1330427297E+001   0.1038781443E+001   0.1124482744E+001   0.1024781360E+001
 0.5454545   0.1315891304E+001   0.1012763285E+001   0.1129212403E+001   0.1016368567E+001
 0.5555556   0.1319498208E+001   0.1001799903E+001   0.1116175953E+001   0.1001624074E+001
 0.5656566   0.1324170165E+001   0.1023509494E+001   0.1115285313E+001   0.1000844693E+001
 0.5757576   0.1332791073E+001   0.1018295391E+001   0.1125364990E+001   0.1011912317E+001
 0.5858586   0.1323645400E+001   0.1004851966E+001   0.1125795981E+001   0.1011441398E+001
 0.5959596   0.1325294285E+001   0.1013750261E+001   0.1117308538E+001   0.1008077103E+001
 0.6060606   0.1332550507E+001   0.1011101520E+001   0.1112171640E+001   0.1010857376E+001
 0.6161616   0.1322826700E+001   0.1010680747E+001   0.1125919852E+001   0.1010417303E+001
 0.6262626   0.1326539772E+001   0.9990949296E+000   0.1142835596E+001   0.1016130023E+001
 0.6363636   0.1320794531E+001   0.1001262786E+001   0.1121370158E+001   0.1012169369E+001
 0.6464646   0.1323798720E+001   0.1005805978E+001   0.1117879408E+001   0.9976634194E+000
 0.6565657   0.1311424548E+001   0.1013248047E+001   0.1118748216E+001   0.9899888797E+000
 0.6666667   0.1324409167E+001   0.1024574032E+001   0.1124816462E+001   0.9923681515E+000
 0.6767677   0.1328003502E+001   0.1016881825E+001   0.1129309031E+001   0.1000122891E+001
 0.6868687   0.1320613296E+001   0.1027271249E+001   0.1130483844E+001   0.1003826494E+001
 0.6969697   0.1316592997E+001   0.1019875716E+001   0.1115512600E+001   0.1008545966E+001
 0.7070707   0.1316946495E+001   0.1009226460E+001   0.1116534088E+001   0.9995861671E+000
 0.7171717   0.1331794021E+001   0.1014764383E+001   0.1116931738E+001   0.9926663317E+000
 0.7272727   0.1317355638E+001   0.1017661322E+001   0.1113292497E+001   0.1002726312E+001
 0.7373737   0.1315215218E+001   0.1008307351E+001   0.1115466276E+001   0.9910931744E+000
 0.7474747   0.1326439482E+001   0.1034375924E+001   0.1117506038E+001   0.1005337959E+001
 0.7575758   0.1335848323E+001   0.1018832508E+001   0.1133191820E+001   0.1008142909E+001
 0.7676768   0.1330348642E+001   0.1012018690E+001   0.1130552987E+001   0.1002426076E+001
 0.7777778   0.1324480516E+001   0.1013348878E+001   0.1124299073E+001   0.1004468096E+001
 0.7878788   0.1332914852E+001   0.1013533087E+001   0.1127549757E+001   0.1000456031E+001
 0.7979798   0.1325538901E+001   0.1009121751E+001   0.1124805568E+001   0.9868816371E+000
 0.8080808   0.1328547050E+001   0.1021271831E+001   0.1131186085E+001   0.1005416103E+001
 0.8181818   0.1330152936E+001   0.1010903737E+001   0.1134660921E+001   0.9986093701E+000
 0.8282828   0.1331234837E+001   0.1018227525E+001   0.1125756949E+001   0.1004698414E+001
 0.8383838   0.1322618218E+001   0.1016889581E+001   0.1134323030E+001   0.1008735156E+001
 0.8484848   0.1337127951E+001   0.1012528660E+001   0.1131553512E+001   0.9971472593E+000
 0.8585859   0.1330107029E+001   0.1007896272E+001   0.1121569902E+001   0.9851439667E+000
 0.8686869   0.1327190800E+001   0.1026732193E+001   0.1130259795E+001   0.1002617322E+001
 0.8787879   0.1333727602E+001   0.1010864956E+001   0.1131132674E+001   0.9949119365E+000
 0.8888889   0.1319311038E+001   0.1008119263E+001   0.1120445106E+001   0.1002177250E+001
 0.8989899   0.1331703759E+001   0.1020600921E+001   0.1122367899E+001   0.9894315913E+000
 0.9090909   0.1319722855E+001   0.1014632528E+001   0.1121455166E+001   0.9952594706E+000
 0.9191919   0.1325352857E+001   0.1015925874E+001   0.1116199961E+001   0.9845393808E+000
 0.9292929   0.1319647301E+001   0.1014428928E+001   0.1118016969E+001   0.1003812099E+001
 0.9393939   0.1321642692E+001   0.1011739467E+001   0.1126299349E+001   0.1004702527E+001
 0.9494949   0.1331316899E+001   0.1023722789E+001   0.1131213588E+001   0.1000266840E+001
 0.9595960   0.1326345271E+001   0.9924246014E+000   0.1132829830E+001   0.9870317554E+000
 0.9696970   0.1324118664E+001   0.1006228690E+001   0.1118986368E+001   0.9801324841E+000
 0.9797980   0.1319215457E+001   0.9985713864E+000   0.1125618400E+001   0.9944327919E+000
 0.9898990   0.1324444827E+001   0.1008024250E+001   0.1122621318E+001   0.9847758685E+000
 1.0000000   0.1325886722E+001   0.1015786262E+001   0.1125372691E+001   0.9967524277E+000


