 0.0000000   0.1446158591E+000   0.1045094741E+001   0.5983987096E+000   0.1000992239E+001
 0.0101010   0.1478797329E+000   0.1090424961E+001   0.6020388022E+000   0.1018455073E+001
 0.0202020   0.1423496244E+000   0.1053112683E+001   0.5927824081E+000   0.1000668544E+001
 0.0303030   0.1394251019E+000   0.1037259809E+001   0.5964330427E+000   0.9897224146E+000
 0.0404040   0.1329711155E+000   0.1061978924E+001   0.5960568653E+000   0.1023064948E+001
 0.0505051   0.1251066756E+000   0.1026040289E+001   0.5861029057E+000   0.9717498531E+000
 0.0606061   0.1168886148E+000   0.1027769184E+001   0.5887890698E+000   0.9921333907E+000
 0.0707071   0.1070671727E+000   0.1007155927E+001   0.5852024943E+000   0.9877765188E+000
 0.0808081   0.9976787329E-001   0.1012624662E+001   0.5835287215E+000   0.9650285132E+000
 0.0909091   0.9336251003E-001   0.1018377600E+001   0.5935463299E+000   0.9930449480E+000
 0.1010101   0.8600644251E-001   0.1025601067E+001   0.5943144937E+000   0.1002300045E+001
 0.1111111   0.7996181489E-001   0.9892318229E+000   0.5929363711E+000   0.9726707120E+000
 0.1212121   0.7494735576E-001   0.1039399936E+001   0.5919168550E+000   0.9860966489E+000
 0.1313131   0.7063177459E-001   0.1015318122E+001   0.6000725313E+000   0.9938188415E+000
 0.1414141   0.6850258382E-001   0.9903772431E+000   0.6095687022E+000   0.1007994488E+001
 0.1515152   0.6710919404E-001   0.1006299014E+001   0.6018728124E+000   0.9733292657E+000
 0.1616162   0.6665938293E-001   0.1001239358E+001   0.6142406043E+000   0.9832205926E+000
 0.1717172   0.6589460533E-001   0.1012605285E+001   0.6200813760E+000   0.1004809618E+001
 0.1818182   0.6753440344E-001   0.1000119774E+001   0.6356271729E+000   0.9865598689E+000
 0.1919192   0.6953836572E-001   0.9836468229E+000   0.6412216996E+000   0.9750407610E+000
 0.2020202   0.7187322120E-001   0.9958179890E+000   0.6567291118E+000   0.1021978521E+001
 0.2121212   0.7385307539E-001   0.9941429196E+000   0.6575758110E+000   0.9923454673E+000
 0.2222222   0.7733943064E-001   0.9734715299E+000   0.6599745362E+000   0.9872742321E+000
 0.2323232   0.8261509351E-001   0.1009483369E+001   0.6720070100E+000   0.9731562558E+000
 0.2424242   0.8760465904E-001   0.1003878991E+001   0.6852576335E+000   0.9899010054E+000
 0.2525253   0.9355624866E-001   0.9834831914E+000   0.6887360001E+000   0.9790944006E+000
 0.2626263   0.1003787336E+000   0.9950536579E+000   0.7112785447E+000   0.9905670004E+000
 0.2727273   0.1088895760E+000   0.1011920616E+001   0.7227391995E+000   0.9755839748E+000
 0.2828283   0.1164637747E+000   0.9853326575E+000   0.7359976047E+000   0.9960307632E+000
 0.2929293   0.1281039628E+000   0.1017105150E+001   0.7428757187E+000   0.9755504890E+000
 0.3030303   0.1388162402E+000   0.9803268267E+000   0.7592735811E+000   0.9933667835E+000
 0.3131313   0.1525576107E+000   0.1010736441E+001   0.7812828321E+000   0.9664646811E+000
 0.3232323   0.1671662126E+000   0.1018530466E+001   0.7969982461E+000   0.9784953772E+000
 0.3333333   0.1821923944E+000   0.1017303230E+001   0.8118287756E+000   0.9997495450E+000
 0.3434343   0.1990582336E+000   0.1015798251E+001   0.8273519137E+000   0.1001503828E+001
 0.3535354   0.2190975961E+000   0.9936218826E+000   0.8504960694E+000   0.9934207328E+000
 0.3636364   0.2404596945E+000   0.9796206278E+000   0.8548847580E+000   0.9809082136E+000
 0.3737374   0.2628516329E+000   0.9721624782E+000   0.8721082897E+000   0.9998648849E+000
 0.3838384   0.2923103278E+000   0.9630916975E+000   0.9063220789E+000   0.9791427689E+000
 0.3939394   0.3246993677E+000   0.9904719771E+000   0.9236023728E+000   0.9824857658E+000
 0.4040404   0.3620239314E+000   0.9668401497E+000   0.9318927703E+000   0.9803538379E+000
 0.4141414   0.4036619982E+000   0.9925561251E+000   0.9628944958E+000   0.9843460868E+000
 0.4242424   0.4541542597E+000   0.9927865010E+000   0.9827498831E+000   0.1006878295E+001
 0.4343434   0.4958463394E+000   0.1004255774E+001   0.1011225216E+001   0.9839851846E+000
 0.4444444   0.5506824801E+000   0.1008023604E+001   0.1025929573E+001   0.1001442437E+001
 0.4545455   0.6232520374E+000   0.9999238468E+000   0.1058210453E+001   0.9935993236E+000
 0.4646465   0.6950630519E+000   0.9985760403E+000   0.1100068609E+001   0.1011021230E+001
 0.4747475   0.7718878405E+000   0.9935206895E+000   0.1105014035E+001   0.1000089984E+001
 0.4848485   0.8700362009E+000   0.1004832791E+001   0.1134586538E+001   0.1009356243E+001
 0.4949495   0.9772423900E+000   0.9987805796E+000   0.1167976338E+001   0.9994500333E+000
 0.5050505   0.1030824077E+001   0.9777281008E+000   0.1178560497E+001   0.1019175017E+001
 0.5151515   0.1023066879E+001   0.9894126787E+000   0.1192624782E+001   0.1019720091E+001
 0.5252525   0.1042588915E+001   0.1004729444E+001   0.1173843531E+001   0.9925501026E+000
 0.5353535   0.1041488745E+001   0.9662566744E+000   0.1170108835E+001   0.9959842552E+000
 0.5454545   0.1051083940E+001   0.9869668190E+000   0.1182953891E+001   0.1005321206E+001
 0.5555556   0.1046773973E+001   0.9719428676E+000   0.1175412641E+001   0.1020032625E+001
 0.5656566   0.1051511448E+001   0.9940438795E+000   0.1181747268E+001   0.1010740322E+001
 0.5757576   0.1075417471E+001   0.9896559728E+000   0.1184319175E+001   0.1001163389E+001
 0.5858586   0.1076770954E+001   0.9902243768E+000   0.1190132361E+001   0.1018657848E+001
 0.5959596   0.1085993070E+001   0.1012997139E+001   0.1190302204E+001   0.9806589305E+000
 0.6060606   0.1104383248E+001   0.1001508488E+001   0.1187912026E+001   0.1018272761E+001
 0.6161616   0.1109922401E+001   0.9861723452E+000   0.1181227923E+001   0.1015662731E+001
 0.6262626   0.1119460891E+001   0.9758140434E+000   0.1195180677E+001   0.9886769142E+000
 0.6363636   0.1139900023E+001   0.9823420773E+000   0.1198941700E+001   0.1012634128E+001
 0.6464646   0.1161403699E+001   0.1010695533E+001   0.1202231083E+001   0.9975487852E+000
 0.6565657   0.1192794549E+001   0.9695917419E+000   0.1191974963E+001   0.1015910154E+001
 0.6666667   0.1192962645E+001   0.9938888603E+000   0.1200531901E+001   0.9914804180E+000
 0.6767677   0.1227357088E+001   0.9923666571E+000   0.1193095567E+001   0.9880369638E+000
 0.6868687   0.1263191920E+001   0.9899896949E+000   0.1214840156E+001   0.1009562738E+001
 0.6969697   0.1272770711E+001   0.9921535056E+000   0.1197625798E+001   0.9931212211E+000
 0.7070707   0.1320316960E+001   0.9969181953E+000   0.1218132043E+001   0.1016533361E+001
 0.7171717   0.1345903811E+001   0.9869452886E+000   0.1215381808E+001   0.1005166800E+001
 0.7272727   0.1374673168E+001   0.9768367400E+000   0.1213677331E+001   0.9893298869E+000
 0.7373737   0.1415479238E+001   0.9894901883E+000   0.1232858459E+001   0.1021115332E+001
 0.7474747   0.1449926499E+001   0.1005265553E+001   0.1226065751E+001   0.1018717378E+001
 0.7575758   0.1484880957E+001   0.9865620465E+000   0.1226987574E+001   0.1008344228E+001
 0.7676768   0.1521101734E+001   0.9761197758E+000   0.1233126726E+001   0.1005527702E+001
 0.7777778   0.1577561848E+001   0.9826908707E+000   0.1233686990E+001   0.9899289103E+000
 0.7878788   0.1621805622E+001   0.9945886001E+000   0.1241879200E+001   0.1011305859E+001
 0.7979798   0.1673254423E+001   0.9995836656E+000   0.1251155202E+001   0.1021275320E+001
 0.8080808   0.1730357789E+001   0.1002455828E+001   0.1243419335E+001   0.1007849383E+001
 0.8181818   0.1781026751E+001   0.9849687928E+000   0.1252173933E+001   0.1002313067E+001
 0.8282828   0.1850016411E+001   0.1004632557E+001   0.1264409293E+001   0.1016291520E+001
 0.8383838   0.1906634431E+001   0.9981475842E+000   0.1266890397E+001   0.1019753577E+001
 0.8484848   0.1979742629E+001   0.9915463468E+000   0.1265499505E+001   0.1003992937E+001
 0.8585859   0.2054919176E+001   0.9907131182E+000   0.1272418499E+001   0.1008176799E+001
 0.8686869   0.2153877907E+001   0.1002696969E+001   0.1276012567E+001   0.9985384760E+000
 0.8787879   0.2236048039E+001   0.1006634890E+001   0.1294680626E+001   0.1018280203E+001
 0.8888889   0.2332431339E+001   0.1004046929E+001   0.1311241314E+001   0.1032943253E+001
 0.8989899   0.2406876824E+001   0.9858515414E+000   0.1294658202E+001   0.1001057351E+001
 0.9090909   0.2483714865E+001   0.9892555064E+000   0.1300946560E+001   0.1003442282E+001
 0.9191919   0.2660437345E+001   0.1023187503E+001   0.1313166678E+001   0.1024832253E+001
 0.9292929   0.2766785656E+001   0.1007655433E+001   0.1319988717E+001   0.1023113317E+001
 0.9393939   0.2887506996E+001   0.1000382445E+001   0.1331431231E+001   0.1000402518E+001
 0.9494949   0.2993506466E+001   0.9845769385E+000   0.1305756500E+001   0.9893856965E+000
 0.9595960   0.3173736797E+001   0.1022291836E+001   0.1341797213E+001   0.1032805589E+001
 0.9696970   0.3336307854E+001   0.1021921513E+001   0.1354382614E+001   0.1026205170E+001
 0.9797980   0.3515571521E+001   0.1016465695E+001   0.1374467346E+001   0.1041448641E+001
 0.9898990   0.3650882353E+001   0.1003543116E+001   0.1362906627E+001   0.1021156259E+001
 1.0000000   0.3715090123E+001   0.9704163583E+000   0.1354634810E+001   0.9899716976E+000


 0.0000000   0.1020945283E+001   0.1034771458E+001   0.8212747364E+000   0.9782538933E+000
 0.0101010   0.1032580052E+001   0.1050560534E+001   0.8352040869E+000   0.1005151392E+001
 0.0202020   0.1021911236E+001   0.1042800972E+001   0.8342022352E+000   0.9924295504E+000
 0.0303030   0.9933307031E+000   0.1035116746E+001   0.8364370738E+000   0.9934331030E+000
 0.0404040   0.9799839811E+000   0.1048432305E+001   0.8325413241E+000   0.9960278397E+000
 0.0505051   0.9229151472E+000   0.1048861299E+001   0.8282392549E+000   0.1003888366E+001
 0.0606061   0.8836834278E+000   0.1062476107E+001   0.8251091455E+000   0.9971687607E+000
 0.0707071   0.8465564614E+000   0.1067925379E+001   0.8262021316E+000   0.1017585141E+001
 0.0808081   0.7787450500E+000   0.1051403874E+001   0.8205656933E+000   0.1005792444E+001
 0.0909091   0.7150625500E+000   0.1043920542E+001   0.8100137425E+000   0.1008970997E+001
 0.1010101   0.6704708365E+000   0.1044290942E+001   0.8198406920E+000   0.1014101326E+001
 0.1111111   0.6205518836E+000   0.1037862309E+001   0.8119761335E+000   0.1000478958E+001
 0.1212121   0.5699829687E+000   0.1049930645E+001   0.8052143149E+000   0.1009213299E+001
 0.1313131   0.5285570758E+000   0.1029914408E+001   0.8170750253E+000   0.1013149286E+001
 0.1414141   0.4944783659E+000   0.1031280911E+001   0.8060688042E+000   0.9967528397E+000
 0.1515152   0.4668932202E+000   0.1032071934E+001   0.8135318330E+000   0.1009779944E+001
 0.1616162   0.4380421758E+000   0.1024130312E+001   0.8115087135E+000   0.9992044843E+000
 0.1717172   0.4177508743E+000   0.1029324279E+001   0.8150680965E+000   0.1009423168E+001
 0.1818182   0.4032644451E+000   0.1004953229E+001   0.8126456658E+000   0.9970943528E+000
 0.1919192   0.3894865835E+000   0.9877432407E+000   0.8184360866E+000   0.9994983000E+000
 0.2020202   0.3918232407E+000   0.1009488010E+001   0.8219938908E+000   0.1009304878E+001
 0.2121212   0.3900804900E+000   0.1009316413E+001   0.8269367844E+000   0.1007160405E+001
 0.2222222   0.3877950070E+000   0.9739882247E+000   0.8314058565E+000   0.9850917877E+000
 0.2323232   0.3954612047E+000   0.1007979207E+001   0.8314629215E+000   0.9844125772E+000
 0.2424242   0.4003273503E+000   0.1009772611E+001   0.8457185549E+000   0.9863357350E+000
 0.2525253   0.4099010275E+000   0.9891578749E+000   0.8595657080E+000   0.1023200075E+001
 0.2626263   0.4199991581E+000   0.9869815146E+000   0.8580106708E+000   0.1004119221E+001
 0.2727273   0.4329774543E+000   0.1009021349E+001   0.8687229598E+000   0.1011689747E+001
 0.2828283   0.4500547331E+000   0.1019980578E+001   0.8726968420E+000   0.1006345734E+001
 0.2929293   0.4686778196E+000   0.1009523586E+001   0.8859209229E+000   0.1001099024E+001
 0.3030303   0.4744980774E+000   0.1032911089E+001   0.8875067261E+000   0.9895295506E+000
 0.3131313   0.5011371336E+000   0.1005179235E+001   0.9004357441E+000   0.9970733660E+000
 0.3232323   0.5197741546E+000   0.9890930027E+000   0.9023575444E+000   0.9953848792E+000
 0.3333333   0.5427575947E+000   0.1007669494E+001   0.9099353062E+000   0.9832773799E+000
 0.3434343   0.5715636646E+000   0.1022920758E+001   0.9252687067E+000   0.1021700470E+001
 0.3535354   0.5907644209E+000   0.9897982271E+000   0.9305155436E+000   0.9791410643E+000
 0.3636364   0.6235343574E+000   0.1011884099E+001   0.9540012179E+000   0.9944595503E+000
 0.3737374   0.6516544262E+000   0.9802912991E+000   0.9599245775E+000   0.1007797642E+001
 0.3838384   0.6837279934E+000   0.9677332813E+000   0.9640193799E+000   0.9975388922E+000
 0.3939394   0.7201935558E+000   0.9828924683E+000   0.9809168798E+000   0.9889075769E+000
 0.4040404   0.7610163156E+000   0.1002186740E+001   0.9850654381E+000   0.9932308662E+000
 0.4141414   0.7996973364E+000   0.9833423889E+000   0.1003334674E+001   0.9985252738E+000
 0.4242424   0.8409286080E+000   0.9774620307E+000   0.1020359684E+001   0.1001368037E+001
 0.4343434   0.9000352165E+000   0.1014070923E+001   0.1026993869E+001   0.9946617871E+000
 0.4444444   0.9529126674E+000   0.9741577297E+000   0.1037947133E+001   0.1025823430E+001
 0.4545455   0.1004384370E+001   0.9869522174E+000   0.1053059051E+001   0.1010642313E+001
 0.4646465   0.1072175577E+001   0.9815468917E+000   0.1054677317E+001   0.1002276195E+001
 0.4747475   0.1134019873E+001   0.9864248686E+000   0.1076763903E+001   0.1009646392E+001
 0.4848485   0.1209667473E+001   0.1012869740E+001   0.1084391763E+001   0.9981322475E+000
 0.4949495   0.1293536947E+001   0.9968379158E+000   0.1110189711E+001   0.1018270075E+001
 0.5050505   0.1318906353E+001   0.9830661586E+000   0.1099339797E+001   0.9902411953E+000
 0.5151515   0.1322692747E+001   0.9777759288E+000   0.1110930134E+001   0.1016552970E+001
 0.5252525   0.1327755331E+001   0.9848428220E+000   0.1105450654E+001   0.9898481690E+000
 0.5353535   0.1320397189E+001   0.9899216937E+000   0.1105585313E+001   0.9946064582E+000
 0.5454545   0.1319661760E+001   0.9937428803E+000   0.1110353770E+001   0.9926241557E+000
 0.5555556   0.1315064776E+001   0.9869082717E+000   0.1112273982E+001   0.9891804059E+000
 0.5656566   0.1315625049E+001   0.9925082143E+000   0.1126583240E+001   0.1007034484E+001
 0.5757576   0.1323606570E+001   0.1000533543E+001   0.1109142983E+001   0.1005494813E+001
 0.5858586   0.1320905990E+001   0.1004815114E+001   0.1109737586E+001   0.1019336588E+001
 0.5959596   0.1329242186E+001   0.9947996706E+000   0.1119290174E+001   0.1012273562E+001
 0.6060606   0.1316069914E+001   0.9842715274E+000   0.1109468067E+001   0.9921033004E+000
 0.6161616   0.1331026725E+001   0.9863809228E+000   0.1108584705E+001   0.1003344616E+001
 0.6262626   0.1307615952E+001   0.9795379436E+000   0.1103254535E+001   0.1019945207E+001
 0.6363636   0.1320339129E+001   0.9965114618E+000   0.1103592569E+001   0.1013320997E+001
 0.6464646   0.1316184873E+001   0.9883835929E+000   0.1126328570E+001   0.1009224747E+001
 0.6565657   0.1334775856E+001   0.9882601263E+000   0.1113845750E+001   0.1000229024E+001
 0.6666667   0.1327918515E+001   0.9873142466E+000   0.1109547923E+001   0.9888541559E+000
 0.6767677   0.1316092601E+001   0.9908299056E+000   0.1108922126E+001   0.1001911787E+001
 0.6868687   0.1308515812E+001   0.9645691882E+000   0.1114960283E+001   0.9938642872E+000
 0.6969697   0.1319756128E+001   0.9918218237E+000   0.1104266773E+001   0.9980330370E+000
 0.7070707   0.1322653543E+001   0.9951951823E+000   0.1107098889E+001   0.1004300471E+001
 0.7171717   0.1315568737E+001   0.9751977788E+000   0.1113927651E+001   0.9946846819E+000
 0.7272727   0.1317718037E+001   0.9787887734E+000   0.1098141111E+001   0.9882608006E+000
 0.7373737   0.1302371628E+001   0.9614532261E+000   0.1111860590E+001   0.9922406688E+000
 0.7474747   0.1337825048E+001   0.9902774449E+000   0.1114369007E+001   0.9929008004E+000
 0.7575758   0.1323877892E+001   0.9839346101E+000   0.1111543892E+001   0.9969016554E+000
 0.7676768   0.1314217010E+001   0.9861005072E+000   0.1107352257E+001   0.9999104053E+000
 0.7777778   0.1321569406E+001   0.9878960045E+000   0.1109654379E+001   0.9961003397E+000
 0.7878788   0.1316447340E+001   0.9842338596E+000   0.1106666957E+001   0.1000270997E+001
 0.7979798   0.1317214038E+001   0.9955509335E+000   0.1110567548E+001   0.1009629221E+001
 0.8080808   0.1316438101E+001   0.9832377562E+000   0.1115255295E+001   0.1006206458E+001
 0.8181818   0.1313561217E+001   0.9927446842E+000   0.1094541550E+001   0.9911169189E+000
 0.8282828   0.1316719316E+001   0.9711171032E+000   0.1102902195E+001   0.9872648797E+000
 0.8383838   0.1309561505E+001   0.9714812250E+000   0.1103381379E+001   0.9887282348E+000
 0.8484848   0.1309552712E+001   0.9725129035E+000   0.1095231898E+001   0.9784828407E+000
 0.8585859   0.1312247393E+001   0.9833884273E+000   0.1105501217E+001   0.9955222476E+000
 0.8686869   0.1309000564E+001   0.9807098300E+000   0.1101102845E+001   0.1000803300E+001
 0.8787879   0.1301136557E+001   0.9850395315E+000   0.1090337746E+001   0.9833651430E+000
 0.8888889   0.1297461314E+001   0.9811681212E+000   0.1094264653E+001   0.9936429714E+000
 0.8989899   0.1314507130E+001   0.9910098739E+000   0.1114548480E+001   0.1006265602E+001
 0.9090909   0.1314714798E+001   0.9925981984E+000   0.1103574396E+001   0.9976934317E+000
 0.9191919   0.1309609877E+001   0.9816515244E+000   0.1103524516E+001   0.9971019844E+000
 0.9292929   0.1314754177E+001   0.9902920935E+000   0.1097660482E+001   0.9939654056E+000
 0.9393939   0.1307863286E+001   0.9847591158E+000   0.1099766784E+001   0.9993723790E+000
 0.9494949   0.1319412844E+001   0.9992172636E+000   0.1102950534E+001   0.1002785602E+001
 0.9595960   0.1309667202E+001   0.9874167867E+000   0.1095440749E+001   0.9946274450E+000
 0.9696970   0.1310938928E+001   0.9879880812E+000   0.1100740975E+001   0.1000196589E+001
 0.9797980   0.1301683770E+001   0.9741200619E+000   0.1085946823E+001   0.9697065254E+000
 0.9898990   0.1312651183E+001   0.9997278712E+000   0.1117384804E+001   0.1024030009E+001
 1.0000000   0.1306632421E+001   0.9951909970E+000   0.1102047391E+001   0.1002354418E+001


