Compiled using GNU Fortran (Ubuntu 9.4.0-1ubuntu1~20.04.2) 9.4.0 with all optimizations
Last Brick update unknown
Compiled at 18:43:37 on Sep  2 2023
Starting at 16:56:20 on Sep 11 2023

Settings
OK                      

Forcefield
OK                      

Topology
OK                      

Configuration
OK                      Read from ./INPUT/restart.in

 F
Monte Carlo Simulation initialized.

#########################################################################################################################
###########################################   ENERGY STARTING CONFIGURATION   ###########################################
#########################################################################################################################
                                               Box 1               Box 2
-------------------------------------------------------------------------------------------------------------------------
Lennard Jones        
 Intermolecular                         -0.5617464218E+006  -0.3838382935E+005
 Tailcorrection                         -0.1401532460E+005  -0.9376096182E+003
Total Intermolecular                    -0.5757617464E+006  -0.3932143897E+005

Electrostatic        
 Real                                   -0.1627493259E+006  -0.5293933713E+004
 Exclusion                               0.9886297181E+007   0.2171681601E+007
 Selfterm                               -0.9918050975E+007  -0.2173871485E+007
 Fourier                                 0.1640041328E+005   0.2088874415E+004
Total Intermolecular                    -0.1781027068E+006  -0.5394943212E+004

Intramolecular       
 Lennard Jones                           0.0000000000E+000   0.0000000000E+000
 Electrostatic                           0.0000000000E+000   0.0000000000E+000
 Bending                                 0.0000000000E+000   0.0000000000E+000
 Torsion                                 0.0000000000E+000   0.0000000000E+000

Total                                   -0.7538644532E+006  -0.4471638218E+005

#########################################################################################################################

Simulation is running...



#########################################################################################################################
###############################################   RELATIVE ENERGY DRIFTS   ##############################################
#########################################################################################################################
                                               Box 1               Box 2                                                 
-------------------------------------------------------------------------------------------------------------------------

Lennard Jones        
 Intermolecular                          0.3977837442E-014   0.1249029981E-015
 Tailcorrection                          0.0000000000E+000   0.0000000000E+000

Electrostatic        
 Real                                    0.3047297891E-014   0.1988283956E-014
 Exclusion                               0.0000000000E+000   0.1388983261E-015
 Selfterm                                0.0000000000E+000   0.0000000000E+000
 Fourier                                 0.1412469394E-015   0.4117610673E-015

Intramolecular       
 Lennard Jones                           0.0000000000E+000   0.0000000000E+000
 Electrostatic                           0.0000000000E+000   0.0000000000E+000
 Bending                                 0.0000000000E+000   0.0000000000E+000
 Torsion                                 0.0000000000E+000   0.0000000000E+000

Total                                    0.1449939676E-014   0.6680435623E-014

#########################################################################################################################
############################################   TRIAL MOVE ACCEPTANCE RATES   ############################################
#########################################################################################################################
                                               Box 1               Box 2
-------------------------------------------------------------------------------------------------------------------------
Translation
 CO2                                          0.50838             0.48473
 AR                                           0.50802             0.59267
-------------------------------------------------------------------------------------------------------------------------
Rotation
 CO2                                          0.50619             0.71773
 AR                                           0.00000             0.00000
-------------------------------------------------------------------------------------------------------------------------
Lambda Move
 cd                                           0.74361             0.93931
 Ar                                           0.82113             0.96321
-------------------------------------------------------------------------------------------------------------------------
GE Swap Fractional
 cd                                           0.45538             0.28246
 Ar                                           0.55486             0.35232
-------------------------------------------------------------------------------------------------------------------------
GE Identity Change
 cd                                           0.92721             0.51938
 Ar                                           0.99995             0.57625
-------------------------------------------------------------------------------------------------------------------------
Volume                                        0.49970             0.49158

#########################################################################################################################
######################################################   AVERAGES   #####################################################
#########################################################################################################################
                                                       Boltzmann                                    Biased
                                               Box 1               Box 2                  Box 1               Box 2      
-------------------------------------------------------------------------------------------------------------------------
Density
 CO2                                     0.9428273842E+003   0.7011199544E+002      0.9412173003E+003   0.6993069619E+002
 AR                                      0.6455415918E+002   0.6850351656E+002      0.6497184291E+002   0.6860345143E+002
 Total                                   0.1007381543E+004   0.1386155120E+003      0.1006189143E+004   0.1385341476E+003

Number of molecules
 CO2                                     0.4522408987E+003   0.2477591013E+003      0.4535908500E+003   0.2464091500E+003
 AR                                      0.3445959462E+002   0.2655404054E+003      0.3483871000E+002   0.2651612900E+003
 Total                                   0.4867004934E+003   0.5132995066E+003      0.4884295600E+003   0.5115704400E+003

Mole fractions
 CO2                                          0.92920             0.48268                 0.92867             0.48167
 AR                                           0.07080             0.51732                 0.07133             0.51833

Volume                                   0.3511620212E+005   0.2583493497E+006      0.3528154578E+005   0.2575975092E+006

#########################################################################################################################
#######################################   PROPERTIES FROM THE CFC GIBBS ENSEMBLE   ######################################
#########################################################################################################################
                                                       Boltzmann                                    Biased
                                               Box 1               Box 2                  Box 1               Box 2      
Chemical Potentials (as an indication)
=========================================================================================================================

Total cd                                -0.1931901940E+004  -0.1925497554E+004     -0.1932334362E+004  -0.1926152622E+004
 Ideal gas                              -0.1100659098E+004  -0.1758152795E+004     -0.1101091520E+004  -0.1758807863E+004
 Excess                                 -0.8312428425E+003  -0.1673447589E+003     -0.8312428425E+003  -0.1673447589E+003

-------------------------------------------------------------------------------------------------------------------------

Total Ar                                -0.1797438854E+004  -0.1799090843E+004     -0.1795807146E+004  -0.1798722029E+004
 Ideal gas                              -0.1754547818E+004  -0.1739524543E+004     -0.1752916109E+004  -0.1739155728E+004
 Excess                                 -0.4289103680E+002  -0.5956630007E+002     -0.4289103680E+002  -0.5956630007E+002

-------------------------------------------------------------------------------------------------------------------------

#########################################################################################################################
#########################################   PROPERTIES FROM UMBRELLA SAMPLING   #########################################
#########################################################################################################################

Excess Partial Molar Enthalpy
=========================================================================================================================


Partial Molar Volume
=========================================================================================================================


#########################################################################################################################
##################################################   AVERAGE ENERGIES   #################################################
#########################################################################################################################
                                                       Boltzmann                                    Biased
                                               Box 1               Box 2                  Box 1               Box 2      
-------------------------------------------------------------------------------------------------------------------------
Lennard Jones        
 Intermolecular                         -0.4894854113E+006  -0.6099836946E+005     -0.4904967952E+006  -0.6062491777E+005
 Tailcorrection                         -0.1198729468E+005  -0.1319216177E+004     -0.1201354180E+005  -0.1311994262E+004
Total Intermolecular                    -0.5014727060E+006  -0.6231758564E+005     -0.5025103370E+006  -0.6193691203E+005

Electrostatic        
 Real                                   -0.1431860741E+006  -0.9350665589E+004     -0.1433164077E+006  -0.9269638626E+004
 Exclusion                               0.8282631128E+007   0.3364666924E+007      0.8305495396E+007   0.3346063618E+007
 Selfterm                               -0.8309234456E+007  -0.3368059933E+007     -0.8332171988E+007  -0.3349437849E+007
 Fourier                                 0.1254704794E+005   0.3058006704E+004      0.1260395578E+005   0.3043100932E+004
Total Intermolecular                    -0.1572423537E+006  -0.9685668720E+004     -0.1573890444E+006  -0.9600769237E+004

Intramolecular       
 Lennard Jones                           0.0000000000E+000   0.0000000000E+000      0.0000000000E+000   0.0000000000E+000
 Electrostatic                           0.0000000000E+000   0.0000000000E+000      0.0000000000E+000   0.0000000000E+000
 Bending                                 0.0000000000E+000   0.0000000000E+000      0.0000000000E+000   0.0000000000E+000
 Torsion                                 0.0000000000E+000   0.0000000000E+000      0.0000000000E+000   0.0000000000E+000

Total                                   -0.6587150597E+006  -0.7200325436E+005     -0.6598993813E+006  -0.7153768127E+005

#########################################################################################################################

No errors found in bookkeeping.

Total simulation time:  17 hours and   7 minutes

Simulation finished.

