Compiled using GNU Fortran (Ubuntu 9.4.0-1ubuntu1~20.04.2) 9.4.0 with all optimizations
Last Brick update unknown
Compiled at 18:43:37 on Sep  2 2023
Starting at 16:56:19 on Sep 11 2023

Settings
OK                      

Forcefield
OK                      

Topology
OK                      

Configuration
OK                      Read from ./INPUT/restart.in

 F
Monte Carlo Simulation initialized.

#########################################################################################################################
###########################################   ENERGY STARTING CONFIGURATION   ###########################################
#########################################################################################################################
                                               Box 1               Box 2
-------------------------------------------------------------------------------------------------------------------------
Lennard Jones        
 Intermolecular                         -0.4905170632E+006  -0.4497285647E+005
 Tailcorrection                         -0.1168442180E+005  -0.9698515115E+003
Total Intermolecular                    -0.5022014850E+006  -0.4594270798E+005

Electrostatic        
 Real                                   -0.1495982709E+006  -0.1145326468E+005
 Exclusion                               0.8403352604E+007   0.4560531363E+007
 Selfterm                               -0.8430343329E+007  -0.4565130119E+007
 Fourier                                 0.1200214139E+005   0.3768412209E+004
Total Intermolecular                    -0.1645868545E+006  -0.1228360869E+005

Intramolecular       
 Lennard Jones                           0.0000000000E+000   0.0000000000E+000
 Electrostatic                           0.0000000000E+000   0.0000000000E+000
 Bending                                 0.0000000000E+000   0.0000000000E+000
 Torsion                                 0.0000000000E+000   0.0000000000E+000

Total                                   -0.6667883395E+006  -0.5822631667E+005

#########################################################################################################################

Simulation is running...



#########################################################################################################################
###############################################   RELATIVE ENERGY DRIFTS   ##############################################
#########################################################################################################################
                                               Box 1               Box 2                                                 
-------------------------------------------------------------------------------------------------------------------------

Lennard Jones        
 Intermolecular                          0.4709977187E-014   0.1458111558E-014
 Tailcorrection                          0.0000000000E+000   0.0000000000E+000

Electrostatic        
 Real                                    0.4067318479E-014   0.2127431421E-014
 Exclusion                               0.2122981335E-015   0.0000000000E+000
 Selfterm                                0.0000000000E+000   0.0000000000E+000
 Fourier                                 0.2570572426E-015   0.1406327634E-015

Intramolecular       
 Lennard Jones                           0.0000000000E+000   0.0000000000E+000
 Electrostatic                           0.0000000000E+000   0.0000000000E+000
 Bending                                 0.0000000000E+000   0.0000000000E+000
 Torsion                                 0.0000000000E+000   0.0000000000E+000

Total                                    0.3381451676E-015   0.2463462569E-013

#########################################################################################################################
############################################   TRIAL MOVE ACCEPTANCE RATES   ############################################
#########################################################################################################################
                                               Box 1               Box 2
-------------------------------------------------------------------------------------------------------------------------
Translation
 CO2                                          0.49204             0.51675
 AR                                           0.50030             0.69528
-------------------------------------------------------------------------------------------------------------------------
Rotation
 CO2                                          0.49170             0.77725
 AR                                           0.00000             0.00000
-------------------------------------------------------------------------------------------------------------------------
Lambda Move
 cd                                           0.74074             0.95331
 Ar                                           0.82356             0.97411
-------------------------------------------------------------------------------------------------------------------------
GE Swap Fractional
 cd                                           0.31201             0.39824
 Ar                                           0.39457             0.49838
-------------------------------------------------------------------------------------------------------------------------
GE Identity Change
 cd                                           0.67859             0.86673
 Ar                                           0.76538             0.94565
-------------------------------------------------------------------------------------------------------------------------
Volume                                        0.50088             0.50107

#########################################################################################################################
######################################################   AVERAGES   #####################################################
#########################################################################################################################
                                                       Boltzmann                                    Biased
                                               Box 1               Box 2                  Box 1               Box 2      
-------------------------------------------------------------------------------------------------------------------------
Density
 CO2                                     0.9876249481E+003   0.5466968586E+002      0.9851136361E+003   0.5464122493E+002
 AR                                      0.2976539383E+002   0.2970846064E+002      0.3002441760E+002   0.2984271323E+002
 Total                                   0.1017390342E+004   0.8437814650E+002      0.1015138054E+004   0.8448393817E+002

Number of molecules
 CO2                                     0.4777981479E+003   0.3172018521E+003      0.4798364400E+003   0.3151635600E+003
 AR                                      0.1592817983E+002   0.1890718202E+003      0.1617241000E+002   0.1888275900E+003
 Total                                   0.4937263277E+003   0.5062736723E+003      0.4960088500E+003   0.5039911500E+003

Mole fractions
 CO2                                          0.96774             0.62654                 0.96739             0.62534
 AR                                           0.03226             0.37346                 0.03261             0.37466

Volume                                   0.3537704643E+005   0.4243642649E+006      0.3561744288E+005   0.4219017538E+006

#########################################################################################################################
#######################################   PROPERTIES FROM THE CFC GIBBS ENSEMBLE   ######################################
#########################################################################################################################
                                                       Boltzmann                                    Biased
                                               Box 1               Box 2                  Box 1               Box 2      
Chemical Potentials (as an indication)
=========================================================================================================================

Total cd                                -0.1943553689E+004  -0.1941659959E+004     -0.1944197832E+004  -0.1941791705E+004
 Ideal gas                              -0.1088914888E+004  -0.1821095282E+004     -0.1089559030E+004  -0.1821227027E+004
 Excess                                 -0.8546388015E+003  -0.1205646778E+003     -0.8546388015E+003  -0.1205646778E+003

-------------------------------------------------------------------------------------------------------------------------

Total Ar                                -0.1995052033E+004  -0.1992580827E+004     -0.1992859906E+004  -0.1991440095E+004
 Ideal gas                              -0.1950409820E+004  -0.1950894204E+004     -0.1948217693E+004  -0.1949753472E+004
 Excess                                 -0.4464221346E+002  -0.4168662293E+002     -0.4464221346E+002  -0.4168662293E+002

-------------------------------------------------------------------------------------------------------------------------

#########################################################################################################################
#########################################   PROPERTIES FROM UMBRELLA SAMPLING   #########################################
#########################################################################################################################

Excess Partial Molar Enthalpy
=========================================================================================================================


Partial Molar Volume
=========================================================================================================================


#########################################################################################################################
##################################################   AVERAGE ENERGIES   #################################################
#########################################################################################################################
                                                       Boltzmann                                    Biased
                                               Box 1               Box 2                  Box 1               Box 2      
-------------------------------------------------------------------------------------------------------------------------
Lennard Jones        
 Intermolecular                         -0.5149249033E+006  -0.4410590274E+005     -0.5167421934E+006  -0.4379052205E+005
 Tailcorrection                         -0.1255374063E+005  -0.8720118557E+003     -0.1260048832E+005  -0.8665482757E+003
Total Intermolecular                    -0.5274786439E+006  -0.4497791460E+005     -0.5293426817E+006  -0.4465707033E+005

Electrostatic        
 Real                                   -0.1573106052E+006  -0.9249672137E+004     -0.1576249292E+006  -0.9180019123E+004
 Exclusion                               0.8750077233E+007   0.4307283134E+007      0.8786616168E+007   0.4278742522E+007
 Selfterm                               -0.8778181888E+007  -0.4311626667E+007     -0.8814838163E+007  -0.4283057209E+007
 Fourier                                 0.1275869217E+005   0.3313770744E+004      0.1284046807E+005   0.3300078552E+004
Total Intermolecular                    -0.1726565675E+006  -0.1027943397E+005     -0.1730064566E+006  -0.1019462745E+005

Intramolecular       
 Lennard Jones                           0.0000000000E+000   0.0000000000E+000      0.0000000000E+000   0.0000000000E+000
 Electrostatic                           0.0000000000E+000   0.0000000000E+000      0.0000000000E+000   0.0000000000E+000
 Bending                                 0.0000000000E+000   0.0000000000E+000      0.0000000000E+000   0.0000000000E+000
 Torsion                                 0.0000000000E+000   0.0000000000E+000      0.0000000000E+000   0.0000000000E+000

Total                                   -0.7001352114E+006  -0.5525734857E+005     -0.7023491383E+006  -0.5485169777E+005

#########################################################################################################################

No errors found in bookkeeping.

Total simulation time:  18 hours and  23 minutes

Simulation finished.

