Compiled using GNU Fortran (Ubuntu 9.4.0-1ubuntu1~20.04.2) 9.4.0 with all optimizations
Last Brick update unknown
Compiled at 18:43:37 on Sep  2 2023
Starting at 16:56:21 on Sep 11 2023

Settings
OK                      

Forcefield
OK                      

Topology
OK                      

Configuration
OK                      Read from ./INPUT/restart.in

 F
Monte Carlo Simulation initialized.

#########################################################################################################################
###########################################   ENERGY STARTING CONFIGURATION   ###########################################
#########################################################################################################################
                                               Box 1               Box 2
-------------------------------------------------------------------------------------------------------------------------
Lennard Jones        
 Intermolecular                         -0.4531918727E+006  -0.8222469845E+005
 Tailcorrection                         -0.1123668440E+005  -0.2000990985E+004
Total Intermolecular                    -0.4644285571E+006  -0.8422568944E+005

Electrostatic        
 Real                                   -0.1234893639E+006  -0.9225069843E+004
 Exclusion                               0.7725958167E+007   0.3026781232E+007
 Selfterm                               -0.7750773169E+007  -0.3029833382E+007
 Fourier                                 0.1228334967E+005   0.2970068650E+004
Total Intermolecular                    -0.1360210163E+006  -0.9307151899E+004

Intramolecular       
 Lennard Jones                           0.0000000000E+000   0.0000000000E+000
 Electrostatic                           0.0000000000E+000   0.0000000000E+000
 Bending                                 0.0000000000E+000   0.0000000000E+000
 Torsion                                 0.0000000000E+000   0.0000000000E+000

Total                                   -0.6004495734E+006  -0.9353284134E+005

#########################################################################################################################

Simulation is running...



#########################################################################################################################
###############################################   RELATIVE ENERGY DRIFTS   ##############################################
#########################################################################################################################
                                               Box 1               Box 2                                                 
-------------------------------------------------------------------------------------------------------------------------

Lennard Jones        
 Intermolecular                          0.2588773631E-014   0.6106338154E-014
 Tailcorrection                          0.0000000000E+000   0.0000000000E+000

Electrostatic        
 Real                                    0.2118612623E-013   0.2189593260E-014
 Exclusion                               0.0000000000E+000   0.1949172405E-015
 Selfterm                                0.0000000000E+000   0.0000000000E+000
 Fourier                                 0.5903786388E-015   0.3867044488E-015

Intramolecular       
 Lennard Jones                           0.0000000000E+000   0.0000000000E+000
 Electrostatic                           0.0000000000E+000   0.0000000000E+000
 Bending                                 0.0000000000E+000   0.0000000000E+000
 Torsion                                 0.0000000000E+000   0.0000000000E+000

Total                                    0.2933504502E-014   0.0000000000E+000

#########################################################################################################################
############################################   TRIAL MOVE ACCEPTANCE RATES   ############################################
#########################################################################################################################
                                               Box 1               Box 2
-------------------------------------------------------------------------------------------------------------------------
Translation
 CO2                                          0.50993             0.51395
 AR                                           0.49180             0.51895
-------------------------------------------------------------------------------------------------------------------------
Rotation
 CO2                                          0.51140             0.67717
 AR                                           0.00000             0.00000
-------------------------------------------------------------------------------------------------------------------------
Lambda Move
 cd                                           0.75275             0.92890
 Ar                                           0.83091             0.95779
-------------------------------------------------------------------------------------------------------------------------
GE Swap Fractional
 cd                                           0.39831             0.35211
 Ar                                           0.48212             0.44920
-------------------------------------------------------------------------------------------------------------------------
GE Identity Change
 cd                                           0.85340             0.72667
 Ar                                           0.94725             0.85321
-------------------------------------------------------------------------------------------------------------------------
Volume                                        0.51157             0.50437

#########################################################################################################################
######################################################   AVERAGES   #####################################################
#########################################################################################################################
                                                       Boltzmann                                    Biased
                                               Box 1               Box 2                  Box 1               Box 2      
-------------------------------------------------------------------------------------------------------------------------
Density
 CO2                                     0.8732112413E+003   0.7761856700E+002      0.8708519288E+003   0.7767320867E+002
 AR                                      0.1096165854E+003   0.1149989499E+003      0.1104353608E+003   0.1150658678E+003
 Total                                   0.9828278267E+003   0.1926175169E+003      0.9812872895E+003   0.1927390765E+003

Number of molecules
 CO2                                     0.4673056541E+003   0.1776943459E+003      0.4677423700E+003   0.1772576300E+003
 AR                                      0.6512002620E+002   0.2898799738E+003      0.6585938000E+002   0.2891406200E+003
 Total                                   0.5324256803E+003   0.4675743197E+003      0.5336017500E+003   0.4663982500E+003

Mole fractions
 CO2                                          0.87769             0.38003                 0.87658             0.38006
 AR                                           0.12231             0.61997                 0.12342             0.61994

Volume                                   0.3918569884E+005   0.1678333989E+006      0.3933149279E+005   0.1673077872E+006

#########################################################################################################################
#######################################   PROPERTIES FROM THE CFC GIBBS ENSEMBLE   ######################################
#########################################################################################################################
                                                       Boltzmann                                    Biased
                                               Box 1               Box 2                  Box 1               Box 2      
Chemical Potentials (as an indication)
=========================================================================================================================

Total cd                                -0.1941323185E+004  -0.1939128034E+004     -0.1942007686E+004  -0.1938949990E+004
 Ideal gas                              -0.1120065644E+004  -0.1732419465E+004     -0.1120750145E+004  -0.1732241422E+004
 Excess                                 -0.8212575409E+003  -0.2067085682E+003     -0.8212575409E+003  -0.2067085682E+003

-------------------------------------------------------------------------------------------------------------------------

Total Ar                                -0.1683009555E+004  -0.1682859978E+004     -0.1681126808E+004  -0.1682712800E+004
 Ideal gas                              -0.1620588330E+004  -0.1608460950E+004     -0.1618705582E+004  -0.1608313772E+004
 Excess                                 -0.6242122519E+002  -0.7439902773E+002     -0.6242122519E+002  -0.7439902773E+002

-------------------------------------------------------------------------------------------------------------------------

#########################################################################################################################
#########################################   PROPERTIES FROM UMBRELLA SAMPLING   #########################################
#########################################################################################################################

Excess Partial Molar Enthalpy
=========================================================================================================================


Partial Molar Volume
=========================================================================================================================


#########################################################################################################################
##################################################   AVERAGE ENERGIES   #################################################
#########################################################################################################################
                                                       Boltzmann                                    Biased
                                               Box 1               Box 2                  Box 1               Box 2      
-------------------------------------------------------------------------------------------------------------------------
Lennard Jones        
 Intermolecular                         -0.5043300773E+006  -0.6640277095E+005     -0.5042218275E+006  -0.6622902375E+005
 Tailcorrection                         -0.1242786739E+005  -0.1550347295E+004     -0.1242825943E+005  -0.1545763795E+004
Total Intermolecular                    -0.5167579447E+006  -0.6795311825E+005     -0.5166500869E+006  -0.6777478755E+005

Electrostatic        
 Real                                   -0.1376009721E+006  -0.7284046514E+004     -0.1372619193E+006  -0.7267361623E+004
 Exclusion                               0.8559261727E+007   0.2413393018E+007      0.8564879447E+007   0.2407191254E+007
 Selfterm                               -0.8586753653E+007  -0.2415826759E+007     -0.8592389199E+007  -0.2409618722E+007
 Fourier                                 0.1378053464E+005   0.2338995748E+004      0.1382229549E+005   0.2334148200E+004
Total Intermolecular                    -0.1513123641E+006  -0.7378791308E+004     -0.1509493761E+006  -0.7360681831E+004

Intramolecular       
 Lennard Jones                           0.0000000000E+000   0.0000000000E+000      0.0000000000E+000   0.0000000000E+000
 Electrostatic                           0.0000000000E+000   0.0000000000E+000      0.0000000000E+000   0.0000000000E+000
 Bending                                 0.0000000000E+000   0.0000000000E+000      0.0000000000E+000   0.0000000000E+000
 Torsion                                 0.0000000000E+000   0.0000000000E+000      0.0000000000E+000   0.0000000000E+000

Total                                   -0.6680703088E+006  -0.7533190955E+005     -0.6675994631E+006  -0.7513546938E+005

#########################################################################################################################

No errors found in bookkeeping.

Total simulation time:  16 hours and  21 minutes

Simulation finished.

