Compiled using GNU Fortran (Ubuntu 9.4.0-1ubuntu1~20.04.2) 9.4.0 with all optimizations
Last Brick update unknown
Compiled at 18:43:37 on Sep  2 2023
Starting at 16:56:20 on Sep 11 2023

Settings
OK                      

Forcefield
OK                      

Topology
OK                      

Configuration
OK                      Read from ./INPUT/restart.in

 F
Monte Carlo Simulation initialized.

#########################################################################################################################
###########################################   ENERGY STARTING CONFIGURATION   ###########################################
#########################################################################################################################
                                               Box 1               Box 2
-------------------------------------------------------------------------------------------------------------------------
Lennard Jones        
 Intermolecular                         -0.5617464218E+006  -0.3838382935E+005
 Tailcorrection                         -0.1401532460E+005  -0.9376096182E+003
Total Intermolecular                    -0.5757617464E+006  -0.3932143897E+005

Electrostatic        
 Real                                   -0.1627493259E+006  -0.5293933713E+004
 Exclusion                               0.9886297181E+007   0.2171681601E+007
 Selfterm                               -0.9918050975E+007  -0.2173871485E+007
 Fourier                                 0.1640041328E+005   0.2088874415E+004
Total Intermolecular                    -0.1781027068E+006  -0.5394943212E+004

Intramolecular       
 Lennard Jones                           0.0000000000E+000   0.0000000000E+000
 Electrostatic                           0.0000000000E+000   0.0000000000E+000
 Bending                                 0.0000000000E+000   0.0000000000E+000
 Torsion                                 0.0000000000E+000   0.0000000000E+000

Total                                   -0.7538644532E+006  -0.4471638218E+005

#########################################################################################################################

Simulation is running...



#########################################################################################################################
###############################################   RELATIVE ENERGY DRIFTS   ##############################################
#########################################################################################################################
                                               Box 1               Box 2                                                 
-------------------------------------------------------------------------------------------------------------------------

Lennard Jones        
 Intermolecular                          0.1554379345E-014   0.5747245467E-015
 Tailcorrection                          0.0000000000E+000   0.0000000000E+000

Electrostatic        
 Real                                    0.1983974706E-015   0.3680921142E-015
 Exclusion                               0.0000000000E+000   0.0000000000E+000
 Selfterm                                0.0000000000E+000   0.0000000000E+000
 Fourier                                 0.2472065456E-015   0.0000000000E+000

Intramolecular       
 Lennard Jones                           0.0000000000E+000   0.0000000000E+000
 Electrostatic                           0.0000000000E+000   0.0000000000E+000
 Bending                                 0.0000000000E+000   0.0000000000E+000
 Torsion                                 0.0000000000E+000   0.0000000000E+000

Total                                    0.4504508162E-014   0.4902473508E-015

#########################################################################################################################
############################################   TRIAL MOVE ACCEPTANCE RATES   ############################################
#########################################################################################################################
                                               Box 1               Box 2
-------------------------------------------------------------------------------------------------------------------------
Translation
 CO2                                          0.50500             0.50369
 AR                                           0.51090             0.60116
-------------------------------------------------------------------------------------------------------------------------
Rotation
 CO2                                          0.50853             0.72767
 AR                                           0.00000             0.00000
-------------------------------------------------------------------------------------------------------------------------
Lambda Move
 cd                                           0.74665             0.94120
 Ar                                           0.82749             0.96459
-------------------------------------------------------------------------------------------------------------------------
GE Swap Fractional
 cd                                           0.36728             0.36942
 Ar                                           0.45810             0.45836
-------------------------------------------------------------------------------------------------------------------------
GE Identity Change
 cd                                           0.80590             0.78229
 Ar                                           0.88968             0.92141
-------------------------------------------------------------------------------------------------------------------------
Volume                                        0.51762             0.48960

#########################################################################################################################
######################################################   AVERAGES   #####################################################
#########################################################################################################################
                                                       Boltzmann                                    Biased
                                               Box 1               Box 2                  Box 1               Box 2      
-------------------------------------------------------------------------------------------------------------------------
Density
 CO2                                     0.9301334037E+003   0.6434852605E+002      0.9280924995E+003   0.6431796199E+002
 AR                                      0.6942979378E+002   0.7092031709E+002      0.6999248010E+002   0.7109069085E+002
 Total                                   0.9995631975E+003   0.1352688431E+003      0.9980849796E+003   0.1354086528E+003

Number of molecules
 CO2                                     0.4855172950E+003   0.2144827050E+003      0.4865118900E+003   0.2134881100E+003
 AR                                      0.4018038195E+002   0.2598196180E+003      0.4068059000E+002   0.2593194100E+003
 Total                                   0.5256976770E+003   0.4743023230E+003      0.5271924800E+003   0.4728075200E+003

Mole fractions
 CO2                                          0.92357             0.45221                 0.92284             0.45153
 AR                                           0.07643             0.54779                 0.07716             0.54847

Volume                                   0.3819086595E+005   0.2440286924E+006      0.3835359324E+005   0.2430009059E+006

#########################################################################################################################
#######################################   PROPERTIES FROM THE CFC GIBBS ENSEMBLE   ######################################
#########################################################################################################################
                                                       Boltzmann                                    Biased
                                               Box 1               Box 2                  Box 1               Box 2      
Chemical Potentials (as an indication)
=========================================================================================================================

Total cd                                -0.1947598264E+004  -0.1946949948E+004     -0.1948154008E+004  -0.1947070145E+004
 Ideal gas                              -0.1104088562E+004  -0.1779855102E+004     -0.1104644306E+004  -0.1779975300E+004
 Excess                                 -0.8435097018E+003  -0.1670948455E+003     -0.8435097018E+003  -0.1670948455E+003

-------------------------------------------------------------------------------------------------------------------------

Total Ar                                -0.1778216745E+004  -0.1779324540E+004     -0.1776174598E+004  -0.1778717481E+004
 Ideal gas                              -0.1736126500E+004  -0.1730752560E+004     -0.1734084353E+004  -0.1730145500E+004
 Excess                                 -0.4209024541E+002  -0.4857198090E+002     -0.4209024541E+002  -0.4857198090E+002

-------------------------------------------------------------------------------------------------------------------------

#########################################################################################################################
#########################################   PROPERTIES FROM UMBRELLA SAMPLING   #########################################
#########################################################################################################################

Excess Partial Molar Enthalpy
=========================================================================================================================


Partial Molar Volume
=========================================================================================================================


#########################################################################################################################
##################################################   AVERAGE ENERGIES   #################################################
#########################################################################################################################
                                                       Boltzmann                                    Biased
                                               Box 1               Box 2                  Box 1               Box 2      
-------------------------------------------------------------------------------------------------------------------------
Lennard Jones        
 Intermolecular                         -0.5227205792E+006  -0.5280746643E+005     -0.5234055918E+006  -0.5260090936E+005
 Tailcorrection                         -0.1281173695E+005  -0.1163335350E+004     -0.1283107533E+005  -0.1158530397E+004
Total Intermolecular                    -0.5355323161E+006  -0.5397080178E+005     -0.5362366671E+006  -0.5375943975E+005

Electrostatic        
 Real                                   -0.1513879776E+006  -0.7380430827E+004     -0.1513486513E+006  -0.7343309671E+004
 Exclusion                               0.8892248789E+007   0.2912834270E+007      0.8908618480E+007   0.2898881256E+007
 Selfterm                               -0.8920810192E+007  -0.2915771646E+007     -0.8937232305E+007  -0.2901804529E+007
 Fourier                                 0.1364769869E+005   0.2685264921E+004      0.1370175379E+005   0.2674701907E+004
Total Intermolecular                    -0.1663016813E+006  -0.7632541676E+004     -0.1662607230E+006  -0.7591881192E+004

Intramolecular       
 Lennard Jones                           0.0000000000E+000   0.0000000000E+000      0.0000000000E+000   0.0000000000E+000
 Electrostatic                           0.0000000000E+000   0.0000000000E+000      0.0000000000E+000   0.0000000000E+000
 Bending                                 0.0000000000E+000   0.0000000000E+000      0.0000000000E+000   0.0000000000E+000
 Torsion                                 0.0000000000E+000   0.0000000000E+000      0.0000000000E+000   0.0000000000E+000

Total                                   -0.7018339974E+006  -0.6160334345E+005     -0.7024973901E+006  -0.6135132095E+005

#########################################################################################################################

No errors found in bookkeeping.

Total simulation time:  17 hours and  10 minutes

Simulation finished.

