 0.0000000   0.1431146719E+000   0.1001549353E+001   0.6396268411E+000   0.1014112960E+001
 0.0101010   0.1412590963E+000   0.9994292695E+000   0.6251968182E+000   0.9948939412E+000
 0.0202020   0.1381742365E+000   0.9980218526E+000   0.6291824599E+000   0.1011186978E+001
 0.0303030   0.1340604474E+000   0.9745516322E+000   0.6305032299E+000   0.9704794027E+000
 0.0404040   0.1277808638E+000   0.9748442634E+000   0.6315043308E+000   0.9840365864E+000
 0.0505051   0.1225870551E+000   0.1003074221E+001   0.6323756249E+000   0.9923442140E+000
 0.0606061   0.1129850823E+000   0.9999508300E+000   0.6301722539E+000   0.9856116533E+000
 0.0707071   0.1055787394E+000   0.9767354178E+000   0.6348963485E+000   0.9972595436E+000
 0.0808081   0.9643992708E-001   0.1002805478E+001   0.6281246359E+000   0.9962488590E+000
 0.0909091   0.9055534480E-001   0.9942793577E+000   0.6370365844E+000   0.1013592608E+001
 0.1010101   0.8295837125E-001   0.1008727777E+001   0.6363965348E+000   0.1014036909E+001
 0.1111111   0.7744835708E-001   0.1008325658E+001   0.6405469366E+000   0.1027568075E+001
 0.1212121   0.7183758578E-001   0.1004047667E+001   0.6386361092E+000   0.1015750069E+001
 0.1313131   0.6822248279E-001   0.9867127498E+000   0.6390530559E+000   0.1007706620E+001
 0.1414141   0.6613216445E-001   0.9936960859E+000   0.6503258070E+000   0.1026257187E+001
 0.1515152   0.6519123889E-001   0.1005407308E+001   0.6539475422E+000   0.1007668595E+001
 0.1616162   0.6515413622E-001   0.9748681517E+000   0.6522419366E+000   0.9928585624E+000
 0.1717172   0.6392501995E-001   0.1011196231E+001   0.6590486196E+000   0.1014853462E+001
 0.1818182   0.6501625651E-001   0.9875548111E+000   0.6676907950E+000   0.9933248783E+000
 0.1919192   0.6753060764E-001   0.1014128515E+001   0.6795253283E+000   0.9999053359E+000
 0.2020202   0.6956980451E-001   0.1009858488E+001   0.6921152208E+000   0.1011613267E+001
 0.2121212   0.7167232051E-001   0.1016429751E+001   0.7006063153E+000   0.9961808129E+000
 0.2222222   0.7633909365E-001   0.1011399281E+001   0.7016263125E+000   0.9891020177E+000
 0.2323232   0.8097407518E-001   0.1017562453E+001   0.7113859470E+000   0.9869585657E+000
 0.2424242   0.8431339249E-001   0.9908215314E+000   0.7181870015E+000   0.9946017432E+000
 0.2525253   0.9175697949E-001   0.1002120681E+001   0.7389460003E+000   0.1009543865E+001
 0.2626263   0.9774308453E-001   0.1005582488E+001   0.7411445263E+000   0.1006717951E+001
 0.2727273   0.1058971757E+000   0.1004290531E+001   0.7546297283E+000   0.1002657200E+001
 0.2828283   0.1126150012E+000   0.1006080161E+001   0.7650018031E+000   0.1009065541E+001
 0.2929293   0.1238434935E+000   0.9918447454E+000   0.7819202115E+000   0.9957945512E+000
 0.3030303   0.1345175804E+000   0.9764865817E+000   0.8019868203E+000   0.1011455160E+001
 0.3131313   0.1442800657E+000   0.9970603499E+000   0.8015420184E+000   0.1012471848E+001
 0.3232323   0.1615077148E+000   0.1012822623E+001   0.8291559933E+000   0.1013562587E+001
 0.3333333   0.1788113582E+000   0.1021454250E+001   0.8357970879E+000   0.1001676536E+001
 0.3434343   0.1927764615E+000   0.1016827889E+001   0.8461711430E+000   0.9827136903E+000
 0.3535354   0.2146758570E+000   0.1006760976E+001   0.8633891230E+000   0.9972475355E+000
 0.3636364   0.2344159545E+000   0.1011572471E+001   0.8919182677E+000   0.1027686155E+001
 0.3737374   0.2621691402E+000   0.1038349225E+001   0.8971298791E+000   0.9953902774E+000
 0.3838384   0.2904615749E+000   0.1012476244E+001   0.9107201596E+000   0.1000357642E+001
 0.3939394   0.3215679310E+000   0.1019310278E+001   0.9345041415E+000   0.1023289176E+001
 0.4040404   0.3539031671E+000   0.1010851842E+001   0.9487180582E+000   0.1006922089E+001
 0.4141414   0.3955832031E+000   0.1010081445E+001   0.9656684788E+000   0.9871326837E+000
 0.4242424   0.4415864444E+000   0.1017950638E+001   0.9976252007E+000   0.1013756719E+001
 0.4343434   0.4991937175E+000   0.1026405093E+001   0.1008928761E+001   0.1009469815E+001
 0.4444444   0.5527392846E+000   0.1041215817E+001   0.1018017978E+001   0.1009259673E+001
 0.4545455   0.6140406951E+000   0.1000480353E+001   0.1046774065E+001   0.9887597859E+000
 0.4646465   0.6853677242E+000   0.1019328194E+001   0.1073474119E+001   0.9928805773E+000
 0.4747475   0.7681682699E+000   0.1024225289E+001   0.1096060565E+001   0.9963028956E+000
 0.4848485   0.8666101191E+000   0.1011572471E+001   0.1124484735E+001   0.1006906078E+001
 0.4949495   0.9761927764E+000   0.1012131854E+001   0.1141166428E+001   0.1000781930E+001
 0.5050505   0.1042572769E+001   0.1028578925E+001   0.1166216327E+001   0.1013072255E+001
 0.5151515   0.1035965326E+001   0.1015555839E+001   0.1148246222E+001   0.9929866492E+000
 0.5252525   0.1029785909E+001   0.1017671941E+001   0.1153772554E+001   0.9900886861E+000
 0.5353535   0.1041676183E+001   0.1036951762E+001   0.1151844914E+001   0.9946938056E+000
 0.5454545   0.1048072175E+001   0.1010202877E+001   0.1156161464E+001   0.1029445346E+001
 0.5555556   0.1044860277E+001   0.1019841792E+001   0.1165246668E+001   0.1018876187E+001
 0.5656566   0.1051888612E+001   0.1007831967E+001   0.1160161549E+001   0.1015143658E+001
 0.5757576   0.1056188489E+001   0.9838600928E+000   0.1160748024E+001   0.1007382401E+001
 0.5858586   0.1062482006E+001   0.1003227504E+001   0.1163304553E+001   0.1028734865E+001
 0.5959596   0.1076974620E+001   0.9868919118E+000   0.1157919442E+001   0.9709257051E+000
 0.6060606   0.1098190706E+001   0.9701780890E+000   0.1172051102E+001   0.1000988069E+001
 0.6161616   0.1101803354E+001   0.1006317053E+001   0.1170844723E+001   0.1019182394E+001
 0.6262626   0.1128041499E+001   0.1000735161E+001   0.1169943464E+001   0.1017655360E+001
 0.6363636   0.1142672448E+001   0.1010684624E+001   0.1171732799E+001   0.1009746002E+001
 0.6464646   0.1163353803E+001   0.1028353977E+001   0.1161622410E+001   0.9851093130E+000
 0.6565657   0.1183429986E+001   0.1004183034E+001   0.1169432200E+001   0.9922621584E+000
 0.6666667   0.1202151440E+001   0.9828050278E+000   0.1187350205E+001   0.1005423074E+001
 0.6767677   0.1223908211E+001   0.1019718369E+001   0.1165655882E+001   0.9945256917E+000
 0.6868687   0.1239050065E+001   0.9954936779E+000   0.1186184343E+001   0.1018676051E+001
 0.6969697   0.1268011484E+001   0.9844214670E+000   0.1172927451E+001   0.9926844444E+000
 0.7070707   0.1312273764E+001   0.1005001207E+001   0.1182898116E+001   0.1001868666E+001
 0.7171717   0.1333643709E+001   0.9835276478E+000   0.1193631760E+001   0.9916797639E+000
 0.7272727   0.1361294362E+001   0.1009683307E+001   0.1190766446E+001   0.1000859983E+001
 0.7373737   0.1395660197E+001   0.9905806580E+000   0.1202533013E+001   0.1008699293E+001
 0.7474747   0.1444458692E+001   0.1003743092E+001   0.1205181838E+001   0.9999793860E+000
 0.7575758   0.1465615247E+001   0.9807506370E+000   0.1191774749E+001   0.9830959492E+000
 0.7676768   0.1534057020E+001   0.9967458211E+000   0.1212874463E+001   0.1003922057E+001
 0.7777778   0.1578816164E+001   0.9831673331E+000   0.1215006924E+001   0.9807563644E+000
 0.7878788   0.1610512878E+001   0.9853252397E+000   0.1216049644E+001   0.9935250138E+000
 0.7979798   0.1674851298E+001   0.1002369517E+001   0.1230219483E+001   0.1007904755E+001
 0.8080808   0.1727903550E+001   0.9919940470E+000   0.1217088850E+001   0.9868224735E+000
 0.8181818   0.1787711048E+001   0.9956290447E+000   0.1219241095E+001   0.9919219279E+000
 0.8282828   0.1842078011E+001   0.9745476508E+000   0.1229269085E+001   0.9845649443E+000
 0.8383838   0.1928127458E+001   0.1006291174E+001   0.1247945087E+001   0.1005377042E+001
 0.8484848   0.1980618997E+001   0.9807227673E+000   0.1246596394E+001   0.1008661267E+001
 0.8585859   0.2049763341E+001   0.9711395917E+000   0.1251640988E+001   0.9871566999E+000
 0.8686869   0.2138487522E+001   0.9832808024E+000   0.1248769762E+001   0.9799498180E+000
 0.8787879   0.2217461703E+001   0.9917312761E+000   0.1246528386E+001   0.9939272863E+000
 0.8888889   0.2327425017E+001   0.9937717321E+000   0.1258809388E+001   0.9979119856E+000
 0.8989899   0.2440821473E+001   0.9813458529E+000   0.1272322446E+001   0.9851333293E+000
 0.9090909   0.2531321695E+001   0.9704926178E+000   0.1277670168E+001   0.9815529039E+000
 0.9191919   0.2630832183E+001   0.9678629180E+000   0.1280384207E+001   0.9804521583E+000
 0.9292929   0.2779427306E+001   0.9914087846E+000   0.1277614404E+001   0.9778043647E+000
 0.9393939   0.2905822762E+001   0.9968194766E+000   0.1293753079E+001   0.1005016798E+001
 0.9494949   0.3031682689E+001   0.9910186096E+000   0.1291293233E+001   0.9958465865E+000
 0.9595960   0.3199396319E+001   0.9819171806E+000   0.1310739872E+001   0.9800739021E+000
 0.9696970   0.3351622384E+001   0.9838003721E+000   0.1320574986E+001   0.9974116466E+000
 0.9797980   0.3507378715E+001   0.9673373762E+000   0.1314423465E+001   0.9784768202E+000
 0.9898990   0.3751785292E+001   0.9802629182E+000   0.1344364230E+001   0.9892160950E+000
 1.0000000   0.3808824697E+001   0.9809656314E+000   0.1323840259E+001   0.9828737987E+000


 0.0000000   0.1038063139E+001   0.1032412754E+001   0.8449650770E+000   0.1020619762E+001
 0.0101010   0.1047702333E+001   0.1028065226E+001   0.8547324407E+000   0.1020542171E+001
 0.0202020   0.1022644107E+001   0.1016768862E+001   0.8363953576E+000   0.1007980391E+001
 0.0303030   0.1020713121E+001   0.1011211796E+001   0.8516048870E+000   0.9921160207E+000
 0.0404040   0.9842697722E+000   0.1031838023E+001   0.8444140871E+000   0.1010160896E+001
 0.0505051   0.9277776569E+000   0.1008652542E+001   0.8364101933E+000   0.1002254575E+001
 0.0606061   0.9008055361E+000   0.1035995309E+001   0.8444343915E+000   0.1020120395E+001
 0.0707071   0.8382397762E+000   0.1023028822E+001   0.8382124604E+000   0.1012908413E+001
 0.0808081   0.7886801889E+000   0.1031964184E+001   0.8352488683E+000   0.1012029048E+001
 0.0909091   0.7245872830E+000   0.1017053224E+001   0.8308217245E+000   0.1010900995E+001
 0.1010101   0.6654868085E+000   0.1014227631E+001   0.8314012363E+000   0.1025472182E+001
 0.1111111   0.6159922229E+000   0.1021436798E+001   0.8287916732E+000   0.1012345381E+001
 0.1212121   0.5661997359E+000   0.1029899558E+001   0.8180474570E+000   0.1016949112E+001
 0.1313131   0.5282461302E+000   0.1026250919E+001   0.8334607905E+000   0.1002724100E+001
 0.1414141   0.4882830060E+000   0.1019652529E+001   0.8266685712E+000   0.1007668038E+001
 0.1515152   0.4584598120E+000   0.1023745734E+001   0.8354334131E+000   0.1027022012E+001
 0.1616162   0.4372241926E+000   0.1033958720E+001   0.8365916786E+000   0.1020076625E+001
 0.1717172   0.4164808669E+000   0.1020791978E+001   0.8342712608E+000   0.1013833536E+001
 0.1818182   0.3992297340E+000   0.1013438628E+001   0.8355519010E+000   0.9988883203E+000
 0.1919192   0.3944535423E+000   0.1024184291E+001   0.8393390074E+000   0.1006436530E+001
 0.2020202   0.3909093402E+000   0.1027784870E+001   0.8462724260E+000   0.1008515570E+001
 0.2121212   0.3872314318E+000   0.1020693853E+001   0.8455094086E+000   0.1002228711E+001
 0.2222222   0.3919047891E+000   0.1018483042E+001   0.8525295173E+000   0.1012108629E+001
 0.2323232   0.3960755766E+000   0.1018030466E+001   0.8571233646E+000   0.1005234864E+001
 0.2424242   0.4006604398E+000   0.1011696412E+001   0.8665370011E+000   0.1007154743E+001
 0.2525253   0.4089001265E+000   0.1019117849E+001   0.8665372926E+000   0.1006239568E+001
 0.2626263   0.4155168910E+000   0.1010352704E+001   0.8668526218E+000   0.9862509387E+000
 0.2727273   0.4323662616E+000   0.1028898285E+001   0.8867629910E+000   0.1004122727E+001
 0.2828283   0.4472285266E+000   0.1012441360E+001   0.8902681370E+000   0.1010889058E+001
 0.2929293   0.4521402951E+000   0.9771564936E+000   0.8917737245E+000   0.9984327220E+000
 0.3030303   0.4770018857E+000   0.1006696054E+001   0.9007171072E+000   0.1008533475E+001
 0.3131313   0.4997813265E+000   0.1013893206E+001   0.9119414514E+000   0.1010144980E+001
 0.3232323   0.5145443093E+000   0.9974102470E+000   0.9146200559E+000   0.9924681644E+000
 0.3333333   0.5399508130E+000   0.1010544948E+001   0.9304884302E+000   0.1011462037E+001
 0.3434343   0.5638508320E+000   0.9972119949E+000   0.9354148774E+000   0.9980467566E+000
 0.3535354   0.5897519872E+000   0.9997071677E+000   0.9463531515E+000   0.1020259660E+001
 0.3636364   0.6223520445E+000   0.9987479480E+000   0.9590201439E+000   0.1011320782E+001
 0.3737374   0.6457992181E+000   0.9862780920E+000   0.9551589591E+000   0.9877052721E+000
 0.3838384   0.6857966996E+000   0.1004781620E+001   0.9767496631E+000   0.1013005899E+001
 0.3939394   0.7159207084E+000   0.9936314421E+000   0.9813147241E+000   0.1017943868E+001
 0.4040404   0.7655434125E+000   0.9839150874E+000   0.9937648577E+000   0.1010081316E+001
 0.4141414   0.7942955797E+000   0.1002773066E+001   0.9980475572E+000   0.9937832319E+000
 0.4242424   0.8503293427E+000   0.9831160714E+000   0.1007389237E+001   0.1004946385E+001
 0.4343434   0.8876322749E+000   0.9804406695E+000   0.1027958936E+001   0.1005173189E+001
 0.4444444   0.9341073870E+000   0.9708705007E+000   0.1031573082E+001   0.1000087996E+001
 0.4545455   0.1005251318E+001   0.9940159310E+000   0.1057337135E+001   0.1020846566E+001
 0.4646465   0.1066522071E+001   0.9790048438E+000   0.1043138486E+001   0.9853715743E+000
 0.4747475   0.1120136704E+001   0.9691963720E+000   0.1076109956E+001   0.1002899177E+001
 0.4848485   0.1210260070E+001   0.1008776700E+001   0.1081171717E+001   0.9983392149E+000
 0.4949495   0.1272159299E+001   0.9717676414E+000   0.1090826022E+001   0.1005797896E+001
 0.5050505   0.1328681837E+001   0.9921135120E+000   0.1084491035E+001   0.9818779909E+000
 0.5151515   0.1318714086E+001   0.9884929083E+000   0.1080927204E+001   0.9795582197E+000
 0.5252525   0.1328140736E+001   0.9990423223E+000   0.1088317774E+001   0.9899753056E+000
 0.5353535   0.1316940807E+001   0.9871772353E+000   0.1097530199E+001   0.1003257289E+001
 0.5454545   0.1320890824E+001   0.9927523243E+000   0.1109420334E+001   0.9996642300E+000
 0.5555556   0.1326636966E+001   0.9997812619E+000   0.1105286380E+001   0.1002125257E+001
 0.5656566   0.1319849188E+001   0.9837889270E+000   0.1106808796E+001   0.1001538351E+001
 0.5757576   0.1335364001E+001   0.1009375461E+001   0.1097115470E+001   0.9978836166E+000
 0.5858586   0.1310024730E+001   0.9813578357E+000   0.1098036851E+001   0.1007455160E+001
 0.5959596   0.1327228246E+001   0.9969356435E+000   0.1086896238E+001   0.1000631133E+001
 0.6060606   0.1328925884E+001   0.9868568279E+000   0.1095832280E+001   0.9948794532E+000
 0.6161616   0.1315088765E+001   0.9956680317E+000   0.1094509341E+001   0.9999586778E+000
 0.6262626   0.1349972723E+001   0.1015921785E+001   0.1084926061E+001   0.9885388778E+000
 0.6363636   0.1310232258E+001   0.9925801053E+000   0.1115390184E+001   0.1015433104E+001
 0.6464646   0.1301998643E+001   0.9811055149E+000   0.1096624603E+001   0.9818939070E+000
 0.6565657   0.1331799584E+001   0.9967734373E+000   0.1104966792E+001   0.1013819609E+001
 0.6666667   0.1311469331E+001   0.9862520589E+000   0.1103441326E+001   0.1003597496E+001
 0.6767677   0.1329500869E+001   0.9818244290E+000   0.1089927939E+001   0.9859425643E+000
 0.6868687   0.1321905693E+001   0.1003067440E+001   0.1096623520E+001   0.9853118890E+000
 0.6969697   0.1319973610E+001   0.9941480991E+000   0.1093913428E+001   0.9922891083E+000
 0.7070707   0.1317130756E+001   0.9919933592E+000   0.1103516053E+001   0.1003999377E+001
 0.7171717   0.1319150730E+001   0.9950212093E+000   0.1095490209E+001   0.9938846971E+000
 0.7272727   0.1326873302E+001   0.9963649178E+000   0.1102543783E+001   0.9957687651E+000
 0.7373737   0.1333615472E+001   0.1009497617E+001   0.1106267661E+001   0.1008412115E+001
 0.7474747   0.1320703045E+001   0.9894341050E+000   0.1098474382E+001   0.9931764307E+000
 0.7575758   0.1302690205E+001   0.9865804765E+000   0.1097365285E+001   0.1003539800E+001
 0.7676768   0.1303002285E+001   0.9869869934E+000   0.1089476953E+001   0.9844464512E+000
 0.7777778   0.1318943140E+001   0.9932749889E+000   0.1099401750E+001   0.9955160971E+000
 0.7878788   0.1311020772E+001   0.9922837285E+000   0.1089950773E+001   0.9897345746E+000
 0.7979798   0.1311563238E+001   0.9839491307E+000   0.1103153170E+001   0.9908944602E+000
 0.8080808   0.1300023487E+001   0.9832202038E+000   0.1086494254E+001   0.9870626597E+000
 0.8181818   0.1309527546E+001   0.9938477171E+000   0.1089749449E+001   0.9896589731E+000
 0.8282828   0.1312684517E+001   0.9842675355E+000   0.1092394440E+001   0.9810344377E+000
 0.8383838   0.1308305907E+001   0.9906656710E+000   0.1087549054E+001   0.9865792082E+000
 0.8484848   0.1308572824E+001   0.9929125280E+000   0.1098730421E+001   0.9975851898E+000
 0.8585859   0.1309147604E+001   0.9870270444E+000   0.1087432665E+001   0.9901623197E+000
 0.8686869   0.1316952313E+001   0.9796156204E+000   0.1094735386E+001   0.9790827262E+000
 0.8787879   0.1316477068E+001   0.9884949108E+000   0.1085840550E+001   0.9767510179E+000
 0.8888889   0.1310125573E+001   0.9831120663E+000   0.1091824015E+001   0.9875341741E+000
 0.8989899   0.1322970430E+001   0.9953095759E+000   0.1093910315E+001   0.9823912850E+000
 0.9090909   0.1328271815E+001   0.9961085919E+000   0.1103477033E+001   0.9978517844E+000
 0.9191919   0.1312057370E+001   0.9835646418E+000   0.1092362253E+001   0.9843748287E+000
 0.9292929   0.1307430026E+001   0.9870550800E+000   0.1095888723E+001   0.9954166215E+000
 0.9393939   0.1312343190E+001   0.1002827135E+001   0.1094346035E+001   0.9995349117E+000
 0.9494949   0.1296531699E+001   0.9657820305E+000   0.1082026624E+001   0.9643822205E+000
 0.9595960   0.1306221044E+001   0.9787204822E+000   0.1094130380E+001   0.9846135702E+000
 0.9696970   0.1309165893E+001   0.9918131301E+000   0.1094919301E+001   0.9929257522E+000
 0.9797980   0.1323231107E+001   0.9891537486E+000   0.1105838148E+001   0.9842912692E+000
 0.9898990   0.1316051581E+001   0.9925260366E+000   0.1095616243E+001   0.9884135385E+000
 1.0000000   0.1308417356E+001   0.9815620955E+000   0.1090050429E+001   0.9849060285E+000


