 0.0000000   0.1511624674E+000   0.1021300815E+001   0.6937031425E+000   0.9593898982E+000
 0.0101010   0.1543329230E+000   0.1017442162E+001   0.7080511014E+000   0.9629444450E+000
 0.0202020   0.1477201729E+000   0.1034676737E+001   0.6952851481E+000   0.9896884366E+000
 0.0303030   0.1428064966E+000   0.1001075226E+001   0.6985639573E+000   0.9656555095E+000
 0.0404040   0.1361734091E+000   0.1044189545E+001   0.6961350000E+000   0.9785262925E+000
 0.0505051   0.1277927892E+000   0.1001775583E+001   0.6884107825E+000   0.9595289734E+000
 0.0606061   0.1187868396E+000   0.1015354474E+001   0.6893240998E+000   0.9440302099E+000
 0.0707071   0.1095160858E+000   0.1042253527E+001   0.6978882347E+000   0.9756093244E+000
 0.0808081   0.9967914485E-001   0.1038113838E+001   0.7014757841E+000   0.1006072224E+001
 0.0909091   0.9026942449E-001   0.1009185090E+001   0.7031768789E+000   0.9857618182E+000
 0.1010101   0.8138647710E-001   0.1010188786E+001   0.6920821533E+000   0.9792288934E+000
 0.1111111   0.7539154390E-001   0.1061236764E+001   0.7013199049E+000   0.9825901799E+000
 0.1212121   0.7050937469E-001   0.1032167497E+001   0.6992867267E+000   0.9597366832E+000
 0.1313131   0.6663753769E-001   0.1074249124E+001   0.7074714661E+000   0.9795847094E+000
 0.1414141   0.6280285159E-001   0.1013741869E+001   0.7204802689E+000   0.9910502904E+000
 0.1515152   0.6023849920E-001   0.1008823759E+001   0.7202300651E+000   0.9767779178E+000
 0.1616162   0.5907380024E-001   0.1056329805E+001   0.7266615289E+000   0.1005617069E+001
 0.1717172   0.5928412615E-001   0.1054679283E+001   0.7286605313E+000   0.9997578465E+000
 0.1818182   0.6000064360E-001   0.1032361545E+001   0.7358413225E+000   0.9983779309E+000
 0.1919192   0.6007030179E-001   0.1040313048E+001   0.7380193109E+000   0.9677687309E+000
 0.2020202   0.6187709246E-001   0.1025199617E+001   0.7517340285E+000   0.9673876286E+000
 0.2121212   0.6568198987E-001   0.1061522259E+001   0.7634090760E+000   0.9897787452E+000
 0.2222222   0.6831926033E-001   0.1069837323E+001   0.7578353686E+000   0.9797526834E+000
 0.2323232   0.7206718083E-001   0.1024403351E+001   0.7721007462E+000   0.1011646072E+001
 0.2424242   0.7666023774E-001   0.1058154302E+001   0.7788627654E+000   0.9801988079E+000
 0.2525253   0.8213700005E-001   0.1053365557E+001   0.7830213124E+000   0.9945199472E+000
 0.2626263   0.8690200231E-001   0.1038796352E+001   0.7961913982E+000   0.1020691382E+001
 0.2727273   0.9515995891E-001   0.1029700636E+001   0.8076839501E+000   0.1014420352E+001
 0.2828283   0.1011207527E+000   0.9793128666E+000   0.8237330756E+000   0.9860760922E+000
 0.2929293   0.1097132477E+000   0.9843447292E+000   0.8256500520E+000   0.9958583207E+000
 0.3030303   0.1200926541E+000   0.1023361738E+001   0.8344271636E+000   0.9995700046E+000
 0.3131313   0.1330279035E+000   0.1036269268E+001   0.8519222792E+000   0.9997722959E+000
 0.3232323   0.1449632177E+000   0.1026678395E+001   0.8649252555E+000   0.1015375817E+001
 0.3333333   0.1574784388E+000   0.1000169669E+001   0.8657187660E+000   0.9967216711E+000
 0.3434343   0.1753081149E+000   0.1023281442E+001   0.8832224328E+000   0.1009516595E+001
 0.3535354   0.1911077890E+000   0.1021659916E+001   0.9047388645E+000   0.1016067581E+001
 0.3636364   0.2135973451E+000   0.1018820571E+001   0.9003592026E+000   0.1026644526E+001
 0.3737374   0.2391246439E+000   0.1027753465E+001   0.9167201795E+000   0.1003473143E+001
 0.3838384   0.2616338031E+000   0.9725390339E+000   0.9354659237E+000   0.1004108915E+001
 0.3939394   0.2910562938E+000   0.1011299543E+001   0.9558432835E+000   0.9955115357E+000
 0.4040404   0.3239666656E+000   0.9767746310E+000   0.9657053759E+000   0.1003913849E+001
 0.4141414   0.3636692639E+000   0.9954143807E+000   0.9791725402E+000   0.9931526748E+000
 0.4242424   0.4079061659E+000   0.1014649657E+001   0.9863977398E+000   0.9968390722E+000
 0.4343434   0.4551759824E+000   0.1016677123E+001   0.1005063497E+001   0.1018601641E+001
 0.4444444   0.5053164451E+000   0.9802228843E+000   0.1024570208E+001   0.1014003127E+001
 0.4545455   0.5732835018E+000   0.1032667115E+001   0.1038677728E+001   0.9901453981E+000
 0.4646465   0.6472545141E+000   0.9973370161E+000   0.1049826331E+001   0.9818297814E+000
 0.4747475   0.7136511873E+000   0.9716357075E+000   0.1076697445E+001   0.1030800528E+001
 0.4848485   0.8220866129E+000   0.1015764874E+001   0.1096114670E+001   0.1037501427E+001
 0.4949495   0.9153388971E+000   0.1004184453E+001   0.1113731003E+001   0.1012018143E+001
 0.5050505   0.9701865487E+000   0.9915423446E+000   0.1112945661E+001   0.1005893413E+001
 0.5151515   0.9587889090E+000   0.9560137371E+000   0.1115664746E+001   0.1019578780E+001
 0.5252525   0.9669777096E+000   0.9572493984E+000   0.1105913968E+001   0.1005161914E+001
 0.5353535   0.9767803039E+000   0.9992596515E+000   0.1112749021E+001   0.1003010763E+001
 0.5454545   0.9837703051E+000   0.9827655808E+000   0.1123610082E+001   0.1014927887E+001
 0.5555556   0.9903505588E+000   0.9813180281E+000   0.1124695016E+001   0.1027309197E+001
 0.5656566   0.9983271646E+000   0.9738036908E+000   0.1123344593E+001   0.1028940170E+001
 0.5757576   0.1015434257E+001   0.1004211218E+001   0.1119643350E+001   0.1016844235E+001
 0.5858586   0.1014296843E+001   0.9866643821E+000   0.1123347142E+001   0.1006256454E+001
 0.5959596   0.1030311814E+001   0.9701881549E+000   0.1119980504E+001   0.1001179304E+001
 0.6060606   0.1046674033E+001   0.1005841667E+001   0.1117369727E+001   0.1008479852E+001
 0.6161616   0.1061424968E+001   0.9856205383E+000   0.1118453804E+001   0.1007108967E+001
 0.6262626   0.1078715725E+001   0.9997280430E+000   0.1129552891E+001   0.1013405284E+001
 0.6363636   0.1084772783E+001   0.9671034625E+000   0.1133767946E+001   0.9905734609E+000
 0.6464646   0.1113057820E+001   0.9777515617E+000   0.1123987273E+001   0.1007432272E+001
 0.6565657   0.1135199389E+001   0.9614916867E+000   0.1147324682E+001   0.1018868954E+001
 0.6666667   0.1147857750E+001   0.9743233823E+000   0.1147308393E+001   0.1011828495E+001
 0.6767677   0.1161817843E+001   0.9514168094E+000   0.1137771679E+001   0.9917565037E+000
 0.6868687   0.1202656754E+001   0.9536650885E+000   0.1139518358E+001   0.1018386706E+001
 0.6969697   0.1230748325E+001   0.9968262464E+000   0.1146240130E+001   0.1044330564E+001
 0.7070707   0.1266795937E+001   0.9789403839E+000   0.1147950584E+001   0.1027330871E+001
 0.7171717   0.1293699710E+001   0.9773099355E+000   0.1154103718E+001   0.9992412813E+000
 0.7272727   0.1321361311E+001   0.9730899515E+000   0.1138333384E+001   0.1000617584E+001
 0.7373737   0.1371030210E+001   0.9952738632E+000   0.1151834755E+001   0.1025559016E+001
 0.7474747   0.1417250241E+001   0.9976871945E+000   0.1159478303E+001   0.1003767549E+001
 0.7575758   0.1459101648E+001   0.9649377096E+000   0.1151604635E+001   0.9920346542E+000
 0.7676768   0.1494754363E+001   0.9770155180E+000   0.1163202375E+001   0.1020839488E+001
 0.7777778   0.1559260323E+001   0.9656001490E+000   0.1173689236E+001   0.9971840511E+000
 0.7878788   0.1608273920E+001   0.9619110086E+000   0.1172612982E+001   0.9903585264E+000
 0.7979798   0.1674143674E+001   0.9593683121E+000   0.1179419381E+001   0.9853030505E+000
 0.8080808   0.1714176316E+001   0.9705004158E+000   0.1184370060E+001   0.1003449662E+001
 0.8181818   0.1786145532E+001   0.9735025821E+000   0.1187721012E+001   0.1003818122E+001
 0.8282828   0.1856076058E+001   0.9887498393E+000   0.1188018655E+001   0.1000046834E+001
 0.8383838   0.1914158353E+001   0.9918367621E+000   0.1186423001E+001   0.1014646124E+001
 0.8484848   0.1986896997E+001   0.9767255614E+000   0.1191891800E+001   0.1006321476E+001
 0.8585859   0.2074083452E+001   0.9684528760E+000   0.1202509362E+001   0.9984646272E+000
 0.8686869   0.2174045571E+001   0.9457358902E+000   0.1201541219E+001   0.9678590395E+000
 0.8787879   0.2273358606E+001   0.9783403967E+000   0.1217197352E+001   0.9996115465E+000
 0.8888889   0.2400750770E+001   0.9785857446E+000   0.1224631997E+001   0.1011665940E+001
 0.8989899   0.2491022539E+001   0.9927222450E+000   0.1227906971E+001   0.1028573518E+001
 0.9090909   0.2667836564E+001   0.9870234822E+000   0.1237504902E+001   0.1013213829E+001
 0.9191919   0.2727614477E+001   0.9679688715E+000   0.1237537075E+001   0.9902700240E+000
 0.9292929   0.2915616054E+001   0.9806578192E+000   0.1243085279E+001   0.9980437891E+000
 0.9393939   0.3035886826E+001   0.9900657963E+000   0.1245842277E+001   0.1015131984E+001
 0.9494949   0.3209647037E+001   0.9837960420E+000   0.1264999325E+001   0.1008026503E+001
 0.9595960   0.3358637416E+001   0.9758356176E+000   0.1268583284E+001   0.1004970459E+001
 0.9696970   0.3553906516E+001   0.9534933449E+000   0.1278629704E+001   0.9857365318E+000
 0.9797980   0.3747210541E+001   0.9825358459E+000   0.1277062379E+001   0.1004542397E+001
 0.9898990   0.3982931070E+001   0.9963288593E+000   0.1289013491E+001   0.1007193857E+001
 1.0000000   0.4087865089E+001   0.9879669565E+000   0.1278523467E+001   0.1001309348E+001


 0.0000000   0.1149597165E+001   0.1008089350E+001   0.8702629703E+000   0.9619400733E+000
 0.0101010   0.1158073763E+001   0.1050983521E+001   0.8776215963E+000   0.1002692480E+001
 0.0202020   0.1132294671E+001   0.1019145127E+001   0.8573973316E+000   0.9713860787E+000
 0.0303030   0.1116853864E+001   0.1034459343E+001   0.8715809445E+000   0.9825211167E+000
 0.0404040   0.1082343699E+001   0.1048280748E+001   0.8649201089E+000   0.9835866448E+000
 0.0505051   0.1031891578E+001   0.1045827151E+001   0.8717723151E+000   0.9900516871E+000
 0.0606061   0.9692497708E+000   0.1042446440E+001   0.8621249620E+000   0.9807835692E+000
 0.0707071   0.9122384784E+000   0.1040729147E+001   0.8620956049E+000   0.9899834071E+000
 0.0808081   0.8520302797E+000   0.1041927885E+001   0.8694136702E+000   0.9888747547E+000
 0.0909091   0.7779444391E+000   0.1049692745E+001   0.8669049207E+000   0.9847312340E+000
 0.1010101   0.7077800751E+000   0.1036479688E+001   0.8594636429E+000   0.9808446619E+000
 0.1111111   0.6410742791E+000   0.1012536354E+001   0.8518507653E+000   0.9664932743E+000
 0.1212121   0.5955295691E+000   0.1028568914E+001   0.8584646573E+000   0.9876672760E+000
 0.1313131   0.5343246032E+000   0.1013054909E+001   0.8648153095E+000   0.9963927472E+000
 0.1414141   0.4962869995E+000   0.1041155664E+001   0.8657408050E+000   0.9944970775E+000
 0.1515152   0.4584535182E+000   0.1045198599E+001   0.8595329759E+000   0.9920066526E+000
 0.1616162   0.4284633895E+000   0.1022424820E+001   0.8598145952E+000   0.9766220801E+000
 0.1717172   0.4106949110E+000   0.1023010721E+001   0.8689603390E+000   0.9958267415E+000
 0.1818182   0.3916962393E+000   0.1052431435E+001   0.8618952201E+000   0.9796353863E+000
 0.1919192   0.3831598474E+000   0.1008233019E+001   0.8676639372E+000   0.9948995704E+000
 0.2020202   0.3736240178E+000   0.1043427430E+001   0.8755755973E+000   0.9866628406E+000
 0.2121212   0.3738190911E+000   0.1023259896E+001   0.8895577734E+000   0.1007969809E+001
 0.2222222   0.3818173374E+000   0.1015766661E+001   0.8846574922E+000   0.9777271387E+000
 0.2323232   0.3731836420E+000   0.1011232109E+001   0.8783656397E+000   0.9866628406E+000
 0.2424242   0.3809107798E+000   0.1010942526E+001   0.8920492597E+000   0.1001759918E+001
 0.2525253   0.3881120443E+000   0.1020449372E+001   0.8972430258E+000   0.9936633422E+000
 0.2626263   0.4015541081E+000   0.9986678069E+000   0.9119557326E+000   0.9810926263E+000
 0.2727273   0.4131268644E+000   0.1042529499E+001   0.9152415913E+000   0.1002272019E+001
 0.2828283   0.4271774619E+000   0.1020828748E+001   0.9172330584E+000   0.9901666851E+000
 0.2929293   0.4418541095E+000   0.1007938946E+001   0.9199108913E+000   0.1012095361E+001
 0.3030303   0.4572860819E+000   0.1018235972E+001   0.9205677249E+000   0.9953523749E+000
 0.3131313   0.4716335072E+000   0.9832211462E+000   0.9349588193E+000   0.1008210586E+001
 0.3232323   0.4923528103E+000   0.9906425472E+000   0.9386884972E+000   0.9922528202E+000
 0.3333333   0.5164372898E+000   0.9746099864E+000   0.9554266030E+000   0.1002897320E+001
 0.3434343   0.5367896599E+000   0.9932173648E+000   0.9582481682E+000   0.1001312504E+001
 0.3535354   0.5696439732E+000   0.1006556132E+001   0.9612122420E+000   0.1000945948E+001
 0.3636364   0.5940573914E+000   0.9690607719E+000   0.9757819006E+000   0.9905853496E+000
 0.3737374   0.6285642689E+000   0.1025868386E+001   0.9810207761E+000   0.9943730953E+000
 0.3838384   0.6575398031E+000   0.9847588533E+000   0.9809691526E+000   0.1020125454E+001
 0.3939394   0.6912869923E+000   0.9973747860E+000   0.9910618955E+000   0.9995983157E+000
 0.4040404   0.7511273683E+000   0.1012073919E+001   0.9942466694E+000   0.9971420309E+000
 0.4141414   0.7825097416E+000   0.9866108363E+000   0.9981283083E+000   0.9928493722E+000
 0.4242424   0.8235856993E+000   0.1002475035E+001   0.1008654041E+001   0.1001785074E+001
 0.4343434   0.8708278112E+000   0.9779592696E+000   0.1028532270E+001   0.1005035564E+001
 0.4444444   0.9264848404E+000   0.1001150587E+001   0.1027581357E+001   0.1014806798E+001
 0.4545455   0.9830485170E+000   0.9977317137E+000   0.1039363559E+001   0.9935878748E+000
 0.4646465   0.1049074284E+001   0.9769042005E+000   0.1051326419E+001   0.1020425527E+001
 0.4747475   0.1121521459E+001   0.9426885338E+000   0.1053393020E+001   0.1022305025E+001
 0.4848485   0.1209103217E+001   0.9950446547E+000   0.1060981241E+001   0.1006406555E+001
 0.4949495   0.1273216959E+001   0.1001422211E+001   0.1063246756E+001   0.9974978058E+000
 0.5050505   0.1309035510E+001   0.9971166308E+000   0.1071128967E+001   0.1001772496E+001
 0.5151515   0.1320987106E+001   0.1013351226E+001   0.1070742747E+001   0.1001308911E+001
 0.5252525   0.1299351659E+001   0.9777707041E+000   0.1078611822E+001   0.1000796810E+001
 0.5353535   0.1304967305E+001   0.9768391005E+000   0.1071802772E+001   0.9896168510E+000
 0.5454545   0.1309925493E+001   0.9961850272E+000   0.1083788914E+001   0.1002701464E+001
 0.5555556   0.1303213266E+001   0.9724482172E+000   0.1072506009E+001   0.9901936377E+000
 0.5656566   0.1318399686E+001   0.9783655835E+000   0.1070922957E+001   0.1003139894E+001
 0.5757576   0.1296132270E+001   0.9694738202E+000   0.1072779187E+001   0.1007182791E+001
 0.5858586   0.1298284005E+001   0.9740914312E+000   0.1071252227E+001   0.1004640258E+001
 0.5959596   0.1305649859E+001   0.9829585013E+000   0.1071923836E+001   0.9980925610E+000
 0.6060606   0.1308350682E+001   0.9745314174E+000   0.1074224282E+001   0.1020209905E+001
 0.6161616   0.1300324158E+001   0.9716984446E+000   0.1072084208E+001   0.9890508454E+000
 0.6262626   0.1312510803E+001   0.9969258204E+000   0.1081867810E+001   0.1002652949E+001
 0.6363636   0.1307031429E+001   0.9880699744E+000   0.1077491550E+001   0.1007049825E+001
 0.6464646   0.1309501046E+001   0.9876254985E+000   0.1070494068E+001   0.1003838866E+001
 0.6565657   0.1305369005E+001   0.9825791254E+000   0.1068706376E+001   0.1004324014E+001
 0.6666667   0.1305408252E+001   0.9882473158E+000   0.1081730142E+001   0.9865550300E+000
 0.6767677   0.1306450591E+001   0.9817440494E+000   0.1075127231E+001   0.1006302338E+001
 0.6868687   0.1321795757E+001   0.9925753440E+000   0.1069150742E+001   0.1011304750E+001
 0.6969697   0.1293759581E+001   0.9774968351E+000   0.1081505187E+001   0.9973935889E+000
 0.7070707   0.1306277891E+001   0.9712786618E+000   0.1072353019E+001   0.9918018125E+000
 0.7171717   0.1307668592E+001   0.9789761767E+000   0.1075403050E+001   0.1000699781E+001
 0.7272727   0.1301332458E+001   0.9830729875E+000   0.1071742140E+001   0.1004115580E+001
 0.7373737   0.1302986429E+001   0.9784419076E+000   0.1069895198E+001   0.9934818610E+000
 0.7474747   0.1304816732E+001   0.9909411093E+000   0.1074628719E+001   0.1012206765E+001
 0.7575758   0.1310117963E+001   0.9768727729E+000   0.1071738172E+001   0.9992407439E+000
 0.7676768   0.1315389903E+001   0.9950109823E+000   0.1074463700E+001   0.1019884677E+001
 0.7777778   0.1296334687E+001   0.9750971141E+000   0.1075670323E+001   0.1004111986E+001
 0.7878788   0.1304459337E+001   0.9752497624E+000   0.1064258199E+001   0.9862333950E+000
 0.7979798   0.1324956773E+001   0.9946181374E+000   0.1089458654E+001   0.1013212998E+001
 0.8080808   0.1299387769E+001   0.9797259492E+000   0.1080389723E+001   0.1005418291E+001
 0.8181818   0.1307106815E+001   0.9788931180E+000   0.1071230642E+001   0.1004627680E+001
 0.8282828   0.1306893116E+001   0.9920410750E+000   0.1080173633E+001   0.1012282233E+001
 0.8383838   0.1310683944E+001   0.9793937146E+000   0.1076850947E+001   0.9953541717E+000
 0.8484848   0.1317581566E+001   0.1008520356E+001   0.1077895249E+001   0.1021212544E+001
 0.8585859   0.1293961884E+001   0.9799930837E+000   0.1074474993E+001   0.1011288578E+001
 0.8686869   0.1294810175E+001   0.9926628923E+000   0.1073438628E+001   0.1013009954E+001
 0.8787879   0.1306019670E+001   0.9805610251E+000   0.1074192206E+001   0.1030439334E+001
 0.8888889   0.1311094920E+001   0.9850506809E+000   0.1077473543E+001   0.9967125853E+000
 0.8989899   0.1301070810E+001   0.9777819282E+000   0.1083454132E+001   0.1014168918E+001
 0.9090909   0.1317097460E+001   0.9940703994E+000   0.1082356198E+001   0.1014208449E+001
 0.9191919   0.1322006049E+001   0.1017957613E+001   0.1078921281E+001   0.1027661415E+001
 0.9292929   0.1313283971E+001   0.9818562908E+000   0.1079825725E+001   0.1005815394E+001
 0.9393939   0.1310371651E+001   0.9970627549E+000   0.1079473630E+001   0.1016517392E+001
 0.9494949   0.1309811659E+001   0.9791063767E+000   0.1081066202E+001   0.1002007883E+001
 0.9595960   0.1306355365E+001   0.9858094327E+000   0.1074249889E+001   0.1003468716E+001
 0.9696970   0.1294345896E+001   0.9938010200E+000   0.1064035070E+001   0.1025970585E+001
 0.9797980   0.1326970117E+001   0.9938324476E+000   0.1096229259E+001   0.1024446862E+001
 0.9898990   0.1332550001E+001   0.1002510952E+001   0.1080509954E+001   0.1012359497E+001
 1.0000000   0.1316556664E+001   0.1002389732E+001   0.1088830735E+001   0.1010907648E+001


