 0.0000000   0.1420112153E+000   0.9981987170E+000   0.7571135876E+000   0.1041475094E+001
 0.0101010   0.1418015062E+000   0.1015465597E+001   0.7525636430E+000   0.1029494960E+001
 0.0202020   0.1393971091E+000   0.9728401435E+000   0.7526961375E+000   0.1015644809E+001
 0.0303030   0.1348787792E+000   0.9756076183E+000   0.7450012317E+000   0.1006391337E+001
 0.0404040   0.1291868003E+000   0.9961604084E+000   0.7549051967E+000   0.1032017658E+001
 0.0505051   0.1212535204E+000   0.9872295208E+000   0.7540614471E+000   0.9931165759E+000
 0.0606061   0.1112668853E+000   0.1006219545E+001   0.7556657506E+000   0.1039534226E+001
 0.0707071   0.1018171400E+000   0.9933239331E+000   0.7542481846E+000   0.1013895023E+001
 0.0808081   0.9163664798E-001   0.9732075239E+000   0.7489365958E+000   0.1004128423E+001
 0.0909091   0.8424948884E-001   0.1008063907E+001   0.7564277193E+000   0.1028509497E+001
 0.1010101   0.7639400902E-001   0.9470787569E+000   0.7475663262E+000   0.9790731971E+000
 0.1111111   0.7019712481E-001   0.9545046901E+000   0.7613760610E+000   0.9828991107E+000
 0.1212121   0.6511918581E-001   0.1017464743E+001   0.7591705607E+000   0.9929126131E+000
 0.1313131   0.6181998798E-001   0.1000184809E+001   0.7734654884E+000   0.1010054080E+001
 0.1414141   0.5904592533E-001   0.9832964989E+000   0.7712803974E+000   0.9957337413E+000
 0.1515152   0.5572844799E-001   0.9819649780E+000   0.7743514941E+000   0.9973826199E+000
 0.1616162   0.5605577739E-001   0.9736308506E+000   0.7796346652E+000   0.1001298707E+001
 0.1717172   0.5555165378E-001   0.9950414832E+000   0.7790129848E+000   0.9937327584E+000
 0.1818182   0.5546906629E-001   0.9514257810E+000   0.7937225356E+000   0.1006606035E+001
 0.1919192   0.5709245203E-001   0.9826475224E+000   0.8001762100E+000   0.1026577218E+001
 0.2020202   0.5786540277E-001   0.9800795891E+000   0.7949976133E+000   0.9999375230E+000
 0.2121212   0.6008339458E-001   0.9757978356E+000   0.8081528127E+000   0.1017675850E+001
 0.2222222   0.6388393863E-001   0.1023408101E+001   0.8178780921E+000   0.1036582132E+001
 0.2323232   0.6778864191E-001   0.9565336743E+000   0.8105909063E+000   0.1008115360E+001
 0.2424242   0.7216629171E-001   0.1009714322E+001   0.8281425336E+000   0.1010097020E+001
 0.2525253   0.7728790096E-001   0.9667606502E+000   0.8334919616E+000   0.9859692883E+000
 0.2626263   0.8347033719E-001   0.9537270371E+000   0.8447659586E+000   0.1018766514E+001
 0.2727273   0.8875678887E-001   0.9896221558E+000   0.8487621032E+000   0.1007864163E+001
 0.2828283   0.9606533983E-001   0.9721911669E+000   0.8619715207E+000   0.1043304318E+001
 0.2929293   0.1049101449E+000   0.9969380613E+000   0.8628266003E+000   0.9857717664E+000
 0.3030303   0.1147129444E+000   0.1008293287E+001   0.8799694359E+000   0.9792191916E+000
 0.3131313   0.1264233258E+000   0.9728065757E+000   0.8901152607E+000   0.1027931961E+001
 0.3232323   0.1384408596E+000   0.9893200460E+000   0.8930038997E+000   0.1022817861E+001
 0.3333333   0.1530908598E+000   0.1020776762E+001   0.9041449774E+000   0.1003692586E+001
 0.3434343   0.1687897669E+000   0.9680959008E+000   0.9118306762E+000   0.1000871458E+001
 0.3535354   0.1847129620E+000   0.9872985212E+000   0.9220197300E+000   0.1003836434E+001
 0.3636364   0.2053041972E+000   0.9821309519E+000   0.9271618643E+000   0.1000577322E+001
 0.3737374   0.2327200351E+000   0.1035921413E+001   0.9431759254E+000   0.1009420722E+001
 0.3838384   0.2546288151E+000   0.9888258540E+000   0.9506107220E+000   0.9975049976E+000
 0.3939394   0.2891585433E+000   0.9828284153E+000   0.9503449974E+000   0.9658370818E+000
 0.4040404   0.3161148346E+000   0.1023997401E+001   0.9729996367E+000   0.1009300491E+001
 0.4141414   0.3573779422E+000   0.9798837772E+000   0.9827340593E+000   0.1025789277E+001
 0.4242424   0.3989905433E+000   0.1012136795E+001   0.9945171663E+000   0.1001444701E+001
 0.4343434   0.4479900867E+000   0.1021733443E+001   0.1002122572E+001   0.9927795005E+000
 0.4444444   0.5023400408E+000   0.9871400068E+000   0.1013897798E+001   0.9964336559E+000
 0.4545455   0.5661950458E+000   0.1002864635E+001   0.1036124079E+001   0.1012896678E+001
 0.4646465   0.6401030534E+000   0.1026130818E+001   0.1048964407E+001   0.9926141832E+000
 0.4747475   0.7162912624E+000   0.1028721130E+001   0.1054019475E+001   0.1009253258E+001
 0.4848485   0.8084853230E+000   0.1026996121E+001   0.1066401028E+001   0.9832383332E+000
 0.4949495   0.9190006091E+000   0.1017188742E+001   0.1081327331E+001   0.9992912828E+000
 0.5050505   0.9636818171E+000   0.1014870702E+001   0.1092902055E+001   0.9778150684E+000
 0.5151515   0.9720983745E+000   0.1005356108E+001   0.1097709266E+001   0.1019769153E+001
 0.5252525   0.9591364709E+000   0.1002786310E+001   0.1090851809E+001   0.9967621435E+000
 0.5353535   0.9692192492E+000   0.9974229289E+000   0.1085289429E+001   0.9854046333E+000
 0.5454545   0.9859415498E+000   0.1016243250E+001   0.1092849643E+001   0.9813554340E+000
 0.5555556   0.9840121685E+000   0.1007025172E+001   0.1080722695E+001   0.9826006809E+000
 0.5656566   0.9927036379E+000   0.1044949274E+001   0.1082482062E+001   0.9885349263E+000
 0.5757576   0.1004961772E+001   0.1011383385E+001   0.1081396383E+001   0.9848228024E+000
 0.5858586   0.1014198142E+001   0.1020853221E+001   0.1095966160E+001   0.9899132857E+000
 0.5959596   0.1030665182E+001   0.1021045304E+001   0.1092831579E+001   0.1012020711E+001
 0.6060606   0.1053489641E+001   0.1005833516E+001   0.1110046774E+001   0.9832147164E+000
 0.6161616   0.1054992550E+001   0.1038101453E+001   0.1102662596E+001   0.1002108117E+001
 0.6262626   0.1078017973E+001   0.1019946892E+001   0.1097907818E+001   0.9774135836E+000
 0.6363636   0.1105110398E+001   0.1023230937E+001   0.1095606364E+001   0.9953064928E+000
 0.6464646   0.1102444916E+001   0.9884640682E+000   0.1103574568E+001   0.9717713272E+000
 0.6565657   0.1130559093E+001   0.1004556077E+001   0.1103671787E+001   0.9676190730E+000
 0.6666667   0.1160475595E+001   0.1018951049E+001   0.1117450708E+001   0.1036513429E+001
 0.6767677   0.1178604880E+001   0.1005285243E+001   0.1100437304E+001   0.9796893796E+000
 0.6868687   0.1202363135E+001   0.9900249688E+000   0.1114407247E+001   0.9805438766E+000
 0.6969697   0.1227992870E+001   0.1013723803E+001   0.1116896094E+001   0.1003340482E+001
 0.7070707   0.1265245555E+001   0.1009428996E+001   0.1118903713E+001   0.9892949563E+000
 0.7171717   0.1287123172E+001   0.9970891162E+000   0.1119149190E+001   0.9981984713E+000
 0.7272727   0.1341469186E+001   0.1011208087E+001   0.1114769552E+001   0.9845093438E+000
 0.7373737   0.1374549224E+001   0.9990808030E+000   0.1131126383E+001   0.1002105970E+001
 0.7474747   0.1410791926E+001   0.1019980460E+001   0.1131339810E+001   0.9879853001E+000
 0.7575758   0.1444526622E+001   0.1015803139E+001   0.1143209863E+001   0.1019086414E+001
 0.7676768   0.1508031647E+001   0.1017472203E+001   0.1135229265E+001   0.1007338154E+001
 0.7777778   0.1542686336E+001   0.1001859467E+001   0.1127498271E+001   0.9656803524E+000
 0.7878788   0.1617325863E+001   0.1027053932E+001   0.1141615495E+001   0.1000983101E+001
 0.7979798   0.1652166159E+001   0.1001671115E+001   0.1140780734E+001   0.1001839745E+001
 0.8080808   0.1736880157E+001   0.1010689651E+001   0.1153407323E+001   0.1001616459E+001
 0.8181818   0.1796492319E+001   0.1013660398E+001   0.1147033274E+001   0.1004383913E+001
 0.8282828   0.1849913568E+001   0.9918059247E+000   0.1154165460E+001   0.9983916993E+000
 0.8383838   0.1937485130E+001   0.1001893035E+001   0.1152697953E+001   0.9790066408E+000
 0.8484848   0.2018083855E+001   0.1011019734E+001   0.1161308775E+001   0.9924553069E+000
 0.8585859   0.2082667622E+001   0.9912539216E+000   0.1159630976E+001   0.9875194060E+000
 0.8686869   0.2191302999E+001   0.1016761685E+001   0.1166791892E+001   0.1001214974E+001
 0.8787879   0.2316841328E+001   0.1008524531E+001   0.1176863984E+001   0.9988726222E+000
 0.8888889   0.2401903858E+001   0.9998920237E+000   0.1173326235E+001   0.9953837840E+000
 0.8989899   0.2531517048E+001   0.1024797433E+001   0.1193985344E+001   0.1006672591E+001
 0.9090909   0.2617620110E+001   0.9917891408E+000   0.1192488978E+001   0.9921461422E+000
 0.9191919   0.2785606396E+001   0.1014162049E+001   0.1191305827E+001   0.9976681679E+000
 0.9292929   0.2897794333E+001   0.9906273235E+000   0.1193107098E+001   0.9940913036E+000
 0.9393939   0.3032616534E+001   0.9833188774E+000   0.1187276142E+001   0.9845587242E+000
 0.9494949   0.3219786532E+001   0.1005484785E+001   0.1208566802E+001   0.9928138521E+000
 0.9595960   0.3389780305E+001   0.1035388059E+001   0.1214865261E+001   0.1014124749E+001
 0.9696970   0.3596965797E+001   0.1005665677E+001   0.1226869115E+001   0.9957423292E+000
 0.9797980   0.3766843876E+001   0.1006627953E+001   0.1225309584E+001   0.1012853739E+001
 0.9898990   0.4006484248E+001   0.9757829166E+000   0.1221562514E+001   0.9658950502E+000
 1.0000000   0.4085706927E+001   0.9687336882E+000   0.1231711487E+001   0.9717348285E+000


 0.0000000   0.1133164218E+001   0.9531014428E+000   0.8807008534E+000   0.9601007655E+000
 0.0101010   0.1128957339E+001   0.9629650584E+000   0.8829042150E+000   0.9988002098E+000
 0.0202020   0.1124145078E+001   0.1021390163E+001   0.8881406813E+000   0.1024248156E+001
 0.0303030   0.1105949392E+001   0.9785757722E+000   0.8912350129E+000   0.9839392794E+000
 0.0404040   0.1060748905E+001   0.9742840838E+000   0.8836496993E+000   0.9926697537E+000
 0.0505051   0.1013482955E+001   0.9534927821E+000   0.8827554610E+000   0.9591681970E+000
 0.0606061   0.9569610277E+000   0.9586920052E+000   0.8784210444E+000   0.9698605032E+000
 0.0707071   0.8842764118E+000   0.9588224516E+000   0.8727985854E+000   0.9588974513E+000
 0.0808081   0.8384315349E+000   0.9823270396E+000   0.8919455749E+000   0.9942082768E+000
 0.0909091   0.7682483859E+000   0.9697315024E+000   0.8903893476E+000   0.1008624411E+001
 0.1010101   0.7105332055E+000   0.9901351917E+000   0.9002289375E+000   0.9975668127E+000
 0.1111111   0.6431307681E+000   0.1021516882E+001   0.8821553295E+000   0.1001797751E+001
 0.1212121   0.5850180696E+000   0.9925838581E+000   0.8853584921E+000   0.9849298648E+000
 0.1313131   0.5316965828E+000   0.9910166371E+000   0.8800462043E+000   0.9918854507E+000
 0.1414141   0.4855174896E+000   0.1016252436E+001   0.8851502846E+000   0.9825984436E+000
 0.1515152   0.4509534705E+000   0.9828655971E+000   0.8892605407E+000   0.9935700906E+000
 0.1616162   0.4217179108E+000   0.9634477103E+000   0.8889938577E+000   0.9831227448E+000
 0.1717172   0.3997862204E+000   0.9919707597E+000   0.8974745738E+000   0.9909851138E+000
 0.1818182   0.3901839294E+000   0.1012689384E+001   0.8938184263E+000   0.1005158436E+001
 0.1919192   0.3757376166E+000   0.9839166228E+000   0.8930156795E+000   0.9864619417E+000
 0.2020202   0.3683171647E+000   0.9849061523E+000   0.8960904016E+000   0.9864447515E+000
 0.2121212   0.3683179389E+000   0.1022830664E+001   0.9077268951E+000   0.9824544756E+000
 0.2222222   0.3692465239E+000   0.1004156322E+001   0.9039957348E+000   0.1005115461E+001
 0.2323232   0.3701956080E+000   0.1014927473E+001   0.9022432874E+000   0.9696477745E+000
 0.2424242   0.3787144204E+000   0.1028711936E+001   0.9142029609E+000   0.9871925253E+000
 0.2525253   0.3859119720E+000   0.1058000892E+001   0.9255265613E+000   0.9998488122E+000
 0.2626263   0.3926519795E+000   0.1002704640E+001   0.9352091236E+000   0.1022954594E+001
 0.2727273   0.4027907378E+000   0.9941995306E+000   0.9232697422E+000   0.9745168994E+000
 0.2828283   0.4235876375E+000   0.1032845225E+001   0.9374464756E+000   0.1025810316E+001
 0.2929293   0.4366685145E+000   0.1014817525E+001   0.9340583015E+000   0.1005091824E+001
 0.3030303   0.4533193768E+000   0.1041693222E+001   0.9315764170E+000   0.9751980612E+000
 0.3131313   0.4699957995E+000   0.9907669253E+000   0.9423619523E+000   0.9991547577E+000
 0.3232323   0.4865647538E+000   0.9931429143E+000   0.9495753649E+000   0.1010274670E+001
 0.3333333   0.5114116683E+000   0.1027800674E+001   0.9562559946E+000   0.9702687705E+000
 0.3434343   0.5330749815E+000   0.9894177362E+000   0.9592676827E+000   0.9869926892E+000
 0.3535354   0.5525915829E+000   0.9551326804E+000   0.9656407443E+000   0.9779807253E+000
 0.3636364   0.5838498387E+000   0.1023751244E+001   0.9741076298E+000   0.1006288692E+001
 0.3737374   0.6243378389E+000   0.1001621934E+001   0.9741732799E+000   0.9784813900E+000
 0.3838384   0.6461452560E+000   0.1003563723E+001   0.1002092512E+001   0.1021306483E+001
 0.3939394   0.6880693694E+000   0.1001670386E+001   0.9891059691E+000   0.9803637172E+000
 0.4040404   0.7318454802E+000   0.9886350575E+000   0.9950259727E+000   0.9708124107E+000
 0.4141414   0.7813724568E+000   0.1032440841E+001   0.1007314133E+001   0.9912279254E+000
 0.4242424   0.8175902343E+000   0.9957089825E+000   0.1015573357E+001   0.1025803870E+001
 0.4343434   0.8802311681E+000   0.1026900594E+001   0.1016645534E+001   0.9948464631E+000
 0.4444444   0.9212253463E+000   0.1013041589E+001   0.1014077088E+001   0.1021007803E+001
 0.4545455   0.9819530389E+000   0.1012068832E+001   0.1028429188E+001   0.1012086088E+001
 0.4646465   0.1049142534E+001   0.9899451126E+000   0.1038596945E+001   0.1042792088E+001
 0.4747475   0.1119686527E+001   0.9777073715E+000   0.1037762316E+001   0.9968706095E+000
 0.4848485   0.1207990074E+001   0.1008408877E+001   0.1058365089E+001   0.1007403906E+001
 0.4949495   0.1268968818E+001   0.9752997026E+000   0.1053774406E+001   0.9893327055E+000
 0.5050505   0.1320667451E+001   0.9805511042E+000   0.1071070491E+001   0.1045417891E+001
 0.5151515   0.1317514541E+001   0.1009543761E+001   0.1066472099E+001   0.1025636265E+001
 0.5252525   0.1321879344E+001   0.1002033772E+001   0.1074083544E+001   0.1034448393E+001
 0.5353535   0.1316445014E+001   0.9848055222E+000   0.1067726821E+001   0.9996274883E+000
 0.5454545   0.1303790267E+001   0.9575049424E+000   0.1055027603E+001   0.1011286743E+001
 0.5555556   0.1315035222E+001   0.9873902256E+000   0.1059669495E+001   0.9818614136E+000
 0.5656566   0.1315570630E+001   0.1006813703E+001   0.1078265991E+001   0.1031214486E+001
 0.5757576   0.1321377167E+001   0.9926229920E+000   0.1068579037E+001   0.1017028271E+001
 0.5858586   0.1308933297E+001   0.9748151872E+000   0.1067501524E+001   0.1020580197E+001
 0.5959596   0.1304275414E+001   0.9935696606E+000   0.1060965967E+001   0.1019774406E+001
 0.6060606   0.1318968108E+001   0.1007447300E+001   0.1063982813E+001   0.9736530917E+000
 0.6161616   0.1311397242E+001   0.9867734002E+000   0.1056935393E+001   0.9888556774E+000
 0.6262626   0.1305887818E+001   0.9976116372E+000   0.1067162690E+001   0.1019247956E+001
 0.6363636   0.1322694503E+001   0.1001489624E+001   0.1070898276E+001   0.1040780834E+001
 0.6464646   0.1299053570E+001   0.9705831314E+000   0.1076464420E+001   0.1010480953E+001
 0.6565657   0.1315811396E+001   0.1022525047E+001   0.1064709811E+001   0.1043342174E+001
 0.6666667   0.1313850037E+001   0.1003677397E+001   0.1059350517E+001   0.1004255950E+001
 0.6767677   0.1332337013E+001   0.1022329377E+001   0.1055270339E+001   0.9829701817E+000
 0.6868687   0.1325390191E+001   0.9840470693E+000   0.1064984028E+001   0.9994663302E+000
 0.6969697   0.1323652819E+001   0.1010883632E+001   0.1066504259E+001   0.1009608550E+001
 0.7070707   0.1311131293E+001   0.1010417752E+001   0.1062294178E+001   0.9892123741E+000
 0.7171717   0.1313815150E+001   0.1001402039E+001   0.1056476074E+001   0.1002579906E+001
 0.7272727   0.1307870521E+001   0.9778806789E+000   0.1055964647E+001   0.9711862976E+000
 0.7373737   0.1313143032E+001   0.9955449926E+000   0.1058242949E+001   0.1002453128E+001
 0.7474747   0.1322511778E+001   0.1017200968E+001   0.1069975611E+001   0.1024007494E+001
 0.7575758   0.1319998139E+001   0.1008270976E+001   0.1058749060E+001   0.1006733488E+001
 0.7676768   0.1314684363E+001   0.1015764193E+001   0.1055489596E+001   0.9860966499E+000
 0.7777778   0.1316895931E+001   0.1013345343E+001   0.1059185859E+001   0.1002977429E+001
 0.7878788   0.1316988020E+001   0.1000857890E+001   0.1062149927E+001   0.9986669857E+000
 0.7979798   0.1318026859E+001   0.1004445168E+001   0.1057242968E+001   0.9928072753E+000
 0.8080808   0.1317926430E+001   0.1019735356E+001   0.1061111953E+001   0.1023569143E+001
 0.8181818   0.1317760894E+001   0.9955748090E+000   0.1057722384E+001   0.9985488031E+000
 0.8282828   0.1315153915E+001   0.1013841040E+001   0.1065018774E+001   0.1012406255E+001
 0.8383838   0.1305425750E+001   0.9894345079E+000   0.1064357496E+001   0.1006052327E+001
 0.8484848   0.1312380039E+001   0.9995254731E+000   0.1063768318E+001   0.1002994619E+001
 0.8585859   0.1314808918E+001   0.1014791435E+001   0.1056217400E+001   0.1005824556E+001
 0.8686869   0.1309424289E+001   0.1001428128E+001   0.1063224051E+001   0.9880348452E+000
 0.8787879   0.1317373798E+001   0.1001433718E+001   0.1071250784E+001   0.1013020805E+001
 0.8888889   0.1314751083E+001   0.1000485186E+001   0.1059646545E+001   0.9869260771E+000
 0.8989899   0.1320820936E+001   0.1007026144E+001   0.1062251088E+001   0.9899408090E+000
 0.9090909   0.1313618148E+001   0.1006260237E+001   0.1064626196E+001   0.9896851047E+000
 0.9191919   0.1319371818E+001   0.1018348897E+001   0.1059136157E+001   0.1014696850E+001
 0.9292929   0.1310422832E+001   0.1017953830E+001   0.1065829147E+001   0.1015214705E+001
 0.9393939   0.1319827915E+001   0.9925354065E+000   0.1066389142E+001   0.9976806978E+000
 0.9494949   0.1317541500E+001   0.1011711036E+001   0.1072594577E+001   0.9928158704E+000
 0.9595960   0.1314590764E+001   0.1000967838E+001   0.1063324674E+001   0.1010132851E+001
 0.9696970   0.1306256090E+001   0.9996745547E+000   0.1051978568E+001   0.9839328331E+000
 0.9797980   0.1313184045E+001   0.1045496668E+001   0.1063838494E+001   0.1023710963E+001
 0.9898990   0.1331430335E+001   0.1022894024E+001   0.1072659058E+001   0.1014041473E+001
 1.0000000   0.1323925217E+001   0.1032137087E+001   0.1055725346E+001   0.1008347219E+001


