Compiled using GNU Fortran (Ubuntu 9.4.0-1ubuntu1~20.04.2) 9.4.0 with all optimizations
Last Brick update unknown
Compiled at 18:43:37 on Sep  2 2023
Starting at 16:56:20 on Sep 11 2023

Settings
OK                      

Forcefield
OK                      

Topology
OK                      

Configuration
OK                      Read from ./INPUT/restart.in

 F
Monte Carlo Simulation initialized.

#########################################################################################################################
###########################################   ENERGY STARTING CONFIGURATION   ###########################################
#########################################################################################################################
                                               Box 1               Box 2
-------------------------------------------------------------------------------------------------------------------------
Lennard Jones        
 Intermolecular                         -0.3833889739E+006  -0.1098200141E+006
 Tailcorrection                         -0.9389288826E+004  -0.2674350548E+004
Total Intermolecular                    -0.3927782627E+006  -0.1124943646E+006

Electrostatic        
 Real                                   -0.8704436025E+005  -0.1159972585E+005
 Exclusion                               0.6535940914E+007   0.2494917704E+007
 Selfterm                               -0.6556933700E+007  -0.2497433963E+007
 Fourier                                 0.1239258341E+005   0.2421410945E+004
Total Intermolecular                    -0.9564456298E+005  -0.1169457387E+005

Intramolecular       
 Lennard Jones                           0.0000000000E+000   0.0000000000E+000
 Electrostatic                           0.0000000000E+000   0.0000000000E+000
 Bending                                 0.0000000000E+000   0.0000000000E+000
 Torsion                                 0.0000000000E+000   0.0000000000E+000

Total                                   -0.4884228257E+006  -0.1241889385E+006

#########################################################################################################################

Simulation is running...



#########################################################################################################################
###############################################   RELATIVE ENERGY DRIFTS   ##############################################
#########################################################################################################################
                                               Box 1               Box 2                                                 
-------------------------------------------------------------------------------------------------------------------------

Lennard Jones        
 Intermolecular                          0.3785345951E-015   0.9814946515E-015
 Tailcorrection                          0.0000000000E+000   0.0000000000E+000

Electrostatic        
 Real                                    0.8128431849E-015   0.3061761120E-014
 Exclusion                               0.0000000000E+000   0.0000000000E+000
 Selfterm                                0.0000000000E+000   0.0000000000E+000
 Fourier                                 0.1859102228E-015   0.1390617502E-015

Intramolecular       
 Lennard Jones                           0.0000000000E+000   0.0000000000E+000
 Electrostatic                           0.0000000000E+000   0.0000000000E+000
 Bending                                 0.0000000000E+000   0.0000000000E+000
 Torsion                                 0.0000000000E+000   0.0000000000E+000

Total                                    0.2359843252E-014   0.1381024846E-014

#########################################################################################################################
############################################   TRIAL MOVE ACCEPTANCE RATES   ############################################
#########################################################################################################################
                                               Box 1               Box 2
-------------------------------------------------------------------------------------------------------------------------
Translation
 CO2                                          0.52171             0.47139
 AR                                           0.49363             0.48862
-------------------------------------------------------------------------------------------------------------------------
Rotation
 CO2                                          0.51445             0.58953
 AR                                           0.00000             0.00000
-------------------------------------------------------------------------------------------------------------------------
Lambda Move
 cd                                           0.76778             0.90599
 Ar                                           0.84288             0.94119
-------------------------------------------------------------------------------------------------------------------------
GE Swap Fractional
 cd                                           0.34280             0.39669
 Ar                                           0.42756             0.48645
-------------------------------------------------------------------------------------------------------------------------
GE Identity Change
 cd                                           0.71612             0.84991
 Ar                                           0.83217             0.96122
-------------------------------------------------------------------------------------------------------------------------
Volume                                        0.49125             0.47439

#########################################################################################################################
######################################################   AVERAGES   #####################################################
#########################################################################################################################
                                                       Boltzmann                                    Biased
                                               Box 1               Box 2                  Box 1               Box 2      
-------------------------------------------------------------------------------------------------------------------------
Density
 CO2                                     0.7532472672E+003   0.1078445800E+003      0.7495367338E+003   0.1075729805E+003
 AR                                      0.1843046088E+003   0.1854014139E+003      0.1853312291E+003   0.1855680704E+003
 Total                                   0.9375518761E+003   0.2932459939E+003      0.9348679629E+003   0.2931410509E+003

Number of molecules
 CO2                                     0.3465931018E+003   0.1934068982E+003      0.3479754800E+003   0.1920245200E+003
 AR                                      0.9427882340E+002   0.3657211766E+003      0.9563471000E+002   0.3643652900E+003
 Total                                   0.4408719252E+003   0.5591280748E+003      0.4436101900E+003   0.5563898100E+003

Mole fractions
 CO2                                          0.78615             0.34591                 0.78442             0.34513
 AR                                           0.21385             0.65409                 0.21558             0.65487

Volume                                   0.3375641373E+005   0.1313334566E+006      0.3405787957E+005   0.1307343313E+006

#########################################################################################################################
#######################################   PROPERTIES FROM THE CFC GIBBS ENSEMBLE   ######################################
#########################################################################################################################
                                                       Boltzmann                                    Biased
                                               Box 1               Box 2                  Box 1               Box 2      
Chemical Potentials (as an indication)
=========================================================================================================================

Total cd                                -0.1939590233E+004  -0.1939027641E+004     -0.1940839603E+004  -0.1939665609E+004
 Ideal gas                              -0.1157454983E+004  -0.1649211699E+004     -0.1158704354E+004  -0.1649849667E+004
 Excess                                 -0.7821352499E+003  -0.2898159424E+003     -0.7821352499E+003  -0.2898159424E+003

-------------------------------------------------------------------------------------------------------------------------

Total Ar                                -0.1585542361E+004  -0.1584402122E+004     -0.1584137002E+004  -0.1584174803E+004
 Ideal gas                              -0.1489129231E+004  -0.1487628079E+004     -0.1487723872E+004  -0.1487400760E+004
 Excess                                 -0.9641312999E+002  -0.9677404281E+002     -0.9641312999E+002  -0.9677404281E+002

-------------------------------------------------------------------------------------------------------------------------

#########################################################################################################################
#########################################   PROPERTIES FROM UMBRELLA SAMPLING   #########################################
#########################################################################################################################

Excess Partial Molar Enthalpy
=========================================================================================================================


Partial Molar Volume
=========================================================================================================================


#########################################################################################################################
##################################################   AVERAGE ENERGIES   #################################################
#########################################################################################################################
                                                       Boltzmann                                    Biased
                                               Box 1               Box 2                  Box 1               Box 2      
-------------------------------------------------------------------------------------------------------------------------
Lennard Jones        
 Intermolecular                         -0.3738538575E+006  -0.1131057011E+006     -0.3749118646E+006  -0.1122303578E+006
 Tailcorrection                         -0.9297813066E+004  -0.2753424536E+004     -0.9325463963E+004  -0.2733159169E+004
Total Intermolecular                    -0.3831516706E+006  -0.1158591256E+006     -0.3842373286E+006  -0.1149635170E+006

Electrostatic        
 Real                                   -0.8979821633E+005  -0.1084739660E+005     -0.8977889606E+005  -0.1073335963E+005
 Exclusion                               0.6348725286E+007   0.2626943132E+007      0.6372452405E+007   0.2607416926E+007
 Selfterm                               -0.6369117152E+007  -0.2629592233E+007     -0.6392920343E+007  -0.2610046283E+007
 Fourier                                 0.1144199465E+005   0.2560167284E+004      0.1151871237E+005   0.2541182315E+004
Total Intermolecular                    -0.9874808767E+005  -0.1093633015E+005     -0.9872812214E+005  -0.1082153360E+005

Intramolecular       
 Lennard Jones                           0.0000000000E+000   0.0000000000E+000      0.0000000000E+000   0.0000000000E+000
 Electrostatic                           0.0000000000E+000   0.0000000000E+000      0.0000000000E+000   0.0000000000E+000
 Bending                                 0.0000000000E+000   0.0000000000E+000      0.0000000000E+000   0.0000000000E+000
 Torsion                                 0.0000000000E+000   0.0000000000E+000      0.0000000000E+000   0.0000000000E+000

Total                                   -0.4818997583E+006  -0.1267954557E+006     -0.4829654507E+006  -0.1257850506E+006

#########################################################################################################################

No errors found in bookkeeping.

Total simulation time:  13 hours and  53 minutes

Simulation finished.

