 0.0000000   0.1412486583E+000   0.9384255404E+000   0.7619233789E+000   0.9795454422E+000
 0.0101010   0.1390068405E+000   0.9344889764E+000   0.7602313400E+000   0.1009420466E+001
 0.0202020   0.1371846839E+000   0.9306461823E+000   0.7571028728E+000   0.9995094397E+000
 0.0303030   0.1344247018E+000   0.9419074091E+000   0.7641833798E+000   0.1003630448E+001
 0.0404040   0.1268268603E+000   0.9259913060E+000   0.7596078920E+000   0.9945207298E+000
 0.0505051   0.1199651873E+000   0.9691077391E+000   0.7636621365E+000   0.1019887828E+001
 0.0606061   0.1090384320E+000   0.9434201112E+000   0.7498029078E+000   0.9920435457E+000
 0.0707071   0.1007920511E+000   0.9565425808E+000   0.7604974740E+000   0.1002648275E+001
 0.0808081   0.9182256176E-001   0.9327126572E+000   0.7618284763E+000   0.9925105933E+000
 0.0909091   0.8377882554E-001   0.9399205501E+000   0.7591476002E+000   0.9894541786E+000
 0.1010101   0.7660132075E-001   0.9558154222E+000   0.7559785323E+000   0.9925472245E+000
 0.1111111   0.7039136990E-001   0.9445825033E+000   0.7680689796E+000   0.9729358022E+000
 0.1212121   0.6481863284E-001   0.9512366234E+000   0.7670911934E+000   0.9983761623E+000
 0.1313131   0.6067180137E-001   0.9537807937E+000   0.7684421722E+000   0.9678486460E+000
 0.1414141   0.5838698815E-001   0.9513162393E+000   0.7700630774E+000   0.9900356987E+000
 0.1515152   0.5644401099E-001   0.9706257490E+000   0.7771753353E+000   0.9924831199E+000
 0.1616162   0.5586710922E-001   0.9822249010E+000   0.7815372077E+000   0.1009397571E+001
 0.1717172   0.5516174022E-001   0.9799178091E+000   0.7889429303E+000   0.9914368416E+000
 0.1818182   0.5618984600E-001   0.9894363323E+000   0.7950451980E+000   0.9951297233E+000
 0.1919192   0.5744412844E-001   0.1016687970E+001   0.7906527991E+000   0.1005503218E+001
 0.2020202   0.5909378342E-001   0.1004628815E+001   0.8027788106E+000   0.1007634695E+001
 0.2121212   0.6123820896E-001   0.1044463304E+001   0.8142560586E+000   0.9872700440E+000
 0.2222222   0.6425195185E-001   0.9596387547E+000   0.8169097771E+000   0.1010940660E+001
 0.2323232   0.6851325224E-001   0.1036542407E+001   0.8305411679E+000   0.1024782670E+001
 0.2424242   0.7208367481E-001   0.1053507670E+001   0.8218635800E+000   0.9986783696E+000
 0.2525253   0.7766680761E-001   0.1040038429E+001   0.8387062696E+000   0.1018037953E+001
 0.2626263   0.8430406529E-001   0.1086102420E+001   0.8445590578E+000   0.9802460137E+000
 0.2727273   0.9094787738E-001   0.1045413387E+001   0.8511389802E+000   0.9897449386E+000
 0.2828283   0.9896346096E-001   0.1052575280E+001   0.8562715450E+000   0.1008488660E+001
 0.2929293   0.1080334922E+000   0.1037458874E+001   0.8725204082E+000   0.9802070930E+000
 0.3030303   0.1161135420E+000   0.1035038551E+001   0.8808880325E+000   0.9798797018E+000
 0.3131313   0.1285113248E+000   0.1034631625E+001   0.8789420120E+000   0.1003312215E+001
 0.3232323   0.1412037814E+000   0.1060869487E+001   0.8827035855E+000   0.9811160044E+000
 0.3333333   0.1537596545E+000   0.1018540367E+001   0.8888975373E+000   0.9872952279E+000
 0.3434343   0.1702918746E+000   0.1006900522E+001   0.9154882549E+000   0.1004582859E+001
 0.3535354   0.1889605934E+000   0.9803565812E+000   0.9244792080E+000   0.1002561276E+001
 0.3636364   0.2108162303E+000   0.1040586894E+001   0.9278886716E+000   0.9780847736E+000
 0.3737374   0.2359134711E+000   0.1025590797E+001   0.9400400423E+000   0.1005526112E+001
 0.3838384   0.2609968681E+000   0.1044764075E+001   0.9556577834E+000   0.9890123149E+000
 0.3939394   0.2890870609E+000   0.1012624021E+001   0.9518359706E+000   0.9963751837E+000
 0.4040404   0.3189097313E+000   0.1003273576E+001   0.9649904623E+000   0.9742156044E+000
 0.4141414   0.3541591358E+000   0.1023915325E+001   0.9729269365E+000   0.9907431385E+000
 0.4242424   0.3992200621E+000   0.1023264244E+001   0.9915963006E+000   0.9839297375E+000
 0.4343434   0.4499574137E+000   0.1034355623E+001   0.1006254342E+001   0.9868945743E+000
 0.4444444   0.5052567419E+000   0.1046625318E+001   0.1016615065E+001   0.9839388953E+000
 0.4545455   0.5699761452E+000   0.1024838869E+001   0.1025714057E+001   0.1012595932E+001
 0.4646465   0.6422584543E+000   0.1010309852E+001   0.1044774648E+001   0.1010221773E+001
 0.4747475   0.7138362979E+000   0.1023736631E+001   0.1051927291E+001   0.1009601332E+001
 0.4848485   0.7983404392E+000   0.9881730934E+000   0.1068109137E+001   0.1001661522E+001
 0.4949495   0.9170348830E+000   0.1028853280E+001   0.1074777103E+001   0.9636406382E+000
 0.5050505   0.9715548582E+000   0.1029741440E+001   0.1085540645E+001   0.9836527142E+000
 0.5151515   0.9716915332E+000   0.1019863760E+001   0.1093822264E+001   0.1030497135E+001
 0.5252525   0.9694393331E+000   0.1018632368E+001   0.1074725749E+001   0.9896991497E+000
 0.5353535   0.9768210125E+000   0.1062295497E+001   0.1092474541E+001   0.1003644185E+001
 0.5454545   0.9767053897E+000   0.1018807523E+001   0.1085934586E+001   0.9994476246E+000
 0.5555556   0.9892722587E+000   0.9981533888E+000   0.1083403413E+001   0.9719902597E+000
 0.5656566   0.9934850547E+000   0.1004113966E+001   0.1101315341E+001   0.1006847125E+001
 0.5757576   0.1001298466E+001   0.1007988606E+001   0.1077047129E+001   0.9647716262E+000
 0.5858586   0.1013913420E+001   0.9791057270E+000   0.1091591041E+001   0.9874989889E+000
 0.5959596   0.1026832023E+001   0.1003970657E+001   0.1099663969E+001   0.1000219169E+001
 0.6060606   0.1035432178E+001   0.1040938974E+001   0.1084079248E+001   0.9886803447E+000
 0.6161616   0.1058763433E+001   0.1026723112E+001   0.1103958941E+001   0.1008557343E+001
 0.6262626   0.1050834823E+001   0.9881960935E+000   0.1109480764E+001   0.1021428627E+001
 0.6363636   0.1089387041E+001   0.9843161453E+000   0.1094377223E+001   0.1005166669E+001
 0.6464646   0.1109681956E+001   0.1011934017E+001   0.1100801451E+001   0.9920183617E+000
 0.6565657   0.1132787400E+001   0.9958268353E+000   0.1101115510E+001   0.1004381388E+001
 0.6666667   0.1156054086E+001   0.9805335054E+000   0.1104958892E+001   0.9937537643E+000
 0.6767677   0.1170925443E+001   0.9754027030E+000   0.1108100730E+001   0.1009498307E+001
 0.6868687   0.1189197519E+001   0.9692970480E+000   0.1108474741E+001   0.9950358559E+000
 0.6969697   0.1237417905E+001   0.9731610731E+000   0.1108656608E+001   0.9757357987E+000
 0.7070707   0.1251127785E+001   0.9806396600E+000   0.1110788956E+001   0.1005734452E+001
 0.7171717   0.1283113207E+001   0.1003473500E+001   0.1101016155E+001   0.9920755980E+000
 0.7272727   0.1338925993E+001   0.1023235936E+001   0.1116792561E+001   0.9967140222E+000
 0.7373737   0.1363280442E+001   0.1008538841E+001   0.1130654558E+001   0.1038459840E+001
 0.7474747   0.1417828406E+001   0.1000193325E+001   0.1131741771E+001   0.9960683975E+000
 0.7575758   0.1461089637E+001   0.9978313867E+000   0.1131560268E+001   0.1019084231E+001
 0.7676768   0.1498112217E+001   0.9888542516E+000   0.1143641114E+001   0.9935889239E+000
 0.7777778   0.1550453173E+001   0.9968335341E+000   0.1124375552E+001   0.9855392204E+000
 0.7878788   0.1604727770E+001   0.9749073151E+000   0.1142076174E+001   0.9881423242E+000
 0.7979798   0.1638262398E+001   0.9882208629E+000   0.1138987014E+001   0.1007096675E+001
 0.8080808   0.1723563775E+001   0.9997457068E+000   0.1151297814E+001   0.1019835170E+001
 0.8181818   0.1780111381E+001   0.9891214072E+000   0.1153400824E+001   0.1025668687E+001
 0.8282828   0.1863135500E+001   0.9989477786E+000   0.1149288493E+001   0.1003529713E+001
 0.8383838   0.1944602297E+001   0.9965274552E+000   0.1162756967E+001   0.1014857908E+001
 0.8484848   0.2022823291E+001   0.1015911273E+001   0.1159205879E+001   0.1030538345E+001
 0.8585859   0.2093104462E+001   0.9930809713E+000   0.1164991912E+001   0.1008951128E+001
 0.8686869   0.2193532118E+001   0.9841480673E+000   0.1169347262E+001   0.9934126363E+000
 0.8787879   0.2286770619E+001   0.1007664835E+001   0.1179298590E+001   0.1036575623E+001
 0.8888889   0.2378450664E+001   0.1002509263E+001   0.1170801616E+001   0.1011073448E+001
 0.8989899   0.2514528597E+001   0.9841480673E+000   0.1192749585E+001   0.9925403562E+000
 0.9090909   0.2613013477E+001   0.1000110171E+001   0.1182278040E+001   0.1018264608E+001
 0.9191919   0.2759341140E+001   0.9918460403E+000   0.1197931323E+001   0.1017106147E+001
 0.9292929   0.2924965135E+001   0.9832333691E+000   0.1202551426E+001   0.9998711727E+000
 0.9393939   0.3042067035E+001   0.1007401218E+001   0.1196272047E+001   0.1014111547E+001
 0.9494949   0.3260116610E+001   0.1032674843E+001   0.1210690894E+001   0.1032019619E+001
 0.9595960   0.3389930996E+001   0.9968706882E+000   0.1219624693E+001   0.1024393464E+001
 0.9696970   0.3587821022E+001   0.1028860357E+001   0.1222598502E+001   0.1047729820E+001
 0.9797980   0.3783428221E+001   0.9917823475E+000   0.1215569603E+001   0.1002112544E+001
 0.9898990   0.4024139751E+001   0.1002654341E+001   0.1216078515E+001   0.1006895203E+001
 1.0000000   0.4140371717E+001   0.1004625277E+001   0.1227072127E+001   0.9953998783E+000


 0.0000000   0.1114793387E+001   0.9897744793E+000   0.9002950219E+000   0.9936326777E+000
 0.0101010   0.1106438158E+001   0.1012283030E+001   0.8842886034E+000   0.1015270834E+001
 0.0202020   0.1103333603E+001   0.9982670518E+000   0.8999243347E+000   0.1002629300E+001
 0.0303030   0.1071927917E+001   0.9782121507E+000   0.9017760582E+000   0.9943064138E+000
 0.0404040   0.1031516755E+001   0.9543402623E+000   0.8977715249E+000   0.9739034401E+000
 0.0505051   0.9871648078E+000   0.9867442403E+000   0.8972479117E+000   0.9971855125E+000
 0.0606061   0.9346648535E+000   0.9529769242E+000   0.8920854221E+000   0.9742156045E+000
 0.0707071   0.8792671234E+000   0.1004681387E+001   0.8879900915E+000   0.9977042893E+000
 0.0808081   0.8087445864E+000   0.9802005767E+000   0.8836112357E+000   0.9890557641E+000
 0.0909091   0.7449353495E+000   0.1001370936E+001   0.8872282792E+000   0.1013224922E+001
 0.1010101   0.6784575527E+000   0.9731198405E+000   0.8877504581E+000   0.9824958206E+000
 0.1111111   0.6218264335E+000   0.9744634200E+000   0.8801247086E+000   0.9588319645E+000
 0.1212121   0.5695243447E+000   0.9839097903E+000   0.8803151855E+000   0.9648416901E+000
 0.1313131   0.5153014465E+000   0.1011943542E+001   0.8796969543E+000   0.9813190283E+000
 0.1414141   0.4787698114E+000   0.9774074400E+000   0.8954208018E+000   0.1013427043E+001
 0.1515152   0.4512362725E+000   0.1026056517E+001   0.8926090815E+000   0.1010914008E+001
 0.1616162   0.4187958725E+000   0.1004609538E+001   0.8980561931E+000   0.9924738517E+000
 0.1717172   0.4040898288E+000   0.1042048347E+001   0.8920271936E+000   0.9868840882E+000
 0.1818182   0.3854364537E+000   0.1029900447E+001   0.8996320485E+000   0.9857275079E+000
 0.1919192   0.3673330207E+000   0.9931352244E+000   0.8997514715E+000   0.9922784682E+000
 0.2020202   0.3669993472E+000   0.1051413887E+001   0.8990667700E+000   0.1015919867E+001
 0.2121212   0.3634771085E+000   0.1052741300E+001   0.9120539077E+000   0.1019387361E+001
 0.2222222   0.3645111183E+000   0.1011259179E+001   0.8980992366E+000   0.9612349564E+000
 0.2323232   0.3701169855E+000   0.1038870817E+001   0.9192362229E+000   0.1012627543E+001
 0.2424242   0.3741824312E+000   0.1011122665E+001   0.9243251361E+000   0.9712983273E+000
 0.2525253   0.3798765232E+000   0.9887793682E+000   0.9135279350E+000   0.9814807250E+000
 0.2626263   0.3879953223E+000   0.9934962665E+000   0.9292122067E+000   0.9909601913E+000
 0.2727273   0.4009200280E+000   0.9996339823E+000   0.9197232370E+000   0.9983578133E+000
 0.2828283   0.4196024240E+000   0.1019061999E+001   0.9495827810E+000   0.9885616910E+000
 0.2929293   0.4289827879E+000   0.1010296400E+001   0.9354307429E+000   0.9952945600E+000
 0.3030303   0.4391408041E+000   0.9694860684E+000   0.9457418548E+000   0.9775393690E+000
 0.3131313   0.4590610495E+000   0.9893541616E+000   0.9443670223E+000   0.9985666714E+000
 0.3232323   0.4828509295E+000   0.9999231753E+000   0.9610759200E+000   0.9883707991E+000
 0.3333333   0.4994998720E+000   0.9767410389E+000   0.9632592426E+000   0.1021469206E+001
 0.3434343   0.5278687324E+000   0.9903744199E+000   0.9697583765E+000   0.9977245014E+000
 0.3535354   0.5586026438E+000   0.9849480109E+000   0.9764943105E+000   0.1006489808E+001
 0.3636364   0.5909142069E+000   0.1016437708E+001   0.9737698917E+000   0.9871580742E+000
 0.3737374   0.6195747459E+000   0.9929699713E+000   0.9924369762E+000   0.1010819685E+001
 0.3838384   0.6565746042E+000   0.1008771401E+001   0.9948955555E+000   0.9928983054E+000
 0.3939394   0.6866670781E+000   0.9960271537E+000   0.1004198367E+001   0.9916226985E+000
 0.4040404   0.7275169713E+000   0.9761033775E+000   0.1006152724E+001   0.9833043039E+000
 0.4141414   0.7710873288E+000   0.1012766215E+001   0.9977532343E+000   0.9882832134E+000
 0.4242424   0.8338568626E+000   0.1025695474E+001   0.1009169912E+001   0.9764524082E+000
 0.4343434   0.8719868775E+000   0.9952170543E+000   0.1026479634E+001   0.1011985248E+001
 0.4444444   0.9229161972E+000   0.9955996512E+000   0.1026238706E+001   0.1034355531E+001
 0.4545455   0.9879724732E+000   0.9996896654E+000   0.1037373935E+001   0.9786981951E+000
 0.4646465   0.1054976111E+001   0.1008846843E+001   0.1035863664E+001   0.9838792254E+000
 0.4747475   0.1117437741E+001   0.9921904078E+000   0.1051119097E+001   0.9950475234E+000
 0.4848485   0.1189139401E+001   0.9930292469E+000   0.1054477888E+001   0.1039469188E+001
 0.4949495   0.1276034142E+001   0.9909474171E+000   0.1059588810E+001   0.1008856867E+001
 0.5050505   0.1324833188E+001   0.1024624922E+001   0.1044261772E+001   0.9784219633E+000
 0.5151515   0.1324240559E+001   0.9811723368E+000   0.1052710320E+001   0.9792416755E+000
 0.5252525   0.1328363981E+001   0.1002604946E+001   0.1068824016E+001   0.9948454026E+000
 0.5353535   0.1326706226E+001   0.1026237936E+001   0.1060777995E+001   0.1008549194E+001
 0.5454545   0.1326505203E+001   0.1000620112E+001   0.1058072173E+001   0.9873399829E+000
 0.5555556   0.1318109440E+001   0.1020344507E+001   0.1066206973E+001   0.1005481449E+001
 0.5656566   0.1332337819E+001   0.1001347585E+001   0.1056796914E+001   0.9953641794E+000
 0.5757576   0.1321576347E+001   0.9911899080E+000   0.1059915950E+001   0.9834727379E+000
 0.5858586   0.1328368449E+001   0.1016268863E+001   0.1045056097E+001   0.9664968350E+000
 0.5959596   0.1312142693E+001   0.1005825585E+001   0.1066612921E+001   0.1003413080E+001
 0.6060606   0.1324376359E+001   0.1004564632E+001   0.1070581506E+001   0.9916002406E+000
 0.6161616   0.1330896480E+001   0.9837894430E+000   0.1063874487E+001   0.1024649240E+001
 0.6262626   0.1332687963E+001   0.9964187317E+000   0.1074361204E+001   0.1039336686E+001
 0.6363636   0.1337406411E+001   0.9974443787E+000   0.1046356621E+001   0.9916990552E+000
 0.6464646   0.1302160638E+001   0.9715966379E+000   0.1065005713E+001   0.1001378397E+001
 0.6565657   0.1324265885E+001   0.1024894356E+001   0.1039104856E+001   0.9808743625E+000
 0.6666667   0.1307061368E+001   0.9934783043E+000   0.1060225007E+001   0.1018655235E+001
 0.6767677   0.1331876277E+001   0.9971803330E+000   0.1059442337E+001   0.1009907895E+001
 0.6868687   0.1318429118E+001   0.9984754144E+000   0.1049803591E+001   0.1015077696E+001
 0.6969697   0.1319745962E+001   0.1008620518E+001   0.1054700497E+001   0.1005142335E+001
 0.7070707   0.1320792324E+001   0.9886554284E+000   0.1056732201E+001   0.9945669250E+000
 0.7171717   0.1312341268E+001   0.9952565713E+000   0.1056408216E+001   0.1003666853E+001
 0.7272727   0.1321660118E+001   0.9942596640E+000   0.1058703365E+001   0.1000091561E+001
 0.7373737   0.1324494271E+001   0.9881596691E+000   0.1059777224E+001   0.9983128975E+000
 0.7474747   0.1316947720E+001   0.9865646174E+000   0.1056501622E+001   0.1000432920E+001
 0.7575758   0.1327939292E+001   0.1001622408E+001   0.1065431078E+001   0.1006159677E+001
 0.7676768   0.1326346169E+001   0.9908558094E+000   0.1052289081E+001   0.9922290609E+000
 0.7777778   0.1323939593E+001   0.1003916193E+001   0.1048502203E+001   0.1002575401E+001
 0.7878788   0.1315888217E+001   0.1001074558E+001   0.1059133421E+001   0.1024155167E+001
 0.7979798   0.1321967964E+001   0.9924796007E+000   0.1056998439E+001   0.1013718995E+001
 0.8080808   0.1327696185E+001   0.1012875785E+001   0.1053939559E+001   0.1015261851E+001
 0.8181818   0.1331342134E+001   0.1016899339E+001   0.1062202926E+001   0.1015978257E+001
 0.8282828   0.1316498817E+001   0.9984933767E+000   0.1057487744E+001   0.1014671209E+001
 0.8383838   0.1328232894E+001   0.9949260651E+000   0.1062145458E+001   0.9992179496E+000
 0.8484848   0.1329783156E+001   0.1017197513E+001   0.1065509420E+001   0.1019025790E+001
 0.8585859   0.1324953194E+001   0.1003880269E+001   0.1057663029E+001   0.1013157549E+001
 0.8686869   0.1326872424E+001   0.1007361361E+001   0.1065066864E+001   0.1028163897E+001
 0.8787879   0.1319427383E+001   0.9978646964E+000   0.1060127731E+001   0.1018230781E+001
 0.8888889   0.1312048211E+001   0.9889841383E+000   0.1043992277E+001   0.9993100269E+000
 0.8989899   0.1328089111E+001   0.1003716812E+001   0.1065440802E+001   0.1011691050E+001
 0.9090909   0.1329049404E+001   0.9754513462E+000   0.1054742603E+001   0.9875892653E+000
 0.9191919   0.1333005416E+001   0.9910102851E+000   0.1059285724E+001   0.1006251754E+001
 0.9292929   0.1318492509E+001   0.9888709759E+000   0.1055862696E+001   0.9938774685E+000
 0.9393939   0.1329988651E+001   0.1013403877E+001   0.1057093382E+001   0.1017503146E+001
 0.9494949   0.1318136864E+001   0.9951470013E+000   0.1055363072E+001   0.9973135224E+000
 0.9595960   0.1327844484E+001   0.1012358471E+001   0.1066881761E+001   0.1025318485E+001
 0.9696970   0.1321840045E+001   0.1025602070E+001   0.1064782666E+001   0.1032388222E+001
 0.9797980   0.1327256043E+001   0.9983353085E+000   0.1073924397E+001   0.1028516485E+001
 0.9898990   0.1331213044E+001   0.9882728315E+000   0.1055687429E+001   0.9994133331E+000
 1.0000000   0.1329922302E+001   0.1012565038E+001   0.1061556782E+001   0.1031826775E+001


