 0.0000000   0.1414378858E+000   0.9635798202E+000   0.6516213194E+000   0.9955245003E+000
 0.0101010   0.1386669607E+000   0.9744523577E+000   0.6406064828E+000   0.1007141500E+001
 0.0202020   0.1355410189E+000   0.9546724044E+000   0.6420665624E+000   0.1001995743E+001
 0.0303030   0.1329719347E+000   0.9889465501E+000   0.6426211976E+000   0.1009302802E+001
 0.0404040   0.1263076612E+000   0.9437790419E+000   0.6397846721E+000   0.9857099933E+000
 0.0505051   0.1183690477E+000   0.9472984650E+000   0.6342456707E+000   0.9923796368E+000
 0.0606061   0.1109268366E+000   0.9547329862E+000   0.6351512560E+000   0.9860688032E+000
 0.0707071   0.1032956593E+000   0.9443242779E+000   0.6331384261E+000   0.9810813451E+000
 0.0808081   0.9587818029E-001   0.9455131955E+000   0.6313594343E+000   0.9690759867E+000
 0.0909091   0.8878937819E-001   0.9797021481E+000   0.6374525579E+000   0.9884221743E+000
 0.1010101   0.8196401691E-001   0.9772012563E+000   0.6395112007E+000   0.1005729477E+001
 0.1111111   0.7699240604E-001   0.9952300173E+000   0.6487863898E+000   0.1029657879E+001
 0.1212121   0.7294667490E-001   0.1005059412E+001   0.6499139980E+000   0.9912842112E+000
 0.1313131   0.6855785015E-001   0.9553747745E+000   0.6520845137E+000   0.1002059062E+001
 0.1414141   0.6680284419E-001   0.9877538462E+000   0.6525295901E+000   0.1002487524E+001
 0.1515152   0.6454051099E-001   0.9885773799E+000   0.6585998121E+000   0.9947625569E+000
 0.1616162   0.6614477153E-001   0.1005241158E+001   0.6674913783E+000   0.9977491219E+000
 0.1717172   0.6505140069E-001   0.9891964500E+000   0.6727346231E+000   0.9867990870E+000
 0.1818182   0.6609088066E-001   0.9756488480E+000   0.6797123629E+000   0.1006599063E+001
 0.1919192   0.6743177903E-001   0.9779282377E+000   0.6857197597E+000   0.1003819342E+001
 0.2020202   0.6992200283E-001   0.9897909088E+000   0.6976676645E+000   0.1002035845E+001
 0.2121212   0.7237042042E-001   0.1019953066E+001   0.7069881355E+000   0.1017924794E+001
 0.2222222   0.7710889558E-001   0.1001316594E+001   0.7049366518E+000   0.9981564768E+000
 0.2323232   0.8181059001E-001   0.1001233294E+001   0.7209481235E+000   0.9886733412E+000
 0.2424242   0.8532572498E-001   0.9881495210E+000   0.7300967243E+000   0.9942496697E+000
 0.2525253   0.9293110750E-001   0.1010233475E+001   0.7384652885E+000   0.9954400745E+000
 0.2626263   0.9933767801E-001   0.1000044376E+001   0.7530125732E+000   0.9953894190E+000
 0.2727273   0.1088879978E+000   0.1014371969E+001   0.7654344834E+000   0.9946148116E+000
 0.2828283   0.1174463233E+000   0.1005973819E+001   0.7680227518E+000   0.9706104269E+000
 0.2929293   0.1237970710E+000   0.9865914332E+000   0.7880005831E+000   0.9870819136E+000
 0.3030303   0.1367316436E+000   0.9949081766E+000   0.8033337967E+000   0.1006983201E+001
 0.3131313   0.1499050025E+000   0.1011967629E+001   0.8110058206E+000   0.1003888993E+001
 0.3232323   0.1631850611E+000   0.9927594163E+000   0.8341907418E+000   0.1005752694E+001
 0.3333333   0.1816325752E+000   0.1022281678E+001   0.8424642656E+000   0.1001544065E+001
 0.3434343   0.1978897895E+000   0.1002789488E+001   0.8623861951E+000   0.1019387472E+001
 0.3535354   0.2153577517E+000   0.9821538173E+000   0.8784622694E+000   0.1006288798E+001
 0.3636364   0.2401885221E+000   0.1006416823E+001   0.8924383600E+000   0.9896611239E+000
 0.3737374   0.2639183243E+000   0.1011144095E+001   0.9063204331E+000   0.9752665135E+000
 0.3838384   0.2945801964E+000   0.1039060940E+001   0.9167087522E+000   0.9983928692E+000
 0.3939394   0.3217198692E+000   0.1006625073E+001   0.9431279760E+000   0.9980382805E+000
 0.4040404   0.3550575133E+000   0.1011787777E+001   0.9503939950E+000   0.9642278313E+000
 0.4141414   0.3967764146E+000   0.1004018163E+001   0.9819323634E+000   0.1009684829E+001
 0.4242424   0.4391148367E+000   0.1002766770E+001   0.9915798898E+000   0.9935784841E+000
 0.4343434   0.4962500622E+000   0.1020663009E+001   0.1008486635E+001   0.9940196093E+000
 0.4444444   0.5492952695E+000   0.1028239518E+001   0.1041241545E+001   0.1012781148E+001
 0.4545455   0.6179371509E+000   0.1023173366E+001   0.1060033766E+001   0.9741774198E+000
 0.4646465   0.6785697183E+000   0.1025693190E+001   0.1082259404E+001   0.9925168288E+000
 0.4747475   0.7737023364E+000   0.1034424540E+001   0.1094729116E+001   0.1015816258E+001
 0.4848485   0.8570215142E+000   0.9946999267E+000   0.1123112704E+001   0.1016700619E+001
 0.4949495   0.9620237688E+000   0.1004510390E+001   0.1143221881E+001   0.1018600201E+001
 0.5050505   0.1011075118E+001   0.1004851162E+001   0.1169651668E+001   0.1006012304E+001
 0.5151515   0.1015456303E+001   0.1019076523E+001   0.1148323849E+001   0.9907354430E+000
 0.5252525   0.1016090633E+001   0.9995919059E+000   0.1159692185E+001   0.1009762923E+001
 0.5353535   0.1032525506E+001   0.1019587682E+001   0.1174426502E+001   0.1015577754E+001
 0.5454545   0.1042285022E+001   0.1016132627E+001   0.1171120158E+001   0.1005457204E+001
 0.5555556   0.1040486654E+001   0.1020477477E+001   0.1167157096E+001   0.1025470356E+001
 0.5656566   0.1057175435E+001   0.1029593143E+001   0.1155701866E+001   0.9877530993E+000
 0.5757576   0.1073228874E+001   0.1002272650E+001   0.1170874168E+001   0.9965924876E+000
 0.5858586   0.1072352592E+001   0.1024691697E+001   0.1167647236E+001   0.1017186067E+001
 0.5959596   0.1088169000E+001   0.1021130624E+001   0.1167200476E+001   0.1008893336E+001
 0.6060606   0.1095184400E+001   0.1023510353E+001   0.1158538338E+001   0.1013889237E+001
 0.6161616   0.1113816268E+001   0.1042902204E+001   0.1166936875E+001   0.1000104604E+001
 0.6262626   0.1113868040E+001   0.1015894086E+001   0.1158376350E+001   0.1015419456E+001
 0.6363636   0.1152099645E+001   0.1018658130E+001   0.1174302563E+001   0.1006100951E+001
 0.6464646   0.1168071995E+001   0.1003563799E+001   0.1167630856E+001   0.9989479693E+000
 0.6565657   0.1179209976E+001   0.1010004401E+001   0.1169557009E+001   0.9931985677E+000
 0.6666667   0.1210576644E+001   0.1043417149E+001   0.1180289405E+001   0.1004163377E+001
 0.6767677   0.1240206946E+001   0.1009682560E+001   0.1161850311E+001   0.1003570286E+001
 0.6868687   0.1256541379E+001   0.1008743542E+001   0.1186146414E+001   0.1024816055E+001
 0.6969697   0.1274234059E+001   0.9898931405E+000   0.1180101920E+001   0.1003542847E+001
 0.7070707   0.1302779715E+001   0.9955348194E+000   0.1170025049E+001   0.9851675571E+000
 0.7171717   0.1342494481E+001   0.9946753153E+000   0.1173690523E+001   0.9899397292E+000
 0.7272727   0.1377299428E+001   0.9963129167E+000   0.1174100457E+001   0.9849522711E+000
 0.7373737   0.1416386291E+001   0.1020655436E+001   0.1187069728E+001   0.1007137278E+001
 0.7474747   0.1444285183E+001   0.9933103319E+000   0.1190929927E+001   0.9951952395E+000
 0.7575758   0.1486754927E+001   0.1004599369E+001   0.1187102953E+001   0.9964194145E+000
 0.7676768   0.1532358376E+001   0.1018042846E+001   0.1203001594E+001   0.1013300367E+001
 0.7777778   0.1583537685E+001   0.1017255283E+001   0.1192809008E+001   0.1005828677E+001
 0.7878788   0.1636128190E+001   0.1030255756E+001   0.1205305863E+001   0.1016932790E+001
 0.7979798   0.1674514463E+001   0.9996240900E+000   0.1211000339E+001   0.1009300691E+001
 0.8080808   0.1729939496E+001   0.1014621869E+001   0.1212335672E+001   0.1004686818E+001
 0.8181818   0.1775958222E+001   0.9873108419E+000   0.1203050835E+001   0.9835803508E+000
 0.8282828   0.1859048144E+001   0.9942985723E+000   0.1218648275E+001   0.9911026955E+000
 0.8383838   0.1949004614E+001   0.1019303705E+001   0.1245449197E+001   0.1012726271E+001
 0.8484848   0.1971399092E+001   0.9894747476E+000   0.1223658464E+001   0.9896970048E+000
 0.8585859   0.2072088040E+001   0.1002571773E+001   0.1237723344E+001   0.9936840164E+000
 0.8686869   0.2162807701E+001   0.9959702510E+000   0.1235864680E+001   0.9925294927E+000
 0.8787879   0.2238250507E+001   0.9929922776E+000   0.1242782772E+001   0.1000769457E+001
 0.8888889   0.2299940355E+001   0.9965325257E+000   0.1242301248E+001   0.9980382805E+000
 0.8989899   0.2414975249E+001   0.9878144280E+000   0.1251541803E+001   0.1005946874E+001
 0.9090909   0.2535992824E+001   0.1015382927E+001   0.1270253408E+001   0.1012886680E+001
 0.9191919   0.2667414155E+001   0.1007495936E+001   0.1282390257E+001   0.1020717179E+001
 0.9292929   0.2756028714E+001   0.1014604830E+001   0.1273916114E+001   0.1010204048E+001
 0.9393939   0.2900327151E+001   0.9812091201E+000   0.1283586048E+001   0.1003428872E+001
 0.9494949   0.3033804196E+001   0.9820780901E+000   0.1271477874E+001   0.9789432600E+000
 0.9595960   0.3158426265E+001   0.9852624202E+000   0.1296466469E+001   0.1009060078E+001
 0.9696970   0.3361027059E+001   0.1010239155E+001   0.1310771444E+001   0.1020805826E+001
 0.9797980   0.3458177841E+001   0.9727295631E+000   0.1285256151E+001   0.9757139706E+000
 0.9898990   0.3695181582E+001   0.9742497873E+000   0.1314183140E+001   0.9833418477E+000
 1.0000000   0.3802512733E+001   0.9899612951E+000   0.1311648023E+001   0.1001634822E+001


 0.0000000   0.9873707039E+000   0.9250258481E+000   0.8486152742E+000   0.1005148117E+001
 0.0101010   0.1002239074E+001   0.9418841599E+000   0.8592352163E+000   0.1024024874E+001
 0.0202020   0.9738431663E+000   0.9251968249E+000   0.8510856621E+000   0.1002031861E+001
 0.0303030   0.9359259233E+000   0.9063029893E+000   0.8324442609E+000   0.9836905355E+000
 0.0404040   0.9378693207E+000   0.9429028217E+000   0.8479970921E+000   0.1011893656E+001
 0.0505051   0.8762783876E+000   0.9242429544E+000   0.8392544401E+000   0.1006003911E+001
 0.0606061   0.8458868472E+000   0.9367656547E+000   0.8357632967E+000   0.9967918026E+000
 0.0707071   0.7897827971E+000   0.9207424295E+000   0.8366871870E+000   0.9862332746E+000
 0.0808081   0.7433755285E+000   0.9364380991E+000   0.8181249424E+000   0.9831439026E+000
 0.0909091   0.6861697053E+000   0.9336646756E+000   0.8253131182E+000   0.9947889755E+000
 0.1010101   0.6418003309E+000   0.9499560644E+000   0.8315659062E+000   0.1018677281E+001
 0.1111111   0.5964316412E+000   0.9574736440E+000   0.8248187660E+000   0.9881420091E+000
 0.1212121   0.5487470215E+000   0.9457698326E+000   0.8274386409E+000   0.9871719598E+000
 0.1313131   0.5057995391E+000   0.9749762684E+000   0.8190399766E+000   0.1003539582E+001
 0.1414141   0.4760837464E+000   0.9582511385E+000   0.8211935910E+000   0.9831282205E+000
 0.1515152   0.4394327338E+000   0.9613863130E+000   0.8195484687E+000   0.9893943361E+000
 0.1616162   0.4159597279E+000   0.9560500372E+000   0.8228247666E+000   0.9971233668E+000
 0.1717172   0.4097103457E+000   0.9991793834E+000   0.8363461290E+000   0.9990253804E+000
 0.1818182   0.3913300466E+000   0.9744345419E+000   0.8402660609E+000   0.1017082188E+001
 0.1919192   0.3811650754E+000   0.9749204760E+000   0.8357972519E+000   0.1004101897E+001
 0.2020202   0.3826788047E+000   0.1014432313E+001   0.8497922174E+000   0.1020704751E+001
 0.2121212   0.3811062855E+000   0.9963159720E+000   0.8572748090E+000   0.1017422714E+001
 0.2222222   0.3784599987E+000   0.9885950200E+000   0.8540159122E+000   0.9977864952E+000
 0.2323232   0.3858176399E+000   0.9934651590E+000   0.8511234366E+000   0.9950779740E+000
 0.2424242   0.3928167560E+000   0.1002462138E+001   0.8604655024E+000   0.1005752998E+001
 0.2525253   0.4006288733E+000   0.9890845535E+000   0.8612547164E+000   0.9948517039E+000
 0.2626263   0.4136856279E+000   0.1002395547E+001   0.8784989954E+000   0.9937337948E+000
 0.2727273   0.4300357244E+000   0.1014502504E+001   0.8801740682E+000   0.9938906157E+000
 0.2828283   0.4416866882E+000   0.1012790936E+001   0.9057643006E+000   0.1014765719E+001
 0.2929293   0.4597519587E+000   0.1016737800E+001   0.8891720445E+000   0.9814435159E+000
 0.3030303   0.4740617874E+000   0.1001254502E+001   0.9011887637E+000   0.9928466365E+000
 0.3131313   0.4921406223E+000   0.9981823187E+000   0.9056427603E+000   0.9886998435E+000
 0.3232323   0.5132575833E+000   0.1002420743E+001   0.9159141409E+000   0.9877678792E+000
 0.3333333   0.5387069086E+000   0.1016136682E+001   0.9236229347E+000   0.9974594116E+000
 0.3434343   0.5577210516E+000   0.9889765682E+000   0.9337980890E+000   0.9834082579E+000
 0.3535354   0.5772387465E+000   0.9804727224E+000   0.9387287776E+000   0.9849495834E+000
 0.3636364   0.6211236298E+000   0.1010517844E+001   0.9414379320E+000   0.1000365079E+001
 0.3737374   0.6488387970E+000   0.1000946744E+001   0.9650817092E+000   0.9969239802E+000
 0.3838384   0.6796573404E+000   0.9875925560E+000   0.9765533350E+000   0.1007995537E+001
 0.3939394   0.7138473179E+000   0.1004850414E+001   0.9814702405E+000   0.9962070846E+000
 0.4040404   0.7643074719E+000   0.1003477200E+001   0.9753928914E+000   0.9770346080E+000
 0.4141414   0.7946078256E+000   0.9870886244E+000   0.1011611704E+001   0.1015885869E+001
 0.4242424   0.8498814799E+000   0.1005712497E+001   0.1002481871E+001   0.9943498770E+000
 0.4343434   0.9008421663E+000   0.1022561810E+001   0.1025852396E+001   0.1003998844E+001
 0.4444444   0.9484632953E+000   0.1007834409E+001   0.1018107959E+001   0.9796714396E+000
 0.4545455   0.1022004036E+001   0.1018281991E+001   0.1040170824E+001   0.9941751337E+000
 0.4646465   0.1080608534E+001   0.1027390554E+001   0.1058307789E+001   0.1010350091E+001
 0.4747475   0.1139951808E+001   0.1024618931E+001   0.1067073712E+001   0.1004894963E+001
 0.4848485   0.1210335316E+001   0.1029946207E+001   0.1064916759E+001   0.9843222998E+000
 0.4949495   0.1294148743E+001   0.1001475872E+001   0.1102056871E+001   0.1003429808E+001
 0.5050505   0.1346470708E+001   0.1022340440E+001   0.1082787001E+001   0.9918385021E+000
 0.5151515   0.1326934116E+001   0.1009630565E+001   0.1111967791E+001   0.1012045997E+001
 0.5252525   0.1319246630E+001   0.1005393940E+001   0.1097247744E+001   0.9950802143E+000
 0.5353535   0.1328165892E+001   0.1015783930E+001   0.1107752544E+001   0.9999439029E+000
 0.5454545   0.1324303778E+001   0.1023693856E+001   0.1089122691E+001   0.1000459172E+001
 0.5555556   0.1330114911E+001   0.1030131582E+001   0.1102925044E+001   0.9995697730E+000
 0.5656566   0.1326318045E+001   0.1019594013E+001   0.1093784338E+001   0.1009904271E+001
 0.5757576   0.1337284075E+001   0.1030664310E+001   0.1102333759E+001   0.1004726941E+001
 0.5858586   0.1312072825E+001   0.9930980088E+000   0.1098236370E+001   0.9895085914E+000
 0.5959596   0.1337735109E+001   0.1018147009E+001   0.1094036399E+001   0.9918833080E+000
 0.6060606   0.1322682290E+001   0.1009029446E+001   0.1092317974E+001   0.1001740623E+001
 0.6161616   0.1323147594E+001   0.1026195517E+001   0.1084735467E+001   0.9889328346E+000
 0.6262626   0.1315952315E+001   0.1004022526E+001   0.1096068947E+001   0.1001104378E+001
 0.6363636   0.1335450849E+001   0.1030639113E+001   0.1099441005E+001   0.1001854878E+001
 0.6464646   0.1311770668E+001   0.9995699304E+000   0.1094402186E+001   0.9961667592E+000
 0.6565657   0.1326733075E+001   0.1007292682E+001   0.1096029209E+001   0.9946366352E+000
 0.6666667   0.1333303167E+001   0.1026785836E+001   0.1105056189E+001   0.1002551611E+001
 0.6767677   0.1326838170E+001   0.1014732872E+001   0.1102550869E+001   0.1011734595E+001
 0.6868687   0.1331392440E+001   0.1006542184E+001   0.1092782854E+001   0.1002645703E+001
 0.6969697   0.1318476883E+001   0.9866890787E+000   0.1102095725E+001   0.1004641809E+001
 0.7070707   0.1333764158E+001   0.1023481485E+001   0.1099727938E+001   0.1011624821E+001
 0.7171717   0.1325419742E+001   0.1022563609E+001   0.1102918848E+001   0.1016083015E+001
 0.7272727   0.1339663624E+001   0.1021854506E+001   0.1102207353E+001   0.9983936162E+000
 0.7373737   0.1332289585E+001   0.1017137346E+001   0.1104962502E+001   0.1002992950E+001
 0.7474747   0.1328802493E+001   0.1013469444E+001   0.1093343875E+001   0.9952930427E+000
 0.7575758   0.1332976293E+001   0.1018436770E+001   0.1100765687E+001   0.1000266506E+001
 0.7676768   0.1330683889E+001   0.1014165949E+001   0.1092293113E+001   0.1003526141E+001
 0.7777778   0.1333380561E+001   0.1026254908E+001   0.1093508576E+001   0.1004251997E+001
 0.7878788   0.1331032282E+001   0.1016723402E+001   0.1099059713E+001   0.1000983402E+001
 0.7979798   0.1333819125E+001   0.1021931895E+001   0.1093108555E+001   0.1001135742E+001
 0.8080808   0.1328624785E+001   0.1015978303E+001   0.1090780879E+001   0.9998274074E+000
 0.8181818   0.1329495519E+001   0.1017014963E+001   0.1092066567E+001   0.9949816412E+000
 0.8282828   0.1335814361E+001   0.1022547412E+001   0.1101066010E+001   0.1002181961E+001
 0.8383838   0.1342079403E+001   0.1022084874E+001   0.1103611299E+001   0.1002612099E+001
 0.8484848   0.1330620176E+001   0.1015593156E+001   0.1094413785E+001   0.1000996843E+001
 0.8585859   0.1337640111E+001   0.1023785644E+001   0.1102574277E+001   0.1004872560E+001
 0.8686869   0.1340672916E+001   0.1027215978E+001   0.1099841524E+001   0.1009205298E+001
 0.8787879   0.1314686084E+001   0.1017171541E+001   0.1081558061E+001   0.9991261939E+000
 0.8888889   0.1326826723E+001   0.1015125219E+001   0.1090984505E+001   0.9999102984E+000
 0.8989899   0.1324674012E+001   0.1009265214E+001   0.1090379261E+001   0.9890851749E+000
 0.9090909   0.1329751898E+001   0.1018548354E+001   0.1099886083E+001   0.1010585322E+001
 0.9191919   0.1342965332E+001   0.1033579914E+001   0.1112466200E+001   0.1018157532E+001
 0.9292929   0.1334801339E+001   0.1017887844E+001   0.1101641370E+001   0.9998699731E+000
 0.9393939   0.1331901186E+001   0.1029976803E+001   0.1091910432E+001   0.1004104138E+001
 0.9494949   0.1340841131E+001   0.1027242974E+001   0.1108124422E+001   0.1012299150E+001
 0.9595960   0.1344466625E+001   0.1037703155E+001   0.1106647747E+001   0.1023274374E+001
 0.9696970   0.1330346329E+001   0.1017491898E+001   0.1097702382E+001   0.9913209931E+000
 0.9797980   0.1331734786E+001   0.1015567959E+001   0.1092564344E+001   0.9921521439E+000
 0.9898990   0.1334548934E+001   0.1022721988E+001   0.1102288719E+001   0.1006803698E+001
 1.0000000   0.1337668574E+001   0.1021415365E+001   0.1101614358E+001   0.1001807831E+001


