 0.0000000   0.1429046387E+000   0.1035443319E+001   0.7603457888E+000   0.1021186258E+001
 0.0101010   0.1441174141E+000   0.1025342160E+001   0.7697938099E+000   0.1011846170E+001
 0.0202020   0.1414190834E+000   0.1022325897E+001   0.7621260135E+000   0.1004355487E+001
 0.0303030   0.1340288904E+000   0.1020372067E+001   0.7580313753E+000   0.1026158266E+001
 0.0404040   0.1285595315E+000   0.1040242376E+001   0.7580077062E+000   0.1018119098E+001
 0.0505051   0.1202626046E+000   0.1001133584E+001   0.7577175567E+000   0.9662862622E+000
 0.0606061   0.1118235392E+000   0.1041085481E+001   0.7610243948E+000   0.1000236898E+001
 0.0707071   0.1025332545E+000   0.1023050283E+001   0.7612289453E+000   0.1019857617E+001
 0.0808081   0.9313035974E-001   0.1024082533E+001   0.7628306636E+000   0.9990191423E+000
 0.0909091   0.8394312204E-001   0.1009466034E+001   0.7601659952E+000   0.9955203219E+000
 0.1010101   0.7600091038E-001   0.9850562397E+000   0.7614049902E+000   0.9970014298E+000
 0.1111111   0.7053877030E-001   0.1018426286E+001   0.7693823519E+000   0.1012784733E+001
 0.1212121   0.6605181369E-001   0.1035809537E+001   0.7741817888E+000   0.1045513653E+001
 0.1313131   0.6125380869E-001   0.1027004223E+001   0.7726385236E+000   0.1019958602E+001
 0.1414141   0.5851947618E-001   0.9769390927E+000   0.7729940821E+000   0.9646487272E+000
 0.1515152   0.5592750579E-001   0.1020957612E+001   0.7873676101E+000   0.9925798872E+000
 0.1616162   0.5581280093E-001   0.1023144856E+001   0.7878624038E+000   0.9965083872E+000
 0.1717172   0.5497066305E-001   0.9821325375E+000   0.7820218615E+000   0.1000757662E+001
 0.1818182   0.5544735180E-001   0.1020573285E+001   0.7933182007E+000   0.1013594590E+001
 0.1919192   0.5675984143E-001   0.1022553274E+001   0.8015776130E+000   0.1034993431E+001
 0.2020202   0.5747638719E-001   0.9716852823E+000   0.8056790561E+000   0.1006951386E+001
 0.2121212   0.5986737835E-001   0.9847725219E+000   0.8074756502E+000   0.9764560082E+000
 0.2222222   0.6331362724E-001   0.9679245119E+000   0.8152791490E+000   0.9837962046E+000
 0.2323232   0.6715047918E-001   0.1000869988E+001   0.8256676533E+000   0.1015299448E+001
 0.2424242   0.7095502685E-001   0.1018549029E+001   0.8303633190E+000   0.1026477061E+001
 0.2525253   0.7735283688E-001   0.9689889568E+000   0.8374885781E+000   0.1000147794E+001
 0.2626263   0.8089221342E-001   0.9948616085E+000   0.8394673478E+000   0.1007484030E+001
 0.2727273   0.8639871665E-001   0.9604935193E+000   0.8565546518E+000   0.1014040111E+001
 0.2828283   0.9434634073E-001   0.9439755074E+000   0.8640153275E+000   0.1012477819E+001
 0.2929293   0.1029600659E+000   0.9377176176E+000   0.8690484599E+000   0.1026328554E+001
 0.3030303   0.1119003902E+000   0.9455892783E+000   0.8766105902E+000   0.9714978610E+000
 0.3131313   0.1233548570E+000   0.9605297386E+000   0.8804797029E+000   0.1002488261E+001
 0.3232323   0.1357465624E+000   0.9258900047E+000   0.8945233171E+000   0.1039066478E+001
 0.3333333   0.1477251508E+000   0.9244271475E+000   0.9013165440E+000   0.1002438759E+001
 0.3434343   0.1643067658E+000   0.9215517377E+000   0.9102947625E+000   0.9884117961E+000
 0.3535354   0.1823692075E+000   0.9495432183E+000   0.9109009352E+000   0.9920294219E+000
 0.3636364   0.2006387193E+000   0.9522636900E+000   0.9395548637E+000   0.1001312087E+001
 0.3737374   0.2234733678E+000   0.9643709964E+000   0.9511827920E+000   0.1002929821E+001
 0.3838384   0.2501696303E+000   0.9423899070E+000   0.9539126717E+000   0.9848832744E+000
 0.3939394   0.2786311570E+000   0.9542376417E+000   0.9589223347E+000   0.9893820406E+000
 0.4040404   0.3089944412E+000   0.9507404673E+000   0.9800509083E+000   0.1004282223E+001
 0.4141414   0.3496924176E+000   0.9758162944E+000   0.9884665020E+000   0.9930174872E+000
 0.4242424   0.3903284619E+000   0.9526339317E+000   0.9903417646E+000   0.1000775483E+001
 0.4343434   0.4391242254E+000   0.9585879818E+000   0.1013784185E+001   0.1009776975E+001
 0.4444444   0.4964089318E+000   0.9543362387E+000   0.1021685281E+001   0.1043587025E+001
 0.4545455   0.5550273658E+000   0.9772771394E+000   0.1041890351E+001   0.1009561145E+001
 0.4646465   0.6190763720E+000   0.9309969257E+000   0.1054330258E+001   0.9928808609E+000
 0.4747475   0.6973423448E+000   0.9697012697E+000   0.1060543358E+001   0.9725611698E+000
 0.4848485   0.7954653162E+000   0.9869436676E+000   0.1087650907E+001   0.1020932806E+001
 0.4949495   0.8846921395E+000   0.9379993233E+000   0.1082822378E+001   0.9892157130E+000
 0.5050505   0.9462989949E+000   0.9719287565E+000   0.1096660327E+001   0.1001585340E+001
 0.5151515   0.9428284900E+000   0.9660914130E+000   0.1095595461E+001   0.9821804506E+000
 0.5252525   0.9576717606E+000   0.9925576587E+000   0.1088731981E+001   0.9829368452E+000
 0.5353535   0.9670949919E+000   0.9843197807E+000   0.1096832114E+001   0.9891444297E+000
 0.5454545   0.9566010970E+000   0.9820077822E+000   0.1087795020E+001   0.9868257435E+000
 0.5555556   0.9728171073E+000   0.9928594862E+000   0.1104438191E+001   0.1020501147E+001
 0.5656566   0.9864278921E+000   0.9774944552E+000   0.1095608967E+001   0.1011046213E+001
 0.5757576   0.9890014266E+000   0.9863862928E+000   0.1091709618E+001   0.9583520386E+000
 0.5858586   0.9981584840E+000   0.9963123926E+000   0.1080082538E+001   0.9807864667E+000
 0.5959596   0.1014929248E+001   0.1005324961E+001   0.1084906163E+001   0.9761451340E+000
 0.6060606   0.1033176732E+001   0.9939963697E+000   0.1097002842E+001   0.9827625973E+000
 0.6161616   0.1044599901E+001   0.1013856618E+001   0.1095697475E+001   0.1000731921E+001
 0.6262626   0.1064212597E+001   0.1010095848E+001   0.1100645122E+001   0.9858495587E+000
 0.6363636   0.1080555320E+001   0.9947630115E+000   0.1091130355E+001   0.9936392357E+000
 0.6464646   0.1094253510E+001   0.1033390893E+001   0.1093155253E+001   0.9948985734E+000
 0.6565657   0.1135909817E+001   0.1036467521E+001   0.1111123739E+001   0.9911086797E+000
 0.6666667   0.1151169101E+001   0.1020848955E+001   0.1111290626E+001   0.9953817156E+000
 0.6767677   0.1167732118E+001   0.1003894299E+001   0.1097268799E+001   0.9757827774E+000
 0.6868687   0.1200157422E+001   0.1013256987E+001   0.1095258816E+001   0.9785865859E+000
 0.6969697   0.1229622966E+001   0.1016365810E+001   0.1112254700E+001   0.1016119206E+001
 0.7070707   0.1247575224E+001   0.1005467826E+001   0.1111555111E+001   0.1010374963E+001
 0.7171717   0.1290706067E+001   0.1023503024E+001   0.1112312915E+001   0.9996032690E+000
 0.7272727   0.1324150875E+001   0.1006727453E+001   0.1110910689E+001   0.9792261552E+000
 0.7373737   0.1373576777E+001   0.1044880459E+001   0.1128422341E+001   0.1018740846E+001
 0.7474747   0.1403738733E+001   0.1032404923E+001   0.1116981510E+001   0.1006129648E+001
 0.7575758   0.1450191811E+001   0.1032189619E+001   0.1123943205E+001   0.1001830871E+001
 0.7676768   0.1498831371E+001   0.1024334056E+001   0.1122283204E+001   0.1003434745E+001
 0.7777778   0.1555559687E+001   0.1006934708E+001   0.1122590937E+001   0.9802241209E+000
 0.7878788   0.1601452425E+001   0.1040600545E+001   0.1128378235E+001   0.1006196971E+001
 0.7979798   0.1660172009E+001   0.1029010370E+001   0.1138805281E+001   0.1002476381E+001
 0.8080808   0.1725784411E+001   0.1024965881E+001   0.1128161328E+001   0.9889028586E+000
 0.8181818   0.1807706780E+001   0.1022645834E+001   0.1141887715E+001   0.9857010519E+000
 0.8282828   0.1856936178E+001   0.1045083689E+001   0.1142173537E+001   0.1028276963E+001
 0.8383838   0.1935635914E+001   0.1029292075E+001   0.1147825311E+001   0.9944055308E+000
 0.8484848   0.2024887832E+001   0.1039711160E+001   0.1161837881E+001   0.1020382341E+001
 0.8585859   0.2100070723E+001   0.1045934843E+001   0.1159565305E+001   0.1011135318E+001
 0.8686869   0.2204546855E+001   0.1024639908E+001   0.1161976843E+001   0.9911977838E+000
 0.8787879   0.2300958401E+001   0.1015848679E+001   0.1155042571E+001   0.9768144047E+000
 0.8888889   0.2400395597E+001   0.1021317793E+001   0.1173633482E+001   0.9878256893E+000
 0.8989899   0.2513393100E+001   0.1023774669E+001   0.1171686279E+001   0.9988429142E+000
 0.9090909   0.2657227028E+001   0.1039294638E+001   0.1175626668E+001   0.1003464446E+001
 0.9191919   0.2804712331E+001   0.1042431632E+001   0.1184834745E+001   0.1005636606E+001
 0.9292929   0.2918949501E+001   0.1036232095E+001   0.1174589148E+001   0.9956985301E+000
 0.9393939   0.3103468178E+001   0.1032885835E+001   0.1217233233E+001   0.1011982796E+001
 0.9494949   0.3242566478E+001   0.1017062026E+001   0.1195187904E+001   0.9751214271E+000
 0.9595960   0.3451789921E+001   0.1031901877E+001   0.1214279528E+001   0.1004565376E+001
 0.9696970   0.3646969353E+001   0.1053120349E+001   0.1220109468E+001   0.9886137654E+000
 0.9797980   0.3816952755E+001   0.1007248608E+001   0.1210436179E+001   0.9935323108E+000
 0.9898990   0.4032334393E+001   0.1029370550E+001   0.1217605707E+001   0.9938709063E+000
 1.0000000   0.4186354039E+001   0.1038159767E+001   0.1238610359E+001   0.1010010626E+001


 0.0000000   0.1150181651E+001   0.1019706375E+001   0.8913343723E+000   0.9739629588E+000
 0.0101010   0.1135145872E+001   0.1046342765E+001   0.8891393293E+000   0.1020793334E+001
 0.0202020   0.1137127098E+001   0.1046451075E+001   0.8904357458E+000   0.1011119771E+001
 0.0303030   0.1116501315E+001   0.1028778392E+001   0.8950073046E+000   0.1009673702E+001
 0.0404040   0.1062652067E+001   0.9867538720E+000   0.8881223698E+000   0.9709019811E+000
 0.0505051   0.1030576349E+001   0.1029317940E+001   0.8934092441E+000   0.9926784236E+000
 0.0606061   0.9617747222E+000   0.9952803246E+000   0.8888958120E+000   0.9866557862E+000
 0.0707071   0.8906646625E+000   0.1013165617E+001   0.8786480858E+000   0.9975350688E+000
 0.0808081   0.8405253397E+000   0.1018478855E+001   0.9030928054E+000   0.1009206908E+001
 0.0909091   0.7617024186E+000   0.9801088149E+000   0.8823382948E+000   0.9589639697E+000
 0.1010101   0.6993365672E+000   0.1006697066E+001   0.8750797746E+000   0.9818885271E+000
 0.1111111   0.6366835808E+000   0.9973221804E+000   0.8826654156E+000   0.9876549243E+000
 0.1212121   0.5852152001E+000   0.1021567713E+001   0.8844100139E+000   0.9697439344E+000
 0.1313131   0.5344047678E+000   0.1000386970E+001   0.8831850356E+000   0.9909483058E+000
 0.1414141   0.4915201926E+000   0.1014487408E+001   0.8869979887E+000   0.9989890828E+000
 0.1515152   0.4524879055E+000   0.1018394613E+001   0.8929623475E+000   0.1007840294E+001
 0.1616162   0.4253420059E+000   0.9779626600E+000   0.8875788849E+000   0.9869815489E+000
 0.1717172   0.4034833937E+000   0.9779064989E+000   0.8932962276E+000   0.9855036986E+000
 0.1818182   0.3855132935E+000   0.9821025326E+000   0.8845879693E+000   0.9834140500E+000
 0.1919192   0.3775321962E+000   0.9840300604E+000   0.8949621784E+000   0.9933438535E+000
 0.2020202   0.3693283360E+000   0.9909278423E+000   0.8947152420E+000   0.9901676671E+000
 0.2121212   0.3692632911E+000   0.9861862441E+000   0.9030162791E+000   0.9990844280E+000
 0.2222222   0.3667605256E+000   0.9535646900E+000   0.9090211088E+000   0.9837835126E+000
 0.2323232   0.3718476271E+000   0.9788411795E+000   0.9068045295E+000   0.9871126485E+000
 0.2424242   0.3740917295E+000   0.9751726587E+000   0.9091095761E+000   0.9817018094E+000
 0.2525253   0.3830429581E+000   0.9569383653E+000   0.9211287474E+000   0.9852097176E+000
 0.2626263   0.3894490949E+000   0.9799182684E+000   0.9294498732E+000   0.9986235930E+000
 0.2727273   0.4063111021E+000   0.9678135538E+000   0.9192785956E+000   0.9782356148E+000
 0.2828283   0.4142443319E+000   0.9604484316E+000   0.9262546265E+000   0.1011654101E+001
 0.2929293   0.4331013111E+000   0.9751726587E+000   0.9302513243E+000   0.9899014951E+000
 0.3030303   0.4476807592E+000   0.9862524339E+000   0.9316105463E+000   0.9877979420E+000
 0.3131313   0.4664948378E+000   0.9937419127E+000   0.9498116967E+000   0.9934610486E+000
 0.3232323   0.4945566002E+000   0.9979519866E+000   0.9508442660E+000   0.1007850226E+001
 0.3333333   0.5025786891E+000   0.1006777296E+001   0.9537779298E+000   0.1002451305E+001
 0.3434343   0.5354951977E+000   0.9837492551E+000   0.9591817857E+000   0.9988579832E+000
 0.3535354   0.5602051467E+000   0.9881919963E+000   0.9708056309E+000   0.9756215677E+000
 0.3636364   0.5956747878E+000   0.9981465445E+000   0.9789358475E+000   0.1011546838E+001
 0.3737374   0.6192327622E+000   0.9967144375E+000   0.9792234558E+000   0.9916435311E+000
 0.3838384   0.6527458187E+000   0.9593031471E+000   0.9958003551E+000   0.9997756806E+000
 0.3939394   0.6980174625E+000   0.9982468322E+000   0.9965539203E+000   0.1005506323E+001
 0.4040404   0.7252626400E+000   0.9753331188E+000   0.9917998681E+000   0.9973284876E+000
 0.4141414   0.7754173853E+000   0.9858131742E+000   0.9914692039E+000   0.1003102830E+001
 0.4242424   0.8190292889E+000   0.9995365308E+000   0.1007190664E+001   0.1003746410E+001
 0.4343434   0.8732469812E+000   0.1008789066E+001   0.1018584032E+001   0.1026444523E+001
 0.4444444   0.9364715691E+000   0.9997772211E+000   0.1014377158E+001   0.1010905244E+001
 0.4545455   0.9768529990E+000   0.9892931543E+000   0.1020738063E+001   0.9776774482E+000
 0.4646465   0.1048487291E+001   0.1011617176E+001   0.1032624945E+001   0.1006181685E+001
 0.4747475   0.1116886472E+001   0.1009711712E+001   0.1043491768E+001   0.1005126929E+001
 0.4848485   0.1192395431E+001   0.1002025669E+001   0.1052391375E+001   0.9818726362E+000
 0.4949495   0.1268599286E+001   0.9909759804E+000   0.1056864033E+001   0.9998312986E+000
 0.5050505   0.1310732285E+001   0.1021575736E+001   0.1060558808E+001   0.1010611263E+001
 0.5151515   0.1319855356E+001   0.9996829507E+000   0.1076286331E+001   0.1017132477E+001
 0.5252525   0.1300240641E+001   0.9824294702E+000   0.1059467179E+001   0.1000194802E+001
 0.5353535   0.1307416241E+001   0.9831174432E+000   0.1056084651E+001   0.1006521352E+001
 0.5454545   0.1316497304E+001   0.1012880800E+001   0.1063519782E+001   0.1008225647E+001
 0.5555556   0.1326426172E+001   0.1006201645E+001   0.1048012603E+001   0.9929942545E+000
 0.5656566   0.1310506007E+001   0.1010066730E+001   0.1060948764E+001   0.9966114123E+000
 0.5757576   0.1315335954E+001   0.9931923366E+000   0.1058377474E+001   0.1003255780E+001
 0.5858586   0.1315531129E+001   0.9941069596E+000   0.1057253276E+001   0.1002665831E+001
 0.5959596   0.1310339382E+001   0.9943155578E+000   0.1057871869E+001   0.9982362532E+000
 0.6060606   0.1325233253E+001   0.9918063618E+000   0.1054044359E+001   0.9950541077E+000
 0.6161616   0.1314225102E+001   0.1001835123E+001   0.1068202620E+001   0.9912661230E+000
 0.6262626   0.1329579164E+001   0.1029370089E+001   0.1066845182E+001   0.9965478489E+000
 0.6363636   0.1319755985E+001   0.1015285697E+001   0.1059234758E+001   0.1008390515E+001
 0.6464646   0.1324311279E+001   0.9980883777E+000   0.1061690187E+001   0.1007127191E+001
 0.6565657   0.1307411533E+001   0.1027986120E+001   0.1069667871E+001   0.1009715416E+001
 0.6666667   0.1319858598E+001   0.1000292699E+001   0.1068210563E+001   0.1016544515E+001
 0.6767677   0.1322193331E+001   0.9933708485E+000   0.1069651789E+001   0.1017243713E+001
 0.6868687   0.1310290148E+001   0.9850650286E+000   0.1072857684E+001   0.1003921210E+001
 0.6969697   0.1326322426E+001   0.1005820553E+001   0.1070863373E+001   0.1035325529E+001
 0.7070707   0.1313199047E+001   0.9996989968E+000   0.1066993651E+001   0.9960373549E+000
 0.7171717   0.1315254711E+001   0.1007310826E+001   0.1062324370E+001   0.1010825790E+001
 0.7272727   0.1315020738E+001   0.1001261478E+001   0.1062362621E+001   0.9854361624E+000
 0.7373737   0.1316800605E+001   0.9972018353E+000   0.1065957433E+001   0.9916157220E+000
 0.7474747   0.1311561766E+001   0.9976591468E+000   0.1056516395E+001   0.9924281425E+000
 0.7575758   0.1320095266E+001   0.9986921092E+000   0.1067560243E+001   0.1006479639E+001
 0.7676768   0.1310462262E+001   0.1014834403E+001   0.1066636270E+001   0.1017789961E+001
 0.7777778   0.1314888670E+001   0.9955230207E+000   0.1060504270E+001   0.9962637997E+000
 0.7878788   0.1312744450E+001   0.9988285003E+000   0.1058697260E+001   0.1000449056E+001
 0.7979798   0.1313209119E+001   0.1006352077E+001   0.1066907857E+001   0.1009117522E+001
 0.8080808   0.1322073024E+001   0.1013081376E+001   0.1073873426E+001   0.1014017867E+001
 0.8181818   0.1321660871E+001   0.1003580127E+001   0.1073915163E+001   0.1017456253E+001
 0.8282828   0.1318329124E+001   0.1017405777E+001   0.1060946918E+001   0.1008632851E+001
 0.8383838   0.1315746170E+001   0.1002202176E+001   0.1065185621E+001   0.9885011127E+000
 0.8484848   0.1303581735E+001   0.1007026010E+001   0.1059706585E+001   0.1003098857E+001
 0.8585859   0.1303987628E+001   0.9990170410E+000   0.1063117588E+001   0.1007069587E+001
 0.8686869   0.1317657757E+001   0.1011801706E+001   0.1068490321E+001   0.1022104331E+001
 0.8787879   0.1297562111E+001   0.9992055817E+000   0.1063461502E+001   0.1015992307E+001
 0.8888889   0.1314418730E+001   0.1014730104E+001   0.1059298170E+001   0.9960711230E+000
 0.8989899   0.1310709450E+001   0.1016892305E+001   0.1060992365E+001   0.1018596422E+001
 0.9090909   0.1314651785E+001   0.1004984154E+001   0.1064848761E+001   0.1004332386E+001
 0.9191919   0.1305689053E+001   0.9791600941E+000   0.1056885033E+001   0.9783826052E+000
 0.9292929   0.1308723093E+001   0.1008255536E+001   0.1072070577E+001   0.1021794459E+001
 0.9393939   0.1317974243E+001   0.1018194038E+001   0.1068340941E+001   0.1017537694E+001
 0.9494949   0.1326448172E+001   0.1004011364E+001   0.1065285924E+001   0.9961684545E+000
 0.9595960   0.1301893302E+001   0.1007030021E+001   0.1052450895E+001   0.1001877247E+001
 0.9696970   0.1317192524E+001   0.1018547050E+001   0.1068421026E+001   0.1003581542E+001
 0.9797980   0.1308775603E+001   0.1006618842E+001   0.1067045745E+001   0.1003734492E+001
 0.9898990   0.1317342340E+001   0.1033421709E+001   0.1063509537E+001   0.1036602757E+001
 1.0000000   0.1319143046E+001   0.1018807798E+001   0.1066788762E+001   0.1010414614E+001


