Compiled using GNU Fortran (Ubuntu 9.4.0-1ubuntu1~20.04.2) 9.4.0 with all optimizations
Last Brick update unknown
Compiled at 18:43:37 on Sep  2 2023
Starting at 16:56:20 on Sep 11 2023

Settings
OK                      

Forcefield
OK                      

Topology
OK                      

Configuration
OK                      Read from ./INPUT/restart.in

 F
Monte Carlo Simulation initialized.

#########################################################################################################################
###########################################   ENERGY STARTING CONFIGURATION   ###########################################
#########################################################################################################################
                                               Box 1               Box 2
-------------------------------------------------------------------------------------------------------------------------
Lennard Jones        
 Intermolecular                         -0.4891697698E+006  -0.7899743123E+005
 Tailcorrection                         -0.1200513949E+005  -0.1787605540E+004
Total Intermolecular                    -0.5011749093E+006  -0.8078503677E+005

Electrostatic        
 Real                                   -0.1182944451E+006  -0.6471769496E+004
 Exclusion                               0.7982628700E+007   0.1954513441E+007
 Selfterm                               -0.8008268243E+007  -0.1956484337E+007
 Fourier                                 0.1412628406E+005   0.1940616650E+004
Total Intermolecular                    -0.1298077038E+006  -0.6502048368E+004

Intramolecular       
 Lennard Jones                           0.0000000000E+000   0.0000000000E+000
 Electrostatic                           0.0000000000E+000   0.0000000000E+000
 Bending                                 0.0000000000E+000   0.0000000000E+000
 Torsion                                 0.0000000000E+000   0.0000000000E+000

Total                                   -0.6309826131E+006  -0.8728708514E+005

#########################################################################################################################

Simulation is running...



#########################################################################################################################
###############################################   RELATIVE ENERGY DRIFTS   ##############################################
#########################################################################################################################
                                               Box 1               Box 2                                                 
-------------------------------------------------------------------------------------------------------------------------

Lennard Jones        
 Intermolecular                          0.3285113060E-014   0.3561349952E-014
 Tailcorrection                          0.0000000000E+000   0.0000000000E+000

Electrostatic        
 Real                                    0.1077499945E-013   0.1311609707E-015
 Exclusion                               0.2457479385E-015   0.0000000000E+000
 Selfterm                                0.0000000000E+000   0.0000000000E+000
 Fourier                                 0.1288091496E-015   0.2144217771E-015

Intramolecular       
 Lennard Jones                           0.0000000000E+000   0.0000000000E+000
 Electrostatic                           0.0000000000E+000   0.0000000000E+000
 Bending                                 0.0000000000E+000   0.0000000000E+000
 Torsion                                 0.0000000000E+000   0.0000000000E+000

Total                                    0.0000000000E+000   0.8973975812E-014

#########################################################################################################################
############################################   TRIAL MOVE ACCEPTANCE RATES   ############################################
#########################################################################################################################
                                               Box 1               Box 2
-------------------------------------------------------------------------------------------------------------------------
Translation
 CO2                                          0.47790             0.51576
 AR                                           0.48386             0.51112
-------------------------------------------------------------------------------------------------------------------------
Rotation
 CO2                                          0.47705             0.62508
 AR                                           0.00000             0.00000
-------------------------------------------------------------------------------------------------------------------------
Lambda Move
 cd                                           0.76099             0.91550
 Ar                                           0.83920             0.94656
-------------------------------------------------------------------------------------------------------------------------
GE Swap Fractional
 cd                                           0.36971             0.37389
 Ar                                           0.46418             0.46251
-------------------------------------------------------------------------------------------------------------------------
GE Identity Change
 cd                                           0.82563             0.75995
 Ar                                           0.91174             0.90855
-------------------------------------------------------------------------------------------------------------------------
Volume                                        0.49899             0.47335

#########################################################################################################################
######################################################   AVERAGES   #####################################################
#########################################################################################################################
                                                       Boltzmann                                    Biased
                                               Box 1               Box 2                  Box 1               Box 2      
-------------------------------------------------------------------------------------------------------------------------
Density
 CO2                                     0.7907757897E+003   0.9265244502E+002      0.7877360330E+003   0.9267319989E+002
 AR                                      0.1596091453E+003   0.1626951842E+003      0.1604414459E+003   0.1628219182E+003
 Total                                   0.9503849350E+003   0.2553476293E+003      0.9481774789E+003   0.2554951181E+003

Number of molecules
 CO2                                     0.4103347189E+003   0.1696652811E+003      0.4109186500E+003   0.1690813500E+003
 AR                                      0.9203514319E+002   0.3279648568E+003      0.9300911000E+002   0.3269908900E+003
 Total                                   0.5023698621E+003   0.4976301379E+003      0.5039277600E+003   0.4960722400E+003

Mole fractions
 CO2                                          0.81680             0.34095                 0.81543             0.34084
 AR                                           0.18320             0.65905                 0.18457             0.65916

Volume                                   0.3804433045E+005   0.1342202248E+006      0.3824595203E+005   0.1337204585E+006

#########################################################################################################################
#######################################   PROPERTIES FROM THE CFC GIBBS ENSEMBLE   ######################################
#########################################################################################################################
                                                       Boltzmann                                    Biased
                                               Box 1               Box 2                  Box 1               Box 2      
Chemical Potentials (as an indication)
=========================================================================================================================

Total cd                                -0.1943418028E+004  -0.1943092374E+004     -0.1944392439E+004  -0.1943035706E+004
 Ideal gas                              -0.1145153889E+004  -0.1687626150E+004     -0.1146128300E+004  -0.1687569482E+004
 Excess                                 -0.7982641389E+003  -0.2554662241E+003     -0.7982641389E+003  -0.2554662241E+003

-------------------------------------------------------------------------------------------------------------------------

Total Ar                                -0.1618465409E+004  -0.1615242697E+004     -0.1617149539E+004  -0.1615045695E+004
 Ideal gas                              -0.1525526288E+004  -0.1520681230E+004     -0.1524210418E+004  -0.1520484228E+004
 Excess                                 -0.9293912102E+002  -0.9456146719E+002     -0.9293912102E+002  -0.9456146719E+002

-------------------------------------------------------------------------------------------------------------------------

#########################################################################################################################
#########################################   PROPERTIES FROM UMBRELLA SAMPLING   #########################################
#########################################################################################################################

Excess Partial Molar Enthalpy
=========================================================================================================================


Partial Molar Volume
=========================================================================================================================


#########################################################################################################################
##################################################   AVERAGE ENERGIES   #################################################
#########################################################################################################################
                                                       Boltzmann                                    Biased
                                               Box 1               Box 2                  Box 1               Box 2      
-------------------------------------------------------------------------------------------------------------------------
Lennard Jones        
 Intermolecular                         -0.4419722044E+006  -0.8790304710E+005     -0.4418920453E+006  -0.8756417448E+005
 Tailcorrection                         -0.1094123817E+005  -0.2125220543E+004     -0.1094172577E+005  -0.2117450064E+004
Total Intermolecular                    -0.4529134426E+006  -0.9002826764E+005     -0.4528337710E+006  -0.8968162454E+005

Electrostatic        
 Real                                   -0.1111049241E+006  -0.8212026415E+004     -0.1107969862E+006  -0.8184839681E+004
 Exclusion                               0.7516176450E+007   0.2304448646E+007      0.7524596823E+007   0.2296146583E+007
 Selfterm                               -0.7540318102E+007  -0.2306772531E+007     -0.7548765300E+007  -0.2298462071E+007
 Fourier                                 0.1309877152E+005   0.2256264651E+004      0.1315161580E+005   0.2248390506E+004
Total Intermolecular                    -0.1221478045E+006  -0.8279647168E+004     -0.1218138476E+006  -0.8251937188E+004

Intramolecular       
 Lennard Jones                           0.0000000000E+000   0.0000000000E+000      0.0000000000E+000   0.0000000000E+000
 Electrostatic                           0.0000000000E+000   0.0000000000E+000      0.0000000000E+000   0.0000000000E+000
 Bending                                 0.0000000000E+000   0.0000000000E+000      0.0000000000E+000   0.0000000000E+000
 Torsion                                 0.0000000000E+000   0.0000000000E+000      0.0000000000E+000   0.0000000000E+000

Total                                   -0.5750612470E+006  -0.9830791481E+005     -0.5746476186E+006  -0.9793356173E+005

#########################################################################################################################

No errors found in bookkeeping.

Total simulation time:  14 hours and  53 minutes

Simulation finished.

