#   100 bins for weightfunction of cd                      
 0.0000000    0.3362757874E+001    0.1524914551E+001
 0.0101010    0.3355570984E+001    0.1520632935E+001
 0.0202020    0.3312312317E+001    0.1471086121E+001
 0.0303030    0.3356883240E+001    0.1502442932E+001
 0.0404040    0.3453019714E+001    0.1533584595E+001
 0.0505051    0.3491732788E+001    0.1535325623E+001
 0.0606061    0.3551896667E+001    0.1485037231E+001
 0.0707071    0.3631718445E+001    0.1514785767E+001
 0.0808081    0.3710943604E+001    0.1520446777E+001
 0.0909091    0.3799011230E+001    0.1488671875E+001
 0.1010101    0.3875610352E+001    0.1499635315E+001
 0.1111111    0.3963447571E+001    0.1507843018E+001
 0.1212121    0.4030455017E+001    0.1489521790E+001
 0.1313131    0.4075715637E+001    0.1491706848E+001
 0.1414141    0.4101687622E+001    0.1486224365E+001
 0.1515152    0.4096688843E+001    0.1495364380E+001
 0.1616162    0.4129722595E+001    0.1455581665E+001
 0.1717172    0.4162673950E+001    0.1455813599E+001
 0.1818182    0.4156774902E+001    0.1457110596E+001
 0.1919192    0.4153671265E+001    0.1456292725E+001
 0.2020202    0.4101692200E+001    0.1425079346E+001
 0.2121212    0.4067144775E+001    0.1453459167E+001
 0.2222222    0.3992166138E+001    0.1408987427E+001
 0.2323232    0.3950418091E+001    0.1394985962E+001
 0.2424242    0.3885734558E+001    0.1351222229E+001
 0.2525253    0.3811647034E+001    0.1366862488E+001
 0.2626263    0.3768096924E+001    0.1377185059E+001
 0.2727273    0.3687414551E+001    0.1336903381E+001
 0.2828283    0.3606945801E+001    0.1325749207E+001
 0.2929293    0.3505572510E+001    0.1324853516E+001
 0.3030303    0.3429222107E+001    0.1298860168E+001
 0.3131313    0.3322015381E+001    0.1293774414E+001
 0.3232323    0.3244386292E+001    0.1281538391E+001
 0.3333333    0.3109751892E+001    0.1250773621E+001
 0.3434343    0.3061857605E+001    0.1221409607E+001
 0.3535354    0.2927592468E+001    0.1255720520E+001
 0.3636364    0.2857714844E+001    0.1244548035E+001
 0.3737374    0.2731434631E+001    0.1198802185E+001
 0.3838384    0.2640948486E+001    0.1170219421E+001
 0.3939394    0.2549682617E+001    0.1187379456E+001
 0.4040404    0.2450700378E+001    0.1177450562E+001
 0.4141414    0.2312171936E+001    0.1136460876E+001
 0.4242424    0.2166493225E+001    0.1103450012E+001
 0.4343434    0.2118028259E+001    0.1091473389E+001
 0.4444444    0.1969375610E+001    0.1076954651E+001
 0.4545455    0.1872430420E+001    0.1052056885E+001
 0.4646465    0.1767897034E+001    0.1041574097E+001
 0.4747475    0.1660391235E+001    0.1052943420E+001
 0.4848485    0.1532052612E+001    0.1035473633E+001
 0.4949495    0.1414697266E+001    0.1000933838E+001
 0.5050505    0.1363421631E+001    0.9947113037E+000
 0.5151515    0.1373345947E+001    0.9585052490E+000
 0.5252525    0.1337463379E+001    0.1013365173E+001
 0.5353535    0.1355938721E+001    0.9586471558E+000
 0.5454545    0.1334756470E+001    0.9598983765E+000
 0.5555556    0.1362071228E+001    0.9798904419E+000
 0.5656566    0.1288618469E+001    0.9552062988E+000
 0.5757576    0.1328181458E+001    0.9860946655E+000
 0.5858586    0.1312213135E+001    0.9581634521E+000
 0.5959596    0.1317608643E+001    0.9538742065E+000
 0.6060606    0.1285415649E+001    0.9958572388E+000
 0.6161616    0.1268887329E+001    0.9562530518E+000
 0.6262626    0.1262712097E+001    0.9965133667E+000
 0.6363636    0.1253201294E+001    0.9848922729E+000
 0.6464646    0.1229223633E+001    0.1009638977E+001
 0.6565657    0.1251252747E+001    0.9672363281E+000
 0.6666667    0.1187803650E+001    0.9509887695E+000
 0.6767677    0.1217744446E+001    0.9601821899E+000
 0.6868687    0.1172061157E+001    0.9515319824E+000
 0.6969697    0.1164408875E+001    0.9550643921E+000
 0.7070707    0.1132800293E+001    0.9730102539E+000
 0.7171717    0.1085629272E+001    0.9240753174E+000
 0.7272727    0.1049356079E+001    0.9188308716E+000
 0.7373737    0.1006495667E+001    0.9357421875E+000
 0.7474747    0.1024339294E+001    0.9595474243E+000
 0.7575758    0.9757583618E+000    0.9270233154E+000
 0.7676768    0.9391860962E+000    0.9288818359E+000
 0.7777778    0.9262344360E+000    0.9439453125E+000
 0.7878788    0.8876754761E+000    0.9316833496E+000
 0.7979798    0.8841033936E+000    0.9513504028E+000
 0.8080808    0.8224380493E+000    0.9256851196E+000
 0.8181818    0.7782089233E+000    0.9355758667E+000
 0.8282828    0.7467742920E+000    0.9262145996E+000
 0.8383838    0.6937255859E+000    0.9049377441E+000
 0.8484848    0.6702819824E+000    0.9230514526E+000
 0.8585859    0.6403945923E+000    0.9216217041E+000
 0.8686869    0.5729583740E+000    0.9136398315E+000
 0.8787879    0.5638793945E+000    0.9004089355E+000
 0.8888889    0.5290802002E+000    0.9224716187E+000
 0.8989899    0.4650222778E+000    0.8839431763E+000
 0.9090909    0.4233200073E+000    0.9002822876E+000
 0.9191919    0.3492111206E+000    0.8640670776E+000
 0.9292929    0.3402938843E+000    0.8922912598E+000
 0.9393939    0.3084732056E+000    0.8912399292E+000
 0.9494949    0.2497467041E+000    0.8750350952E+000
 0.9595960    0.1685363770E+000    0.8555084229E+000
 0.9696970    0.9153442383E-001    0.8379638672E+000
 0.9797980    0.8686523437E-001    0.8740356445E+000
 0.9898990    0.2228851318E-001    0.8485519409E+000
 1.0000000    0.0000000000E+000    0.8517501831E+000


#   100 bins for weightfunction of Ar                      
 0.0000000    0.2096574402E+001    0.2727249146E+000
 0.0101010    0.2051620483E+001    0.2150741577E+000
 0.0202020    0.2103939819E+001    0.2652618408E+000
 0.0303030    0.2067936707E+001    0.2298095703E+000
 0.0404040    0.2117347717E+001    0.2346160889E+000
 0.0505051    0.2169851685E+001    0.2390670776E+000
 0.0606061    0.2225883484E+001    0.2399276733E+000
 0.0707071    0.2312237549E+001    0.2813476563E+000
 0.0808081    0.2362588501E+001    0.2690109253E+000
 0.0909091    0.2431477356E+001    0.2300048828E+000
 0.1010101    0.2509855652E+001    0.2616348267E+000
 0.1111111    0.2596415710E+001    0.2781661987E+000
 0.1212121    0.2682705688E+001    0.2473571777E+000
 0.1313131    0.2749438477E+001    0.2476928711E+000
 0.1414141    0.2812973022E+001    0.2435867310E+000
 0.1515152    0.2860493469E+001    0.2348098755E+000
 0.1616162    0.2966204834E+001    0.2568679810E+000
 0.1717172    0.3014216614E+001    0.2681411743E+000
 0.1818182    0.3040318298E+001    0.2601303101E+000
 0.1919192    0.3092807007E+001    0.2853027344E+000
 0.2020202    0.3059440613E+001    0.2561782837E+000
 0.2121212    0.3068177795E+001    0.2551391602E+000
 0.2222222    0.3034883118E+001    0.2272415161E+000
 0.2323232    0.3060299683E+001    0.2485153198E+000
 0.2424242    0.3086755371E+001    0.2362731934E+000
 0.2525253    0.3044696045E+001    0.2176895142E+000
 0.2626263    0.2999116516E+001    0.2129867554E+000
 0.2727273    0.3011642456E+001    0.1947021484E+000
 0.2828283    0.2956549072E+001    0.2063781738E+000
 0.2929293    0.2904457092E+001    0.1747085571E+000
 0.3030303    0.2868978882E+001    0.1853088379E+000
 0.3131313    0.2788938904E+001    0.2083450317E+000
 0.3232323    0.2803038025E+001    0.2062179565E+000
 0.3333333    0.2753955078E+001    0.1812194824E+000
 0.3434343    0.2673538208E+001    0.1329940796E+000
 0.3535354    0.2653717041E+001    0.1558410645E+000
 0.3636364    0.2648184204E+001    0.1374267578E+000
 0.3737374    0.2551281738E+001    0.1025375366E+000
 0.3838384    0.2537614441E+001    0.1455642700E+000
 0.3939394    0.2482046509E+001    0.9213867187E-001
 0.4040404    0.2414228821E+001    0.1410263062E+000
 0.4141414    0.2336341858E+001    0.9946899414E-001
 0.4242424    0.2294786072E+001    0.8855895996E-001
 0.4343434    0.2247581482E+001    0.9124145508E-001
 0.4444444    0.2187677002E+001    0.4162292480E-001
 0.4545455    0.2134161377E+001    0.7215728760E-001
 0.4646465    0.2031767273E+001    0.7256164551E-001
 0.4747475    0.2023063660E+001    0.4414825439E-001
 0.4848485    0.1965832520E+001    0.2417144775E-001
 0.4949495    0.1895950317E+001    0.3658447266E-001
 0.5050505    0.1849909973E+001    0.3885650635E-001
 0.5151515    0.1838262939E+001    0.2729797363E-002
 0.5252525    0.1813076782E+001    0.2263641357E-001
 0.5353535    0.1837815857E+001    0.1051483154E-001
 0.5454545    0.1841667175E+001    0.2200775146E-001
 0.5555556    0.1865618896E+001    0.2258758545E-001
 0.5656566    0.1867662048E+001    0.2168121338E-001
 0.5757576    0.1864356995E+001    0.7696533203E-002
 0.5858586    0.1846620178E+001    0.3137969971E-001
 0.5959596    0.1824543762E+001    0.0000000000E+000
 0.6060606    0.1858604431E+001    0.1363983154E-001
 0.6161616    0.1871243286E+001    0.1399230957E-002
 0.6262626    0.1847219849E+001    0.2812347412E-001
 0.6363636    0.1860452271E+001    0.5802612305E-001
 0.6464646    0.1840551758E+001    0.4351501465E-001
 0.6565657    0.1846762085E+001    0.1831970215E-001
 0.6666667    0.1858239746E+001    0.4763793945E-001
 0.6767677    0.1843443298E+001    0.3291015625E-001
 0.6868687    0.1885955811E+001    0.1887512207E-002
 0.6969697    0.1834468079E+001    0.4851989746E-001
 0.7070707    0.1856143188E+001    0.3120574951E-001
 0.7171717    0.1845623779E+001    0.1228790283E-001
 0.7272727    0.1849546814E+001    0.3899841309E-001
 0.7373737    0.1838090515E+001    0.2678680420E-001
 0.7474747    0.1853892517E+001    0.2733917236E-001
 0.7575758    0.1843476868E+001    0.2663879395E-001
 0.7676768    0.1868385315E+001    0.3292388916E-001
 0.7777778    0.1832431030E+001    0.1280212402E-001
 0.7878788    0.1837365723E+001    0.2385711670E-001
 0.7979798    0.1825334167E+001    0.2545013428E-001
 0.8080808    0.1839361572E+001    0.1221771240E-001
 0.8181818    0.1860630798E+001    0.3932342529E-001
 0.8282828    0.1838041687E+001    0.2167358398E-001
 0.8383838    0.1850277710E+001    0.3405609131E-001
 0.8484848    0.1849301147E+001    0.4169006348E-001
 0.8585859    0.1843162537E+001    0.3415374756E-001
 0.8686869    0.1866276550E+001    0.4772338867E-001
 0.8787879    0.1829074097E+001    0.1136016846E-001
 0.8888889    0.1846665955E+001    0.2267913818E-001
 0.8989899    0.1821023560E+001    0.4682922363E-002
 0.9090909    0.1841174316E+001    0.1887054443E-001
 0.9191919    0.1859150696E+001    0.2491912842E-001
 0.9292929    0.1887425232E+001    0.6123504639E-001
 0.9393939    0.1835826111E+001    0.9693908691E-002
 0.9494949    0.1844586182E+001    0.2761993408E-001
 0.9595960    0.1839001465E+001    0.1817474365E-001
 0.9696970    0.1845079041E+001    0.1270446777E-001
 0.9797980    0.1843896484E+001    0.2064208984E-001
 0.9898990    0.1858691406E+001    0.3463592529E-001
 1.0000000    0.1846180725E+001    0.3317108154E-001


