 0.0000000   0.1488125198E+000   0.1006704467E+001   0.5542570277E+000   0.9837443389E+000
 0.0101010   0.1499255309E+000   0.1048300571E+001   0.5563855034E+000   0.1020950181E+001
 0.0202020   0.1445061369E+000   0.1007708307E+001   0.5497582650E+000   0.9856178176E+000
 0.0303030   0.1430989908E+000   0.1027538224E+001   0.5527801267E+000   0.9912109037E+000
 0.0404040   0.1355027141E+000   0.1010409697E+001   0.5475919779E+000   0.9856275855E+000
 0.0505051   0.1295149771E+000   0.1027980975E+001   0.5493189414E+000   0.9960909349E+000
 0.0606061   0.1207208018E+000   0.1023090316E+001   0.5435041201E+000   0.1001025666E+001
 0.0707071   0.1141309041E+000   0.1037635792E+001   0.5535294040E+000   0.1001877425E+001
 0.0808081   0.1050884863E+000   0.1006402499E+001   0.5534911929E+000   0.9936860837E+000
 0.0909091   0.9723469686E-001   0.1017077479E+001   0.5504925056E+000   0.9895640397E+000
 0.1010101   0.8884053652E-001   0.1025193891E+001   0.5458970761E+000   0.9891733247E+000
 0.1111111   0.8406556006E-001   0.1028760379E+001   0.5475723814E+000   0.1000509922E+001
 0.1212121   0.7888844398E-001   0.1005539441E+001   0.5491142569E+000   0.9870654169E+000
 0.1313131   0.7564065195E-001   0.1003739875E+001   0.5516504253E+000   0.9918165121E+000
 0.1414141   0.7362763479E-001   0.1011327843E+001   0.5604087903E+000   0.1002213440E+001
 0.1515152   0.7157755791E-001   0.1023110719E+001   0.5692922112E+000   0.1009947645E+001
 0.1616162   0.6997026004E-001   0.9897024394E+000   0.5665374474E+000   0.9870341597E+000
 0.1717172   0.7168305476E-001   0.1015084081E+001   0.5787732831E+000   0.9949402790E+000
 0.1818182   0.7185717061E-001   0.9986819093E+000   0.5877549485E+000   0.9977788239E+000
 0.1919192   0.7432527232E-001   0.1004041843E+001   0.5935770584E+000   0.9733200610E+000
 0.2020202   0.7538666735E-001   0.9575367174E+000   0.6051772019E+000   0.9888060525E+000
 0.2121212   0.7992453995E-001   0.1012060320E+001   0.6144639143E+000   0.9990330193E+000
 0.2222222   0.8318985500E-001   0.9806699211E+000   0.6273424844E+000   0.1000584158E+001
 0.2323232   0.8828273253E-001   0.1008004154E+001   0.6383664238E+000   0.1001650810E+001
 0.2424242   0.9369397230E-001   0.1002803366E+001   0.6469003255E+000   0.9906990670E+000
 0.2525253   0.9892519749E-001   0.9774768126E+000   0.6614507847E+000   0.9918340943E+000
 0.2626263   0.1076352665E+000   0.1015637009E+001   0.6780565793E+000   0.1002137250E+001
 0.2727273   0.1151569489E+000   0.9886883979E+000   0.6854648704E+000   0.9847152658E+000
 0.2828283   0.1227776832E+000   0.9675628739E+000   0.6991531095E+000   0.9908377708E+000
 0.2929293   0.1347419567E+000   0.9869602428E+000   0.7192783815E+000   0.9937134337E+000
 0.3030303   0.1455955029E+000   0.9940626137E+000   0.7277163466E+000   0.9961202385E+000
 0.3131313   0.1585370480E+000   0.9695011826E+000   0.7389278278E+000   0.9895933434E+000
 0.3232323   0.1740069473E+000   0.9979310697E+000   0.7656993704E+000   0.9924299347E+000
 0.3333333   0.1887005616E+000   0.9856993220E+000   0.7846818493E+000   0.1008093702E+001
 0.3434343   0.2051297665E+000   0.9924262732E+000   0.8022537748E+000   0.9974564840E+000
 0.3535354   0.2273988452E+000   0.9808719133E+000   0.8266947925E+000   0.1011953966E+001
 0.3636364   0.2485714633E+000   0.9830285367E+000   0.8355049710E+000   0.9691237812E+000
 0.3737374   0.2748555296E+000   0.9923569021E+000   0.8647207022E+000   0.1003831000E+001
 0.3838384   0.3047298475E+000   0.9841792799E+000   0.8762829792E+000   0.9893843108E+000
 0.3939394   0.3363246928E+000   0.9868623072E+000   0.9113366562E+000   0.1000691605E+001
 0.4040404   0.3729723340E+000   0.9878416631E+000   0.9187610483E+000   0.9766196497E+000
 0.4141414   0.4126576129E+000   0.9760098190E+000   0.9552012544E+000   0.9989177583E+000
 0.4242424   0.4587805039E+000   0.9748203096E+000   0.9893650044E+000   0.1016224482E+001
 0.4343434   0.5077255739E+000   0.9716843302E+000   0.9990641784E+000   0.1003498892E+001
 0.4444444   0.5677288411E+000   0.9899431978E+000   0.1031505355E+001   0.9843948795E+000
 0.4545455   0.6334587001E+000   0.1009560922E+001   0.1051629144E+001   0.9928733963E+000
 0.4646465   0.7100242957E+000   0.1001313928E+001   0.1092895589E+001   0.1008439484E+001
 0.4747475   0.7923103558E+000   0.9985962157E+000   0.1118037634E+001   0.9933168579E+000
 0.4848485   0.8860062202E+000   0.1002142300E+001   0.1149016480E+001   0.9798703990E+000
 0.4949495   0.9955490822E+000   0.9869949283E+000   0.1179599444E+001   0.1006778945E+001
 0.5050505   0.1038636738E+001   0.1002546285E+001   0.1205482342E+001   0.1010094163E+001
 0.5151515   0.1050062293E+001   0.1019580957E+001   0.1189026534E+001   0.9951766616E+000
 0.5252525   0.1044709242E+001   0.9868684281E+000   0.1202314110E+001   0.1018811016E+001
 0.5353535   0.1049625196E+001   0.1003784762E+001   0.1189839877E+001   0.9823573004E+000
 0.5454545   0.1058475933E+001   0.9820369388E+000   0.1192825786E+001   0.9807690437E+000
 0.5555556   0.1060158578E+001   0.9958091318E+000   0.1205276894E+001   0.9928440927E+000
 0.5656566   0.1073370229E+001   0.1001099694E+001   0.1208305098E+001   0.9952899690E+000
 0.5757576   0.1070244217E+001   0.9933342177E+000   0.1193248082E+001   0.9993944307E+000
 0.5858586   0.1089293685E+001   0.1002183107E+001   0.1192664345E+001   0.1006704710E+001
 0.5959596   0.1098267150E+001   0.1001632219E+001   0.1203801129E+001   0.1009426040E+001
 0.6060606   0.1121607386E+001   0.1006122974E+001   0.1199764171E+001   0.9817243420E+000
 0.6161616   0.1145284849E+001   0.1022035468E+001   0.1215997484E+001   0.1012176674E+001
 0.6262626   0.1151526539E+001   0.1016681656E+001   0.1209716581E+001   0.1001742628E+001
 0.6363636   0.1173604342E+001   0.1019723780E+001   0.1213002594E+001   0.1012264585E+001
 0.6464646   0.1175788685E+001   0.1006212749E+001   0.1223368684E+001   0.1004653455E+001
 0.6565657   0.1195763060E+001   0.9907470858E+000   0.1224320762E+001   0.1026922260E+001
 0.6666667   0.1239237393E+001   0.1013680338E+001   0.1221478419E+001   0.1001476942E+001
 0.6767677   0.1227252439E+001   0.1004129577E+001   0.1225520971E+001   0.9834298133E+000
 0.6868687   0.1267517394E+001   0.1008501993E+001   0.1236624814E+001   0.1015970517E+001
 0.6969697   0.1309382287E+001   0.1004145899E+001   0.1237275065E+001   0.1000986595E+001
 0.7070707   0.1322225062E+001   0.9892127614E+000   0.1237906260E+001   0.9966281681E+000
 0.7171717   0.1359835501E+001   0.1015971623E+001   0.1239792482E+001   0.1014247464E+001
 0.7272727   0.1381580698E+001   0.9992715632E+000   0.1242170831E+001   0.1012297796E+001
 0.7373737   0.1416767279E+001   0.9888087771E+000   0.1233711864E+001   0.9992635412E+000
 0.7474747   0.1465736602E+001   0.1011287037E+001   0.1253491041E+001   0.1016994191E+001
 0.7575758   0.1485977621E+001   0.9916713530E+000   0.1251246901E+001   0.1006310087E+001
 0.7676768   0.1534698782E+001   0.9929261528E+000   0.1258886057E+001   0.1003770439E+001
 0.7777778   0.1593667083E+001   0.1008112291E+001   0.1274238964E+001   0.1020700123E+001
 0.7878788   0.1634415984E+001   0.1003635818E+001   0.1269136299E+001   0.1002600248E+001
 0.7979798   0.1669538088E+001   0.9970720930E+000   0.1262871417E+001   0.9949617683E+000
 0.8080808   0.1724763897E+001   0.9912673686E+000   0.1278808925E+001   0.9959717668E+000
 0.8181818   0.1760230265E+001   0.9869561621E+000   0.1271214590E+001   0.9949168361E+000
 0.8282828   0.1841821623E+001   0.9901247867E+000   0.1291827969E+001   0.9971810299E+000
 0.8383838   0.1919239486E+001   0.9994062246E+000   0.1300954249E+001   0.1014442821E+001
 0.8484848   0.1976002065E+001   0.9855279347E+000   0.1314340512E+001   0.1016208853E+001
 0.8585859   0.2052566589E+001   0.1001493477E+001   0.1298755196E+001   0.1003164831E+001
 0.8686869   0.2150751003E+001   0.1013870088E+001   0.1332640093E+001   0.1022602905E+001
 0.8787879   0.2207509514E+001   0.9969394718E+000   0.1324982934E+001   0.1022638070E+001
 0.8888889   0.2284376483E+001   0.1009893495E+001   0.1329596795E+001   0.1022305962E+001
 0.8989899   0.2415074841E+001   0.1013888451E+001   0.1345601128E+001   0.1007359157E+001
 0.9090909   0.2481966624E+001   0.9982534411E+000   0.1342191557E+001   0.1008054630E+001
 0.9191919   0.2570719857E+001   0.9881660748E+000   0.1346355309E+001   0.9978667348E+000
 0.9292929   0.2725374363E+001   0.9983370944E+000   0.1366274615E+001   0.1007902251E+001
 0.9393939   0.2814020504E+001   0.1001903582E+001   0.1367795544E+001   0.1012913172E+001
 0.9494949   0.2954536629E+001   0.9876131467E+000   0.1381215054E+001   0.9976362129E+000
 0.9595960   0.3111650691E+001   0.9987002722E+000   0.1393330090E+001   0.1003883747E+001
 0.9696970   0.3221814463E+001   0.9908389004E+000   0.1394038833E+001   0.1000345822E+001
 0.9797980   0.3411998580E+001   0.9937402424E+000   0.1419360660E+001   0.1015454773E+001
 0.9898990   0.3583841162E+001   0.1011797118E+001   0.1415415544E+001   0.1018494537E+001
 1.0000000   0.3637700582E+001   0.9811983652E+000   0.1415759125E+001   0.9938482304E+000


 0.0000000   0.9990529006E+000   0.9866605641E+000   0.8230331041E+000   0.1000755327E+001
 0.0101010   0.9861567214E+000   0.9814850539E+000   0.8167904484E+000   0.1005041982E+001
 0.0202020   0.9823470981E+000   0.9904310319E+000   0.8213719481E+000   0.9909965132E+000
 0.0303030   0.9632768335E+000   0.9551303570E+000   0.8168393869E+000   0.9761679059E+000
 0.0404040   0.9285998359E+000   0.9641291256E+000   0.8092645313E+000   0.9817774572E+000
 0.0505051   0.9027188061E+000   0.9998561862E+000   0.8138416945E+000   0.1010149068E+001
 0.0606061   0.8507018760E+000   0.9697858425E+000   0.8073061596E+000   0.9968337440E+000
 0.0707071   0.8014134523E+000   0.9942177430E+000   0.7987249265E+000   0.1002353009E+001
 0.0808081   0.7568046308E+000   0.9900127678E+000   0.8003328172E+000   0.1000023219E+001
 0.0909091   0.7046944442E+000   0.9742121321E+000   0.8014901862E+000   0.9831847519E+000
 0.1010101   0.6488614647E+000   0.9783135564E+000   0.7913754169E+000   0.9971065668E+000
 0.1111111   0.5986889960E+000   0.9868981218E+000   0.7855926054E+000   0.9869022082E+000
 0.1212121   0.5613064966E+000   0.1005232707E+001   0.7884872812E+000   0.1008782991E+001
 0.1313131   0.5270353896E+000   0.1004710892E+001   0.7831309807E+000   0.9771551712E+000
 0.1414141   0.4868367667E+000   0.1014489337E+001   0.7759756862E+000   0.9855400568E+000
 0.1515152   0.4561333991E+000   0.9726527787E+000   0.7841644700E+000   0.9967552338E+000
 0.1616162   0.4319618827E+000   0.9827195420E+000   0.7800346390E+000   0.9950751163E+000
 0.1717172   0.4195520295E+000   0.9961689651E+000   0.7798093613E+000   0.9874439283E+000
 0.1818182   0.3982369864E+000   0.9696782309E+000   0.7871484152E+000   0.9894694905E+000
 0.1919192   0.3936715644E+000   0.9536380070E+000   0.7935757678E+000   0.9958288138E+000
 0.2020202   0.3912557430E+000   0.9612317333E+000   0.7946125671E+000   0.9934970620E+000
 0.2121212   0.3922164633E+000   0.9753775864E+000   0.8058925676E+000   0.9966139155E+000
 0.2222222   0.3917369347E+000   0.9588622470E+000   0.8078028360E+000   0.9808883296E+000
 0.2323232   0.4004356754E+000   0.9827256332E+000   0.8090119529E+000   0.9936678216E+000
 0.2424242   0.4062251350E+000   0.9882402216E+000   0.8197950122E+000   0.1001889799E+001
 0.2525253   0.4144730367E+000   0.9991678779E+000   0.8316636941E+000   0.1005163672E+001
 0.2626263   0.4264436478E+000   0.9952248254E+000   0.8394683393E+000   0.9847726199E+000
 0.2727273   0.4390794161E+000   0.9942421078E+000   0.8387554905E+000   0.9903409534E+000
 0.2828283   0.4498422834E+000   0.9849265956E+000   0.8464159539E+000   0.9952223228E+000
 0.2929293   0.4627803409E+000   0.1007760565E+001   0.8476214180E+000   0.9737085750E+000
 0.3030303   0.4865771178E+000   0.1010396035E+001   0.8714877881E+000   0.9903468416E+000
 0.3131313   0.5031662709E+000   0.9743684735E+000   0.8795520988E+000   0.9982017836E+000
 0.3232323   0.5270063837E+000   0.1004091617E+001   0.8863736733E+000   0.9980467260E+000
 0.3333333   0.5426210573E+000   0.1008911806E+001   0.8997208742E+000   0.1011018568E+001
 0.3434343   0.5671990103E+000   0.9954136533E+000   0.9091058725E+000   0.9948729526E+000
 0.3535354   0.6053099223E+000   0.1025762163E+001   0.9269809362E+000   0.9828275306E+000
 0.3636364   0.6315707775E+000   0.1029686942E+001   0.9329253893E+000   0.1010663309E+001
 0.3737374   0.6673688916E+000   0.1008115886E+001   0.9600178214E+000   0.1018622277E+001
 0.3838384   0.6891910416E+000   0.9893589764E+000   0.9581601704E+000   0.1000706258E+001
 0.3939394   0.7344862587E+000   0.1018263866E+001   0.9727819822E+000   0.1011173625E+001
 0.4040404   0.7814103025E+000   0.1003407370E+001   0.9816709233E+000   0.9850905861E+000
 0.4141414   0.8180960017E+000   0.1028870718E+001   0.9924896701E+000   0.1003556177E+001
 0.4242424   0.8484527253E+000   0.9818748922E+000   0.1006448935E+001   0.9852279789E+000
 0.4343434   0.8973509564E+000   0.1017132929E+001   0.1022634904E+001   0.9900818698E+000
 0.4444444   0.9603624422E+000   0.1005854012E+001   0.1039139137E+001   0.1009648566E+001
 0.4545455   0.1007254247E+001   0.9858869786E+000   0.1047545144E+001   0.1000180240E+001
 0.4646465   0.1061007161E+001   0.1009510777E+001   0.1064955137E+001   0.1007089134E+001
 0.4747475   0.1133954995E+001   0.9996450238E+000   0.1084260873E+001   0.1013505377E+001
 0.4848485   0.1220228531E+001   0.1024141897E+001   0.1095410786E+001   0.1007805539E+001
 0.4949495   0.1272748719E+001   0.9885955430E+000   0.1120504958E+001   0.1014630035E+001
 0.5050505   0.1319589716E+001   0.9696193490E+000   0.1123304497E+001   0.9707722949E+000
 0.5151515   0.1303134131E+001   0.9861143843E+000   0.1117766355E+001   0.9977758659E+000
 0.5252525   0.1317323912E+001   0.9985953028E+000   0.1123420287E+001   0.1009057777E+001
 0.5353535   0.1322578277E+001   0.1002371862E+001   0.1127306130E+001   0.1015377845E+001
 0.5454545   0.1330786307E+001   0.1039483661E+001   0.1124469828E+001   0.1009679970E+001
 0.5555556   0.1316780245E+001   0.9889021346E+000   0.1128805345E+001   0.1022019805E+001
 0.5656566   0.1318199274E+001   0.9823987375E+000   0.1136359926E+001   0.1019532995E+001
 0.5757576   0.1319415605E+001   0.1004526125E+001   0.1117932469E+001   0.9735378154E+000
 0.5858586   0.1314601446E+001   0.9993364017E+000   0.1124342866E+001   0.1009679970E+001
 0.5959596   0.1335870671E+001   0.1018899384E+001   0.1114893280E+001   0.9983352508E+000
 0.6060606   0.1321446278E+001   0.1011567580E+001   0.1136326243E+001   0.1014665365E+001
 0.6161616   0.1313418604E+001   0.9856433296E+000   0.1119613533E+001   0.1020828413E+001
 0.6262626   0.1329465441E+001   0.1032348807E+001   0.1119293113E+001   0.9981056086E+000
 0.6363636   0.1317179764E+001   0.9854463800E+000   0.1111905856E+001   0.9913517717E+000
 0.6464646   0.1331537300E+001   0.1011159468E+001   0.1120625703E+001   0.1010366934E+001
 0.6565657   0.1317820400E+001   0.1010631562E+001   0.1118589984E+001   0.1018200285E+001
 0.6666667   0.1304877849E+001   0.9890564456E+000   0.1116849346E+001   0.1004985062E+001
 0.6767677   0.1314289688E+001   0.9983191673E+000   0.1127838689E+001   0.1000508020E+001
 0.6868687   0.1331923594E+001   0.1001687614E+001   0.1117041444E+001   0.1007493462E+001
 0.6969697   0.1322804282E+001   0.1006901702E+001   0.1120287780E+001   0.9969201051E+000
 0.7070707   0.1337157597E+001   0.1012166550E+001   0.1121953103E+001   0.9961134132E+000
 0.7171717   0.1325344433E+001   0.1026255552E+001   0.1134064523E+001   0.1028012093E+001
 0.7272727   0.1315747219E+001   0.1003318032E+001   0.1122366394E+001   0.1004847669E+001
 0.7373737   0.1304931760E+001   0.9896513552E+000   0.1113257211E+001   0.9862505738E+000
 0.7474747   0.1325864421E+001   0.1015104551E+001   0.1125758859E+001   0.1000971230E+001
 0.7575758   0.1329156069E+001   0.1028996603E+001   0.1130690441E+001   0.1015293446E+001
 0.7676768   0.1332185510E+001   0.1010607197E+001   0.1131702435E+001   0.1001777922E+001
 0.7777778   0.1319033950E+001   0.1016066964E+001   0.1117773977E+001   0.9994618717E+000
 0.7878788   0.1302122513E+001   0.1006615415E+001   0.1111952839E+001   0.9943645993E+000
 0.7979798   0.1322907720E+001   0.1021008978E+001   0.1125946202E+001   0.9947453736E+000
 0.8080808   0.1319502470E+001   0.1004170803E+001   0.1115506197E+001   0.9960349030E+000
 0.8181818   0.1329801022E+001   0.1025790589E+001   0.1125159466E+001   0.1007369808E+001
 0.8282828   0.1321145262E+001   0.9985668771E+000   0.1114410635E+001   0.9905921859E+000
 0.8383838   0.1325513913E+001   0.1017281148E+001   0.1132667673E+001   0.1008839911E+001
 0.8484848   0.1315398496E+001   0.9969242769E+000   0.1113220699E+001   0.9755810424E+000
 0.8585859   0.1322216070E+001   0.1013510681E+001   0.1126634616E+001   0.1004333427E+001
 0.8686869   0.1329192622E+001   0.1017837480E+001   0.1125257797E+001   0.1012906737E+001
 0.8787879   0.1313421416E+001   0.9986298197E+000   0.1120077079E+001   0.9906373292E+000
 0.8888889   0.1332238354E+001   0.1018604974E+001   0.1133781701E+001   0.1028681392E+001
 0.8989899   0.1329123042E+001   0.1008473238E+001   0.1129998104E+001   0.9998328322E+000
 0.9090909   0.1331007132E+001   0.1007764626E+001   0.1115596086E+001   0.9913282187E+000
 0.9191919   0.1325995356E+001   0.1018702434E+001   0.1131651803E+001   0.1013703616E+001
 0.9292929   0.1319834471E+001   0.1013461951E+001   0.1115957873E+001   0.9975167824E+000
 0.9393939   0.1328100649E+001   0.1017859815E+001   0.1126484928E+001   0.1012378757E+001
 0.9494949   0.1313768862E+001   0.9986074852E+000   0.1115144563E+001   0.9911613846E+000
 0.9595960   0.1320503711E+001   0.1000304906E+001   0.1117430635E+001   0.9963626830E+000
 0.9696970   0.1327750237E+001   0.1026225096E+001   0.1130317924E+001   0.1018039339E+001
 0.9797980   0.1322273153E+001   0.1041443005E+001   0.1136238778E+001   0.1041496214E+001
 0.9898990   0.1314493240E+001   0.9945568211E+000   0.1120199488E+001   0.9918149817E+000
 1.0000000   0.1313323481E+001   0.1001011488E+001   0.1120328566E+001   0.1003952653E+001


