Compiled using GNU Fortran (Ubuntu 9.4.0-1ubuntu1~20.04.2) 9.4.0 with all optimizations
Last Brick update unknown
Compiled at 18:43:37 on Sep  2 2023
Starting at 16:56:21 on Sep 11 2023

Settings
OK                      

Forcefield
OK                      

Topology
OK                      

Configuration
OK                      Read from ./INPUT/restart.in

 F
Monte Carlo Simulation initialized.

#########################################################################################################################
###########################################   ENERGY STARTING CONFIGURATION   ###########################################
#########################################################################################################################
                                               Box 1               Box 2
-------------------------------------------------------------------------------------------------------------------------
Lennard Jones        
 Intermolecular                         -0.4785948839E+006  -0.6376877030E+005
 Tailcorrection                         -0.1184858278E+005  -0.1445970445E+004
Total Intermolecular                    -0.4904434667E+006  -0.6521474075E+005

Electrostatic        
 Real                                   -0.1391887897E+006  -0.9561690639E+004
 Exclusion                               0.8330120773E+007   0.3054885698E+007
 Selfterm                               -0.8356876284E+007  -0.3057966376E+007
 Fourier                                 0.1292337885E+005   0.3033552015E+004
Total Intermolecular                    -0.1530209226E+006  -0.9608816993E+004

Intramolecular       
 Lennard Jones                           0.0000000000E+000   0.0000000000E+000
 Electrostatic                           0.0000000000E+000   0.0000000000E+000
 Bending                                 0.0000000000E+000   0.0000000000E+000
 Torsion                                 0.0000000000E+000   0.0000000000E+000

Total                                   -0.6434643893E+006  -0.7482355774E+005

#########################################################################################################################

Simulation is running...



#########################################################################################################################
###############################################   RELATIVE ENERGY DRIFTS   ##############################################
#########################################################################################################################
                                               Box 1               Box 2                                                 
-------------------------------------------------------------------------------------------------------------------------

Lennard Jones        
 Intermolecular                          0.2700245422E-013   0.2387295952E-015
 Tailcorrection                          0.0000000000E+000   0.0000000000E+000

Electrostatic        
 Real                                    0.1016882264E-013   0.4121456960E-014
 Exclusion                               0.0000000000E+000   0.0000000000E+000
 Selfterm                                0.0000000000E+000   0.0000000000E+000
 Fourier                                 0.1383708051E-015   0.1737199624E-015

Intramolecular       
 Lennard Jones                           0.0000000000E+000   0.0000000000E+000
 Electrostatic                           0.0000000000E+000   0.0000000000E+000
 Bending                                 0.0000000000E+000   0.0000000000E+000
 Torsion                                 0.0000000000E+000   0.0000000000E+000

Total                                    0.1821074151E-013   0.4782408111E-014

#########################################################################################################################
############################################   TRIAL MOVE ACCEPTANCE RATES   ############################################
#########################################################################################################################
                                               Box 1               Box 2
-------------------------------------------------------------------------------------------------------------------------
Translation
 CO2                                          0.50293             0.50341
 AR                                           0.52644             0.56470
-------------------------------------------------------------------------------------------------------------------------
Rotation
 CO2                                          0.51161             0.70904
 AR                                           0.00000             0.00000
-------------------------------------------------------------------------------------------------------------------------
Lambda Move
 cd                                           0.75508             0.93633
 Ar                                           0.83670             0.96404
-------------------------------------------------------------------------------------------------------------------------
GE Swap Fractional
 cd                                           0.34445             0.37842
 Ar                                           0.40472             0.48594
-------------------------------------------------------------------------------------------------------------------------
GE Identity Change
 cd                                           0.72147             0.80405
 Ar                                           0.74798             0.94670
-------------------------------------------------------------------------------------------------------------------------
Volume                                        0.52852             0.50578

#########################################################################################################################
######################################################   AVERAGES   #####################################################
#########################################################################################################################
                                                       Boltzmann                                    Biased
                                               Box 1               Box 2                  Box 1               Box 2      
-------------------------------------------------------------------------------------------------------------------------
Density
 CO2                                     0.8836740777E+003   0.6703915131E+002      0.8793231307E+003   0.6633031811E+002
 AR                                      0.9709537891E+002   0.9440972931E+002      0.9868181829E+002   0.9484049204E+002
 Total                                   0.9807694566E+003   0.1614488806E+003      0.9780049490E+003   0.1611708101E+003

Number of molecules
 CO2                                     0.5122921776E+003   0.1677078224E+003      0.5158892100E+003   0.1641107900E+003
 AR                                      0.6321303241E+002   0.2567869676E+003      0.6502865000E+002   0.2549713500E+003
 Total                                   0.5755052100E+003   0.4244947900E+003      0.5809178600E+003   0.4190821400E+003

Mole fractions
 CO2                                          0.89016             0.39508                 0.88806             0.39160
 AR                                           0.10984             0.60492                 0.11194             0.60840

Volume                                   0.4254357543E+005   0.1816764622E+006      0.4305869310E+005   0.1796065685E+006

#########################################################################################################################
#######################################   PROPERTIES FROM THE CFC GIBBS ENSEMBLE   ######################################
#########################################################################################################################
                                                       Boltzmann                                    Biased
                                               Box 1               Box 2                  Box 1               Box 2      
Chemical Potentials (as an indication)
=========================================================================================================================

Total cd                                -0.1949816061E+004  -0.1946484266E+004     -0.1951064834E+004  -0.1949173584E+004
 Ideal gas                              -0.1117052210E+004  -0.1769491522E+004     -0.1118300984E+004  -0.1772180840E+004
 Excess                                 -0.8327638506E+003  -0.1769927441E+003     -0.8327638506E+003  -0.1769927441E+003

-------------------------------------------------------------------------------------------------------------------------

Total Ar                                -0.1728096343E+004  -0.1724386793E+004     -0.1723995989E+004  -0.1723235057E+004
 Ideal gas                              -0.1651275941E+004  -0.1658372503E+004     -0.1647175587E+004  -0.1657220767E+004
 Excess                                 -0.7682040190E+002  -0.6601429050E+002     -0.7682040190E+002  -0.6601429050E+002

-------------------------------------------------------------------------------------------------------------------------

#########################################################################################################################
#########################################   PROPERTIES FROM UMBRELLA SAMPLING   #########################################
#########################################################################################################################

Excess Partial Molar Enthalpy
=========================================================================================================================


Partial Molar Volume
=========================================================================================================================


#########################################################################################################################
##################################################   AVERAGE ENERGIES   #################################################
#########################################################################################################################
                                                       Boltzmann                                    Biased
                                               Box 1               Box 2                  Box 1               Box 2      
-------------------------------------------------------------------------------------------------------------------------
Lennard Jones        
 Intermolecular                         -0.5488517990E+006  -0.5213937842E+005     -0.5517825611E+006  -0.5109379931E+005
 Tailcorrection                         -0.1348840526E+005  -0.1197020024E+004     -0.1356380503E+005  -0.1175108009E+004
Total Intermolecular                    -0.5623402043E+006  -0.5333639845E+005     -0.5653463661E+006  -0.5226890732E+005

Electrostatic        
 Real                                   -0.1525057428E+006  -0.6069954821E+004     -0.1527673940E+006  -0.5891533031E+004
 Exclusion                               0.9383067193E+007   0.2277712586E+007      0.9446533158E+007   0.2228590509E+007
 Selfterm                               -0.9413205134E+007  -0.2280009499E+007     -0.9476874725E+007  -0.2230837868E+007
 Fourier                                 0.1502616821E+005   0.2190807645E+004      0.1519273332E+005   0.2145927785E+004
Total Intermolecular                    -0.1676175152E+006  -0.6176060470E+004     -0.1679162275E+006  -0.5992963604E+004

Intramolecular       
 Lennard Jones                           0.0000000000E+000   0.0000000000E+000      0.0000000000E+000   0.0000000000E+000
 Electrostatic                           0.0000000000E+000   0.0000000000E+000      0.0000000000E+000   0.0000000000E+000
 Bending                                 0.0000000000E+000   0.0000000000E+000      0.0000000000E+000   0.0000000000E+000
 Torsion                                 0.0000000000E+000   0.0000000000E+000      0.0000000000E+000   0.0000000000E+000

Total                                   -0.7299577194E+006  -0.5951245892E+005     -0.7332625936E+006  -0.5826187092E+005

#########################################################################################################################

No errors found in bookkeeping.

Total simulation time:  17 hours and  21 minutes

Simulation finished.

