Compiled using GNU Fortran (Ubuntu 9.4.0-1ubuntu1~20.04.2) 9.4.0 with all optimizations
Last Brick update unknown
Compiled at 18:43:37 on Sep  2 2023
Starting at 16:56:21 on Sep 11 2023

Settings
OK                      

Forcefield
OK                      

Topology
OK                      

Configuration
OK                      Read from ./INPUT/restart.in

 F
Monte Carlo Simulation initialized.

#########################################################################################################################
###########################################   ENERGY STARTING CONFIGURATION   ###########################################
#########################################################################################################################
                                               Box 1               Box 2
-------------------------------------------------------------------------------------------------------------------------
Lennard Jones        
 Intermolecular                         -0.4798634952E+006  -0.6732361784E+005
 Tailcorrection                         -0.1203449897E+005  -0.1681165655E+004
Total Intermolecular                    -0.4918979942E+006  -0.6900478350E+005

Electrostatic        
 Real                                   -0.1249751031E+006  -0.7888260908E+004
 Exclusion                               0.8220273026E+007   0.2194042745E+007
 Selfterm                               -0.8246675718E+007  -0.2196255828E+007
 Fourier                                 0.1454251500E+005   0.2077846726E+004
Total Intermolecular                    -0.1368352799E+006  -0.8023496827E+004

Intramolecular       
 Lennard Jones                           0.0000000000E+000   0.0000000000E+000
 Electrostatic                           0.0000000000E+000   0.0000000000E+000
 Bending                                 0.0000000000E+000   0.0000000000E+000
 Torsion                                 0.0000000000E+000   0.0000000000E+000

Total                                   -0.6287332740E+006  -0.7702828032E+005

#########################################################################################################################

Simulation is running...



#########################################################################################################################
###############################################   RELATIVE ENERGY DRIFTS   ##############################################
#########################################################################################################################
                                               Box 1               Box 2                                                 
-------------------------------------------------------------------------------------------------------------------------

Lennard Jones        
 Intermolecular                          0.3748167227E-014   0.1331664614E-014
 Tailcorrection                          0.0000000000E+000   0.0000000000E+000

Electrostatic        
 Real                                    0.1453539670E-013   0.1317692358E-014
 Exclusion                               0.2543491163E-015   0.0000000000E+000
 Selfterm                                0.0000000000E+000   0.0000000000E+000
 Fourier                                 0.1697370232E-015   0.1722232292E-015

Intramolecular       
 Lennard Jones                           0.0000000000E+000   0.0000000000E+000
 Electrostatic                           0.0000000000E+000   0.0000000000E+000
 Bending                                 0.0000000000E+000   0.0000000000E+000
 Torsion                                 0.0000000000E+000   0.0000000000E+000

Total                                    0.8631588280E-014   0.5261785092E-015

#########################################################################################################################
############################################   TRIAL MOVE ACCEPTANCE RATES   ############################################
#########################################################################################################################
                                               Box 1               Box 2
-------------------------------------------------------------------------------------------------------------------------
Translation
 CO2                                          0.49191             0.51288
 AR                                           0.47187             0.50775
-------------------------------------------------------------------------------------------------------------------------
Rotation
 CO2                                          0.49464             0.64105
 AR                                           0.00000             0.00000
-------------------------------------------------------------------------------------------------------------------------
Lambda Move
 cd                                           0.75845             0.92062
 Ar                                           0.83638             0.95194
-------------------------------------------------------------------------------------------------------------------------
GE Swap Fractional
 cd                                           0.37563             0.36537
 Ar                                           0.47208             0.45222
-------------------------------------------------------------------------------------------------------------------------
GE Identity Change
 cd                                           0.79825             0.77153
 Ar                                           0.92029             0.89821
-------------------------------------------------------------------------------------------------------------------------
Volume                                        0.50511             0.49614

#########################################################################################################################
######################################################   AVERAGES   #####################################################
#########################################################################################################################
                                                       Boltzmann                                    Biased
                                               Box 1               Box 2                  Box 1               Box 2      
-------------------------------------------------------------------------------------------------------------------------
Density
 CO2                                     0.8331308184E+003   0.9007744021E+002      0.8308311226E+003   0.8986079142E+002
 AR                                      0.1330652769E+003   0.1369649874E+003      0.1337801693E+003   0.1371452194E+003
 Total                                   0.9661960954E+003   0.2270424276E+003      0.9646112919E+003   0.2270060108E+003

Number of molecules
 CO2                                     0.4211741678E+003   0.1888258322E+003      0.4223648700E+003   0.1876351300E+003
 AR                                      0.7474570173E+002   0.3152542983E+003      0.7554312000E+002   0.3144568800E+003
 Total                                   0.4959198696E+003   0.5040801304E+003      0.4979079900E+003   0.5020920100E+003

Mole fractions
 CO2                                          0.84928             0.37459                 0.84828             0.37371
 AR                                           0.15072             0.62541                 0.15172             0.62629

Volume                                   0.3703703097E+005   0.1533094792E+006      0.3724245778E+005   0.1527207165E+006

#########################################################################################################################
#######################################   PROPERTIES FROM THE CFC GIBBS ENSEMBLE   ######################################
#########################################################################################################################
                                                       Boltzmann                                    Biased
                                               Box 1               Box 2                  Box 1               Box 2      
Chemical Potentials (as an indication)
=========================================================================================================================

Total cd                                -0.1936979280E+004  -0.1938002754E+004     -0.1937678603E+004  -0.1938611987E+004
 Ideal gas                              -0.1131953311E+004  -0.1694757105E+004     -0.1132652634E+004  -0.1695366339E+004
 Excess                                 -0.8050259694E+003  -0.2432456487E+003     -0.8050259694E+003  -0.2432456487E+003

-------------------------------------------------------------------------------------------------------------------------

Total Ar                                -0.1647467751E+004  -0.1646525936E+004     -0.1646112148E+004  -0.1646193233E+004
 Ideal gas                              -0.1571543996E+004  -0.1564235961E+004     -0.1570188393E+004  -0.1563903257E+004
 Excess                                 -0.7592375498E+002  -0.8228997526E+002     -0.7592375498E+002  -0.8228997526E+002

-------------------------------------------------------------------------------------------------------------------------

#########################################################################################################################
#########################################   PROPERTIES FROM UMBRELLA SAMPLING   #########################################
#########################################################################################################################

Excess Partial Molar Enthalpy
=========================================================================================================================


Partial Molar Volume
=========================================================================================================================


#########################################################################################################################
##################################################   AVERAGE ENERGIES   #################################################
#########################################################################################################################
                                                       Boltzmann                                    Biased
                                               Box 1               Box 2                  Box 1               Box 2      
-------------------------------------------------------------------------------------------------------------------------
Lennard Jones        
 Intermolecular                         -0.4530944478E+006  -0.8343335873E+005     -0.4539246837E+006  -0.8286819429E+005
 Tailcorrection                         -0.1119033367E+005  -0.1965510794E+004     -0.1121342951E+005  -0.1953671226E+004
Total Intermolecular                    -0.4642847814E+006  -0.8539886952E+005     -0.4651381132E+006  -0.8482186552E+005

Electrostatic        
 Real                                   -0.1192038342E+006  -0.9014800967E+004     -0.1192061994E+006  -0.8916346428E+004
 Exclusion                               0.7714435206E+007   0.2564607540E+007      0.7734222649E+007   0.2547991043E+007
 Selfterm                               -0.7739213618E+007  -0.2567193771E+007     -0.7759064433E+007  -0.2550560487E+007
 Fourier                                 0.1294411690E+005   0.2494734894E+004      0.1300486793E+005   0.2479695800E+004
Total Intermolecular                    -0.1310381294E+006  -0.9106297135E+004     -0.1310431149E+006  -0.9006094488E+004

Intramolecular       
 Lennard Jones                           0.0000000000E+000   0.0000000000E+000      0.0000000000E+000   0.0000000000E+000
 Electrostatic                           0.0000000000E+000   0.0000000000E+000      0.0000000000E+000   0.0000000000E+000
 Bending                                 0.0000000000E+000   0.0000000000E+000      0.0000000000E+000   0.0000000000E+000
 Torsion                                 0.0000000000E+000   0.0000000000E+000      0.0000000000E+000   0.0000000000E+000

Total                                   -0.5953229108E+006  -0.9450516666E+005     -0.5961812281E+006  -0.9382796001E+005

#########################################################################################################################

No errors found in bookkeeping.

Total simulation time:  15 hours and  29 minutes

Simulation finished.

