Compiled using GNU Fortran (Ubuntu 9.4.0-1ubuntu1~20.04.2) 9.4.0 with all optimizations
Last Brick update unknown
Compiled at 18:43:37 on Sep  2 2023
Starting at 16:56:19 on Sep 11 2023

Settings
OK                      

Forcefield
OK                      

Topology
OK                      

Configuration
OK                      Read from ./INPUT/restart.in

 F
Monte Carlo Simulation initialized.

#########################################################################################################################
###########################################   ENERGY STARTING CONFIGURATION   ###########################################
#########################################################################################################################
                                               Box 1               Box 2
-------------------------------------------------------------------------------------------------------------------------
Lennard Jones        
 Intermolecular                         -0.4905170632E+006  -0.4497285647E+005
 Tailcorrection                         -0.1168442180E+005  -0.9698515115E+003
Total Intermolecular                    -0.5022014850E+006  -0.4594270798E+005

Electrostatic        
 Real                                   -0.1495982709E+006  -0.1145326468E+005
 Exclusion                               0.8403352604E+007   0.4560531363E+007
 Selfterm                               -0.8430343329E+007  -0.4565130119E+007
 Fourier                                 0.1200214139E+005   0.3768412209E+004
Total Intermolecular                    -0.1645868545E+006  -0.1228360869E+005

Intramolecular       
 Lennard Jones                           0.0000000000E+000   0.0000000000E+000
 Electrostatic                           0.0000000000E+000   0.0000000000E+000
 Bending                                 0.0000000000E+000   0.0000000000E+000
 Torsion                                 0.0000000000E+000   0.0000000000E+000

Total                                   -0.6667883395E+006  -0.5822631667E+005

#########################################################################################################################

Simulation is running...



#########################################################################################################################
###############################################   RELATIVE ENERGY DRIFTS   ##############################################
#########################################################################################################################
                                               Box 1               Box 2                                                 
-------------------------------------------------------------------------------------------------------------------------

Lennard Jones        
 Intermolecular                          0.5935914028E-015   0.1337328648E-014
 Tailcorrection                          0.0000000000E+000   0.0000000000E+000

Electrostatic        
 Real                                    0.6098147784E-014   0.3034774158E-014
 Exclusion                               0.0000000000E+000   0.0000000000E+000
 Selfterm                                0.0000000000E+000   0.0000000000E+000
 Fourier                                 0.6051551751E-015   0.0000000000E+000

Intramolecular       
 Lennard Jones                           0.0000000000E+000   0.0000000000E+000
 Electrostatic                           0.0000000000E+000   0.0000000000E+000
 Bending                                 0.0000000000E+000   0.0000000000E+000
 Torsion                                 0.0000000000E+000   0.0000000000E+000

Total                                    0.0000000000E+000   0.0000000000E+000

#########################################################################################################################
############################################   TRIAL MOVE ACCEPTANCE RATES   ############################################
#########################################################################################################################
                                               Box 1               Box 2
-------------------------------------------------------------------------------------------------------------------------
Translation
 CO2                                          0.50962             0.50803
 AR                                           0.49373             0.68836
-------------------------------------------------------------------------------------------------------------------------
Rotation
 CO2                                          0.50225             0.76996
 AR                                           0.00000             0.00000
-------------------------------------------------------------------------------------------------------------------------
Lambda Move
 cd                                           0.73746             0.95198
 Ar                                           0.82032             0.97211
-------------------------------------------------------------------------------------------------------------------------
GE Swap Fractional
 cd                                           0.38894             0.33678
 Ar                                           0.49166             0.42418
-------------------------------------------------------------------------------------------------------------------------
GE Identity Change
 cd                                           0.85626             0.70612
 Ar                                           0.93401             0.79951
-------------------------------------------------------------------------------------------------------------------------
Volume                                        0.51856             0.49882

#########################################################################################################################
######################################################   AVERAGES   #####################################################
#########################################################################################################################
                                                       Boltzmann                                    Biased
                                               Box 1               Box 2                  Box 1               Box 2      
-------------------------------------------------------------------------------------------------------------------------
Density
 CO2                                     0.9958732205E+003   0.5837335259E+002      0.9944344761E+003   0.5838271391E+002
 AR                                      0.2561823321E+002   0.2734434384E+002      0.2569196363E+002   0.2742684774E+002
 Total                                   0.1021491454E+004   0.8571769643E+002      0.1020126440E+004   0.8580956164E+002

Number of molecules
 CO2                                     0.4201651292E+003   0.3748348708E+003      0.4213883700E+003   0.3736116300E+003
 AR                                      0.1195531364E+002   0.1930446864E+003      0.1204040000E+002   0.1929596000E+003
 Total                                   0.4321204428E+003   0.5678795572E+003      0.4334287700E+003   0.5665712300E+003

Mole fractions
 CO2                                          0.97233             0.66006                 0.97222             0.65943
 AR                                           0.02767             0.33994                 0.02778             0.34057

Volume                                   0.3084567484E+005   0.4702305611E+006      0.3098026574E+005   0.4686045258E+006

#########################################################################################################################
#######################################   PROPERTIES FROM THE CFC GIBBS ENSEMBLE   ######################################
#########################################################################################################################
                                                       Boltzmann                                    Biased
                                               Box 1               Box 2                  Box 1               Box 2      
Chemical Potentials (as an indication)
=========================================================================================================================

Total cd                                -0.1934483418E+004  -0.1934117863E+004     -0.1934849193E+004  -0.1934077293E+004
 Ideal gas                              -0.1086810701E+004  -0.1804511099E+004     -0.1087176476E+004  -0.1804470529E+004
 Excess                                 -0.8476727163E+003  -0.1296067639E+003     -0.8476727163E+003  -0.1296067639E+003

-------------------------------------------------------------------------------------------------------------------------

Total Ar                                -0.2015623528E+004  -0.2013021226E+004     -0.2014896428E+004  -0.2012259018E+004
 Ideal gas                              -0.1988370472E+004  -0.1971873514E+004     -0.1987643373E+004  -0.1971111307E+004
 Excess                                 -0.2725305560E+002  -0.4114771153E+002     -0.2725305560E+002  -0.4114771153E+002

-------------------------------------------------------------------------------------------------------------------------

#########################################################################################################################
#########################################   PROPERTIES FROM UMBRELLA SAMPLING   #########################################
#########################################################################################################################

Excess Partial Molar Enthalpy
=========================================================================================================================


Partial Molar Volume
=========================================================================================================================


#########################################################################################################################
##################################################   AVERAGE ENERGIES   #################################################
#########################################################################################################################
                                                       Boltzmann                                    Biased
                                               Box 1               Box 2                  Box 1               Box 2      
-------------------------------------------------------------------------------------------------------------------------
Lennard Jones        
 Intermolecular                         -0.4535827732E+006  -0.5225281701E+005     -0.4548792551E+006  -0.5206183650E+005
 Tailcorrection                         -0.1106045993E+005  -0.1014639488E+004     -0.1109382844E+005  -0.1011321872E+004
Total Intermolecular                    -0.4646432331E+006  -0.5326745650E+005     -0.4659730835E+006  -0.5307315837E+005

Electrostatic        
 Real                                   -0.1395556859E+006  -0.1164661892E+005     -0.1397343474E+006  -0.1160767273E+005
 Exclusion                               0.7694453518E+007   0.5089716321E+007      0.7716215473E+007   0.5072330396E+007
 Selfterm                               -0.7719167564E+007  -0.5094848859E+007     -0.7740999400E+007  -0.5077445344E+007
 Fourier                                 0.1111307793E+005   0.3736798516E+004      0.1115480349E+005   0.3731170282E+004
Total Intermolecular                    -0.1531566538E+006  -0.1304235893E+005     -0.1533634706E+006  -0.1299144997E+005

Intramolecular       
 Lennard Jones                           0.0000000000E+000   0.0000000000E+000      0.0000000000E+000   0.0000000000E+000
 Electrostatic                           0.0000000000E+000   0.0000000000E+000      0.0000000000E+000   0.0000000000E+000
 Bending                                 0.0000000000E+000   0.0000000000E+000      0.0000000000E+000   0.0000000000E+000
 Torsion                                 0.0000000000E+000   0.0000000000E+000      0.0000000000E+000   0.0000000000E+000

Total                                   -0.6177998869E+006  -0.6630981543E+005     -0.6193365541E+006  -0.6606460834E+005

#########################################################################################################################

No errors found in bookkeeping.

Total simulation time:  18 hours and  11 minutes

Simulation finished.

