#   100 bins for weightfunction of cd                      
 0.0000000    0.3361116028E+001    0.1164392090E+001
 0.0101010    0.3377384949E+001    0.1168029785E+001
 0.0202020    0.3384861755E+001    0.1167303467E+001
 0.0303030    0.3403610229E+001    0.1149432373E+001
 0.0404040    0.3435139465E+001    0.1126747131E+001
 0.0505051    0.3517158508E+001    0.1152616882E+001
 0.0606061    0.3573554993E+001    0.1135945129E+001
 0.0707071    0.3689305115E+001    0.1154327393E+001
 0.0808081    0.3768797302E+001    0.1147869873E+001
 0.0909091    0.3840818787E+001    0.1142799377E+001
 0.1010101    0.3949984741E+001    0.1150912476E+001
 0.1111111    0.4055249023E+001    0.1154302979E+001
 0.1212121    0.4123802185E+001    0.1123527527E+001
 0.1313131    0.4185333252E+001    0.1148573303E+001
 0.1414141    0.4224876404E+001    0.1114115906E+001
 0.1515152    0.4245022583E+001    0.1129048157E+001
 0.1616162    0.4296974182E+001    0.1132464600E+001
 0.1717172    0.4292317200E+001    0.1102006531E+001
 0.1818182    0.4265507507E+001    0.1127445984E+001
 0.1919192    0.4240026855E+001    0.1086921692E+001
 0.2020202    0.4223643494E+001    0.1084022522E+001
 0.2121212    0.4167907715E+001    0.1083673096E+001
 0.2222222    0.4135926819E+001    0.1062098694E+001
 0.2323232    0.4071832275E+001    0.1066604614E+001
 0.2424242    0.4031738281E+001    0.1030966187E+001
 0.2525253    0.3959187317E+001    0.1034288025E+001
 0.2626263    0.3884536743E+001    0.1016127014E+001
 0.2727273    0.3799652100E+001    0.9942398071E+000
 0.2828283    0.3709577942E+001    0.9961746216E+000
 0.2929293    0.3636976624E+001    0.9765670776E+000
 0.3030303    0.3553791809E+001    0.9885040283E+000
 0.3131313    0.3433087158E+001    0.9648300171E+000
 0.3232323    0.3365704346E+001    0.9486968994E+000
 0.3333333    0.3263056946E+001    0.9476058960E+000
 0.3434343    0.3174708557E+001    0.9221328735E+000
 0.3535354    0.3053692627E+001    0.9352874756E+000
 0.3636364    0.2938127136E+001    0.9131515503E+000
 0.3737374    0.2830030823E+001    0.9040542603E+000
 0.3838384    0.2751696777E+001    0.8713378906E+000
 0.3939394    0.2617662048E+001    0.8566253662E+000
 0.4040404    0.2540019226E+001    0.8660598755E+000
 0.4141414    0.2405877686E+001    0.8247573853E+000
 0.4242424    0.2323469543E+001    0.8331024170E+000
 0.4343434    0.2199923706E+001    0.8435287476E+000
 0.4444444    0.2056738281E+001    0.8141387939E+000
 0.4545455    0.1967294312E+001    0.7923065186E+000
 0.4646465    0.1842211914E+001    0.7686965942E+000
 0.4747475    0.1732641602E+001    0.7496734619E+000
 0.4848485    0.1611920166E+001    0.7420440674E+000
 0.4949495    0.1467558289E+001    0.7161499023E+000
 0.5050505    0.1432235718E+001    0.7214385986E+000
 0.5151515    0.1424600220E+001    0.7191085815E+000
 0.5252525    0.1404081726E+001    0.7145935059E+000
 0.5353535    0.1413500977E+001    0.7178680420E+000
 0.5454545    0.1421685791E+001    0.7179214478E+000
 0.5555556    0.1413356018E+001    0.7173095703E+000
 0.5656566    0.1390599060E+001    0.7155273438E+000
 0.5757576    0.1391101074E+001    0.7158798218E+000
 0.5858586    0.1376419067E+001    0.7069702148E+000
 0.5959596    0.1366781616E+001    0.7024505615E+000
 0.6060606    0.1361328125E+001    0.7001815796E+000
 0.6161616    0.1325149536E+001    0.7067520142E+000
 0.6262626    0.1316567993E+001    0.6925506592E+000
 0.6363636    0.1305104065E+001    0.6987213135E+000
 0.6464646    0.1293200684E+001    0.7031051636E+000
 0.6565657    0.1279743958E+001    0.6926757813E+000
 0.6666667    0.1258918762E+001    0.6909011841E+000
 0.6767677    0.1231007385E+001    0.7048110962E+000
 0.6868687    0.1218524170E+001    0.6915039063E+000
 0.6969697    0.1204455566E+001    0.6763107300E+000
 0.7070707    0.1146754456E+001    0.6783782959E+000
 0.7171717    0.1131375122E+001    0.6775421143E+000
 0.7272727    0.1109284973E+001    0.6963699341E+000
 0.7373737    0.1067448425E+001    0.6706359863E+000
 0.7474747    0.1058256531E+001    0.6865982056E+000
 0.7575758    0.1016194153E+001    0.6698577881E+000
 0.7676768    0.9887023926E+000    0.6668380737E+000
 0.7777778    0.9660491943E+000    0.6704727173E+000
 0.7878788    0.9362640381E+000    0.6752822876E+000
 0.7979798    0.8861282349E+000    0.6525375366E+000
 0.8080808    0.8536071777E+000    0.6642395020E+000
 0.8181818    0.8253250122E+000    0.6624969482E+000
 0.8282828    0.7884307861E+000    0.6540679932E+000
 0.8383838    0.7678771973E+000    0.6690231323E+000
 0.8484848    0.6897155762E+000    0.6432846069E+000
 0.8585859    0.6565780640E+000    0.6386840820E+000
 0.8686869    0.6263183594E+000    0.6449264526E+000
 0.8787879    0.5775329590E+000    0.6369323730E+000
 0.8888889    0.5281753540E+000    0.6062774658E+000
 0.8989899    0.4912246704E+000    0.6168869019E+000
 0.9090909    0.4296646118E+000    0.6153015137E+000
 0.9191919    0.4034652710E+000    0.6364624023E+000
 0.9292929    0.3312179565E+000    0.6226089478E+000
 0.9393939    0.2998199463E+000    0.6091003418E+000
 0.9494949    0.2312438965E+000    0.5802825928E+000
 0.9595960    0.2032760620E+000    0.6055679321E+000
 0.9696970    0.1361099243E+000    0.5998626709E+000
 0.9797980    0.8822631836E-001    0.6008575439E+000
 0.9898990    0.4436492920E-001    0.5990966797E+000
 1.0000000    0.0000000000E+000    0.5842453003E+000


#   100 bins for weightfunction of Ar                      
 0.0000000    0.2382575989E+001    0.2134567261E+000
 0.0101010    0.2380967712E+001    0.2038711548E+000
 0.0202020    0.2389814758E+001    0.2102264404E+000
 0.0303030    0.2417971802E+001    0.2087677002E+000
 0.0404040    0.2454840088E+001    0.2165405273E+000
 0.0505051    0.2485597229E+001    0.1978347778E+000
 0.0606061    0.2543307495E+001    0.2168899536E+000
 0.0707071    0.2617239380E+001    0.2231674194E+000
 0.0808081    0.2697650146E+001    0.2274429321E+000
 0.0909091    0.2769302368E+001    0.2244628906E+000
 0.1010101    0.2854100037E+001    0.2231475830E+000
 0.1111111    0.2969520569E+001    0.2252105713E+000
 0.1212121    0.3036279297E+001    0.2154937744E+000
 0.1313131    0.3115269470E+001    0.2072296143E+000
 0.1414141    0.3212982178E+001    0.2151550293E+000
 0.1515152    0.3282952881E+001    0.2162933350E+000
 0.1616162    0.3348667908E+001    0.2156463623E+000
 0.1717172    0.3394918823E+001    0.2169586182E+000
 0.1818182    0.3433724976E+001    0.2155746460E+000
 0.1919192    0.3445510864E+001    0.2021865845E+000
 0.2020202    0.3460935974E+001    0.1962219238E+000
 0.2121212    0.3478512573E+001    0.2040908813E+000
 0.2222222    0.3472807312E+001    0.1946380615E+000
 0.2323232    0.3476560974E+001    0.1824920654E+000
 0.2424242    0.3464692688E+001    0.1882843018E+000
 0.2525253    0.3441287231E+001    0.1747955322E+000
 0.2626263    0.3424391174E+001    0.1820037842E+000
 0.2727273    0.3392141724E+001    0.1813705444E+000
 0.2828283    0.3359310913E+001    0.1714782715E+000
 0.2929293    0.3311216736E+001    0.1598815918E+000
 0.3030303    0.3273768616E+001    0.1521347046E+000
 0.3131313    0.3248791504E+001    0.1441619873E+000
 0.3232323    0.3193533325E+001    0.1415725708E+000
 0.3333333    0.3158503723E+001    0.1306274414E+000
 0.3434343    0.3097311401E+001    0.1330154419E+000
 0.3535354    0.3046189880E+001    0.1097671509E+000
 0.3636364    0.3018052673E+001    0.1116561890E+000
 0.3737374    0.2952960205E+001    0.1013488770E+000
 0.3838384    0.2886769104E+001    0.9753875732E-001
 0.3939394    0.2847106934E+001    0.8320770264E-001
 0.4040404    0.2789996338E+001    0.8854522705E-001
 0.4141414    0.2736555481E+001    0.7529907227E-001
 0.4242424    0.2676705933E+001    0.6881408691E-001
 0.4343434    0.2625907898E+001    0.6324920654E-001
 0.4444444    0.2561439514E+001    0.5290374756E-001
 0.4545455    0.2505334473E+001    0.3471221924E-001
 0.4646465    0.2449450684E+001    0.4229431152E-001
 0.4747475    0.2373155212E+001    0.3092193604E-001
 0.4848485    0.2330422974E+001    0.2596740723E-001
 0.4949495    0.2237124634E+001    0.2718505859E-001
 0.5050505    0.2205200195E+001    0.1605834961E-001
 0.5151515    0.2219891357E+001    0.1580810547E-001
 0.5252525    0.2210829163E+001    0.1461486816E-001
 0.5353535    0.2223101807E+001    0.1478118896E-001
 0.5454545    0.2207855225E+001    0.2696228027E-001
 0.5555556    0.2226728821E+001    0.2745056152E-001
 0.5656566    0.2226258850E+001    0.2336883545E-001
 0.5757576    0.2214245605E+001    0.1350402832E-001
 0.5858586    0.2208862305E+001    0.0000000000E+000
 0.5959596    0.2224232483E+001    0.2075042725E-001
 0.6060606    0.2214988708E+001    0.3483581543E-002
 0.6161616    0.2209059143E+001    0.1938171387E-001
 0.6262626    0.2203736877E+001    0.7113647461E-002
 0.6363636    0.2217456055E+001    0.1846923828E-001
 0.6464646    0.2215719604E+001    0.1430511475E-001
 0.6565657    0.2220861816E+001    0.7557678223E-002
 0.6666667    0.2218643188E+001    0.2054595947E-001
 0.6767677    0.2217802429E+001    0.2119598389E-001
 0.6868687    0.2203794861E+001    0.1362457275E-001
 0.6969697    0.2215135193E+001    0.9298706055E-002
 0.7070707    0.2226803589E+001    0.2218322754E-001
 0.7171717    0.2219613647E+001    0.1639862061E-001
 0.7272727    0.2215159607E+001    0.8824157715E-002
 0.7373737    0.2220899963E+001    0.2061004639E-001
 0.7474747    0.2215950012E+001    0.1638793945E-001
 0.7575758    0.2213377380E+001    0.5595397949E-002
 0.7676768    0.2215950012E+001    0.2217102051E-002
 0.7777778    0.2220329285E+001    0.1192016602E-001
 0.7878788    0.2226750183E+001    0.2229461670E-001
 0.7979798    0.2223771667E+001    0.2116699219E-001
 0.8080808    0.2222479248E+001    0.2169342041E-001
 0.8181818    0.2216485596E+001    0.1958770752E-001
 0.8282828    0.2216961670E+001    0.1238555908E-001
 0.8383838    0.2210569763E+001    0.1472930908E-001
 0.8484848    0.2227532959E+001    0.1766815186E-001
 0.8585859    0.2211711121E+001    0.2174377441E-002
 0.8686869    0.2220051575E+001    0.1440887451E-001
 0.8787879    0.2221434021E+001    0.1646423340E-001
 0.8888889    0.2212652588E+001    0.7237243652E-002
 0.8989899    0.2211073303E+001    0.4232788086E-002
 0.9090909    0.2221903992E+001    0.1645660400E-001
 0.9191919    0.2205065918E+001    0.4054260254E-002
 0.9292929    0.2221826172E+001    0.1178436279E-001
 0.9393939    0.2223823547E+001    0.3240203857E-001
 0.9494949    0.2219869995E+001    0.1761474609E-001
 0.9595960    0.2224597168E+001    0.1899871826E-001
 0.9696970    0.2219979858E+001    0.5863952637E-002
 0.9797980    0.2222540283E+001    0.1139678955E-001
 0.9898990    0.2231680298E+001    0.3591613770E-001
 1.0000000    0.2225344849E+001    0.2425537109E-001


