#   100 bins for weightfunction of cd                      
 0.0000000    0.3268971252E+001    0.1776026917E+001
 0.0101010    0.3289613342E+001    0.1811288452E+001
 0.0202020    0.3337370300E+001    0.1829559326E+001
 0.0303030    0.3298970032E+001    0.1793412781E+001
 0.0404040    0.3392312622E+001    0.1812478638E+001
 0.0505051    0.3442529297E+001    0.1792425537E+001
 0.0606061    0.3477926636E+001    0.1781918335E+001
 0.0707071    0.3574880981E+001    0.1809477234E+001
 0.0808081    0.3661982727E+001    0.1793041992E+001
 0.0909091    0.3732901001E+001    0.1786798096E+001
 0.1010101    0.3851371765E+001    0.1817633057E+001
 0.1111111    0.3917268372E+001    0.1794107056E+001
 0.1212121    0.3963793945E+001    0.1785772705E+001
 0.1313131    0.3999168396E+001    0.1791040039E+001
 0.1414141    0.4064042664E+001    0.1775437927E+001
 0.1515152    0.4075445557E+001    0.1741499329E+001
 0.1616162    0.4082398987E+001    0.1766448975E+001
 0.1717172    0.4102087402E+001    0.1761405945E+001
 0.1818182    0.4067712402E+001    0.1738006592E+001
 0.1919192    0.4070170593E+001    0.1715893555E+001
 0.2020202    0.4019587708E+001    0.1715795898E+001
 0.2121212    0.3999835205E+001    0.1690679932E+001
 0.2222222    0.3942404175E+001    0.1675447083E+001
 0.2323232    0.3872857666E+001    0.1648835754E+001
 0.2424242    0.3780700684E+001    0.1637094116E+001
 0.2525253    0.3736747742E+001    0.1623660278E+001
 0.2626263    0.3680212402E+001    0.1597779846E+001
 0.2727273    0.3589045715E+001    0.1585241699E+001
 0.2828283    0.3492579651E+001    0.1577418518E+001
 0.2929293    0.3443931580E+001    0.1558410645E+001
 0.3030303    0.3347254944E+001    0.1556686401E+001
 0.3131313    0.3231738281E+001    0.1512483215E+001
 0.3232323    0.3143873596E+001    0.1480148315E+001
 0.3333333    0.3068975830E+001    0.1467185974E+001
 0.3434343    0.2967564392E+001    0.1453175354E+001
 0.3535354    0.2870243835E+001    0.1421211243E+001
 0.3636364    0.2784225464E+001    0.1408009338E+001
 0.3737374    0.2661891174E+001    0.1367254639E+001
 0.3838384    0.2555508423E+001    0.1339820862E+001
 0.3939394    0.2468981934E+001    0.1345440674E+001
 0.4040404    0.2352346802E+001    0.1317079163E+001
 0.4141414    0.2275816345E+001    0.1292692566E+001
 0.4242424    0.2169802856E+001    0.1263856506E+001
 0.4343434    0.2023431396E+001    0.1242333984E+001
 0.4444444    0.1929302979E+001    0.1229112244E+001
 0.4545455    0.1836416626E+001    0.1231082153E+001
 0.4646465    0.1700877380E+001    0.1180340576E+001
 0.4747475    0.1611175537E+001    0.1145252991E+001
 0.4848485    0.1473933411E+001    0.1136735535E+001
 0.4949495    0.1388296509E+001    0.1100234985E+001
 0.5050505    0.1326451111E+001    0.1066262817E+001
 0.5151515    0.1258848572E+001    0.1090742493E+001
 0.5252525    0.1341098022E+001    0.1122669983E+001
 0.5353535    0.1292750549E+001    0.1069052124E+001
 0.5454545    0.1318502808E+001    0.1069599915E+001
 0.5555556    0.1277433777E+001    0.1073855591E+001
 0.5656566    0.1265438843E+001    0.1083201599E+001
 0.5757576    0.1283230591E+001    0.1091586304E+001
 0.5858586    0.1272946167E+001    0.1096365356E+001
 0.5959596    0.1250636292E+001    0.1089213562E+001
 0.6060606    0.1256709290E+001    0.1075621033E+001
 0.6161616    0.1238911438E+001    0.1079881287E+001
 0.6262626    0.1215408325E+001    0.1103488159E+001
 0.6363636    0.1210272217E+001    0.1080993652E+001
 0.6464646    0.1208970642E+001    0.1083815002E+001
 0.6565657    0.1174819946E+001    0.1099598694E+001
 0.6666667    0.1166908264E+001    0.1071994019E+001
 0.6767677    0.1129524231E+001    0.1075280762E+001
 0.6868687    0.1107801819E+001    0.1065303040E+001
 0.6969697    0.1078970337E+001    0.1085859680E+001
 0.7070707    0.1073960876E+001    0.1077328491E+001
 0.7171717    0.1045330811E+001    0.1036145020E+001
 0.7272727    0.1027696228E+001    0.1067175293E+001
 0.7373737    0.1017271423E+001    0.1046940613E+001
 0.7474747    0.9762924194E+000    0.1058093262E+001
 0.7575758    0.9642395020E+000    0.1081236267E+001
 0.7676768    0.9313201904E+000    0.1052340698E+001
 0.7777778    0.8918960571E+000    0.1048637390E+001
 0.7878788    0.8635055542E+000    0.1045002747E+001
 0.7979798    0.8158050537E+000    0.1024325562E+001
 0.8080808    0.7752655029E+000    0.1016409302E+001
 0.8181818    0.7643508911E+000    0.1042924500E+001
 0.8282828    0.7410675049E+000    0.1035485840E+001
 0.8383838    0.6882293701E+000    0.1013969421E+001
 0.8484848    0.6523071289E+000    0.1016049194E+001
 0.8585859    0.6090270996E+000    0.1013644409E+001
 0.8686869    0.5684524536E+000    0.1002859497E+001
 0.8787879    0.5694671631E+000    0.1025767517E+001
 0.8888889    0.4800277710E+000    0.9937530518E+000
 0.8989899    0.4351226807E+000    0.9897079468E+000
 0.9090909    0.4039672852E+000    0.9737854004E+000
 0.9191919    0.3495468140E+000    0.9628936768E+000
 0.9292929    0.3424255371E+000    0.9993469238E+000
 0.9393939    0.2724014282E+000    0.9762924194E+000
 0.9494949    0.2221023560E+000    0.9501602173E+000
 0.9595960    0.1827377319E+000    0.9557189941E+000
 0.9696970    0.1369110107E+000    0.9515045166E+000
 0.9797980    0.9484405518E-001    0.9661437988E+000
 0.9898990    0.5155487061E-001    0.9539367676E+000
 1.0000000    0.0000000000E+000    0.9275009155E+000


#   100 bins for weightfunction of Ar                      
 0.0000000    0.1827018738E+001    0.3445510864E+000
 0.0101010    0.1789454651E+001    0.3062057495E+000
 0.0202020    0.1798829651E+001    0.3104583740E+000
 0.0303030    0.1859056091E+001    0.3557266235E+000
 0.0404040    0.1868971252E+001    0.3212112427E+000
 0.0505051    0.1896806335E+001    0.3239868164E+000
 0.0606061    0.1923957825E+001    0.2935607910E+000
 0.0707071    0.2043490601E+001    0.3407257080E+000
 0.0808081    0.2064204407E+001    0.3219879150E+000
 0.0909091    0.2147294617E+001    0.3257827759E+000
 0.1010101    0.2226228333E+001    0.3388122559E+000
 0.1111111    0.2322467041E+001    0.3374252319E+000
 0.1212121    0.2437179565E+001    0.3314025879E+000
 0.1313131    0.2485011292E+001    0.3451644897E+000
 0.1414141    0.2558552551E+001    0.3570861816E+000
 0.1515152    0.2639486694E+001    0.3645462036E+000
 0.1616162    0.2667633057E+001    0.3365936279E+000
 0.1717172    0.2716539001E+001    0.3349319458E+000
 0.1818182    0.2748912048E+001    0.3489318848E+000
 0.1919192    0.2779478455E+001    0.3239288330E+000
 0.2020202    0.2796292114E+001    0.3448928833E+000
 0.2121212    0.2772692871E+001    0.3164474487E+000
 0.2222222    0.2801889038E+001    0.3217407227E+000
 0.2323232    0.2794532776E+001    0.3218368530E+000
 0.2424242    0.2793377686E+001    0.3071746826E+000
 0.2525253    0.2754371643E+001    0.2918075562E+000
 0.2626263    0.2709684753E+001    0.2872863770E+000
 0.2727273    0.2686535645E+001    0.2698181152E+000
 0.2828283    0.2659211731E+001    0.2892486572E+000
 0.2929293    0.2652626038E+001    0.2410354614E+000
 0.3030303    0.2577870178E+001    0.2608734131E+000
 0.3131313    0.2556822205E+001    0.2519912720E+000
 0.3232323    0.2526754761E+001    0.2396133423E+000
 0.3333333    0.2471415710E+001    0.2430084229E+000
 0.3434343    0.2464888000E+001    0.1943710327E+000
 0.3535354    0.2377354431E+001    0.1904357910E+000
 0.3636364    0.2316133118E+001    0.1813720703E+000
 0.3737374    0.2273463440E+001    0.1637420654E+000
 0.3838384    0.2226811218E+001    0.1443603516E+000
 0.3939394    0.2178009033E+001    0.1530258179E+000
 0.4040404    0.2133457947E+001    0.1157485962E+000
 0.4141414    0.2095375061E+001    0.1457244873E+000
 0.4242424    0.2039231873E+001    0.1091171265E+000
 0.4343434    0.1971116638E+001    0.8495483398E-001
 0.4444444    0.1908010864E+001    0.8376464844E-001
 0.4545455    0.1864070129E+001    0.6295623779E-001
 0.4646465    0.1757987976E+001    0.5357513428E-001
 0.4747475    0.1739149475E+001    0.2914733887E-001
 0.4848485    0.1634736633E+001    0.5532989502E-001
 0.4949495    0.1612467957E+001    0.3689117432E-001
 0.5050505    0.1564115906E+001    0.4836883545E-001
 0.5151515    0.1606619263E+001    0.2382965088E-001
 0.5252525    0.1586419678E+001    0.2323608398E-001
 0.5353535    0.1578392029E+001    0.1562805176E-001
 0.5454545    0.1569662476E+001    0.1820526123E-001
 0.5555556    0.1616819763E+001    0.2293395996E-001
 0.5656566    0.1610169983E+001    0.1520385742E-001
 0.5757576    0.1587306213E+001    0.1649475098E-001
 0.5858586    0.1589823914E+001    0.4241333008E-001
 0.5959596    0.1599485779E+001    0.1573791504E-001
 0.6060606    0.1600233459E+001    0.1842498779E-001
 0.6161616    0.1595182800E+001    0.2522125244E-001
 0.6262626    0.1578146362E+001    0.1777648926E-001
 0.6363636    0.1594984436E+001    0.8081054688E-002
 0.6464646    0.1581553650E+001    0.1267700195E-001
 0.6565657    0.1591885376E+001    0.3276977539E-001
 0.6666667    0.1556912231E+001    0.3267822266E-001
 0.6767677    0.1584741211E+001    0.3293762207E-001
 0.6868687    0.1601031494E+001    0.6486053467E-001
 0.6969697    0.1577343750E+001    0.6835174561E-001
 0.7070707    0.1586193848E+001    0.1668090820E-001
 0.7171717    0.1591545105E+001    0.1636962891E-001
 0.7272727    0.1585844421E+001    0.1499633789E-001
 0.7373737    0.1585134888E+001    0.3149414062E-002
 0.7474747    0.1578623962E+001    0.1463470459E-001
 0.7575758    0.1602432251E+001    0.4221954346E-001
 0.7676768    0.1582809448E+001    0.1758728027E-001
 0.7777778    0.1599215698E+001    0.2805023193E-001
 0.7878788    0.1589619446E+001    0.1891632080E-001
 0.7979798    0.1578575134E+001    0.6875610352E-002
 0.8080808    0.1584632874E+001    0.1037139893E-001
 0.8181818    0.1601216125E+001    0.1810302734E-001
 0.8282828    0.1569360352E+001    0.1594238281E-001
 0.8383838    0.1591459656E+001    0.1414947510E-001
 0.8484848    0.1591522217E+001    0.2225036621E-001
 0.8585859    0.1563777161E+001    0.1077270508E-002
 0.8686869    0.1593455505E+001    0.1982269287E-001
 0.8787879    0.1600778198E+001    0.2670135498E-001
 0.8888889    0.1609634399E+001    0.3191986084E-001
 0.8989899    0.1588452148E+001    0.2521514893E-001
 0.9090909    0.1591825867E+001    0.1826019287E-001
 0.9191919    0.1581634521E+001    0.1221160889E-001
 0.9292929    0.1577983093E+001    0.8883666992E-002
 0.9393939    0.1596018982E+001    0.2664184570E-001
 0.9494949    0.1620225525E+001    0.3445739746E-001
 0.9595960    0.1599589539E+001    0.1823577881E-001
 0.9696970    0.1611058044E+001    0.4185791016E-001
 0.9797980    0.1593623352E+001    0.1270446777E-001
 0.9898990    0.1592735291E+001    0.2440185547E-001
 1.0000000    0.1586065674E+001    0.0000000000E+000


