 0.0000000   0.1490956069E+000   0.1032697303E+001   0.5426265249E+000   0.9634507272E+000
 0.0101010   0.1480330076E+000   0.1035691738E+001   0.5408225702E+000   0.9668550831E+000
 0.0202020   0.1483976770E+000   0.1045415818E+001   0.5500093693E+000   0.9717995047E+000
 0.0303030   0.1423081604E+000   0.1014524799E+001   0.5449367284E+000   0.9563736297E+000
 0.0404040   0.1372594762E+000   0.1054866863E+001   0.5428485397E+000   0.9871551311E+000
 0.0505051   0.1295028615E+000   0.1037202383E+001   0.5433075963E+000   0.9839489123E+000
 0.0606061   0.1219610976E+000   0.1028380214E+001   0.5427257942E+000   0.9742780199E+000
 0.0707071   0.1140441741E+000   0.1007412457E+001   0.5415986830E+000   0.9563213935E+000
 0.0808081   0.1052533437E+000   0.1011930965E+001   0.5487563558E+000   0.9758595143E+000
 0.0909091   0.9776604989E-001   0.1027131414E+001   0.5378393182E+000   0.9790225032E+000
 0.1010101   0.8960765136E-001   0.1002972279E+001   0.5405868962E+000   0.9699009909E+000
 0.1111111   0.8518566463E-001   0.1006118897E+001   0.5422069462E+000   0.9654375021E+000
 0.1212121   0.8087456470E-001   0.1007125994E+001   0.5488031120E+000   0.9809516382E+000
 0.1313131   0.7662370760E-001   0.9916681754E+000   0.5451583710E+000   0.9664894300E+000
 0.1414141   0.7491668079E-001   0.9983329189E+000   0.5585003509E+000   0.1004519147E+001
 0.1515152   0.7307533968E-001   0.9871989032E+000   0.5599739903E+000   0.9605993540E+000
 0.1616162   0.7242340620E-001   0.9750533146E+000   0.5655424068E+000   0.9750921833E+000
 0.1717172   0.7345087336E-001   0.9953474361E+000   0.5714947925E+000   0.9546426318E+000
 0.1818182   0.7246225115E-001   0.9418616388E+000   0.5839966562E+000   0.9666047098E+000
 0.1919192   0.7465998146E-001   0.9380324325E+000   0.5871933052E+000   0.9687301807E+000
 0.2020202   0.7742417402E-001   0.9556588663E+000   0.5956122571E+000   0.9849341942E+000
 0.2121212   0.7952029435E-001   0.9448202657E+000   0.6043432915E+000   0.9657941489E+000
 0.2222222   0.8361545602E-001   0.9559117595E+000   0.6235650485E+000   0.9959452140E+000
 0.2323232   0.9039594511E-001   0.9921045841E+000   0.6387983474E+000   0.9987371461E+000
 0.2424242   0.9435638478E-001   0.9554999688E+000   0.6354346863E+000   0.9774968474E+000
 0.2525253   0.1003372437E+000   0.9612516111E+000   0.6530558215E+000   0.9878342010E+000
 0.2626263   0.1068967007E+000   0.9480966876E+000   0.6569347900E+000   0.9537456110E+000
 0.2727273   0.1158816689E+000   0.9664258511E+000   0.6835596270E+000   0.9759621854E+000
 0.2828283   0.1248936169E+000   0.9506166678E+000   0.6941091882E+000   0.9778300780E+000
 0.2929293   0.1363760126E+000   0.9825394015E+000   0.7079517220E+000   0.9650736503E+000
 0.3030303   0.1481862267E+000   0.9475327133E+000   0.7235855357E+000   0.9959362078E+000
 0.3131313   0.1607294719E+000   0.9655754138E+000   0.7408566967E+000   0.9847882932E+000
 0.3232323   0.1760861682E+000   0.9635254121E+000   0.7625325803E+000   0.9806021963E+000
 0.3333333   0.1910180894E+000   0.9507621374E+000   0.7809906323E+000   0.9802653632E+000
 0.3434343   0.2112827338E+000   0.9709107893E+000   0.7866909942E+000   0.9871731436E+000
 0.3535354   0.2308881941E+000   0.9610636197E+000   0.8112135462E+000   0.9929119149E+000
 0.3636364   0.2530092888E+000   0.9663878053E+000   0.8239284218E+000   0.9561736913E+000
 0.3737374   0.2818089065E+000   0.1000378445E+001   0.8615823179E+000   0.1008200895E+001
 0.3838384   0.3069479443E+000   0.9674642800E+000   0.8721184832E+000   0.1002307217E+001
 0.3939394   0.3440142263E+000   0.9877315456E+000   0.9004617315E+000   0.9872271810E+000
 0.4040404   0.3775749811E+000   0.9614866004E+000   0.9359900331E+000   0.1004045420E+001
 0.4141414   0.4161939031E+000   0.9653135686E+000   0.9488428037E+000   0.1010081397E+001
 0.4242424   0.4682017878E+000   0.9883537076E+000   0.9690118499E+000   0.9981409335E+000
 0.4343434   0.5124946624E+000   0.9762215470E+000   0.9966744563E+000   0.9884916560E+000
 0.4444444   0.5760785629E+000   0.9901082942E+000   0.1026363280E+001   0.9916924710E+000
 0.4545455   0.6288152350E+000   0.9806617253E+000   0.1051110470E+001   0.1004715483E+001
 0.4646465   0.7047423179E+000   0.9682072937E+000   0.1083933374E+001   0.9992432963E+000
 0.4747475   0.7971848261E+000   0.9951258748E+000   0.1126068802E+001   0.1031368528E+001
 0.4848485   0.8885071109E+000   0.9968580815E+000   0.1152902204E+001   0.1020218812E+001
 0.4949495   0.1002264207E+001   0.1002603010E+001   0.1184932198E+001   0.1023279130E+001
 0.5050505   0.1040773022E+001   0.9848557244E+000   0.1214129077E+001   0.1027693985E+001
 0.5151515   0.1054713447E+001   0.9985209104E+000   0.1210016805E+001   0.1015006004E+001
 0.5252525   0.1043744479E+001   0.9867938265E+000   0.1202773363E+001   0.1005762007E+001
 0.5353535   0.1062574173E+001   0.1012830638E+001   0.1205997521E+001   0.1009856241E+001
 0.5454545   0.1061773202E+001   0.9969878851E+000   0.1196859641E+001   0.1013871219E+001
 0.5555556   0.1071790808E+001   0.9908535460E+000   0.1194849855E+001   0.1032029585E+001
 0.5656566   0.1071276715E+001   0.9767676173E+000   0.1198220374E+001   0.1008445865E+001
 0.5757576   0.1086711603E+001   0.1009598976E+001   0.1197472418E+001   0.1013909045E+001
 0.5858586   0.1102795747E+001   0.9897524533E+000   0.1209388747E+001   0.1047711237E+001
 0.5959596   0.1101850017E+001   0.9751629763E+000   0.1203037954E+001   0.1011763761E+001
 0.6060606   0.1119706479E+001   0.1010966390E+001   0.1199998538E+001   0.9902028402E+000
 0.6161616   0.1127810624E+001   0.9997361406E+000   0.1208199568E+001   0.1002064048E+001
 0.6262626   0.1157224601E+001   0.1002271787E+001   0.1207597200E+001   0.1019350611E+001
 0.6363636   0.1154000892E+001   0.1005362455E+001   0.1221426570E+001   0.1026274603E+001
 0.6464646   0.1181065559E+001   0.9927670301E+000   0.1219967998E+001   0.1007719962E+001
 0.6565657   0.1197648251E+001   0.9970169790E+000   0.1228789854E+001   0.1027974979E+001
 0.6666667   0.1204179258E+001   0.9766937635E+000   0.1227599540E+001   0.1011389101E+001
 0.6767677   0.1232373114E+001   0.9836293042E+000   0.1226500207E+001   0.1006669836E+001
 0.6868687   0.1251130254E+001   0.9819731893E+000   0.1241313841E+001   0.1023846522E+001
 0.6969697   0.1293770438E+001   0.1000832757E+001   0.1245717855E+001   0.1022173164E+001
 0.7070707   0.1326796084E+001   0.1014350236E+001   0.1237135167E+001   0.1007592074E+001
 0.7171717   0.1366214568E+001   0.1031437313E+001   0.1252255000E+001   0.1028520757E+001
 0.7272727   0.1377276288E+001   0.1019846747E+001   0.1233089558E+001   0.1004983869E+001
 0.7373737   0.1426214922E+001   0.1027158270E+001   0.1248821162E+001   0.1022005648E+001
 0.7474747   0.1438137416E+001   0.1003863000E+001   0.1249936468E+001   0.1018190608E+001
 0.7575758   0.1494746985E+001   0.1019130589E+001   0.1256822282E+001   0.1009238413E+001
 0.7676768   0.1529169405E+001   0.1006423264E+001   0.1249264217E+001   0.1003317716E+001
 0.7777778   0.1577542020E+001   0.1017743033E+001   0.1266325526E+001   0.1007420955E+001
 0.7878788   0.1608711794E+001   0.1003979376E+001   0.1263294766E+001   0.1000882431E+001
 0.7979798   0.1665313241E+001   0.1011194665E+001   0.1274020075E+001   0.1003949953E+001
 0.8080808   0.1727646339E+001   0.1004015183E+001   0.1285887001E+001   0.1008370212E+001
 0.8181818   0.1765233766E+001   0.1019459574E+001   0.1289879840E+001   0.1013284013E+001
 0.8282828   0.1853480977E+001   0.1037068104E+001   0.1302973098E+001   0.1026087273E+001
 0.8383838   0.1901832423E+001   0.1027187364E+001   0.1305416669E+001   0.1020343098E+001
 0.8484848   0.1980015177E+001   0.1045028645E+001   0.1313151037E+001   0.1027414792E+001
 0.8585859   0.2040446968E+001   0.1022413725E+001   0.1304238304E+001   0.9965702465E+000
 0.8686869   0.2131124850E+001   0.1027203030E+001   0.1326928412E+001   0.1007613689E+001
 0.8787879   0.2184920030E+001   0.1032115425E+001   0.1326390842E+001   0.1019006573E+001
 0.8888889   0.2299667519E+001   0.1030714441E+001   0.1346925859E+001   0.1029941940E+001
 0.8989899   0.2408995767E+001   0.1049925374E+001   0.1356889759E+001   0.1034522510E+001
 0.9090909   0.2491950955E+001   0.1033650688E+001   0.1349326015E+001   0.1007620894E+001
 0.9191919   0.2597985343E+001   0.1036069959E+001   0.1362449448E+001   0.1029486225E+001
 0.9292929   0.2688580983E+001   0.1036177382E+001   0.1372767184E+001   0.1021758878E+001
 0.9393939   0.2850353190E+001   0.1026717386E+001   0.1400850598E+001   0.1023342173E+001
 0.9494949   0.2942924233E+001   0.1053544209E+001   0.1395763726E+001   0.1035145742E+001
 0.9595960   0.3120525253E+001   0.1046163308E+001   0.1408182042E+001   0.1022814408E+001
 0.9696970   0.3215583691E+001   0.1035286661E+001   0.1395264456E+001   0.1006008778E+001
 0.9797980   0.3379580132E+001   0.1037222525E+001   0.1428721288E+001   0.1025217271E+001
 0.9898990   0.3573084784E+001   0.1055712824E+001   0.1433626379E+001   0.1025552303E+001
 1.0000000   0.3666404296E+001   0.1057659878E+001   0.1431463399E+001   0.1031833249E+001


 0.0000000   0.9626330097E+000   0.1056908135E+001   0.8099945310E+000   0.9892800562E+000
 0.0101010   0.9535386113E+000   0.1085390084E+001   0.8024399112E+000   0.1018205089E+001
 0.0202020   0.9430742985E+000   0.1096878389E+001   0.8022290685E+000   0.1028906252E+001
 0.0303030   0.9388234637E+000   0.1061359939E+001   0.8075326917E+000   0.9794346313E+000
 0.0404040   0.9154954560E+000   0.1063366451E+001   0.8090052454E+000   0.9930839301E+000
 0.0505051   0.8771475187E+000   0.1043692127E+001   0.8056418631E+000   0.9692826996E+000
 0.0606061   0.8352534291E+000   0.1077464592E+001   0.7951129276E+000   0.1000934403E+001
 0.0707071   0.7850742824E+000   0.1087115501E+001   0.7986073997E+000   0.1025906738E+001
 0.0808081   0.7374453498E+000   0.1058553566E+001   0.7906369510E+000   0.9700091031E+000
 0.0909091   0.6847589640E+000   0.1051357092E+001   0.7880213684E+000   0.9874463303E+000
 0.1010101   0.6429435888E+000   0.1061794150E+001   0.7885524470E+000   0.1004015417E+001
 0.1111111   0.5899805089E+000   0.1070736609E+001   0.7782797981E+000   0.1018256469E+001
 0.1212121   0.5530720161E+000   0.1017979987E+001   0.7875170581E+000   0.1001657263E+001
 0.1313131   0.5150438608E+000   0.1048505012E+001   0.7765362469E+000   0.9946536703E+000
 0.1414141   0.4772675763E+000   0.1039466570E+001   0.7705497821E+000   0.1005206010E+001
 0.1515152   0.4522083074E+000   0.1025254162E+001   0.7819322992E+000   0.9883693942E+000
 0.1616162   0.4342766016E+000   0.1056281957E+001   0.7828597786E+000   0.1005652482E+001
 0.1717172   0.4178890731E+000   0.1049103766E+001   0.7760486801E+000   0.1005666656E+001
 0.1818182   0.4034640830E+000   0.1015973476E+001   0.7839109272E+000   0.9967602404E+000
 0.1919192   0.3987510312E+000   0.1022685462E+001   0.7893787309E+000   0.1008650225E+001
 0.2020202   0.3910430095E+000   0.1002775750E+001   0.7880225247E+000   0.9846913122E+000
 0.2121212   0.3935706413E+000   0.1033588726E+001   0.8049848873E+000   0.1000456040E+001
 0.2222222   0.3985450273E+000   0.1013886978E+001   0.8116949878E+000   0.1002369493E+001
 0.2323232   0.4020819263E+000   0.9894431908E+000   0.7994679563E+000   0.9796171180E+000
 0.2424242   0.4085388232E+000   0.1022923135E+001   0.8264954145E+000   0.9978374437E+000
 0.2525253   0.4188200934E+000   0.9999419529E+000   0.8188551471E+000   0.9762490862E+000
 0.2626263   0.4285163992E+000   0.1005915780E+001   0.8401042625E+000   0.1019649037E+001
 0.2727273   0.4423766066E+000   0.9742915164E+000   0.8408921853E+000   0.1027267415E+001
 0.2828283   0.4546737706E+000   0.1003020279E+001   0.8553653922E+000   0.9936278468E+000
 0.2929293   0.4692205728E+000   0.9953713120E+000   0.8559441997E+000   0.1019937827E+001
 0.3030303   0.4888287774E+000   0.9922747028E+000   0.8698432847E+000   0.9965671234E+000
 0.3131313   0.5162528696E+000   0.9999602354E+000   0.8826888433E+000   0.9812116623E+000
 0.3232323   0.5298282473E+000   0.1001998741E+001   0.8944636378E+000   0.1013249600E+001
 0.3333333   0.5531683034E+000   0.9845937409E+000   0.9032070249E+000   0.9918384138E+000
 0.3434343   0.5716717789E+000   0.9751073758E+000   0.9116245295E+000   0.1001974400E+001
 0.3535354   0.6072692945E+000   0.1020290446E+001   0.9284534749E+000   0.9881815924E+000
 0.3636364   0.6375541654E+000   0.9917559351E+000   0.9262504406E+000   0.9758929714E+000
 0.3737374   0.6694429282E+000   0.1010406435E+001   0.9346601032E+000   0.1000590690E+001
 0.3838384   0.7015175996E+000   0.1000261898E+001   0.9520819411E+000   0.1001713958E+001
 0.3939394   0.7360056586E+000   0.9754044674E+000   0.9745012519E+000   0.9897495609E+000
 0.4040404   0.7767483085E+000   0.9845526051E+000   0.9836790486E+000   0.1006052890E+001
 0.4141414   0.8095383717E+000   0.9831379918E+000   0.9957464702E+000   0.1010765654E+001
 0.4242424   0.8722373593E+000   0.9973412582E+000   0.1011959371E+001   0.9998022765E+000
 0.4343434   0.9141130740E+000   0.9927431935E+000   0.1010109071E+001   0.9756537897E+000
 0.4444444   0.9622018493E+000   0.1000963491E+001   0.1034853205E+001   0.1011373353E+001
 0.4545455   0.1020995012E+001   0.9603762003E+000   0.1064860448E+001   0.1013995492E+001
 0.4646465   0.1081716803E+001   0.1025229023E+001   0.1059454728E+001   0.1006990128E+001
 0.4747475   0.1142118226E+001   0.1000277895E+001   0.1085356100E+001   0.1008099222E+001
 0.4848485   0.1210188802E+001   0.9962443044E+000   0.1094141725E+001   0.9951869568E+000
 0.4949495   0.1276747094E+001   0.9789261462E+000   0.1121727083E+001   0.1013710246E+001
 0.5050505   0.1320501381E+001   0.9864699889E+000   0.1127492356E+001   0.9821914211E+000
 0.5151515   0.1331100433E+001   0.1025302154E+001   0.1130790345E+001   0.1023036558E+001
 0.5252525   0.1306625722E+001   0.9909674995E+000   0.1114516520E+001   0.9758008421E+000
 0.5353535   0.1324644819E+001   0.9949553837E+000   0.1125880214E+001   0.1005241444E+001
 0.5454545   0.1332452075E+001   0.9909240785E+000   0.1116543737E+001   0.1000886567E+001
 0.5555556   0.1334811237E+001   0.9983719377E+000   0.1120247566E+001   0.9927012395E+000
 0.5656566   0.1328113618E+001   0.9947154250E+000   0.1127238353E+001   0.9857773740E+000
 0.5757576   0.1299312326E+001   0.9786359105E+000   0.1131737886E+001   0.1024262585E+001
 0.5858586   0.1328818820E+001   0.9778840401E+000   0.1124069892E+001   0.1016050682E+001
 0.5959596   0.1329417409E+001   0.9797945680E+000   0.1124427066E+001   0.1012034203E+001
 0.6060606   0.1320888852E+001   0.1001473118E+001   0.1121782340E+001   0.9933213400E+000
 0.6161616   0.1321308513E+001   0.1003792718E+001   0.1130318069E+001   0.1029761991E+001
 0.6262626   0.1320343502E+001   0.1013354498E+001   0.1128547254E+001   0.1010005588E+001
 0.6363636   0.1333262735E+001   0.1007344106E+001   0.1120715797E+001   0.1016679642E+001
 0.6464646   0.1320734880E+001   0.9860243515E+000   0.1130032970E+001   0.1016018792E+001
 0.6565657   0.1322975896E+001   0.1001868478E+001   0.1111340822E+001   0.1000323161E+001
 0.6666667   0.1313076912E+001   0.1010068208E+001   0.1123774566E+001   0.9902686736E+000
 0.6767677   0.1331998996E+001   0.9829323129E+000   0.1122957614E+001   0.9655939872E+000
 0.6868687   0.1313704663E+001   0.9646748880E+000   0.1125465724E+001   0.9921342904E+000
 0.6969697   0.1321821400E+001   0.9734413772E+000   0.1128688153E+001   0.1023174752E+001
 0.7070707   0.1317540429E+001   0.9646200403E+000   0.1113443971E+001   0.9896698337E+000
 0.7171717   0.1315867000E+001   0.9879280234E+000   0.1128631261E+001   0.1018481477E+001
 0.7272727   0.1332691188E+001   0.9875875106E+000   0.1130632199E+001   0.1009552029E+001
 0.7373737   0.1329689683E+001   0.9736219175E+000   0.1130848937E+001   0.1002670684E+001
 0.7474747   0.1321735962E+001   0.9798996927E+000   0.1127123634E+001   0.1022062114E+001
 0.7575758   0.1329843798E+001   0.9709869431E+000   0.1134034426E+001   0.1005439876E+001
 0.7676768   0.1318350097E+001   0.9558969723E+000   0.1124768341E+001   0.9919553471E+000
 0.7777778   0.1315487111E+001   0.9740355605E+000   0.1124980330E+001   0.1009915230E+001
 0.7878788   0.1324134800E+001   0.9835973412E+000   0.1115403464E+001   0.9974689268E+000
 0.7979798   0.1322030376E+001   0.9613954532E+000   0.1130484874E+001   0.9930857018E+000
 0.8080808   0.1321434786E+001   0.9636464938E+000   0.1129192593E+001   0.9989802004E+000
 0.8181818   0.1337288798E+001   0.9806035714E+000   0.1136050469E+001   0.1004869384E+001
 0.8282828   0.1329022697E+001   0.9596266152E+000   0.1130501400E+001   0.9903944654E+000
 0.8383838   0.1320776853E+001   0.9714440071E+000   0.1133977073E+001   0.1005609961E+001
 0.8484848   0.1315275110E+001   0.9423267396E+000   0.1117434208E+001   0.9750230589E+000
 0.8585859   0.1322902814E+001   0.9709846577E+000   0.1131283296E+001   0.1006926346E+001
 0.8686869   0.1319513382E+001   0.9811520483E+000   0.1122795643E+001   0.9952507385E+000
 0.8787879   0.1322401708E+001   0.9793466452E+000   0.1123437733E+001   0.1001519069E+001
 0.8888889   0.1315144066E+001   0.9653193484E+000   0.1125475812E+001   0.1013145068E+001
 0.8989899   0.1329996929E+001   0.9639710093E+000   0.1121665516E+001   0.9806464849E+000
 0.9090909   0.1317979786E+001   0.9563403244E+000   0.1126609499E+001   0.9782706140E+000
 0.9191919   0.1310679716E+001   0.9715605585E+000   0.1120182148E+001   0.1011628480E+001
 0.9292929   0.1325743001E+001   0.9740081367E+000   0.1130720768E+001   0.9992459577E+000
 0.9393939   0.1329592626E+001   0.9894797559E+000   0.1131044001E+001   0.1002525404E+001
 0.9494949   0.1338102883E+001   0.9681782842E+000   0.1140256714E+001   0.9968151636E+000
 0.9595960   0.1329049368E+001   0.9568910867E+000   0.1123751173E+001   0.9922264196E+000
 0.9696970   0.1324008459E+001   0.9770179037E+000   0.1119584762E+001   0.9968240222E+000
 0.9797980   0.1325350239E+001   0.9729294654E+000   0.1119373318E+001   0.9915088747E+000
 0.9898990   0.1336065087E+001   0.9731031498E+000   0.1134111276E+001   0.1001508439E+001
 1.0000000   0.1342714634E+001   0.9766339698E+000   0.1129357472E+001   0.9858358406E+000


