 0.0000000   0.1451027933E+000   0.9736932954E+000   0.5929503230E+000   0.1006993040E+001
 0.0101010   0.1433202246E+000   0.9844542849E+000   0.5892823666E+000   0.1027439412E+001
 0.0202020   0.1421724577E+000   0.9814597613E+000   0.5924531549E+000   0.1019526081E+001
 0.0303030   0.1368912444E+000   0.9748046458E+000   0.5866387751E+000   0.1009843912E+001
 0.0404040   0.1321827891E+000   0.9774002707E+000   0.5908115523E+000   0.1008679806E+001
 0.0505051   0.1239988197E+000   0.9494235533E+000   0.5869131651E+000   0.9852767326E+000
 0.0606061   0.1159910728E+000   0.9772518433E+000   0.5894057265E+000   0.1029495496E+001
 0.0707071   0.1087581612E+000   0.9902837727E+000   0.5940144773E+000   0.1024055081E+001
 0.0808081   0.9839558846E-001   0.9530099313E+000   0.5824560811E+000   0.9954880404E+000
 0.0909091   0.9059915026E-001   0.9330983900E+000   0.5827215564E+000   0.9865596253E+000
 0.1010101   0.8464966408E-001   0.9744447093E+000   0.5905234357E+000   0.1012960435E+001
 0.1111111   0.7785603895E-001   0.9772258685E+000   0.5901587394E+000   0.1029188812E+001
 0.1212121   0.7395807593E-001   0.9736190816E+000   0.5924507571E+000   0.1005790058E+001
 0.1313131   0.7008035313E-001   0.1000833253E+001   0.6003677962E+000   0.1032011608E+001
 0.1414141   0.6835788081E-001   0.9682218888E+000   0.5993455419E+000   0.9975851596E+000
 0.1515152   0.6568364500E-001   0.1002599540E+001   0.6078519211E+000   0.1013696910E+001
 0.1616162   0.6490644969E-001   0.9695892766E+000   0.6114518004E+000   0.1042484245E+001
 0.1717172   0.6543304437E-001   0.9786600486E+000   0.6154738778E+000   0.1022325120E+001
 0.1818182   0.6657328452E-001   0.9948850234E+000   0.6254720025E+000   0.1029270882E+001
 0.1919192   0.6796305181E-001   0.9877067012E+000   0.6393920917E+000   0.1016228139E+001
 0.2020202   0.7007593326E-001   0.9882373293E+000   0.6430051443E+000   0.9989717204E+000
 0.2121212   0.7225744227E-001   0.9655520502E+000   0.6507115750E+000   0.1013528449E+001
 0.2222222   0.7616219304E-001   0.9804857062E+000   0.6616962427E+000   0.9930863961E+000
 0.2323232   0.8138056446E-001   0.9992636329E+000   0.6763993280E+000   0.1030463065E+001
 0.2424242   0.8505491483E-001   0.9750068782E+000   0.6833058077E+000   0.1019018539E+001
 0.2525253   0.9180103472E-001   0.9691439943E+000   0.6930765573E+000   0.9861363139E+000
 0.2626263   0.9891138305E-001   0.9760811218E+000   0.7062070116E+000   0.1002399247E+001
 0.2727273   0.1066107945E+000   0.9980428172E+000   0.7143585873E+000   0.9970819374E+000
 0.2828283   0.1161408918E+000   0.9866417343E+000   0.7365211367E+000   0.1015569415E+001
 0.2929293   0.1261851730E+000   0.9924137065E+000   0.7408452145E+000   0.9828578103E+000
 0.3030303   0.1359385448E+000   0.9870647525E+000   0.7674149619E+000   0.1032268618E+001
 0.3131313   0.1472266241E+000   0.9940965026E+000   0.7748840629E+000   0.1025733208E+001
 0.3232323   0.1622376521E+000   0.9933859062E+000   0.7897383126E+000   0.9933909211E+000
 0.3333333   0.1769140214E+000   0.9782926907E+000   0.8168688729E+000   0.1027210479E+001
 0.3434343   0.1956439986E+000   0.9959629777E+000   0.8162365946E+000   0.9963368229E+000
 0.3535354   0.2139955573E+000   0.1004874190E+001   0.8528689712E+000   0.1036175610E+001
 0.3636364   0.2395191867E+000   0.9927198381E+000   0.8626930679E+000   0.9913585944E+000
 0.3737374   0.2627568122E+000   0.9857196288E+000   0.8772415818E+000   0.1007243571E+001
 0.3838384   0.2860466216E+000   0.9584497971E+000   0.8898522771E+000   0.9899374776E+000
 0.3939394   0.3184585602E+000   0.9673368902E+000   0.9294686682E+000   0.1055123114E+001
 0.4040404   0.3584442703E+000   0.9958293930E+000   0.9477683440E+000   0.1022035713E+001
 0.4141414   0.3954017730E+000   0.9870610418E+000   0.9702882090E+000   0.9889007966E+000
 0.4242424   0.4506474897E+000   0.1017162127E+001   0.9876846912E+000   0.1014744390E+001
 0.4343434   0.4873295694E+000   0.1002406584E+001   0.1005122867E+001   0.1008146347E+001
 0.4444444   0.5504965170E+000   0.1020321776E+001   0.1034893886E+001   0.1009573943E+001
 0.4545455   0.6169055358E+000   0.1014076692E+001   0.1057598256E+001   0.9972935931E+000
 0.4646465   0.6990408227E+000   0.1041146146E+001   0.1088246119E+001   0.9977190642E+000
 0.4747475   0.7707406500E+000   0.1027273747E+001   0.1112743212E+001   0.1012565200E+001
 0.4848485   0.8606452439E+000   0.1018553634E+001   0.1138090090E+001   0.1001466234E+001
 0.4949495   0.9720469010E+000   0.1023308878E+001   0.1161795510E+001   0.1006012512E+001
 0.5050505   0.1024809476E+001   0.1011022797E+001   0.1181049761E+001   0.9920691528E+000
 0.5151515   0.1020592975E+001   0.1015034049E+001   0.1184421891E+001   0.1005973637E+001
 0.5252525   0.1026920131E+001   0.9994306138E+000   0.1180515197E+001   0.9807390935E+000
 0.5353535   0.1044720790E+001   0.1022238346E+001   0.1182144947E+001   0.9923650389E+000
 0.5454545   0.1047387233E+001   0.1015894928E+001   0.1179136058E+001   0.9949437828E+000
 0.5555556   0.1050017840E+001   0.1028513116E+001   0.1171488648E+001   0.9997859470E+000
 0.5656566   0.1058051673E+001   0.1014525685E+001   0.1178880353E+001   0.1008792113E+001
 0.5757576   0.1052833784E+001   0.9958887639E+000   0.1187479610E+001   0.1031782674E+001
 0.5858586   0.1074088569E+001   0.1006126547E+001   0.1188312283E+001   0.1001550464E+001
 0.5959596   0.1093335024E+001   0.1013232511E+001   0.1190109009E+001   0.9944664776E+000
 0.6060606   0.1101092825E+001   0.1017779956E+001   0.1196790539E+001   0.9769595274E+000
 0.6161616   0.1118600486E+001   0.1004219254E+001   0.1200850138E+001   0.1023776473E+001
 0.6262626   0.1117236629E+001   0.1005211863E+001   0.1180259379E+001   0.9842335723E+000
 0.6363636   0.1139352199E+001   0.1023145608E+001   0.1189710550E+001   0.1009673292E+001
 0.6464646   0.1166888681E+001   0.1008850190E+001   0.1197389801E+001   0.9856201332E+000
 0.6565657   0.1192580694E+001   0.1023052841E+001   0.1210079035E+001   0.9989479632E+000
 0.6666667   0.1207245999E+001   0.1039287093E+001   0.1199083594E+001   0.9727609694E+000
 0.6767677   0.1222716099E+001   0.9790867775E+000   0.1204487717E+001   0.9894904089E+000
 0.6868687   0.1252871506E+001   0.1026991734E+001   0.1197574532E+001   0.1005869969E+001
 0.6969697   0.1289753730E+001   0.9998517766E+000   0.1209893237E+001   0.1004546041E+001
 0.7070707   0.1306961316E+001   0.1025355322E+001   0.1217289806E+001   0.9909633598E+000
 0.7171717   0.1344345952E+001   0.1017273448E+001   0.1222368685E+001   0.1004070895E+001
 0.7272727   0.1384463472E+001   0.1008859467E+001   0.1222304760E+001   0.1004908879E+001
 0.7373737   0.1411331609E+001   0.1022060233E+001   0.1226950007E+001   0.9908035381E+000
 0.7474747   0.1449721827E+001   0.1018457156E+001   0.1229604201E+001   0.1000204939E+001
 0.7575758   0.1485813994E+001   0.1009323303E+001   0.1226058472E+001   0.9897301414E+000
 0.7676768   0.1544246677E+001   0.1023229099E+001   0.1227806963E+001   0.9800998069E+000
 0.7777778   0.1561876216E+001   0.9992246707E+000   0.1237536793E+001   0.9834884579E+000
 0.7878788   0.1627303960E+001   0.1028917580E+001   0.1247548659E+001   0.1009336371E+001
 0.7979798   0.1675103715E+001   0.1022288440E+001   0.1243377014E+001   0.9912830031E+000
 0.8080808   0.1731512300E+001   0.1006369597E+001   0.1248848517E+001   0.9929006574E+000
 0.8181818   0.1786548646E+001   0.1014297477E+001   0.1260884085E+001   0.9902765586E+000
 0.8282828   0.1849281270E+001   0.1004005890E+001   0.1261346725E+001   0.9785728622E+000
 0.8383838   0.1907688632E+001   0.9963897066E+000   0.1261720810E+001   0.9589536744E+000
 0.8484848   0.1978278634E+001   0.1019034168E+001   0.1268418805E+001   0.9900281871E+000
 0.8585859   0.2065972635E+001   0.9986346716E+000   0.1285393107E+001   0.9933390871E+000
 0.8686869   0.2136674728E+001   0.1016605524E+001   0.1278420035E+001   0.9824992914E+000
 0.8787879   0.2219901289E+001   0.1015611060E+001   0.1272523342E+001   0.9713657695E+000
 0.8888889   0.2326478889E+001   0.1021967465E+001   0.1286126882E+001   0.9822833162E+000
 0.8989899   0.2417952463E+001   0.1024093689E+001   0.1298225413E+001   0.9911015839E+000
 0.9090909   0.2554125288E+001   0.1005978119E+001   0.1306700147E+001   0.9695105425E+000
 0.9191919   0.2670750964E+001   0.1020683568E+001   0.1340814978E+001   0.9906761128E+000
 0.9292929   0.2767961184E+001   0.1009686950E+001   0.1321397352E+001   0.9638671104E+000
 0.9393939   0.2883509844E+001   0.1007174816E+001   0.1323805955E+001   0.9717329274E+000
 0.9494949   0.3031668767E+001   0.1019381117E+001   0.1338038101E+001   0.9874710407E+000
 0.9595960   0.3187519205E+001   0.1009280630E+001   0.1345781529E+001   0.9601523368E+000
 0.9696970   0.3308426651E+001   0.1006573684E+001   0.1350747436E+001   0.9761625789E+000
 0.9797980   0.3492547344E+001   0.1010328899E+001   0.1356935984E+001   0.9555477454E+000
 0.9898990   0.3630256908E+001   0.9999779400E+000   0.1352512888E+001   0.9674803756E+000
 1.0000000   0.3792788810E+001   0.1010974558E+001   0.1383095967E+001   0.9795944249E+000


 0.0000000   0.1035358004E+001   0.9616708779E+000   0.8301617463E+000   0.1026992907E+001
 0.0101010   0.1028763017E+001   0.9615639972E+000   0.8329391490E+000   0.1038564464E+001
 0.0202020   0.1022759837E+001   0.9238731522E+000   0.8333990250E+000   0.1011858990E+001
 0.0303030   0.9836492358E+000   0.9075675050E+000   0.8105114540E+000   0.9697840357E+000
 0.0404040   0.9632180284E+000   0.9139731009E+000   0.8209395559E+000   0.9809866896E+000
 0.0505051   0.9248470804E+000   0.9210272272E+000   0.8175961888E+000   0.9886180948E+000
 0.0606061   0.8754574528E+000   0.9564427813E+000   0.8104231770E+000   0.1015301345E+001
 0.0707071   0.8311057714E+000   0.9397186690E+000   0.8143947000E+000   0.9953427983E+000
 0.0808081   0.7816476908E+000   0.9586854645E+000   0.8201426397E+000   0.1021350467E+001
 0.0909091   0.7234007671E+000   0.9524048647E+000   0.8070759290E+000   0.9825223043E+000
 0.1010101   0.6749716898E+000   0.9517255382E+000   0.8116344156E+000   0.1000596334E+001
 0.1111111   0.6200050399E+000   0.9800978353E+000   0.8050325325E+000   0.1010990068E+001
 0.1212121   0.5647265789E+000   0.9778460945E+000   0.7996019329E+000   0.1006056544E+001
 0.1313131   0.5234334983E+000   0.9589934258E+000   0.8048616087E+000   0.1015721361E+001
 0.1414141   0.4887222519E+000   0.9820814687E+000   0.7962363443E+000   0.1016505836E+001
 0.1515152   0.4612167128E+000   0.9788207015E+000   0.8028494515E+000   0.9956539214E+000
 0.1616162   0.4390861650E+000   0.9899181790E+000   0.8065335047E+000   0.1009494455E+001
 0.1717172   0.4140367275E+000   0.9624154198E+000   0.8088694433E+000   0.9996007402E+000
 0.1818182   0.4044001632E+000   0.9882533762E+000   0.8089844291E+000   0.9699440418E+000
 0.1919192   0.3975164347E+000   0.9928093925E+000   0.8153662269E+000   0.1008367745E+001
 0.2020202   0.3951698121E+000   0.9814401845E+000   0.8258596960E+000   0.1051838309E+001
 0.2121212   0.3875049084E+000   0.9492890205E+000   0.8268172005E+000   0.9994140663E+000
 0.2222222   0.3935870033E+000   0.9702158994E+000   0.8323236807E+000   0.1031390854E+001
 0.2323232   0.3965573627E+000   0.1010879477E+001   0.8421985854E+000   0.1009312225E+001
 0.2424242   0.4060903388E+000   0.1010185658E+001   0.8421010236E+000   0.1000269655E+001
 0.2525253   0.4120368235E+000   0.9791757628E+000   0.8515683087E+000   0.9860802192E+000
 0.2626263   0.4199524419E+000   0.1026246748E+001   0.8464456824E+000   0.9667639193E+000
 0.2727273   0.4353688938E+000   0.1012497180E+001   0.8683115875E+000   0.1016705844E+001
 0.2828283   0.4430491828E+000   0.9904688864E+000   0.8661327578E+000   0.9987851532E+000
 0.2929293   0.4610014026E+000   0.9951698256E+000   0.8814966743E+000   0.9897359156E+000
 0.3030303   0.4838138617E+000   0.9961806635E+000   0.8860819565E+000   0.1008061066E+001
 0.3131313   0.5028550840E+000   0.1016022431E+001   0.8891984435E+000   0.1007861058E+001
 0.3232323   0.5201387139E+000   0.1018002442E+001   0.9125577811E+000   0.9975384385E+000
 0.3333333   0.5450595403E+000   0.1024359126E+001   0.9179155370E+000   0.9712307581E+000
 0.3434343   0.5662342106E+000   0.1014556898E+001   0.9242212362E+000   0.9995162925E+000
 0.3535354   0.5943110231E+000   0.1019506018E+001   0.9334374552E+000   0.9910448549E+000
 0.3636364   0.6173290884E+000   0.1016006128E+001   0.9513916574E+000   0.9811889196E+000
 0.3737374   0.6493722148E+000   0.1023312058E+001   0.9434712038E+000   0.9909692965E+000
 0.3838384   0.6871666592E+000   0.1025618145E+001   0.9640088439E+000   0.1010670056E+001
 0.3939394   0.7205845918E+000   0.1044843990E+001   0.9733717287E+000   0.9811778081E+000
 0.4040404   0.7603985962E+000   0.1043392948E+001   0.9908781635E+000   0.9995762948E+000
 0.4141414   0.8045783954E+000   0.1015667370E+001   0.9980683475E+000   0.1002514186E+001
 0.4242424   0.8422997363E+000   0.1007345168E+001   0.1006693236E+001   0.9825089705E+000
 0.4343434   0.9043688239E+000   0.1016462635E+001   0.1023344013E+001   0.1006207661E+001
 0.4444444   0.9536353068E+000   0.1012294288E+001   0.1026308019E+001   0.9816644935E+000
 0.4545455   0.1009253645E+001   0.1012085961E+001   0.1051407871E+001   0.9909848526E+000
 0.4646465   0.1061107181E+001   0.1007932106E+001   0.1061107371E+001   0.1007269925E+001
 0.4747475   0.1122077987E+001   0.1017201742E+001   0.1077394242E+001   0.9858957676E+000
 0.4848485   0.1203810867E+001   0.1010499054E+001   0.1089562715E+001   0.9988184878E+000
 0.4949495   0.1265479636E+001   0.9829202104E+000   0.1108390565E+001   0.9965806238E+000
 0.5050505   0.1312677726E+001   0.1011799738E+001   0.1101335868E+001   0.9983940270E+000
 0.5151515   0.1320210541E+001   0.1000758418E+001   0.1105107304E+001   0.9864980131E+000
 0.5252525   0.1311309518E+001   0.1013709098E+001   0.1118489181E+001   0.9847401675E+000
 0.5353535   0.1310518737E+001   0.9887388682E+000   0.1102055664E+001   0.1001427477E+001
 0.5454545   0.1309504546E+001   0.9819274880E+000   0.1118454053E+001   0.9911959719E+000
 0.5555556   0.1311573610E+001   0.9776631292E+000   0.1107483888E+001   0.9931827151E+000
 0.5656566   0.1328828108E+001   0.9893873986E+000   0.1116287172E+001   0.9985251432E+000
 0.5757576   0.1320547500E+001   0.9946100606E+000   0.1095561499E+001   0.9923671281E+000
 0.5858586   0.1318824059E+001   0.1007539002E+001   0.1099743246E+001   0.1000062980E+001
 0.5959596   0.1331238511E+001   0.1028320958E+001   0.1105238663E+001   0.1010565607E+001
 0.6060606   0.1308624508E+001   0.1009593286E+001   0.1116452058E+001   0.9904670549E+000
 0.6161616   0.1320549923E+001   0.1007732837E+001   0.1105403496E+001   0.9911204134E+000
 0.6262626   0.1303270215E+001   0.9787808477E+000   0.1109484745E+001   0.1000411883E+001
 0.6363636   0.1324440276E+001   0.9948165759E+000   0.1118370638E+001   0.9959672668E+000
 0.6464646   0.1321170881E+001   0.1009051636E+001   0.1118940057E+001   0.9987318178E+000
 0.6565657   0.1317595937E+001   0.1001819979E+001   0.1109442366E+001   0.9868891392E+000
 0.6666667   0.1319981630E+001   0.1018844807E+001   0.1125510086E+001   0.1040468982E+001
 0.6767677   0.1306790135E+001   0.9864690120E+000   0.1107461967E+001   0.1007443265E+001
 0.6868687   0.1313532327E+001   0.1010732743E+001   0.1117473266E+001   0.1003163100E+001
 0.6969697   0.1322509121E+001   0.1026868105E+001   0.1110539516E+001   0.1002911979E+001
 0.7070707   0.1320770814E+001   0.1007830660E+001   0.1102017971E+001   0.9822822951E+000
 0.7171717   0.1324418000E+001   0.1022609181E+001   0.1117656142E+001   0.9987540409E+000
 0.7272727   0.1313420261E+001   0.1002347136E+001   0.1102212219E+001   0.9753886961E+000
 0.7373737   0.1326323709E+001   0.1030364372E+001   0.1123643564E+001   0.1025761748E+001
 0.7474747   0.1317049782E+001   0.9978690162E+000   0.1110265452E+001   0.9754109192E+000
 0.7575758   0.1319167970E+001   0.1020176286E+001   0.1101599542E+001   0.1007316593E+001
 0.7676768   0.1308760355E+001   0.1014853990E+001   0.1116075191E+001   0.1008598865E+001
 0.7777778   0.1325870863E+001   0.1036539903E+001   0.1122599936E+001   0.1032619790E+001
 0.7878788   0.1315721164E+001   0.1013901121E+001   0.1107491881E+001   0.1013794620E+001
 0.7979798   0.1316479491E+001   0.1021812105E+001   0.1113750211E+001   0.1019232608E+001
 0.8080808   0.1310096547E+001   0.1016373870E+001   0.1104272111E+001   0.9945849913E+000
 0.8181818   0.1314303372E+001   0.1032953059E+001   0.1104346786E+001   0.1010530050E+001
 0.8282828   0.1322169393E+001   0.1027724962E+001   0.1114186787E+001   0.1007545491E+001
 0.8383838   0.1314851467E+001   0.1034346131E+001   0.1106098728E+001   0.1005865426E+001
 0.8484848   0.1313158787E+001   0.1025529379E+001   0.1108013812E+001   0.1007789945E+001
 0.8585859   0.1318264841E+001   0.1008528102E+001   0.1113414327E+001   0.9876425016E+000
 0.8686869   0.1323197079E+001   0.1011683800E+001   0.1112115729E+001   0.9992451709E+000
 0.8787879   0.1311914479E+001   0.1010881289E+001   0.1103129643E+001   0.9931316020E+000
 0.8888889   0.1301882052E+001   0.9945412222E+000   0.1096218372E+001   0.9769354224E+000
 0.8989899   0.1329279151E+001   0.1018669087E+001   0.1110407557E+001   0.9993696202E+000
 0.9090909   0.1312062006E+001   0.1019252402E+001   0.1100659433E+001   0.1002589744E+001
 0.9191919   0.1315752802E+001   0.1016690889E+001   0.1105870756E+001   0.9913759788E+000
 0.9292929   0.1327112981E+001   0.1023741392E+001   0.1114928269E+001   0.9979717885E+000
 0.9393939   0.1312048630E+001   0.1000271115E+001   0.1104194022E+001   0.9797088626E+000
 0.9494949   0.1321981914E+001   0.1025398949E+001   0.1116032987E+001   0.1003334217E+001
 0.9595960   0.1314150911E+001   0.1036829749E+001   0.1114763491E+001   0.1014354642E+001
 0.9696970   0.1321802008E+001   0.1014069594E+001   0.1118539130E+001   0.9844446006E+000
 0.9797980   0.1323340731E+001   0.1030060034E+001   0.1118860248E+001   0.1008065511E+001
 0.9898990   0.1321145856E+001   0.1018919080E+001   0.1113624473E+001   0.9918404411E+000
 1.0000000   0.1327289296E+001   0.1016401043E+001   0.1124557463E+001   0.1024150575E+001


