#   100 bins for weightfunction of cd                      
 0.0000000    0.3177648926E+001    0.1927716064E+001
 0.0101010    0.3137475586E+001    0.1888299561E+001
 0.0202020    0.3188891602E+001    0.1946801758E+001
 0.0303030    0.3252703857E+001    0.1958160400E+001
 0.0404040    0.3241430664E+001    0.1945526123E+001
 0.0505051    0.3307800293E+001    0.1927453613E+001
 0.0606061    0.3397351074E+001    0.1976751709E+001
 0.0707071    0.3437463379E+001    0.1946539307E+001
 0.0808081    0.3527227783E+001    0.1986187744E+001
 0.0909091    0.3577136230E+001    0.1936682129E+001
 0.1010101    0.3641448975E+001    0.1959936523E+001
 0.1111111    0.3727996826E+001    0.1930810547E+001
 0.1212121    0.3774200439E+001    0.1926403809E+001
 0.1313131    0.3805804443E+001    0.1939794922E+001
 0.1414141    0.3841491699E+001    0.1910992432E+001
 0.1515152    0.3870568848E+001    0.1906823730E+001
 0.1616162    0.3873742676E+001    0.1902398682E+001
 0.1717172    0.3840258789E+001    0.1875659180E+001
 0.1818182    0.3866333008E+001    0.1879522705E+001
 0.1919192    0.3822766113E+001    0.1818243408E+001
 0.2020202    0.3785266113E+001    0.1852783203E+001
 0.2121212    0.3761724854E+001    0.1838513184E+001
 0.2222222    0.3749291992E+001    0.1835327148E+001
 0.2323232    0.3656793213E+001    0.1789508057E+001
 0.2424242    0.3586511230E+001    0.1795172119E+001
 0.2525253    0.3528704834E+001    0.1759753418E+001
 0.2626263    0.3475628662E+001    0.1708380127E+001
 0.2727273    0.3375500488E+001    0.1695672607E+001
 0.2828283    0.3331848145E+001    0.1687756348E+001
 0.2929293    0.3213647461E+001    0.1642303467E+001
 0.3030303    0.3167529297E+001    0.1621105957E+001
 0.3131313    0.3079852295E+001    0.1586547852E+001
 0.3232323    0.2995166016E+001    0.1602294922E+001
 0.3333333    0.2877880859E+001    0.1555084229E+001
 0.3434343    0.2750366211E+001    0.1538970947E+001
 0.3535354    0.2720642090E+001    0.1509271240E+001
 0.3636364    0.2625585938E+001    0.1481207275E+001
 0.3737374    0.2525128174E+001    0.1453308105E+001
 0.3838384    0.2418255615E+001    0.1423834229E+001
 0.3939394    0.2322021484E+001    0.1428497314E+001
 0.4040404    0.2189538574E+001    0.1384338379E+001
 0.4141414    0.2102313232E+001    0.1327209473E+001
 0.4242424    0.1982690430E+001    0.1313995361E+001
 0.4343434    0.1881146240E+001    0.1303326416E+001
 0.4444444    0.1809539795E+001    0.1277423096E+001
 0.4545455    0.1663922119E+001    0.1250518799E+001
 0.4646465    0.1575811768E+001    0.1212432861E+001
 0.4747475    0.1483062744E+001    0.1184594727E+001
 0.4848485    0.1383862305E+001    0.1177606201E+001
 0.4949495    0.1211285400E+001    0.1133074951E+001
 0.5050505    0.1176141357E+001    0.1139221191E+001
 0.5151515    0.1173571777E+001    0.1113995361E+001
 0.5252525    0.1176947021E+001    0.1139385986E+001
 0.5353535    0.1157257080E+001    0.1104437256E+001
 0.5454545    0.1173547363E+001    0.1143853760E+001
 0.5555556    0.1194244385E+001    0.1172052002E+001
 0.5656566    0.1154913330E+001    0.1121643066E+001
 0.5757576    0.1144689941E+001    0.1117175293E+001
 0.5858586    0.1133441162E+001    0.1143286133E+001
 0.5959596    0.1131225586E+001    0.1130694580E+001
 0.6060606    0.1136016846E+001    0.1136712646E+001
 0.6161616    0.1137658691E+001    0.1117547607E+001
 0.6262626    0.1115814209E+001    0.1114855957E+001
 0.6363636    0.1072393799E+001    0.1119268799E+001
 0.6464646    0.1071295166E+001    0.1126800537E+001
 0.6565657    0.1066754150E+001    0.1100372314E+001
 0.6666667    0.1041986084E+001    0.1096197510E+001
 0.6767677    0.1006304932E+001    0.1095428467E+001
 0.6868687    0.9724243164E+000    0.1094494629E+001
 0.6969697    0.9731811523E+000    0.1112500000E+001
 0.7070707    0.9432006836E+000    0.1092340088E+001
 0.7171717    0.9200012207E+000    0.1095037842E+001
 0.7272727    0.8996032715E+000    0.1093078613E+001
 0.7373737    0.8909362793E+000    0.1064819336E+001
 0.7474747    0.8785095215E+000    0.1099047852E+001
 0.7575758    0.8467102051E+000    0.1088079834E+001
 0.7676768    0.7878723145E+000    0.1081988525E+001
 0.7777778    0.7647399902E+000    0.1061114502E+001
 0.7878788    0.7469604492E+000    0.1073712158E+001
 0.7979798    0.7249084473E+000    0.1065319824E+001
 0.8080808    0.7124084473E+000    0.1078814697E+001
 0.8181818    0.6595947266E+000    0.1046942139E+001
 0.8282828    0.6254943848E+000    0.1053118896E+001
 0.8383838    0.5983642578E+000    0.1035107422E+001
 0.8484848    0.5456604004E+000    0.1045233154E+001
 0.8585859    0.5104370117E+000    0.1027020264E+001
 0.8686869    0.5078735352E+000    0.1025659180E+001
 0.8787879    0.4511474609E+000    0.1019854736E+001
 0.8888889    0.4020446777E+000    0.1005621338E+001
 0.8989899    0.3792358398E+000    0.1016912842E+001
 0.9090909    0.3192749023E+000    0.9900939941E+000
 0.9191919    0.2933898926E+000    0.9870544434E+000
 0.9292929    0.2525939941E+000    0.9940429688E+000
 0.9393939    0.2516418457E+000    0.1023919678E+001
 0.9494949    0.1714843750E+000    0.9819885254E+000
 0.9595960    0.1460388184E+000    0.9899291992E+000
 0.9696970    0.7410888672E-001    0.9705932617E+000
 0.9797980    0.4789428711E-001    0.9480895996E+000
 0.9898990    0.5767822266E-002    0.9870727539E+000
 1.0000000    0.0000000000E+000    0.9709960938E+000


#   100 bins for weightfunction of Ar                      
 0.0000000    0.1640740967E+001    0.3925582886E+000
 0.0101010    0.1658370972E+001    0.4170471191E+000
 0.0202020    0.1645645142E+001    0.3987808228E+000
 0.0303030    0.1632809448E+001    0.3621185303E+000
 0.0404040    0.1683538818E+001    0.3864532471E+000
 0.0505051    0.1705564880E+001    0.4006912231E+000
 0.0606061    0.1779255676E+001    0.4097930908E+000
 0.0707071    0.1800801086E+001    0.3971069336E+000
 0.0808081    0.1891293335E+001    0.4056976318E+000
 0.0909091    0.1979547119E+001    0.4165512085E+000
 0.1010101    0.2029815674E+001    0.4287902832E+000
 0.1111111    0.2103392029E+001    0.4399917603E+000
 0.1212121    0.2180007935E+001    0.4256622314E+000
 0.1313131    0.2228887939E+001    0.4281692505E+000
 0.1414141    0.2317280579E+001    0.4624557495E+000
 0.1515152    0.2326367187E+001    0.4061187744E+000
 0.1616162    0.2407153320E+001    0.4373809814E+000
 0.1717172    0.2414509583E+001    0.4120223999E+000
 0.1818182    0.2481867981E+001    0.4315689087E+000
 0.1919192    0.2507922363E+001    0.4363555908E+000
 0.2020202    0.2498483276E+001    0.4126541138E+000
 0.2121212    0.2491539001E+001    0.4277450562E+000
 0.2222222    0.2465766907E+001    0.3889419556E+000
 0.2323232    0.2499967957E+001    0.3666381836E+000
 0.2424242    0.2460366821E+001    0.4138381958E+000
 0.2525253    0.2469947815E+001    0.3893203735E+000
 0.2626263    0.2413319397E+001    0.3622543335E+000
 0.2727273    0.2353811646E+001    0.3347778320E+000
 0.2828283    0.2326298523E+001    0.3397186279E+000
 0.2929293    0.2323912048E+001    0.3140914917E+000
 0.3030303    0.2247660828E+001    0.2889968872E+000
 0.3131313    0.2232376099E+001    0.3536529541E+000
 0.3232323    0.2207807922E+001    0.2988708496E+000
 0.3333333    0.2159028625E+001    0.2754745483E+000
 0.3434343    0.2095129395E+001    0.2665527344E+000
 0.3535354    0.2048860168E+001    0.2409393311E+000
 0.3636364    0.1986450195E+001    0.2389663696E+000
 0.3737374    0.1968518066E+001    0.1797027588E+000
 0.3838384    0.1926832581E+001    0.2119888306E+000
 0.3939394    0.1858276367E+001    0.1955810547E+000
 0.4040404    0.1819718933E+001    0.1768402100E+000
 0.4141414    0.1754321289E+001    0.1482315063E+000
 0.4242424    0.1693756104E+001    0.1302795410E+000
 0.4343434    0.1643917847E+001    0.1234771729E+000
 0.4444444    0.1605480957E+001    0.1256881714E+000
 0.4545455    0.1515884399E+001    0.9977722168E-001
 0.4646465    0.1479399109E+001    0.1012283325E+000
 0.4747475    0.1418748474E+001    0.1023712158E+000
 0.4848485    0.1379177856E+001    0.3738250732E-001
 0.4949495    0.1350321960E+001    0.3238983154E-001
 0.5050505    0.1299774170E+001    0.1077575684E-001
 0.5151515    0.1282150269E+001    0.4779510498E-001
 0.5252525    0.1265763855E+001    0.1778106689E-001
 0.5353535    0.1286315918E+001    0.2424774170E-001
 0.5454545    0.1275938416E+001    0.5130767822E-001
 0.5555556    0.1266944885E+001    0.4800720215E-001
 0.5656566    0.1299935913E+001    0.3305358887E-001
 0.5757576    0.1293609619E+001    0.7229003906E-001
 0.5858586    0.1288137817E+001    0.4869232178E-001
 0.5959596    0.1296142578E+001    0.3370513916E-001
 0.6060606    0.1305015564E+001    0.4589385986E-001
 0.6161616    0.1310868835E+001    0.9246826172E-002
 0.6262626    0.1298121643E+001    0.4040527344E-002
 0.6363636    0.1319122314E+001    0.3880462646E-001
 0.6464646    0.1293025208E+001    0.6534881592E-001
 0.6565657    0.1288783264E+001    0.2782287598E-001
 0.6666667    0.1290713501E+001    0.2894439697E-001
 0.6767677    0.1278820801E+001    0.3038177490E-001
 0.6868687    0.1321386719E+001    0.3246002197E-001
 0.6969697    0.1318507385E+001    0.2771453857E-001
 0.7070707    0.1297637939E+001    0.4422454834E-001
 0.7171717    0.1301690674E+001    0.4043884277E-001
 0.7272727    0.1306997681E+001    0.4588775635E-001
 0.7373737    0.1316677856E+001    0.3463897705E-001
 0.7474747    0.1308155823E+001    0.3490905762E-001
 0.7575758    0.1300541687E+001    0.3774719238E-001
 0.7676768    0.1301832581E+001    0.5924530029E-001
 0.7777778    0.1298788452E+001    0.3482818604E-001
 0.7878788    0.1294580078E+001    0.3833465576E-001
 0.7979798    0.1296681213E+001    0.3209075928E-001
 0.8080808    0.1271427917E+001    0.8804321289E-002
 0.8181818    0.1311825562E+001    0.4842987061E-001
 0.8282828    0.1304325867E+001    0.3131561279E-001
 0.8383838    0.1302976990E+001    0.3899383545E-001
 0.8484848    0.1319117737E+001    0.4696044922E-001
 0.8585859    0.1295640564E+001    0.3040771484E-001
 0.8686869    0.1287304687E+001    0.2217559814E-001
 0.8787879    0.1300482178E+001    0.3903656006E-001
 0.8888889    0.1291273499E+001    0.3346710205E-001
 0.8989899    0.1286982727E+001    0.1907043457E-001
 0.9090909    0.1310414124E+001    0.4435272217E-001
 0.9191919    0.1301615906E+001    0.4087524414E-001
 0.9292929    0.1305012512E+001    0.3228149414E-001
 0.9393939    0.1268049622E+001    0.0000000000E+000
 0.9494949    0.1276631165E+001    0.6494140625E-002
 0.9595960    0.1289358521E+001    0.3336181641E-001
 0.9696970    0.1306765747E+001    0.5135650635E-001
 0.9797980    0.1302310181E+001    0.3838195801E-001
 0.9898990    0.1292680359E+001    0.2234649658E-001
 1.0000000    0.1286012268E+001    0.1690826416E-001


