Compiled using GNU Fortran (Ubuntu 9.4.0-1ubuntu1~20.04.2) 9.4.0 with all optimizations
Last Brick update unknown
Compiled at 18:43:37 on Sep  2 2023
Starting at 16:56:19 on Sep 11 2023

Settings
OK                      

Forcefield
OK                      

Topology
OK                      

Configuration
OK                      Read from ./INPUT/restart.in

 F
Monte Carlo Simulation initialized.

#########################################################################################################################
###########################################   ENERGY STARTING CONFIGURATION   ###########################################
#########################################################################################################################
                                               Box 1               Box 2
-------------------------------------------------------------------------------------------------------------------------
Lennard Jones        
 Intermolecular                         -0.5617464218E+006  -0.3838382935E+005
 Tailcorrection                         -0.1401532460E+005  -0.9376096182E+003
Total Intermolecular                    -0.5757617464E+006  -0.3932143897E+005

Electrostatic        
 Real                                   -0.1627493259E+006  -0.5293933713E+004
 Exclusion                               0.9886297181E+007   0.2171681601E+007
 Selfterm                               -0.9918050975E+007  -0.2173871485E+007
 Fourier                                 0.1640041328E+005   0.2088874415E+004
Total Intermolecular                    -0.1781027068E+006  -0.5394943212E+004

Intramolecular       
 Lennard Jones                           0.0000000000E+000   0.0000000000E+000
 Electrostatic                           0.0000000000E+000   0.0000000000E+000
 Bending                                 0.0000000000E+000   0.0000000000E+000
 Torsion                                 0.0000000000E+000   0.0000000000E+000

Total                                   -0.7538644532E+006  -0.4471638218E+005

#########################################################################################################################

Simulation is running...



#########################################################################################################################
###############################################   RELATIVE ENERGY DRIFTS   ##############################################
#########################################################################################################################
                                               Box 1               Box 2                                                 
-------------------------------------------------------------------------------------------------------------------------

Lennard Jones        
 Intermolecular                          0.3647984774E-014   0.6596288778E-015
 Tailcorrection                          0.0000000000E+000   0.0000000000E+000

Electrostatic        
 Real                                    0.4390968667E-014   0.6826318294E-014
 Exclusion                               0.2216550033E-015   0.0000000000E+000
 Selfterm                                0.0000000000E+000   0.0000000000E+000
 Fourier                                 0.0000000000E+000   0.3202861925E-015

Intramolecular       
 Lennard Jones                           0.0000000000E+000   0.0000000000E+000
 Electrostatic                           0.0000000000E+000   0.0000000000E+000
 Bending                                 0.0000000000E+000   0.0000000000E+000
 Torsion                                 0.0000000000E+000   0.0000000000E+000

Total                                    0.1369256073E-014   0.5057248103E-014

#########################################################################################################################
############################################   TRIAL MOVE ACCEPTANCE RATES   ############################################
#########################################################################################################################
                                               Box 1               Box 2
-------------------------------------------------------------------------------------------------------------------------
Translation
 CO2                                          0.50355             0.48926
 AR                                           0.50280             0.59980
-------------------------------------------------------------------------------------------------------------------------
Rotation
 CO2                                          0.50340             0.72707
 AR                                           0.00000             0.00000
-------------------------------------------------------------------------------------------------------------------------
Lambda Move
 cd                                           0.74353             0.94099
 Ar                                           0.82256             0.96426
-------------------------------------------------------------------------------------------------------------------------
GE Swap Fractional
 cd                                           0.43447             0.31156
 Ar                                           0.53035             0.39205
-------------------------------------------------------------------------------------------------------------------------
GE Identity Change
 cd                                           0.90909             0.59700
 Ar                                           0.99680             0.68935
-------------------------------------------------------------------------------------------------------------------------
Volume                                        0.50961             0.49625

#########################################################################################################################
######################################################   AVERAGES   #####################################################
#########################################################################################################################
                                                       Boltzmann                                    Biased
                                               Box 1               Box 2                  Box 1               Box 2      
-------------------------------------------------------------------------------------------------------------------------
Density
 CO2                                     0.9398243166E+003   0.6548453448E+002      0.9386268689E+003   0.6545335190E+002
 AR                                      0.6598878691E+002   0.7059162917E+002      0.6622567715E+002   0.7067769713E+002
 Total                                   0.1005813104E+004   0.1360761636E+003      0.1004852546E+004   0.1361310490E+003

Number of molecules
 CO2                                     0.4784546707E+003   0.2215453293E+003      0.4790163000E+003   0.2209837000E+003
 AR                                      0.3721863610E+002   0.2627813639E+003      0.3744378000E+002   0.2625562200E+003
 Total                                   0.5156733068E+003   0.4843266932E+003      0.5164600800E+003   0.4835399200E+003

Mole fractions
 CO2                                          0.92783             0.45743                 0.92750             0.45701
 AR                                           0.07217             0.54257                 0.07250             0.54299

Volume                                   0.3724551247E+005   0.2478916595E+006      0.3733707175E+005   0.2473758417E+006

#########################################################################################################################
#######################################   PROPERTIES FROM THE CFC GIBBS ENSEMBLE   ######################################
#########################################################################################################################
                                                       Boltzmann                                    Biased
                                               Box 1               Box 2                  Box 1               Box 2      
Chemical Potentials (as an indication)
=========================================================================================================================

Total cd                                -0.1939296510E+004  -0.1937494396E+004     -0.1939619067E+004  -0.1937614899E+004
 Ideal gas                              -0.1101466232E+004  -0.1775427609E+004     -0.1101788790E+004  -0.1775548112E+004
 Excess                                 -0.8378302773E+003  -0.1620667868E+003     -0.8378302773E+003  -0.1620667868E+003

-------------------------------------------------------------------------------------------------------------------------

Total Ar                                -0.1796306666E+004  -0.1799399823E+004     -0.1795400059E+004  -0.1799091544E+004
 Ideal gas                              -0.1748986806E+004  -0.1731927841E+004     -0.1748080199E+004  -0.1731619562E+004
 Excess                                 -0.4731986015E+002  -0.6747198198E+002     -0.4731986015E+002  -0.6747198198E+002

-------------------------------------------------------------------------------------------------------------------------

#########################################################################################################################
#########################################   PROPERTIES FROM UMBRELLA SAMPLING   #########################################
#########################################################################################################################

Excess Partial Molar Enthalpy
=========================================================================================================================


Partial Molar Volume
=========================================================================================================================


#########################################################################################################################
##################################################   AVERAGE ENERGIES   #################################################
#########################################################################################################################
                                                       Boltzmann                                    Biased
                                               Box 1               Box 2                  Box 1               Box 2      
-------------------------------------------------------------------------------------------------------------------------
Lennard Jones        
 Intermolecular                         -0.5174213729E+006  -0.5458094248E+005     -0.5176558209E+006  -0.5444662598E+005
 Tailcorrection                         -0.1267596102E+005  -0.1199160674E+004     -0.1268299289E+005  -0.1196159149E+004
Total Intermolecular                    -0.5300973339E+006  -0.5578010315E+005     -0.5303388138E+006  -0.5564278513E+005

Electrostatic        
 Real                                   -0.1508952533E+006  -0.7747571810E+004     -0.1507979786E+006  -0.7727514128E+004
 Exclusion                               0.8762813801E+007   0.3008742265E+007      0.8771073923E+007   0.3000869428E+007
 Selfterm                               -0.8790959450E+007  -0.3011776357E+007     -0.8799245919E+007  -0.3003895564E+007
 Fourier                                 0.1333210620E+005   0.2761738897E+004      0.1336121377E+005   0.2756373194E+004
Total Intermolecular                    -0.1657087958E+006  -0.8019925414E+004     -0.1656087602E+006  -0.7997276931E+004

Intramolecular       
 Lennard Jones                           0.0000000000E+000   0.0000000000E+000      0.0000000000E+000   0.0000000000E+000
 Electrostatic                           0.0000000000E+000   0.0000000000E+000      0.0000000000E+000   0.0000000000E+000
 Bending                                 0.0000000000E+000   0.0000000000E+000      0.0000000000E+000   0.0000000000E+000
 Torsion                                 0.0000000000E+000   0.0000000000E+000      0.0000000000E+000   0.0000000000E+000

Total                                   -0.6958061297E+006  -0.6380002856E+005     -0.6959475740E+006  -0.6364006206E+005

#########################################################################################################################

No errors found in bookkeeping.

Total simulation time:  17 hours and  23 minutes

Simulation finished.

