Compiled using GNU Fortran (Ubuntu 9.4.0-1ubuntu1~20.04.2) 9.4.0 with all optimizations
Last Brick update unknown
Compiled at 18:43:37 on Sep  2 2023
Starting at 16:56:20 on Sep 11 2023

Settings
OK                      

Forcefield
OK                      

Topology
OK                      

Configuration
OK                      Read from ./INPUT/restart.in

 F
Monte Carlo Simulation initialized.

#########################################################################################################################
###########################################   ENERGY STARTING CONFIGURATION   ###########################################
#########################################################################################################################
                                               Box 1               Box 2
-------------------------------------------------------------------------------------------------------------------------
Lennard Jones        
 Intermolecular                         -0.4785948839E+006  -0.6376877030E+005
 Tailcorrection                         -0.1184858278E+005  -0.1445970445E+004
Total Intermolecular                    -0.4904434667E+006  -0.6521474075E+005

Electrostatic        
 Real                                   -0.1391887897E+006  -0.9561690639E+004
 Exclusion                               0.8330120773E+007   0.3054885698E+007
 Selfterm                               -0.8356876284E+007  -0.3057966376E+007
 Fourier                                 0.1292337885E+005   0.3033552015E+004
Total Intermolecular                    -0.1530209226E+006  -0.9608816993E+004

Intramolecular       
 Lennard Jones                           0.0000000000E+000   0.0000000000E+000
 Electrostatic                           0.0000000000E+000   0.0000000000E+000
 Bending                                 0.0000000000E+000   0.0000000000E+000
 Torsion                                 0.0000000000E+000   0.0000000000E+000

Total                                   -0.6434643893E+006  -0.7482355774E+005

#########################################################################################################################

Simulation is running...



#########################################################################################################################
###############################################   RELATIVE ENERGY DRIFTS   ##############################################
#########################################################################################################################
                                               Box 1               Box 2                                                 
-------------------------------------------------------------------------------------------------------------------------

Lennard Jones        
 Intermolecular                          0.3486630919E-014   0.1512681602E-014
 Tailcorrection                          0.0000000000E+000   0.0000000000E+000

Electrostatic        
 Real                                    0.3974460906E-014   0.6691063578E-015
 Exclusion                               0.0000000000E+000   0.2037395336E-015
 Selfterm                                0.0000000000E+000   0.0000000000E+000
 Fourier                                 0.5653795347E-015   0.2042656215E-015

Intramolecular       
 Lennard Jones                           0.0000000000E+000   0.0000000000E+000
 Electrostatic                           0.0000000000E+000   0.0000000000E+000
 Bending                                 0.0000000000E+000   0.0000000000E+000
 Torsion                                 0.0000000000E+000   0.0000000000E+000

Total                                    0.1151275557E-014   0.6257800639E-014

#########################################################################################################################
############################################   TRIAL MOVE ACCEPTANCE RATES   ############################################
#########################################################################################################################
                                               Box 1               Box 2
-------------------------------------------------------------------------------------------------------------------------
Translation
 CO2                                          0.50962             0.48973
 AR                                           0.52594             0.55447
-------------------------------------------------------------------------------------------------------------------------
Rotation
 CO2                                          0.51656             0.69664
 AR                                           0.00000             0.00000
-------------------------------------------------------------------------------------------------------------------------
Lambda Move
 cd                                           0.74680             0.93291
 Ar                                           0.82924             0.96059
-------------------------------------------------------------------------------------------------------------------------
GE Swap Fractional
 cd                                           0.34843             0.37755
 Ar                                           0.43888             0.47017
-------------------------------------------------------------------------------------------------------------------------
GE Identity Change
 cd                                           0.75658             0.81976
 Ar                                           0.88782             0.93235
-------------------------------------------------------------------------------------------------------------------------
Volume                                        0.50639             0.50148

#########################################################################################################################
######################################################   AVERAGES   #####################################################
#########################################################################################################################
                                                       Boltzmann                                    Biased
                                               Box 1               Box 2                  Box 1               Box 2      
-------------------------------------------------------------------------------------------------------------------------
Density
 CO2                                     0.9077577405E+003   0.7355109964E+002      0.9057677335E+003   0.7343695499E+002
 AR                                      0.8737477910E+002   0.9153989025E+002      0.8784838174E+002   0.9173713915E+002
 Total                                   0.9951325196E+003   0.1650909899E+003      0.9936161152E+003   0.1651740941E+003

Number of molecules
 CO2                                     0.4837174460E+003   0.1962825540E+003      0.4848044400E+003   0.1951955600E+003
 AR                                      0.5160484815E+002   0.2683951519E+003      0.5210393000E+002   0.2678960700E+003
 Total                                   0.5353222941E+003   0.4646777059E+003      0.5369083700E+003   0.4630916300E+003

Mole fractions
 CO2                                          0.90360             0.42241                 0.90296             0.42151
 AR                                           0.09640             0.57759                 0.09704             0.57849

Volume                                   0.3899140902E+005   0.1953431489E+006      0.3916405526E+005   0.1945603742E+006

#########################################################################################################################
#######################################   PROPERTIES FROM THE CFC GIBBS ENSEMBLE   ######################################
#########################################################################################################################
                                                       Boltzmann                                    Biased
                                               Box 1               Box 2                  Box 1               Box 2      
Chemical Potentials (as an indication)
=========================================================================================================================

Total cd                                -0.1933920573E+004  -0.1933060331E+004     -0.1934475814E+004  -0.1933453269E+004
 Ideal gas                              -0.1110249234E+004  -0.1746037511E+004     -0.1110804476E+004  -0.1746430449E+004
 Excess                                 -0.8236713384E+003  -0.1870228198E+003     -0.8236713384E+003  -0.1870228198E+003

-------------------------------------------------------------------------------------------------------------------------

Total Ar                                -0.1732047129E+004  -0.1731790576E+004     -0.1730679482E+004  -0.1731246002E+004
 Ideal gas                              -0.1677964180E+004  -0.1666182435E+004     -0.1676596533E+004  -0.1665637860E+004
 Excess                                 -0.5408294869E+002  -0.6560814149E+002     -0.5408294869E+002  -0.6560814149E+002

-------------------------------------------------------------------------------------------------------------------------

#########################################################################################################################
#########################################   PROPERTIES FROM UMBRELLA SAMPLING   #########################################
#########################################################################################################################

Excess Partial Molar Enthalpy
=========================================================================================================================


Partial Molar Volume
=========================================================================================================================


#########################################################################################################################
##################################################   AVERAGE ENERGIES   #################################################
#########################################################################################################################
                                                       Boltzmann                                    Biased
                                               Box 1               Box 2                  Box 1               Box 2      
-------------------------------------------------------------------------------------------------------------------------
Lennard Jones        
 Intermolecular                         -0.5226584821E+006  -0.6024905117E+005     -0.5233592069E+006  -0.5991202413E+005
 Tailcorrection                         -0.1284219115E+005  -0.1362910270E+004     -0.1286217426E+005  -0.1355898963E+004
Total Intermolecular                    -0.5355006733E+006  -0.6161196144E+005     -0.5362213812E+006  -0.6126792309E+005

Electrostatic        
 Real                                   -0.1477826186E+006  -0.7639972253E+004     -0.1477370453E+006  -0.7584084470E+004
 Exclusion                               0.8859520952E+007   0.2665772564E+007      0.8877409207E+007   0.2650512265E+007
 Selfterm                               -0.8887977267E+007  -0.2668460804E+007     -0.8905922800E+007  -0.2653185081E+007
 Fourier                                 0.1383740927E+005   0.2542948048E+004      0.1389238254E+005   0.2529947789E+004
Total Intermolecular                    -0.1624015245E+006  -0.7785263366E+004     -0.1623582566E+006  -0.7726952715E+004

Intramolecular       
 Lennard Jones                           0.0000000000E+000   0.0000000000E+000      0.0000000000E+000   0.0000000000E+000
 Electrostatic                           0.0000000000E+000   0.0000000000E+000      0.0000000000E+000   0.0000000000E+000
 Bending                                 0.0000000000E+000   0.0000000000E+000      0.0000000000E+000   0.0000000000E+000
 Torsion                                 0.0000000000E+000   0.0000000000E+000      0.0000000000E+000   0.0000000000E+000

Total                                   -0.6979021978E+006  -0.6939722481E+005     -0.6985796378E+006  -0.6899487581E+005

#########################################################################################################################

No errors found in bookkeeping.

Total simulation time:  17 hours and   0 minutes

Simulation finished.

