 0.0000000   0.1453020483E+000   0.1016211936E+001   0.6333907834E+000   0.1002222209E+001
 0.0101010   0.1430350567E+000   0.9895054834E+000   0.6266800189E+000   0.9767547749E+000
 0.0202020   0.1450670299E+000   0.1038907025E+001   0.6357433834E+000   0.1010708205E+001
 0.0303030   0.1388774396E+000   0.1018308592E+001   0.6343465514E+000   0.1001806599E+001
 0.0404040   0.1306887617E+000   0.9981734970E+000   0.6214327695E+000   0.9839372676E+000
 0.0505051   0.1261308869E+000   0.1019283929E+001   0.6347019528E+000   0.9925177204E+000
 0.0606061   0.1154363587E+000   0.1002096001E+001   0.6230694791E+000   0.9854334628E+000
 0.0707071   0.1077350141E+000   0.9980655964E+000   0.6293500716E+000   0.9821444781E+000
 0.0808081   0.9834583606E-001   0.1004662342E+001   0.6237892378E+000   0.9739418523E+000
 0.0909091   0.9095947853E-001   0.9944012079E+000   0.6350811294E+000   0.9985931798E+000
 0.1010101   0.8281960580E-001   0.9957319818E+000   0.6344545153E+000   0.1004757429E+001
 0.1111111   0.7686151001E-001   0.9901973165E+000   0.6321545523E+000   0.9901525229E+000
 0.1212121   0.7118008315E-001   0.9689810996E+000   0.6292042992E+000   0.9768360077E+000
 0.1313131   0.6839599323E-001   0.1008411358E+001   0.6394884416E+000   0.9969250732E+000
 0.1414141   0.6517360356E-001   0.9898376479E+000   0.6521088772E+000   0.1003040204E+001
 0.1515152   0.6262312192E-001   0.9740249230E+000   0.6499182845E+000   0.9928785453E+000
 0.1616162   0.6223490783E-001   0.9867593077E+000   0.6498397245E+000   0.9859832012E+000
 0.1717172   0.6214511690E-001   0.9725968271E+000   0.6724976693E+000   0.1012952498E+001
 0.1818182   0.6355979525E-001   0.9866767955E+000   0.6644379934E+000   0.9857716180E+000
 0.1919192   0.6403972293E-001   0.9540548521E+000   0.6796363223E+000   0.1013651478E+001
 0.2020202   0.6710415762E-001   0.9945535382E+000   0.6825476548E+000   0.1000676896E+001
 0.2121212   0.7009204662E-001   0.1001414746E+001   0.6968763191E+000   0.1014711283E+001
 0.2222222   0.7377943393E-001   0.1003777980E+001   0.6959975344E+000   0.9873849396E+000
 0.2323232   0.7787578819E-001   0.9913821073E+000   0.7146005600E+000   0.9943501817E+000
 0.2424242   0.8231462002E-001   0.9959625929E+000   0.7262619096E+000   0.1000761907E+001
 0.2525253   0.8651686356E-001   0.9701616590E+000   0.7289629233E+000   0.9942122748E+000
 0.2626263   0.9516489841E-001   0.9958229568E+000   0.7473332109E+000   0.1012143948E+001
 0.2727273   0.1004410406E+000   0.9755418783E+000   0.7571861163E+000   0.1010064010E+001
 0.2828283   0.1085118753E+000   0.9759586708E+000   0.7650167301E+000   0.9998494548E+000
 0.2929293   0.1201203754E+000   0.9854750792E+000   0.7793683848E+000   0.9933054899E+000
 0.3030303   0.1296458566E+000   0.9817049058E+000   0.7905570396E+000   0.9935624123E+000
 0.3131313   0.1429681287E+000   0.1001721522E+001   0.8118768202E+000   0.1006470874E+001
 0.3232323   0.1568096625E+000   0.9984718104E+000   0.8122389964E+000   0.9907041505E+000
 0.3333333   0.1738599373E+000   0.1017718313E+001   0.8289535696E+000   0.1009697518E+001
 0.3434343   0.1908290142E+000   0.9959774027E+000   0.8482573821E+000   0.1004169907E+001
 0.3535354   0.2091189226E+000   0.1007038270E+001   0.8642513599E+000   0.1005380843E+001
 0.3636364   0.2308526320E+000   0.9983596784E+000   0.8822916134E+000   0.1002505579E+001
 0.3737374   0.2533305272E+000   0.9779643522E+000   0.9038149388E+000   0.9938778979E+000
 0.3838384   0.2808716351E+000   0.1005815397E+001   0.9165545529E+000   0.1005165482E+001
 0.3939394   0.3140949630E+000   0.9830251012E+000   0.9351486212E+000   0.1012873154E+001
 0.4040404   0.3454795147E+000   0.9844468501E+000   0.9598203853E+000   0.9936493125E+000
 0.4141414   0.3878139959E+000   0.1004419037E+001   0.9695562110E+000   0.1000321739E+001
 0.4242424   0.4302872206E+000   0.9887649892E+000   0.9974867234E+000   0.9910064121E+000
 0.4343434   0.4833209434E+000   0.1001414746E+001   0.1012062687E+001   0.1014939868E+001
 0.4444444   0.5334373227E+000   0.9962058981E+000   0.1023360016E+001   0.9975031487E+000
 0.4545455   0.5919126986E+000   0.9860505490E+000   0.1038799395E+001   0.9769172405E+000
 0.4646465   0.6650118797E+000   0.9819334012E+000   0.1082090897E+001   0.1012580338E+001
 0.4747475   0.7496530737E+000   0.9857522356E+000   0.1099463243E+001   0.9986933040E+000
 0.4848485   0.8559695985E+000   0.1012869133E+001   0.1117662532E+001   0.9913559022E+000
 0.4949495   0.9625429067E+000   0.1007139824E+001   0.1142465275E+001   0.9971215433E+000
 0.5050505   0.1009594929E+001   0.1015630119E+001   0.1159914626E+001   0.9926612947E+000
 0.5151515   0.1000996951E+001   0.1002895734E+001   0.1155732457E+001   0.1004149127E+001
 0.5252525   0.1010773857E+001   0.9992144203E+000   0.1156728516E+001   0.1009083549E+001
 0.5353535   0.1009909702E+001   0.9976657295E+000   0.1156795005E+001   0.9933810553E+000
 0.5454545   0.1029771717E+001   0.1007425443E+001   0.1154866011E+001   0.9780431652E+000
 0.5555556   0.1019087849E+001   0.9891183107E+000   0.1162609812E+001   0.1000130936E+001
 0.5656566   0.1032404107E+001   0.9965719138E+000   0.1165133076E+001   0.1006820364E+001
 0.5757576   0.1057797903E+001   0.1001622084E+001   0.1163073966E+001   0.9903112103E+000
 0.5858586   0.1059791941E+001   0.9934851108E+000   0.1160005256E+001   0.1001527007E+001
 0.5959596   0.1061979328E+001   0.9856443350E+000   0.1160801621E+001   0.9963715566E+000
 0.6060606   0.1083066258E+001   0.1015259872E+001   0.1163196851E+001   0.9924005940E+000
 0.6161616   0.1086840370E+001   0.9844256931E+000   0.1168744677E+001   0.1000608887E+001
 0.6262626   0.1109498098E+001   0.1006010041E+001   0.1165055623E+001   0.9994432907E+000
 0.6363636   0.1121412410E+001   0.9884687915E+000   0.1160348437E+001   0.9809543228E+000
 0.6464646   0.1145612542E+001   0.1001666514E+001   0.1167665943E+001   0.9806728416E+000
 0.6565657   0.1166630468E+001   0.9973695318E+000   0.1173547244E+001   0.9943312904E+000
 0.6666667   0.1175263103E+001   0.9790814406E+000   0.1168249195E+001   0.9893893122E+000
 0.6767677   0.1209885435E+001   0.9890992694E+000   0.1182731275E+001   0.9983948206E+000
 0.6868687   0.1245681699E+001   0.1016252134E+001   0.1177316601E+001   0.9979452063E+000
 0.6969697   0.1261865533E+001   0.9930069631E+000   0.1180041444E+001   0.9997361067E+000
 0.7070707   0.1295497797E+001   0.1010046793E+001   0.1185098248E+001   0.1000032701E+001
 0.7171717   0.1322731375E+001   0.1003989550E+001   0.1193041481E+001   0.1010842334E+001
 0.7272727   0.1356050081E+001   0.9958293039E+000   0.1197203585E+001   0.1002190094E+001
 0.7373737   0.1395143403E+001   0.9954738667E+000   0.1192531599E+001   0.9958388204E+000
 0.7474747   0.1423205622E+001   0.9865329281E+000   0.1203787031E+001   0.9972688959E+000
 0.7575758   0.1466354576E+001   0.9920548991E+000   0.1200028733E+001   0.9989483372E+000
 0.7676768   0.1495903074E+001   0.9908489514E+000   0.1202984958E+001   0.1001262528E+001
 0.7777778   0.1579646539E+001   0.1010364147E+001   0.1217441388E+001   0.1000964045E+001
 0.7878788   0.1629183566E+001   0.1007543922E+001   0.1226548228E+001   0.1008987203E+001
 0.7979798   0.1648415482E+001   0.9974160772E+000   0.1213056432E+001   0.1008573482E+001
 0.8080808   0.1726346562E+001   0.1014331081E+001   0.1214188480E+001   0.1006684347E+001
 0.8181818   0.1787466172E+001   0.1013491149E+001   0.1224285899E+001   0.1006106271E+001
 0.8282828   0.1841267921E+001   0.1000337856E+001   0.1237328175E+001   0.1009317801E+001
 0.8383838   0.1930668525E+001   0.1012154028E+001   0.1251605256E+001   0.1010443726E+001
 0.8484848   0.1984825297E+001   0.1007448716E+001   0.1248463635E+001   0.1013768604E+001
 0.8585859   0.2066787582E+001   0.1011989003E+001   0.1237399044E+001   0.9931203546E+000
 0.8686869   0.2152575846E+001   0.1003913385E+001   0.1253045057E+001   0.1002331779E+001
 0.8787879   0.2239507025E+001   0.9997158406E+000   0.1250954978E+001   0.1001649801E+001
 0.8888889   0.2345072150E+001   0.1012856439E+001   0.1255071924E+001   0.9955932328E+000
 0.8989899   0.2438063283E+001   0.1001645357E+001   0.1264402188E+001   0.9972443371E+000
 0.9090909   0.2564666005E+001   0.1008468482E+001   0.1276767326E+001   0.1001963397E+001
 0.9191919   0.2669945740E+001   0.1012058821E+001   0.1278610432E+001   0.1005616985E+001
 0.9292929   0.2807667832E+001   0.1011413533E+001   0.1287607997E+001   0.1002790839E+001
 0.9393939   0.2965001174E+001   0.1032452032E+001   0.1301329944E+001   0.1019209314E+001
 0.9494949   0.3075227829E+001   0.1025226924E+001   0.1297606676E+001   0.1011342954E+001
 0.9595960   0.3246553836E+001   0.1026921598E+001   0.1315872769E+001   0.1020926538E+001
 0.9696970   0.3412559292E+001   0.1013493264E+001   0.1314772698E+001   0.1002054076E+001
 0.9797980   0.3615108551E+001   0.1043280173E+001   0.1325757389E+001   0.1024447886E+001
 0.9898990   0.3790516269E+001   0.1038989538E+001   0.1350068291E+001   0.1037879639E+001
 1.0000000   0.3939834488E+001   0.1046066547E+001   0.1348392863E+001   0.1029278406E+001


 0.0000000   0.1100635882E+001   0.1079677033E+001   0.8462429419E+000   0.9797851657E+000
 0.0101010   0.1082114122E+001   0.1083270497E+001   0.8329917384E+000   0.9869403988E+000
 0.0202020   0.1082018178E+001   0.1085800612E+001   0.8366752840E+000   0.9845498256E+000
 0.0303030   0.1044847338E+001   0.1080233921E+001   0.8326540475E+000   0.9898274054E+000
 0.0404040   0.1032516740E+001   0.1075206579E+001   0.8500397483E+000   0.9950335428E+000
 0.0505051   0.9703350349E+000   0.1060948924E+001   0.8380301874E+000   0.9896881842E+000
 0.0606061   0.9190076781E+000   0.1067842061E+001   0.8303277885E+000   0.9859676828E+000
 0.0707071   0.8744696681E+000   0.1074292318E+001   0.8325745989E+000   0.9919615187E+000
 0.0808081   0.8087626397E+000   0.1078175188E+001   0.8325247920E+000   0.1003877748E+001
 0.0909091   0.7567294001E+000   0.1085353347E+001   0.8297066950E+000   0.9915493509E+000
 0.1010101   0.6941273595E+000   0.1064853719E+001   0.8294500808E+000   0.1002611935E+001
 0.1111111   0.6403303957E+000   0.1053294998E+001   0.8315727803E+000   0.9914998907E+000
 0.1212121   0.5750844019E+000   0.1032810718E+001   0.8119078216E+000   0.9627910289E+000
 0.1313131   0.5393373566E+000   0.1072615075E+001   0.8238337891E+000   0.1003117527E+001
 0.1414141   0.4985692756E+000   0.1029519815E+001   0.8215607007E+000   0.9857954883E+000
 0.1515152   0.4653960296E+000   0.1049673032E+001   0.8227475409E+000   0.1000149919E+001
 0.1616162   0.4386103569E+000   0.1036592735E+001   0.8257326637E+000   0.9897980957E+000
 0.1717172   0.4166532395E+000   0.1017722115E+001   0.8308931703E+000   0.9994336631E+000
 0.1818182   0.4026752633E+000   0.1018252693E+001   0.8296655446E+000   0.9851286923E+000
 0.1919192   0.3889093365E+000   0.1014757890E+001   0.8349793610E+000   0.1005771888E+001
 0.2020202   0.3812671356E+000   0.9872204223E+000   0.8316102574E+000   0.9842457373E+000
 0.2121212   0.3845173543E+000   0.1002063468E+001   0.8404366736E+000   0.9941322692E+000
 0.2222222   0.3875068368E+000   0.1017976442E+001   0.8489141414E+000   0.9985342214E+000
 0.2323232   0.3850473039E+000   0.1004751441E+001   0.8492555077E+000   0.9955940910E+000
 0.2424242   0.3900471527E+000   0.1000142862E+001   0.8568405504E+000   0.9901919449E+000
 0.2525253   0.3982080791E+000   0.9769157966E+000   0.8624611284E+000   0.9940278533E+000
 0.2626263   0.4144478138E+000   0.1002850566E+001   0.8748287714E+000   0.1005079446E+001
 0.2727273   0.4241097284E+000   0.9789723368E+000   0.8771375855E+000   0.9962682143E+000
 0.2828283   0.4388104577E+000   0.9850674133E+000   0.8833796249E+000   0.1018038002E+001
 0.2929293   0.4543209060E+000   0.1016919669E+001   0.8963365838E+000   0.1003348341E+001
 0.3030303   0.4685223295E+000   0.9700095048E+000   0.9047760673E+000   0.9869532218E+000
 0.3131313   0.4873945605E+000   0.9934404699E+000   0.9202144381E+000   0.1011430494E+001
 0.3232323   0.5012519858E+000   0.9539605983E+000   0.9184462648E+000   0.1001102485E+001
 0.3333333   0.5244108534E+000   0.9721011246E+000   0.9153999197E+000   0.9904795464E+000
 0.3434343   0.5512168599E+000   0.9719936934E+000   0.9417029322E+000   0.1016455278E+001
 0.3535354   0.5843250080E+000   0.9836861550E+000   0.9422302199E+000   0.1004212978E+001
 0.3636364   0.6084672408E+000   0.9765803481E+000   0.9574604857E+000   0.1012218193E+001
 0.3737374   0.6349062724E+000   0.9925547105E+000   0.9598274854E+000   0.9926191553E+000
 0.3838384   0.6632507636E+000   0.9678126463E+000   0.9661888908E+000   0.9882849818E+000
 0.3939394   0.7094392314E+000   0.9838637453E+000   0.9779284193E+000   0.1004145199E+001
 0.4040404   0.7424334209E+000   0.9713315664E+000   0.9973378669E+000   0.1015773827E+001
 0.4141414   0.7864339449E+000   0.9924253546E+000   0.1008067564E+001   0.1010767362E+001
 0.4242424   0.8410254548E+000   0.9837475442E+000   0.1004649027E+001   0.9974589213E+000
 0.4343434   0.8766825292E+000   0.9675144699E+000   0.1016426733E+001   0.9922857574E+000
 0.4444444   0.9454148605E+000   0.9866810738E+000   0.1037716419E+001   0.1010379008E+001
 0.4545455   0.9924654007E+000   0.9857010382E+000   0.1054886856E+001   0.1015634606E+001
 0.4646465   0.1049933191E+001   0.9728728753E+000   0.1059042192E+001   0.9997139372E+000
 0.4747475   0.1108073819E+001   0.9647081037E+000   0.1074339081E+001   0.1000640857E+001
 0.4848485   0.1188551843E+001   0.9881807258E+000   0.1071998667E+001   0.9857991520E+000
 0.4949495   0.1266646472E+001   0.9716472826E+000   0.1100726395E+001   0.1005669304E+001
 0.5050505   0.1302717886E+001   0.9770254202E+000   0.1100511295E+001   0.1014920182E+001
 0.5151515   0.1311809643E+001   0.9829078268E+000   0.1094534898E+001   0.9935772165E+000
 0.5252525   0.1325046627E+001   0.9852515811E+000   0.1095308161E+001   0.1004211146E+001
 0.5353535   0.1297954470E+001   0.9718796848E+000   0.1098314939E+001   0.1003496722E+001
 0.5454545   0.1310009597E+001   0.9817852804E+000   0.1102580526E+001   0.1001930484E+001
 0.5555556   0.1311007866E+001   0.9831183043E+000   0.1101376644E+001   0.1011003671E+001
 0.5656566   0.1314934011E+001   0.9781545441E+000   0.1110748448E+001   0.1012456334E+001
 0.5757576   0.1306584968E+001   0.9840808002E+000   0.1103247579E+001   0.1006544932E+001
 0.5858586   0.1317177664E+001   0.9863894749E+000   0.1093980517E+001   0.1006220693E+001
 0.5959596   0.1315013984E+001   0.9875032514E+000   0.1093591099E+001   0.9901003521E+000
 0.6060606   0.1300904029E+001   0.9590449445E+000   0.1104277099E+001   0.1011980051E+001
 0.6161616   0.1313605208E+001   0.9810025673E+000   0.1108490559E+001   0.1019417390E+001
 0.6262626   0.1310857546E+001   0.9764115276E+000   0.1100955565E+001   0.1004148863E+001
 0.6363636   0.1325504065E+001   0.1002811102E+001   0.1093679372E+001   0.9953412947E+000
 0.6464646   0.1324403415E+001   0.1005071542E+001   0.1101440197E+001   0.1001357113E+001
 0.6565657   0.1305439224E+001   0.9845675293E+000   0.1098532292E+001   0.1010538380E+001
 0.6666667   0.1314354823E+001   0.9868170072E+000   0.1102230411E+001   0.1001338794E+001
 0.6767677   0.1310755943E+001   0.9769662235E+000   0.1104253369E+001   0.1004093907E+001
 0.6868687   0.1307888384E+001   0.9898886627E+000   0.1100550894E+001   0.1004515234E+001
 0.6969697   0.1320434162E+001   0.9955759391E+000   0.1085662562E+001   0.9833151540E+000
 0.7070707   0.1312444764E+001   0.9765233438E+000   0.1101808936E+001   0.9968983731E+000
 0.7171717   0.1309681903E+001   0.9822588547E+000   0.1090288718E+001   0.9974882311E+000
 0.7272727   0.1307219598E+001   0.9882750021E+000   0.1096845774E+001   0.1000957768E+001
 0.7373737   0.1322003256E+001   0.9938855420E+000   0.1096957696E+001   0.9924469608E+000
 0.7474747   0.1319390795E+001   0.9891585690E+000   0.1098315740E+001   0.1002635749E+001
 0.7575758   0.1322115109E+001   0.9944884722E+000   0.1108124633E+001   0.1018038002E+001
 0.7676768   0.1302237138E+001   0.9816296147E+000   0.1093820532E+001   0.1003121191E+001
 0.7777778   0.1317186857E+001   0.9944468152E+000   0.1108266571E+001   0.1013227546E+001
 0.7878788   0.1311697253E+001   0.9901013326E+000   0.1098338513E+001   0.1001992767E+001
 0.7979798   0.1312653419E+001   0.9849577896E+000   0.1097275225E+001   0.1009902725E+001
 0.8080808   0.1318037455E+001   0.9924626267E+000   0.1102615963E+001   0.1013604908E+001
 0.8181818   0.1315488851E+001   0.9730373108E+000   0.1092741544E+001   0.9828956587E+000
 0.8282828   0.1315582369E+001   0.9831029570E+000   0.1101709861E+001   0.1000809388E+001
 0.8383838   0.1313905175E+001   0.9904718607E+000   0.1095495622E+001   0.1005293773E+001
 0.8484848   0.1306783195E+001   0.9869792503E+000   0.1094991655E+001   0.9995600612E+000
 0.8585859   0.1321542479E+001   0.1000763332E+001   0.1102834508E+001   0.1018743267E+001
 0.8686869   0.1320596480E+001   0.9913247329E+000   0.1103598653E+001   0.1002939837E+001
 0.8787879   0.1308620624E+001   0.9864113996E+000   0.1101135808E+001   0.1006900312E+001
 0.8888889   0.1304754833E+001   0.9734078388E+000   0.1088390781E+001   0.9820988010E+000
 0.8989899   0.1314635336E+001   0.9890599077E+000   0.1095225589E+001   0.1004526225E+001
 0.9090909   0.1320626910E+001   0.9989764656E+000   0.1099292610E+001   0.1015500880E+001
 0.9191919   0.1314618003E+001   0.9825307214E+000   0.1098597554E+001   0.9983400445E+000
 0.9292929   0.1307483887E+001   0.9815594556E+000   0.1085206598E+001   0.9860116474E+000
 0.9393939   0.1304477211E+001   0.9795862294E+000   0.1090232339E+001   0.9923480405E+000
 0.9494949   0.1306239014E+001   0.9740765433E+000   0.1092167128E+001   0.9982740977E+000
 0.9595960   0.1324416734E+001   0.9925766353E+000   0.1104168606E+001   0.1002831758E+001
 0.9696970   0.1329395103E+001   0.1006562424E+001   0.1099924010E+001   0.1000120609E+001
 0.9797980   0.1307713755E+001   0.9796848907E+000   0.1089435051E+001   0.9956325600E+000
 0.9898990   0.1327882297E+001   0.1013146422E+001   0.1102873640E+001   0.1018602214E+001
 1.0000000   0.1313908175E+001   0.9877137289E+000   0.1100375691E+001   0.1010985353E+001


