#   100 bins for weightfunction of cd                      
 0.0000000    0.2956132507E+001    0.2166806030E+001
 0.0101010    0.2899787903E+001    0.2119079590E+001
 0.0202020    0.2933566284E+001    0.2156549072E+001
 0.0303030    0.3007545471E+001    0.2191310120E+001
 0.0404040    0.3002485657E+001    0.2160752869E+001
 0.0505051    0.3050032043E+001    0.2172447205E+001
 0.0606061    0.3111279297E+001    0.2177384949E+001
 0.0707071    0.3175410461E+001    0.2182226562E+001
 0.0808081    0.3204370117E+001    0.2188415527E+001
 0.0909091    0.3276213074E+001    0.2212744141E+001
 0.1010101    0.3265689087E+001    0.2155432129E+001
 0.1111111    0.3316108704E+001    0.2197486877E+001
 0.1212121    0.3371801758E+001    0.2204191589E+001
 0.1313131    0.3416764832E+001    0.2183906555E+001
 0.1414141    0.3419290161E+001    0.2158319092E+001
 0.1515152    0.3409606934E+001    0.2178437805E+001
 0.1616162    0.3410075378E+001    0.2145944214E+001
 0.1717172    0.3390457153E+001    0.2144827271E+001
 0.1818182    0.3408320618E+001    0.2123881531E+001
 0.1919192    0.3328294373E+001    0.2110516357E+001
 0.2020202    0.3291937256E+001    0.2057810974E+001
 0.2121212    0.3294660950E+001    0.2067129517E+001
 0.2222222    0.3182963562E+001    0.2025376892E+001
 0.2323232    0.3145304871E+001    0.2033706665E+001
 0.2424242    0.3134988403E+001    0.2013751221E+001
 0.2525253    0.3052267456E+001    0.1935781860E+001
 0.2626263    0.2960501099E+001    0.1918315125E+001
 0.2727273    0.2905996704E+001    0.1905998230E+001
 0.2828283    0.2864871216E+001    0.1897023010E+001
 0.2929293    0.2786604309E+001    0.1835295105E+001
 0.3030303    0.2676745605E+001    0.1798999023E+001
 0.3131313    0.2618533325E+001    0.1751257324E+001
 0.3232323    0.2542613220E+001    0.1721168518E+001
 0.3333333    0.2464552307E+001    0.1679661560E+001
 0.3434343    0.2383967590E+001    0.1661785889E+001
 0.3535354    0.2313352966E+001    0.1628996277E+001
 0.3636364    0.2229714966E+001    0.1601870728E+001
 0.3737374    0.2105953979E+001    0.1562181091E+001
 0.3838384    0.2043458557E+001    0.1530888367E+001
 0.3939394    0.1943106079E+001    0.1480558777E+001
 0.4040404    0.1838784790E+001    0.1440066528E+001
 0.4141414    0.1746942139E+001    0.1423731995E+001
 0.4242424    0.1688488770E+001    0.1398420715E+001
 0.4343434    0.1594882202E+001    0.1303288269E+001
 0.4444444    0.1472961426E+001    0.1281944275E+001
 0.4545455    0.1398188782E+001    0.1236477661E+001
 0.4646465    0.1319830322E+001    0.1219544983E+001
 0.4747475    0.1187182617E+001    0.1151837158E+001
 0.4848485    0.1083454895E+001    0.1105133057E+001
 0.4949495    0.1015361023E+001    0.1097102356E+001
 0.5050505    0.9548675537E+000    0.1085968018E+001
 0.5151515    0.9425628662E+000    0.1054217529E+001
 0.5252525    0.9428543091E+000    0.1041316223E+001
 0.5353535    0.9576568604E+000    0.1053369141E+001
 0.5454545    0.9248519897E+000    0.1078256226E+001
 0.5555556    0.9458465576E+000    0.1029478455E+001
 0.5656566    0.9461242676E+000    0.1042417908E+001
 0.5757576    0.9548095703E+000    0.1065953064E+001
 0.5858586    0.9546051025E+000    0.1071295166E+001
 0.5959596    0.9240646362E+000    0.1060369873E+001
 0.6060606    0.8973541260E+000    0.1051368713E+001
 0.6161616    0.9079498291E+000    0.1085775757E+001
 0.6262626    0.9021697998E+000    0.1067054749E+001
 0.6363636    0.8983825684E+000    0.1028749084E+001
 0.6464646    0.8657958984E+000    0.1043362427E+001
 0.6565657    0.8598083496E+000    0.1042083740E+001
 0.6666667    0.8676254272E+000    0.1024674988E+001
 0.6767677    0.8398483276E+000    0.1014724731E+001
 0.6868687    0.8253097534E+000    0.1030320740E+001
 0.6969697    0.8239715576E+000    0.1024369812E+001
 0.7070707    0.8202163696E+000    0.1055882263E+001
 0.7171717    0.7791610718E+000    0.1013221741E+001
 0.7272727    0.7574356079E+000    0.1014308167E+001
 0.7373737    0.7319732666E+000    0.1002932739E+001
 0.7474747    0.7125823975E+000    0.9931533813E+000
 0.7575758    0.6879440308E+000    0.9903350830E+000
 0.7676768    0.6966506958E+000    0.1006256104E+001
 0.7777778    0.6765975952E+000    0.9906066895E+000
 0.7878788    0.6375259399E+000    0.9970657349E+000
 0.7979798    0.6210205078E+000    0.9768386841E+000
 0.8080808    0.5767562866E+000    0.9636596680E+000
 0.8181818    0.5681900024E+000    0.9541458130E+000
 0.8282828    0.5787429810E+000    0.9961212158E+000
 0.8383838    0.5033355713E+000    0.9419830322E+000
 0.8484848    0.4855224609E+000    0.9336242676E+000
 0.8585859    0.4427001953E+000    0.9385833740E+000
 0.8686869    0.4329971313E+000    0.9298187256E+000
 0.8787879    0.4036666870E+000    0.9209915161E+000
 0.8888889    0.3588638306E+000    0.9035034180E+000
 0.8989899    0.3285766602E+000    0.8895370483E+000
 0.9090909    0.2712478638E+000    0.8680862427E+000
 0.9191919    0.2773071289E+000    0.8920898438E+000
 0.9292929    0.2743133545E+000    0.9172424316E+000
 0.9393939    0.2198272705E+000    0.8970077515E+000
 0.9494949    0.1771713257E+000    0.8599914551E+000
 0.9595960    0.1278442383E+000    0.8613647461E+000
 0.9696970    0.8685607910E-001    0.8282363892E+000
 0.9797980    0.7859344482E-001    0.8472579956E+000
 0.9898990    0.0000000000E+000    0.7936660767E+000
 1.0000000    0.3309936523E-001    0.8486389160E+000


#   100 bins for weightfunction of Ar                      
 0.0000000    0.1252200317E+001    0.4719482422E+000
 0.0101010    0.1207312012E+001    0.4453948975E+000
 0.0202020    0.1259963989E+001    0.4600189209E+000
 0.0303030    0.1250738525E+001    0.4551605225E+000
 0.0404040    0.1308283997E+001    0.4877166748E+000
 0.0505051    0.1330227661E+001    0.5160003662E+000
 0.0606061    0.1372288513E+001    0.4970504761E+000
 0.0707071    0.1424870300E+001    0.5231201172E+000
 0.0808081    0.1474705505E+001    0.5410583496E+000
 0.0909091    0.1528987122E+001    0.5584838867E+000
 0.1010101    0.1537510681E+001    0.5292678833E+000
 0.1111111    0.1617674255E+001    0.5459228516E+000
 0.1212121    0.1698138428E+001    0.5645736694E+000
 0.1313131    0.1749534607E+001    0.5753677368E+000
 0.1414141    0.1767799377E+001    0.5914749146E+000
 0.1515152    0.1790841675E+001    0.5531463623E+000
 0.1616162    0.1802555847E+001    0.5685546875E+000
 0.1717172    0.1877388000E+001    0.5879135132E+000
 0.1818182    0.1884515381E+001    0.5470352173E+000
 0.1919192    0.1878912354E+001    0.5874114990E+000
 0.2020202    0.1885183716E+001    0.5378051758E+000
 0.2121212    0.1856652832E+001    0.5410751343E+000
 0.2222222    0.1856825256E+001    0.5388229370E+000
 0.2323232    0.1852749634E+001    0.5062698364E+000
 0.2424242    0.1820220947E+001    0.4885650635E+000
 0.2525253    0.1829988098E+001    0.5156143188E+000
 0.2626263    0.1804315186E+001    0.4742950439E+000
 0.2727273    0.1741050720E+001    0.4593444824E+000
 0.2828283    0.1746614075E+001    0.4433502197E+000
 0.2929293    0.1673364258E+001    0.4228012085E+000
 0.3030303    0.1634861755E+001    0.4427871704E+000
 0.3131313    0.1616540527E+001    0.4134658813E+000
 0.3232323    0.1591513062E+001    0.3759719849E+000
 0.3333333    0.1543833923E+001    0.3682785034E+000
 0.3434343    0.1527709961E+001    0.3429977417E+000
 0.3535354    0.1467265320E+001    0.3110794067E+000
 0.3636364    0.1410136414E+001    0.2792526245E+000
 0.3737374    0.1388795471E+001    0.3057388306E+000
 0.3838384    0.1332206726E+001    0.2321685791E+000
 0.3939394    0.1291307068E+001    0.2254226685E+000
 0.4040404    0.1250190735E+001    0.2215347290E+000
 0.4141414    0.1211911011E+001    0.2139846802E+000
 0.4242424    0.1162133789E+001    0.1667358398E+000
 0.4343434    0.1049017334E+001    0.1893630981E+000
 0.4444444    0.1059800720E+001    0.1470764160E+000
 0.4545455    0.9931228638E+000    0.8843078613E-001
 0.4646465    0.9684326172E+000    0.1050460815E+000
 0.4747475    0.8710433960E+000    0.8840026855E-001
 0.4848485    0.8474212646E+000    0.5260314941E-001
 0.4949495    0.8044830322E+000    0.4405212402E-002
 0.5050505    0.7437118530E+000    0.4338989258E-001
 0.5151515    0.7567733765E+000    0.2205963135E-001
 0.5252525    0.7641540527E+000    0.1393280029E-001
 0.5353535    0.7352966309E+000    0.1966552734E-001
 0.5454545    0.7670211792E+000    0.1920166016E-001
 0.5555556    0.7678390503E+000    0.9312438965E-002
 0.5656566    0.7556030273E+000    0.3972015381E-001
 0.5757576    0.7906631470E+000    0.5089569092E-001
 0.5858586    0.7542098999E+000    0.2298889160E-001
 0.5959596    0.7619720459E+000    0.2596435547E-001
 0.6060606    0.7852966309E+000    0.1794433594E-002
 0.6161616    0.7475952148E+000    0.2799530029E-001
 0.6262626    0.7778396606E+000    0.1800537109E-001
 0.6363636    0.7464721680E+000    0.4140930176E-001
 0.6464646    0.7636032104E+000    0.5741882324E-002
 0.6565657    0.7631469727E+000    0.3989257813E-001
 0.6666667    0.7815475464E+000    0.0000000000E+000
 0.6767677    0.7796554565E+000    0.2751007080E-001
 0.6868687    0.7718704224E+000    0.2866210938E-001
 0.6969697    0.7950592041E+000    0.1911621094E-001
 0.7070707    0.7965530396E+000    0.4145355225E-001
 0.7171717    0.7759674072E+000    0.4359130859E-001
 0.7272727    0.7682632446E+000    0.1798400879E-001
 0.7373737    0.7740768433E+000    0.2779235840E-001
 0.7474747    0.7591812134E+000    0.1509857178E-001
 0.7575758    0.7539596558E+000    0.2524108887E-001
 0.7676768    0.7669555664E+000    0.2063598633E-001
 0.7777778    0.7706909180E+000    0.1715087891E-001
 0.7878788    0.7818023682E+000    0.2527160645E-001
 0.7979798    0.7807876587E+000    0.2770233154E-001
 0.8080808    0.7880111694E+000    0.4371490479E-001
 0.8181818    0.7869644165E+000    0.1812591553E-001
 0.8282828    0.7743896484E+000    0.2273712158E-001
 0.8383838    0.7773864746E+000    0.2523956299E-001
 0.8484848    0.7756973267E+000    0.3969268799E-001
 0.8585859    0.7673522949E+000    0.2874298096E-001
 0.8686869    0.7826110840E+000    0.3268280029E-001
 0.8787879    0.8081680298E+000    0.7187347412E-001
 0.8888889    0.7751251221E+000    0.2925720215E-001
 0.8989899    0.7863296509E+000    0.4660491943E-001
 0.9090909    0.7510726929E+000    0.1013183594E-001
 0.9191919    0.7969543457E+000    0.5391082764E-001
 0.9292929    0.7792633057E+000    0.4224243164E-001
 0.9393939    0.7835678101E+000    0.4378204346E-001
 0.9494949    0.7809005737E+000    0.3527221680E-001
 0.9595960    0.7606735229E+000    0.2061920166E-001
 0.9696970    0.7919021606E+000    0.3827209473E-001
 0.9797980    0.8200454712E+000    0.5654296875E-001
 0.9898990    0.7568756104E+000    0.4158020020E-002
 1.0000000    0.7495727539E+000    0.1196289063E-001


