Compiled using GNU Fortran (Ubuntu 9.4.0-1ubuntu1~20.04.2) 9.4.0 with all optimizations
Last Brick update unknown
Compiled at 18:43:37 on Sep  2 2023
Starting at 16:56:20 on Sep 11 2023

Settings
OK                      

Forcefield
OK                      

Topology
OK                      

Configuration
OK                      Read from ./INPUT/restart.in

 F
Monte Carlo Simulation initialized.

#########################################################################################################################
###########################################   ENERGY STARTING CONFIGURATION   ###########################################
#########################################################################################################################
                                               Box 1               Box 2
-------------------------------------------------------------------------------------------------------------------------
Lennard Jones        
 Intermolecular                         -0.5617464218E+006  -0.3838382935E+005
 Tailcorrection                         -0.1401532460E+005  -0.9376096182E+003
Total Intermolecular                    -0.5757617464E+006  -0.3932143897E+005

Electrostatic        
 Real                                   -0.1627493259E+006  -0.5293933713E+004
 Exclusion                               0.9886297181E+007   0.2171681601E+007
 Selfterm                               -0.9918050975E+007  -0.2173871485E+007
 Fourier                                 0.1640041328E+005   0.2088874415E+004
Total Intermolecular                    -0.1781027068E+006  -0.5394943212E+004

Intramolecular       
 Lennard Jones                           0.0000000000E+000   0.0000000000E+000
 Electrostatic                           0.0000000000E+000   0.0000000000E+000
 Bending                                 0.0000000000E+000   0.0000000000E+000
 Torsion                                 0.0000000000E+000   0.0000000000E+000

Total                                   -0.7538644532E+006  -0.4471638218E+005

#########################################################################################################################

Simulation is running...



#########################################################################################################################
###############################################   RELATIVE ENERGY DRIFTS   ##############################################
#########################################################################################################################
                                               Box 1               Box 2                                                 
-------------------------------------------------------------------------------------------------------------------------

Lennard Jones        
 Intermolecular                          0.2548648755E-014   0.1428395825E-014
 Tailcorrection                          0.0000000000E+000   0.0000000000E+000

Electrostatic        
 Real                                    0.7494036858E-014   0.1655372570E-014
 Exclusion                               0.0000000000E+000   0.0000000000E+000
 Selfterm                                0.0000000000E+000   0.0000000000E+000
 Fourier                                 0.2496624817E-015   0.0000000000E+000

Intramolecular       
 Lennard Jones                           0.0000000000E+000   0.0000000000E+000
 Electrostatic                           0.0000000000E+000   0.0000000000E+000
 Bending                                 0.0000000000E+000   0.0000000000E+000
 Torsion                                 0.0000000000E+000   0.0000000000E+000

Total                                    0.9429113407E-015   0.2894080699E-015

#########################################################################################################################
############################################   TRIAL MOVE ACCEPTANCE RATES   ############################################
#########################################################################################################################
                                               Box 1               Box 2
-------------------------------------------------------------------------------------------------------------------------
Translation
 CO2                                          0.49253             0.49541
 AR                                           0.50041             0.59520
-------------------------------------------------------------------------------------------------------------------------
Rotation
 CO2                                          0.51194             0.72213
 AR                                           0.00000             0.00000
-------------------------------------------------------------------------------------------------------------------------
Lambda Move
 cd                                           0.74458             0.94028
 Ar                                           0.82306             0.96440
-------------------------------------------------------------------------------------------------------------------------
GE Swap Fractional
 cd                                           0.43197             0.29159
 Ar                                           0.54365             0.36080
-------------------------------------------------------------------------------------------------------------------------
GE Identity Change
 cd                                           0.90890             0.54553
 Ar                                           0.99681             0.59958
-------------------------------------------------------------------------------------------------------------------------
Volume                                        0.52479             0.50523

#########################################################################################################################
######################################################   AVERAGES   #####################################################
#########################################################################################################################
                                                       Boltzmann                                    Biased
                                               Box 1               Box 2                  Box 1               Box 2      
-------------------------------------------------------------------------------------------------------------------------
Density
 CO2                                     0.9383669697E+003   0.6773306578E+002      0.9365124404E+003   0.6741348498E+002
 AR                                      0.6582022566E+002   0.6982344927E+002      0.6635859789E+002   0.7005936756E+002
 Total                                   0.1004187195E+004   0.1375565151E+003      0.1002871038E+004   0.1374728525E+003

Number of molecules
 CO2                                     0.4653082001E+003   0.2346917999E+003      0.4676669400E+003   0.2323330600E+003
 AR                                      0.3650423554E+002   0.2634957645E+003      0.3706414000E+002   0.2629358600E+003
 Total                                   0.5018124357E+003   0.4981875643E+003      0.5047310800E+003   0.4952689200E+003

Mole fractions
 CO2                                          0.92726             0.47109                 0.92657             0.46910
 AR                                           0.07274             0.52891                 0.07343             0.53090

Volume                                   0.3632458570E+005   0.2520787099E+006      0.3658265102E+005   0.2507120748E+006

#########################################################################################################################
#######################################   PROPERTIES FROM THE CFC GIBBS ENSEMBLE   ######################################
#########################################################################################################################
                                                       Boltzmann                                    Biased
                                               Box 1               Box 2                  Box 1               Box 2      
Chemical Potentials (as an indication)
=========================================================================================================================

Total cd                                -0.1935473634E+004  -0.1934287219E+004     -0.1935974142E+004  -0.1935483758E+004
 Ideal gas                              -0.1101858854E+004  -0.1766886209E+004     -0.1102359362E+004  -0.1768082748E+004
 Excess                                 -0.8336147803E+003  -0.1674010099E+003     -0.8336147803E+003  -0.1674010099E+003

-------------------------------------------------------------------------------------------------------------------------

Total Ar                                -0.1793604141E+004  -0.1795021897E+004     -0.1791543161E+004  -0.1794168506E+004
 Ideal gas                              -0.1749633894E+004  -0.1734696083E+004     -0.1747572914E+004  -0.1733842692E+004
 Excess                                 -0.4397024704E+002  -0.6032581416E+002     -0.4397024704E+002  -0.6032581416E+002

-------------------------------------------------------------------------------------------------------------------------

#########################################################################################################################
#########################################   PROPERTIES FROM UMBRELLA SAMPLING   #########################################
#########################################################################################################################

Excess Partial Molar Enthalpy
=========================================================================================================================


Partial Molar Volume
=========================================================================================================================


#########################################################################################################################
##################################################   AVERAGE ENERGIES   #################################################
#########################################################################################################################
                                                       Boltzmann                                    Biased
                                               Box 1               Box 2                  Box 1               Box 2      
-------------------------------------------------------------------------------------------------------------------------
Lennard Jones        
 Intermolecular                         -0.5023029102E+006  -0.5781619824E+005     -0.5043337736E+006  -0.5723732585E+005
 Tailcorrection                         -0.1230470631E+005  -0.1262645262E+004     -0.1235635666E+005  -0.1251645591E+004
Total Intermolecular                    -0.5146076165E+006  -0.5907884350E+005     -0.5166901303E+006  -0.5848897144E+005

Electrostatic        
 Real                                   -0.1462906397E+006  -0.8514783485E+004     -0.1466502123E+006  -0.8383430420E+004
 Exclusion                               0.8522000260E+007   0.3187232772E+007      0.8563241755E+007   0.3154963014E+007
 Selfterm                               -0.8549372438E+007  -0.3190446856E+007     -0.8590746213E+007  -0.3158144540E+007
 Fourier                                 0.1296719469E+005   0.2900881178E+004      0.1305757172E+005   0.2874958247E+004
Total Intermolecular                    -0.1606956231E+006  -0.8827985468E+004     -0.1610970980E+006  -0.8689998238E+004

Intramolecular       
 Lennard Jones                           0.0000000000E+000   0.0000000000E+000      0.0000000000E+000   0.0000000000E+000
 Electrostatic                           0.0000000000E+000   0.0000000000E+000      0.0000000000E+000   0.0000000000E+000
 Bending                                 0.0000000000E+000   0.0000000000E+000      0.0000000000E+000   0.0000000000E+000
 Torsion                                 0.0000000000E+000   0.0000000000E+000      0.0000000000E+000   0.0000000000E+000

Total                                   -0.6753032396E+006  -0.6790682897E+005     -0.6777872283E+006  -0.6717896968E+005

#########################################################################################################################

No errors found in bookkeeping.

Total simulation time:  17 hours and  11 minutes

Simulation finished.

