Compiled using GNU Fortran (Ubuntu 9.4.0-1ubuntu1~20.04.2) 9.4.0 with all optimizations
Last Brick update unknown
Compiled at 18:43:37 on Sep  2 2023
Starting at 16:56:20 on Sep 11 2023

Settings
OK                      

Forcefield
OK                      

Topology
OK                      

Configuration
OK                      Read from ./INPUT/restart.in

 F
Monte Carlo Simulation initialized.

#########################################################################################################################
###########################################   ENERGY STARTING CONFIGURATION   ###########################################
#########################################################################################################################
                                               Box 1               Box 2
-------------------------------------------------------------------------------------------------------------------------
Lennard Jones        
 Intermolecular                         -0.5617464218E+006  -0.3838382935E+005
 Tailcorrection                         -0.1401532460E+005  -0.9376096182E+003
Total Intermolecular                    -0.5757617464E+006  -0.3932143897E+005

Electrostatic        
 Real                                   -0.1627493259E+006  -0.5293933713E+004
 Exclusion                               0.9886297181E+007   0.2171681601E+007
 Selfterm                               -0.9918050975E+007  -0.2173871485E+007
 Fourier                                 0.1640041328E+005   0.2088874415E+004
Total Intermolecular                    -0.1781027068E+006  -0.5394943212E+004

Intramolecular       
 Lennard Jones                           0.0000000000E+000   0.0000000000E+000
 Electrostatic                           0.0000000000E+000   0.0000000000E+000
 Bending                                 0.0000000000E+000   0.0000000000E+000
 Torsion                                 0.0000000000E+000   0.0000000000E+000

Total                                   -0.7538644532E+006  -0.4471638218E+005

#########################################################################################################################

Simulation is running...



#########################################################################################################################
###############################################   RELATIVE ENERGY DRIFTS   ##############################################
#########################################################################################################################
                                               Box 1               Box 2                                                 
-------------------------------------------------------------------------------------------------------------------------

Lennard Jones        
 Intermolecular                          0.6558905928E-014   0.2015277821E-014
 Tailcorrection                          0.0000000000E+000   0.0000000000E+000

Electrostatic        
 Real                                    0.1756900300E-013   0.2378749301E-014
 Exclusion                               0.0000000000E+000   0.1324628824E-015
 Selfterm                                0.0000000000E+000   0.0000000000E+000
 Fourier                                 0.0000000000E+000   0.0000000000E+000

Intramolecular       
 Lennard Jones                           0.0000000000E+000   0.0000000000E+000
 Electrostatic                           0.0000000000E+000   0.0000000000E+000
 Bending                                 0.0000000000E+000   0.0000000000E+000
 Torsion                                 0.0000000000E+000   0.0000000000E+000

Total                                    0.0000000000E+000   0.6847419452E-014

#########################################################################################################################
############################################   TRIAL MOVE ACCEPTANCE RATES   ############################################
#########################################################################################################################
                                               Box 1               Box 2
-------------------------------------------------------------------------------------------------------------------------
Translation
 CO2                                          0.49262             0.49908
 AR                                           0.48488             0.60596
-------------------------------------------------------------------------------------------------------------------------
Rotation
 CO2                                          0.48263             0.73464
 AR                                           0.00000             0.00000
-------------------------------------------------------------------------------------------------------------------------
Lambda Move
 cd                                           0.74629             0.94248
 Ar                                           0.82789             0.96621
-------------------------------------------------------------------------------------------------------------------------
GE Swap Fractional
 cd                                           0.38122             0.35263
 Ar                                           0.47377             0.44294
-------------------------------------------------------------------------------------------------------------------------
GE Identity Change
 cd                                           0.83379             0.74147
 Ar                                           0.95267             0.86141
-------------------------------------------------------------------------------------------------------------------------
Volume                                        0.48922             0.50152

#########################################################################################################################
######################################################   AVERAGES   #####################################################
#########################################################################################################################
                                                       Boltzmann                                    Biased
                                               Box 1               Box 2                  Box 1               Box 2      
-------------------------------------------------------------------------------------------------------------------------
Density
 CO2                                     0.9312533940E+003   0.6149050821E+002      0.9297210141E+003   0.6140336241E+002
 AR                                      0.7093095198E+002   0.7263277238E+002      0.7138593991E+002   0.7281000614E+002
 Total                                   0.1002184346E+004   0.1341232806E+003      0.1001106954E+004   0.1342133685E+003

Number of molecules
 CO2                                     0.5012276151E+003   0.1987723849E+003      0.5023282800E+003   0.1976717200E+003
 AR                                      0.4231693710E+002   0.2576830629E+003      0.4273759000E+002   0.2572624100E+003
 Total                                   0.5435445522E+003   0.4564554478E+003      0.5450658700E+003   0.4549341300E+003

Mole fractions
 CO2                                          0.92215             0.43547                 0.92159             0.43451
 AR                                           0.07785             0.56453                 0.07841             0.56549

Volume                                   0.3937740701E+005   0.2364143231E+006      0.3952755402E+005   0.2354512662E+006

#########################################################################################################################
#######################################   PROPERTIES FROM THE CFC GIBBS ENSEMBLE   ######################################
#########################################################################################################################
                                                       Boltzmann                                    Biased
                                               Box 1               Box 2                  Box 1               Box 2      
Chemical Potentials (as an indication)
=========================================================================================================================

Total cd                                -0.1950280067E+004  -0.1950864815E+004     -0.1950696722E+004  -0.1951223627E+004
 Ideal gas                              -0.1103784104E+004  -0.1791349197E+004     -0.1104200759E+004  -0.1791708009E+004
 Excess                                 -0.8464959630E+003  -0.1595156182E+003     -0.8464959630E+003  -0.1595156182E+003

-------------------------------------------------------------------------------------------------------------------------

Total Ar                                -0.1778472513E+004  -0.1778852519E+004     -0.1776854822E+004  -0.1778235917E+004
 Ideal gas                              -0.1730714624E+004  -0.1724716162E+004     -0.1729096933E+004  -0.1724099560E+004
 Excess                                 -0.4775788908E+002  -0.5413635685E+002     -0.4775788908E+002  -0.5413635685E+002

-------------------------------------------------------------------------------------------------------------------------

#########################################################################################################################
#########################################   PROPERTIES FROM UMBRELLA SAMPLING   #########################################
#########################################################################################################################

Excess Partial Molar Enthalpy
=========================================================================================================================


Partial Molar Volume
=========================================================================================================================


#########################################################################################################################
##################################################   AVERAGE ENERGIES   #################################################
#########################################################################################################################
                                                       Boltzmann                                    Biased
                                               Box 1               Box 2                  Box 1               Box 2      
-------------------------------------------------------------------------------------------------------------------------
Lennard Jones        
 Intermolecular                         -0.5417227337E+006  -0.4927452016E+005     -0.5425364470E+006  -0.4900103688E+005
 Tailcorrection                         -0.1327109531E+005  -0.1097759901E+004     -0.1329453763E+005  -0.1092569552E+004
Total Intermolecular                    -0.5549938291E+006  -0.5037228006E+005     -0.5558309846E+006  -0.5009360644E+005

Electrostatic        
 Real                                   -0.1569664881E+006  -0.6537919893E+004     -0.1570084178E+006  -0.6487642954E+004
 Exclusion                               0.9180017745E+007   0.2699526013E+007      0.9198107586E+007   0.2684256492E+007
 Selfterm                               -0.9209503453E+007  -0.2702248290E+007     -0.9227651211E+007  -0.2686963347E+007
 Fourier                                 0.1404916253E+005   0.2500142160E+004      0.1409467534E+005   0.2488007868E+004
Total Intermolecular                    -0.1724030337E+006  -0.6760054722E+004     -0.1724573674E+006  -0.6706489883E+004

Intramolecular       
 Lennard Jones                           0.0000000000E+000   0.0000000000E+000      0.0000000000E+000   0.0000000000E+000
 Electrostatic                           0.0000000000E+000   0.0000000000E+000      0.0000000000E+000   0.0000000000E+000
 Bending                                 0.0000000000E+000   0.0000000000E+000      0.0000000000E+000   0.0000000000E+000
 Torsion                                 0.0000000000E+000   0.0000000000E+000      0.0000000000E+000   0.0000000000E+000

Total                                   -0.7273968628E+006  -0.5713233479E+005     -0.7282883521E+006  -0.5680009632E+005

#########################################################################################################################

No errors found in bookkeeping.

Total simulation time:  17 hours and  30 minutes

Simulation finished.

