#   100 bins for weightfunction of cd                      
 0.0000000    0.3186637878E+001    0.1670219421E+001
 0.0101010    0.3207127380E+001    0.1695085144E+001
 0.0202020    0.3191807556E+001    0.1672708130E+001
 0.0303030    0.3215844727E+001    0.1671054077E+001
 0.0404040    0.3268423462E+001    0.1672415161E+001
 0.0505051    0.3324237061E+001    0.1679229736E+001
 0.0606061    0.3395402527E+001    0.1680943298E+001
 0.0707071    0.3473222351E+001    0.1688136292E+001
 0.0808081    0.3557998657E+001    0.1677734375E+001
 0.0909091    0.3625772095E+001    0.1686781311E+001
 0.1010101    0.3720353699E+001    0.1681797791E+001
 0.1111111    0.3761343384E+001    0.1675953674E+001
 0.1212121    0.3832563782E+001    0.1671501160E+001
 0.1313131    0.3872030640E+001    0.1664044189E+001
 0.1414141    0.3923249817E+001    0.1655395508E+001
 0.1515152    0.3949351501E+001    0.1634106445E+001
 0.1616162    0.3965919495E+001    0.1640049744E+001
 0.1717172    0.3963748169E+001    0.1622154236E+001
 0.1818182    0.3945727539E+001    0.1615736389E+001
 0.1919192    0.3907553101E+001    0.1593775940E+001
 0.2020202    0.3877952576E+001    0.1585719299E+001
 0.2121212    0.3843309021E+001    0.1560317993E+001
 0.2222222    0.3794113159E+001    0.1535256958E+001
 0.2323232    0.3750962830E+001    0.1529678345E+001
 0.2424242    0.3683068848E+001    0.1505448914E+001
 0.2525253    0.3619212341E+001    0.1481251526E+001
 0.2626263    0.3552107239E+001    0.1470747375E+001
 0.2727273    0.3470681763E+001    0.1442089844E+001
 0.2828283    0.3380426025E+001    0.1425894165E+001
 0.2929293    0.3306083679E+001    0.1392672729E+001
 0.3030303    0.3221893311E+001    0.1381903076E+001
 0.3131313    0.3146810913E+001    0.1381570435E+001
 0.3232323    0.3054092407E+001    0.1339222717E+001
 0.3333333    0.2976956177E+001    0.1313293457E+001
 0.3434343    0.2891558838E+001    0.1296412659E+001
 0.3535354    0.2793031311E+001    0.1265806580E+001
 0.3636364    0.2692248535E+001    0.1250489807E+001
 0.3737374    0.2588536072E+001    0.1231790161E+001
 0.3838384    0.2492579651E+001    0.1192167664E+001
 0.3939394    0.2402388000E+001    0.1171629333E+001
 0.4040404    0.2288099670E+001    0.1152429199E+001
 0.4141414    0.2199073792E+001    0.1137809753E+001
 0.4242424    0.2103111267E+001    0.1095901489E+001
 0.4343434    0.1974191284E+001    0.1062818909E+001
 0.4444444    0.1895498657E+001    0.1038374329E+001
 0.4545455    0.1778443909E+001    0.1009597778E+001
 0.4646465    0.1658448792E+001    0.9941146851E+000
 0.4747475    0.1559365845E+001    0.9511825562E+000
 0.4848485    0.1443034363E+001    0.9296127319E+000
 0.4949495    0.1320494080E+001    0.9053665161E+000
 0.5050505    0.1274972534E+001    0.8915176392E+000
 0.5151515    0.1293545532E+001    0.8748062134E+000
 0.5252525    0.1289764404E+001    0.8853195190E+000
 0.5353535    0.1273147583E+001    0.8876785278E+000
 0.5454545    0.1266313171E+001    0.8800018311E+000
 0.5555556    0.1249555969E+001    0.8854064941E+000
 0.5656566    0.1236859131E+001    0.8913375854E+000
 0.5757576    0.1240083313E+001    0.8872528076E+000
 0.5858586    0.1233569336E+001    0.8853027344E+000
 0.5959596    0.1223329163E+001    0.8947967529E+000
 0.6060606    0.1206311035E+001    0.8897644043E+000
 0.6161616    0.1192413330E+001    0.8883148193E+000
 0.6262626    0.1192691040E+001    0.8920349121E+000
 0.6363636    0.1171745300E+001    0.8619659424E+000
 0.6464646    0.1153590393E+001    0.8710632324E+000
 0.6565657    0.1141418457E+001    0.8678390503E+000
 0.6666667    0.1130166626E+001    0.8756134033E+000
 0.6767677    0.1096722412E+001    0.8696624756E+000
 0.6868687    0.1076411438E+001    0.8568481445E+000
 0.6969697    0.1076612854E+001    0.8614089966E+000
 0.7070707    0.1049003601E+001    0.8705230713E+000
 0.7171717    0.1011488342E+001    0.8567840576E+000
 0.7272727    0.1000825500E+001    0.8598114014E+000
 0.7373737    0.9728286743E+000    0.8485244751E+000
 0.7474747    0.9473876953E+000    0.8492675781E+000
 0.7575758    0.9087661743E+000    0.8342147827E+000
 0.7676768    0.8875457764E+000    0.8430526733E+000
 0.7777778    0.8649963379E+000    0.8417358398E+000
 0.7878788    0.8302246094E+000    0.8315582275E+000
 0.7979798    0.7942321777E+000    0.8219223022E+000
 0.8080808    0.7835266113E+000    0.8336700439E+000
 0.8181818    0.7410278320E+000    0.8213134766E+000
 0.8282828    0.7032531738E+000    0.8130386353E+000
 0.8383838    0.6620391846E+000    0.8023010254E+000
 0.8484848    0.6287796021E+000    0.7983276367E+000
 0.8585859    0.5906768799E+000    0.8008209229E+000
 0.8686869    0.5578353882E+000    0.7998855591E+000
 0.8787879    0.5231506348E+000    0.7924713135E+000
 0.8888889    0.4815063477E+000    0.7840332031E+000
 0.8989899    0.4228607178E+000    0.7602539062E+000
 0.9090909    0.3948379517E+000    0.7742401123E+000
 0.9191919    0.3595504761E+000    0.7702545166E+000
 0.9292929    0.3254959106E+000    0.7739059448E+000
 0.9393939    0.2605514526E+000    0.7589889526E+000
 0.9494949    0.2063247681E+000    0.7345489502E+000
 0.9595960    0.1690719604E+000    0.7286376953E+000
 0.9696970    0.1136688232E+000    0.7176071167E+000
 0.9797980    0.8793945312E-001    0.7416900635E+000
 0.9898990    0.2547302246E-001    0.7126388550E+000
 1.0000000    0.0000000000E+000    0.7120925903E+000


#   100 bins for weightfunction of Ar                      
 0.0000000    0.1844325256E+001    0.3480834961E+000
 0.0101010    0.1829582214E+001    0.3348785400E+000
 0.0202020    0.1838591003E+001    0.3308334351E+000
 0.0303030    0.1866650391E+001    0.3363937378E+000
 0.0404040    0.1916914368E+001    0.3654968262E+000
 0.0505051    0.1944485474E+001    0.3551071167E+000
 0.0606061    0.1974833679E+001    0.3390090942E+000
 0.0707071    0.2060925293E+001    0.3777526855E+000
 0.0808081    0.2110995483E+001    0.3616439819E+000
 0.0909091    0.2198620605E+001    0.3836776733E+000
 0.1010101    0.2242956543E+001    0.3656356812E+000
 0.1111111    0.2338348389E+001    0.3798019409E+000
 0.1212121    0.2412086487E+001    0.3785446167E+000
 0.1313131    0.2493780518E+001    0.3841583252E+000
 0.1414141    0.2568624878E+001    0.3835556030E+000
 0.1515152    0.2631771851E+001    0.3818054199E+000
 0.1616162    0.2693154907E+001    0.3849334717E+000
 0.1717172    0.2737179565E+001    0.3764053345E+000
 0.1818182    0.2747679138E+001    0.3609878540E+000
 0.1919192    0.2781475830E+001    0.3652038574E+000
 0.2020202    0.2805656433E+001    0.3790390015E+000
 0.2121212    0.2803671265E+001    0.3669158936E+000
 0.2222222    0.2803860474E+001    0.3594253540E+000
 0.2323232    0.2813162231E+001    0.3492767334E+000
 0.2424242    0.2781462097E+001    0.3381439209E+000
 0.2525253    0.2755667114E+001    0.3362579346E+000
 0.2626263    0.2739837646E+001    0.3258834839E+000
 0.2727273    0.2695756531E+001    0.3074447632E+000
 0.2828283    0.2674389648E+001    0.2871810913E+000
 0.2929293    0.2650062561E+001    0.2821624756E+000
 0.3030303    0.2603585815E+001    0.2716888428E+000
 0.3131313    0.2558992004E+001    0.2565719604E+000
 0.3232323    0.2527976990E+001    0.2553558350E+000
 0.3333333    0.2481954956E+001    0.2372909546E+000
 0.3434343    0.2432957458E+001    0.2298156738E+000
 0.3535354    0.2381597900E+001    0.2132766724E+000
 0.3636364    0.2344073486E+001    0.2040176392E+000
 0.3737374    0.2302465820E+001    0.1884048462E+000
 0.3838384    0.2240510559E+001    0.1761779785E+000
 0.3939394    0.2226985168E+001    0.1561691284E+000
 0.4040404    0.2139347839E+001    0.1604400635E+000
 0.4141414    0.2084967041E+001    0.1390914917E+000
 0.4242424    0.2042289734E+001    0.1298492432E+000
 0.4343434    0.1983193970E+001    0.1059646606E+000
 0.4444444    0.1929008484E+001    0.1114288330E+000
 0.4545455    0.1860652161E+001    0.9011230469E-001
 0.4646465    0.1814994812E+001    0.7262420654E-001
 0.4747475    0.1746864319E+001    0.5430297852E-001
 0.4848485    0.1692871094E+001    0.5020904541E-001
 0.4949495    0.1631864929E+001    0.3565063477E-001
 0.5050505    0.1595697021E+001    0.2931060791E-001
 0.5151515    0.1590174866E+001    0.1488647461E-001
 0.5252525    0.1588450623E+001    0.2734222412E-001
 0.5353535    0.1597380066E+001    0.1523132324E-001
 0.5454545    0.1606849670E+001    0.2554779053E-001
 0.5555556    0.1591726685E+001    0.2166442871E-001
 0.5656566    0.1593678284E+001    0.3505554199E-001
 0.5757576    0.1604689026E+001    0.0000000000E+000
 0.5858586    0.1592367554E+001    0.2247619629E-001
 0.5959596    0.1614959717E+001    0.2375183105E-001
 0.6060606    0.1591554260E+001    0.3777618408E-001
 0.6161616    0.1591339111E+001    0.3478851318E-001
 0.6262626    0.1585003662E+001    0.2543487549E-001
 0.6363636    0.1599948120E+001    0.1606445312E-001
 0.6464646    0.1582415771E+001    0.1968994141E-001
 0.6565657    0.1592381287E+001    0.1963653564E-001
 0.6666667    0.1605326843E+001    0.1770782471E-001
 0.6767677    0.1593597412E+001    0.1318817139E-001
 0.6868687    0.1611163330E+001    0.1900787354E-001
 0.6969697    0.1597294617E+001    0.3103485107E-001
 0.7070707    0.1599266052E+001    0.2566528320E-001
 0.7171717    0.1607246399E+001    0.2461853027E-001
 0.7272727    0.1595982361E+001    0.1481018066E-001
 0.7373737    0.1594094849E+001    0.1666564941E-001
 0.7474747    0.1602249146E+001    0.2635803223E-001
 0.7575758    0.1591549683E+001    0.1667785645E-001
 0.7676768    0.1584278870E+001    0.1329803467E-001
 0.7777778    0.1603144836E+001    0.2743225098E-001
 0.7878788    0.1599653625E+001    0.2728576660E-001
 0.7979798    0.1602911377E+001    0.1883392334E-001
 0.8080808    0.1594749451E+001    0.2238464355E-001
 0.8181818    0.1594519043E+001    0.1863708496E-001
 0.8282828    0.1591229248E+001    0.1378936768E-001
 0.8383838    0.1605026245E+001    0.2657928467E-001
 0.8484848    0.1602468872E+001    0.2919158936E-001
 0.8585859    0.1594166565E+001    0.1899108887E-001
 0.8686869    0.1601554871E+001    0.2517852783E-001
 0.8787879    0.1596089172E+001    0.1450195312E-001
 0.8888889    0.1598718262E+001    0.2898254395E-001
 0.8989899    0.1604284668E+001    0.2899322510E-001
 0.9090909    0.1598309326E+001    0.2838439941E-001
 0.9191919    0.1594966125E+001    0.1981658936E-001
 0.9292929    0.1613578796E+001    0.2989807129E-001
 0.9393939    0.1615408325E+001    0.3176727295E-001
 0.9494949    0.1596937561E+001    0.1931457520E-001
 0.9595960    0.1590466309E+001    0.1519317627E-001
 0.9696970    0.1607740784E+001    0.3281707764E-001
 0.9797980    0.1605976868E+001    0.2353668213E-001
 0.9898990    0.1608100891E+001    0.2328948975E-001
 1.0000000    0.1601010132E+001    0.2223205566E-001


