Compiled using GNU Fortran (Ubuntu 9.4.0-1ubuntu1~20.04.2) 9.4.0 with all optimizations
Last Brick update unknown
Compiled at 18:43:37 on Sep  2 2023
Starting at 16:56:20 on Sep 11 2023

Settings
OK                      

Forcefield
OK                      

Topology
OK                      

Configuration
OK                      Read from ./INPUT/restart.in

 F
Monte Carlo Simulation initialized.

#########################################################################################################################
###########################################   ENERGY STARTING CONFIGURATION   ###########################################
#########################################################################################################################
                                               Box 1               Box 2
-------------------------------------------------------------------------------------------------------------------------
Lennard Jones        
 Intermolecular                         -0.3833889739E+006  -0.1098200141E+006
 Tailcorrection                         -0.9389288826E+004  -0.2674350548E+004
Total Intermolecular                    -0.3927782627E+006  -0.1124943646E+006

Electrostatic        
 Real                                   -0.8704436025E+005  -0.1159972585E+005
 Exclusion                               0.6535940914E+007   0.2494917704E+007
 Selfterm                               -0.6556933700E+007  -0.2497433963E+007
 Fourier                                 0.1239258341E+005   0.2421410945E+004
Total Intermolecular                    -0.9564456298E+005  -0.1169457387E+005

Intramolecular       
 Lennard Jones                           0.0000000000E+000   0.0000000000E+000
 Electrostatic                           0.0000000000E+000   0.0000000000E+000
 Bending                                 0.0000000000E+000   0.0000000000E+000
 Torsion                                 0.0000000000E+000   0.0000000000E+000

Total                                   -0.4884228257E+006  -0.1241889385E+006

#########################################################################################################################

Simulation is running...



#########################################################################################################################
###############################################   RELATIVE ENERGY DRIFTS   ##############################################
#########################################################################################################################
                                               Box 1               Box 2                                                 
-------------------------------------------------------------------------------------------------------------------------

Lennard Jones        
 Intermolecular                          0.1830924161E-014   0.1525376163E-015
 Tailcorrection                          0.0000000000E+000   0.0000000000E+000

Electrostatic        
 Real                                    0.7217101332E-015   0.1694108886E-014
 Exclusion                               0.0000000000E+000   0.2089257752E-015
 Selfterm                                0.0000000000E+000   0.0000000000E+000
 Fourier                                 0.6792791639E-015   0.8413266923E-015

Intramolecular       
 Lennard Jones                           0.0000000000E+000   0.0000000000E+000
 Electrostatic                           0.0000000000E+000   0.0000000000E+000
 Bending                                 0.0000000000E+000   0.0000000000E+000
 Torsion                                 0.0000000000E+000   0.0000000000E+000

Total                                    0.1938988796E-014   0.4401128693E-014

#########################################################################################################################
############################################   TRIAL MOVE ACCEPTANCE RATES   ############################################
#########################################################################################################################
                                               Box 1               Box 2
-------------------------------------------------------------------------------------------------------------------------
Translation
 CO2                                          0.50047             0.52813
 AR                                           0.51143             0.52464
-------------------------------------------------------------------------------------------------------------------------
Rotation
 CO2                                          0.49424             0.60144
 AR                                           0.00000             0.00000
-------------------------------------------------------------------------------------------------------------------------
Lambda Move
 cd                                           0.77269             0.90847
 Ar                                           0.84679             0.94374
-------------------------------------------------------------------------------------------------------------------------
GE Swap Fractional
 cd                                           0.37961             0.37780
 Ar                                           0.48594             0.45651
-------------------------------------------------------------------------------------------------------------------------
GE Identity Change
 cd                                           0.79409             0.78680
 Ar                                           0.92019             0.88183
-------------------------------------------------------------------------------------------------------------------------
Volume                                        0.51530             0.53151

#########################################################################################################################
######################################################   AVERAGES   #####################################################
#########################################################################################################################
                                                       Boltzmann                                    Biased
                                               Box 1               Box 2                  Box 1               Box 2      
-------------------------------------------------------------------------------------------------------------------------
Density
 CO2                                     0.7256250585E+003   0.1008450991E+003      0.7225402090E+003   0.1006773192E+003
 AR                                      0.1931071001E+003   0.1866366990E+003      0.1939500263E+003   0.1868622454E+003
 Total                                   0.9187321586E+003   0.2874817980E+003      0.9164902354E+003   0.2875395646E+003

Number of molecules
 CO2                                     0.3674631333E+003   0.1725368667E+003      0.3685863500E+003   0.1714136500E+003
 AR                                      0.1090562634E+003   0.3509437366E+003      0.1103439600E+003   0.3496560400E+003
 Total                                   0.4765193967E+003   0.5234806033E+003      0.4789303100E+003   0.5210696900E+003

Mole fractions
 CO2                                          0.77114             0.32960                 0.76960             0.32896
 AR                                           0.22886             0.67040                 0.23040             0.67104

Volume                                   0.3721758165E+005   0.1252705930E+006      0.3749348478E+005   0.1246596798E+006

#########################################################################################################################
#######################################   PROPERTIES FROM THE CFC GIBBS ENSEMBLE   ######################################
#########################################################################################################################
                                                       Boltzmann                                    Biased
                                               Box 1               Box 2                  Box 1               Box 2      
Chemical Potentials (as an indication)
=========================================================================================================================

Total cd                                -0.1947046903E+004  -0.1944316726E+004     -0.1948124775E+004  -0.1944738002E+004
 Ideal gas                              -0.1166907093E+004  -0.1666189378E+004     -0.1167984964E+004  -0.1666610654E+004
 Excess                                 -0.7801398105E+003  -0.2781273482E+003     -0.7801398105E+003  -0.2781273482E+003

-------------------------------------------------------------------------------------------------------------------------

Total Ar                                -0.1576134817E+004  -0.1572215846E+004     -0.1575032857E+004  -0.1571910286E+004
 Ideal gas                              -0.1477325494E+004  -0.1485947991E+004     -0.1476223534E+004  -0.1485642431E+004
 Excess                                 -0.9880932280E+002  -0.8626785489E+002     -0.9880932280E+002  -0.8626785489E+002

-------------------------------------------------------------------------------------------------------------------------

#########################################################################################################################
#########################################   PROPERTIES FROM UMBRELLA SAMPLING   #########################################
#########################################################################################################################

Excess Partial Molar Enthalpy
=========================================================================================================================


Partial Molar Volume
=========================================================================================================================


#########################################################################################################################
##################################################   AVERAGE ENERGIES   #################################################
#########################################################################################################################
                                                       Boltzmann                                    Biased
                                               Box 1               Box 2                  Box 1               Box 2      
-------------------------------------------------------------------------------------------------------------------------
Lennard Jones        
 Intermolecular                         -0.3925369093E+006  -0.1013749381E+006     -0.3931809206E+006  -0.1007598264E+006
 Tailcorrection                         -0.9753756947E+004  -0.2495808614E+004     -0.9770803856E+004  -0.2481050521E+004
Total Intermolecular                    -0.4022906663E+006  -0.1038707467E+006     -0.4029517245E+006  -0.1032408769E+006

Electrostatic        
 Real                                   -0.9280746074E+005  -0.9079985025E+004     -0.9273017018E+005  -0.9000150397E+004
 Exclusion                               0.6731116249E+007   0.2343476871E+007      0.6749652885E+007   0.2327757597E+007
 Selfterm                               -0.6752736356E+007  -0.2345840116E+007     -0.6771332332E+007  -0.2330104958E+007
 Fourier                                 0.1241615594E+005   0.2290741935E+004      0.1248149276E+005   0.2276202897E+004
Total Intermolecular                    -0.1020114124E+006  -0.9152488235E+004     -0.1019281249E+006  -0.9071308508E+004

Intramolecular       
 Lennard Jones                           0.0000000000E+000   0.0000000000E+000      0.0000000000E+000   0.0000000000E+000
 Electrostatic                           0.0000000000E+000   0.0000000000E+000      0.0000000000E+000   0.0000000000E+000
 Bending                                 0.0000000000E+000   0.0000000000E+000      0.0000000000E+000   0.0000000000E+000
 Torsion                                 0.0000000000E+000   0.0000000000E+000      0.0000000000E+000   0.0000000000E+000

Total                                   -0.5043020787E+006  -0.1130232349E+006     -0.5048798494E+006  -0.1123121854E+006

#########################################################################################################################

No errors found in bookkeeping.

Total simulation time:  13 hours and  52 minutes

Simulation finished.

