Compiled using GNU Fortran (Ubuntu 9.4.0-1ubuntu1~20.04.2) 9.4.0 with all optimizations
Last Brick update unknown
Compiled at 18:43:37 on Sep  2 2023
Starting at 16:56:19 on Sep 11 2023

Settings
OK                      

Forcefield
OK                      

Topology
OK                      

Configuration
OK                      Read from ./INPUT/restart.in

 F
Monte Carlo Simulation initialized.

#########################################################################################################################
###########################################   ENERGY STARTING CONFIGURATION   ###########################################
#########################################################################################################################
                                               Box 1               Box 2
-------------------------------------------------------------------------------------------------------------------------
Lennard Jones        
 Intermolecular                         -0.4905170632E+006  -0.4497285647E+005
 Tailcorrection                         -0.1168442180E+005  -0.9698515115E+003
Total Intermolecular                    -0.5022014850E+006  -0.4594270798E+005

Electrostatic        
 Real                                   -0.1495982709E+006  -0.1145326468E+005
 Exclusion                               0.8403352604E+007   0.4560531363E+007
 Selfterm                               -0.8430343329E+007  -0.4565130119E+007
 Fourier                                 0.1200214139E+005   0.3768412209E+004
Total Intermolecular                    -0.1645868545E+006  -0.1228360869E+005

Intramolecular       
 Lennard Jones                           0.0000000000E+000   0.0000000000E+000
 Electrostatic                           0.0000000000E+000   0.0000000000E+000
 Bending                                 0.0000000000E+000   0.0000000000E+000
 Torsion                                 0.0000000000E+000   0.0000000000E+000

Total                                   -0.6667883395E+006  -0.5822631667E+005

#########################################################################################################################

Simulation is running...



#########################################################################################################################
###############################################   RELATIVE ENERGY DRIFTS   ##############################################
#########################################################################################################################
                                               Box 1               Box 2                                                 
-------------------------------------------------------------------------------------------------------------------------

Lennard Jones        
 Intermolecular                          0.7442960755E-014   0.8475249688E-015
 Tailcorrection                          0.0000000000E+000   0.0000000000E+000

Electrostatic        
 Real                                    0.2728177812E-013   0.1959968228E-015
 Exclusion                               0.0000000000E+000   0.3748905695E-015
 Selfterm                                0.0000000000E+000   0.0000000000E+000
 Fourier                                 0.0000000000E+000   0.2420920024E-015

Intramolecular       
 Lennard Jones                           0.0000000000E+000   0.0000000000E+000
 Electrostatic                           0.0000000000E+000   0.0000000000E+000
 Bending                                 0.0000000000E+000   0.0000000000E+000
 Torsion                                 0.0000000000E+000   0.0000000000E+000

Total                                    0.1442939650E-014   0.2631219316E-013

#########################################################################################################################
############################################   TRIAL MOVE ACCEPTANCE RATES   ############################################
#########################################################################################################################
                                               Box 1               Box 2
-------------------------------------------------------------------------------------------------------------------------
Translation
 CO2                                          0.49842             0.50617
 AR                                           0.49629             0.68713
-------------------------------------------------------------------------------------------------------------------------
Rotation
 CO2                                          0.50425             0.76880
 AR                                           0.00000             0.00000
-------------------------------------------------------------------------------------------------------------------------
Lambda Move
 cd                                           0.73798             0.95221
 Ar                                           0.82449             0.97329
-------------------------------------------------------------------------------------------------------------------------
GE Swap Fractional
 cd                                           0.37731             0.35510
 Ar                                           0.47270             0.44895
-------------------------------------------------------------------------------------------------------------------------
GE Identity Change
 cd                                           0.82527             0.75244
 Ar                                           0.87826             0.87562
-------------------------------------------------------------------------------------------------------------------------
Volume                                        0.50761             0.50655

#########################################################################################################################
######################################################   AVERAGES   #####################################################
#########################################################################################################################
                                                       Boltzmann                                    Biased
                                               Box 1               Box 2                  Box 1               Box 2      
-------------------------------------------------------------------------------------------------------------------------
Density
 CO2                                     0.9905473032E+003   0.5841488416E+002      0.9887412556E+003   0.5837390003E+002
 AR                                      0.2750262483E+002   0.2767170862E+002      0.2763900093E+002   0.2775868184E+002
 Total                                   0.1018049928E+004   0.8608659277E+002      0.1016380257E+004   0.8613258187E+002

Number of molecules
 CO2                                     0.4263276477E+003   0.3686723523E+003      0.4280098100E+003   0.3669901900E+003
 AR                                      0.1309507825E+002   0.1919049217E+003      0.1323381000E+002   0.1917661900E+003
 Total                                   0.4394227260E+003   0.5605772740E+003      0.4412436200E+003   0.5587563800E+003

Mole fractions
 CO2                                          0.97020             0.65767                 0.97001             0.65680
 AR                                           0.02980             0.34233                 0.02999             0.34320

Volume                                   0.3146794699E+005   0.4619232948E+006      0.3164908371E+005   0.4601420932E+006

#########################################################################################################################
#######################################   PROPERTIES FROM THE CFC GIBBS ENSEMBLE   ######################################
#########################################################################################################################
                                                       Boltzmann                                    Biased
                                               Box 1               Box 2                  Box 1               Box 2      
Chemical Potentials (as an indication)
=========================================================================================================================

Total cd                                -0.1932448554E+004  -0.1926866788E+004     -0.1932910265E+004  -0.1927044356E+004
 Ideal gas                              -0.1088167373E+004  -0.1804331158E+004     -0.1088629085E+004  -0.1804508727E+004
 Excess                                 -0.8442811809E+003  -0.1225356292E+003     -0.8442811809E+003  -0.1225356292E+003

-------------------------------------------------------------------------------------------------------------------------

Total Ar                                -0.2011977209E+004  -0.2011218460E+004     -0.2010725769E+004  -0.2010424518E+004
 Ideal gas                              -0.1970413262E+004  -0.1968862601E+004     -0.1969161822E+004  -0.1968068660E+004
 Excess                                 -0.4156394743E+002  -0.4235585841E+002     -0.4156394743E+002  -0.4235585841E+002

-------------------------------------------------------------------------------------------------------------------------

#########################################################################################################################
#########################################   PROPERTIES FROM UMBRELLA SAMPLING   #########################################
#########################################################################################################################

Excess Partial Molar Enthalpy
=========================================================================================================================


Partial Molar Volume
=========================================================================================================================


#########################################################################################################################
##################################################   AVERAGE ENERGIES   #################################################
#########################################################################################################################
                                                       Boltzmann                                    Biased
                                               Box 1               Box 2                  Box 1               Box 2      
-------------------------------------------------------------------------------------------------------------------------
Lennard Jones        
 Intermolecular                         -0.4590910292E+006  -0.5193495523E+005     -0.4607753269E+006  -0.5164621225E+005
 Tailcorrection                         -0.1119689682E+005  -0.1004616675E+004     -0.1124060086E+005  -0.9995754089E+003
Total Intermolecular                    -0.4702879260E+006  -0.5293957190E+005     -0.4720159277E+006  -0.5264578766E+005

Electrostatic        
 Real                                   -0.1407438149E+006  -0.1158078956E+005     -0.1410131364E+006  -0.1151915532E+005
 Exclusion                               0.7807300051E+007   0.5006044251E+007      0.7837476989E+007   0.4982378460E+007
 Selfterm                               -0.7832376549E+007  -0.5011092413E+007     -0.7862650402E+007  -0.4987402695E+007
 Fourier                                 0.1135604873E+005   0.3708476843E+004      0.1141859980E+005   0.3697589728E+004
Total Intermolecular                    -0.1544642645E+006  -0.1292047459E+005     -0.1547679496E+006  -0.1284580091E+005

Intramolecular       
 Lennard Jones                           0.0000000000E+000   0.0000000000E+000      0.0000000000E+000   0.0000000000E+000
 Electrostatic                           0.0000000000E+000   0.0000000000E+000      0.0000000000E+000   0.0000000000E+000
 Bending                                 0.0000000000E+000   0.0000000000E+000      0.0000000000E+000   0.0000000000E+000
 Torsion                                 0.0000000000E+000   0.0000000000E+000      0.0000000000E+000   0.0000000000E+000

Total                                   -0.6247521905E+006  -0.6586004649E+005     -0.6267838773E+006  -0.6549158857E+005

#########################################################################################################################

No errors found in bookkeeping.

Total simulation time:  18 hours and   6 minutes

Simulation finished.

