 0.0000000   0.1415575068E+000   0.1008093811E+001   0.6822850097E+000   0.9973471093E+000
 0.0101010   0.1397372062E+000   0.1003420791E+001   0.6755217220E+000   0.9881223878E+000
 0.0202020   0.1399814147E+000   0.1009370334E+001   0.6828797426E+000   0.9895283359E+000
 0.0303030   0.1356694044E+000   0.1030840243E+001   0.6844408964E+000   0.1005498514E+001
 0.0404040   0.1290993127E+000   0.1026480682E+001   0.6790810301E+000   0.9960455920E+000
 0.0505051   0.1216303706E+000   0.1026647723E+001   0.6721013768E+000   0.9858036370E+000
 0.0606061   0.1113162937E+000   0.9827015345E+000   0.6786827534E+000   0.9811429287E+000
 0.0707071   0.1036930026E+000   0.1015895240E+001   0.6714942911E+000   0.9845195249E+000
 0.0808081   0.9480507766E-001   0.1016452042E+001   0.6757268109E+000   0.9943340871E+000
 0.0909091   0.8789886674E-001   0.1020120755E+001   0.6867186290E+000   0.1003910779E+001
 0.1010101   0.8070273565E-001   0.1022729480E+001   0.6849799898E+000   0.1002417805E+001
 0.1111111   0.7554845851E-001   0.1033912971E+001   0.6913798845E+000   0.9982076966E+000
 0.1212121   0.6987484741E-001   0.1033108700E+001   0.6878501525E+000   0.9876756560E+000
 0.1313131   0.6639027703E-001   0.1018704001E+001   0.6919478033E+000   0.9858906627E+000
 0.1414141   0.6419398641E-001   0.1027159157E+001   0.7015988648E+000   0.9974824826E+000
 0.1515152   0.6163912009E-001   0.1022366527E+001   0.7012351561E+000   0.1006038073E+001
 0.1616162   0.6084082387E-001   0.1038918011E+001   0.6993626019E+000   0.9861981534E+000
 0.1717172   0.6089195479E-001   0.1034783233E+001   0.7092745062E+000   0.9898300249E+000
 0.1818182   0.6166309388E-001   0.1031141329E+001   0.7189101249E+000   0.9945236097E+000
 0.1919192   0.6297004538E-001   0.1008794971E+001   0.7264359773E+000   0.1010575012E+001
 0.2020202   0.6675665131E-001   0.1035655558E+001   0.7319645663E+000   0.9867686551E+000
 0.2121212   0.6896087605E-001   0.1032248749E+001   0.7407029376E+000   0.9951250538E+000
 0.2222222   0.7258521515E-001   0.1028633654E+001   0.7458264714E+000   0.1002427475E+001
 0.2323232   0.7632958118E-001   0.1029444111E+001   0.7533304269E+000   0.9858519846E+000
 0.2424242   0.7991850754E-001   0.9994716146E+000   0.7712287627E+000   0.9974844165E+000
 0.2525253   0.8737031670E-001   0.1025954813E+001   0.7783819882E+000   0.1006571831E+001
 0.2626263   0.9436318684E-001   0.1035568944E+001   0.7791701460E+000   0.9892459860E+000
 0.2727273   0.1011069617E+000   0.1024657668E+001   0.7951729875E+000   0.9951347233E+000
 0.2828283   0.1070899869E+000   0.1004198253E+001   0.8025153651E+000   0.9953300476E+000
 0.2929293   0.1162674202E+000   0.9996819624E+000   0.8195992175E+000   0.1005005369E+001
 0.3030303   0.1316635711E+000   0.1043832312E+001   0.8313744279E+000   0.9951559962E+000
 0.3131313   0.1422154652E+000   0.1005648003E+001   0.8430776816E+000   0.1000903559E+001
 0.3232323   0.1549486418E+000   0.1024870078E+001   0.8497340588E+000   0.1000489703E+001
 0.3333333   0.1681435562E+000   0.9941613642E+000   0.8614391307E+000   0.9946976610E+000
 0.3434343   0.1861872552E+000   0.1011760462E+001   0.8825758414E+000   0.1008213715E+001
 0.3535354   0.2064148246E+000   0.1011168601E+001   0.8928430300E+000   0.1016989771E+001
 0.3636364   0.2299487403E+000   0.1012620413E+001   0.9099314949E+000   0.9909478214E+000
 0.3737374   0.2520941631E+000   0.9933632800E+000   0.9174742389E+000   0.9932414314E+000
 0.3838384   0.2754452571E+000   0.9840172393E+000   0.9285149872E+000   0.9835506390E+000
 0.3939394   0.3103115139E+000   0.1018087393E+001   0.9358277944E+000   0.9912379070E+000
 0.4040404   0.3436652766E+000   0.1000673897E+001   0.9544609551E+000   0.9874165129E+000
 0.4141414   0.3841238412E+000   0.1003468222E+001   0.9792652665E+000   0.1004034549E+001
 0.4242424   0.4306709469E+000   0.1004711749E+001   0.9884542738E+000   0.9910251775E+000
 0.4343434   0.4801172252E+000   0.1004845794E+001   0.1016303028E+001   0.1011356309E+001
 0.4444444   0.5363996587E+000   0.9984116268E+000   0.1022093964E+001   0.9873294872E+000
 0.4545455   0.5943254898E+000   0.9838068915E+000   0.1038642659E+001   0.9787255488E+000
 0.4646465   0.6699759112E+000   0.9953987041E+000   0.1062065848E+001   0.9780467486E+000
 0.4747475   0.7558665551E+000   0.1002554653E+001   0.1083064865E+001   0.1012752588E+001
 0.4848485   0.8437404197E+000   0.1014938363E+001   0.1104102945E+001   0.9910599878E+000
 0.4949495   0.9417373928E+000   0.9936581793E+000   0.1119873799E+001   0.1007977779E+001
 0.5050505   0.1001159754E+001   0.9863619984E+000   0.1130142232E+001   0.9944829977E+000
 0.5151515   0.1012410713E+001   0.1001245135E+001   0.1129574131E+001   0.9907350920E+000
 0.5252525   0.1006112526E+001   0.1002701072E+001   0.1138315553E+001   0.1010095404E+001
 0.5353535   0.1015181056E+001   0.9884799118E+000   0.1137910607E+001   0.9957226301E+000
 0.5454545   0.1018726467E+001   0.9968010227E+000   0.1141457660E+001   0.1003870167E+001
 0.5555556   0.1020568494E+001   0.9835326145E+000   0.1129807918E+001   0.1000189948E+001
 0.5656566   0.1050054703E+001   0.1015521975E+001   0.1138892240E+001   0.1015175769E+001
 0.5757576   0.1033930468E+001   0.9772551767E+000   0.1151914764E+001   0.1020596502E+001
 0.5858586   0.1047271889E+001   0.9902142499E+000   0.1139049894E+001   0.1011915207E+001
 0.5959596   0.1061522494E+001   0.9969845614E+000   0.1132237891E+001   0.9937171717E+000
 0.6060606   0.1077713382E+001   0.9820931757E+000   0.1138116594E+001   0.9922957524E+000
 0.6161616   0.1093845937E+001   0.9824911867E+000   0.1146347083E+001   0.9985906095E+000
 0.6262626   0.1115105483E+001   0.9881293322E+000   0.1147319243E+001   0.1016365120E+001
 0.6363636   0.1120386828E+001   0.9867063913E+000   0.1152261885E+001   0.1014667153E+001
 0.6464646   0.1123494186E+001   0.9646425587E+000   0.1142650355E+001   0.1000207353E+001
 0.6565657   0.1178623718E+001   0.9992736402E+000   0.1147439117E+001   0.1010306199E+001
 0.6666667   0.1188207029E+001   0.9911979352E+000   0.1150481156E+001   0.1008838366E+001
 0.6767677   0.1221758190E+001   0.1000082036E+001   0.1158614936E+001   0.1017115475E+001
 0.6868687   0.1228515802E+001   0.9815693685E+000   0.1155456352E+001   0.1006571831E+001
 0.6969697   0.1274091038E+001   0.1014505294E+001   0.1166379709E+001   0.1018293222E+001
 0.7070707   0.1300499239E+001   0.1000946111E+001   0.1159945995E+001   0.1005044047E+001
 0.7171717   0.1338652142E+001   0.1001286380E+001   0.1167700654E+001   0.1017802011E+001
 0.7272727   0.1345331666E+001   0.9831820348E+000   0.1161667496E+001   0.1003206838E+001
 0.7373737   0.1388321215E+001   0.9855659764E+000   0.1165903713E+001   0.1003357683E+001
 0.7474747   0.1408053803E+001   0.9732090753E+000   0.1168136664E+001   0.1006937339E+001
 0.7575758   0.1472948035E+001   0.9900018399E+000   0.1171098122E+001   0.1011574840E+001
 0.7676768   0.1518115292E+001   0.9743742370E+000   0.1179580374E+001   0.1005952982E+001
 0.7777778   0.1546426343E+001   0.9757476843E+000   0.1161098284E+001   0.9913191309E+000
 0.7878788   0.1618845305E+001   0.9896347624E+000   0.1185536408E+001   0.1012905366E+001
 0.7979798   0.1672343666E+001   0.9872858788E+000   0.1192956073E+001   0.1003928184E+001
 0.8080808   0.1717304032E+001   0.9814002654E+000   0.1189243644E+001   0.1003378956E+001
 0.8181818   0.1789806823E+001   0.9773809730E+000   0.1193927048E+001   0.1002073570E+001
 0.8282828   0.1860604085E+001   0.9781563726E+000   0.1199840212E+001   0.9958115896E+000
 0.8383838   0.1911837664E+001   0.9845864156E+000   0.1198875256E+001   0.9991398382E+000
 0.8484848   0.2004447621E+001   0.9838563851E+000   0.1202621359E+001   0.1007865613E+001
 0.8585859   0.2071310753E+001   0.9901461962E+000   0.1204715813E+001   0.1003955259E+001
 0.8686869   0.2157507152E+001   0.9873147501E+000   0.1206160953E+001   0.9952971712E+000
 0.8787879   0.2227323114E+001   0.9772489900E+000   0.1221841873E+001   0.1003483386E+001
 0.8888889   0.2348419285E+001   0.9775995697E+000   0.1219401900E+001   0.9994918087E+000
 0.8989899   0.2445789378E+001   0.9774449022E+000   0.1227611095E+001   0.1012924705E+001
 0.9090909   0.2538615021E+001   0.9711839623E+000   0.1220750875E+001   0.9970357508E+000
 0.9191919   0.2708704251E+001   0.9895914555E+000   0.1250737462E+001   0.1010424167E+001
 0.9292929   0.2828355499E+001   0.9844812417E+000   0.1251680836E+001   0.1014270702E+001
 0.9393939   0.2988745931E+001   0.9940933105E+000   0.1261111561E+001   0.1010161156E+001
 0.9494949   0.3100897025E+001   0.9704250605E+000   0.1257326304E+001   0.1003106275E+001
 0.9595960   0.3241551709E+001   0.9695506736E+000   0.1250027989E+001   0.9906209916E+000
 0.9696970   0.3411966482E+001   0.9691712227E+000   0.1268704600E+001   0.1004173790E+001
 0.9797980   0.3656196611E+001   0.9771438161E+000   0.1284659064E+001   0.1009010484E+001
 0.9898990   0.3791817811E+001   0.9656633641E+000   0.1266450340E+001   0.9878342361E+000
 1.0000000   0.3921734679E+001   0.9733843651E+000   0.1295398229E+001   0.9989696547E+000


 0.0000000   0.1065396181E+001   0.9971139006E+000   0.8677657098E+000   0.9888910610E+000
 0.0101010   0.1059077745E+001   0.9864942897E+000   0.8622409930E+000   0.9818098572E+000
 0.0202020   0.1048878835E+001   0.9678320544E+000   0.8630342052E+000   0.9745835937E+000
 0.0303030   0.1024102153E+001   0.9651086482E+000   0.8659093303E+000   0.9703081499E+000
 0.0404040   0.9999133845E+000   0.9916566296E+000   0.8632809327E+000   0.1006647513E+001
 0.0505051   0.9524168987E+000   0.9872682223E+000   0.8596105850E+000   0.9885952155E+000
 0.0606061   0.9086532551E+000   0.9730947964E+000   0.8533300711E+000   0.9744843424E+000
 0.0707071   0.8551757268E+000   0.1009172608E+001   0.8554454080E+000   0.9991483087E+000
 0.0808081   0.7889601263E+000   0.9631675415E+000   0.8462986125E+000   0.9737953088E+000
 0.0909091   0.7264887796E+000   0.9771276130E+000   0.8471616051E+000   0.9775096006E+000
 0.1010101   0.6632868399E+000   0.9781734679E+000   0.8473317093E+000   0.9768797361E+000
 0.1111111   0.6161904851E+000   0.1010854343E+001   0.8470317683E+000   0.9992723729E+000
 0.1212121   0.5655201197E+000   0.9720154741E+000   0.8476835601E+000   0.9785746442E+000
 0.1313131   0.5181723349E+000   0.9759667140E+000   0.8427184476E+000   0.9761200813E+000
 0.1414141   0.4832679863E+000   0.9836370140E+000   0.8448404361E+000   0.9847072338E+000
 0.1515152   0.4497217683E+000   0.9765691265E+000   0.8442180597E+000   0.9632154941E+000
 0.1616162   0.4252660216E+000   0.9936249286E+000   0.8436727170E+000   0.9799908849E+000
 0.1717172   0.4018032040E+000   0.9752910918E+000   0.8464939251E+000   0.9888967870E+000
 0.1818182   0.3917421924E+000   0.9924305622E+000   0.8590618134E+000   0.9784047716E+000
 0.1919192   0.3848736061E+000   0.9664034166E+000   0.8650343692E+000   0.9886963756E+000
 0.2020202   0.3792539177E+000   0.9783700886E+000   0.8584627506E+000   0.1006168435E+001
 0.2121212   0.3738407383E+000   0.9683382482E+000   0.8703873515E+000   0.9844781922E+000
 0.2222222   0.3814471794E+000   0.9875840705E+000   0.8815417108E+000   0.9754634953E+000
 0.2323232   0.3769131822E+000   0.9772907664E+000   0.8898470495E+000   0.9861482874E+000
 0.2424242   0.3889162987E+000   0.9767824809E+000   0.8842764765E+000   0.9792827645E+000
 0.2525253   0.3927284912E+000   0.9695577151E+000   0.8885306229E+000   0.1001478807E+001
 0.2626263   0.4058968526E+000   0.9815662213E+000   0.8869957660E+000   0.9644141453E+000
 0.2727273   0.4160672719E+000   0.9616866109E+000   0.9037830649E+000   0.1003631799E+001
 0.2828283   0.4278631464E+000   0.9892365213E+000   0.9156364413E+000   0.1007002528E+001
 0.2929293   0.4497957723E+000   0.9998770493E+000   0.9110566284E+000   0.9807180921E+000
 0.3030303   0.4666194394E+000   0.1037023724E+001   0.9215540328E+000   0.9894980213E+000
 0.3131313   0.4828759212E+000   0.9884835058E+000   0.9428780327E+000   0.1012814459E+001
 0.3232323   0.5049875546E+000   0.1002468678E+001   0.9342006429E+000   0.9970296736E+000
 0.3333333   0.5295497025E+000   0.9799807052E+000   0.9454252741E+000   0.9877840264E+000
 0.3434343   0.5537103505E+000   0.1014054659E+001   0.9487451333E+000   0.9971919114E+000
 0.3535354   0.5823537588E+000   0.9847288866E+000   0.9608131688E+000   0.9792178694E+000
 0.3636364   0.6083194964E+000   0.1008729165E+001   0.9676283030E+000   0.1000274430E+001
 0.3737374   0.6507227854E+000   0.1021762609E+001   0.9754837491E+000   0.1024113847E+001
 0.3838384   0.6702165701E+000   0.9840469892E+000   0.9856518375E+000   0.1020958798E+001
 0.3939394   0.7139054999E+000   0.9784976830E+000   0.9871099142E+000   0.1014696418E+001
 0.4040404   0.7446654200E+000   0.1006342524E+001   0.9939114355E+000   0.9733868512E+000
 0.4141414   0.7894921137E+000   0.1011379362E+001   0.1016097597E+001   0.1026429076E+001
 0.4242424   0.8415790626E+000   0.9979840519E+000   0.1027825828E+001   0.1006542536E+001
 0.4343434   0.8882001786E+000   0.1017386752E+001   0.1008279247E+001   0.9737953088E+000
 0.4444444   0.9473151388E+000   0.1029627438E+001   0.1029743689E+001   0.9999976714E+000
 0.4545455   0.1009526509E+001   0.1018708713E+001   0.1040416495E+001   0.1013614196E+001
 0.4646465   0.1073944938E+001   0.1019198173E+001   0.1042125174E+001   0.1008817683E+001
 0.4747475   0.1152634198E+001   0.1066508466E+001   0.1049396737E+001   0.9782616206E+000
 0.4848485   0.1213422923E+001   0.1035486318E+001   0.1062570106E+001   0.1003185167E+001
 0.4949495   0.1292875479E+001   0.1038228549E+001   0.1082385522E+001   0.1013843238E+001
 0.5050505   0.1329954413E+001   0.1021505329E+001   0.1087584455E+001   0.1012762925E+001
 0.5151515   0.1334736957E+001   0.1043269570E+001   0.1078968161E+001   0.9864613110E+000
 0.5252525   0.1318725650E+001   0.1005662719E+001   0.1081627469E+001   0.1015729014E+001
 0.5353535   0.1306419674E+001   0.1004453710E+001   0.1083423280E+001   0.9931951350E+000
 0.5454545   0.1346174706E+001   0.1038485830E+001   0.1081415142E+001   0.1029853248E+001
 0.5555556   0.1328251222E+001   0.1010076227E+001   0.1072765661E+001   0.9923018726E+000
 0.5656566   0.1337108665E+001   0.1028096307E+001   0.1076279506E+001   0.9844972790E+000
 0.5757576   0.1327273106E+001   0.9952334534E+000   0.1074899926E+001   0.1007347999E+001
 0.5858586   0.1301977388E+001   0.1001378897E+001   0.1077691667E+001   0.1009810197E+001
 0.5959596   0.1321743661E+001   0.1009241634E+001   0.1084590554E+001   0.1001137154E+001
 0.6060606   0.1310466125E+001   0.1016175652E+001   0.1083199473E+001   0.1012846907E+001
 0.6161616   0.1317438899E+001   0.1008670597E+001   0.1085952227E+001   0.9910287829E+000
 0.6262626   0.1332277423E+001   0.1024889716E+001   0.1079789273E+001   0.9922636990E+000
 0.6363636   0.1321464411E+001   0.1017685867E+001   0.1069104522E+001   0.9929221937E+000
 0.6464646   0.1316085266E+001   0.9985258047E+000   0.1082856275E+001   0.1016837957E+001
 0.6565657   0.1315840008E+001   0.1013640500E+001   0.1077809188E+001   0.9982016033E+000
 0.6666667   0.1340592027E+001   0.1008737532E+001   0.1092450757E+001   0.1025129264E+001
 0.6767677   0.1329533169E+001   0.1002581630E+001   0.1083853203E+001   0.1006954811E+001
 0.6868687   0.1317672344E+001   0.1009540749E+001   0.1094167728E+001   0.1006021466E+001
 0.6969697   0.1319040895E+001   0.1007545258E+001   0.1080286081E+001   0.1014715505E+001
 0.7070707   0.1323262182E+001   0.1018204611E+001   0.1093155238E+001   0.1031061443E+001
 0.7171717   0.1314568500E+001   0.9939324099E+000   0.1080077220E+001   0.1002589659E+001
 0.7272727   0.1318612069E+001   0.1006104070E+001   0.1084276143E+001   0.1016148924E+001
 0.7373737   0.1318157331E+001   0.1005256927E+001   0.1081048477E+001   0.1013581749E+001
 0.7474747   0.1305318820E+001   0.9816101472E+000   0.1075147310E+001   0.9952927746E+000
 0.7575758   0.1329070439E+001   0.9981974063E+000   0.1085119647E+001   0.9973446058E+000
 0.7676768   0.1319196065E+001   0.1003481065E+001   0.1089445256E+001   0.1017483091E+001
 0.7777778   0.1315759553E+001   0.1005566500E+001   0.1083369326E+001   0.1007288830E+001
 0.7878788   0.1311855341E+001   0.1006191921E+001   0.1082023697E+001   0.1017551804E+001
 0.7979798   0.1314186458E+001   0.1008595296E+001   0.1089567491E+001   0.1015954238E+001
 0.8080808   0.1319592952E+001   0.9965324053E+000   0.1082585159E+001   0.9992494687E+000
 0.8181818   0.1322599918E+001   0.1004625231E+001   0.1080920458E+001   0.1024033682E+001
 0.8282828   0.1318224060E+001   0.1005131424E+001   0.1084752172E+001   0.1018340089E+001
 0.8383838   0.1327586611E+001   0.1010017659E+001   0.1086424034E+001   0.1007512146E+001
 0.8484848   0.1313749971E+001   0.1007034880E+001   0.1084000538E+001   0.1016822688E+001
 0.8585859   0.1321244587E+001   0.9881404653E+000   0.1077847482E+001   0.9809165948E+000
 0.8686869   0.1311655650E+001   0.9884667721E+000   0.1084144862E+001   0.1009495264E+001
 0.8787879   0.1323763643E+001   0.1004054194E+001   0.1088145479E+001   0.1016418048E+001
 0.8888889   0.1306270035E+001   0.1007980333E+001   0.1081109393E+001   0.1018319093E+001
 0.8989899   0.1317034889E+001   0.1000031836E+001   0.1072842882E+001   0.9942239136E+000
 0.9090909   0.1324962650E+001   0.1027843210E+001   0.1084793655E+001   0.1034321469E+001
 0.9191919   0.1300063024E+001   0.9809930928E+000   0.1082599902E+001   0.1002457960E+001
 0.9292929   0.1324655611E+001   0.1037860408E+001   0.1082782107E+001   0.1027501754E+001
 0.9393939   0.1311848571E+001   0.9931040928E+000   0.1074757681E+001   0.1001347108E+001
 0.9494949   0.1314914500E+001   0.9748455576E+000   0.1078627206E+001   0.9852321209E+000
 0.9595960   0.1310295711E+001   0.1007559900E+001   0.1083820676E+001   0.1039679134E+001
 0.9696970   0.1315551092E+001   0.1028843047E+001   0.1078775357E+001   0.1034659305E+001
 0.9797980   0.1314319854E+001   0.9985948312E+000   0.1096177599E+001   0.1018655021E+001
 0.9898990   0.1309885350E+001   0.9914181747E+000   0.1078410273E+001   0.1014232609E+001
 1.0000000   0.1310471017E+001   0.9804659819E+000   0.1079614692E+001   0.9914964095E+000


