Compiled using GNU Fortran (Ubuntu 9.4.0-1ubuntu1~20.04.2) 9.4.0 with all optimizations
Last Brick update unknown
Compiled at 18:43:37 on Sep  2 2023
Starting at 16:56:21 on Sep 11 2023

Settings
OK                      

Forcefield
OK                      

Topology
OK                      

Configuration
OK                      Read from ./INPUT/restart.in

 F
Monte Carlo Simulation initialized.

#########################################################################################################################
###########################################   ENERGY STARTING CONFIGURATION   ###########################################
#########################################################################################################################
                                               Box 1               Box 2
-------------------------------------------------------------------------------------------------------------------------
Lennard Jones        
 Intermolecular                         -0.4798634952E+006  -0.6732361784E+005
 Tailcorrection                         -0.1203449897E+005  -0.1681165655E+004
Total Intermolecular                    -0.4918979942E+006  -0.6900478350E+005

Electrostatic        
 Real                                   -0.1249751031E+006  -0.7888260908E+004
 Exclusion                               0.8220273026E+007   0.2194042745E+007
 Selfterm                               -0.8246675718E+007  -0.2196255828E+007
 Fourier                                 0.1454251500E+005   0.2077846726E+004
Total Intermolecular                    -0.1368352799E+006  -0.8023496827E+004

Intramolecular       
 Lennard Jones                           0.0000000000E+000   0.0000000000E+000
 Electrostatic                           0.0000000000E+000   0.0000000000E+000
 Bending                                 0.0000000000E+000   0.0000000000E+000
 Torsion                                 0.0000000000E+000   0.0000000000E+000

Total                                   -0.6287332740E+006  -0.7702828032E+005

#########################################################################################################################

Simulation is running...



#########################################################################################################################
###############################################   RELATIVE ENERGY DRIFTS   ##############################################
#########################################################################################################################
                                               Box 1               Box 2                                                 
-------------------------------------------------------------------------------------------------------------------------

Lennard Jones        
 Intermolecular                          0.1722353509E-014   0.0000000000E+000
 Tailcorrection                          0.0000000000E+000   0.0000000000E+000

Electrostatic        
 Real                                    0.4013888582E-014   0.2032302656E-014
 Exclusion                               0.0000000000E+000   0.1750402374E-015
 Selfterm                                0.0000000000E+000   0.0000000000E+000
 Fourier                                 0.1451219580E-015   0.1810167283E-015

Intramolecular       
 Lennard Jones                           0.0000000000E+000   0.0000000000E+000
 Electrostatic                           0.0000000000E+000   0.0000000000E+000
 Bending                                 0.0000000000E+000   0.0000000000E+000
 Torsion                                 0.0000000000E+000   0.0000000000E+000

Total                                    0.0000000000E+000   0.4915563098E-014

#########################################################################################################################
############################################   TRIAL MOVE ACCEPTANCE RATES   ############################################
#########################################################################################################################
                                               Box 1               Box 2
-------------------------------------------------------------------------------------------------------------------------
Translation
 CO2                                          0.49196             0.49456
 AR                                           0.50012             0.50601
-------------------------------------------------------------------------------------------------------------------------
Rotation
 CO2                                          0.50253             0.65624
 AR                                           0.00000             0.00000
-------------------------------------------------------------------------------------------------------------------------
Lambda Move
 cd                                           0.76054             0.92293
 Ar                                           0.83753             0.95397
-------------------------------------------------------------------------------------------------------------------------
GE Swap Fractional
 cd                                           0.31838             0.40888
 Ar                                           0.40017             0.49983
-------------------------------------------------------------------------------------------------------------------------
GE Identity Change
 cd                                           0.64803             0.88986
 Ar                                           0.75743             0.98681
-------------------------------------------------------------------------------------------------------------------------
Volume                                        0.49326             0.52189

#########################################################################################################################
######################################################   AVERAGES   #####################################################
#########################################################################################################################
                                                       Boltzmann                                    Biased
                                               Box 1               Box 2                  Box 1               Box 2      
-------------------------------------------------------------------------------------------------------------------------
Density
 CO2                                     0.8286059860E+003   0.8084433622E+002      0.8255352406E+003   0.8073201979E+002
 AR                                      0.1374798722E+003   0.1392112217E+003      0.1382315299E+003   0.1394161612E+003
 Total                                   0.9660858582E+003   0.2200555580E+003      0.9637667705E+003   0.2201481810E+003

Number of molecules
 CO2                                     0.4475584973E+003   0.1624415027E+003      0.4485301100E+003   0.1614698900E+003
 AR                                      0.8237248318E+002   0.3076275168E+003      0.8331195000E+002   0.3066880500E+003
 Total                                   0.5299309805E+003   0.4700690195E+003      0.5318420600E+003   0.4681579400E+003

Mole fractions
 CO2                                          0.84456             0.34557                 0.84335             0.34490
 AR                                           0.15544             0.65443                 0.15665             0.65510

Volume                                   0.3956398115E+005   0.1471681508E+006      0.3979885461E+005   0.1465013888E+006

#########################################################################################################################
#######################################   PROPERTIES FROM THE CFC GIBBS ENSEMBLE   ######################################
#########################################################################################################################
                                                       Boltzmann                                    Biased
                                               Box 1               Box 2                  Box 1               Box 2      
Chemical Potentials (as an indication)
=========================================================================================================================

Total cd                                -0.1952337424E+004  -0.1952235954E+004     -0.1953276762E+004  -0.1952587690E+004
 Ideal gas                              -0.1133331129E+004  -0.1722117592E+004     -0.1134270467E+004  -0.1722469328E+004
 Excess                                 -0.8190062949E+003  -0.2301183620E+003     -0.8190062949E+003  -0.2301183620E+003

-------------------------------------------------------------------------------------------------------------------------

Total Ar                                -0.1639764538E+004  -0.1635932170E+004     -0.1638385053E+004  -0.1635559991E+004
 Ideal gas                              -0.1563286655E+004  -0.1560120401E+004     -0.1561907170E+004  -0.1559748222E+004
 Excess                                 -0.7647788240E+002  -0.7581176885E+002     -0.7647788240E+002  -0.7581176885E+002

-------------------------------------------------------------------------------------------------------------------------

#########################################################################################################################
#########################################   PROPERTIES FROM UMBRELLA SAMPLING   #########################################
#########################################################################################################################

Excess Partial Molar Enthalpy
=========================================================================================================================


Partial Molar Volume
=========================================================================================================================


#########################################################################################################################
##################################################   AVERAGE ENERGIES   #################################################
#########################################################################################################################
                                                       Boltzmann                                    Biased
                                               Box 1               Box 2                  Box 1               Box 2      
-------------------------------------------------------------------------------------------------------------------------
Lennard Jones        
 Intermolecular                         -0.4826012059E+006  -0.7243919293E+005     -0.4829739736E+006  -0.7199373534E+005
 Tailcorrection                         -0.1192518913E+005  -0.1736002253E+004     -0.1193617815E+005  -0.1725962593E+004
Total Intermolecular                    -0.4945263950E+006  -0.7417519518E+005     -0.4949101518E+006  -0.7371969793E+005

Electrostatic        
 Real                                   -0.1264184243E+006  -0.6962926180E+004     -0.1262215841E+006  -0.6902232636E+004
 Exclusion                               0.8197876718E+007   0.2206324262E+007      0.8213513046E+007   0.2192616341E+007
 Selfterm                               -0.8224207937E+007  -0.2208549195E+007     -0.8239894302E+007  -0.2194827414E+007
 Fourier                                 0.1380145580E+005   0.2155518993E+004      0.1386462500E+005   0.2143210159E+004
Total Intermolecular                    -0.1389481872E+006  -0.7032340059E+004     -0.1387382153E+006  -0.6970095229E+004

Intramolecular       
 Lennard Jones                           0.0000000000E+000   0.0000000000E+000      0.0000000000E+000   0.0000000000E+000
 Electrostatic                           0.0000000000E+000   0.0000000000E+000      0.0000000000E+000   0.0000000000E+000
 Bending                                 0.0000000000E+000   0.0000000000E+000      0.0000000000E+000   0.0000000000E+000
 Torsion                                 0.0000000000E+000   0.0000000000E+000      0.0000000000E+000   0.0000000000E+000

Total                                   -0.6334745822E+006  -0.8120753524E+005     -0.6336483671E+006  -0.8068979316E+005

#########################################################################################################################

No errors found in bookkeeping.

Total simulation time:  15 hours and  41 minutes

Simulation finished.

