 0.0000000   0.1545549982E+000   0.1011683266E+001   0.4931657731E+000   0.1020575522E+001
 0.0101010   0.1531271114E+000   0.1013582547E+001   0.4821976339E+000   0.1009295281E+001
 0.0202020   0.1495271780E+000   0.9866656311E+000   0.4790042665E+000   0.9974109538E+000
 0.0303030   0.1455244339E+000   0.9812745781E+000   0.4787888866E+000   0.9870328956E+000
 0.0404040   0.1400802613E+000   0.9870955429E+000   0.4761366180E+000   0.9882015869E+000
 0.0505051   0.1346072680E+000   0.9909728221E+000   0.4816557710E+000   0.1009072204E+001
 0.0606061   0.1256931243E+000   0.9978312264E+000   0.4731238747E+000   0.9998746815E+000
 0.0707071   0.1199090295E+000   0.9938530290E+000   0.4783182417E+000   0.1001884357E+001
 0.0808081   0.1108162241E+000   0.1007137908E+001   0.4680509435E+000   0.1013056020E+001
 0.0909091   0.1027868455E+000   0.9890856508E+000   0.4668660085E+000   0.9902211330E+000
 0.1010101   0.9828402421E-001   0.9850650676E+000   0.4743835356E+000   0.9980920324E+000
 0.1111111   0.9237326564E-001   0.1001543000E+001   0.4738912377E+000   0.1005808949E+001
 0.1212121   0.8870691323E-001   0.9959380000E+000   0.4750399328E+000   0.1010144162E+001
 0.1313131   0.8613334958E-001   0.1000497487E+001   0.4844697551E+000   0.1019412753E+001
 0.1414141   0.8389477471E-001   0.9918487925E+000   0.4824086776E+000   0.1000705795E+001
 0.1515152   0.8270195350E-001   0.9882581211E+000   0.4882979647E+000   0.1003911799E+001
 0.1616162   0.8386346268E-001   0.1017148998E+001   0.4996731160E+000   0.1019677288E+001
 0.1717172   0.8349769786E-001   0.9876364647E+000   0.5000692744E+000   0.1010371188E+001
 0.1818182   0.8588506204E-001   0.9855817691E+000   0.5126364997E+000   0.1010633749E+001
 0.1919192   0.8769014988E-001   0.9955928596E+000   0.5203059643E+000   0.1013036278E+001
 0.2020202   0.9067419610E-001   0.9842738686E+000   0.5256611287E+000   0.1004132903E+001
 0.2121212   0.9477099317E-001   0.9747572775E+000   0.5364781363E+000   0.9962047538E+000
 0.2222222   0.1004344763E+000   0.9881612396E+000   0.5489009199E+000   0.1002833919E+001
 0.2323232   0.1050301202E+000   0.9971429639E+000   0.5663965884E+000   0.1006517665E+001
 0.2424242   0.1118227673E+000   0.1013090066E+001   0.5713819881E+000   0.9986349211E+000
 0.2525253   0.1199030709E+000   0.9966464461E+000   0.5936873404E+000   0.1008177918E+001
 0.2626263   0.1284747102E+000   0.9952658845E+000   0.6012700711E+000   0.9987908782E+000
 0.2727273   0.1361566684E+000   0.9948702849E+000   0.6196050034E+000   0.1009044566E+001
 0.2828283   0.1474914285E+000   0.9875456383E+000   0.6334979298E+000   0.9958355894E+000
 0.2929293   0.1561852372E+000   0.9907063979E+000   0.6446967173E+000   0.9928921455E+000
 0.3030303   0.1713030462E+000   0.9890957426E+000   0.6636274950E+000   0.9931448355E+000
 0.3131313   0.1868584861E+000   0.1006786712E+001   0.6829002908E+000   0.9892873644E+000
 0.3232323   0.2020631639E+000   0.9905550205E+000   0.7116030340E+000   0.1009399911E+001
 0.3333333   0.2213262590E+000   0.1000806296E+001   0.7193824414E+000   0.9897157529E+000
 0.3434343   0.2415432030E+000   0.9990079332E+000   0.7587877933E+000   0.1013269227E+001
 0.3535354   0.2597671618E+000   0.9927429282E+000   0.7680292430E+000   0.9985796452E+000
 0.3636364   0.2895183188E+000   0.9974416820E+000   0.7865102698E+000   0.9884878374E+000
 0.3737374   0.3174375665E+000   0.1011021242E+001   0.8201921853E+000   0.1010955534E+001
 0.3838384   0.3476217511E+000   0.1007511305E+001   0.8418074501E+000   0.1005281853E+001
 0.3939394   0.3816720904E+000   0.9940144982E+000   0.8722199375E+000   0.1010959482E+001
 0.4040404   0.4226588411E+000   0.1021222059E+001   0.8981577091E+000   0.9939818712E+000
 0.4141414   0.4625728277E+000   0.1010857754E+001   0.9282323625E+000   0.9935712499E+000
 0.4242424   0.5045020875E+000   0.9893238178E+000   0.9562308944E+000   0.9966134009E+000
 0.4343434   0.5637312171E+000   0.1012755017E+001   0.9857472255E+000   0.9813829046E+000
 0.4444444   0.6239090270E+000   0.1007119742E+001   0.1020215272E+001   0.9957368824E+000
 0.4545455   0.6965551105E+000   0.1015748253E+001   0.1061589578E+001   0.1006916442E+001
 0.4646465   0.7634189893E+000   0.9813149454E+000   0.1090435835E+001   0.9849403063E+000
 0.4747475   0.8519490302E+000   0.1007339744E+001   0.1133629814E+001   0.9959954949E+000
 0.4848485   0.9393512079E+000   0.1006633316E+001   0.1163302445E+001   0.9905231765E+000
 0.4949495   0.1055371993E+001   0.1011539962E+001   0.1208658523E+001   0.1001432279E+001
 0.5050505   0.1110372734E+001   0.1017679828E+001   0.1232286313E+001   0.1002067952E+001
 0.5151515   0.1115181715E+001   0.1022786292E+001   0.1235824877E+001   0.9982697051E+000
 0.5252525   0.1099799432E+001   0.9986809581E+000   0.1236718488E+001   0.9883417509E+000
 0.5353535   0.1122302131E+001   0.1012567309E+001   0.1244215901E+001   0.1011818233E+001
 0.5454545   0.1117229348E+001   0.1004158801E+001   0.1244651554E+001   0.1006750614E+001
 0.5555556   0.1127978721E+001   0.1010706377E+001   0.1238746254E+001   0.1006288665E+001
 0.5656566   0.1146486592E+001   0.1014083102E+001   0.1240079316E+001   0.9824035354E+000
 0.5757576   0.1136325291E+001   0.1006986530E+001   0.1242592232E+001   0.1006140604E+001
 0.5858586   0.1148562809E+001   0.1008284339E+001   0.1227427583E+001   0.9747813777E+000
 0.5959596   0.1163967166E+001   0.9963598383E+000   0.1249438312E+001   0.9991166115E+000
 0.6060606   0.1181291940E+001   0.1022360417E+001   0.1259956946E+001   0.1003599885E+001
 0.6161616   0.1199513676E+001   0.1017728269E+001   0.1258672428E+001   0.9906060904E+000
 0.6262626   0.1190034725E+001   0.9816600859E+000   0.1248399150E+001   0.9945879325E+000
 0.6363636   0.1207966739E+001   0.9917680579E+000   0.1256361368E+001   0.9966153751E+000
 0.6464646   0.1221650255E+001   0.1006215515E+001   0.1273383315E+001   0.1013032330E+001
 0.6565657   0.1234691474E+001   0.1007688921E+001   0.1251428085E+001   0.9936719311E+000
 0.6666667   0.1277605913E+001   0.1008241953E+001   0.1272109239E+001   0.9976675921E+000
 0.6767677   0.1286097109E+001   0.1003730907E+001   0.1276309617E+001   0.9985697745E+000
 0.6868687   0.1299967786E+001   0.9921676942E+000   0.1270237312E+001   0.9923156964E+000
 0.6969697   0.1340919496E+001   0.1011697394E+001   0.1276071763E+001   0.9997740004E+000
 0.7070707   0.1371196730E+001   0.1011612623E+001   0.1276914457E+001   0.9949294588E+000
 0.7171717   0.1376800113E+001   0.9844232276E+000   0.1275019865E+001   0.9814717409E+000
 0.7272727   0.1410375418E+001   0.9924805407E+000   0.1290467342E+001   0.1000445208E+001
 0.7373737   0.1438885224E+001   0.9962609384E+000   0.1300447506E+001   0.1000532070E+001
 0.7474747   0.1460974685E+001   0.9860742502E+000   0.1299125190E+001   0.9962501590E+000
 0.7575758   0.1500148100E+001   0.9944100977E+000   0.1305091093E+001   0.1001436227E+001
 0.7676768   0.1535523681E+001   0.9845463478E+000   0.1319404108E+001   0.1003755842E+001
 0.7777778   0.1575380572E+001   0.9938590841E+000   0.1316672753E+001   0.1002950393E+001
 0.7878788   0.1607510730E+001   0.9923796225E+000   0.1312957972E+001   0.9926769642E+000
 0.7979798   0.1677955581E+001   0.1001500614E+001   0.1327465835E+001   0.1000514303E+001
 0.8080808   0.1712446986E+001   0.9924078796E+000   0.1334218991E+001   0.9898203824E+000
 0.8181818   0.1775392072E+001   0.1011402713E+001   0.1349614992E+001   0.1014281961E+001
 0.8282828   0.1836534919E+001   0.1014936870E+001   0.1362803542E+001   0.1013275149E+001
 0.8383838   0.1893757353E+001   0.1013172819E+001   0.1361389958E+001   0.1006801942E+001
 0.8484848   0.1930059567E+001   0.9986284806E+000   0.1368566192E+001   0.1004257274E+001
 0.8585859   0.1983195059E+001   0.9851982797E+000   0.1371333587E+001   0.9909772289E+000
 0.8686869   0.2050247468E+001   0.9961539651E+000   0.1372932412E+001   0.9964534955E+000
 0.8787879   0.2140795040E+001   0.1004657337E+001   0.1394401669E+001   0.1003351144E+001
 0.8888889   0.2206482438E+001   0.1004017515E+001   0.1391911929E+001   0.1001779727E+001
 0.8989899   0.2301650518E+001   0.1001486485E+001   0.1422275107E+001   0.1011484604E+001
 0.9090909   0.2368602751E+001   0.9879230725E+000   0.1404498565E+001   0.9835248474E+000
 0.9191919   0.2471269822E+001   0.9942385367E+000   0.1430535623E+001   0.9981690239E+000
 0.9292929   0.2580774818E+001   0.1014886411E+001   0.1438333615E+001   0.1008596436E+001
 0.9393939   0.2660377744E+001   0.1006062119E+001   0.1438022106E+001   0.9970437636E+000
 0.9494949   0.2766981535E+001   0.9974356269E+000   0.1451582389E+001   0.9924400673E+000
 0.9595960   0.2904232333E+001   0.1001411806E+001   0.1462077579E+001   0.9862827221E+000
 0.9696970   0.3011064105E+001   0.1020331960E+001   0.1481011065E+001   0.1014961066E+001
 0.9797980   0.3142455599E+001   0.9934513743E+000   0.1498665590E+001   0.9946590015E+000
 0.9898990   0.3269952926E+001   0.1009983802E+001   0.1496455764E+001   0.1006446596E+001
 1.0000000   0.3407298891E+001   0.9955222168E+000   0.1509573552E+001   0.9823522077E+000


 0.0000000   0.9146069461E+000   0.1034634480E+001   0.7869774443E+000   0.1000163796E+001
 0.0101010   0.9147719605E+000   0.1046354893E+001   0.7886959241E+000   0.1005853322E+001
 0.0202020   0.9033812246E+000   0.1035902117E+001   0.7826169409E+000   0.9913250848E+000
 0.0303030   0.8932220659E+000   0.1054678206E+001   0.7821702329E+000   0.1008107375E+001
 0.0404040   0.8691022246E+000   0.1038726061E+001   0.7818683855E+000   0.9967321390E+000
 0.0505051   0.8294119888E+000   0.1039801251E+001   0.7741134681E+000   0.1002900723E+001
 0.0606061   0.7941626855E+000   0.1036561037E+001   0.7689165208E+000   0.1004127951E+001
 0.0707071   0.7597841893E+000   0.1046589176E+001   0.7692659640E+000   0.1004437144E+001
 0.0808081   0.7225481936E+000   0.1039376614E+001   0.7612125641E+000   0.9907964035E+000
 0.0909091   0.6767836972E+000   0.1040719556E+001   0.7630390973E+000   0.1017222832E+001
 0.1010101   0.6323503538E+000   0.1052228696E+001   0.7504486935E+000   0.1005973564E+001
 0.1111111   0.5862362263E+000   0.1021361943E+001   0.7471874444E+000   0.9980624309E+000
 0.1212121   0.5538378558E+000   0.1041363834E+001   0.7376014380E+000   0.1000455811E+001
 0.1313131   0.5191699396E+000   0.1030572184E+001   0.7385872704E+000   0.1004339805E+001
 0.1414141   0.4872184394E+000   0.1014155657E+001   0.7372337108E+000   0.1005391442E+001
 0.1515152   0.4672605187E+000   0.1029040979E+001   0.7391200010E+000   0.1001341400E+001
 0.1616162   0.4493880489E+000   0.1029708267E+001   0.7381224276E+000   0.1005841871E+001
 0.1717172   0.4339456684E+000   0.1024736033E+001   0.7373806834E+000   0.1001402475E+001
 0.1818182   0.4196828638E+000   0.1017360310E+001   0.7397579111E+000   0.9943578448E+000
 0.1919192   0.4190270574E+000   0.1028095481E+001   0.7441810708E+000   0.9948235424E+000
 0.2020202   0.4194924845E+000   0.1026928251E+001   0.7547157000E+000   0.1005267383E+001
 0.2121212   0.4135234947E+000   0.1010612130E+001   0.7526119272E+000   0.9919720991E+000
 0.2222222   0.4216839203E+000   0.1020067113E+001   0.7627257905E+000   0.9946097796E+000
 0.2323232   0.4240591077E+000   0.9995088011E+000   0.7682118908E+000   0.9984918651E+000
 0.2424242   0.4363874829E+000   0.1025457708E+001   0.7754780987E+000   0.9987991492E+000
 0.2525253   0.4424570304E+000   0.1014247697E+001   0.7880399474E+000   0.1011342446E+001
 0.2626263   0.4480841309E+000   0.1000759704E+001   0.7999871711E+000   0.1004656632E+001
 0.2727273   0.4683073108E+000   0.1018410399E+001   0.8052312778E+000   0.9892408973E+000
 0.2828283   0.4806965917E+000   0.1014329277E+001   0.8215978710E+000   0.1017934739E+001
 0.2929293   0.5020342283E+000   0.1018422950E+001   0.8311532652E+000   0.1009609440E+001
 0.3030303   0.5208175450E+000   0.1008193998E+001   0.8238195638E+000   0.9827364000E+000
 0.3131313   0.5371414648E+000   0.1001376788E+001   0.8442509643E+000   0.9982475648E+000
 0.3232323   0.5538451242E+000   0.9935680598E+000   0.8569881975E+000   0.9974764917E+000
 0.3333333   0.5768351187E+000   0.1007070695E+001   0.8767147099E+000   0.1013905691E+001
 0.3434343   0.6045521752E+000   0.1017805866E+001   0.8881139027E+000   0.1006338106E+001
 0.3535354   0.6337342004E+000   0.9920201202E+000   0.8912054369E+000   0.9969802566E+000
 0.3636364   0.6572996698E+000   0.1011350539E+001   0.9075164894E+000   0.9930905367E+000
 0.3737374   0.6829706551E+000   0.9838369583E+000   0.9225678596E+000   0.9911227736E+000
 0.3838384   0.7238649343E+000   0.9964296563E+000   0.9514435932E+000   0.1019253579E+001
 0.3939394   0.7628395214E+000   0.9815338751E+000   0.9561952191E+000   0.1000908148E+001
 0.4040404   0.7958531411E+000   0.9972914822E+000   0.9797836245E+000   0.1001719302E+001
 0.4141414   0.8300020924E+000   0.9800068536E+000   0.9898828327E+000   0.1002185000E+001
 0.4242424   0.8938370513E+000   0.1006926360E+001   0.1011366730E+001   0.1001658227E+001
 0.4343434   0.9332632107E+000   0.9980905537E+000   0.1037695376E+001   0.1015487918E+001
 0.4444444   0.9706228193E+000   0.9734406611E+000   0.1050625391E+001   0.1012720453E+001
 0.4545455   0.1019993537E+001   0.9812472971E+000   0.1068418927E+001   0.1002753761E+001
 0.4646465   0.1072774161E+001   0.9813790812E+000   0.1077161367E+001   0.9982055756E+000
 0.4747475   0.1143218425E+001   0.9818832075E+000   0.1097472046E+001   0.9957263086E+000
 0.4848485   0.1221498685E+001   0.1004918223E+001   0.1127346991E+001   0.1007884069E+001
 0.4949495   0.1294704452E+001   0.1002958196E+001   0.1133645423E+001   0.9965603653E+000
 0.5050505   0.1328663765E+001   0.1004073131E+001   0.1153442767E+001   0.1014335126E+001
 0.5151515   0.1329727228E+001   0.1000226292E+001   0.1157836921E+001   0.1007885978E+001
 0.5252525   0.1315683332E+001   0.9911373763E+000   0.1157798521E+001   0.1003139298E+001
 0.5353535   0.1328359974E+001   0.9951808456E+000   0.1158369503E+001   0.1009088394E+001
 0.5454545   0.1327908886E+001   0.9995903817E+000   0.1153068557E+001   0.1012472335E+001
 0.5555556   0.1327039872E+001   0.9941433077E+000   0.1151508962E+001   0.1002499918E+001
 0.5656566   0.1320996623E+001   0.1001623621E+001   0.1138806136E+001   0.9906666190E+000
 0.5757576   0.1306201503E+001   0.9805172553E+000   0.1143311095E+001   0.9948769831E+000
 0.5858586   0.1309221752E+001   0.9737565244E+000   0.1153722563E+001   0.1011539032E+001
 0.5959596   0.1320517877E+001   0.9893781638E+000   0.1149550046E+001   0.9961385655E+000
 0.6060606   0.1313528855E+001   0.9990297765E+000   0.1144412510E+001   0.1006443079E+001
 0.6161616   0.1318990233E+001   0.9816928527E+000   0.1142771333E+001   0.9841907506E+000
 0.6262626   0.1324094518E+001   0.9796386950E+000   0.1154546941E+001   0.1003208007E+001
 0.6363636   0.1334442000E+001   0.1000127977E+001   0.1151969113E+001   0.9953388635E+000
 0.6464646   0.1307545012E+001   0.9770071976E+000   0.1162225013E+001   0.1014253056E+001
 0.6565657   0.1325738071E+001   0.9923924624E+000   0.1147422504E+001   0.1006187327E+001
 0.6666667   0.1326317721E+001   0.1003843032E+001   0.1150073846E+001   0.1003061045E+001
 0.6767677   0.1314187730E+001   0.9780468273E+000   0.1145214538E+001   0.9948559886E+000
 0.6868687   0.1309796347E+001   0.9812493889E+000   0.1151193335E+001   0.1001564706E+001
 0.6969697   0.1334884180E+001   0.9974839287E+000   0.1150162271E+001   0.1000789815E+001
 0.7070707   0.1319429625E+001   0.9920201202E+000   0.1152339431E+001   0.1004105048E+001
 0.7171717   0.1313961744E+001   0.9756370619E+000   0.1151433750E+001   0.9950220365E+000
 0.7272727   0.1313085267E+001   0.9756768063E+000   0.1149783609E+001   0.9967302304E+000
 0.7373737   0.1313694870E+001   0.9879013457E+000   0.1149595097E+001   0.1000833713E+001
 0.7474747   0.1313056412E+001   0.9823957010E+000   0.1144385540E+001   0.1000051189E+001
 0.7575758   0.1313458971E+001   0.9886648565E+000   0.1149893739E+001   0.1003148841E+001
 0.7676768   0.1313721538E+001   0.9832533432E+000   0.1152759626E+001   0.9964840215E+000
 0.7777778   0.1310025956E+001   0.9704849331E+000   0.1144871809E+001   0.9912372894E+000
 0.7878788   0.1319755406E+001   0.9868052371E+000   0.1156355206E+001   0.1000593230E+001
 0.7979798   0.1323341259E+001   0.9821697855E+000   0.1149621563E+001   0.9946937578E+000
 0.8080808   0.1312282521E+001   0.9800445062E+000   0.1150429957E+001   0.9987037193E+000
 0.8181818   0.1317217639E+001   0.9861588677E+000   0.1152815929E+001   0.1001826183E+001
 0.8282828   0.1307824685E+001   0.9716730813E+000   0.1147044610E+001   0.9916648150E+000
 0.8383838   0.1297596699E+001   0.9717776719E+000   0.1142947902E+001   0.9916514548E+000
 0.8484848   0.1327422296E+001   0.9856317315E+000   0.1149099450E+001   0.9939265020E+000
 0.8585859   0.1315252155E+001   0.9749990597E+000   0.1153970472E+001   0.9953655839E+000
 0.8686869   0.1322093200E+001   0.9904617215E+000   0.1150008097E+001   0.9956843195E+000
 0.8787879   0.1315427249E+001   0.9800214963E+000   0.1148813471E+001   0.9914739553E+000
 0.8888889   0.1311884370E+001   0.9830776311E+000   0.1147736078E+001   0.9987762460E+000
 0.8989899   0.1316705246E+001   0.9740765714E+000   0.1147146046E+001   0.9854771448E+000
 0.9090909   0.1301454522E+001   0.9698009111E+000   0.1132230990E+001   0.9760181399E+000
 0.9191919   0.1314199954E+001   0.9707526848E+000   0.1148448199E+001   0.9874391821E+000
 0.9292929   0.1310977869E+001   0.9756579800E+000   0.1144346279E+001   0.9934951592E+000
 0.9393939   0.1315440397E+001   0.9836988988E+000   0.1148040303E+001   0.9951460952E+000
 0.9494949   0.1334367599E+001   0.1002761566E+001   0.1164674278E+001   0.1015646332E+001
 0.9595960   0.1302003328E+001   0.9777476985E+000   0.1140313588E+001   0.9897524012E+000
 0.9696970   0.1329350019E+001   0.1005867904E+001   0.1155790014E+001   0.1010559922E+001
 0.9797980   0.1317415349E+001   0.9758399675E+000   0.1148947223E+001   0.9900654110E+000
 0.9898990   0.1315619465E+001   0.9787538592E+000   0.1155751336E+001   0.9959286199E+000
 1.0000000   0.1305803000E+001   0.9640086884E+000   0.1132535155E+001   0.9754226578E+000


