Compiled using GNU Fortran (Ubuntu 9.4.0-1ubuntu1~20.04.2) 9.4.0 with all optimizations
Last Brick update unknown
Compiled at 18:43:37 on Sep  2 2023
Starting at 16:56:20 on Sep 11 2023

Settings
OK                      

Forcefield
OK                      

Topology
OK                      

Configuration
OK                      Read from ./INPUT/restart.in

 F
Monte Carlo Simulation initialized.

#########################################################################################################################
###########################################   ENERGY STARTING CONFIGURATION   ###########################################
#########################################################################################################################
                                               Box 1               Box 2
-------------------------------------------------------------------------------------------------------------------------
Lennard Jones        
 Intermolecular                         -0.4905170632E+006  -0.4497285647E+005
 Tailcorrection                         -0.1168442180E+005  -0.9698515115E+003
Total Intermolecular                    -0.5022014850E+006  -0.4594270798E+005

Electrostatic        
 Real                                   -0.1495982709E+006  -0.1145326468E+005
 Exclusion                               0.8403352604E+007   0.4560531363E+007
 Selfterm                               -0.8430343329E+007  -0.4565130119E+007
 Fourier                                 0.1200214139E+005   0.3768412209E+004
Total Intermolecular                    -0.1645868545E+006  -0.1228360869E+005

Intramolecular       
 Lennard Jones                           0.0000000000E+000   0.0000000000E+000
 Electrostatic                           0.0000000000E+000   0.0000000000E+000
 Bending                                 0.0000000000E+000   0.0000000000E+000
 Torsion                                 0.0000000000E+000   0.0000000000E+000

Total                                   -0.6667883395E+006  -0.5822631667E+005

#########################################################################################################################

Simulation is running...



#########################################################################################################################
###############################################   RELATIVE ENERGY DRIFTS   ##############################################
#########################################################################################################################
                                               Box 1               Box 2                                                 
-------------------------------------------------------------------------------------------------------------------------

Lennard Jones        
 Intermolecular                          0.0000000000E+000   0.2522716951E-014
 Tailcorrection                          0.0000000000E+000   0.0000000000E+000

Electrostatic        
 Real                                    0.0000000000E+000   0.1097779989E-014
 Exclusion                               0.0000000000E+000   0.1673555441E-015
 Selfterm                                0.0000000000E+000   0.0000000000E+000
 Fourier                                 0.0000000000E+000   0.4832736354E-015

Intramolecular       
 Lennard Jones                           0.0000000000E+000   0.0000000000E+000
 Electrostatic                           0.0000000000E+000   0.0000000000E+000
 Bending                                 0.0000000000E+000   0.0000000000E+000
 Torsion                                 0.0000000000E+000   0.0000000000E+000

Total                                    0.0000000000E+000   0.1495069585E-013

#########################################################################################################################
############################################   TRIAL MOVE ACCEPTANCE RATES   ############################################
#########################################################################################################################
                                               Box 1               Box 2
-------------------------------------------------------------------------------------------------------------------------
Translation
 CO2                                          0.49090             0.50839
 AR                                           0.49723             0.68865
-------------------------------------------------------------------------------------------------------------------------
Rotation
 CO2                                          0.48951             0.76981
 AR                                           0.00000             0.00000
-------------------------------------------------------------------------------------------------------------------------
Lambda Move
 cd                                           0.73863             0.95165
 Ar                                           0.82222             0.97374
-------------------------------------------------------------------------------------------------------------------------
GE Swap Fractional
 cd                                           0.39971             0.33621
 Ar                                           0.49200             0.42117
-------------------------------------------------------------------------------------------------------------------------
GE Identity Change
 cd                                           0.84951             0.71166
 Ar                                           0.94309             0.78208
-------------------------------------------------------------------------------------------------------------------------
Volume                                        0.51147             0.50873

#########################################################################################################################
######################################################   AVERAGES   #####################################################
#########################################################################################################################
                                                       Boltzmann                                    Biased
                                               Box 1               Box 2                  Box 1               Box 2      
-------------------------------------------------------------------------------------------------------------------------
Density
 CO2                                     0.9997082440E+003   0.5811243945E+002      0.9978850065E+003   0.5809331844E+002
 AR                                      0.2556058126E+002   0.2762618262E+002      0.2571818221E+002   0.2774934929E+002
 Total                                   0.1025268825E+004   0.8573862206E+002      0.1023603189E+004   0.8584266772E+002

Number of molecules
 CO2                                     0.4253248355E+003   0.3696751645E+003      0.4273847500E+003   0.3676152500E+003
 AR                                      0.1205082004E+002   0.1929491800E+003      0.1220613000E+002   0.1927938700E+003
 Total                                   0.4373756556E+003   0.5626243444E+003      0.4395908800E+003   0.5604091200E+003

Mole fractions
 CO2                                          0.97245             0.65706                 0.97223             0.65598
 AR                                           0.02755             0.34294                 0.02777             0.34402

Volume                                   0.3110906637E+005   0.4654364969E+006      0.3131725811E+005   0.4630246026E+006

#########################################################################################################################
#######################################   PROPERTIES FROM THE CFC GIBBS ENSEMBLE   ######################################
#########################################################################################################################
                                                       Boltzmann                                    Biased
                                               Box 1               Box 2                  Box 1               Box 2      
Chemical Potentials (as an indication)
=========================================================================================================================

Total cd                                -0.1935953747E+004  -0.1939446047E+004     -0.1936415582E+004  -0.1939529307E+004
 Ideal gas                              -0.1085838291E+004  -0.1805644476E+004     -0.1086300126E+004  -0.1805727735E+004
 Excess                                 -0.8501154564E+003  -0.1338015712E+003     -0.8501154564E+003  -0.1338015712E+003

-------------------------------------------------------------------------------------------------------------------------

Total Ar                                -0.2013664402E+004  -0.2015361372E+004     -0.2012109248E+004  -0.2014235921E+004
 Ideal gas                              -0.1988940472E+004  -0.1969279184E+004     -0.1987385319E+004  -0.1968153734E+004
 Excess                                 -0.2472392986E+002  -0.4608218781E+002     -0.2472392986E+002  -0.4608218781E+002

-------------------------------------------------------------------------------------------------------------------------

#########################################################################################################################
#########################################   PROPERTIES FROM UMBRELLA SAMPLING   #########################################
#########################################################################################################################

Excess Partial Molar Enthalpy
=========================================================================================================================


Partial Molar Volume
=========================================================================================================================


#########################################################################################################################
##################################################   AVERAGE ENERGIES   #################################################
#########################################################################################################################
                                                       Boltzmann                                    Biased
                                               Box 1               Box 2                  Box 1               Box 2      
-------------------------------------------------------------------------------------------------------------------------
Lennard Jones        
 Intermolecular                         -0.4606904328E+006  -0.5172554517E+005     -0.4627293128E+006  -0.5145135230E+005
 Tailcorrection                         -0.1123576034E+005  -0.1003868322E+004     -0.1128800215E+005  -0.9988064918E+003
Total Intermolecular                    -0.4719261932E+006  -0.5272941349E+005     -0.4740173149E+006  -0.5245015879E+005

Electrostatic        
 Real                                   -0.1422762389E+006  -0.1150056004E+005     -0.1426312357E+006  -0.1142435375E+005
 Exclusion                               0.7788959602E+007   0.5019713125E+007      0.7826008833E+007   0.4990948284E+007
 Selfterm                               -0.7813977195E+007  -0.5024775074E+007     -0.7851145406E+007  -0.4995981167E+007
 Fourier                                 0.1120618250E+005   0.3701731717E+004      0.1128113052E+005   0.3690213000E+004
Total Intermolecular                    -0.1560876493E+006  -0.1286077642E+005     -0.1564866780E+006  -0.1276702405E+005

Intramolecular       
 Lennard Jones                           0.0000000000E+000   0.0000000000E+000      0.0000000000E+000   0.0000000000E+000
 Electrostatic                           0.0000000000E+000   0.0000000000E+000      0.0000000000E+000   0.0000000000E+000
 Bending                                 0.0000000000E+000   0.0000000000E+000      0.0000000000E+000   0.0000000000E+000
 Torsion                                 0.0000000000E+000   0.0000000000E+000      0.0000000000E+000   0.0000000000E+000

Total                                   -0.6280138424E+006  -0.6559018991E+005     -0.6305039929E+006  -0.6521718284E+005

#########################################################################################################################

No errors found in bookkeeping.

Total simulation time:  18 hours and  27 minutes

Simulation finished.

