Compiled using GNU Fortran (Ubuntu 9.4.0-1ubuntu1~20.04.2) 9.4.0 with all optimizations
Last Brick update unknown
Compiled at 18:43:37 on Sep  2 2023
Starting at 16:56:20 on Sep 11 2023

Settings
OK                      

Forcefield
OK                      

Topology
OK                      

Configuration
OK                      Read from ./INPUT/restart.in

 F
Monte Carlo Simulation initialized.

#########################################################################################################################
###########################################   ENERGY STARTING CONFIGURATION   ###########################################
#########################################################################################################################
                                               Box 1               Box 2
-------------------------------------------------------------------------------------------------------------------------
Lennard Jones        
 Intermolecular                         -0.4785948839E+006  -0.6376877030E+005
 Tailcorrection                         -0.1184858278E+005  -0.1445970445E+004
Total Intermolecular                    -0.4904434667E+006  -0.6521474075E+005

Electrostatic        
 Real                                   -0.1391887897E+006  -0.9561690639E+004
 Exclusion                               0.8330120773E+007   0.3054885698E+007
 Selfterm                               -0.8356876284E+007  -0.3057966376E+007
 Fourier                                 0.1292337885E+005   0.3033552015E+004
Total Intermolecular                    -0.1530209226E+006  -0.9608816993E+004

Intramolecular       
 Lennard Jones                           0.0000000000E+000   0.0000000000E+000
 Electrostatic                           0.0000000000E+000   0.0000000000E+000
 Bending                                 0.0000000000E+000   0.0000000000E+000
 Torsion                                 0.0000000000E+000   0.0000000000E+000

Total                                   -0.6434643893E+006  -0.7482355774E+005

#########################################################################################################################

Simulation is running...



#########################################################################################################################
###############################################   RELATIVE ENERGY DRIFTS   ##############################################
#########################################################################################################################
                                               Box 1               Box 2                                                 
-------------------------------------------------------------------------------------------------------------------------

Lennard Jones        
 Intermolecular                          0.1971492644E-013   0.1688090003E-014
 Tailcorrection                          0.0000000000E+000   0.0000000000E+000

Electrostatic        
 Real                                    0.1589001739E-013   0.1513210253E-014
 Exclusion                               0.0000000000E+000   0.0000000000E+000
 Selfterm                                0.0000000000E+000   0.0000000000E+000
 Fourier                                 0.3870378380E-015   0.1604067624E-015

Intramolecular       
 Lennard Jones                           0.0000000000E+000   0.0000000000E+000
 Electrostatic                           0.0000000000E+000   0.0000000000E+000
 Bending                                 0.0000000000E+000   0.0000000000E+000
 Torsion                                 0.0000000000E+000   0.0000000000E+000

Total                                    0.1164216077E-013   0.5933879882E-014

#########################################################################################################################
############################################   TRIAL MOVE ACCEPTANCE RATES   ############################################
#########################################################################################################################
                                               Box 1               Box 2
-------------------------------------------------------------------------------------------------------------------------
Translation
 CO2                                          0.49622             0.51627
 AR                                           0.49799             0.55465
-------------------------------------------------------------------------------------------------------------------------
Rotation
 CO2                                          0.51487             0.69769
 AR                                           0.00000             0.00000
-------------------------------------------------------------------------------------------------------------------------
Lambda Move
 cd                                           0.74805             0.93478
 Ar                                           0.82764             0.96292
-------------------------------------------------------------------------------------------------------------------------
GE Swap Fractional
 cd                                           0.39281             0.34935
 Ar                                           0.49757             0.43490
-------------------------------------------------------------------------------------------------------------------------
GE Identity Change
 cd                                           0.84024             0.75171
 Ar                                           0.99008             0.81433
-------------------------------------------------------------------------------------------------------------------------
Volume                                        0.51734             0.50592

#########################################################################################################################
######################################################   AVERAGES   #####################################################
#########################################################################################################################
                                                       Boltzmann                                    Biased
                                               Box 1               Box 2                  Box 1               Box 2      
-------------------------------------------------------------------------------------------------------------------------
Density
 CO2                                     0.9146138193E+003   0.7281414258E+002      0.9134667433E+003   0.7280706933E+002
 AR                                      0.8444219852E+002   0.9206595214E+002      0.8463877379E+002   0.9213853702E+002
 Total                                   0.9990560178E+003   0.1648800947E+003      0.9981055171E+003   0.1649456063E+003

Number of molecules
 CO2                                     0.4857674553E+003   0.1942325447E+003      0.4860853100E+003   0.1939146900E+003
 AR                                      0.4959276717E+002   0.2704072328E+003      0.4979834000E+002   0.2702016600E+003
 Total                                   0.5353602225E+003   0.4646397775E+003      0.5358836500E+003   0.4641163500E+003

Mole fractions
 CO2                                          0.90737             0.41803                 0.90707             0.41781
 AR                                           0.09263             0.58197                 0.09293             0.58219

Volume                                   0.3884911353E+005   0.1955777421E+006      0.3892327192E+005   0.1952792616E+006

#########################################################################################################################
#######################################   PROPERTIES FROM THE CFC GIBBS ENSEMBLE   ######################################
#########################################################################################################################
                                                       Boltzmann                                    Biased
                                               Box 1               Box 2                  Box 1               Box 2      
Chemical Potentials (as an indication)
=========================================================================================================================

Total cd                                -0.1943265635E+004  -0.1939747290E+004     -0.1943583137E+004  -0.1939771868E+004
 Ideal gas                              -0.1108345565E+004  -0.1748585270E+004     -0.1108663068E+004  -0.1748609848E+004
 Excess                                 -0.8349200694E+003  -0.1911620202E+003     -0.8349200694E+003  -0.1911620202E+003

-------------------------------------------------------------------------------------------------------------------------

Total Ar                                -0.1731412293E+004  -0.1731170570E+004     -0.1730824012E+004  -0.1730971183E+004
 Ideal gas                              -0.1686601452E+004  -0.1664732655E+004     -0.1686013171E+004  -0.1664533268E+004
 Excess                                 -0.4481084107E+002  -0.6643791486E+002     -0.4481084107E+002  -0.6643791486E+002

-------------------------------------------------------------------------------------------------------------------------

#########################################################################################################################
#########################################   PROPERTIES FROM UMBRELLA SAMPLING   #########################################
#########################################################################################################################

Excess Partial Molar Enthalpy
=========================================================================================================================


Partial Molar Volume
=========================================================================================================================


#########################################################################################################################
##################################################   AVERAGE ENERGIES   #################################################
#########################################################################################################################
                                                       Boltzmann                                    Biased
                                               Box 1               Box 2                  Box 1               Box 2      
-------------------------------------------------------------------------------------------------------------------------
Lennard Jones        
 Intermolecular                         -0.5262658453E+006  -0.6015069969E+005     -0.5262498957E+006  -0.6001484405E+005
 Tailcorrection                         -0.1292271916E+005  -0.1355424015E+004     -0.1292367454E+005  -0.1352554893E+004
Total Intermolecular                    -0.5391885645E+006  -0.6150612371E+005     -0.5391735703E+006  -0.6136739894E+005

Electrostatic        
 Real                                   -0.1497346022E+006  -0.7578225557E+004     -0.1496184994E+006  -0.7563766535E+004
 Exclusion                               0.8897064065E+007   0.2637936849E+007      0.8900739366E+007   0.2633267605E+007
 Selfterm                               -0.8925640959E+007  -0.2640597021E+007     -0.8929327871E+007  -0.2635923043E+007
 Fourier                                 0.1382697423E+005   0.2518742309E+004      0.1385096324E+005   0.2514412719E+004
Total Intermolecular                    -0.1644845226E+006  -0.7719654693E+004     -0.1643560417E+006  -0.7704791975E+004

Intramolecular       
 Lennard Jones                           0.0000000000E+000   0.0000000000E+000      0.0000000000E+000   0.0000000000E+000
 Electrostatic                           0.0000000000E+000   0.0000000000E+000      0.0000000000E+000   0.0000000000E+000
 Bending                                 0.0000000000E+000   0.0000000000E+000      0.0000000000E+000   0.0000000000E+000
 Torsion                                 0.0000000000E+000   0.0000000000E+000      0.0000000000E+000   0.0000000000E+000

Total                                   -0.7036730871E+006  -0.6922577840E+005     -0.7035296120E+006  -0.6907219091E+005

#########################################################################################################################

No errors found in bookkeeping.

Total simulation time:  17 hours and  10 minutes

Simulation finished.

