#   100 bins for weightfunction of cd                      
 0.0000000    0.3374787903E+001    0.8800399780E+000
 0.0101010    0.3356533813E+001    0.8585021973E+000
 0.0202020    0.3372488403E+001    0.8610824585E+000
 0.0303030    0.3424247742E+001    0.8879455566E+000
 0.0404040    0.3485197449E+001    0.8801116943E+000
 0.0505051    0.3513591003E+001    0.8282424927E+000
 0.0606061    0.3625477600E+001    0.8584197998E+000
 0.0707071    0.3694737244E+001    0.8775772095E+000
 0.0808081    0.3791932678E+001    0.8548309326E+000
 0.0909091    0.3881417847E+001    0.8548217773E+000
 0.1010101    0.3956333923E+001    0.8546798706E+000
 0.1111111    0.4064231873E+001    0.8599639893E+000
 0.1212121    0.4146879578E+001    0.8855499268E+000
 0.1313131    0.4213755798E+001    0.8627990723E+000
 0.1414141    0.4209445190E+001    0.8065856934E+000
 0.1515152    0.4298820496E+001    0.8167053223E+000
 0.1616162    0.4303013611E+001    0.8200271606E+000
 0.1717172    0.4277307129E+001    0.8317230225E+000
 0.1818182    0.4307066345E+001    0.8301269531E+000
 0.1919192    0.4285609436E+001    0.8406616211E+000
 0.2020202    0.4222038269E+001    0.8080902100E+000
 0.2121212    0.4194659424E+001    0.7751098633E+000
 0.2222222    0.4121434021E+001    0.7729812622E+000
 0.2323232    0.4096069336E+001    0.7918395996E+000
 0.2424242    0.4058468628E+001    0.7971176147E+000
 0.2525253    0.3922256470E+001    0.7625885010E+000
 0.2626263    0.3903866577E+001    0.7675369263E+000
 0.2727273    0.3802854919E+001    0.7538726807E+000
 0.2828283    0.3697508240E+001    0.7436584473E+000
 0.2929293    0.3603488159E+001    0.7514373779E+000
 0.3030303    0.3528579712E+001    0.6878692627E+000
 0.3131313    0.3446800232E+001    0.7148666382E+000
 0.3232323    0.3314346313E+001    0.7348800659E+000
 0.3333333    0.3228201294E+001    0.6914276123E+000
 0.3434343    0.3118704224E+001    0.6674240112E+000
 0.3535354    0.3044328308E+001    0.6704116821E+000
 0.3636364    0.2951716614E+001    0.6487533569E+000
 0.3737374    0.2856564331E+001    0.6380676270E+000
 0.3838384    0.2720660400E+001    0.6170440674E+000
 0.3939394    0.2625404358E+001    0.6163635254E+000
 0.4040404    0.2518298340E+001    0.6095169067E+000
 0.4141414    0.2420600891E+001    0.5896865845E+000
 0.4242424    0.2286622620E+001    0.5955734253E+000
 0.4343434    0.2175059509E+001    0.5811325073E+000
 0.4444444    0.2047996521E+001    0.6063034058E+000
 0.4545455    0.1960133362E+001    0.5535720825E+000
 0.4646465    0.1802407837E+001    0.5250427246E+000
 0.4747475    0.1724092102E+001    0.4984893799E+000
 0.4848485    0.1610066223E+001    0.5217895508E+000
 0.4949495    0.1452890015E+001    0.4946792603E+000
 0.5050505    0.1421104431E+001    0.4944076538E+000
 0.5151515    0.1418754578E+001    0.4758148193E+000
 0.5252525    0.1430160522E+001    0.4828689575E+000
 0.5353535    0.1412034607E+001    0.4817520142E+000
 0.5454545    0.1420593262E+001    0.4876785278E+000
 0.5555556    0.1414773560E+001    0.5060501099E+000
 0.5656566    0.1385282898E+001    0.5047683716E+000
 0.5757576    0.1391732788E+001    0.4548080444E+000
 0.5858586    0.1392529297E+001    0.4886550903E+000
 0.5959596    0.1384872437E+001    0.4794555664E+000
 0.6060606    0.1355720520E+001    0.4751235962E+000
 0.6161616    0.1364508057E+001    0.4944335938E+000
 0.6262626    0.1342190552E+001    0.4749450684E+000
 0.6363636    0.1311654663E+001    0.4914978027E+000
 0.6464646    0.1337153625E+001    0.4909103394E+000
 0.6565657    0.1302764893E+001    0.4707901001E+000
 0.6666667    0.1274237061E+001    0.4749420166E+000
 0.6767677    0.1243203735E+001    0.4677536011E+000
 0.6868687    0.1225097656E+001    0.4724563599E+000
 0.6969697    0.1203906250E+001    0.4946945190E+000
 0.7070707    0.1178631592E+001    0.4896545410E+000
 0.7171717    0.1162422180E+001    0.4782546997E+000
 0.7272727    0.1120314026E+001    0.4589202881E+000
 0.7373737    0.1120864868E+001    0.4828399658E+000
 0.7474747    0.1087132263E+001    0.4805740356E+000
 0.7575758    0.1054367065E+001    0.4700790405E+000
 0.7676768    0.1013737488E+001    0.4731567383E+000
 0.7777778    0.9594558716E+000    0.4494796753E+000
 0.7878788    0.9632675171E+000    0.4704895020E+000
 0.7979798    0.9160568237E+000    0.4575866699E+000
 0.8080808    0.8733581543E+000    0.4533447266E+000
 0.8181818    0.8247146606E+000    0.4380081177E+000
 0.8282828    0.8195495605E+000    0.4800445557E+000
 0.8383838    0.7628158569E+000    0.4416137695E+000
 0.8484848    0.7278091431E+000    0.4552673340E+000
 0.8585859    0.6973205566E+000    0.4481216431E+000
 0.8686869    0.6281997681E+000    0.4261291504E+000
 0.8787879    0.5767791748E+000    0.4174972534E+000
 0.8888889    0.5398406982E+000    0.4127395630E+000
 0.8989899    0.4962432861E+000    0.4254913330E+000
 0.9090909    0.4556396484E+000    0.4267501831E+000
 0.9191919    0.4046356201E+000    0.4211105347E+000
 0.9292929    0.3587478638E+000    0.4198638916E+000
 0.9393939    0.2942169189E+000    0.4004241943E+000
 0.9494949    0.2349334717E+000    0.3815963745E+000
 0.9595960    0.1868911743E+000    0.3954971313E+000
 0.9696970    0.1522415161E+000    0.3747009277E+000
 0.9797980    0.6215057373E-001    0.3876235962E+000
 0.9898990    0.2898254395E-001    0.3820587158E+000
 1.0000000    0.0000000000E+000    0.3810638428E+000


#   100 bins for weightfunction of Ar                      
 0.0000000    0.2691032410E+001    0.1658340454E+000
 0.0101010    0.2729977417E+001    0.2152618408E+000
 0.0202020    0.2728337097E+001    0.2042831421E+000
 0.0303030    0.2729609680E+001    0.1977310181E+000
 0.0404040    0.2737335205E+001    0.1662963867E+000
 0.0505051    0.2810215759E+001    0.1825424194E+000
 0.0606061    0.2845681763E+001    0.1815216064E+000
 0.0707071    0.2940304565E+001    0.2040832520E+000
 0.0808081    0.3003475952E+001    0.1882751465E+000
 0.0909091    0.3063545227E+001    0.1604583740E+000
 0.1010101    0.3175735474E+001    0.1923431396E+000
 0.1111111    0.3260238647E+001    0.1895675659E+000
 0.1212121    0.3368551636E+001    0.1692916870E+000
 0.1313131    0.3438426208E+001    0.1923080444E+000
 0.1414141    0.3536073303E+001    0.1960815430E+000
 0.1515152    0.3622659302E+001    0.1982009888E+000
 0.1616162    0.3644015503E+001    0.1833343506E+000
 0.1717172    0.3696716309E+001    0.1754150391E+000
 0.1818182    0.3746557617E+001    0.1830886841E+000
 0.1919192    0.3769438171E+001    0.1814758301E+000
 0.2020202    0.3798393250E+001    0.1785491943E+000
 0.2121212    0.3793772888E+001    0.1782791138E+000
 0.2222222    0.3766935730E+001    0.1562179565E+000
 0.2323232    0.3779322815E+001    0.1620376587E+000
 0.2424242    0.3769551086E+001    0.1540023804E+000
 0.2525253    0.3727029419E+001    0.1444351196E+000
 0.2626263    0.3734173584E+001    0.1489654541E+000
 0.2727273    0.3679357910E+001    0.1393417358E+000
 0.2828283    0.3652381897E+001    0.1653732300E+000
 0.2929293    0.3623080444E+001    0.1393310547E+000
 0.3030303    0.3601269531E+001    0.1357437134E+000
 0.3131313    0.3567668152E+001    0.1221115112E+000
 0.3232323    0.3513481140E+001    0.1354049683E+000
 0.3333333    0.3506195068E+001    0.1269531250E+000
 0.3434343    0.3419616699E+001    0.1177124023E+000
 0.3535354    0.3379011536E+001    0.8212890625E-001
 0.3636364    0.3327642822E+001    0.1099502563E+000
 0.3737374    0.3287420654E+001    0.8978424072E-001
 0.3838384    0.3196456909E+001    0.8116455078E-001
 0.3939394    0.3169194031E+001    0.8612365723E-001
 0.4040404    0.3107682800E+001    0.8273925781E-001
 0.4141414    0.3051502991E+001    0.8884582520E-001
 0.4242424    0.3010609436E+001    0.7375488281E-001
 0.4343434    0.2955725098E+001    0.8486785889E-001
 0.4444444    0.2876850891E+001    0.7375183105E-001
 0.4545455    0.2824092102E+001    0.3407897949E-001
 0.4646465    0.2775639343E+001    0.5123901367E-001
 0.4747475    0.2710557556E+001    0.3972167969E-001
 0.4848485    0.2637496948E+001    0.7821655273E-002
 0.4949495    0.2564459229E+001    0.2170562744E-001
 0.5050505    0.2562197876E+001    0.2893981934E-001
 0.5151515    0.2533598328E+001    0.2065124512E-001
 0.5252525    0.2531161499E+001    0.1960906982E-001
 0.5353535    0.2526358032E+001    0.2911224365E-001
 0.5454545    0.2549261475E+001    0.2378845215E-001
 0.5555556    0.2535131836E+001    0.2325439453E-001
 0.5656566    0.2551040649E+001    0.1462249756E-001
 0.5757576    0.2530514526E+001    0.2369384766E-001
 0.5858586    0.2531286621E+001    0.2416839600E-001
 0.5959596    0.2535450745E+001    0.1915588379E-001
 0.6060606    0.2521621704E+001    0.1958770752E-001
 0.6161616    0.2540023804E+001    0.2430725098E-002
 0.6262626    0.2555522156E+001    0.9016418457E-002
 0.6363636    0.2549160767E+001    0.2798919678E-001
 0.6464646    0.2528631592E+001    0.2442016602E-001
 0.6565657    0.2570989990E+001    0.1950073242E-001
 0.6666667    0.2534205627E+001    0.2760467529E-001
 0.6767677    0.2525494385E+001    0.2694396973E-001
 0.6868687    0.2526141357E+001    0.1076812744E-001
 0.6969697    0.2534831238E+001    0.4343109131E-001
 0.7070707    0.2538670349E+001    0.8364868164E-002
 0.7171717    0.2544691467E+001    0.2748870850E-001
 0.7272727    0.2538845825E+001    0.2014160156E-002
 0.7373737    0.2533430481E+001    0.4887390137E-002
 0.7474747    0.2537875366E+001    0.1460266113E-001
 0.7575758    0.2532424927E+001    0.1826324463E-001
 0.7676768    0.2555783081E+001    0.3030395508E-001
 0.7777778    0.2533198547E+001    0.1469268799E-001
 0.7878788    0.2538145447E+001    0.2059020996E-001
 0.7979798    0.2545295715E+001    0.2149200439E-001
 0.8080808    0.2545233154E+001    0.1982879639E-001
 0.8181818    0.2536122131E+001    0.2317504883E-001
 0.8282828    0.2552328491E+001    0.2661437988E-001
 0.8383838    0.2539233398E+001    0.2465820312E-002
 0.8484848    0.2553323364E+001    0.2228240967E-001
 0.8585859    0.2545027161E+001    0.2301940918E-001
 0.8686869    0.2547314453E+001    0.3279724121E-001
 0.8787879    0.2550155640E+001    0.3151702881E-001
 0.8888889    0.2552665710E+001    0.1563720703E-001
 0.8989899    0.2557620239E+001    0.3640136719E-001
 0.9090909    0.2542837524E+001    0.1867065430E-001
 0.9191919    0.2523646545E+001    0.0000000000E+000
 0.9292929    0.2550607300E+001    0.2914886475E-001
 0.9393939    0.2553372192E+001    0.2845916748E-001
 0.9494949    0.2532936096E+001    0.1009826660E-001
 0.9595960    0.2554623413E+001    0.2793426514E-001
 0.9696970    0.2554312134E+001    0.1457366943E-001
 0.9797980    0.2548942566E+001    0.1601409912E-001
 0.9898990    0.2568696594E+001    0.5155487061E-001
 1.0000000    0.2553088379E+001    0.2288818359E-001


