Compiled using GNU Fortran (Ubuntu 9.4.0-1ubuntu1~20.04.2) 9.4.0 with all optimizations
Last Brick update unknown
Compiled at 18:43:37 on Sep  2 2023
Starting at 16:56:18 on Sep 11 2023

Settings
OK                      

Forcefield
OK                      

Topology
OK                      

Configuration
OK                      Read from ./INPUT/restart.in

 F
Monte Carlo Simulation initialized.

#########################################################################################################################
###########################################   ENERGY STARTING CONFIGURATION   ###########################################
#########################################################################################################################
                                               Box 1               Box 2
-------------------------------------------------------------------------------------------------------------------------
Lennard Jones        
 Intermolecular                         -0.4905170632E+006  -0.4497285647E+005
 Tailcorrection                         -0.1168442180E+005  -0.9698515115E+003
Total Intermolecular                    -0.5022014850E+006  -0.4594270798E+005

Electrostatic        
 Real                                   -0.1495982709E+006  -0.1145326468E+005
 Exclusion                               0.8403352604E+007   0.4560531363E+007
 Selfterm                               -0.8430343329E+007  -0.4565130119E+007
 Fourier                                 0.1200214139E+005   0.3768412209E+004
Total Intermolecular                    -0.1645868545E+006  -0.1228360869E+005

Intramolecular       
 Lennard Jones                           0.0000000000E+000   0.0000000000E+000
 Electrostatic                           0.0000000000E+000   0.0000000000E+000
 Bending                                 0.0000000000E+000   0.0000000000E+000
 Torsion                                 0.0000000000E+000   0.0000000000E+000

Total                                   -0.6667883395E+006  -0.5822631667E+005

#########################################################################################################################

Simulation is running...



#########################################################################################################################
###############################################   RELATIVE ENERGY DRIFTS   ##############################################
#########################################################################################################################
                                               Box 1               Box 2                                                 
-------------------------------------------------------------------------------------------------------------------------

Lennard Jones        
 Intermolecular                          0.2181221465E-014   0.4306533883E-014
 Tailcorrection                          0.0000000000E+000   0.0000000000E+000

Electrostatic        
 Real                                    0.1423311745E-014   0.2296975473E-014
 Exclusion                               0.0000000000E+000   0.1121172763E-015
 Selfterm                                0.0000000000E+000   0.0000000000E+000
 Fourier                                 0.2827695516E-015   0.8481831029E-015

Intramolecular       
 Lennard Jones                           0.0000000000E+000   0.0000000000E+000
 Electrostatic                           0.0000000000E+000   0.0000000000E+000
 Bending                                 0.0000000000E+000   0.0000000000E+000
 Torsion                                 0.0000000000E+000   0.0000000000E+000

Total                                    0.2565200303E-014   0.8169162059E-014

#########################################################################################################################
############################################   TRIAL MOVE ACCEPTANCE RATES   ############################################
#########################################################################################################################
                                               Box 1               Box 2
-------------------------------------------------------------------------------------------------------------------------
Translation
 CO2                                          0.49622             0.51763
 AR                                           0.51111             0.69522
-------------------------------------------------------------------------------------------------------------------------
Rotation
 CO2                                          0.49565             0.77909
 AR                                           0.00000             0.00000
-------------------------------------------------------------------------------------------------------------------------
Lambda Move
 cd                                           0.74118             0.95374
 Ar                                           0.82617             0.97572
-------------------------------------------------------------------------------------------------------------------------
GE Swap Fractional
 cd                                           0.34089             0.38463
 Ar                                           0.42654             0.48230
-------------------------------------------------------------------------------------------------------------------------
GE Identity Change
 cd                                           0.74416             0.83814
 Ar                                           0.80510             0.94594
-------------------------------------------------------------------------------------------------------------------------
Volume                                        0.50514             0.50338

#########################################################################################################################
######################################################   AVERAGES   #####################################################
#########################################################################################################################
                                                       Boltzmann                                    Biased
                                               Box 1               Box 2                  Box 1               Box 2      
-------------------------------------------------------------------------------------------------------------------------
Density
 CO2                                     0.9837630902E+003   0.5381882982E+002      0.9820683571E+003   0.5381470069E+002
 AR                                      0.3008956803E+002   0.3037920242E+002      0.3022332227E+002   0.3046252555E+002
 Total                                   0.1013852658E+004   0.8419803224E+002      0.1012291679E+004   0.8427722625E+002

Number of molecules
 CO2                                     0.4914338927E+003   0.3035661073E+003      0.4924898600E+003   0.3025101400E+003
 AR                                      0.1661373621E+002   0.1883862638E+003      0.1675553000E+002   0.1882444700E+003
 Total                                   0.5080476289E+003   0.4919523711E+003      0.5092453900E+003   0.4907546100E+003

Mole fractions
 CO2                                          0.96730             0.61706                 0.96710             0.61642
 AR                                           0.03270             0.38294                 0.03290             0.38358

Volume                                   0.3652721862E+005   0.4130232056E+006      0.3666970399E+005   0.4116309061E+006

#########################################################################################################################
#######################################   PROPERTIES FROM THE CFC GIBBS ENSEMBLE   ######################################
#########################################################################################################################
                                                       Boltzmann                                    Biased
                                               Box 1               Box 2                  Box 1               Box 2      
Chemical Potentials (as an indication)
=========================================================================================================================

Total cd                                -0.1941498336E+004  -0.1939905997E+004     -0.1941934556E+004  -0.1939925408E+004
 Ideal gas                              -0.1089906120E+004  -0.1825063831E+004     -0.1090342340E+004  -0.1825083242E+004
 Excess                                 -0.8515922165E+003  -0.1148421660E+003     -0.8515922165E+003  -0.1148421660E+003

-------------------------------------------------------------------------------------------------------------------------

Total Ar                                -0.1987037357E+004  -0.1986542215E+004     -0.1985915213E+004  -0.1985849245E+004
 Ideal gas                              -0.1947669299E+004  -0.1945245633E+004     -0.1946547155E+004  -0.1944552662E+004
 Excess                                 -0.3936805831E+002  -0.4129658258E+002     -0.3936805831E+002  -0.4129658258E+002

-------------------------------------------------------------------------------------------------------------------------

#########################################################################################################################
#########################################   PROPERTIES FROM UMBRELLA SAMPLING   #########################################
#########################################################################################################################

Excess Partial Molar Enthalpy
=========================================================================================================================


Partial Molar Volume
=========================================================================================================================


#########################################################################################################################
##################################################   AVERAGE ENERGIES   #################################################
#########################################################################################################################
                                                       Boltzmann                                    Biased
                                               Box 1               Box 2                  Box 1               Box 2      
-------------------------------------------------------------------------------------------------------------------------
Lennard Jones        
 Intermolecular                         -0.5276693141E+006  -0.4237868427E+005     -0.5285823560E+006  -0.4219555847E+005
 Tailcorrection                         -0.1287005587E+005  -0.8400882718E+003     -0.1289499933E+005  -0.8367780775E+003
Total Intermolecular                    -0.5405393700E+006  -0.4321877254E+005     -0.5414773553E+006  -0.4303233655E+005

Electrostatic        
 Real                                   -0.1609305151E+006  -0.8733441116E+004     -0.1609979193E+006  -0.8692551216E+004
 Exclusion                               0.8999787951E+007   0.4122166456E+007      0.9018175135E+007   0.4107078551E+007
 Selfterm                               -0.9028694667E+007  -0.4126323318E+007     -0.9047140863E+007  -0.4111220142E+007
 Fourier                                 0.1312112308E+005   0.3211901197E+004      0.1317189605E+005   0.3204672889E+004
Total Intermolecular                    -0.1767161071E+006  -0.9678401899E+004     -0.1767917509E+006  -0.9629468877E+004

Intramolecular       
 Lennard Jones                           0.0000000000E+000   0.0000000000E+000      0.0000000000E+000   0.0000000000E+000
 Electrostatic                           0.0000000000E+000   0.0000000000E+000      0.0000000000E+000   0.0000000000E+000
 Bending                                 0.0000000000E+000   0.0000000000E+000      0.0000000000E+000   0.0000000000E+000
 Torsion                                 0.0000000000E+000   0.0000000000E+000      0.0000000000E+000   0.0000000000E+000

Total                                   -0.7172554771E+006  -0.5289717444E+005     -0.7182691062E+006  -0.5266180543E+005

#########################################################################################################################

No errors found in bookkeeping.

Total simulation time:  18 hours and  32 minutes

Simulation finished.

