Compiled using GNU Fortran (Ubuntu 9.4.0-1ubuntu1~20.04.2) 9.4.0 with all optimizations
Last Brick update unknown
Compiled at 18:43:37 on Sep  2 2023
Starting at 16:56:21 on Sep 11 2023

Settings
OK                      

Forcefield
OK                      

Topology
OK                      

Configuration
OK                      Read from ./INPUT/restart.in

 F
Monte Carlo Simulation initialized.

#########################################################################################################################
###########################################   ENERGY STARTING CONFIGURATION   ###########################################
#########################################################################################################################
                                               Box 1               Box 2
-------------------------------------------------------------------------------------------------------------------------
Lennard Jones        
 Intermolecular                         -0.3833889739E+006  -0.1098200141E+006
 Tailcorrection                         -0.9389288826E+004  -0.2674350548E+004
Total Intermolecular                    -0.3927782627E+006  -0.1124943646E+006

Electrostatic        
 Real                                   -0.8704436025E+005  -0.1159972585E+005
 Exclusion                               0.6535940914E+007   0.2494917704E+007
 Selfterm                               -0.6556933700E+007  -0.2497433963E+007
 Fourier                                 0.1239258341E+005   0.2421410945E+004
Total Intermolecular                    -0.9564456298E+005  -0.1169457387E+005

Intramolecular       
 Lennard Jones                           0.0000000000E+000   0.0000000000E+000
 Electrostatic                           0.0000000000E+000   0.0000000000E+000
 Bending                                 0.0000000000E+000   0.0000000000E+000
 Torsion                                 0.0000000000E+000   0.0000000000E+000

Total                                   -0.4884228257E+006  -0.1241889385E+006

#########################################################################################################################

Simulation is running...



#########################################################################################################################
###############################################   RELATIVE ENERGY DRIFTS   ##############################################
#########################################################################################################################
                                               Box 1               Box 2                                                 
-------------------------------------------------------------------------------------------------------------------------

Lennard Jones        
 Intermolecular                          0.1687643518E-014   0.1628983062E-014
 Tailcorrection                          0.0000000000E+000   0.0000000000E+000

Electrostatic        
 Real                                    0.8839262597E-015   0.1160281415E-015
 Exclusion                               0.1400881938E-015   0.0000000000E+000
 Selfterm                                0.0000000000E+000   0.0000000000E+000
 Fourier                                 0.1454020749E-015   0.0000000000E+000

Intramolecular       
 Lennard Jones                           0.0000000000E+000   0.0000000000E+000
 Electrostatic                           0.0000000000E+000   0.0000000000E+000
 Bending                                 0.0000000000E+000   0.0000000000E+000
 Torsion                                 0.0000000000E+000   0.0000000000E+000

Total                                    0.3637688054E-015   0.4276733133E-014

#########################################################################################################################
############################################   TRIAL MOVE ACCEPTANCE RATES   ############################################
#########################################################################################################################
                                               Box 1               Box 2
-------------------------------------------------------------------------------------------------------------------------
Translation
 CO2                                          0.46923             0.51155
 AR                                           0.48276             0.51692
-------------------------------------------------------------------------------------------------------------------------
Rotation
 CO2                                          0.49581             0.59246
 AR                                           0.00000             0.00000
-------------------------------------------------------------------------------------------------------------------------
Lambda Move
 cd                                           0.77208             0.90700
 Ar                                           0.84771             0.94343
-------------------------------------------------------------------------------------------------------------------------
GE Swap Fractional
 cd                                           0.35939             0.39451
 Ar                                           0.42870             0.49241
-------------------------------------------------------------------------------------------------------------------------
GE Identity Change
 cd                                           0.76614             0.82560
 Ar                                           0.83760             0.97354
-------------------------------------------------------------------------------------------------------------------------
Volume                                        0.53258             0.49684

#########################################################################################################################
######################################################   AVERAGES   #####################################################
#########################################################################################################################
                                                       Boltzmann                                    Biased
                                               Box 1               Box 2                  Box 1               Box 2      
-------------------------------------------------------------------------------------------------------------------------
Density
 CO2                                     0.7179230929E+003   0.1054944411E+003      0.7154443370E+003   0.1055114551E+003
 AR                                      0.1946989911E+003   0.1866891498E+003      0.1952597813E+003   0.1867864470E+003
 Total                                   0.9126220841E+003   0.2921835909E+003      0.9107041183E+003   0.2922979020E+003

Number of molecules
 CO2                                     0.3593255339E+003   0.1806744661E+003      0.3598303600E+003   0.1801696400E+003
 AR                                      0.1080153156E+003   0.3519846844E+003      0.1088568700E+003   0.3511431300E+003
 Total                                   0.4673408495E+003   0.5326591505E+003      0.4686872300E+003   0.5313127700E+003

Mole fractions
 CO2                                          0.76887             0.33919                 0.76774             0.33910
 AR                                           0.23113             0.66081                 0.23226             0.66090

Volume                                   0.3667862699E+005   0.1255464493E+006      0.3685849013E+005   0.1251828933E+006

#########################################################################################################################
#######################################   PROPERTIES FROM THE CFC GIBBS ENSEMBLE   ######################################
#########################################################################################################################
                                                       Boltzmann                                    Biased
                                               Box 1               Box 2                  Box 1               Box 2      
Chemical Potentials (as an indication)
=========================================================================================================================

Total cd                                -0.1943878710E+004  -0.1944285012E+004     -0.1944753749E+004  -0.1944244212E+004
 Ideal gas                              -0.1169606851E+004  -0.1654786011E+004     -0.1170481890E+004  -0.1654745211E+004
 Excess                                 -0.7742718586E+003  -0.2894990003E+003     -0.7742718586E+003  -0.2894990003E+003

-------------------------------------------------------------------------------------------------------------------------

Total Ar                                -0.1586232705E+004  -0.1582156647E+004     -0.1585505039E+004  -0.1582024825E+004
 Ideal gas                              -0.1475248422E+004  -0.1485876900E+004     -0.1474520755E+004  -0.1485745078E+004
 Excess                                 -0.1109842838E+003  -0.9627974691E+002     -0.1109842838E+003  -0.9627974691E+002

-------------------------------------------------------------------------------------------------------------------------

#########################################################################################################################
#########################################   PROPERTIES FROM UMBRELLA SAMPLING   #########################################
#########################################################################################################################

Excess Partial Molar Enthalpy
=========================================================================================================================


Partial Molar Volume
=========================================================================================================================


#########################################################################################################################
##################################################   AVERAGE ENERGIES   #################################################
#########################################################################################################################
                                                       Boltzmann                                    Biased
                                               Box 1               Box 2                  Box 1               Box 2      
-------------------------------------------------------------------------------------------------------------------------
Lennard Jones        
 Intermolecular                         -0.3818398151E+006  -0.1064345573E+006     -0.3819016245E+006  -0.1060641469E+006
 Tailcorrection                         -0.9499832056E+004  -0.2599503315E+004     -0.9503959689E+004  -0.2590263228E+004
Total Intermolecular                    -0.3913396471E+006  -0.1090340606E+006     -0.3914055842E+006  -0.1086544101E+006

Electrostatic        
 Real                                   -0.8922916368E+005  -0.1000420403E+005     -0.8905576748E+005  -0.9968014498E+004
 Exclusion                               0.6582016961E+007   0.2453991447E+007      0.6589389811E+007   0.2446560384E+007
 Selfterm                               -0.6603158161E+007  -0.2456466136E+007     -0.6610554515E+007  -0.2449027539E+007
 Fourier                                 0.1222637669E+005   0.2400828985E+004      0.1226773982E+005   0.2393892558E+004
Total Intermolecular                    -0.9814398669E+005  -0.1007806470E+005     -0.9795273184E+005  -0.1004127682E+005

Intramolecular       
 Lennard Jones                           0.0000000000E+000   0.0000000000E+000      0.0000000000E+000   0.0000000000E+000
 Electrostatic                           0.0000000000E+000   0.0000000000E+000      0.0000000000E+000   0.0000000000E+000
 Bending                                 0.0000000000E+000   0.0000000000E+000      0.0000000000E+000   0.0000000000E+000
 Torsion                                 0.0000000000E+000   0.0000000000E+000      0.0000000000E+000   0.0000000000E+000

Total                                   -0.4894836338E+006  -0.1191121253E+006     -0.4893583160E+006  -0.1186956869E+006

#########################################################################################################################

No errors found in bookkeeping.

Total simulation time:  13 hours and  50 minutes

Simulation finished.

