#   100 bins for weightfunction of cd                      
 0.0000000    0.3183770752E+001    0.1592929077E+001
 0.0101010    0.3229949951E+001    0.1629737854E+001
 0.0202020    0.3225027466E+001    0.1599589539E+001
 0.0303030    0.3255879211E+001    0.1619476318E+001
 0.0404040    0.3280636597E+001    0.1624908447E+001
 0.0505051    0.3344371033E+001    0.1620832825E+001
 0.0606061    0.3423342896E+001    0.1626559448E+001
 0.0707071    0.3518965149E+001    0.1623869324E+001
 0.0808081    0.3599212646E+001    0.1651443481E+001
 0.0909091    0.3670777893E+001    0.1625654602E+001
 0.1010101    0.3766505432E+001    0.1625263977E+001
 0.1111111    0.3827899170E+001    0.1629266357E+001
 0.1212121    0.3864637756E+001    0.1597184753E+001
 0.1313131    0.3953645325E+001    0.1625442505E+001
 0.1414141    0.3981002808E+001    0.1613050842E+001
 0.1515152    0.4006887817E+001    0.1572492981E+001
 0.1616162    0.4000941467E+001    0.1569795227E+001
 0.1717172    0.4016905212E+001    0.1569769287E+001
 0.1818182    0.3975202942E+001    0.1566638184E+001
 0.1919192    0.3972950745E+001    0.1536979675E+001
 0.2020202    0.3945555115E+001    0.1498704529E+001
 0.2121212    0.3897848511E+001    0.1521813965E+001
 0.2222222    0.3860475159E+001    0.1504643250E+001
 0.2323232    0.3822709656E+001    0.1478773499E+001
 0.2424242    0.3740345764E+001    0.1482133484E+001
 0.2525253    0.3665122986E+001    0.1456977844E+001
 0.2626263    0.3614692688E+001    0.1432060242E+001
 0.2727273    0.3564309692E+001    0.1404231262E+001
 0.2828283    0.3478500366E+001    0.1360171509E+001
 0.2929293    0.3390415955E+001    0.1363758850E+001
 0.3030303    0.3287965393E+001    0.1329537964E+001
 0.3131313    0.3195072937E+001    0.1317372131E+001
 0.3232323    0.3116941833E+001    0.1319030762E+001
 0.3333333    0.3020417786E+001    0.1277967834E+001
 0.3434343    0.2927102661E+001    0.1286810303E+001
 0.3535354    0.2860589600E+001    0.1241761780E+001
 0.3636364    0.2709906006E+001    0.1217222595E+001
 0.3737374    0.2610609436E+001    0.1187986755E+001
 0.3838384    0.2502983093E+001    0.1162481689E+001
 0.3939394    0.2440162659E+001    0.1146260071E+001
 0.4040404    0.2337571716E+001    0.1151905823E+001
 0.4141414    0.2220756531E+001    0.1119284058E+001
 0.4242424    0.2090071106E+001    0.1081286621E+001
 0.4343434    0.2010888672E+001    0.1065689087E+001
 0.4444444    0.1913801575E+001    0.1033488464E+001
 0.4545455    0.1806976318E+001    0.1027470398E+001
 0.4646465    0.1684204102E+001    0.9751220703E+000
 0.4747475    0.1569445801E+001    0.9737609863E+000
 0.4848485    0.1450408936E+001    0.9417572021E+000
 0.4949495    0.1375851440E+001    0.9152465820E+000
 0.5050505    0.1279098511E+001    0.9113647461E+000
 0.5151515    0.1259074402E+001    0.9039199829E+000
 0.5252525    0.1290977478E+001    0.8726898193E+000
 0.5353535    0.1286468506E+001    0.8997222900E+000
 0.5454545    0.1259020996E+001    0.9140853882E+000
 0.5555556    0.1289089966E+001    0.9020492554E+000
 0.5656566    0.1268864441E+001    0.9028366089E+000
 0.5757576    0.1271783447E+001    0.9169052124E+000
 0.5858586    0.1230892944E+001    0.8939849854E+000
 0.5959596    0.1228434753E+001    0.9043563843E+000
 0.6060606    0.1224734497E+001    0.9003021240E+000
 0.6161616    0.1227513123E+001    0.8903686523E+000
 0.6262626    0.1208816528E+001    0.9032623291E+000
 0.6363636    0.1167395020E+001    0.8769195557E+000
 0.6464646    0.1178605652E+001    0.8883224487E+000
 0.6565657    0.1159643555E+001    0.8722366333E+000
 0.6666667    0.1149963379E+001    0.8958404541E+000
 0.6767677    0.1121789551E+001    0.8830749512E+000
 0.6868687    0.1108764648E+001    0.8754592896E+000
 0.6969697    0.1072766113E+001    0.9165756226E+000
 0.7070707    0.1051914978E+001    0.8749038696E+000
 0.7171717    0.1035655212E+001    0.8595397949E+000
 0.7272727    0.1032035828E+001    0.8816970825E+000
 0.7373737    0.9824172974E+000    0.8614196777E+000
 0.7474747    0.9573211670E+000    0.8594131470E+000
 0.7575758    0.9200180054E+000    0.8494033813E+000
 0.7676768    0.9005020142E+000    0.8415893555E+000
 0.7777778    0.8806289673E+000    0.8514739990E+000
 0.7878788    0.8461868286E+000    0.8453613281E+000
 0.7979798    0.8215591431E+000    0.8425567627E+000
 0.8080808    0.7884338379E+000    0.8464294434E+000
 0.8181818    0.7510757446E+000    0.8378372192E+000
 0.8282828    0.7092132568E+000    0.8279357910E+000
 0.8383838    0.6691543579E+000    0.8229248047E+000
 0.8484848    0.6473571777E+000    0.8275741577E+000
 0.8585859    0.5978637695E+000    0.8160354614E+000
 0.8686869    0.5844558716E+000    0.8282348633E+000
 0.8787879    0.5338485718E+000    0.8197753906E+000
 0.8888889    0.4730773926E+000    0.7893615723E+000
 0.8989899    0.4416854858E+000    0.8024215698E+000
 0.9090909    0.4024444580E+000    0.7858993530E+000
 0.9191919    0.3531158447E+000    0.7848281860E+000
 0.9292929    0.2925247192E+000    0.7535583496E+000
 0.9393939    0.2560363770E+000    0.7688018799E+000
 0.9494949    0.2108459473E+000    0.7727996826E+000
 0.9595960    0.1753753662E+000    0.7679458618E+000
 0.9696970    0.1072891235E+000    0.7555679321E+000
 0.9797980    0.5803375244E-001    0.7232681274E+000
 0.9898990    0.1971893311E-001    0.7335739136E+000
 1.0000000    0.0000000000E+000    0.7368606567E+000


#   100 bins for weightfunction of Ar                      
 0.0000000    0.1907788086E+001    0.3069702148E+000
 0.0101010    0.1942387390E+001    0.3395675659E+000
 0.0202020    0.1908387756E+001    0.2989578247E+000
 0.0303030    0.1984611511E+001    0.3385513306E+000
 0.0404040    0.1987535095E+001    0.3211257935E+000
 0.0505051    0.2046591187E+001    0.3343994141E+000
 0.0606061    0.2077239990E+001    0.3247650146E+000
 0.0707071    0.2133218384E+001    0.3202560425E+000
 0.0808081    0.2201202393E+001    0.3268356323E+000
 0.0909091    0.2312277222E+001    0.3753356934E+000
 0.1010101    0.2328648376E+001    0.3221527100E+000
 0.1111111    0.2452597046E+001    0.3428604126E+000
 0.1212121    0.2538069153E+001    0.3390762329E+000
 0.1313131    0.2579602051E+001    0.3438751221E+000
 0.1414141    0.2686091614E+001    0.3412338257E+000
 0.1515152    0.2777229309E+001    0.3618820190E+000
 0.1616162    0.2771382141E+001    0.3396179199E+000
 0.1717172    0.2842799377E+001    0.3680496216E+000
 0.1818182    0.2935966492E+001    0.3606323242E+000
 0.1919192    0.2920736694E+001    0.3377929688E+000
 0.2020202    0.2913488770E+001    0.3159027100E+000
 0.2121212    0.2939752197E+001    0.3513732910E+000
 0.2222222    0.2934434509E+001    0.3209259033E+000
 0.2323232    0.2891123962E+001    0.3050598145E+000
 0.2424242    0.2890629578E+001    0.2891372681E+000
 0.2525253    0.2894097900E+001    0.3020858765E+000
 0.2626263    0.2844873047E+001    0.2952102661E+000
 0.2727273    0.2816314697E+001    0.2986755371E+000
 0.2828283    0.2819760132E+001    0.2381240845E+000
 0.2929293    0.2730503845E+001    0.2580871582E+000
 0.3030303    0.2701687622E+001    0.2618377686E+000
 0.3131313    0.2697651672E+001    0.2644454956E+000
 0.3232323    0.2680447388E+001    0.2421157837E+000
 0.3333333    0.2566596985E+001    0.2213027954E+000
 0.3434343    0.2568861389E+001    0.2214965820E+000
 0.3535354    0.2529698181E+001    0.2106384277E+000
 0.3636364    0.2470991516E+001    0.1872406006E+000
 0.3737374    0.2441502380E+001    0.1744018555E+000
 0.3838384    0.2367431641E+001    0.1958847046E+000
 0.3939394    0.2343266296E+001    0.1655929565E+000
 0.4040404    0.2250827026E+001    0.1387695313E+000
 0.4141414    0.2167854309E+001    0.1546829224E+000
 0.4242424    0.2117358398E+001    0.9698638916E-001
 0.4343434    0.2110606384E+001    0.9180755615E-001
 0.4444444    0.2043313599E+001    0.1060379028E+000
 0.4545455    0.1950849915E+001    0.6218414307E-001
 0.4646465    0.1948449707E+001    0.8428649902E-001
 0.4747475    0.1848915100E+001    0.5533599854E-001
 0.4848485    0.1784877014E+001    0.4743957520E-001
 0.4949495    0.1746365356E+001    0.1893157959E-001
 0.5050505    0.1669923401E+001    0.6073608398E-001
 0.5151515    0.1703424072E+001    0.4364013672E-001
 0.5252525    0.1695672607E+001    0.4246978760E-001
 0.5353535    0.1723182678E+001    0.1241912842E-001
 0.5454545    0.1688096619E+001    0.7240295410E-002
 0.5555556    0.1705014038E+001    0.3054199219E-001
 0.5656566    0.1699357605E+001    0.4509277344E-001
 0.5757576    0.1730833435E+001    0.1566925049E-001
 0.5858586    0.1701594543E+001    0.3723297119E-001
 0.5959596    0.1707106018E+001    0.5284118652E-002
 0.6060606    0.1707893372E+001    0.2180938721E-001
 0.6161616    0.1682318115E+001    0.2081604004E-001
 0.6262626    0.1676310730E+001    0.7461547851E-003
 0.6363636    0.1697761536E+001    0.4352264404E-001
 0.6464646    0.1707031250E+001    0.2259674072E-001
 0.6565657    0.1690136719E+001    0.4888000488E-001
 0.6666667    0.1691273499E+001    0.3884124756E-001
 0.6767677    0.1722523499E+001    0.4430084229E-001
 0.6868687    0.1679811096E+001    0.2357025146E-001
 0.6969697    0.1706729126E+001    0.1046752930E-002
 0.7070707    0.1719616699E+001    0.5706939697E-001
 0.7171717    0.1694909668E+001    0.1977996826E-001
 0.7272727    0.1677348328E+001    0.1593322754E-001
 0.7373737    0.1705992126E+001    0.2507019043E-001
 0.7474747    0.1694285583E+001    0.2950286865E-001
 0.7575758    0.1716397095E+001    0.3878936768E-001
 0.7676768    0.1699079895E+001    0.2889251709E-001
 0.7777778    0.1717135620E+001    0.4238281250E-001
 0.7878788    0.1696777344E+001    0.2429046631E-001
 0.7979798    0.1698556519E+001    0.1145935059E-002
 0.8080808    0.1709632874E+001    0.3857574463E-001
 0.8181818    0.1701187134E+001    0.2118682861E-001
 0.8282828    0.1688316345E+001    0.2393035889E-001
 0.8383838    0.1713827515E+001    0.4471435547E-001
 0.8484848    0.1712283325E+001    0.4593048096E-001
 0.8585859    0.1707562256E+001    0.3631591797E-001
 0.8686869    0.1684222412E+001    0.1070709229E-001
 0.8787879    0.1701626587E+001    0.2052154541E-001
 0.8888889    0.1710330200E+001    0.2716979980E-001
 0.8989899    0.1682800293E+001    0.2016296387E-001
 0.9090909    0.1671437073E+001    0.0000000000E+000
 0.9191919    0.1708462524E+001    0.4489746094E-001
 0.9292929    0.1697207642E+001    0.3302307129E-001
 0.9393939    0.1702964783E+001    0.2832641602E-001
 0.9494949    0.1702769470E+001    0.3191070557E-001
 0.9595960    0.1678077698E+001    0.1530761719E-001
 0.9696970    0.1697319031E+001    0.2898559570E-001
 0.9797980    0.1699719238E+001    0.4826507568E-001
 0.9898990    0.1703199768E+001    0.3149414063E-001
 1.0000000    0.1727680969E+001    0.5834808350E-001


