 0.0000000   0.1494337433E+000   0.1019544825E+001   0.5160007265E+000   0.9443141270E+000
 0.0101010   0.1504126775E+000   0.1038526608E+001   0.5208894879E+000   0.9542461175E+000
 0.0202020   0.1475806291E+000   0.1057945182E+001   0.5131546687E+000   0.9606808296E+000
 0.0303030   0.1439945870E+000   0.1045868400E+001   0.5133618555E+000   0.9617200409E+000
 0.0404040   0.1362970402E+000   0.1007233384E+001   0.5118461806E+000   0.9454950489E+000
 0.0505051   0.1327673857E+000   0.1060342881E+001   0.5173356799E+000   0.9678433396E+000
 0.0606061   0.1253474498E+000   0.1059857301E+001   0.5176153449E+000   0.9617532817E+000
 0.0707071   0.1134265462E+000   0.1014914385E+001   0.5064805850E+000   0.9537685002E+000
 0.0808081   0.1058277484E+000   0.1006898821E+001   0.5019020760E+000   0.9350679460E+000
 0.0909091   0.9919398926E-001   0.1030919955E+001   0.5098276167E+000   0.9584554479E+000
 0.1010101   0.9367330192E-001   0.1009614819E+001   0.5162171338E+000   0.9625685551E+000
 0.1111111   0.8758643823E-001   0.1046925525E+001   0.5133339472E+000   0.9718462274E+000
 0.1212121   0.8203967302E-001   0.9894853000E+000   0.5099968202E+000   0.9615748312E+000
 0.1313131   0.8002109361E-001   0.1016057474E+001   0.5194823009E+000   0.9719319536E+000
 0.1414141   0.7711306926E-001   0.9770646616E+000   0.5193994990E+000   0.9587511158E+000
 0.1515152   0.7479431918E-001   0.1017765137E+001   0.5261987992E+000   0.9685431451E+000
 0.1616162   0.7515381942E-001   0.9695021517E+000   0.5302846092E+000   0.9519122659E+000
 0.1717172   0.7620590411E-001   0.1015218744E+001   0.5435564593E+000   0.9723938252E+000
 0.1818182   0.7659049931E-001   0.9870411340E+000   0.5519662174E+000   0.9829976290E+000
 0.1919192   0.7934311561E-001   0.9791370914E+000   0.5545218709E+000   0.9688353140E+000
 0.2020202   0.8201342658E-001   0.9945687936E+000   0.5670199217E+000   0.9773414506E+000
 0.2121212   0.8439548313E-001   0.9736214544E+000   0.5764703009E+000   0.9424631413E+000
 0.2222222   0.9002311762E-001   0.1005906750E+001   0.5826356580E+000   0.9577049065E+000
 0.2323232   0.9447464095E-001   0.9988693176E+000   0.5940578256E+000   0.9911538629E+000
 0.2424242   0.1010825323E+000   0.9835816632E+000   0.6147145527E+000   0.9856446436E+000
 0.2525253   0.1062955775E+000   0.9845226207E+000   0.6242972977E+000   0.9749043777E+000
 0.2626263   0.1136353319E+000   0.9823061431E+000   0.6422443751E+000   0.9719372021E+000
 0.2727273   0.1223480603E+000   0.9800873422E+000   0.6537281475E+000   0.9714875770E+000
 0.2828283   0.1318599667E+000   0.9974497497E+000   0.6695690077E+000   0.9953911855E+000
 0.2929293   0.1425642051E+000   0.9434736422E+000   0.6781675982E+000   0.9703906318E+000
 0.3030303   0.1529778599E+000   0.9925753578E+000   0.7037021911E+000   0.9847139022E+000
 0.3131313   0.1673309417E+000   0.9646695801E+000   0.7219676904E+000   0.9600125153E+000
 0.3232323   0.1813636047E+000   0.9527740192E+000   0.7346647386E+000   0.9870232605E+000
 0.3333333   0.1979511724E+000   0.9719184375E+000   0.7606228238E+000   0.9724778019E+000
 0.3434343   0.2200219759E+000   0.1001894322E+001   0.7799009047E+000   0.9960122630E+000
 0.3535354   0.2395049191E+000   0.9631919284E+000   0.8019219188E+000   0.1001486492E+001
 0.3636364   0.2608133138E+000   0.9528437198E+000   0.8250839842E+000   0.9983688582E+000
 0.3737374   0.2906535531E+000   0.9857237935E+000   0.8433018290E+000   0.1017700987E+001
 0.3838384   0.3194840620E+000   0.9567864477E+000   0.8689964231E+000   0.9848451157E+000
 0.3939394   0.3556466453E+000   0.9609452473E+000   0.8876552147E+000   0.9783159298E+000
 0.4040404   0.3912054562E+000   0.9697577204E+000   0.9072020526E+000   0.1004768580E+001
 0.4141414   0.4390358549E+000   0.9519120557E+000   0.9412358890E+000   0.9828524194E+000
 0.4242424   0.4723164483E+000   0.9640840955E+000   0.9658102415E+000   0.9912640822E+000
 0.4343434   0.5264508398E+000   0.9601808646E+000   0.1002961941E+001   0.9882479203E+000
 0.4444444   0.5859924568E+000   0.9797481329E+000   0.1024528811E+001   0.1000524259E+001
 0.4545455   0.6579588807E+000   0.9954958109E+000   0.1068308784E+001   0.1020673411E+001
 0.4646465   0.7215833665E+000   0.9578737763E+000   0.1096816405E+001   0.1008309596E+001
 0.4747475   0.8176031500E+000   0.1009844831E+001   0.1131372224E+001   0.9967645540E+000
 0.4848485   0.9086881595E+000   0.9928959803E+000   0.1160075779E+001   0.1014224703E+001
 0.4949495   0.1010165930E+001   0.9938229977E+000   0.1196912621E+001   0.9935681920E+000
 0.5050505   0.1064925286E+001   0.9885257557E+000   0.1216074298E+001   0.1014135478E+001
 0.5151515   0.1069818069E+001   0.1001445915E+001   0.1228828791E+001   0.1008073412E+001
 0.5252525   0.1073786316E+001   0.9866113139E+000   0.1215802593E+001   0.1015802764E+001
 0.5353535   0.1075055237E+001   0.9937532971E+000   0.1223386706E+001   0.1013894045E+001
 0.5454545   0.1087937666E+001   0.9885304024E+000   0.1214158228E+001   0.1012903820E+001
 0.5555556   0.1078687265E+001   0.9727664609E+000   0.1222554832E+001   0.1010431757E+001
 0.5656566   0.1089173307E+001   0.9779800622E+000   0.1218554758E+001   0.1008106653E+001
 0.5757576   0.1114498672E+001   0.9948917395E+000   0.1232471523E+001   0.1046973854E+001
 0.5858586   0.1124888396E+001   0.1009696137E+001   0.1226457506E+001   0.1004597128E+001
 0.5959596   0.1135516264E+001   0.9812443714E+000   0.1224878351E+001   0.1042187184E+001
 0.6060606   0.1142112732E+001   0.9746994896E+000   0.1224290346E+001   0.1016201653E+001
 0.6161616   0.1151718177E+001   0.9898035992E+000   0.1232511835E+001   0.1014324425E+001
 0.6262626   0.1163867208E+001   0.9869621400E+000   0.1244431375E+001   0.1036506512E+001
 0.6363636   0.1191178778E+001   0.1015780995E+001   0.1240589010E+001   0.1006934478E+001
 0.6464646   0.1203794703E+001   0.1000572334E+001   0.1234883578E+001   0.1007567802E+001
 0.6565657   0.1224175014E+001   0.9949080029E+000   0.1244152019E+001   0.1010968857E+001
 0.6666667   0.1242730002E+001   0.9815673173E+000   0.1256020385E+001   0.1039211260E+001
 0.6767677   0.1267086839E+001   0.1006994079E+001   0.1247661508E+001   0.1024954472E+001
 0.6868687   0.1291478347E+001   0.9991039762E+000   0.1248530523E+001   0.1009289324E+001
 0.6969697   0.1314922121E+001   0.9978331028E+000   0.1253617130E+001   0.9929908525E+000
 0.7070707   0.1339125426E+001   0.1002983974E+001   0.1267750350E+001   0.1050899763E+001
 0.7171717   0.1360719471E+001   0.9994803592E+000   0.1254687225E+001   0.1007321121E+001
 0.7272727   0.1398332555E+001   0.1010530220E+001   0.1256710475E+001   0.1009221093E+001
 0.7373737   0.1419670392E+001   0.9920618971E+000   0.1276706937E+001   0.1012384214E+001
 0.7474747   0.1466728752E+001   0.9948499191E+000   0.1284371118E+001   0.1026025174E+001
 0.7575758   0.1514924902E+001   0.1017823221E+001   0.1288759345E+001   0.1036579991E+001
 0.7676768   0.1523039672E+001   0.9944154524E+000   0.1279611514E+001   0.1031210733E+001
 0.7777778   0.1574559596E+001   0.1017946359E+001   0.1281136699E+001   0.1024128701E+001
 0.7878788   0.1628677915E+001   0.1014795894E+001   0.1292612913E+001   0.1024560831E+001
 0.7979798   0.1672911774E+001   0.1006929025E+001   0.1310787135E+001   0.1040824312E+001
 0.8080808   0.1722068137E+001   0.1007930389E+001   0.1303009344E+001   0.1033665301E+001
 0.8181818   0.1787077841E+001   0.1025067432E+001   0.1309305564E+001   0.1029954582E+001
 0.8282828   0.1825994501E+001   0.9963903013E+000   0.1315529417E+001   0.1013290462E+001
 0.8383838   0.1907829863E+001   0.1028887022E+001   0.1326623480E+001   0.1041868772E+001
 0.8484848   0.1964161038E+001   0.1018778119E+001   0.1334825506E+001   0.1040819064E+001
 0.8585859   0.2027767923E+001   0.1017037928E+001   0.1334728788E+001   0.1026434560E+001
 0.8686869   0.2078742275E+001   0.1008390413E+001   0.1336854382E+001   0.1024550334E+001
 0.8787879   0.2212084669E+001   0.1019087124E+001   0.1360704418E+001   0.1022006541E+001
 0.8888889   0.2279506073E+001   0.1041121792E+001   0.1366041644E+001   0.1031693599E+001
 0.8989899   0.2360309257E+001   0.1041477265E+001   0.1365075557E+001   0.1030713871E+001
 0.9090909   0.2448374859E+001   0.1007549360E+001   0.1387987847E+001   0.1027188601E+001
 0.9191919   0.2557121125E+001   0.1023389972E+001   0.1386326991E+001   0.1027585740E+001
 0.9292929   0.2658116710E+001   0.1030304267E+001   0.1393238943E+001   0.1028761414E+001
 0.9393939   0.2771673702E+001   0.1027539478E+001   0.1393017399E+001   0.1009291074E+001
 0.9494949   0.2881863767E+001   0.1039572117E+001   0.1416344992E+001   0.1035607262E+001
 0.9595960   0.3010982525E+001   0.1024193852E+001   0.1428270331E+001   0.1050672326E+001
 0.9696970   0.3179144106E+001   0.1031505439E+001   0.1440049065E+001   0.1043128422E+001
 0.9797980   0.3280631420E+001   0.1002872453E+001   0.1427028111E+001   0.9967785501E+000
 0.9898990   0.3432251653E+001   0.1024463360E+001   0.1438799189E+001   0.1029588934E+001
 1.0000000   0.3516013742E+001   0.1015764731E+001   0.1453930999E+001   0.1021915566E+001


 0.0000000   0.9563648082E+000   0.1067276506E+001   0.8024405513E+000   0.1018460077E+001
 0.0101010   0.9519265588E+000   0.1052253436E+001   0.8114590418E+000   0.1014717669E+001
 0.0202020   0.9488116634E+000   0.1055054154E+001   0.8085862126E+000   0.1005722760E+001
 0.0303030   0.9222920345E+000   0.1062026300E+001   0.8043489742E+000   0.1002865825E+001
 0.0404040   0.9047617220E+000   0.1081606237E+001   0.7965184602E+000   0.1015083215E+001
 0.0505051   0.8583753828E+000   0.1064938773E+001   0.7831833154E+000   0.1001845491E+001
 0.0606061   0.8202678574E+000   0.1010384072E+001   0.7823092465E+000   0.9675125850E+000
 0.0707071   0.7897937352E+000   0.1081156936E+001   0.7887030030E+000   0.1020239894E+001
 0.0808081   0.7297871301E+000   0.1046987266E+001   0.7695103490E+000   0.1000424122E+001
 0.0909091   0.6845890162E+000   0.1084993099E+001   0.7716090377E+000   0.1009149308E+001
 0.1010101   0.6439140844E+000   0.1048184641E+001   0.7672462857E+000   0.1006212521E+001
 0.1111111   0.5943561574E+000   0.1078933239E+001   0.7629684130E+000   0.1007917809E+001
 0.1212121   0.5498524862E+000   0.1046426210E+001   0.7662471618E+000   0.9960464455E+000
 0.1313131   0.5145745075E+000   0.1065807725E+001   0.7600339769E+000   0.1027506446E+001
 0.1414141   0.4834135168E+000   0.1014452868E+001   0.7574581319E+000   0.9642918788E+000
 0.1515152   0.4543273021E+000   0.1027101712E+001   0.7601248803E+000   0.1006528380E+001
 0.1616162   0.4363678329E+000   0.1010267756E+001   0.7590128266E+000   0.9967278512E+000
 0.1717172   0.4195049380E+000   0.1015629716E+001   0.7667303979E+000   0.9878039218E+000
 0.1818182   0.4042619250E+000   0.9812502199E+000   0.7645465032E+000   0.1015370683E+001
 0.1919192   0.4039678923E+000   0.1038840552E+001   0.7647122849E+000   0.9927476615E+000
 0.2020202   0.4021207206E+000   0.9810175870E+000   0.7757533965E+000   0.1006366902E+001
 0.2121212   0.4004144659E+000   0.9862381434E+000   0.7725786806E+000   0.9911630386E+000
 0.2222222   0.4034238419E+000   0.1009207223E+001   0.7827872309E+000   0.9972264839E+000
 0.2323232   0.4096518988E+000   0.9862655120E+000   0.7888804345E+000   0.9968059289E+000
 0.2424242   0.4169503470E+000   0.9903707989E+000   0.7923156501E+000   0.1009992192E+001
 0.2525253   0.4209474059E+000   0.9854695425E+000   0.8010418798E+000   0.9968378698E+000
 0.2626263   0.4361658567E+000   0.9842311143E+000   0.8206161946E+000   0.1020142297E+001
 0.2727273   0.4411125504E+000   0.9831546169E+000   0.8160138274E+000   0.9997320692E+000
 0.2828283   0.4624833458E+000   0.9816561872E+000   0.8315310731E+000   0.1016868356E+001
 0.2929293   0.4751684890E+000   0.9845458530E+000   0.8392818141E+000   0.9863790032E+000
 0.3030303   0.4863931470E+000   0.9809696920E+000   0.8470173283E+000   0.1002047784E+001
 0.3131313   0.5183751537E+000   0.9740408801E+000   0.8594269164E+000   0.9836249888E+000
 0.3232323   0.5384986174E+000   0.9565706039E+000   0.8776090537E+000   0.9768020601E+000
 0.3333333   0.5675920705E+000   0.9793891566E+000   0.8956515771E+000   0.1017885141E+001
 0.3434343   0.5975748628E+000   0.1027578382E+001   0.8957354005E+000   0.9832683156E+000
 0.3535354   0.6136350305E+000   0.9953245116E+000   0.9126255872E+000   0.9769103043E+000
 0.3636364   0.6394161049E+000   0.9522897021E+000   0.9223392192E+000   0.1006579841E+001
 0.3737374   0.6682795136E+000   0.9414061305E+000   0.9398360114E+000   0.9847500179E+000
 0.3838384   0.6966647632E+000   0.9597430784E+000   0.9468579222E+000   0.9889999306E+000
 0.3939394   0.7406983215E+000   0.9852597168E+000   0.9581243469E+000   0.9714022755E+000
 0.4040404   0.7740851505E+000   0.9740408801E+000   0.9770519158E+000   0.1000800314E+001
 0.4141414   0.8200952466E+000   0.9825639117E+000   0.9993178559E+000   0.1038353927E+001
 0.4242424   0.8653580669E+000   0.9696801532E+000   0.1005653521E+001   0.9990063012E+000
 0.4343434   0.9163925901E+000   0.9816721522E+000   0.1023663489E+001   0.1018179707E+001
 0.4444444   0.9668497909E+000   0.9911850141E+000   0.1034763687E+001   0.9741296724E+000
 0.4545455   0.1027219492E+001   0.1000738929E+001   0.1061065767E+001   0.1003144421E+001
 0.4646465   0.1086768101E+001   0.9694999767E+000   0.1067048247E+001   0.9881357521E+000
 0.4747475   0.1137601887E+001   0.9986087411E+000   0.1086955243E+001   0.1014825914E+001
 0.4848485   0.1214143083E+001   0.9672078583E+000   0.1102371145E+001   0.9884800039E+000
 0.4949495   0.1311549174E+001   0.9916708064E+000   0.1127371884E+001   0.1008574372E+001
 0.5050505   0.1315312727E+001   0.9938808191E+000   0.1136836217E+001   0.9945115084E+000
 0.5151515   0.1334814523E+001   0.9682501450E+000   0.1141629928E+001   0.1018712055E+001
 0.5252525   0.1317949059E+001   0.9824430338E+000   0.1141459759E+001   0.9808993663E+000
 0.5353535   0.1326419448E+001   0.9760798393E+000   0.1138371248E+001   0.1012577630E+001
 0.5454545   0.1326624440E+001   0.1002672975E+001   0.1140239538E+001   0.9984420122E+000
 0.5555556   0.1316868071E+001   0.9620192319E+000   0.1141927878E+001   0.1023268955E+001
 0.5656566   0.1318762794E+001   0.9865779700E+000   0.1131463759E+001   0.1002968746E+001
 0.5757576   0.1316291309E+001   0.1003056135E+001   0.1144267967E+001   0.1013862363E+001
 0.5858586   0.1329152363E+001   0.9789763472E+000   0.1137473710E+001   0.9872396327E+000
 0.5959596   0.1335214603E+001   0.1014767606E+001   0.1140795366E+001   0.1008634705E+001
 0.6060606   0.1330505095E+001   0.9842721672E+000   0.1130858455E+001   0.9975707357E+000
 0.6161616   0.1323195888E+001   0.9625369541E+000   0.1136279738E+001   0.1005343019E+001
 0.6262626   0.1324242555E+001   0.9851662074E+000   0.1150649194E+001   0.1009268199E+001
 0.6363636   0.1333243807E+001   0.1010374949E+001   0.1138349372E+001   0.9784967017E+000
 0.6464646   0.1320836836E+001   0.9529830394E+000   0.1138353842E+001   0.1002344124E+001
 0.6565657   0.1324115993E+001   0.9878597317E+000   0.1121479219E+001   0.9850747503E+000
 0.6666667   0.1313592905E+001   0.9777356383E+000   0.1139756520E+001   0.9761756638E+000
 0.6767677   0.1325900426E+001   0.1003749472E+001   0.1124727136E+001   0.1016948208E+001
 0.6868687   0.1317012148E+001   0.9965218870E+000   0.1136094371E+001   0.9995688157E+000
 0.6969697   0.1331515431E+001   0.9713017415E+000   0.1137628806E+001   0.9788551495E+000
 0.7070707   0.1325327638E+001   0.1011725133E+001   0.1147791035E+001   0.1016997894E+001
 0.7171717   0.1330458826E+001   0.9987387418E+000   0.1138627371E+001   0.9930493255E+000
 0.7272727   0.1321673189E+001   0.9979268073E+000   0.1138838643E+001   0.1004285420E+001
 0.7373737   0.1321891895E+001   0.9921064229E+000   0.1133468940E+001   0.9996096291E+000
 0.7474747   0.1319160882E+001   0.9820553123E+000   0.1139366188E+001   0.9711236799E+000
 0.7575758   0.1311790782E+001   0.9849084867E+000   0.1138417701E+001   0.9924211547E+000
 0.7676768   0.1316682749E+001   0.1010053369E+001   0.1134281966E+001   0.1011370974E+001
 0.7777778   0.1326865934E+001   0.1008299499E+001   0.1145253787E+001   0.1010412747E+001
 0.7878788   0.1326239819E+001   0.9945376650E+000   0.1145533241E+001   0.9969478884E+000
 0.7979798   0.1333600675E+001   0.1007567389E+001   0.1146955160E+001   0.1003336066E+001
 0.8080808   0.1312636258E+001   0.9970601357E+000   0.1134528087E+001   0.1009749087E+001
 0.8181818   0.1320893198E+001   0.1004937725E+001   0.1144041743E+001   0.9935373113E+000
 0.8282828   0.1315175296E+001   0.9818454865E+000   0.1142769783E+001   0.9959719168E+000
 0.8383838   0.1321788220E+001   0.9957350403E+000   0.1140381897E+001   0.1002471888E+001
 0.8484848   0.1321249356E+001   0.1000871210E+001   0.1134900922E+001   0.1009449197E+001
 0.8585859   0.1312123262E+001   0.1008023532E+001   0.1134332523E+001   0.1000275064E+001
 0.8686869   0.1317854839E+001   0.9821944359E+000   0.1133737981E+001   0.9718228305E+000
 0.8787879   0.1317974081E+001   0.1005101936E+001   0.1138351518E+001   0.1003619985E+001
 0.8888889   0.1313794323E+001   0.9888541234E+000   0.1138288258E+001   0.9978457823E+000
 0.8989899   0.1310694305E+001   0.9639122252E+000   0.1134442002E+001   0.9700802776E+000
 0.9090909   0.1332107527E+001   0.1017684641E+001   0.1137167991E+001   0.1007523872E+001
 0.9191919   0.1327220860E+001   0.1014838308E+001   0.1143257511E+001   0.1011482767E+001
 0.9292929   0.1316136616E+001   0.9827805796E+000   0.1134055270E+001   0.9969833783E+000
 0.9393939   0.1314675567E+001   0.9973178565E+000   0.1118576748E+001   0.9857117936E+000
 0.9494949   0.1319425223E+001   0.9948774915E+000   0.1143554517E+001   0.1009206092E+001
 0.9595960   0.1319358418E+001   0.9977032973E+000   0.1132458316E+001   0.1003412369E+001
 0.9696970   0.1314714525E+001   0.9878118367E+000   0.1143330627E+001   0.1010442914E+001
 0.9797980   0.1317680053E+001   0.1006297031E+001   0.1136468015E+001   0.1009592931E+001
 0.9898990   0.1320084265E+001   0.1006502295E+001   0.1141479582E+001   0.1012865098E+001
 1.0000000   0.1312011359E+001   0.9913378220E+000   0.1127665297E+001   0.1003048598E+001


