#   100 bins for weightfunction of cd                      
 0.0000000    0.3119384766E+001    0.1845434570E+001
 0.0101010    0.3114379883E+001    0.1834179687E+001
 0.0202020    0.3137597656E+001    0.1845654297E+001
 0.0303030    0.3157031250E+001    0.1846582031E+001
 0.0404040    0.3210205078E+001    0.1863427734E+001
 0.0505051    0.3239672852E+001    0.1844140625E+001
 0.0606061    0.3324829102E+001    0.1869995117E+001
 0.0707071    0.3365380859E+001    0.1859375000E+001
 0.0808081    0.3424584961E+001    0.1854614258E+001
 0.0909091    0.3509985352E+001    0.1863916016E+001
 0.1010101    0.3543359375E+001    0.1865332031E+001
 0.1111111    0.3618139648E+001    0.1863354492E+001
 0.1212121    0.3653100586E+001    0.1848437500E+001
 0.1313131    0.3698999023E+001    0.1860278320E+001
 0.1414141    0.3717553711E+001    0.1837866211E+001
 0.1515152    0.3744213867E+001    0.1824755859E+001
 0.1616162    0.3771166992E+001    0.1821166992E+001
 0.1717172    0.3737670898E+001    0.1812768555E+001
 0.1818182    0.3716577148E+001    0.1786474609E+001
 0.1919192    0.3706982422E+001    0.1782373047E+001
 0.2020202    0.3669482422E+001    0.1752612305E+001
 0.2121212    0.3589843750E+001    0.1737719727E+001
 0.2222222    0.3558349609E+001    0.1717407227E+001
 0.2323232    0.3473706055E+001    0.1686157227E+001
 0.2424242    0.3444262695E+001    0.1652368164E+001
 0.2525253    0.3401977539E+001    0.1659399414E+001
 0.2626263    0.3316137695E+001    0.1645629883E+001
 0.2727273    0.3242822266E+001    0.1599853516E+001
 0.2828283    0.3148120117E+001    0.1567333984E+001
 0.2929293    0.3064868164E+001    0.1537036133E+001
 0.3030303    0.3007348633E+001    0.1519384766E+001
 0.3131313    0.2934912109E+001    0.1496777344E+001
 0.3232323    0.2842651367E+001    0.1455786133E+001
 0.3333333    0.2773315430E+001    0.1443139648E+001
 0.3434343    0.2656616211E+001    0.1413208008E+001
 0.3535354    0.2594580078E+001    0.1384692383E+001
 0.3636364    0.2496386719E+001    0.1367626953E+001
 0.3737374    0.2391186523E+001    0.1333984375E+001
 0.3838384    0.2281933594E+001    0.1304492187E+001
 0.3939394    0.2204516602E+001    0.1260375977E+001
 0.4040404    0.2102954102E+001    0.1229980469E+001
 0.4141414    0.2002612305E+001    0.1200463867E+001
 0.4242424    0.1896801758E+001    0.1170776367E+001
 0.4343434    0.1809765625E+001    0.1161767578E+001
 0.4444444    0.1713549805E+001    0.1108276367E+001
 0.4545455    0.1598828125E+001    0.1075097656E+001
 0.4646465    0.1495605469E+001    0.1053295898E+001
 0.4747475    0.1404931641E+001    0.9935302734E+000
 0.4848485    0.1303808594E+001    0.9835937500E+000
 0.4949495    0.1185083008E+001    0.9199218750E+000
 0.5050505    0.1120141602E+001    0.9280029297E+000
 0.5151515    0.1134082031E+001    0.9379394531E+000
 0.5252525    0.1129003906E+001    0.9172363281E+000
 0.5353535    0.1119506836E+001    0.9181884766E+000
 0.5454545    0.1119970703E+001    0.9147705078E+000
 0.5555556    0.1100268555E+001    0.9161865234E+000
 0.5656566    0.1108984375E+001    0.9280761719E+000
 0.5757576    0.1112597656E+001    0.9238525391E+000
 0.5858586    0.1100488281E+001    0.9143798828E+000
 0.5959596    0.1084643555E+001    0.9157226562E+000
 0.6060606    0.1086279297E+001    0.9281250000E+000
 0.6161616    0.1045556641E+001    0.8923828125E+000
 0.6262626    0.1061791992E+001    0.9173828125E+000
 0.6363636    0.1052709961E+001    0.9044921875E+000
 0.6464646    0.1026147461E+001    0.9030517578E+000
 0.6565657    0.9894042969E+000    0.9081542969E+000
 0.6666667    0.9930908203E+000    0.9029541016E+000
 0.6767677    0.9794189453E+000    0.9099853516E+000
 0.6868687    0.9735351562E+000    0.9079833984E+000
 0.6969697    0.9263671875E+000    0.9000488281E+000
 0.7070707    0.9234130859E+000    0.8823974609E+000
 0.7171717    0.8985107422E+000    0.8755371094E+000
 0.7272727    0.8749023437E+000    0.8831542969E+000
 0.7373737    0.8521240234E+000    0.8776123047E+000
 0.7474747    0.8470458984E+000    0.8896240234E+000
 0.7575758    0.8179931641E+000    0.8778320312E+000
 0.7676768    0.8017089844E+000    0.8838623047E+000
 0.7777778    0.7691894531E+000    0.8845214844E+000
 0.7878788    0.7467773437E+000    0.8680664062E+000
 0.7979798    0.7097900391E+000    0.8573974609E+000
 0.8080808    0.6907958984E+000    0.8649414062E+000
 0.8181818    0.6647949219E+000    0.8513916016E+000
 0.8282828    0.6298339844E+000    0.8537109375E+000
 0.8383838    0.5934570312E+000    0.8425537109E+000
 0.8484848    0.5647460937E+000    0.8446533203E+000
 0.8585859    0.5270507812E+000    0.8266601562E+000
 0.8686869    0.4887695312E+000    0.8196044922E+000
 0.8787879    0.4637207031E+000    0.8220458984E+000
 0.8888889    0.4221923828E+000    0.8095703125E+000
 0.8989899    0.3878906250E+000    0.7961914062E+000
 0.9090909    0.3661132812E+000    0.8153320312E+000
 0.9191919    0.3173339844E+000    0.7922363281E+000
 0.9292929    0.2775146484E+000    0.7747802734E+000
 0.9393939    0.2409423828E+000    0.7787109375E+000
 0.9494949    0.2005859375E+000    0.7647949219E+000
 0.9595960    0.1551757812E+000    0.7539550781E+000
 0.9696970    0.1151367187E+000    0.7544921875E+000
 0.9797980    0.7280273437E-001    0.7346923828E+000
 0.9898990    0.3256835937E-001    0.7421142578E+000
 1.0000000    0.0000000000E+000    0.7379882812E+000


#   100 bins for weightfunction of Ar                      
 0.0000000    0.1683869934E+001    0.4076507568E+000
 0.0101010    0.1668551636E+001    0.3873687744E+000
 0.0202020    0.1688954163E+001    0.3921890259E+000
 0.0303030    0.1704713440E+001    0.3990127563E+000
 0.0404040    0.1749783325E+001    0.4283920288E+000
 0.0505051    0.1765892029E+001    0.4072662354E+000
 0.0606061    0.1821652222E+001    0.4330444336E+000
 0.0707071    0.1863824463E+001    0.4190109253E+000
 0.0808081    0.1941917419E+001    0.4371994019E+000
 0.0909091    0.1977793884E+001    0.4240386963E+000
 0.1010101    0.2098292542E+001    0.4543121338E+000
 0.1111111    0.2136628723E+001    0.4716674805E+000
 0.1212121    0.2197651672E+001    0.4490844727E+000
 0.1313131    0.2258348083E+001    0.4845916748E+000
 0.1414141    0.2315713501E+001    0.4792602539E+000
 0.1515152    0.2368400574E+001    0.4734237671E+000
 0.1616162    0.2422390747E+001    0.4703231812E+000
 0.1717172    0.2457968140E+001    0.4630340576E+000
 0.1818182    0.2488020325E+001    0.4811645508E+000
 0.1919192    0.2471769714E+001    0.4476943970E+000
 0.2020202    0.2499642944E+001    0.4677658081E+000
 0.2121212    0.2469598389E+001    0.4269088745E+000
 0.2222222    0.2495970154E+001    0.4260726929E+000
 0.2323232    0.2444245911E+001    0.4302276611E+000
 0.2424242    0.2416271973E+001    0.4280899048E+000
 0.2525253    0.2440718079E+001    0.4150955200E+000
 0.2626263    0.2396975708E+001    0.4286865234E+000
 0.2727273    0.2335264587E+001    0.3869583130E+000
 0.2828283    0.2331947327E+001    0.3911773682E+000
 0.2929293    0.2301377869E+001    0.3451309204E+000
 0.3030303    0.2273178101E+001    0.3503265381E+000
 0.3131313    0.2220314026E+001    0.3253341675E+000
 0.3232323    0.2188142395E+001    0.3079513550E+000
 0.3333333    0.2138238525E+001    0.3101989746E+000
 0.3434343    0.2080302429E+001    0.3063110352E+000
 0.3535354    0.2055413818E+001    0.2739776611E+000
 0.3636364    0.1994551086E+001    0.2502212524E+000
 0.3737374    0.1956379700E+001    0.2452560425E+000
 0.3838384    0.1899655151E+001    0.2237503052E+000
 0.3939394    0.1856445313E+001    0.2080596924E+000
 0.4040404    0.1814385986E+001    0.1712860107E+000
 0.4141414    0.1745489502E+001    0.1707489014E+000
 0.4242424    0.1691981506E+001    0.1609924316E+000
 0.4343434    0.1664196777E+001    0.1340194702E+000
 0.4444444    0.1605494690E+001    0.1312988281E+000
 0.4545455    0.1531297302E+001    0.1113983154E+000
 0.4646465    0.1510348511E+001    0.7988281250E-001
 0.4747475    0.1454225159E+001    0.4822082520E-001
 0.4848485    0.1397012329E+001    0.6882629395E-001
 0.4949495    0.1341937256E+001    0.5081634521E-001
 0.5050505    0.1284294128E+001    0.1277618408E-001
 0.5151515    0.1296488953E+001    0.2445831299E-001
 0.5252525    0.1299894714E+001    0.2610931396E-001
 0.5353535    0.1297380066E+001    0.1443023682E-001
 0.5454545    0.1289930725E+001    0.3963317871E-001
 0.5555556    0.1290429687E+001    0.3596191406E-001
 0.5656566    0.1299969482E+001    0.7170104980E-002
 0.5757576    0.1324610901E+001    0.2839202881E-001
 0.5858586    0.1306355286E+001    0.2810363770E-001
 0.5959596    0.1301074219E+001    0.2063598633E-001
 0.6060606    0.1272637939E+001    0.1868743896E-001
 0.6161616    0.1288784790E+001    0.3480072021E-001
 0.6262626    0.1299491882E+001    0.3623962402E-001
 0.6363636    0.1295014954E+001    0.1868286133E-001
 0.6464646    0.1286058044E+001    0.1949615479E-001
 0.6565657    0.1322113037E+001    0.1088409424E-001
 0.6666667    0.1295561218E+001    0.6208801270E-002
 0.6767677    0.1310853577E+001    0.3956298828E-001
 0.6868687    0.1307415771E+001    0.1569824219E-001
 0.6969697    0.1285810852E+001    0.1928558350E-001
 0.7070707    0.1291442871E+001    0.2167510986E-001
 0.7171717    0.1295349121E+001    0.1288604736E-001
 0.7272727    0.1303840637E+001    0.3072967529E-001
 0.7373737    0.1293078613E+001    0.2714233398E-001
 0.7474747    0.1303648376E+001    0.2517547607E-001
 0.7575758    0.1301554871E+001    0.2505035400E-001
 0.7676768    0.1296664429E+001    0.2489013672E-001
 0.7777778    0.1288375854E+001    0.2337646484E-001
 0.7878788    0.1298587036E+001    0.2007904053E-001
 0.7979798    0.1302253723E+001    0.2133636475E-001
 0.8080808    0.1295735168E+001    0.2357635498E-001
 0.8181818    0.1283679199E+001    0.1884002686E-001
 0.8282828    0.1284658813E+001    0.7778930664E-002
 0.8383838    0.1287060547E+001    0.2513275146E-001
 0.8484848    0.1292118835E+001    0.3592376709E-001
 0.8585859    0.1294448853E+001    0.2477569580E-001
 0.8686869    0.1293077087E+001    0.2104949951E-001
 0.8787879    0.1296626282E+001    0.2109985352E-001
 0.8888889    0.1299234009E+001    0.2756195068E-001
 0.8989899    0.1287037659E+001    0.2099609375E-001
 0.9090909    0.1293054199E+001    0.3930053711E-001
 0.9191919    0.1290518188E+001    0.7566833496E-002
 0.9292929    0.1294320679E+001    0.1503601074E-001
 0.9393939    0.1266819763E+001    0.0000000000E+000
 0.9494949    0.1278320312E+001    0.2493286133E-002
 0.9595960    0.1292863464E+001    0.2424926758E-001
 0.9696970    0.1327575684E+001    0.4427490234E-001
 0.9797980    0.1278813171E+001    0.3367614746E-002
 0.9898990    0.1280720520E+001    0.1509094238E-001
 1.0000000    0.1317727661E+001    0.5093841553E-001


