Compiled using GNU Fortran (Ubuntu 9.4.0-1ubuntu1~20.04.2) 9.4.0 with all optimizations
Last Brick update unknown
Compiled at 18:43:37 on Sep  2 2023
Starting at 16:56:20 on Sep 11 2023

Settings
OK                      

Forcefield
OK                      

Topology
OK                      

Configuration
OK                      Read from ./INPUT/restart.in

 F
Monte Carlo Simulation initialized.

#########################################################################################################################
###########################################   ENERGY STARTING CONFIGURATION   ###########################################
#########################################################################################################################
                                               Box 1               Box 2
-------------------------------------------------------------------------------------------------------------------------
Lennard Jones        
 Intermolecular                         -0.5342216184E+006  -0.4531737500E+005
 Tailcorrection                         -0.1332556022E+005  -0.9639329950E+003
Total Intermolecular                    -0.5475471786E+006  -0.4628130799E+005

Electrostatic        
 Real                                   -0.1601582854E+006  -0.1023273755E+005
 Exclusion                               0.9190594786E+007   0.3162511332E+007
 Selfterm                               -0.9220114054E+007  -0.3165700350E+007
 Fourier                                 0.1358439880E+005   0.2737663226E+004
Total Intermolecular                    -0.1760931545E+006  -0.1068409277E+005

Intramolecular       
 Lennard Jones                           0.0000000000E+000   0.0000000000E+000
 Electrostatic                           0.0000000000E+000   0.0000000000E+000
 Bending                                 0.0000000000E+000   0.0000000000E+000
 Torsion                                 0.0000000000E+000   0.0000000000E+000

Total                                   -0.7236403331E+006  -0.5696540076E+005

#########################################################################################################################

Simulation is running...



#########################################################################################################################
###############################################   RELATIVE ENERGY DRIFTS   ##############################################
#########################################################################################################################
                                               Box 1               Box 2                                                 
-------------------------------------------------------------------------------------------------------------------------

Lennard Jones        
 Intermolecular                          0.1924684042E-014   0.6534402303E-015
 Tailcorrection                          0.0000000000E+000   0.0000000000E+000

Electrostatic        
 Real                                    0.2122659996E-014   0.2218571118E-014
 Exclusion                               0.0000000000E+000   0.2579540341E-015
 Selfterm                                0.0000000000E+000   0.0000000000E+000
 Fourier                                 0.1395936632E-015   0.0000000000E+000

Intramolecular       
 Lennard Jones                           0.0000000000E+000   0.0000000000E+000
 Electrostatic                           0.0000000000E+000   0.0000000000E+000
 Bending                                 0.0000000000E+000   0.0000000000E+000
 Torsion                                 0.0000000000E+000   0.0000000000E+000

Total                                    0.1584378759E-014   0.1382597282E-013

#########################################################################################################################
############################################   TRIAL MOVE ACCEPTANCE RATES   ############################################
#########################################################################################################################
                                               Box 1               Box 2
-------------------------------------------------------------------------------------------------------------------------
Translation
 CO2                                          0.48372             0.49400
 AR                                           0.49000             0.64629
-------------------------------------------------------------------------------------------------------------------------
Rotation
 CO2                                          0.49775             0.75244
 AR                                           0.00000             0.00000
-------------------------------------------------------------------------------------------------------------------------
Lambda Move
 cd                                           0.74546             0.94768
 Ar                                           0.82652             0.97196
-------------------------------------------------------------------------------------------------------------------------
GE Swap Fractional
 cd                                           0.34488             0.38753
 Ar                                           0.43233             0.47997
-------------------------------------------------------------------------------------------------------------------------
GE Identity Change
 cd                                           0.73314             0.84543
 Ar                                           0.84073             0.93993
-------------------------------------------------------------------------------------------------------------------------
Volume                                        0.48209             0.50231

#########################################################################################################################
######################################################   AVERAGES   #####################################################
#########################################################################################################################
                                                       Boltzmann                                    Biased
                                               Box 1               Box 2                  Box 1               Box 2      
-------------------------------------------------------------------------------------------------------------------------
Density
 CO2                                     0.9593044589E+003   0.5916063777E+002      0.9573300003E+003   0.5915205299E+002
 AR                                      0.4932377266E+002   0.5028763934E+002      0.4965252997E+002   0.5043819271E+002
 Total                                   0.1008628232E+004   0.1094482771E+003      0.1006982530E+004   0.1095902457E+003

Number of molecules
 CO2                                     0.4807587018E+003   0.2542412982E+003      0.4818633800E+003   0.2531366200E+003
 AR                                      0.2737011801E+002   0.2376298820E+003      0.2766597000E+002   0.2373340300E+003
 Total                                   0.5081288198E+003   0.4918711802E+003      0.5095293500E+003   0.4904706500E+003

Mole fractions
 CO2                                          0.94614             0.51689                 0.94570             0.51611
 AR                                           0.05386             0.48311                 0.05430             0.48389

Volume                                   0.3665319723E+005   0.3147082600E+006      0.3681281958E+005   0.3133946383E+006

#########################################################################################################################
#######################################   PROPERTIES FROM THE CFC GIBBS ENSEMBLE   ######################################
#########################################################################################################################
                                                       Boltzmann                                    Biased
                                               Box 1               Box 2                  Box 1               Box 2      
Chemical Potentials (as an indication)
=========================================================================================================================

Total cd                                -0.1941772325E+004  -0.1943107949E+004     -0.1942293591E+004  -0.1943144665E+004
 Ideal gas                              -0.1096275801E+004  -0.1801121678E+004     -0.1096797067E+004  -0.1801158393E+004
 Excess                                 -0.8454965238E+003  -0.1419862715E+003     -0.8454965238E+003  -0.1419862715E+003

-------------------------------------------------------------------------------------------------------------------------

Total Ar                                -0.1871255087E+004  -0.1868554717E+004     -0.1869574363E+004  -0.1867798406E+004
 Ideal gas                              -0.1822629708E+004  -0.1817733363E+004     -0.1820948984E+004  -0.1816977052E+004
 Excess                                 -0.4862537905E+002  -0.5082135360E+002     -0.4862537905E+002  -0.5082135360E+002

-------------------------------------------------------------------------------------------------------------------------

#########################################################################################################################
#########################################   PROPERTIES FROM UMBRELLA SAMPLING   #########################################
#########################################################################################################################

Excess Partial Molar Enthalpy
=========================================================================================================================


Partial Molar Volume
=========================================================================================================================


#########################################################################################################################
##################################################   AVERAGE ENERGIES   #################################################
#########################################################################################################################
                                                       Boltzmann                                    Biased
                                               Box 1               Box 2                  Box 1               Box 2      
-------------------------------------------------------------------------------------------------------------------------
Lennard Jones        
 Intermolecular                         -0.5176009334E+006  -0.4841771914E+005     -0.5184277141E+006  -0.4819926840E+005
 Tailcorrection                         -0.1265575198E+005  -0.1020890149E+004     -0.1267971369E+005  -0.1016820540E+004
Total Intermolecular                    -0.5302566854E+006  -0.4943860928E+005     -0.5311074278E+006  -0.4921608894E+005

Electrostatic        
 Real                                   -0.1540198262E+006  -0.8022319894E+004     -0.1539834341E+006  -0.7981779955E+004
 Exclusion                               0.8804751111E+007   0.3452609949E+007      0.8823644607E+007   0.3436916631E+007
 Selfterm                               -0.8833031431E+007  -0.3456091637E+007     -0.8851985525E+007  -0.3440382442E+007
 Fourier                                 0.1315776173E+005   0.2978284263E+004      0.1321407251E+005   0.2968621601E+004
Total Intermolecular                    -0.1691423837E+006  -0.8525723740E+004     -0.1691102788E+006  -0.8478969386E+004

Intramolecular       
 Lennard Jones                           0.0000000000E+000   0.0000000000E+000      0.0000000000E+000   0.0000000000E+000
 Electrostatic                           0.0000000000E+000   0.0000000000E+000      0.0000000000E+000   0.0000000000E+000
 Bending                                 0.0000000000E+000   0.0000000000E+000      0.0000000000E+000   0.0000000000E+000
 Torsion                                 0.0000000000E+000   0.0000000000E+000      0.0000000000E+000   0.0000000000E+000

Total                                   -0.6993990691E+006  -0.5796433303E+005     -0.7002177066E+006  -0.5769505833E+005

#########################################################################################################################

No errors found in bookkeeping.

Total simulation time:  17 hours and  51 minutes

Simulation finished.

