Compiled using GNU Fortran (Ubuntu 9.4.0-1ubuntu1~20.04.2) 9.4.0 with all optimizations
Last Brick update unknown
Compiled at 18:43:37 on Sep  2 2023
Starting at 16:56:20 on Sep 11 2023

Settings
OK                      

Forcefield
OK                      

Topology
OK                      

Configuration
OK                      Read from ./INPUT/restart.in

 F
Monte Carlo Simulation initialized.

#########################################################################################################################
###########################################   ENERGY STARTING CONFIGURATION   ###########################################
#########################################################################################################################
                                               Box 1               Box 2
-------------------------------------------------------------------------------------------------------------------------
Lennard Jones        
 Intermolecular                         -0.5617464218E+006  -0.3838382935E+005
 Tailcorrection                         -0.1401532460E+005  -0.9376096182E+003
Total Intermolecular                    -0.5757617464E+006  -0.3932143897E+005

Electrostatic        
 Real                                   -0.1627493259E+006  -0.5293933713E+004
 Exclusion                               0.9886297181E+007   0.2171681601E+007
 Selfterm                               -0.9918050975E+007  -0.2173871485E+007
 Fourier                                 0.1640041328E+005   0.2088874415E+004
Total Intermolecular                    -0.1781027068E+006  -0.5394943212E+004

Intramolecular       
 Lennard Jones                           0.0000000000E+000   0.0000000000E+000
 Electrostatic                           0.0000000000E+000   0.0000000000E+000
 Bending                                 0.0000000000E+000   0.0000000000E+000
 Torsion                                 0.0000000000E+000   0.0000000000E+000

Total                                   -0.7538644532E+006  -0.4471638218E+005

#########################################################################################################################

Simulation is running...



#########################################################################################################################
###############################################   RELATIVE ENERGY DRIFTS   ##############################################
#########################################################################################################################
                                               Box 1               Box 2                                                 
-------------------------------------------------------------------------------------------------------------------------

Lennard Jones        
 Intermolecular                          0.4344505670E-014   0.2086236429E-014
 Tailcorrection                          0.0000000000E+000   0.0000000000E+000

Electrostatic        
 Real                                    0.1204504211E-014   0.2987476635E-014
 Exclusion                               0.0000000000E+000   0.0000000000E+000
 Selfterm                                0.0000000000E+000   0.0000000000E+000
 Fourier                                 0.2548700174E-015   0.3281721339E-015

Intramolecular       
 Lennard Jones                           0.0000000000E+000   0.0000000000E+000
 Electrostatic                           0.0000000000E+000   0.0000000000E+000
 Bending                                 0.0000000000E+000   0.0000000000E+000
 Torsion                                 0.0000000000E+000   0.0000000000E+000

Total                                    0.3596052627E-014   0.1765967760E-014

#########################################################################################################################
############################################   TRIAL MOVE ACCEPTANCE RATES   ############################################
#########################################################################################################################
                                               Box 1               Box 2
-------------------------------------------------------------------------------------------------------------------------
Translation
 CO2                                          0.49551             0.48226
 AR                                           0.50240             0.60049
-------------------------------------------------------------------------------------------------------------------------
Rotation
 CO2                                          0.49526             0.72609
 AR                                           0.00000             0.00000
-------------------------------------------------------------------------------------------------------------------------
Lambda Move
 cd                                           0.74496             0.94128
 Ar                                           0.83023             0.96740
-------------------------------------------------------------------------------------------------------------------------
GE Swap Fractional
 cd                                           0.37214             0.36903
 Ar                                           0.46753             0.45713
-------------------------------------------------------------------------------------------------------------------------
GE Identity Change
 cd                                           0.80694             0.79392
 Ar                                           0.92715             0.92947
-------------------------------------------------------------------------------------------------------------------------
Volume                                        0.47511             0.49592

#########################################################################################################################
######################################################   AVERAGES   #####################################################
#########################################################################################################################
                                                       Boltzmann                                    Biased
                                               Box 1               Box 2                  Box 1               Box 2      
-------------------------------------------------------------------------------------------------------------------------
Density
 CO2                                     0.9331348601E+003   0.6545469827E+002      0.9320109558E+003   0.6552948006E+002
 AR                                      0.7036360789E+002   0.7072377357E+002      0.7046017000E+002   0.7082162598E+002
 Total                                   0.1003498468E+004   0.1361784718E+003      0.1002471126E+004   0.1363511060E+003

Number of molecules
 CO2                                     0.4814983130E+003   0.2185016870E+003      0.4816502000E+003   0.2183498000E+003
 AR                                      0.4007383407E+002   0.2599261659E+003      0.4019154000E+002   0.2598084600E+003
 Total                                   0.5215721470E+003   0.4784278530E+003      0.5218417400E+003   0.4781582600E+003

Mole fractions
 CO2                                          0.92317             0.45671                 0.92298             0.45665
 AR                                           0.07683             0.54329                 0.07702             0.54335

Volume                                   0.3773118776E+005   0.2446820332E+006      0.3778903798E+005   0.2442375225E+006

#########################################################################################################################
#######################################   PROPERTIES FROM THE CFC GIBBS ENSEMBLE   ######################################
#########################################################################################################################
                                                       Boltzmann                                    Biased
                                               Box 1               Box 2                  Box 1               Box 2      
Chemical Potentials (as an indication)
=========================================================================================================================

Total cd                                -0.1945609214E+004  -0.1947305650E+004     -0.1945914121E+004  -0.1947016763E+004
 Ideal gas                              -0.1103273468E+004  -0.1775542908E+004     -0.1103578375E+004  -0.1775254021E+004
 Excess                                 -0.8423357458E+003  -0.1717627420E+003     -0.8423357458E+003  -0.1717627420E+003

-------------------------------------------------------------------------------------------------------------------------

Total Ar                                -0.1784478203E+004  -0.1783647494E+004     -0.1784131242E+004  -0.1783297689E+004
 Ideal gas                              -0.1732746391E+004  -0.1731454679E+004     -0.1732399429E+004  -0.1731104874E+004
 Excess                                 -0.5173181230E+002  -0.5219281516E+002     -0.5173181230E+002  -0.5219281516E+002

-------------------------------------------------------------------------------------------------------------------------

#########################################################################################################################
#########################################   PROPERTIES FROM UMBRELLA SAMPLING   #########################################
#########################################################################################################################

Excess Partial Molar Enthalpy
=========================================================================================================================


Partial Molar Volume
=========================================================================================================================


#########################################################################################################################
##################################################   AVERAGE ENERGIES   #################################################
#########################################################################################################################
                                                       Boltzmann                                    Biased
                                               Box 1               Box 2                  Box 1               Box 2      
-------------------------------------------------------------------------------------------------------------------------
Lennard Jones        
 Intermolecular                         -0.5206915767E+006  -0.5381105037E+005     -0.5206202091E+006  -0.5376114871E+005
 Tailcorrection                         -0.1276000996E+005  -0.1184682407E+004     -0.1275973905E+005  -0.1183601638E+004
Total Intermolecular                    -0.5334515866E+006  -0.5499573277E+005     -0.5333799482E+006  -0.5494475035E+005

Electrostatic        
 Real                                   -0.1510178164E+006  -0.7607136191E+004     -0.1508410254E+006  -0.7616749232E+004
 Exclusion                               0.8818657288E+007   0.2967431244E+007      0.8819602610E+007   0.2964843874E+007
 Selfterm                               -0.8846982312E+007  -0.2970423679E+007     -0.8847930523E+007  -0.2967833662E+007
 Fourier                                 0.1345343510E+005   0.2731287384E+004      0.1347550745E+005   0.2730505983E+004
Total Intermolecular                    -0.1658894054E+006  -0.7868283643E+004     -0.1656934307E+006  -0.7876031142E+004

Intramolecular       
 Lennard Jones                           0.0000000000E+000   0.0000000000E+000      0.0000000000E+000   0.0000000000E+000
 Electrostatic                           0.0000000000E+000   0.0000000000E+000      0.0000000000E+000   0.0000000000E+000
 Bending                                 0.0000000000E+000   0.0000000000E+000      0.0000000000E+000   0.0000000000E+000
 Torsion                                 0.0000000000E+000   0.0000000000E+000      0.0000000000E+000   0.0000000000E+000

Total                                   -0.6993409921E+006  -0.6286401642E+005     -0.6990733789E+006  -0.6282078149E+005

#########################################################################################################################

No errors found in bookkeeping.

Total simulation time:  17 hours and  18 minutes

Simulation finished.

