 0.0000000   0.1421009263E+000   0.1040595729E+001   0.6698540923E+000   0.9904001904E+000
 0.0101010   0.1414164451E+000   0.9902978773E+000   0.6647882826E+000   0.9266615095E+000
 0.0202020   0.1388376054E+000   0.1051388615E+001   0.6719214363E+000   0.9969008283E+000
 0.0303030   0.1342715836E+000   0.1040600084E+001   0.6657892347E+000   0.9906102450E+000
 0.0404040   0.1268781391E+000   0.1019393163E+001   0.6694514878E+000   0.9690206831E+000
 0.0505051   0.1197820495E+000   0.1052827811E+001   0.6644793147E+000   0.9913380658E+000
 0.0606061   0.1133285842E+000   0.1021944961E+001   0.6788739775E+000   0.9953843813E+000
 0.0707071   0.1040531104E+000   0.1047321415E+001   0.6695455863E+000   0.9946620882E+000
 0.0808081   0.9652614181E-001   0.1046245827E+001   0.6748366137E+000   0.9854086291E+000
 0.0909091   0.8685985995E-001   0.1026247309E+001   0.6747297385E+000   0.9978221205E+000
 0.1010101   0.7964408720E-001   0.1029217149E+001   0.6808362180E+000   0.1017851013E+001
 0.1111111   0.7368717456E-001   0.1053979604E+001   0.6735153068E+000   0.1016148465E+001
 0.1212121   0.6953210464E-001   0.1037238329E+001   0.6768682184E+000   0.9977152506E+000
 0.1313131   0.6460952400E-001   0.9945828075E+000   0.6792808537E+000   0.1010517527E+001
 0.1414141   0.6173271890E-001   0.9900431330E+000   0.6836456885E+000   0.9907631795E+000
 0.1515152   0.6079126831E-001   0.1001280188E+001   0.6848550834E+000   0.9806952981E+000
 0.1616162   0.5968053685E-001   0.9656747699E+000   0.6973639823E+000   0.9708835360E+000
 0.1717172   0.6035403101E-001   0.9848807502E+000   0.6928764331E+000   0.9766323994E+000
 0.1818182   0.6109668338E-001   0.9955038062E+000   0.7055994527E+000   0.9870430015E+000
 0.1919192   0.6231572795E-001   0.1030815289E+001   0.7115254182E+000   0.9812001663E+000
 0.2020202   0.6319620717E-001   0.9772601934E+000   0.7234825765E+000   0.9923993945E+000
 0.2121212   0.6615701003E-001   0.9859454508E+000   0.7279541567E+000   0.9776550338E+000
 0.2222222   0.7034821748E-001   0.9714903434E+000   0.7432540884E+000   0.9805644746E+000
 0.2323232   0.7332233949E-001   0.9552868625E+000   0.7452095446E+000   0.9809624729E+000
 0.2424242   0.7827103914E-001   0.1000293870E+001   0.7622462919E+000   0.9947726432E+000
 0.2525253   0.8359553608E-001   0.9872213497E+000   0.7577705017E+000   0.9909677064E+000
 0.2626263   0.8937642861E-001   0.9501114158E+000   0.7686526654E+000   0.9762601974E+000
 0.2727273   0.9630090320E-001   0.9874281934E+000   0.7749554327E+000   0.9659822614E+000
 0.2828283   0.1053801289E+000   0.1007735888E+001   0.7907118317E+000   0.9650204323E+000
 0.2929293   0.1119502648E+000   0.9636455245E+000   0.7928066460E+000   0.9676774391E+000
 0.3030303   0.1226901749E+000   0.9764219322E+000   0.8133796100E+000   0.9832362221E+000
 0.3131313   0.1376850427E+000   0.9832564829E+000   0.8228777235E+000   0.9885926150E+000
 0.3232323   0.1510327781E+000   0.9551758201E+000   0.8396434780E+000   0.9821730509E+000
 0.3333333   0.1659275732E+000   0.9841252264E+000   0.8581270206E+000   0.9877192300E+000
 0.3434343   0.1805171281E+000   0.9645752325E+000   0.8599985504E+000   0.9866523736E+000
 0.3535354   0.2028192860E+000   0.9814928684E+000   0.8736390860E+000   0.9827055578E+000
 0.3636364   0.2198115293E+000   0.9573226398E+000   0.8851655606E+000   0.9904886344E+000
 0.3737374   0.2418585588E+000   0.9334028009E+000   0.9113997974E+000   0.9835863131E+000
 0.3838384   0.2753400916E+000   0.9893268007E+000   0.9221859654E+000   0.9804133827E+000
 0.3939394   0.2993924138E+000   0.9511957122E+000   0.9372762768E+000   0.9922869968E+000
 0.4040404   0.3372781023E+000   0.9766810311E+000   0.9494267156E+000   0.9945625886E+000
 0.4141414   0.3720640499E+000   0.9644380624E+000   0.9681771677E+000   0.9934109733E+000
 0.4242424   0.4152694668E+000   0.9645012042E+000   0.9845827014E+000   0.1001000579E+001
 0.4343434   0.4634983451E+000   0.9562535845E+000   0.1018356446E+001   0.1013417755E+001
 0.4444444   0.5216435727E+000   0.9635823828E+000   0.1026337610E+001   0.9920290350E+000
 0.4545455   0.5822067357E+000   0.9827034482E+000   0.1037688813E+001   0.9885723466E+000
 0.4646465   0.6561705046E+000   0.9754813378E+000   0.1050183650E+001   0.9826650209E+000
 0.4747475   0.7316918235E+000   0.9824334628E+000   0.1073058932E+001   0.9831238244E+000
 0.4848485   0.8339382390E+000   0.9690887793E+000   0.1105346517E+001   0.1003806835E+001
 0.4949495   0.9409143369E+000   0.1007768548E+001   0.1111346599E+001   0.9780788282E+000
 0.5050505   0.9748812465E+000   0.9522647674E+000   0.1130699765E+001   0.1011108997E+001
 0.5151515   0.9873157491E+000   0.9577646321E+000   0.1138123974E+001   0.1006038204E+001
 0.5252525   0.1003290201E+001   0.1006954237E+001   0.1130050315E+001   0.9837632012E+000
 0.5353535   0.9985962258E+000   0.9782138517E+000   0.1138703931E+001   0.1029402175E+001
 0.5454545   0.1009493359E+001   0.9928801574E+000   0.1147543188E+001   0.1018893916E+001
 0.5555556   0.1002626181E+001   0.9705649900E+000   0.1141893953E+001   0.1021449581E+001
 0.5656566   0.1012184593E+001   0.9610305849E+000   0.1143980051E+001   0.1010677832E+001
 0.5757576   0.1038182822E+001   0.9983756674E+000   0.1143210387E+001   0.1012102150E+001
 0.5858586   0.1044228991E+001   0.9684530072E+000   0.1136802708E+001   0.9954875660E+000
 0.5959596   0.1043990854E+001   0.9669093001E+000   0.1144040278E+001   0.1013708883E+001
 0.6060606   0.1065582512E+001   0.9877504341E+000   0.1147182031E+001   0.1004711544E+001
 0.6161616   0.1079007353E+001   0.1008513185E+001   0.1160361412E+001   0.1013906040E+001
 0.6262626   0.1089155875E+001   0.9939252623E+000   0.1150622814E+001   0.1022033680E+001
 0.6363636   0.1115303325E+001   0.9988808015E+000   0.1136673069E+001   0.1006554128E+001
 0.6464646   0.1139062041E+001   0.1007333088E+001   0.1152706710E+001   0.1000899236E+001
 0.6565657   0.1148366225E+001   0.9946307081E+000   0.1157883546E+001   0.1013607541E+001
 0.6666667   0.1168351906E+001   0.9801843099E+000   0.1161749342E+001   0.1000632062E+001
 0.6767677   0.1197360222E+001   0.9891221343E+000   0.1158148165E+001   0.1018403789E+001
 0.6868687   0.1223748798E+001   0.1008665596E+001   0.1169701997E+001   0.9980929804E+000
 0.6969697   0.1278249630E+001   0.1035374559E+001   0.1148916837E+001   0.1001684177E+001
 0.7070707   0.1289791914E+001   0.1010562026E+001   0.1166949543E+001   0.1017983679E+001
 0.7171717   0.1316977596E+001   0.9901541754E+000   0.1156439075E+001   0.9763099472E+000
 0.7272727   0.1350699165E+001   0.1004988133E+001   0.1176842845E+001   0.1031336889E+001
 0.7373737   0.1390118655E+001   0.9974481368E+000   0.1172931496E+001   0.9959371566E+000
 0.7474747   0.1438434111E+001   0.1033212498E+001   0.1179306789E+001   0.1028248717E+001
 0.7575758   0.1473254506E+001   0.9855905506E+000   0.1174183668E+001   0.9846034197E+000
 0.7676768   0.1525203510E+001   0.1027505790E+001   0.1195342790E+001   0.1020052902E+001
 0.7777778   0.1559219300E+001   0.1011210862E+001   0.1191134898E+001   0.1026361911E+001
 0.7878788   0.1603789778E+001   0.1002654066E+001   0.1189279375E+001   0.1010416185E+001
 0.7979798   0.1667416811E+001   0.1027869399E+001   0.1190090209E+001   0.1018475649E+001
 0.8080808   0.1733596491E+001   0.1019933134E+001   0.1204520776E+001   0.1018623056E+001
 0.8181818   0.1793433896E+001   0.1018507001E+001   0.1208979708E+001   0.1024086319E+001
 0.8282828   0.1852693527E+001   0.1010884267E+001   0.1209179846E+001   0.1000993208E+001
 0.8383838   0.1925893560E+001   0.1008669951E+001   0.1210871472E+001   0.1014438547E+001
 0.8484848   0.2007047652E+001   0.1022863782E+001   0.1210408568E+001   0.1012479880E+001
 0.8585859   0.2095884396E+001   0.1031969259E+001   0.1234396366E+001   0.1024178448E+001
 0.8686869   0.2178098764E+001   0.1021529096E+001   0.1236590215E+001   0.1030938891E+001
 0.8787879   0.2288933552E+001   0.1029911708E+001   0.1238901393E+001   0.1033824378E+001
 0.8888889   0.2371703047E+001   0.1024544659E+001   0.1234712012E+001   0.1011949215E+001
 0.8989899   0.2501356338E+001   0.1048209754E+001   0.1251451297E+001   0.1014845758E+001
 0.9090909   0.2602948784E+001   0.1026360529E+001   0.1255563080E+001   0.1015592005E+001
 0.9191919   0.2731098362E+001   0.1022833300E+001   0.1251863979E+001   0.1013570690E+001
 0.9292929   0.2854979464E+001   0.1036173629E+001   0.1261681884E+001   0.1013885772E+001
 0.9393939   0.2981624470E+001   0.1036826819E+001   0.1277710385E+001   0.1035937822E+001
 0.9494949   0.3124749291E+001   0.1028461625E+001   0.1274535596E+001   0.1014193483E+001
 0.9595960   0.3279756033E+001   0.1036106132E+001   0.1292708114E+001   0.1038323969E+001
 0.9696970   0.3464617500E+001   0.1013222689E+001   0.1284391861E+001   0.1000880811E+001
 0.9797980   0.3647147490E+001   0.1032217471E+001   0.1298883618E+001   0.1018072123E+001
 0.9898990   0.3843135867E+001   0.1050746311E+001   0.1305049830E+001   0.1033630906E+001
 1.0000000   0.3940271929E+001   0.1005316906E+001   0.1300226463E+001   0.9882277833E+000


 0.0000000   0.1080173495E+001   0.1016912136E+001   0.8736394093E+000   0.9955776410E+000
 0.0101010   0.1068785060E+001   0.1013454289E+001   0.8692481948E+000   0.9877088548E+000
 0.0202020   0.1043522598E+001   0.9969910971E+000   0.8638315884E+000   0.9669028696E+000
 0.0303030   0.1048477336E+001   0.1059486339E+001   0.8766541311E+000   0.1022974063E+001
 0.0404040   0.9917053230E+000   0.1006508713E+001   0.8707478969E+000   0.1011034051E+001
 0.0505051   0.9480881555E+000   0.1003268583E+001   0.8528782303E+000   0.9824829912E+000
 0.0606061   0.8967328264E+000   0.9790807323E+000   0.8590048025E+000   0.9692083977E+000
 0.0707071   0.8493468723E+000   0.1008451084E+001   0.8690873318E+000   0.9906048231E+000
 0.0808081   0.7924132670E+000   0.1015198154E+001   0.8672307680E+000   0.1011982504E+001
 0.0909091   0.7271724500E+000   0.9948758342E+000   0.8504691299E+000   0.9880518724E+000
 0.1010101   0.6715425343E+000   0.1013464961E+001   0.8608519606E+000   0.9943442772E+000
 0.1111111   0.6151076805E+000   0.9924147865E+000   0.8532113655E+000   0.9651146795E+000
 0.1212121   0.5671891209E+000   0.1027285676E+001   0.8717669108E+000   0.1039708823E+001
 0.1313131   0.5152702102E+000   0.9999601494E+000   0.8539873711E+000   0.9895176635E+000
 0.1414141   0.4776634790E+000   0.9836036811E+000   0.8523751601E+000   0.9804961133E+000
 0.1515152   0.4531042569E+000   0.9901501105E+000   0.8667221429E+000   0.9887866424E+000
 0.1616162   0.4242152601E+000   0.1004604763E+001   0.8631295381E+000   0.1016557947E+001
 0.1717172   0.4009547966E+000   0.9507456003E+000   0.8569834786E+000   0.9779375394E+000
 0.1818182   0.3933976833E+000   0.1009065812E+001   0.8642786499E+000   0.9973827008E+000
 0.1919192   0.3754280176E+000   0.9882120088E+000   0.8599318955E+000   0.1019950634E+001
 0.2020202   0.3791214020E+000   0.9888331405E+000   0.8692954440E+000   0.9828222599E+000
 0.2121212   0.3755246447E+000   0.1010971897E+001   0.8830434600E+000   0.9885036060E+000
 0.2222222   0.3706629589E+000   0.9983144705E+000   0.8835856647E+000   0.9864698678E+000
 0.2323232   0.3784196960E+000   0.1006534327E+001   0.8759476525E+000   0.9525055027E+000
 0.2424242   0.3860012543E+000   0.1008651724E+001   0.8879757049E+000   0.1006359265E+001
 0.2525253   0.3905507012E+000   0.9921885324E+000   0.8816353372E+000   0.9666798144E+000
 0.2626263   0.4053003096E+000   0.1008406260E+001   0.9053939338E+000   0.1003300223E+001
 0.2727273   0.4170784518E+000   0.9796420988E+000   0.9125632744E+000   0.9844923620E+000
 0.2828283   0.4279888006E+000   0.9823891658E+000   0.9104428560E+000   0.9807341637E+000
 0.2929293   0.4439100136E+000   0.1007127710E+001   0.9150330215E+000   0.9975532724E+000
 0.3030303   0.4597288674E+000   0.9949121202E+000   0.9187734080E+000   0.9723855279E+000
 0.3131313   0.4745226361E+000   0.9616186069E+000   0.9305593472E+000   0.1004601066E+001
 0.3232323   0.5037586011E+000   0.9884318595E+000   0.9425241924E+000   0.1003382697E+001
 0.3333333   0.5202041324E+000   0.9747733654E+000   0.9433735876E+000   0.9750546921E+000
 0.3434343   0.5523768196E+000   0.1008427605E+001   0.9542044008E+000   0.9750134550E+000
 0.3535354   0.5700842600E+000   0.9950273818E+000   0.9618669164E+000   0.1002119343E+001
 0.3636364   0.6070115253E+000   0.1011659197E+001   0.9691457954E+000   0.9994389319E+000
 0.3737374   0.6332255590E+000   0.9919131853E+000   0.9764243783E+000   0.9822543128E+000
 0.3838384   0.6677159288E+000   0.9700476417E+000   0.9726747266E+000   0.9720668776E+000
 0.3939394   0.7094019527E+000   0.1006722161E+001   0.9816500041E+000   0.1016739765E+001
 0.4040404   0.7466193850E+000   0.1031149072E+001   0.9911588176E+000   0.1002143710E+001
 0.4141414   0.7829079032E+000   0.1019990046E+001   0.1012096025E+001   0.1001039681E+001
 0.4242424   0.8298644440E+000   0.9759238464E+000   0.1014653198E+001   0.1026289899E+001
 0.4343434   0.8903348009E+000   0.1000739232E+001   0.1024434323E+001   0.9993808251E+000
 0.4444444   0.9366851203E+000   0.1001482029E+001   0.1031901894E+001   0.1002822248E+001
 0.4545455   0.9959791379E+000   0.9945962182E+000   0.1038656525E+001   0.9960312489E+000
 0.4646465   0.1066562574E+001   0.1017159735E+001   0.1037572992E+001   0.9746104562E+000
 0.4747475   0.1125438622E+001   0.1007558874E+001   0.1053118196E+001   0.9929309697E+000
 0.4848485   0.1194696652E+001   0.1014670939E+001   0.1068114381E+001   0.9866441882E+000
 0.4949495   0.1292880576E+001   0.1017644260E+001   0.1093317159E+001   0.1015594498E+001
 0.5050505   0.1305469562E+001   0.9740903339E+000   0.1082591880E+001   0.9974145658E+000
 0.5151515   0.1318619711E+001   0.9931426419E+000   0.1080590439E+001   0.9843517810E+000
 0.5252525   0.1312301088E+001   0.1001729628E+001   0.1079177383E+001   0.1009182131E+001
 0.5353535   0.1324412877E+001   0.1006534327E+001   0.1085588412E+001   0.1007907530E+001
 0.5454545   0.1325802837E+001   0.9988118028E+000   0.1089734595E+001   0.1002565453E+001
 0.5555556   0.1325494907E+001   0.1016916405E+001   0.1080450978E+001   0.9863686495E+000
 0.5656566   0.1308867697E+001   0.1002587686E+001   0.1080905739E+001   0.1002996568E+001
 0.5757576   0.1311513483E+001   0.9874393295E+000   0.1081229758E+001   0.1008985318E+001
 0.5858586   0.1320306266E+001   0.1007482033E+001   0.1079150348E+001   0.1006829743E+001
 0.5959596   0.1323873707E+001   0.9890444533E+000   0.1085430276E+001   0.1019660100E+001
 0.6060606   0.1325901893E+001   0.1026004992E+001   0.1082847040E+001   0.9967960095E+000
 0.6161616   0.1313207971E+001   0.1014267523E+001   0.1078166866E+001   0.9861249758E+000
 0.6262626   0.1304894230E+001   0.9896506437E+000   0.1093979431E+001   0.1023152132E+001
 0.6363636   0.1321170973E+001   0.9858256677E+000   0.1073729721E+001   0.9764230136E+000
 0.6464646   0.1342385784E+001   0.1018269661E+001   0.1083565620E+001   0.1022449227E+001
 0.6565657   0.1337816113E+001   0.9965428578E+000   0.1080407327E+001   0.1018612303E+001
 0.6666667   0.1341679795E+001   0.1023616516E+001   0.1069177349E+001   0.9831184172E+000
 0.6767677   0.1313681152E+001   0.9849057098E+000   0.1078753269E+001   0.9869609640E+000
 0.6868687   0.1314185021E+001   0.9878576862E+000   0.1068473337E+001   0.9801755886E+000
 0.6969697   0.1328187525E+001   0.1003642116E+001   0.1076395840E+001   0.1005768825E+001
 0.7070707   0.1332181052E+001   0.9962717797E+000   0.1074313253E+001   0.9961737043E+000
 0.7171717   0.1326139805E+001   0.1001825679E+001   0.1076576390E+001   0.1004822246E+001
 0.7272727   0.1320351077E+001   0.9942888540E+000   0.1078209112E+001   0.1013945015E+001
 0.7373737   0.1337530158E+001   0.1023313421E+001   0.1089154480E+001   0.1039131503E+001
 0.7474747   0.1323444901E+001   0.9951127607E+000   0.1078195905E+001   0.1008998439E+001
 0.7575758   0.1318470880E+001   0.1006512982E+001   0.1071785837E+001   0.9950865447E+000
 0.7676768   0.1325172330E+001   0.1000261110E+001   0.1077549418E+001   0.1010364886E+001
 0.7777778   0.1330208410E+001   0.1007447881E+001   0.1080302426E+001   0.1017843794E+001
 0.7878788   0.1314786856E+001   0.1000854494E+001   0.1077315340E+001   0.1025176498E+001
 0.7979798   0.1320671751E+001   0.1000660257E+001   0.1073514403E+001   0.1023611363E+001
 0.8080808   0.1315411859E+001   0.9937061428E+000   0.1076361944E+001   0.1005315217E+001
 0.8181818   0.1329357429E+001   0.1003501240E+001   0.1078305630E+001   0.1020505461E+001
 0.8282828   0.1328499667E+001   0.1007484167E+001   0.1074887336E+001   0.1010668541E+001
 0.8383838   0.1324391693E+001   0.1020222704E+001   0.1078326015E+001   0.1011472664E+001
 0.8484848   0.1327094669E+001   0.1007569546E+001   0.1081235170E+001   0.1016981564E+001
 0.8585859   0.1319573261E+001   0.9946815971E+000   0.1073441703E+001   0.1003195256E+001
 0.8686869   0.1330518873E+001   0.1000265379E+001   0.1077442359E+001   0.1008205562E+001
 0.8787879   0.1317462211E+001   0.9735375054E+000   0.1072231048E+001   0.9923499016E+000
 0.8888889   0.1325515042E+001   0.9816591760E+000   0.1071735308E+001   0.9968784837E+000
 0.8989899   0.1319123285E+001   0.1013247245E+001   0.1079343338E+001   0.1027064032E+001
 0.9090909   0.1331405636E+001   0.1000209883E+001   0.1083165026E+001   0.1011729459E+001
 0.9191919   0.1334032813E+001   0.1026002857E+001   0.1082533095E+001   0.1042171801E+001
 0.9292929   0.1323624758E+001   0.9955289830E+000   0.1070875876E+001   0.1000021874E+001
 0.9393939   0.1323021565E+001   0.9931170282E+000   0.1078590797E+001   0.1008284287E+001
 0.9494949   0.1319189114E+001   0.9694734684E+000   0.1077226409E+001   0.9958419332E+000
 0.9595960   0.1315166729E+001   0.1006434007E+001   0.1076132361E+001   0.1026848474E+001
 0.9696970   0.1323715812E+001   0.9939217246E+000   0.1075053728E+001   0.1011710714E+001
 0.9797980   0.1309765301E+001   0.9869932246E+000   0.1067952699E+001   0.1006244926E+001
 0.9898990   0.1316009488E+001   0.9942547025E+000   0.1068046159E+001   0.1005620746E+001
 1.0000000   0.1323542828E+001   0.9820369777E+000   0.1072685259E+001   0.1011601998E+001


