 0.0000000   0.1459072729E+000   0.1019474188E+001   0.6199607954E+000   0.9659809991E+000
 0.0101010   0.1452252750E+000   0.9782781300E+000   0.6303751135E+000   0.9662117365E+000
 0.0202020   0.1432345353E+000   0.1028592807E+001   0.6243248730E+000   0.9808473500E+000
 0.0303030   0.1382219901E+000   0.9992834084E+000   0.6237123940E+000   0.9862858867E+000
 0.0404040   0.1333401264E+000   0.1013609377E+001   0.6326790047E+000   0.9950176749E+000
 0.0505051   0.1248060697E+000   0.1020414317E+001   0.6292882068E+000   0.1018078062E+001
 0.0606061   0.1156973388E+000   0.9641657320E+000   0.6303306788E+000   0.9771936906E+000
 0.0707071   0.1084046974E+000   0.9783409448E+000   0.6275778255E+000   0.9620298602E+000
 0.0808081   0.9803244011E-001   0.9866680972E+000   0.6269132163E+000   0.9819171323E+000
 0.0909091   0.9126321037E-001   0.9670698709E+000   0.6310512198E+000   0.9809026506E+000
 0.1010101   0.8335490348E-001   0.9944969186E+000   0.6290962723E+000   0.9811295742E+000
 0.1111111   0.7873436666E-001   0.1001982352E+001   0.6302142332E+000   0.9797451500E+000
 0.1212121   0.7267446793E-001   0.9888268334E+000   0.6329087367E+000   0.9811410157E+000
 0.1313131   0.6925426918E-001   0.9370129757E+000   0.6401852744E+000   0.1006346688E+001
 0.1414141   0.6652799774E-001   0.9826249161E+000   0.6471648002E+000   0.1008585413E+001
 0.1515152   0.6470785166E-001   0.9528841889E+000   0.6489351190E+000   0.9851302930E+000
 0.1616162   0.6396481913E-001   0.9463305085E+000   0.6606924100E+000   0.1016304626E+001
 0.1717172   0.6443373663E-001   0.9702127061E+000   0.6663748413E+000   0.9922068743E+000
 0.1818182   0.6381443813E-001   0.9708785433E+000   0.6659009918E+000   0.9789232674E+000
 0.1919192   0.6636236555E-001   0.9755812800E+000   0.6744993190E+000   0.1006026326E+001
 0.2020202   0.6824111049E-001   0.9793543574E+000   0.6779822287E+000   0.9868922874E+000
 0.2121212   0.7140216820E-001   0.9524675172E+000   0.6868390392E+000   0.9851016892E+000
 0.2222222   0.7462949374E-001   0.9769234235E+000   0.7010223555E+000   0.9939669618E+000
 0.2323232   0.7930178441E-001   0.9656607249E+000   0.7230466419E+000   0.1024942975E+001
 0.2424242   0.8362840711E-001   0.9842371633E+000   0.7229609946E+000   0.1026001316E+001
 0.2525253   0.9094394452E-001   0.9687156194E+000   0.7363618777E+000   0.9920333446E+000
 0.2626263   0.9593231371E-001   0.9670112437E+000   0.7521203189E+000   0.1014058274E+001
 0.2727273   0.1034360481E+000   0.9580705998E+000   0.7468652259E+000   0.9950500925E+000
 0.2828283   0.1115663022E+000   0.9813267430E+000   0.7678198555E+000   0.1000044317E+001
 0.2929293   0.1212901158E+000   0.9449402070E+000   0.7877510057E+000   0.1023451764E+001
 0.3030303   0.1335966752E+000   0.1001890224E+001   0.7932283249E+000   0.1016426669E+001
 0.3131313   0.1448937017E+000   0.9952527903E+000   0.8190571142E+000   0.1033974150E+001
 0.3232323   0.1591639711E+000   0.9673190363E+000   0.8266360040E+000   0.1002153371E+001
 0.3333333   0.1742463736E+000   0.9715736940E+000   0.8452605782E+000   0.1020665753E+001
 0.3434343   0.1901184159E+000   0.9951334421E+000   0.8545436414E+000   0.1023165726E+001
 0.3535354   0.2095953873E+000   0.9642536727E+000   0.8666196328E+000   0.9839994893E+000
 0.3636364   0.2347928520E+000   0.9778593645E+000   0.8833717991E+000   0.1012136099E+001
 0.3737374   0.2587797354E+000   0.9933118121E+000   0.8956066205E+000   0.1002010352E+001
 0.3838384   0.2879268152E+000   0.9933830023E+000   0.9152271348E+000   0.1008976332E+001
 0.3939394   0.3206121668E+000   0.1017702810E+001   0.9350572814E+000   0.1027608850E+001
 0.4040404   0.3558715485E+000   0.9907322165E+000   0.9590310346E+000   0.1014405334E+001
 0.4141414   0.3933804819E+000   0.9980333934E+000   0.9831778734E+000   0.1005486667E+001
 0.4242424   0.4402763360E+000   0.1022658900E+001   0.9858813314E+000   0.9910989536E+000
 0.4343434   0.4929863499E+000   0.1013423026E+001   0.1013722318E+001   0.1006590774E+001
 0.4444444   0.5393717433E+000   0.9864733712E+000   0.1030564387E+001   0.1041226168E+001
 0.4545455   0.6061229011E+000   0.9954140150E+000   0.1053526480E+001   0.9863831397E+000
 0.4646465   0.6810558886E+000   0.1004233217E+001   0.1090390570E+001   0.1045453810E+001
 0.4747475   0.7598662568E+000   0.1002227330E+001   0.1094496643E+001   0.1027170258E+001
 0.4848485   0.8594525621E+000   0.1003464782E+001   0.1116483615E+001   0.1005915724E+001
 0.4949495   0.9672133392E+000   0.1041396563E+001   0.1149454545E+001   0.1025549376E+001
 0.5050505   0.1001647960E+001   0.9898067447E+000   0.1160966632E+001   0.1028114184E+001
 0.5151515   0.1028883229E+001   0.1003238649E+001   0.1165289217E+001   0.9987361695E+000
 0.5252525   0.1028203560E+001   0.1045234549E+001   0.1166158787E+001   0.1020619987E+001
 0.5353535   0.1023781465E+001   0.9975392501E+000   0.1170700617E+001   0.1015156660E+001
 0.5454545   0.1035346009E+001   0.9865110601E+000   0.1150157214E+001   0.1002853210E+001
 0.5555556   0.1036816046E+001   0.1021367008E+001   0.1160323262E+001   0.1022750017E+001
 0.5656566   0.1038081490E+001   0.9896685521E+000   0.1153995800E+001   0.9999737608E+000
 0.5757576   0.1053522836E+001   0.9895094212E+000   0.1167881527E+001   0.9862458414E+000
 0.5858586   0.1063532578E+001   0.9979496403E+000   0.1169854619E+001   0.1008181146E+001
 0.5959596   0.1079308503E+001   0.1006237010E+001   0.1156659767E+001   0.9945809901E+000
 0.6060606   0.1082794172E+001   0.1008881514E+001   0.1154499247E+001   0.9978914038E+000
 0.6161616   0.1095922714E+001   0.9964588350E+000   0.1165182554E+001   0.1003722766E+001
 0.6262626   0.1118349690E+001   0.1024738071E+001   0.1170713960E+001   0.9939803102E+000
 0.6363636   0.1151222345E+001   0.1044219043E+001   0.1178018896E+001   0.9856546961E+000
 0.6464646   0.1146770481E+001   0.1018397961E+001   0.1169238515E+001   0.9995294483E+000
 0.6565657   0.1174021377E+001   0.1032962625E+001   0.1179248710E+001   0.1009399668E+001
 0.6666667   0.1190711610E+001   0.1015493822E+001   0.1177033917E+001   0.1022217986E+001
 0.6767677   0.1219566800E+001   0.9887305174E+000   0.1187702342E+001   0.1026897569E+001
 0.6868687   0.1239567173E+001   0.1036099179E+001   0.1176715954E+001   0.9912438795E+000
 0.6969697   0.1276569183E+001   0.1022252697E+001   0.1169095652E+001   0.9855898608E+000
 0.7070707   0.1297448288E+001   0.1010929278E+001   0.1181561476E+001   0.1011154035E+001
 0.7171717   0.1318368337E+001   0.1017740499E+001   0.1185912206E+001   0.1000879548E+001
 0.7272727   0.1355125118E+001   0.1012170917E+001   0.1188466964E+001   0.9968273422E+000
 0.7373737   0.1401490406E+001   0.1019899235E+001   0.1195598200E+001   0.9896325319E+000
 0.7474747   0.1429049362E+001   0.1007484931E+001   0.1197108578E+001   0.9891786848E+000
 0.7575758   0.1475266114E+001   0.1013464903E+001   0.1209739926E+001   0.1005442808E+001
 0.7676768   0.1514910683E+001   0.1026568076E+001   0.1203544436E+001   0.1023154284E+001
 0.7777778   0.1568742678E+001   0.9975664698E+000   0.1210132031E+001   0.9949661880E+000
 0.7878788   0.1608331607E+001   0.1002696347E+001   0.1205876599E+001   0.9955058465E+000
 0.7979798   0.1673678359E+001   0.9976230032E+000   0.1217799220E+001   0.9798652860E+000
 0.8080808   0.1727110829E+001   0.1013875293E+001   0.1226299977E+001   0.1000890989E+001
 0.8181818   0.1793529635E+001   0.1001389799E+001   0.1238404202E+001   0.9981412103E+000
 0.8282828   0.1851599321E+001   0.1030290901E+001   0.1221163639E+001   0.9951988323E+000
 0.8383838   0.1927004219E+001   0.1006408704E+001   0.1235646026E+001   0.9784408165E+000
 0.8484848   0.1999711915E+001   0.1015039461E+001   0.1245171579E+001   0.9898365724E+000
 0.8585859   0.2055979156E+001   0.1020824707E+001   0.1245188648E+001   0.9859369203E+000
 0.8686869   0.2138254262E+001   0.9862032674E+000   0.1240488826E+001   0.9690187232E+000
 0.8787879   0.2231501040E+001   0.1020743047E+001   0.1260545706E+001   0.9933319573E+000
 0.8888889   0.2326678081E+001   0.1021293724E+001   0.1261246413E+001   0.1003959224E+001
 0.8989899   0.2467953995E+001   0.1025514881E+001   0.1276340785E+001   0.1000175894E+001
 0.9090909   0.2543391198E+001   0.1007958136E+001   0.1271744082E+001   0.9843007827E+000
 0.9191919   0.2655124695E+001   0.1026689518E+001   0.1276029079E+001   0.9961275025E+000
 0.9292929   0.2802138021E+001   0.1011810779E+001   0.1287611787E+001   0.9866005286E+000
 0.9393939   0.2895224667E+001   0.1009698107E+001   0.1289488455E+001   0.9969188744E+000
 0.9494949   0.3063618568E+001   0.1023722564E+001   0.1294496624E+001   0.9884597759E+000
 0.9595960   0.3224954845E+001   0.1038869313E+001   0.1306396513E+001   0.9988105394E+000
 0.9696970   0.3373799634E+001   0.1012794878E+001   0.1308524434E+001   0.9768523519E+000
 0.9797980   0.3521638139E+001   0.1021371196E+001   0.1301852242E+001   0.9789499642E+000
 0.9898990   0.3781268079E+001   0.1067538000E+001   0.1343364992E+001   0.1029269778E+001
 1.0000000   0.3844832171E+001   0.1025351562E+001   0.1338527367E+001   0.9968883637E+000


 0.0000000   0.1057370585E+001   0.1068014882E+001   0.8486131411E+000   0.1005128527E+001
 0.0101010   0.1067654714E+001   0.1044488597E+001   0.8437701712E+000   0.9883129110E+000
 0.0202020   0.1040505126E+001   0.1032862223E+001   0.8420036578E+000   0.9886107995E+000
 0.0303030   0.1021300523E+001   0.1029543734E+001   0.8426305916E+000   0.9910542392E+000
 0.0404040   0.9986153110E+000   0.1049916924E+001   0.8439161682E+000   0.1003316687E+001
 0.0505051   0.9537424849E+000   0.1020631524E+001   0.8307306201E+000   0.9620233098E+000
 0.0606061   0.8981398720E+000   0.1044265951E+001   0.8362980966E+000   0.9933543908E+000
 0.0707071   0.8429618501E+000   0.1035500051E+001   0.8331529991E+000   0.1003976566E+001
 0.0808081   0.7904164061E+000   0.1043973330E+001   0.8300942318E+000   0.9979961721E+000
 0.0909091   0.7329195405E+000   0.1057688338E+001   0.8229935329E+000   0.9985900637E+000
 0.1010101   0.6673414507E+000   0.1007154005E+001   0.8174903954E+000   0.9690312306E+000
 0.1111111   0.6251723934E+000   0.1050285881E+001   0.8243559458E+000   0.9854603460E+000
 0.1212121   0.5759368527E+000   0.1054068746E+001   0.8228492491E+000   0.1011970536E+001
 0.1313131   0.5252700762E+000   0.1045230751E+001   0.8270741878E+000   0.9940482070E+000
 0.1414141   0.4881533552E+000   0.1018559853E+001   0.8279869966E+000   0.9899475269E+000
 0.1515152   0.4623203588E+000   0.1034115403E+001   0.8330495379E+000   0.1014436600E+001
 0.1616162   0.4304305009E+000   0.1020968674E+001   0.8235782284E+000   0.9866405877E+000
 0.1717172   0.4120269355E+000   0.1018744332E+001   0.8275078058E+000   0.9925757329E+000
 0.1818182   0.3948129466E+000   0.9908563010E+000   0.8219841655E+000   0.9906507700E+000
 0.1919192   0.3881772413E+000   0.9927943834E+000   0.8264565048E+000   0.9628434459E+000
 0.2020202   0.3849547645E+000   0.1044740930E+001   0.8417710910E+000   0.9982073335E+000
 0.2121212   0.3847023111E+000   0.1022656544E+001   0.8456256029E+000   0.9903849328E+000
 0.2222222   0.3829355405E+000   0.1007215498E+001   0.8477137190E+000   0.9812352315E+000
 0.2323232   0.3869497840E+000   0.1015671814E+001   0.8587775994E+000   0.1017594595E+001
 0.2424242   0.3916072975E+000   0.1026780800E+001   0.8611777531E+000   0.1008867216E+001
 0.2525253   0.4078938192E+000   0.1033926684E+001   0.8726624394E+000   0.9942574831E+000
 0.2626263   0.4135126900E+000   0.1000483100E+001   0.8675940782E+000   0.9699720303E+000
 0.2727273   0.4286239619E+000   0.1018721007E+001   0.8841456618E+000   0.1013262014E+001
 0.2828283   0.4414906396E+000   0.1019885129E+001   0.8775574651E+000   0.9791160755E+000
 0.2929293   0.4570254693E+000   0.1001999215E+001   0.8910039446E+000   0.9935636669E+000
 0.3030303   0.4678173281E+000   0.1007296075E+001   0.8960804863E+000   0.1000588556E+001
 0.3131313   0.4908154543E+000   0.1045311328E+001   0.9086311992E+000   0.1001727320E+001
 0.3232323   0.5120082701E+000   0.1008829153E+001   0.9212514259E+000   0.1023703194E+001
 0.3333333   0.5345959474E+000   0.1022346960E+001   0.9301732866E+000   0.1011610430E+001
 0.3434343   0.5647188893E+000   0.1026227365E+001   0.9319839268E+000   0.9899852343E+000
 0.3535354   0.5842721699E+000   0.1005466135E+001   0.9387164040E+000   0.1004655299E+001
 0.3636364   0.6169620161E+000   0.1002535686E+001   0.9604424624E+000   0.1003356279E+001
 0.3737374   0.6490598954E+000   0.1010898703E+001   0.9678647103E+000   0.1010403793E+001
 0.3838384   0.6841630079E+000   0.1021530590E+001   0.9787085634E+000   0.1009078378E+001
 0.3939394   0.7289923898E+000   0.1037794367E+001   0.9758587364E+000   0.9849362131E+000
 0.4040404   0.7562644609E+000   0.9797388326E+000   0.9941700743E+000   0.9996798076E+000
 0.4141414   0.8114540734E+000   0.1033534403E+001   0.1004896925E+001   0.1006423777E+001
 0.4242424   0.8430740421E+000   0.1013441111E+001   0.1018165636E+001   0.9926058988E+000
 0.4343434   0.9021224386E+000   0.1049299876E+001   0.1024892497E+001   0.9821854581E+000
 0.4444444   0.9532058880E+000   0.1006278263E+001   0.1040158324E+001   0.9795402838E+000
 0.4545455   0.9977155151E+000   0.9750844661E+000   0.1041662753E+001   0.1008373249E+001
 0.4646465   0.1062425415E+001   0.9872091437E+000   0.1064046688E+001   0.1001785766E+001
 0.4747475   0.1131803778E+001   0.9922833573E+000   0.1059263844E+001   0.9971930044E+000
 0.4848485   0.1197479308E+001   0.9883308566E+000   0.1081314668E+001   0.9998344079E+000
 0.4949495   0.1274864721E+001   0.9844228852E+000   0.1086882958E+001   0.1022204325E+001
 0.5050505   0.1317740481E+001   0.9976183851E+000   0.1098949116E+001   0.9952491878E+000
 0.5151515   0.1322245499E+001   0.1002361810E+001   0.1101335189E+001   0.9998985105E+000
 0.5252525   0.1323345998E+001   0.1017754086E+001   0.1106411621E+001   0.9917461701E+000
 0.5353535   0.1328817468E+001   0.1005542470E+001   0.1098786717E+001   0.1019734490E+001
 0.5454545   0.1297969339E+001   0.9789373062E+000   0.1096157231E+001   0.1001323850E+001
 0.5555556   0.1325176762E+001   0.1016197683E+001   0.1099682208E+001   0.9787748235E+000
 0.5656566   0.1326446856E+001   0.9919016781E+000   0.1111245146E+001   0.9882111010E+000
 0.5757576   0.1332980475E+001   0.9959983687E+000   0.1091641218E+001   0.1015650778E+001
 0.5858586   0.1323419985E+001   0.9949148237E+000   0.1089029577E+001   0.1004875888E+001
 0.5959596   0.1322848186E+001   0.9848384915E+000   0.1088394422E+001   0.9965595200E+000
 0.6060606   0.1312483704E+001   0.9826904855E+000   0.1101054647E+001   0.1009892858E+001
 0.6161616   0.1309850499E+001   0.9688185651E+000   0.1103821827E+001   0.9891123080E+000
 0.6262626   0.1304764681E+001   0.9748427360E+000   0.1110883520E+001   0.1014197158E+001
 0.6363636   0.1320024260E+001   0.9856675836E+000   0.1101174670E+001   0.1006122117E+001
 0.6464646   0.1310786185E+001   0.1010981400E+001   0.1103618361E+001   0.1029611944E+001
 0.6565657   0.1310869700E+001   0.9907523994E+000   0.1098453626E+001   0.9853132871E+000
 0.6666667   0.1328163744E+001   0.1008301163E+001   0.1087409341E+001   0.9805923203E+000
 0.6767677   0.1321841227E+001   0.9782290791E+000   0.1096328849E+001   0.1028418505E+001
 0.6868687   0.1314592103E+001   0.9803495194E+000   0.1097969646E+001   0.1008708845E+001
 0.6969697   0.1320042478E+001   0.9705106764E+000   0.1098694404E+001   0.9761692420E+000
 0.7070707   0.1319393391E+001   0.9722770032E+000   0.1089130914E+001   0.9835334977E+000
 0.7171717   0.1327781335E+001   0.9840730125E+000   0.1098343657E+001   0.1003250699E+001
 0.7272727   0.1315677608E+001   0.9820607147E+000   0.1095801966E+001   0.1006972419E+001
 0.7373737   0.1315405643E+001   0.9774360344E+000   0.1092377503E+001   0.1003311030E+001
 0.7474747   0.1313517991E+001   0.9711976991E+000   0.1099144387E+001   0.1018026344E+001
 0.7575758   0.1316614362E+001   0.9698575808E+000   0.1102939450E+001   0.1008656055E+001
 0.7676768   0.1319672794E+001   0.9694737811E+000   0.1095674614E+001   0.1003018798E+001
 0.7777778   0.1307504153E+001   0.9644865056E+000   0.1088485752E+001   0.9966537885E+000
 0.7878788   0.1321517834E+001   0.9680954950E+000   0.1110232574E+001   0.1001007108E+001
 0.7979798   0.1307874734E+001   0.9715242469E+000   0.1098067908E+001   0.1017786902E+001
 0.8080808   0.1316439656E+001   0.9657905764E+000   0.1106103336E+001   0.1010181319E+001
 0.8181818   0.1323258703E+001   0.9792108429E+000   0.1104033902E+001   0.1011178680E+001
 0.8282828   0.1316079268E+001   0.9680340022E+000   0.1106184937E+001   0.1014787278E+001
 0.8383838   0.1318192760E+001   0.9631315442E+000   0.1100906350E+001   0.9981847091E+000
 0.8484848   0.1305505413E+001   0.9578813341E+000   0.1095167951E+001   0.9943706053E+000
 0.8585859   0.1313840268E+001   0.9689903208E+000   0.1096411035E+001   0.1004114198E+001
 0.8686869   0.1320826499E+001   0.9593401970E+000   0.1102461384E+001   0.1005811031E+001
 0.8787879   0.1313512618E+001   0.9779300970E+000   0.1093012177E+001   0.1004042554E+001
 0.8888889   0.1317573369E+001   0.9828261936E+000   0.1101681746E+001   0.1015652663E+001
 0.8989899   0.1321436653E+001   0.9758160180E+000   0.1100856421E+001   0.1012142104E+001
 0.9090909   0.1303040149E+001   0.1000067494E+001   0.1098945037E+001   0.1021240900E+001
 0.9191919   0.1309756428E+001   0.9720628387E+000   0.1089449710E+001   0.1013616464E+001
 0.9292929   0.1309415144E+001   0.9700569022E+000   0.1099592795E+001   0.1019606285E+001
 0.9393939   0.1298187608E+001   0.9609983813E+000   0.1094701215E+001   0.1001363443E+001
 0.9494949   0.1299917792E+001   0.9538397749E+000   0.1088928346E+001   0.9956922498E+000
 0.9595960   0.1312470601E+001   0.9800526577E+000   0.1107745352E+001   0.1028009379E+001
 0.9696970   0.1322372536E+001   0.9597027923E+000   0.1101299704E+001   0.9869516738E+000
 0.9797980   0.1315896681E+001   0.9764351866E+000   0.1080936164E+001   0.1002341950E+001
 0.9898990   0.1305240949E+001   0.9444250200E+000   0.1089922156E+001   0.9927246772E+000
 1.0000000   0.1300887622E+001   0.9661128833E+000   0.1090689066E+001   0.9993083897E+000


