#   100 bins for weightfunction of cd                      
 0.0000000    0.3146484375E+001    0.1556782532E+001
 0.0101010    0.3157788086E+001    0.1601763916E+001
 0.0202020    0.3159291077E+001    0.1575215149E+001
 0.0303030    0.3176380920E+001    0.1565338135E+001
 0.0404040    0.3243873596E+001    0.1578674316E+001
 0.0505051    0.3286628723E+001    0.1569958496E+001
 0.0606061    0.3385881042E+001    0.1605018616E+001
 0.0707071    0.3446746826E+001    0.1585731506E+001
 0.0808081    0.3530819702E+001    0.1599246216E+001
 0.0909091    0.3595022583E+001    0.1571730042E+001
 0.1010101    0.3716351318E+001    0.1597123718E+001
 0.1111111    0.3774154663E+001    0.1581274414E+001
 0.1212121    0.3834687805E+001    0.1571470642E+001
 0.1313131    0.3881317139E+001    0.1559707642E+001
 0.1414141    0.3918753052E+001    0.1556105042E+001
 0.1515152    0.3948269653E+001    0.1514227295E+001
 0.1616162    0.3980513000E+001    0.1559216309E+001
 0.1717172    0.3954293823E+001    0.1520753479E+001
 0.1818182    0.3949580383E+001    0.1516052246E+001
 0.1919192    0.3942303467E+001    0.1503715515E+001
 0.2020202    0.3911871338E+001    0.1461466980E+001
 0.2121212    0.3877745056E+001    0.1466851807E+001
 0.2222222    0.3808569336E+001    0.1465789795E+001
 0.2323232    0.3783923340E+001    0.1455451965E+001
 0.2424242    0.3722750854E+001    0.1417121887E+001
 0.2525253    0.3674731445E+001    0.1413780212E+001
 0.2626263    0.3569236755E+001    0.1394686890E+001
 0.2727273    0.3518925476E+001    0.1391108704E+001
 0.2828283    0.3456921387E+001    0.1353381348E+001
 0.2929293    0.3351423645E+001    0.1359606934E+001
 0.3030303    0.3292948914E+001    0.1334059143E+001
 0.3131313    0.3185952759E+001    0.1293719482E+001
 0.3232323    0.3115687561E+001    0.1285554504E+001
 0.3333333    0.3031001282E+001    0.1287988281E+001
 0.3434343    0.2936024475E+001    0.1242417908E+001
 0.3535354    0.2864414978E+001    0.1214578247E+001
 0.3636364    0.2722129822E+001    0.1178558350E+001
 0.3737374    0.2629508972E+001    0.1166088867E+001
 0.3838384    0.2550778198E+001    0.1159007263E+001
 0.3939394    0.2433113098E+001    0.1139830017E+001
 0.4040404    0.2331277466E+001    0.1117778015E+001
 0.4141414    0.2227035522E+001    0.1080923462E+001
 0.4242424    0.2146081543E+001    0.1074945068E+001
 0.4343434    0.2009669495E+001    0.1044482422E+001
 0.4444444    0.1901539612E+001    0.1038681030E+001
 0.4545455    0.1777101135E+001    0.9955780029E+000
 0.4646465    0.1675178528E+001    0.9624694824E+000
 0.4747475    0.1558215332E+001    0.9695632935E+000
 0.4848485    0.1448490906E+001    0.9165573120E+000
 0.4949495    0.1326016235E+001    0.9060806274E+000
 0.5050505    0.1288200378E+001    0.8769180298E+000
 0.5151515    0.1302392578E+001    0.8778747559E+000
 0.5252525    0.1267285156E+001    0.8957321167E+000
 0.5353535    0.1290542603E+001    0.8896224976E+000
 0.5454545    0.1283242798E+001    0.9118530273E+000
 0.5555556    0.1269601440E+001    0.9075424194E+000
 0.5656566    0.1243496704E+001    0.8807723999E+000
 0.5757576    0.1228932190E+001    0.9006515503E+000
 0.5858586    0.1229663086E+001    0.9209991455E+000
 0.5959596    0.1230267334E+001    0.8921905518E+000
 0.6060606    0.1222334290E+001    0.8953033447E+000
 0.6161616    0.1211166382E+001    0.9108673096E+000
 0.6262626    0.1183143616E+001    0.8911041260E+000
 0.6363636    0.1173072815E+001    0.8723022461E+000
 0.6464646    0.1158471680E+001    0.8821380615E+000
 0.6565657    0.1132757568E+001    0.8776733398E+000
 0.6666667    0.1120527649E+001    0.8663482666E+000
 0.6767677    0.1093841553E+001    0.8814178467E+000
 0.6868687    0.1092680359E+001    0.8494247437E+000
 0.6969697    0.1046307373E+001    0.8714065552E+000
 0.7070707    0.1050247192E+001    0.8675125122E+000
 0.7171717    0.1032824707E+001    0.8689147949E+000
 0.7272727    0.9755508423E+000    0.8556716919E+000
 0.7373737    0.9699707031E+000    0.8721618652E+000
 0.7474747    0.9430999756E+000    0.8644760132E+000
 0.7575758    0.8932830811E+000    0.8429580688E+000
 0.7676768    0.9035186768E+000    0.8675018311E+000
 0.7777778    0.8515945435E+000    0.8372161865E+000
 0.7878788    0.8231750488E+000    0.8443161011E+000
 0.7979798    0.7950210571E+000    0.8512924194E+000
 0.8080808    0.7649047852E+000    0.8410308838E+000
 0.8181818    0.7214889526E+000    0.8318267822E+000
 0.8282828    0.6975524902E+000    0.8300643921E+000
 0.8383838    0.6522659302E+000    0.8154495239E+000
 0.8484848    0.6224426270E+000    0.8340270996E+000
 0.8585859    0.5951858521E+000    0.8219131470E+000
 0.8686869    0.5373962402E+000    0.8027832031E+000
 0.8787879    0.5112594604E+000    0.8126510620E+000
 0.8888889    0.4563171387E+000    0.7801620483E+000
 0.8989899    0.4472900391E+000    0.8033843994E+000
 0.9090909    0.3927703857E+000    0.7968917847E+000
 0.9191919    0.3495590210E+000    0.7863250732E+000
 0.9292929    0.2898040771E+000    0.7742904663E+000
 0.9393939    0.2428237915E+000    0.7610412598E+000
 0.9494949    0.1957092285E+000    0.7598388672E+000
 0.9595960    0.1685272217E+000    0.7802032471E+000
 0.9696970    0.1038467407E+000    0.7577178955E+000
 0.9797980    0.5403747559E-001    0.7330612183E+000
 0.9898990    0.1923675537E-001    0.7523544312E+000
 1.0000000    0.0000000000E+000    0.7573211670E+000


#   100 bins for weightfunction of Ar                      
 0.0000000    0.1890930176E+001    0.3284851074E+000
 0.0101010    0.1887847900E+001    0.3279174805E+000
 0.0202020    0.1917785645E+001    0.3549133301E+000
 0.0303030    0.1921154785E+001    0.3458862305E+000
 0.0404040    0.1966088867E+001    0.3381225586E+000
 0.0505051    0.2005590820E+001    0.3464294434E+000
 0.0606061    0.2058978271E+001    0.3548217773E+000
 0.0707071    0.2086376953E+001    0.3186462402E+000
 0.0808081    0.2153350830E+001    0.3363647461E+000
 0.0909091    0.2237390137E+001    0.3233764648E+000
 0.1010101    0.2322467041E+001    0.3579589844E+000
 0.1111111    0.2350573730E+001    0.3520874023E+000
 0.1212121    0.2498681641E+001    0.3634826660E+000
 0.1313131    0.2558355713E+001    0.3609619141E+000
 0.1414141    0.2630291748E+001    0.3712707520E+000
 0.1515152    0.2732733154E+001    0.3663696289E+000
 0.1616162    0.2742474365E+001    0.3502807617E+000
 0.1717172    0.2776336670E+001    0.3658996582E+000
 0.1818182    0.2813562012E+001    0.3412170410E+000
 0.1919192    0.2845611572E+001    0.3324279785E+000
 0.2020202    0.2809240723E+001    0.3179138184E+000
 0.2121212    0.2825286865E+001    0.3429687500E+000
 0.2222222    0.2800775146E+001    0.3249389648E+000
 0.2323232    0.2840844727E+001    0.2821777344E+000
 0.2424242    0.2764282227E+001    0.3178527832E+000
 0.2525253    0.2801263428E+001    0.2688110352E+000
 0.2626263    0.2783697510E+001    0.3204467773E+000
 0.2727273    0.2758062744E+001    0.2868469238E+000
 0.2828283    0.2719964600E+001    0.2979919434E+000
 0.2929293    0.2653692627E+001    0.2521606445E+000
 0.3030303    0.2609387207E+001    0.2422180176E+000
 0.3131313    0.2584112549E+001    0.2629882812E+000
 0.3232323    0.2534863281E+001    0.2328063965E+000
 0.3333333    0.2528295898E+001    0.2365417480E+000
 0.3434343    0.2468975830E+001    0.2084411621E+000
 0.3535354    0.2388513184E+001    0.2177246094E+000
 0.3636364    0.2384790039E+001    0.2056335449E+000
 0.3737374    0.2274902344E+001    0.1614990234E+000
 0.3838384    0.2208721924E+001    0.1308166504E+000
 0.3939394    0.2177709961E+001    0.1293823242E+000
 0.4040404    0.2139581299E+001    0.1435180664E+000
 0.4141414    0.2126312256E+001    0.1560791016E+000
 0.4242424    0.2057897949E+001    0.1272033691E+000
 0.4343434    0.1958081055E+001    0.1416503906E+000
 0.4444444    0.1903668213E+001    0.1148254395E+000
 0.4545455    0.1896447754E+001    0.8488159180E-001
 0.4646465    0.1783367920E+001    0.8948364258E-001
 0.4747475    0.1754162598E+001    0.5921630859E-001
 0.4848485    0.1693646240E+001    0.6320190430E-001
 0.4949495    0.1627490234E+001    0.4097290039E-001
 0.5050505    0.1565039063E+001    0.1999511719E-001
 0.5151515    0.1577349854E+001    0.5750122070E-001
 0.5252525    0.1589459229E+001    0.6066284180E-001
 0.5353535    0.1600555420E+001    0.4013671875E-001
 0.5454545    0.1613244629E+001    0.5061645508E-001
 0.5555556    0.1592962646E+001    0.6004638672E-001
 0.5656566    0.1601971436E+001    0.1381835938E-001
 0.5757576    0.1585375977E+001    0.0000000000E+000
 0.5858586    0.1580175781E+001    0.4973754883E-001
 0.5959596    0.1607220459E+001    0.1093139648E-001
 0.6060606    0.1618713379E+001    0.5541381836E-001
 0.6161616    0.1583251953E+001    0.3459472656E-001
 0.6262626    0.1576635742E+001    0.4083251953E-001
 0.6363636    0.1533905029E+001    0.3937988281E-001
 0.6464646    0.1591571045E+001    0.6066284180E-001
 0.6565657    0.1576428223E+001    0.5546264648E-001
 0.6666667    0.1575390625E+001    0.4143676758E-001
 0.6767677    0.1574011230E+001    0.5961303711E-001
 0.6868687    0.1604852295E+001    0.5707397461E-001
 0.6969697    0.1576885986E+001    0.8513793945E-001
 0.7070707    0.1574670410E+001    0.4622802734E-001
 0.7171717    0.1583215332E+001    0.5276489258E-001
 0.7272727    0.1598626709E+001    0.4716186523E-001
 0.7373737    0.1584698486E+001    0.4741210938E-001
 0.7474747    0.1562890625E+001    0.4035644531E-001
 0.7575758    0.1586810303E+001    0.4665527344E-001
 0.7676768    0.1570758057E+001    0.2775268555E-001
 0.7777778    0.1586614990E+001    0.3493652344E-001
 0.7878788    0.1590844727E+001    0.4169921875E-001
 0.7979798    0.1577465820E+001    0.2760620117E-001
 0.8080808    0.1583203125E+001    0.3104858398E-001
 0.8181818    0.1593389893E+001    0.4373168945E-001
 0.8282828    0.1596417236E+001    0.3995971680E-001
 0.8383838    0.1565277100E+001    0.2424926758E-001
 0.8484848    0.1610101318E+001    0.6585693359E-001
 0.8585859    0.1573327637E+001    0.4719238281E-001
 0.8686869    0.1557550049E+001    0.3128051758E-001
 0.8787879    0.1590447998E+001    0.5071411133E-001
 0.8888889    0.1587670898E+001    0.5104370117E-001
 0.8989899    0.1566345215E+001    0.3661499023E-001
 0.9090909    0.1607177734E+001    0.8200683594E-001
 0.9191919    0.1544006348E+001    0.3076171875E-002
 0.9292929    0.1570367432E+001    0.3432617188E-001
 0.9393939    0.1562780762E+001    0.2545166016E-001
 0.9494949    0.1566973877E+001    0.1036376953E-001
 0.9595960    0.1577673340E+001    0.3285522461E-001
 0.9696970    0.1555957031E+001    0.2972412109E-001
 0.9797980    0.1554742432E+001    0.2976684570E-001
 0.9898990    0.1583520508E+001    0.3929443359E-001
 1.0000000    0.1558166504E+001    0.1262817383E-001


