Compiled using GNU Fortran (Ubuntu 9.4.0-1ubuntu1~20.04.2) 9.4.0 with all optimizations
Last Brick update unknown
Compiled at 18:43:37 on Sep  2 2023
Starting at 16:56:20 on Sep 11 2023

Settings
OK                      

Forcefield
OK                      

Topology
OK                      

Configuration
OK                      Read from ./INPUT/restart.in

 F
Monte Carlo Simulation initialized.

#########################################################################################################################
###########################################   ENERGY STARTING CONFIGURATION   ###########################################
#########################################################################################################################
                                               Box 1               Box 2
-------------------------------------------------------------------------------------------------------------------------
Lennard Jones        
 Intermolecular                         -0.4531918727E+006  -0.8222469845E+005
 Tailcorrection                         -0.1123668440E+005  -0.2000990985E+004
Total Intermolecular                    -0.4644285571E+006  -0.8422568944E+005

Electrostatic        
 Real                                   -0.1234893639E+006  -0.9225069843E+004
 Exclusion                               0.7725958167E+007   0.3026781232E+007
 Selfterm                               -0.7750773169E+007  -0.3029833382E+007
 Fourier                                 0.1228334967E+005   0.2970068650E+004
Total Intermolecular                    -0.1360210163E+006  -0.9307151899E+004

Intramolecular       
 Lennard Jones                           0.0000000000E+000   0.0000000000E+000
 Electrostatic                           0.0000000000E+000   0.0000000000E+000
 Bending                                 0.0000000000E+000   0.0000000000E+000
 Torsion                                 0.0000000000E+000   0.0000000000E+000

Total                                   -0.6004495734E+006  -0.9353284134E+005

#########################################################################################################################

Simulation is running...



#########################################################################################################################
###############################################   RELATIVE ENERGY DRIFTS   ##############################################
#########################################################################################################################
                                               Box 1               Box 2                                                 
-------------------------------------------------------------------------------------------------------------------------

Lennard Jones        
 Intermolecular                          0.7442143971E-014   0.8656591586E-015
 Tailcorrection                          0.0000000000E+000   0.0000000000E+000

Electrostatic        
 Real                                    0.7003638829E-014   0.2188781593E-014
 Exclusion                               0.0000000000E+000   0.2131277699E-015
 Selfterm                                0.0000000000E+000   0.0000000000E+000
 Fourier                                 0.2572201838E-015   0.4154119528E-015

Intramolecular       
 Lennard Jones                           0.0000000000E+000   0.0000000000E+000
 Electrostatic                           0.0000000000E+000   0.0000000000E+000
 Bending                                 0.0000000000E+000   0.0000000000E+000
 Torsion                                 0.0000000000E+000   0.0000000000E+000

Total                                    0.5304005536E-014   0.6249392915E-014

#########################################################################################################################
############################################   TRIAL MOVE ACCEPTANCE RATES   ############################################
#########################################################################################################################
                                               Box 1               Box 2
-------------------------------------------------------------------------------------------------------------------------
Translation
 CO2                                          0.52381             0.50269
 AR                                           0.52265             0.50653
-------------------------------------------------------------------------------------------------------------------------
Rotation
 CO2                                          0.51978             0.66179
 AR                                           0.00000             0.00000
-------------------------------------------------------------------------------------------------------------------------
Lambda Move
 cd                                           0.75237             0.92533
 Ar                                           0.83522             0.95755
-------------------------------------------------------------------------------------------------------------------------
GE Swap Fractional
 cd                                           0.32394             0.39733
 Ar                                           0.42157             0.48545
-------------------------------------------------------------------------------------------------------------------------
GE Identity Change
 cd                                           0.67856             0.85809
 Ar                                           0.81945             0.95860
-------------------------------------------------------------------------------------------------------------------------
Volume                                        0.51369             0.48608

#########################################################################################################################
######################################################   AVERAGES   #####################################################
#########################################################################################################################
                                                       Boltzmann                                    Biased
                                               Box 1               Box 2                  Box 1               Box 2      
-------------------------------------------------------------------------------------------------------------------------
Density
 CO2                                     0.8725031251E+003   0.8431726869E+002      0.8686073094E+003   0.8406789499E+002
 AR                                      0.1072669673E+003   0.1128428859E+003      0.1083021840E+003   0.1130341840E+003
 Total                                   0.9797700925E+003   0.1971601546E+003      0.9769094934E+003   0.1971020790E+003

Number of molecules
 CO2                                     0.4446610077E+003   0.2003389923E+003      0.4463988700E+003   0.1986011300E+003
 AR                                      0.6079133603E+002   0.2942086640E+003      0.6193634000E+002   0.2930636600E+003
 Total                                   0.5054523438E+003   0.4945476562E+003      0.5083352100E+003   0.4916647900E+003

Mole fractions
 CO2                                          0.87973             0.40510                 0.87816             0.40394
 AR                                           0.12027             0.59490                 0.12184             0.59606

Volume                                   0.3733640444E+005   0.1737123884E+006      0.3765993315E+005   0.1727401198E+006

#########################################################################################################################
#######################################   PROPERTIES FROM THE CFC GIBBS ENSEMBLE   ######################################
#########################################################################################################################
                                                       Boltzmann                                    Biased
                                               Box 1               Box 2                  Box 1               Box 2      
Chemical Potentials (as an indication)
=========================================================================================================================

Total cd                                -0.1931254029E+004  -0.1934299700E+004     -0.1932386229E+004  -0.1935049073E+004
 Ideal gas                              -0.1120270894E+004  -0.1711476118E+004     -0.1121403094E+004  -0.1712225491E+004
 Excess                                 -0.8109831350E+003  -0.2228235820E+003     -0.8109831350E+003  -0.2228235820E+003

-------------------------------------------------------------------------------------------------------------------------

Total Ar                                -0.1691858162E+004  -0.1687714112E+004     -0.1689428205E+004  -0.1687285574E+004
 Ideal gas                              -0.1626070319E+004  -0.1613249364E+004     -0.1623640363E+004  -0.1612820826E+004
 Excess                                 -0.6578784279E+002  -0.7446474776E+002     -0.6578784279E+002  -0.7446474776E+002

-------------------------------------------------------------------------------------------------------------------------

#########################################################################################################################
#########################################   PROPERTIES FROM UMBRELLA SAMPLING   #########################################
#########################################################################################################################

Excess Partial Molar Enthalpy
=========================================================================================================================


Partial Molar Volume
=========================================================================================================================


#########################################################################################################################
##################################################   AVERAGE ENERGIES   #################################################
#########################################################################################################################
                                                       Boltzmann                                    Biased
                                               Box 1               Box 2                  Box 1               Box 2      
-------------------------------------------------------------------------------------------------------------------------
Lennard Jones        
 Intermolecular                         -0.4780516923E+006  -0.7482542827E+005     -0.4791985899E+006  -0.7411302086E+005
 Tailcorrection                         -0.1177409246E+005  -0.1712190643E+004     -0.1180322896E+005  -0.1697200990E+004
Total Intermolecular                    -0.4898257847E+006  -0.7653761891E+005     -0.4910018189E+006  -0.7581022185E+005

Electrostatic        
 Real                                   -0.1310348831E+006  -0.9092115161E+004     -0.1309722879E+006  -0.8977010753E+004
 Exclusion                               0.8144320845E+007   0.2720915549E+007      0.8174383157E+007   0.2696638919E+007
 Selfterm                               -0.8170479992E+007  -0.2723659401E+007     -0.8200638716E+007  -0.2699358241E+007
 Fourier                                 0.1318220439E+005   0.2624904293E+004      0.1327856062E+005   0.2603566758E+004
Total Intermolecular                    -0.1440118260E+006  -0.9211062400E+004     -0.1439492866E+006  -0.9092766424E+004

Intramolecular       
 Lennard Jones                           0.0000000000E+000   0.0000000000E+000      0.0000000000E+000   0.0000000000E+000
 Electrostatic                           0.0000000000E+000   0.0000000000E+000      0.0000000000E+000   0.0000000000E+000
 Bending                                 0.0000000000E+000   0.0000000000E+000      0.0000000000E+000   0.0000000000E+000
 Torsion                                 0.0000000000E+000   0.0000000000E+000      0.0000000000E+000   0.0000000000E+000

Total                                   -0.6338376108E+006  -0.8574868131E+005     -0.6349511055E+006  -0.8490298828E+005

#########################################################################################################################

No errors found in bookkeeping.

Total simulation time:  16 hours and   8 minutes

Simulation finished.

