 0.0000000   0.1447234186E+000   0.9615033606E+000   0.6302194288E+000   0.1017314703E+001
 0.0101010   0.1474217060E+000   0.1003006984E+001   0.6383341616E+000   0.1055519043E+001
 0.0202020   0.1441377673E+000   0.9698648964E+000   0.6385748438E+000   0.1021051155E+001
 0.0303030   0.1401511411E+000   0.9780853944E+000   0.6387409180E+000   0.1028664394E+001
 0.0404040   0.1314370401E+000   0.9727424371E+000   0.6344603048E+000   0.1034394058E+001
 0.0505051   0.1238209159E+000   0.9395234196E+000   0.6284450938E+000   0.9944574435E+000
 0.0606061   0.1159775254E+000   0.9847508115E+000   0.6340603696E+000   0.1045006984E+001
 0.0707071   0.1069097135E+000   0.9798749279E+000   0.6314583185E+000   0.1044213207E+001
 0.0808081   0.9956628491E-001   0.9758177971E+000   0.6371458919E+000   0.1025213000E+001
 0.0909091   0.9053754139E-001   0.9798749279E+000   0.6334001534E+000   0.1035817155E+001
 0.1010101   0.8257400729E-001   0.9647911934E+000   0.6327043360E+000   0.1017553713E+001
 0.1111111   0.7721568445E-001   0.9704510282E+000   0.6333628051E+000   0.1014461931E+001
 0.1212121   0.7287408170E-001   0.9829301397E+000   0.6382226103E+000   0.1039358451E+001
 0.1313131   0.6897685045E-001   0.9936050644E+000   0.6420263022E+000   0.1019937236E+001
 0.1414141   0.6570301238E-001   0.9485956402E+000   0.6462777483E+000   0.1009295805E+001
 0.1515152   0.6452742099E-001   0.9624961212E+000   0.6526259580E+000   0.1032997274E+001
 0.1616162   0.6383423734E-001   0.9902055002E+000   0.6517154192E+000   0.1014367643E+001
 0.1717172   0.6368545574E-001   0.9764075922E+000   0.6622215097E+000   0.1025583576E+001
 0.1818182   0.6460900861E-001   0.9550687328E+000   0.6691857427E+000   0.1025758996E+001
 0.1919192   0.6652667884E-001   0.9598676866E+000   0.6755435044E+000   0.1004500253E+001
 0.2020202   0.6754453194E-001   0.9789517704E+000   0.6870279792E+000   0.1022862369E+001
 0.2121212   0.7123845899E-001   0.9827744485E+000   0.6980425541E+000   0.1034988294E+001
 0.2222222   0.7399404017E-001   0.9551181877E+000   0.6967854935E+000   0.1018003228E+001
 0.2323232   0.7843506941E-001   0.9654139584E+000   0.7097564856E+000   0.1013376518E+001
 0.2424242   0.8459367737E-001   0.9757610156E+000   0.7309740016E+000   0.1027315851E+001
 0.2525253   0.9018304702E-001   0.1001096561E+001   0.7347333717E+000   0.1013293194E+001
 0.2626263   0.9622624492E-001   0.9796880984E+000   0.7463007440E+000   0.1001697915E+001
 0.2727273   0.1032324083E+000   0.9827231619E+000   0.7526957210E+000   0.1026245787E+001
 0.2828283   0.1124309125E+000   0.9865934632E+000   0.7753090675E+000   0.1036163610E+001
 0.2929293   0.1206246817E+000   0.9695938105E+000   0.7801173876E+000   0.1013676925E+001
 0.3030303   0.1329999866E+000   0.9957572669E+000   0.7852379140E+000   0.1007296014E+001
 0.3131313   0.1454874725E+000   0.9780359395E+000   0.8065530336E+000   0.1006149204E+001
 0.3232323   0.1615158750E+000   0.1004930229E+001   0.8082082182E+000   0.1001820709E+001
 0.3333333   0.1770545989E+000   0.1023451993E+001   0.8393936212E+000   0.1020331932E+001
 0.3434343   0.1907851401E+000   0.9876466687E+000   0.8560472924E+000   0.1019715768E+001
 0.3535354   0.2102812694E+000   0.1002424516E+001   0.8657912439E+000   0.1013446686E+001
 0.3636364   0.2319261124E+000   0.9865513350E+000   0.8866148579E+000   0.1022430396E+001
 0.3737374   0.2585489732E+000   0.1008441525E+001   0.8959272943E+000   0.9950472941E+000
 0.3838384   0.2877565964E+000   0.1001620416E+001   0.9117942793E+000   0.1000154216E+001
 0.3939394   0.3166756470E+000   0.9994590553E+000   0.9295809894E+000   0.9974965994E+000
 0.4040404   0.3532075736E+000   0.1000719239E+001   0.9433771188E+000   0.9855548653E+000
 0.4141414   0.3905660695E+000   0.9763654640E+000   0.9630795318E+000   0.9910126281E+000
 0.4242424   0.4327931813E+000   0.9968251257E+000   0.9919208270E+000   0.1008517377E+001
 0.4343434   0.4842259622E+000   0.9893537775E+000   0.1016557059E+001   0.1000996234E+001
 0.4444444   0.5419315739E+000   0.1006302144E+001   0.1025583690E+001   0.1003653850E+001
 0.4545455   0.6111417783E+000   0.1009236466E+001   0.1058059002E+001   0.1003401684E+001
 0.4646465   0.6854330669E+000   0.1018660365E+001   0.1069562276E+001   0.9908898340E+000
 0.4747475   0.7576088974E+000   0.1013344883E+001   0.1103414434E+001   0.9993977165E+000
 0.4848485   0.8527723691E+000   0.1009141219E+001   0.1105710840E+001   0.9969813024E+000
 0.4949495   0.9545143487E+000   0.1016222424E+001   0.1140066025E+001   0.9980140892E+000
 0.5050505   0.1027421101E+001   0.1032275107E+001   0.1148677811E+001   0.9798580925E+000
 0.5151515   0.1008282215E+001   0.9918961240E+000   0.1162935432E+001   0.1006261034E+001
 0.5252525   0.1023491544E+001   0.1029961718E+001   0.1160192721E+001   0.9973606487E+000
 0.5353535   0.1026996753E+001   0.1022069088E+001   0.1156549357E+001   0.9875020302E+000
 0.5454545   0.1026062020E+001   0.1013615969E+001   0.1150885083E+001   0.9874801027E+000
 0.5555556   0.1035680470E+001   0.1012238559E+001   0.1164346927E+001   0.1003309588E+001
 0.5656566   0.1048008769E+001   0.1024664553E+001   0.1153660458E+001   0.9903131399E+000
 0.5757576   0.1052921619E+001   0.1019788669E+001   0.1165414582E+001   0.1010951333E+001
 0.5858586   0.1070363094E+001   0.1013674582E+001   0.1152090911E+001   0.9931198640E+000
 0.5959596   0.1074239301E+001   0.1007415794E+001   0.1151791478E+001   0.9693043712E+000
 0.6060606   0.1087918417E+001   0.1006457835E+001   0.1164402076E+001   0.9793011331E+000
 0.6161616   0.1099370918E+001   0.9921324083E+000   0.1177252704E+001   0.1002914893E+001
 0.6262626   0.1122134704E+001   0.1012218411E+001   0.1158283862E+001   0.9705279275E+000
 0.6363636   0.1148832628E+001   0.1041318021E+001   0.1156083824E+001   0.9759111367E+000
 0.6464646   0.1153648334E+001   0.1043169831E+001   0.1178212537E+001   0.9963607533E+000
 0.6565657   0.1163391494E+001   0.1006003583E+001   0.1171905697E+001   0.9920410294E+000
 0.6666667   0.1202083494E+001   0.1011885049E+001   0.1167582809E+001   0.1003638501E+001
 0.6767677   0.1216392906E+001   0.1012300836E+001   0.1166064872E+001   0.9800159707E+000
 0.6868687   0.1252477696E+001   0.1023961195E+001   0.1181157630E+001   0.9958016012E+000
 0.6969697   0.1270396335E+001   0.1024072926E+001   0.1180802870E+001   0.9922011004E+000
 0.7070707   0.1299244465E+001   0.1026977941E+001   0.1183257905E+001   0.9816868487E+000
 0.7171717   0.1333640368E+001   0.1023241351E+001   0.1209947069E+001   0.1007587650E+001
 0.7272727   0.1364629747E+001   0.1018883828E+001   0.1195978953E+001   0.9951064984E+000
 0.7373737   0.1398722097E+001   0.1022426262E+001   0.1195064753E+001   0.9742731500E+000
 0.7474747   0.1431766867E+001   0.1016733457E+001   0.1203728326E+001   0.9796739012E+000
 0.7575758   0.1474969251E+001   0.1007569654E+001   0.1208726477E+001   0.9853597103E+000
 0.7676768   0.1520415240E+001   0.1022479380E+001   0.1205765736E+001   0.9810027097E+000
 0.7777778   0.1552115036E+001   0.1004584045E+001   0.1211214195E+001   0.9923085453E+000
 0.7878788   0.1611091964E+001   0.9973379910E+000   0.1229341272E+001   0.9840703714E+000
 0.7979798   0.1664587299E+001   0.9962829539E+000   0.1213873629E+001   0.9710958506E+000
 0.8080808   0.1727585653E+001   0.1020644055E+001   0.1226768602E+001   0.9833379918E+000
 0.8181818   0.1782417182E+001   0.1014727788E+001   0.1224317599E+001   0.9773430045E+000
 0.8282828   0.1855240257E+001   0.1023915403E+001   0.1231281641E+001   0.9909907006E+000
 0.8383838   0.1917379318E+001   0.1019288625E+001   0.1237099829E+001   0.9831669571E+000
 0.8484848   0.1989815862E+001   0.1034822949E+001   0.1246532830E+001   0.9998910859E+000
 0.8585859   0.2066729030E+001   0.1017700575E+001   0.1241791697E+001   0.9795818056E+000
 0.8686869   0.2144139082E+001   0.1012722118E+001   0.1267305922E+001   0.9912933005E+000
 0.8787879   0.2214459801E+001   0.1011361193E+001   0.1251589475E+001   0.9791103636E+000
 0.8888889   0.2323578839E+001   0.1012264203E+001   0.1250318556E+001   0.9717624476E+000
 0.8989899   0.2432488867E+001   0.1020651382E+001   0.1272280921E+001   0.9942315899E+000
 0.9090909   0.2571201010E+001   0.1013716710E+001   0.1283396167E+001   0.9816079095E+000
 0.9191919   0.2627882605E+001   0.1003267080E+001   0.1274477367E+001   0.9711638259E+000
 0.9292929   0.2782711165E+001   0.1003179160E+001   0.1294440089E+001   0.9726834039E+000
 0.9393939   0.2918214780E+001   0.1006805851E+001   0.1293511598E+001   0.9683351743E+000
 0.9494949   0.3052462477E+001   0.9873096429E+000   0.1294075036E+001   0.9479184490E+000
 0.9595960   0.3220492755E+001   0.1019601840E+001   0.1307951532E+001   0.9750449991E+000
 0.9696970   0.3391140019E+001   0.9975925920E+000   0.1328294858E+001   0.9644013750E+000
 0.9797980   0.3569411794E+001   0.1007745493E+001   0.1323370825E+001   0.9670524136E+000
 0.9898990   0.3742580123E+001   0.1021858447E+001   0.1323313650E+001   0.9766106249E+000
 1.0000000   0.3897834179E+001   0.1021519589E+001   0.1339742079E+001   0.9827349847E+000


 0.0000000   0.1050696098E+001   0.9070997787E+000   0.8487786267E+000   0.9935333678E+000
 0.0101010   0.1040093701E+001   0.8967756668E+000   0.8392426461E+000   0.9749567643E+000
 0.0202020   0.1036202607E+001   0.9156339297E+000   0.8503584026E+000   0.9994217228E+000
 0.0303030   0.1009772852E+001   0.9271218699E+000   0.8408129780E+000   0.1013621568E+001
 0.0404040   0.9704511803E+000   0.9286288329E+000   0.8433264261E+000   0.1026946519E+001
 0.0505051   0.9489254000E+000   0.9433500224E+000   0.8472792641E+000   0.1028077926E+001
 0.0606061   0.8959913682E+000   0.9294672137E+000   0.8369726904E+000   0.1009366195E+001
 0.0707071   0.8397892049E+000   0.9221817903E+000   0.8375482658E+000   0.1017572331E+001
 0.0808081   0.7838516468E+000   0.9186177873E+000   0.8365704918E+000   0.9983407023E+000
 0.0909091   0.7165348516E+000   0.9190122154E+000   0.8249125139E+000   0.9909132674E+000
 0.1010101   0.6722972333E+000   0.9441211912E+000   0.8289339496E+000   0.9975734526E+000
 0.1111111   0.6122838753E+000   0.9459076146E+000   0.8287157262E+000   0.1019603825E+001
 0.1212121   0.5688441462E+000   0.9388821953E+000   0.8339236144E+000   0.1006730062E+001
 0.1313131   0.5167552801E+000   0.9396993513E+000   0.8330094179E+000   0.9955877647E+000
 0.1414141   0.4914951880E+000   0.9667574742E+000   0.8315565588E+000   0.1021202452E+001
 0.1515152   0.4547464575E+000   0.9422834746E+000   0.8292363771E+000   0.1007772148E+001
 0.1616162   0.4250504406E+000   0.9598647101E+000   0.8273108392E+000   0.1017283753E+001
 0.1717172   0.4118803244E+000   0.9644651923E+000   0.8414844086E+000   0.1027244257E+001
 0.1818182   0.3961723357E+000   0.9727941700E+000   0.8206896709E+000   0.9900223416E+000
 0.1919192   0.3878111949E+000   0.9637134796E+000   0.8356433619E+000   0.1003383938E+001
 0.2020202   0.3854735961E+000   0.9949086758E+000   0.8491978806E+000   0.1026069335E+001
 0.2121212   0.3793718680E+000   0.1006400153E+001   0.8443266981E+000   0.1001228768E+001
 0.2222222   0.3857961680E+000   0.9837921703E+000   0.8429730256E+000   0.9789602045E+000
 0.2323232   0.3862466533E+000   0.9809498116E+000   0.8579522706E+000   0.9853386831E+000
 0.2424242   0.3912559876E+000   0.9969144224E+000   0.8632704860E+000   0.9919988684E+000
 0.2525253   0.4092876492E+000   0.1016572154E+001   0.8721326322E+000   0.9839164084E+000
 0.2626263   0.4196047097E+000   0.9944488045E+000   0.8722728057E+000   0.9882381998E+000
 0.2727273   0.4209497632E+000   0.9925438758E+000   0.8858510257E+000   0.1010758696E+001
 0.2828283   0.4337864322E+000   0.9837373395E+000   0.8845010487E+000   0.1002584624E+001
 0.2929293   0.4524676572E+000   0.9932708263E+000   0.9031136529E+000   0.1029944518E+001
 0.3030303   0.4721827947E+000   0.1008586311E+001   0.9033935322E+000   0.9892298987E+000
 0.3131313   0.4902310400E+000   0.1013204481E+001   0.9205349497E+000   0.1013227636E+001
 0.3232323   0.5120318662E+000   0.1007744393E+001   0.9228046268E+000   0.1000679096E+001
 0.3333333   0.5278150118E+000   0.9816042439E+000   0.9268136251E+000   0.1001018060E+001
 0.3434343   0.5624198519E+000   0.1017437066E+001   0.9453978676E+000   0.1019044992E+001
 0.3535354   0.5876481658E+000   0.1029538757E+001   0.9482643838E+000   0.9926859577E+000
 0.3636364   0.6121491049E+000   0.9934070190E+000   0.9626728069E+000   0.1015898123E+001
 0.3737374   0.6358889629E+000   0.1015785066E+001   0.9671611569E+000   0.1007746954E+001
 0.3838384   0.6845492593E+000   0.1029961485E+001   0.9725225251E+000   0.1000356164E+001
 0.3939394   0.7150257793E+000   0.1011451663E+001   0.9818086880E+000   0.9927546666E+000
 0.4040404   0.7676634859E+000   0.1036003487E+001   0.9870186539E+000   0.9837034107E+000
 0.4141414   0.7943355737E+000   0.1020351943E+001   0.9891018701E+000   0.9864311551E+000
 0.4242424   0.8379341076E+000   0.9898182537E+000   0.1004645089E+001   0.9977749988E+000
 0.4343434   0.8919964705E+000   0.1014959067E+001   0.1025245901E+001   0.1018149486E+001
 0.4444444   0.9483967132E+000   0.1036902005E+001   0.1040371570E+001   0.1017922746E+001
 0.4545455   0.1001007074E+001   0.1023871727E+001   0.1047028193E+001   0.1008230207E+001
 0.4646465   0.1070335937E+001   0.1022697287E+001   0.1042291923E+001   0.9880939111E+000
 0.4747475   0.1140559146E+001   0.1004848972E+001   0.1084511525E+001   0.9980475442E+000
 0.4848485   0.1205744718E+001   0.1014032249E+001   0.1079002719E+001   0.1008001177E+001
 0.4949495   0.1269921085E+001   0.9882900658E+000   0.1097873885E+001   0.1015790479E+001
 0.5050505   0.1313893639E+001   0.1039937156E+001   0.1091060155E+001   0.9990461140E+000
 0.5151515   0.1310372758E+001   0.1022352383E+001   0.1102353441E+001   0.1012050423E+001
 0.5252525   0.1323136563E+001   0.9919654992E+000   0.1094046480E+001   0.9716793485E+000
 0.5353535   0.1321305206E+001   0.1019246483E+001   0.1103111718E+001   0.1028742112E+001
 0.5454545   0.1313287502E+001   0.1028916162E+001   0.1105452042E+001   0.1001379927E+001
 0.5555556   0.1310466630E+001   0.1010452328E+001   0.1097296861E+001   0.9733237822E+000
 0.5656566   0.1326388427E+001   0.1045819972E+001   0.1101085672E+001   0.1013289474E+001
 0.5757576   0.1327909134E+001   0.1039196056E+001   0.1088078711E+001   0.9812963080E+000
 0.5858586   0.1316994671E+001   0.1016550929E+001   0.1099336259E+001   0.1006306357E+001
 0.5959596   0.1309174250E+001   0.1009046182E+001   0.1085751210E+001   0.1008963102E+001
 0.6060606   0.1306043742E+001   0.1016839233E+001   0.1096743345E+001   0.9877366247E+000
 0.6161616   0.1328454493E+001   0.1021305291E+001   0.1103727767E+001   0.1002561721E+001
 0.6262626   0.1316940324E+001   0.1016676509E+001   0.1094232777E+001   0.1013110831E+001
 0.6363636   0.1330314807E+001   0.1010639814E+001   0.1107767017E+001   0.1008324109E+001
 0.6464646   0.1315249384E+001   0.1036638464E+001   0.1092869540E+001   0.9796793579E+000
 0.6565657   0.1316621153E+001   0.1028741057E+001   0.1106393075E+001   0.1021399418E+001
 0.6666667   0.1325732458E+001   0.1019739960E+001   0.1101214417E+001   0.9962817248E+000
 0.6767677   0.1313243927E+001   0.1000071616E+001   0.1096146807E+001   0.1001118833E+001
 0.6868687   0.1327186681E+001   0.1026408095E+001   0.1094244985E+001   0.9838728927E+000
 0.6969697   0.1322381156E+001   0.1014387765E+001   0.1089401394E+001   0.9907208824E+000
 0.7070707   0.1315798899E+001   0.1024179487E+001   0.1095455278E+001   0.9980841890E+000
 0.7171717   0.1322542218E+001   0.1022660143E+001   0.1093871334E+001   0.9934692394E+000
 0.7272727   0.1316792881E+001   0.9982126746E+000   0.1098584437E+001   0.9827323245E+000
 0.7373737   0.1312858680E+001   0.1022578781E+001   0.1090423170E+001   0.9981368658E+000
 0.7474747   0.1322950052E+001   0.1022621231E+001   0.1097077835E+001   0.9999255882E+000
 0.7575758   0.1322955765E+001   0.1025732438E+001   0.1104010072E+001   0.1010504473E+001
 0.7676768   0.1323281767E+001   0.1021517540E+001   0.1093381412E+001   0.1002417432E+001
 0.7777778   0.1325899141E+001   0.1024158263E+001   0.1091045765E+001   0.9902696938E+000
 0.7878788   0.1314361262E+001   0.1021795231E+001   0.1086668907E+001   0.9922278982E+000
 0.7979798   0.1321334810E+001   0.1020955082E+001   0.1095192251E+001   0.9906338511E+000
 0.8080808   0.1321768654E+001   0.1008695973E+001   0.1087211125E+001   0.9813146303E+000
 0.8181818   0.1317127102E+001   0.1006783969E+001   0.1090379966E+001   0.9792121372E+000
 0.8282828   0.1323184445E+001   0.1029101880E+001   0.1102922919E+001   0.1010373926E+001
 0.8383838   0.1320629352E+001   0.1032025600E+001   0.1092224090E+001   0.1001134865E+001
 0.8484848   0.1317440561E+001   0.9931841583E+000   0.1089686108E+001   0.9720824409E+000
 0.8585859   0.1324782561E+001   0.1017246042E+001   0.1095171894E+001   0.9916392917E+000
 0.8686869   0.1326386499E+001   0.1020521741E+001   0.1099896166E+001   0.1001512764E+001
 0.8787879   0.1320938907E+001   0.1032913506E+001   0.1091036734E+001   0.1003876352E+001
 0.8888889   0.1336358888E+001   0.1037931410E+001   0.1100896610E+001   0.1004719181E+001
 0.8989899   0.1322488053E+001   0.1023981389E+001   0.1099700635E+001   0.9980200607E+000
 0.9090909   0.1312274339E+001   0.1025463590E+001   0.1091039486E+001   0.9924225735E+000
 0.9191919   0.1321800853E+001   0.1020617253E+001   0.1095614936E+001   0.9876633351E+000
 0.9292929   0.1326048369E+001   0.1034312576E+001   0.1095933162E+001   0.9996599137E+000
 0.9393939   0.1313769921E+001   0.1019296007E+001   0.1087126288E+001   0.9851371369E+000
 0.9494949   0.1317301422E+001   0.1008427125E+001   0.1095971270E+001   0.9963595949E+000
 0.9595960   0.1318683848E+001   0.1022928991E+001   0.1092228670E+001   0.9864769610E+000
 0.9696970   0.1318247229E+001   0.1032858675E+001   0.1096957049E+001   0.1005385658E+001
 0.9797980   0.1311694142E+001   0.1017640470E+001   0.1081618297E+001   0.9828491297E+000
 0.9898990   0.1314262256E+001   0.1011096147E+001   0.1087117440E+001   0.9864723804E+000
 1.0000000   0.1319218202E+001   0.1035219937E+001   0.1090879772E+001   0.1001423443E+001


