 0.0000000   0.1450467210E+000   0.9746250653E+000   0.5917686096E+000   0.9910415673E+000
 0.0101010   0.1443626198E+000   0.9902598284E+000   0.5883017085E+000   0.1020596198E+001
 0.0202020   0.1428275849E+000   0.1027654392E+001   0.5933605861E+000   0.1048352829E+001
 0.0303030   0.1391883705E+000   0.9637422884E+000   0.5918186223E+000   0.1008507559E+001
 0.0404040   0.1316497633E+000   0.1000728389E+001   0.5898088992E+000   0.1024429435E+001
 0.0505051   0.1243109297E+000   0.9936061624E+000   0.5851201054E+000   0.9961088484E+000
 0.0606061   0.1166464241E+000   0.9659380205E+000   0.5859775237E+000   0.9871417378E+000
 0.0707071   0.1082604634E+000   0.9877668574E+000   0.5857173451E+000   0.1014274063E+001
 0.0808081   0.1001822356E+000   0.9972478176E+000   0.5810628057E+000   0.9898116851E+000
 0.0909091   0.9431685968E-001   0.1007862121E+001   0.5873157459E+000   0.9942359313E+000
 0.1010101   0.8721083438E-001   0.1049139966E+001   0.5928675855E+000   0.1035063442E+001
 0.1111111   0.8180142261E-001   0.1051095990E+001   0.5896298318E+000   0.1005475515E+001
 0.1212121   0.7663052630E-001   0.1031547262E+001   0.5907227339E+000   0.9989785735E+000
 0.1313131   0.7214161111E-001   0.1006088276E+001   0.5896868808E+000   0.1002493414E+001
 0.1414141   0.7053525835E-001   0.1049617466E+001   0.6014274298E+000   0.1006624237E+001
 0.1515152   0.6861432985E-001   0.1032741971E+001   0.6064673114E+000   0.9811879426E+000
 0.1616162   0.6863587079E-001   0.1040274578E+001   0.6141182141E+000   0.1018667094E+001
 0.1717172   0.6889488402E-001   0.1064962661E+001   0.6193224767E+000   0.1022131990E+001
 0.1818182   0.6954643545E-001   0.1038707842E+001   0.6283805874E+000   0.1013096206E+001
 0.1919192   0.7130818663E-001   0.1067641646E+001   0.6386078005E+000   0.1007067494E+001
 0.2020202   0.7309225634E-001   0.1040374297E+001   0.6430728781E+000   0.1014009773E+001
 0.2121212   0.7658314407E-001   0.1068742388E+001   0.6520762032E+000   0.1002703597E+001
 0.2222222   0.8127678469E-001   0.1070938120E+001   0.6672971704E+000   0.1010596902E+001
 0.2323232   0.8652279761E-001   0.1063468796E+001   0.6670074843E+000   0.9836310588E+000
 0.2424242   0.8916440313E-001   0.9994531381E+000   0.6822486782E+000   0.9943628735E+000
 0.2525253   0.9691068435E-001   0.1039570793E+001   0.6969574701E+000   0.1002245773E+001
 0.2626263   0.1048896590E+000   0.1063315382E+001   0.7067922824E+000   0.9904214236E+000
 0.2727273   0.1136333397E+000   0.1051579242E+001   0.7209747764E+000   0.9977070709E+000
 0.2828283   0.1215839208E+000   0.1021686603E+001   0.7389576961E+000   0.1014623674E+001
 0.2929293   0.1317687177E+000   0.1054693538E+001   0.7464355766E+000   0.1005594133E+001
 0.3030303   0.1446146590E+000   0.1050848610E+001   0.7703385508E+000   0.1036008224E+001
 0.3131313   0.1556173626E+000   0.1007436398E+001   0.7775188988E+000   0.1000449854E+001
 0.3232323   0.1705872172E+000   0.1011455834E+001   0.7920541327E+000   0.9867255340E+000
 0.3333333   0.1872426477E+000   0.1030095586E+001   0.8053018895E+000   0.9903090486E+000
 0.3434343   0.2057429166E+000   0.1022716392E+001   0.8308083745E+000   0.1007460807E+001
 0.3535354   0.2243042715E+000   0.1011584318E+001   0.8418271311E+000   0.9887087450E+000
 0.3636364   0.2483152387E+000   0.1027568097E+001   0.8582535492E+000   0.9947811583E+000
 0.3737374   0.2767173214E+000   0.1013245020E+001   0.8840555413E+000   0.9837663250E+000
 0.3838384   0.3051813591E+000   0.1004696048E+001   0.9055688883E+000   0.9804366947E+000
 0.3939394   0.3347974717E+000   0.1010836427E+001   0.9149972613E+000   0.9962274664E+000
 0.4040404   0.3715615810E+000   0.9983332188E+000   0.9409045770E+000   0.9957883714E+000
 0.4141414   0.4144277900E+000   0.1031470555E+001   0.9574548504E+000   0.9888918747E+000
 0.4242424   0.4564559771E+000   0.1021799746E+001   0.9930374788E+000   0.9964896748E+000
 0.4343434   0.5140952964E+000   0.9941277686E+000   0.1007412027E+001   0.9893892382E+000
 0.4444444   0.5717861998E+000   0.1006358668E+001   0.1021283992E+001   0.9898387383E+000
 0.4545455   0.6354361085E+000   0.1019180209E+001   0.1067140168E+001   0.1036322458E+001
 0.4646465   0.7024685294E+000   0.9838797405E+000   0.1084060481E+001   0.1000668361E+001
 0.4747475   0.7935427156E+000   0.1016081254E+001   0.1102808905E+001   0.9828756489E+000
 0.4848485   0.8814961053E+000   0.9839545296E+000   0.1119549476E+001   0.9893330507E+000
 0.4949495   0.9933504729E+000   0.1017807157E+001   0.1166488281E+001   0.9938655099E+000
 0.5050505   0.1052003467E+001   0.1013260362E+001   0.1174524061E+001   0.9672867361E+000
 0.5151515   0.1049117567E+001   0.9444275167E+000   0.1180484032E+001   0.9962878160E+000
 0.5252525   0.1045746300E+001   0.1022095067E+001   0.1191952761E+001   0.1038603255E+001
 0.5353535   0.1051525787E+001   0.9792370615E+000   0.1187452509E+001   0.9806656068E+000
 0.5454545   0.1083405326E+001   0.1035244530E+001   0.1178750725E+001   0.9740125893E+000
 0.5555556   0.1071176653E+001   0.9823743696E+000   0.1185967803E+001   0.9841554756E+000
 0.5656566   0.1083539792E+001   0.9818642694E+000   0.1170721785E+001   0.9806260675E+000
 0.5757576   0.1079878677E+001   0.9961125570E+000   0.1183011413E+001   0.9992636731E+000
 0.5858586   0.1102577438E+001   0.1006644400E+001   0.1175095830E+001   0.9973324875E+000
 0.5959596   0.1106199665E+001   0.9876690563E+000   0.1175506475E+001   0.9905712570E+000
 0.6060606   0.1121435074E+001   0.1007371197E+001   0.1175204350E+001   0.9769468260E+000
 0.6161616   0.1121188816E+001   0.9893834532E+000   0.1195359574E+001   0.9979443071E+000
 0.6262626   0.1128578722E+001   0.9727706785E+000   0.1177440765E+001   0.1006466080E+001
 0.6363636   0.1152600150E+001   0.9883862648E+000   0.1194725324E+001   0.9985249113E+000
 0.6464646   0.1178230841E+001   0.1009051076E+001   0.1191530656E+001   0.9986685017E+000
 0.6565657   0.1186132313E+001   0.9817127734E+000   0.1199069019E+001   0.1020974944E+001
 0.6666667   0.1221429906E+001   0.1002960556E+001   0.1207146459E+001   0.9998671686E+000
 0.6767677   0.1235389920E+001   0.9772004961E+000   0.1199834793E+001   0.9970827652E+000
 0.6868687   0.1269850326E+001   0.9828748814E+000   0.1204728663E+001   0.9912101298E+000
 0.6969697   0.1273953826E+001   0.9580276320E+000   0.1211697158E+001   0.1017649475E+001
 0.7070707   0.1319207198E+001   0.9871014260E+000   0.1224047856E+001   0.1019289318E+001
 0.7171717   0.1354940135E+001   0.9852240271E+000   0.1218946520E+001   0.9740875060E+000
 0.7272727   0.1380189337E+001   0.9860409545E+000   0.1221611414E+001   0.1006984253E+001
 0.7373737   0.1411035367E+001   0.9976236809E+000   0.1221490235E+001   0.9867151289E+000
 0.7474747   0.1461093028E+001   0.9915389142E+000   0.1224454042E+001   0.1000202213E+001
 0.7575758   0.1484813302E+001   0.9955641034E+000   0.1225044117E+001   0.1024113120E+001
 0.7676768   0.1524890591E+001   0.9893259231E+000   0.1231200366E+001   0.9999441663E+000
 0.7777778   0.1568969320E+001   0.9785735477E+000   0.1244497026E+001   0.1007007145E+001
 0.7878788   0.1611908787E+001   0.9772139197E+000   0.1235869778E+001   0.9963981100E+000
 0.7979798   0.1657032482E+001   0.9577764172E+000   0.1248846672E+001   0.9862552237E+000
 0.8080808   0.1739508208E+001   0.9655027094E+000   0.1265011127E+001   0.9911435372E+000
 0.8181818   0.1779363587E+001   0.9769032572E+000   0.1254063565E+001   0.1008967464E+001
 0.8282828   0.1839266042E+001   0.9865510547E+000   0.1255929876E+001   0.1002980373E+001
 0.8383838   0.1923205833E+001   0.9784834172E+000   0.1267414440E+001   0.9906066343E+000
 0.8484848   0.1968491752E+001   0.9661853999E+000   0.1278836732E+001   0.1001615224E+001
 0.8585859   0.2043706733E+001   0.9606145687E+000   0.1276836677E+001   0.9976467214E+000
 0.8686869   0.2096294597E+001   0.9461534197E+000   0.1271814353E+001   0.9830629406E+000
 0.8787879   0.2217869511E+001   0.1002041992E+001   0.1297183890E+001   0.1025906959E+001
 0.8888889   0.2283189829E+001   0.9432980091E+000   0.1297370340E+001   0.9937260817E+000
 0.8989899   0.2410079619E+001   0.9519984777E+000   0.1299677369E+001   0.9914744192E+000
 0.9090909   0.2488472093E+001   0.9528115697E+000   0.1315403997E+001   0.9876203721E+000
 0.9191919   0.2601993986E+001   0.9435089528E+000   0.1314753924E+001   0.9764390574E+000
 0.9292929   0.2693581461E+001   0.9697887017E+000   0.1324548070E+001   0.1020234101E+001
 0.9393939   0.2856995503E+001   0.9590593384E+000   0.1332881975E+001   0.1003255067E+001
 0.9494949   0.3011415793E+001   0.9613068476E+000   0.1343345787E+001   0.9850503137E+000
 0.9595960   0.3110434541E+001   0.9545892498E+000   0.1342489034E+001   0.9899094929E+000
 0.9696970   0.3266287608E+001   0.9575194494E+000   0.1351488980E+001   0.9923546902E+000
 0.9797980   0.3445714914E+001   0.9685076982E+000   0.1375680893E+001   0.1025014201E+001
 0.9898990   0.3558932743E+001   0.9579509252E+000   0.1370572245E+001   0.1008817631E+001
 1.0000000   0.3731877254E+001   0.9540273725E+000   0.1394317073E+001   0.9995196384E+000


 0.0000000   0.9851213485E+000   0.9566129424E+000   0.8260383314E+000   0.1026177902E+001
 0.0101010   0.9835040817E+000   0.9198326321E+000   0.8277668132E+000   0.9896401352E+000
 0.0202020   0.9800535524E+000   0.9252390711E+000   0.8304844917E+000   0.9971206433E+000
 0.0303030   0.9581643475E+000   0.9607273946E+000   0.8283962546E+000   0.1040672452E+001
 0.0404040   0.9268271651E+000   0.9385664407E+000   0.8281450831E+000   0.1005061228E+001
 0.0505051   0.8962590642E+000   0.9332294836E+000   0.8283594641E+000   0.1008115627E+001
 0.0606061   0.8466926784E+000   0.9058836816E+000   0.8230742040E+000   0.9716651897E+000
 0.0707071   0.8110900029E+000   0.9779757940E+000   0.8214608963E+000   0.1016595098E+001
 0.0808081   0.7499873696E+000   0.9232278533E+000   0.8134901402E+000   0.9880426462E+000
 0.0909091   0.6982421100E+000   0.9339994176E+000   0.8119113707E+000   0.9898744335E+000
 0.1010101   0.6549710986E+000   0.9480760645E+000   0.8200423348E+000   0.1012899574E+001
 0.1111111   0.5972004245E+000   0.9517811371E+000   0.8150347647E+000   0.1005318957E+001
 0.1212121   0.5569802234E+000   0.9955791141E+000   0.8132020417E+000   0.9970354439E+000
 0.1313131   0.5152711554E+000   0.9661507345E+000   0.8020754945E+000   0.9970205340E+000
 0.1414141   0.4814757994E+000   0.9716773583E+000   0.8111988402E+000   0.1020454632E+001
 0.1515152   0.4465035574E+000   0.9770612626E+000   0.8036034546E+000   0.1018469485E+001
 0.1616162   0.4340545869E+000   0.9769335662E+000   0.8085889296E+000   0.9965391574E+000
 0.1717172   0.4066483278E+000   0.9611236289E+000   0.8146440907E+000   0.1002334847E+001
 0.1818182   0.3997676712E+000   0.9759495530E+000   0.8071202334E+000   0.1007078324E+001
 0.1919192   0.3905845246E+000   0.9831268402E+000   0.8131607114E+000   0.9895613257E+000
 0.2020202   0.3921714699E+000   0.1003858721E+001   0.8175323673E+000   0.1015958233E+001
 0.2121212   0.3842046378E+000   0.9605283385E+000   0.8325722079E+000   0.1005632064E+001
 0.2222222   0.3902139077E+000   0.1004454012E+001   0.8401276724E+000   0.1020143654E+001
 0.2323232   0.3960251137E+000   0.1011941150E+001   0.8409870352E+000   0.1021285326E+001
 0.2424242   0.4050537420E+000   0.1033816665E+001   0.8424285982E+000   0.1008145447E+001
 0.2525253   0.4147652232E+000   0.1018106256E+001   0.8488446495E+000   0.1000332661E+001
 0.2626263   0.4233434472E+000   0.9937481735E+000   0.8492650506E+000   0.9963133789E+000
 0.2727273   0.4364737458E+000   0.1001124517E+001   0.8632568746E+000   0.9951908767E+000
 0.2828283   0.4428326790E+000   0.9883323451E+000   0.8698703600E+000   0.1022490898E+001
 0.2929293   0.4627852385E+000   0.1026083523E+001   0.8834579209E+000   0.9895826256E+000
 0.3030303   0.4837414098E+000   0.9952917973E+000   0.8787700658E+000   0.1004053745E+001
 0.3131313   0.4941839631E+000   0.9955997709E+000   0.9030299447E+000   0.1022648517E+001
 0.3232323   0.5202891370E+000   0.1017144778E+001   0.9123784953E+000   0.1020524921E+001
 0.3333333   0.5474046820E+000   0.1012542075E+001   0.9230908453E+000   0.1036018434E+001
 0.3434343   0.5709817349E+000   0.1049281071E+001   0.9432021021E+000   0.1008335016E+001
 0.3535354   0.5985260077E+000   0.1007714025E+001   0.9383180426E+000   0.9991739491E+000
 0.3636364   0.6263552881E+000   0.9919435234E+000   0.9429818583E+000   0.9950801175E+000
 0.3737374   0.6672549111E+000   0.1012573999E+001   0.9592609969E+000   0.9945689210E+000
 0.3838384   0.6968679405E+000   0.1009310230E+001   0.9769180540E+000   0.9934336389E+000
 0.3939394   0.7257448907E+000   0.1001068180E+001   0.9793721271E+000   0.1004596892E+001
 0.4040404   0.7655258582E+000   0.1009929933E+001   0.9823572120E+000   0.9707876357E+000
 0.4141414   0.8123263264E+000   0.1031627048E+001   0.9914289967E+000   0.1009566147E+001
 0.4242424   0.8560733231E+000   0.1027828081E+001   0.1010570911E+001   0.9920683183E+000
 0.4343434   0.8955880635E+000   0.1004467157E+001   0.1030764882E+001   0.9877359283E+000
 0.4444444   0.9670520414E+000   0.1018288411E+001   0.1041397044E+001   0.9967372460E+000
 0.4545455   0.1010906130E+001   0.1018705302E+001   0.1038065499E+001   0.9730880198E+000
 0.4646465   0.1078427584E+001   0.9773673583E+000   0.1064168698E+001   0.9882428648E+000
 0.4747475   0.1151448291E+001   0.1024070428E+001   0.1092387881E+001   0.9899681529E+000
 0.4848485   0.1195268392E+001   0.9576457807E+000   0.1091035276E+001   0.1014972050E+001
 0.4949495   0.1284544375E+001   0.1006508421E+001   0.1101863383E+001   0.1006317920E+001
 0.5050505   0.1347883995E+001   0.1006286830E+001   0.1101278003E+001   0.1017393843E+001
 0.5151515   0.1329196691E+001   0.1035422259E+001   0.1109476181E+001   0.1000121793E+001
 0.5252525   0.1305815118E+001   0.9968673451E+000   0.1105441823E+001   0.9958937718E+000
 0.5353535   0.1324946994E+001   0.1003385494E+001   0.1114422542E+001   0.9963751485E+000
 0.5454545   0.1313312859E+001   0.9859305266E+000   0.1112744620E+001   0.9974422711E+000
 0.5555556   0.1322942170E+001   0.1041116015E+001   0.1106530288E+001   0.9965732371E+000
 0.5656566   0.1334127667E+001   0.1042960101E+001   0.1113181746E+001   0.9948436891E+000
 0.5757576   0.1325017570E+001   0.1012423768E+001   0.1098101936E+001   0.9826346137E+000
 0.5858586   0.1314218437E+001   0.1006703721E+001   0.1103618742E+001   0.1013502360E+001
 0.5959596   0.1329527466E+001   0.1028318210E+001   0.1101448807E+001   0.9848838781E+000
 0.6060606   0.1315333182E+001   0.1018100622E+001   0.1114802186E+001   0.9995062268E+000
 0.6161616   0.1335224144E+001   0.1028290042E+001   0.1096026793E+001   0.9893738870E+000
 0.6262626   0.1331810642E+001   0.1008335606E+001   0.1101956160E+001   0.9873482710E+000
 0.6363636   0.1327311393E+001   0.1021993484E+001   0.1107584041E+001   0.9828156624E+000
 0.6464646   0.1318441062E+001   0.1001620279E+001   0.1102643907E+001   0.9829392016E+000
 0.6565657   0.1321165794E+001   0.1014113867E+001   0.1106739490E+001   0.1006613988E+001
 0.6666667   0.1328931288E+001   0.9850159953E+000   0.1122068921E+001   0.1020463152E+001
 0.6767677   0.1313010671E+001   0.1000679457E+001   0.1119405999E+001   0.1018305477E+001
 0.6868687   0.1322834067E+001   0.1024723933E+001   0.1103648804E+001   0.1036538150E+001
 0.6969697   0.1320523072E+001   0.9989874805E+000   0.1102311037E+001   0.1038902434E+001
 0.7070707   0.1320119765E+001   0.1007560038E+001   0.1100822349E+001   0.9852523656E+000
 0.7171717   0.1331345908E+001   0.1021580348E+001   0.1114903353E+001   0.9975445104E+000
 0.7272727   0.1330647830E+001   0.1015240599E+001   0.1105031179E+001   0.9873546610E+000
 0.7373737   0.1325144059E+001   0.1010324289E+001   0.1112355361E+001   0.9821937067E+000
 0.7474747   0.1321106967E+001   0.1000709504E+001   0.1104631990E+001   0.9866411159E+000
 0.7575758   0.1326119343E+001   0.1028708811E+001   0.1109646108E+001   0.1018840103E+001
 0.7676768   0.1322395466E+001   0.1005886840E+001   0.1106216240E+001   0.9909777659E+000
 0.7777778   0.1330029881E+001   0.1028429005E+001   0.1109513977E+001   0.1004386023E+001
 0.7878788   0.1317547303E+001   0.1009047325E+001   0.1105426122E+001   0.9915869417E+000
 0.7979798   0.1318781476E+001   0.9988992197E+000   0.1110366753E+001   0.9840979135E+000
 0.8080808   0.1326142144E+001   0.1010577804E+001   0.1104549662E+001   0.9823704955E+000
 0.8181818   0.1323161858E+001   0.1025167114E+001   0.1102119207E+001   0.9878168678E+000
 0.8282828   0.1338083672E+001   0.1004223032E+001   0.1118268662E+001   0.1000128183E+001
 0.8383838   0.1324484262E+001   0.1016228368E+001   0.1107635104E+001   0.9888435207E+000
 0.8484848   0.1308057929E+001   0.1003687834E+001   0.1100501879E+001   0.9904665694E+000
 0.8585859   0.1323593702E+001   0.9878178039E+000   0.1102692451E+001   0.9716460198E+000
 0.8686869   0.1324207896E+001   0.1018046164E+001   0.1103682098E+001   0.9909202563E+000
 0.8787879   0.1323300117E+001   0.1024825339E+001   0.1107960430E+001   0.1001627692E+001
 0.8888889   0.1320236736E+001   0.1031548177E+001   0.1101692010E+001   0.1001171875E+001
 0.8989899   0.1316081391E+001   0.1006748791E+001   0.1096248207E+001   0.9895677157E+000
 0.9090909   0.1316267998E+001   0.1010294243E+001   0.1110597301E+001   0.9955721441E+000
 0.9191919   0.1327116319E+001   0.1008292414E+001   0.1107849726E+001   0.9871203626E+000
 0.9292929   0.1337178080E+001   0.1012234101E+001   0.1118822056E+001   0.9935848678E+000
 0.9393939   0.1330360968E+001   0.1025401850E+001   0.1118556422E+001   0.1011146596E+001
 0.9494949   0.1321219465E+001   0.1043307510E+001   0.1114016838E+001   0.1014944360E+001
 0.9595960   0.1324403033E+001   0.1024461028E+001   0.1106093127E+001   0.9915102622E+000
 0.9696970   0.1319546531E+001   0.1032477731E+001   0.1107009718E+001   0.1016051952E+001
 0.9797980   0.1315743145E+001   0.1011708292E+001   0.1110976223E+001   0.9903941499E+000
 0.9898990   0.1328909209E+001   0.1020924966E+001   0.1097546324E+001   0.9899340731E+000
 1.0000000   0.1311314621E+001   0.1000711381E+001   0.1103334100E+001   0.9711646431E+000


