#   100 bins for weightfunction of cd                      
 0.0000000    0.3180401611E+001    0.1826864624E+001
 0.0101010    0.3177482605E+001    0.1839372253E+001
 0.0202020    0.3194459534E+001    0.1846578979E+001
 0.0303030    0.3230548096E+001    0.1848077393E+001
 0.0404040    0.3264642334E+001    0.1839263916E+001
 0.0505051    0.3325382996E+001    0.1852719116E+001
 0.0606061    0.3378030396E+001    0.1862741089E+001
 0.0707071    0.3447483826E+001    0.1852752686E+001
 0.0808081    0.3535758972E+001    0.1863101196E+001
 0.0909091    0.3611195374E+001    0.1873222351E+001
 0.1010101    0.3662974548E+001    0.1855172729E+001
 0.1111111    0.3731819153E+001    0.1867393494E+001
 0.1212121    0.3779930115E+001    0.1863171387E+001
 0.1313131    0.3816845703E+001    0.1858872986E+001
 0.1414141    0.3859751892E+001    0.1832695007E+001
 0.1515152    0.3878031921E+001    0.1825758362E+001
 0.1616162    0.3876600647E+001    0.1810768127E+001
 0.1717172    0.3872482300E+001    0.1803851318E+001
 0.1818182    0.3861720276E+001    0.1792807007E+001
 0.1919192    0.3824914551E+001    0.1771279907E+001
 0.2020202    0.3810462952E+001    0.1758796692E+001
 0.2121212    0.3731477356E+001    0.1731874084E+001
 0.2222222    0.3697761536E+001    0.1714762878E+001
 0.2323232    0.3651672363E+001    0.1701255798E+001
 0.2424242    0.3579762268E+001    0.1664663696E+001
 0.2525253    0.3519589233E+001    0.1680416870E+001
 0.2626263    0.3437384033E+001    0.1638279724E+001
 0.2727273    0.3357476807E+001    0.1607099915E+001
 0.2828283    0.3297570801E+001    0.1594097900E+001
 0.2929293    0.3216392517E+001    0.1571440125E+001
 0.3030303    0.3131414795E+001    0.1539149475E+001
 0.3131313    0.3032943726E+001    0.1501277161E+001
 0.3232323    0.2971116638E+001    0.1481526184E+001
 0.3333333    0.2886402893E+001    0.1452203369E+001
 0.3434343    0.2803640747E+001    0.1433012390E+001
 0.3535354    0.2689253235E+001    0.1402322388E+001
 0.3636364    0.2612463379E+001    0.1369740295E+001
 0.3737374    0.2507723999E+001    0.1352812195E+001
 0.3838384    0.2410844421E+001    0.1337596130E+001
 0.3939394    0.2319886780E+001    0.1293342590E+001
 0.4040404    0.2205601501E+001    0.1250126648E+001
 0.4141414    0.2116757202E+001    0.1248280334E+001
 0.4242424    0.2012687683E+001    0.1200755310E+001
 0.4343434    0.1897286987E+001    0.1169953918E+001
 0.4444444    0.1814926147E+001    0.1149519348E+001
 0.4545455    0.1692579651E+001    0.1114350891E+001
 0.4646465    0.1587109375E+001    0.1085845947E+001
 0.4747475    0.1477651978E+001    0.1043212891E+001
 0.4848485    0.1381509399E+001    0.1009416199E+001
 0.4949495    0.1272015381E+001    0.9755752563E+000
 0.5050505    0.1205259705E+001    0.9686645508E+000
 0.5151515    0.1204873657E+001    0.9510955811E+000
 0.5252525    0.1213716125E+001    0.9545318604E+000
 0.5353535    0.1222796631E+001    0.9637832642E+000
 0.5454545    0.1191371155E+001    0.9691589355E+000
 0.5555556    0.1181915283E+001    0.9728317261E+000
 0.5656566    0.1183393860E+001    0.9712158203E+000
 0.5757576    0.1181338501E+001    0.9667388916E+000
 0.5858586    0.1180210876E+001    0.9582473755E+000
 0.5959596    0.1151078796E+001    0.9516738892E+000
 0.6060606    0.1152001953E+001    0.9557861328E+000
 0.6161616    0.1126524353E+001    0.9661193848E+000
 0.6262626    0.1117979431E+001    0.9637329102E+000
 0.6363636    0.1114826965E+001    0.9578262329E+000
 0.6464646    0.1102107239E+001    0.9676345825E+000
 0.6565657    0.1069499207E+001    0.9443832397E+000
 0.6666667    0.1075161743E+001    0.9374450684E+000
 0.6767677    0.1045094299E+001    0.9314208984E+000
 0.6868687    0.1029475403E+001    0.9245544434E+000
 0.6969697    0.1022145081E+001    0.9328582764E+000
 0.7070707    0.9882537842E+000    0.9267974854E+000
 0.7171717    0.9740600586E+000    0.9259231567E+000
 0.7272727    0.9540435791E+000    0.9400024414E+000
 0.7373737    0.9272384644E+000    0.9242462158E+000
 0.7474747    0.9029724121E+000    0.9203353882E+000
 0.7575758    0.8628128052E+000    0.9058135986E+000
 0.7676768    0.8494552612E+000    0.9039184570E+000
 0.7777778    0.8258407593E+000    0.8979324341E+000
 0.7878788    0.7988510132E+000    0.8993942261E+000
 0.7979798    0.7636016846E+000    0.9014312744E+000
 0.8080808    0.7488372803E+000    0.9018417358E+000
 0.8181818    0.6990692139E+000    0.8766510010E+000
 0.8282828    0.6655975342E+000    0.8706848145E+000
 0.8383838    0.6482757568E+000    0.8837783813E+000
 0.8484848    0.6069351196E+000    0.8709838867E+000
 0.8585859    0.5793655396E+000    0.8687576294E+000
 0.8686869    0.5292739868E+000    0.8562957764E+000
 0.8787879    0.5085159302E+000    0.8638214111E+000
 0.8888889    0.4574890137E+000    0.8377929687E+000
 0.8989899    0.4241683960E+000    0.8358963013E+000
 0.9090909    0.3912231445E+000    0.8342849731E+000
 0.9191919    0.3543884277E+000    0.8295700073E+000
 0.9292929    0.2902450562E+000    0.8124099731E+000
 0.9393939    0.2734634399E+000    0.8261489868E+000
 0.9494949    0.2290008545E+000    0.8147140503E+000
 0.9595960    0.1745407104E+000    0.7929840088E+000
 0.9696970    0.1492706299E+000    0.8063934326E+000
 0.9797980    0.1019424438E+000    0.7897872925E+000
 0.9898990    0.4523925781E-001    0.7792404175E+000
 1.0000000    0.0000000000E+000    0.7518630981E+000


#   100 bins for weightfunction of Ar                      
 0.0000000    0.1716682434E+001    0.3708328247E+000
 0.0101010    0.1674726868E+001    0.3198410034E+000
 0.0202020    0.1690003967E+001    0.3483963013E+000
 0.0303030    0.1727067566E+001    0.3575317383E+000
 0.0404040    0.1764540100E+001    0.3908050537E+000
 0.0505051    0.1803181458E+001    0.3881484985E+000
 0.0606061    0.1856027222E+001    0.3826232910E+000
 0.0707071    0.1913348389E+001    0.3906417847E+000
 0.0808081    0.1971759033E+001    0.3805145264E+000
 0.0909091    0.2047506714E+001    0.4137115479E+000
 0.1010101    0.2116613770E+001    0.4172256470E+000
 0.1111111    0.2163418579E+001    0.4124984741E+000
 0.1212121    0.2245193481E+001    0.4129730225E+000
 0.1313131    0.2348291016E+001    0.4496231079E+000
 0.1414141    0.2393406677E+001    0.3828262329E+000
 0.1515152    0.2467120361E+001    0.4155456543E+000
 0.1616162    0.2475433350E+001    0.4211410522E+000
 0.1717172    0.2523168945E+001    0.4068466187E+000
 0.1818182    0.2572163391E+001    0.4015563965E+000
 0.1919192    0.2551837158E+001    0.3946731567E+000
 0.2020202    0.2586216736E+001    0.3915832520E+000
 0.2121212    0.2597294617E+001    0.3943099976E+000
 0.2222222    0.2582254028E+001    0.3594558716E+000
 0.2323232    0.2549031067E+001    0.3767028809E+000
 0.2424242    0.2569456482E+001    0.3716247559E+000
 0.2525253    0.2520471191E+001    0.3309494019E+000
 0.2626263    0.2500064087E+001    0.3528137207E+000
 0.2727273    0.2454220581E+001    0.3301712036E+000
 0.2828283    0.2460585022E+001    0.3309555054E+000
 0.2929293    0.2420689392E+001    0.3155654907E+000
 0.3030303    0.2382312012E+001    0.3301971436E+000
 0.3131313    0.2361314392E+001    0.2826034546E+000
 0.3232323    0.2315818787E+001    0.2776473999E+000
 0.3333333    0.2280534363E+001    0.2528182983E+000
 0.3434343    0.2234542847E+001    0.2318893433E+000
 0.3535354    0.2158612061E+001    0.2298934937E+000
 0.3636364    0.2142599487E+001    0.2200683594E+000
 0.3737374    0.2099824524E+001    0.2209426880E+000
 0.3838384    0.2031468201E+001    0.2189117432E+000
 0.3939394    0.1987985229E+001    0.1869400024E+000
 0.4040404    0.1904850769E+001    0.1582168579E+000
 0.4141414    0.1898405457E+001    0.1558425903E+000
 0.4242424    0.1850698853E+001    0.1451675415E+000
 0.4343434    0.1787783813E+001    0.1296295166E+000
 0.4444444    0.1723535156E+001    0.1131347656E+000
 0.4545455    0.1690539551E+001    0.9651641846E-001
 0.4646465    0.1638671875E+001    0.8370666504E-001
 0.4747475    0.1544241333E+001    0.8419952393E-001
 0.4848485    0.1508787537E+001    0.4917144775E-001
 0.4949495    0.1462493896E+001    0.3401336670E-001
 0.5050505    0.1414031982E+001    0.1835632324E-001
 0.5151515    0.1425456238E+001    0.5226898193E-001
 0.5252525    0.1433265686E+001    0.5043029785E-001
 0.5353535    0.1429917908E+001    0.4423370361E-001
 0.5454545    0.1431179810E+001    0.2009582520E-002
 0.5555556    0.1443910217E+001    0.1453399658E-001
 0.5656566    0.1419281006E+001    0.0000000000E+000
 0.5757576    0.1415402222E+001    0.3472137451E-001
 0.5858586    0.1438766479E+001    0.2323455811E-001
 0.5959596    0.1434933472E+001    0.2407684326E-001
 0.6060606    0.1411972046E+001    0.1366729736E-001
 0.6161616    0.1421774292E+001    0.4384613037E-001
 0.6262626    0.1422338867E+001    0.7051086426E-002
 0.6363636    0.1391598511E+001    0.3706512451E-001
 0.6464646    0.1402851868E+001    0.4101867676E-001
 0.6565657    0.1415753174E+001    0.5990600586E-002
 0.6666667    0.1417213440E+001    0.4299774170E-001
 0.6767677    0.1417956543E+001    0.5015106201E-001
 0.6868687    0.1423603821E+001    0.1716613770E-002
 0.6969697    0.1416786194E+001    0.3079223633E-001
 0.7070707    0.1420005798E+001    0.3390502930E-001
 0.7171717    0.1397749329E+001    0.1345977783E-001
 0.7272727    0.1424459839E+001    0.3027496338E-001
 0.7373737    0.1422671509E+001    0.2062530518E-001
 0.7474747    0.1425868225E+001    0.1801147461E-001
 0.7575758    0.1404574585E+001    0.1414184570E-001
 0.7676768    0.1410650635E+001    0.1867218018E-001
 0.7777778    0.1400885010E+001    0.8213806152E-002
 0.7878788    0.1428977966E+001    0.3221282959E-001
 0.7979798    0.1415190125E+001    0.2569122314E-001
 0.8080808    0.1426235962E+001    0.4271240234E-001
 0.8181818    0.1435423279E+001    0.4354553223E-001
 0.8282828    0.1408988953E+001    0.2413330078E-001
 0.8383838    0.1411958313E+001    0.1575469971E-001
 0.8484848    0.1408549500E+001    0.1599273682E-001
 0.8585859    0.1408399963E+001    0.2342224121E-001
 0.8686869    0.1438406372E+001    0.4261169434E-001
 0.8787879    0.1419392395E+001    0.2437896729E-001
 0.8888889    0.1427363586E+001    0.3351745605E-001
 0.8989899    0.1425062561E+001    0.3012847900E-001
 0.9090909    0.1413557434E+001    0.3288726807E-001
 0.9191919    0.1408027649E+001    0.2966308594E-002
 0.9292929    0.1407444763E+001    0.1826477051E-001
 0.9393939    0.1434500122E+001    0.3183441162E-001
 0.9494949    0.1428446960E+001    0.3317871094E-001
 0.9595960    0.1460992432E+001    0.7081146240E-001
 0.9696970    0.1417199707E+001    0.2052764893E-001
 0.9797980    0.1431178284E+001    0.2938079834E-001
 0.9898990    0.1413952637E+001    0.8947753906E-002
 1.0000000    0.1420748901E+001    0.3066558838E-001


