 0.0000000   0.1462212690E+000   0.1000365328E+001   0.5255416540E+000   0.1024952669E+001
 0.0101010   0.1475626122E+000   0.9787325789E+000   0.5288318204E+000   0.9978331546E+000
 0.0202020   0.1449708000E+000   0.9753496558E+000   0.5243010331E+000   0.9942903222E+000
 0.0303030   0.1399708947E+000   0.9699034032E+000   0.5237588032E+000   0.9963343425E+000
 0.0404040   0.1361230528E+000   0.9949054114E+000   0.5252279162E+000   0.9971429660E+000
 0.0505051   0.1308739864E+000   0.1000874817E+001   0.5255856127E+000   0.1010650653E+001
 0.0606061   0.1228107856E+000   0.1020848313E+001   0.5276852968E+000   0.1034701074E+001
 0.0707071   0.1150700889E+000   0.1008083781E+001   0.5211190788E+000   0.9961954880E+000
 0.0808081   0.1060563252E+000   0.1015726103E+001   0.5202206023E+000   0.1007115988E+001
 0.0909091   0.9880204448E-001   0.1010689784E+001   0.5182924890E+000   0.1003861075E+001
 0.1010101   0.9197184590E-001   0.1009538067E+001   0.5202389127E+000   0.9993442186E+000
 0.1111111   0.8820387793E-001   0.1028898616E+001   0.5245953841E+000   0.9949335453E+000
 0.1212121   0.8334445248E-001   0.1021847769E+001   0.5262777539E+000   0.1020080509E+001
 0.1313131   0.7868560962E-001   0.9917918727E+000   0.5225387083E+000   0.9867656318E+000
 0.1414141   0.7783345681E-001   0.1008148199E+001   0.5264728509E+000   0.9849298933E+000
 0.1515152   0.7636953508E-001   0.1036335972E+001   0.5329832669E+000   0.9924647935E+000
 0.1616162   0.7623428850E-001   0.9814322805E+000   0.5423893648E+000   0.9893997839E+000
 0.1717172   0.7524827029E-001   0.1045897171E+001   0.5484181243E+000   0.1027991133E+001
 0.1818182   0.7866991505E-001   0.1036103677E+001   0.5576673017E+000   0.1007481502E+001
 0.1919192   0.7958299389E-001   0.1028929849E+001   0.5608499532E+000   0.1016750042E+001
 0.2020202   0.8234118296E-001   0.1039148893E+001   0.5746497972E+000   0.1015661668E+001
 0.2121212   0.8690400911E-001   0.1020346633E+001   0.5840665477E+000   0.1005190403E+001
 0.2222222   0.9096957390E-001   0.9989266588E+000   0.5941829575E+000   0.9955951463E+000
 0.2323232   0.9537428017E-001   0.1027696146E+001   0.6017819410E+000   0.9723901040E+000
 0.2424242   0.1021700625E+000   0.1042276096E+001   0.6176510112E+000   0.9904044373E+000
 0.2525253   0.1083355446E+000   0.1028029949E+001   0.6338412887E+000   0.1002650182E+001
 0.2626263   0.1144128234E+000   0.9988934737E+000   0.6399195467E+000   0.9957870923E+000
 0.2727273   0.1240645354E+000   0.1031528044E+001   0.6544413151E+000   0.1010027850E+001
 0.2828283   0.1354149283E+000   0.1001011461E+001   0.6756857400E+000   0.1005280250E+001
 0.2929293   0.1447959384E+000   0.1023089280E+001   0.6922489617E+000   0.9819138912E+000
 0.3030303   0.1598762329E+000   0.1029788757E+001   0.6985541204E+000   0.9618677895E+000
 0.3131313   0.1716964599E+000   0.1036595596E+001   0.7255356102E+000   0.9978801201E+000
 0.3232323   0.1855368420E+000   0.1010340364E+001   0.7397178591E+000   0.1003283195E+001
 0.3333333   0.2023587451E+000   0.1010867421E+001   0.7613031777E+000   0.9957156231E+000
 0.3434343   0.2243442309E+000   0.1011091908E+001   0.7795368028E+000   0.9820139481E+000
 0.3535354   0.2442687441E+000   0.9835775965E+000   0.7954323498E+000   0.9955093832E+000
 0.3636364   0.2712860726E+000   0.1014933566E+001   0.8091216632E+000   0.1004786091E+001
 0.3737374   0.2945574099E+000   0.1020163140E+001   0.8436325789E+000   0.9865205944E+000
 0.3838384   0.3269623382E+000   0.1019255431E+001   0.8717257072E+000   0.1015614702E+001
 0.3939394   0.3604024758E+000   0.1015146341E+001   0.8918382709E+000   0.1009392794E+001
 0.4040404   0.3987165408E+000   0.9860938042E+000   0.9132048049E+000   0.9618943352E+000
 0.4141414   0.4380362556E+000   0.1028291525E+001   0.9438423685E+000   0.9778626061E+000
 0.4242424   0.4861008535E+000   0.1027696146E+001   0.9653031386E+000   0.9892119219E+000
 0.4343434   0.5436083858E+000   0.1021158691E+001   0.9965180555E+000   0.9944557224E+000
 0.4444444   0.6002053779E+000   0.1013448047E+001   0.1011768216E+001   0.9813972707E+000
 0.4545455   0.6614805330E+000   0.9917294067E+000   0.1047671676E+001   0.9827592703E+000
 0.4646465   0.7354121161E+000   0.9951669877E+000   0.1090249084E+001   0.9712547641E+000
 0.4747475   0.8174273520E+000   0.9943471217E+000   0.1123319496E+001   0.9916622960E+000
 0.4848485   0.9189162431E+000   0.1023376233E+001   0.1156155452E+001   0.1007601979E+001
 0.4949495   0.1028285285E+001   0.1005926753E+001   0.1191796213E+001   0.9930855549E+000
 0.5050505   0.1074433400E+001   0.9940660248E+000   0.1199283229E+001   0.9772479706E+000
 0.5151515   0.1072744457E+001   0.9731106408E+000   0.1198271043E+001   0.9856262079E+000
 0.5252525   0.1078464371E+001   0.9833218764E+000   0.1207303756E+001   0.9958054701E+000
 0.5353535   0.1080310326E+001   0.9874368227E+000   0.1206214625E+001   0.9934265653E+000
 0.5454545   0.1099690171E+001   0.9974684686E+000   0.1201003042E+001   0.9883257033E+000
 0.5555556   0.1100702893E+001   0.9906538207E+000   0.1220931948E+001   0.9820323259E+000
 0.5656566   0.1117557337E+001   0.1000917762E+001   0.1210933129E+001   0.9992441617E+000
 0.5757576   0.1107039084E+001   0.9905718341E+000   0.1211226966E+001   0.9962404115E+000
 0.5858586   0.1130122715E+001   0.9956647634E+000   0.1214797062E+001   0.9886095383E+000
 0.5959596   0.1142977782E+001   0.1021076705E+001   0.1219840928E+001   0.9766557969E+000
 0.6060606   0.1154513060E+001   0.1001768861E+001   0.1219500163E+001   0.9993054211E+000
 0.6161616   0.1161594203E+001   0.1002887392E+001   0.1231575207E+001   0.9973634996E+000
 0.6262626   0.1176125740E+001   0.1019967933E+001   0.1217761550E+001   0.9930140857E+000
 0.6363636   0.1197335353E+001   0.9869546635E+000   0.1231464139E+001   0.9816504760E+000
 0.6464646   0.1213506992E+001   0.9969082268E+000   0.1255356643E+001   0.1006601410E+001
 0.6565657   0.1223911288E+001   0.9762651728E+000   0.1223411976E+001   0.9856139560E+000
 0.6666667   0.1255495181E+001   0.9819925222E+000   0.1245514085E+001   0.1003891704E+001
 0.6767677   0.1263232118E+001   0.9767356197E+000   0.1255083520E+001   0.1007205835E+001
 0.6868687   0.1275977655E+001   0.9434705337E+000   0.1243774350E+001   0.9842703343E+000
 0.6969697   0.1304700103E+001   0.9892385758E+000   0.1257492049E+001   0.1007575433E+001
 0.7070707   0.1333874314E+001   0.9887329918E+000   0.1255017046E+001   0.1003134131E+001
 0.7171717   0.1381323134E+001   0.1012698455E+001   0.1264443896E+001   0.1015151173E+001
 0.7272727   0.1394552518E+001   0.1010961120E+001   0.1265865778E+001   0.1026247284E+001
 0.7373737   0.1430369286E+001   0.9697121011E+000   0.1271767494E+001   0.9864450412E+000
 0.7474747   0.1468962920E+001   0.9848991423E+000   0.1269861576E+001   0.9859651763E+000
 0.7575758   0.1513127989E+001   0.9766224001E+000   0.1289897461E+001   0.9997566983E+000
 0.7676768   0.1555483471E+001   0.9978022712E+000   0.1291853222E+001   0.1003150466E+001
 0.7777778   0.1586972881E+001   0.1002867872E+001   0.1287026530E+001   0.1016684699E+001
 0.7878788   0.1627108046E+001   0.9836810557E+000   0.1295160657E+001   0.1004730958E+001
 0.7979798   0.1659134953E+001   0.9957721268E+000   0.1296859854E+001   0.1024646373E+001
 0.8080808   0.1722116317E+001   0.9931153707E+000   0.1292257110E+001   0.9985519310E+000
 0.8181818   0.1781178929E+001   0.1006945729E+001   0.1311485047E+001   0.1020560374E+001
 0.8282828   0.1831688730E+001   0.9662179104E+000   0.1316013031E+001   0.9984334963E+000
 0.8383838   0.1875790934E+001   0.9809071758E+000   0.1321895962E+001   0.1010522008E+001
 0.8484848   0.1944106685E+001   0.9802961805E+000   0.1324518330E+001   0.1026959934E+001
 0.8585859   0.1992500915E+001   0.9668816115E+000   0.1324940357E+001   0.9997852860E+000
 0.8686869   0.2105769044E+001   0.9882274078E+000   0.1353547614E+001   0.1017017542E+001
 0.8787879   0.2144589032E+001   0.9579157914E+000   0.1339126392E+001   0.9919134593E+000
 0.8888889   0.2245685539E+001   0.9827108810E+000   0.1363203316E+001   0.1015731095E+001
 0.8989899   0.2351783907E+001   0.9844482160E+000   0.1377126029E+001   0.1006270609E+001
 0.9090909   0.2444715998E+001   0.9825488599E+000   0.1377818142E+001   0.1002006958E+001
 0.9191919   0.2522482288E+001   0.9799350490E+000   0.1385979136E+001   0.1010066647E+001
 0.9292929   0.2619570881E+001   0.9552024254E+000   0.1395452223E+001   0.9946803400E+000
 0.9393939   0.2756857693E+001   0.1004447090E+001   0.1404765128E+001   0.1014124058E+001
 0.9494949   0.2886106842E+001   0.1001384305E+001   0.1416983059E+001   0.1029659430E+001
 0.9595960   0.3001907577E+001   0.9948741784E+000   0.1416501940E+001   0.1022104110E+001
 0.9696970   0.3137818495E+001   0.9733702650E+000   0.1430347502E+001   0.9980108068E+000
 0.9797980   0.3262112610E+001   0.9672037017E+000   0.1447515108E+001   0.1017550498E+001
 0.9898990   0.3417431198E+001   0.9912218707E+000   0.1456012941E+001   0.1023792826E+001
 1.0000000   0.3525575168E+001   0.9935741052E+000   0.1458327029E+001   0.1024750514E+001


 0.0000000   0.9437673018E+000   0.9796017960E+000   0.8012254402E+000   0.1016216135E+001
 0.0101010   0.9466763988E+000   0.9770475999E+000   0.7951162157E+000   0.1004506873E+001
 0.0202020   0.9240316762E+000   0.9586573883E+000   0.7854900546E+000   0.9877863538E+000
 0.0303030   0.9082279796E+000   0.9471785308E+000   0.7819626584E+000   0.9839869134E+000
 0.0404040   0.8799374951E+000   0.9617618634E+000   0.7811133302E+000   0.1003478213E+001
 0.0505051   0.8520678172E+000   0.9617712538E+000   0.7749184175E+000   0.9932043899E+000
 0.0606061   0.8217950071E+000   0.9790139552E+000   0.7835287628E+000   0.1003965921E+001
 0.0707071   0.7742625627E+000   0.9912478031E+000   0.7834782526E+000   0.1014525129E+001
 0.0808081   0.7292588607E+000   0.9641376413E+000   0.7745382011E+000   0.1007130702E+001
 0.0909091   0.6887939431E+000   0.9836528260E+000   0.7643490128E+000   0.9917774700E+000
 0.1010101   0.6374197883E+000   0.9666880812E+000   0.7636623920E+000   0.9875989375E+000
 0.1111111   0.5879404054E+000   0.9687746340E+000   0.7526304881E+000   0.9888725167E+000
 0.1212121   0.5485772008E+000   0.9774701691E+000   0.7557984462E+000   0.9946696449E+000
 0.1313131   0.5213872366E+000   0.1000365907E+001   0.7546924865E+000   0.9977726633E+000
 0.1414141   0.4880928185E+000   0.1002114405E+001   0.7560271574E+000   0.1002375012E+001
 0.1515152   0.4565494429E+000   0.9673059713E+000   0.7474202003E+000   0.9916411672E+000
 0.1616162   0.4406222884E+000   0.9894955495E+000   0.7604998735E+000   0.1000739379E+001
 0.1717172   0.4261765397E+000   0.1008614458E+001   0.7551089352E+000   0.1003318483E+001
 0.1818182   0.4103755069E+000   0.1004766261E+001   0.7553570863E+000   0.9935898712E+000
 0.1919192   0.4088166331E+000   0.1015120146E+001   0.7661266624E+000   0.1001463487E+001
 0.2020202   0.4050362556E+000   0.1002595195E+001   0.7651148873E+000   0.1006517339E+001
 0.2121212   0.4034284947E+000   0.1013983904E+001   0.7692975016E+000   0.9978663714E+000
 0.2222222   0.4081880383E+000   0.1014992436E+001   0.7786779971E+000   0.9941457311E+000
 0.2323232   0.4113067439E+000   0.9893283999E+000   0.7837407992E+000   0.9990121668E+000
 0.2424242   0.4233567616E+000   0.1023314232E+001   0.7987163915E+000   0.9995509888E+000
 0.2525253   0.4265680819E+000   0.1019398424E+001   0.8095278793E+000   0.1017444990E+001
 0.2626263   0.4363834108E+000   0.1000181855E+001   0.8161622184E+000   0.1006417242E+001
 0.2727273   0.4540490577E+000   0.1007739270E+001   0.8225500266E+000   0.1009024033E+001
 0.2828283   0.4694315233E+000   0.1013328452E+001   0.8336720920E+000   0.1011149505E+001
 0.2929293   0.4808125417E+000   0.1021385438E+001   0.8411151059E+000   0.1004707068E+001
 0.3030303   0.5012694239E+000   0.1015649766E+001   0.8504507208E+000   0.9909703019E+000
 0.3131313   0.5202552562E+000   0.1009271788E+001   0.8705026961E+000   0.1009211449E+001
 0.3232323   0.5418070956E+000   0.1009677454E+001   0.8827578441E+000   0.1005022268E+001
 0.3333333   0.5703012171E+000   0.1025844013E+001   0.8895253179E+000   0.1002106666E+001
 0.3434343   0.5922092113E+000   0.1020495226E+001   0.8979276585E+000   0.9959730404E+000
 0.3535354   0.6087045276E+000   0.1004862044E+001   0.9105185105E+000   0.1004924301E+001
 0.3636364   0.6423780838E+000   0.1003748339E+001   0.9275508563E+000   0.1005961480E+001
 0.3737374   0.6751564504E+000   0.1008274525E+001   0.9351102152E+000   0.9872986454E+000
 0.3838384   0.7051122444E+000   0.1012282359E+001   0.9556309429E+000   0.1005333209E+001
 0.3939394   0.7431428223E+000   0.1001072067E+001   0.9680874194E+000   0.1018903856E+001
 0.4040404   0.7771948022E+000   0.9945889169E+000   0.9694563921E+000   0.9939412769E+000
 0.4141414   0.8351833281E+000   0.1012244797E+001   0.9800742674E+000   0.9861954446E+000
 0.4242424   0.8721618535E+000   0.1009951655E+001   0.1003112476E+001   0.9802513649E+000
 0.4343434   0.9055276216E+000   0.1003265671E+001   0.1028748966E+001   0.9841083081E+000
 0.4444444   0.9669939065E+000   0.1005183196E+001   0.1031455907E+001   0.9898947877E+000
 0.4545455   0.1015316483E+001   0.1004520232E+001   0.1067122668E+001   0.1013234512E+001
 0.4646465   0.1086315328E+001   0.1007966519E+001   0.1079433260E+001   0.1007009307E+001
 0.4747475   0.1127933099E+001   0.9866314693E+000   0.1097097915E+001   0.1014518739E+001
 0.4848485   0.1211492276E+001   0.1001346268E+001   0.1113331573E+001   0.1000871422E+001
 0.4949495   0.1298120608E+001   0.1013675898E+001   0.1126579140E+001   0.9951168885E+000
 0.5050505   0.1319799579E+001   0.9943917179E+000   0.1139790345E+001   0.9900651662E+000
 0.5151515   0.1306131218E+001   0.9833053802E+000   0.1139499255E+001   0.9984435286E+000
 0.5252525   0.1311477269E+001   0.9763113905E+000   0.1134736185E+001   0.9880270134E+000
 0.5353535   0.1326105403E+001   0.9955148130E+000   0.1140408067E+001   0.9948613207E+000
 0.5454545   0.1313151932E+001   0.9932160365E+000   0.1148981443E+001   0.9977428470E+000
 0.5555556   0.1322679340E+001   0.1003372722E+001   0.1130830444E+001   0.9974510738E+000
 0.5656566   0.1329512722E+001   0.1000153684E+001   0.1141008074E+001   0.9925122273E+000
 0.5757576   0.1317580133E+001   0.9932104023E+000   0.1127195061E+001   0.9877182024E+000
 0.5858586   0.1310327738E+001   0.9961589962E+000   0.1126096398E+001   0.9916837618E+000
 0.5959596   0.1318455184E+001   0.1012160283E+001   0.1143037925E+001   0.9928103896E+000
 0.6060606   0.1319603828E+001   0.1001874010E+001   0.1129474794E+001   0.9902717501E+000
 0.6161616   0.1319941133E+001   0.9808056486E+000   0.1130801147E+001   0.1004739014E+001
 0.6262626   0.1335822287E+001   0.1012789442E+001   0.1142893756E+001   0.1000594557E+001
 0.6363636   0.1323807542E+001   0.9971299663E+000   0.1146772409E+001   0.9967610409E+000
 0.6464646   0.1326502488E+001   0.9986005072E+000   0.1134535843E+001   0.9943949096E+000
 0.6565657   0.1322594525E+001   0.1002719148E+001   0.1149967754E+001   0.1012484846E+001
 0.6666667   0.1325059717E+001   0.1018673483E+001   0.1145303269E+001   0.1000143054E+001
 0.6767677   0.1333815560E+001   0.1013968879E+001   0.1131861474E+001   0.9988907721E+000
 0.6868687   0.1317868707E+001   0.9995602088E+000   0.1144302304E+001   0.9909979884E+000
 0.6969697   0.1329011679E+001   0.1019946825E+001   0.1138313244E+001   0.9928444653E+000
 0.7070707   0.1317238325E+001   0.1005342833E+001   0.1142203302E+001   0.1004958376E+001
 0.7171717   0.1319611187E+001   0.9915257597E+000   0.1141479189E+001   0.9891898466E+000
 0.7272727   0.1316651639E+001   0.1001834570E+001   0.1142972476E+001   0.1005299133E+001
 0.7373737   0.1313232345E+001   0.9929268114E+000   0.1146226036E+001   0.9984456583E+000
 0.7474747   0.1315398272E+001   0.9963036088E+000   0.1128046429E+001   0.9898543228E+000
 0.7575758   0.1318877311E+001   0.1010195806E+001   0.1134441938E+001   0.1006719664E+001
 0.7676768   0.1313596966E+001   0.1000816648E+001   0.1132715347E+001   0.9983242636E+000
 0.7777778   0.1317140621E+001   0.1004777530E+001   0.1138438288E+001   0.1002798829E+001
 0.7878788   0.1324776677E+001   0.1008781608E+001   0.1142136043E+001   0.9994125563E+000
 0.7979798   0.1318151776E+001   0.1008291427E+001   0.1141002832E+001   0.1009780088E+001
 0.8080808   0.1326359390E+001   0.1001721885E+001   0.1139372188E+001   0.9941457311E+000
 0.8181818   0.1316225674E+001   0.1006325072E+001   0.1130869011E+001   0.9959581323E+000
 0.8282828   0.1319628847E+001   0.1000681426E+001   0.1137970198E+001   0.9989631830E+000
 0.8383838   0.1320934474E+001   0.9964989297E+000   0.1142380163E+001   0.1005816658E+001
 0.8484848   0.1336136964E+001   0.1023370575E+001   0.1152519145E+001   0.1016733660E+001
 0.8585859   0.1326588502E+001   0.1007791857E+001   0.1146215841E+001   0.1011341181E+001
 0.8686869   0.1325037159E+001   0.9973741174E+000   0.1147373637E+001   0.1000130276E+001
 0.8787879   0.1326453105E+001   0.9993498632E+000   0.1146346401E+001   0.9997213673E+000
 0.8888889   0.1326788279E+001   0.1011527368E+001   0.1146134404E+001   0.1003923327E+001
 0.8989899   0.1326622590E+001   0.1017330652E+001   0.1145825219E+001   0.1011339051E+001
 0.9090909   0.1325014627E+001   0.1003962441E+001   0.1141695253E+001   0.1007171167E+001
 0.9191919   0.1314382914E+001   0.1002895688E+001   0.1144465568E+001   0.1007305340E+001
 0.9292929   0.1330194576E+001   0.1034569597E+001   0.1145596147E+001   0.1028634598E+001
 0.9393939   0.1332893407E+001   0.1021253972E+001   0.1142673081E+001   0.1009060238E+001
 0.9494949   0.1339917428E+001   0.1001648640E+001   0.1145430486E+001   0.9925079678E+000
 0.9595960   0.1319201065E+001   0.1003607483E+001   0.1149456372E+001   0.1003889251E+001
 0.9696970   0.1309185730E+001   0.9864098553E+000   0.1134764849E+001   0.9923248109E+000
 0.9797980   0.1322556945E+001   0.1002540730E+001   0.1136380575E+001   0.9993167183E+000
 0.9898990   0.1309361813E+001   0.9905397649E+000   0.1132460390E+001   0.9903761069E+000
 1.0000000   0.1332679962E+001   0.1014353887E+001   0.1140506285E+001   0.1007818605E+001


