Compiled using GNU Fortran (Ubuntu 9.4.0-1ubuntu1~20.04.2) 9.4.0 with all optimizations
Last Brick update unknown
Compiled at 18:43:37 on Sep  2 2023
Starting at 16:56:22 on Sep 11 2023

Settings
OK                      

Forcefield
OK                      

Topology
OK                      

Configuration
OK                      Read from ./INPUT/restart.in

 F
Monte Carlo Simulation initialized.

#########################################################################################################################
###########################################   ENERGY STARTING CONFIGURATION   ###########################################
#########################################################################################################################
                                               Box 1               Box 2
-------------------------------------------------------------------------------------------------------------------------
Lennard Jones        
 Intermolecular                         -0.4891697698E+006  -0.7899743123E+005
 Tailcorrection                         -0.1200513949E+005  -0.1787605540E+004
Total Intermolecular                    -0.5011749093E+006  -0.8078503677E+005

Electrostatic        
 Real                                   -0.1182944451E+006  -0.6471769496E+004
 Exclusion                               0.7982628700E+007   0.1954513441E+007
 Selfterm                               -0.8008268243E+007  -0.1956484337E+007
 Fourier                                 0.1412628406E+005   0.1940616650E+004
Total Intermolecular                    -0.1298077038E+006  -0.6502048368E+004

Intramolecular       
 Lennard Jones                           0.0000000000E+000   0.0000000000E+000
 Electrostatic                           0.0000000000E+000   0.0000000000E+000
 Bending                                 0.0000000000E+000   0.0000000000E+000
 Torsion                                 0.0000000000E+000   0.0000000000E+000

Total                                   -0.6309826131E+006  -0.8728708514E+005

#########################################################################################################################

Simulation is running...



#########################################################################################################################
###############################################   RELATIVE ENERGY DRIFTS   ##############################################
#########################################################################################################################
                                               Box 1               Box 2                                                 
-------------------------------------------------------------------------------------------------------------------------

Lennard Jones        
 Intermolecular                          0.9891432818E-014   0.6316243842E-015
 Tailcorrection                          0.0000000000E+000   0.0000000000E+000

Electrostatic        
 Real                                    0.9645878328E-014   0.2249194968E-014
 Exclusion                               0.0000000000E+000   0.0000000000E+000
 Selfterm                                0.0000000000E+000   0.0000000000E+000
 Fourier                                 0.2647453646E-015   0.0000000000E+000

Intramolecular       
 Lennard Jones                           0.0000000000E+000   0.0000000000E+000
 Electrostatic                           0.0000000000E+000   0.0000000000E+000
 Bending                                 0.0000000000E+000   0.0000000000E+000
 Torsion                                 0.0000000000E+000   0.0000000000E+000

Total                                    0.1013749549E-013   0.1354452298E-015

#########################################################################################################################
############################################   TRIAL MOVE ACCEPTANCE RATES   ############################################
#########################################################################################################################
                                               Box 1               Box 2
-------------------------------------------------------------------------------------------------------------------------
Translation
 CO2                                          0.53013             0.51989
 AR                                           0.51659             0.52267
-------------------------------------------------------------------------------------------------------------------------
Rotation
 CO2                                          0.52613             0.62577
 AR                                           0.00000             0.00000
-------------------------------------------------------------------------------------------------------------------------
Lambda Move
 cd                                           0.76628             0.91498
 Ar                                           0.84287             0.94934
-------------------------------------------------------------------------------------------------------------------------
GE Swap Fractional
 cd                                           0.33846             0.40456
 Ar                                           0.42125             0.49710
-------------------------------------------------------------------------------------------------------------------------
GE Identity Change
 cd                                           0.69263             0.87406
 Ar                                           0.80840             0.97771
-------------------------------------------------------------------------------------------------------------------------
Volume                                        0.55490             0.50330

#########################################################################################################################
######################################################   AVERAGES   #####################################################
#########################################################################################################################
                                                       Boltzmann                                    Biased
                                               Box 1               Box 2                  Box 1               Box 2      
-------------------------------------------------------------------------------------------------------------------------
Density
 CO2                                     0.7745440646E+003   0.9233137525E+002      0.7720130133E+003   0.9252811503E+002
 AR                                      0.1669566404E+003   0.1622020862E+003      0.1675740942E+003   0.1623199194E+003
 Total                                   0.9415007051E+003   0.2545334615E+003      0.9395871075E+003   0.2548480344E+003

Number of molecules
 CO2                                     0.4140940115E+003   0.1659059885E+003      0.4142247500E+003   0.1657752500E+003
 AR                                      0.9888835993E+002   0.3211116401E+003      0.9957917000E+002   0.3204208300E+003
 Total                                   0.5129823714E+003   0.4870176286E+003      0.5138039200E+003   0.4861960800E+003

Mole fractions
 CO2                                          0.80723             0.34066                 0.80619             0.34096
 AR                                           0.19277             0.65934                 0.19381             0.65904

Volume                                   0.3916113387E+005   0.1318150881E+006      0.3929804111E+005   0.1314351187E+006

#########################################################################################################################
#######################################   PROPERTIES FROM THE CFC GIBBS ENSEMBLE   ######################################
#########################################################################################################################
                                                       Boltzmann                                    Biased
                                               Box 1               Box 2                  Box 1               Box 2      
Chemical Potentials (as an indication)
=========================================================================================================================

Total cd                                -0.1942005217E+004  -0.1943941074E+004     -0.1942833323E+004  -0.1943402555E+004
 Ideal gas                              -0.1150401090E+004  -0.1688504397E+004     -0.1151229196E+004  -0.1687965878E+004
 Excess                                 -0.7916041271E+003  -0.2554366771E+003     -0.7916041271E+003  -0.2554366771E+003

-------------------------------------------------------------------------------------------------------------------------

Total Ar                                -0.1604701288E+004  -0.1602315966E+004     -0.1603767347E+004  -0.1602132238E+004
 Ideal gas                              -0.1514139731E+004  -0.1521449189E+004     -0.1513205790E+004  -0.1521265461E+004
 Excess                                 -0.9056155664E+002  -0.8086677730E+002     -0.9056155664E+002  -0.8086677730E+002

-------------------------------------------------------------------------------------------------------------------------

#########################################################################################################################
#########################################   PROPERTIES FROM UMBRELLA SAMPLING   #########################################
#########################################################################################################################

Excess Partial Molar Enthalpy
=========================================================================================================================


Partial Molar Volume
=========================================================================================================================


#########################################################################################################################
##################################################   AVERAGE ENERGIES   #################################################
#########################################################################################################################
                                                       Boltzmann                                    Biased
                                               Box 1               Box 2                  Box 1               Box 2      
-------------------------------------------------------------------------------------------------------------------------
Lennard Jones        
 Intermolecular                         -0.4445057638E+006  -0.8560949274E+005     -0.4441197376E+006  -0.8544919413E+005
 Tailcorrection                         -0.1100735390E+005  -0.2071451093E+004     -0.1099982307E+005  -0.2067979776E+004
Total Intermolecular                    -0.4555131177E+006  -0.8768094383E+005     -0.4551195606E+006  -0.8751717390E+005

Electrostatic        
 Real                                   -0.1105944036E+006  -0.7964306882E+004     -0.1102739506E+006  -0.7958444385E+004
 Exclusion                               0.7585026262E+007   0.2253423511E+007      0.7585361400E+007   0.2251105320E+007
 Selfterm                               -0.7609389059E+007  -0.2255695944E+007     -0.7609725085E+007  -0.2253375376E+007
 Fourier                                 0.1337417987E+005   0.2205479615E+004      0.1340607758E+005   0.2203739830E+004
Total Intermolecular                    -0.1215830209E+006  -0.8031260376E+004     -0.1212315579E+006  -0.8024760774E+004

Intramolecular       
 Lennard Jones                           0.0000000000E+000   0.0000000000E+000      0.0000000000E+000   0.0000000000E+000
 Electrostatic                           0.0000000000E+000   0.0000000000E+000      0.0000000000E+000   0.0000000000E+000
 Bending                                 0.0000000000E+000   0.0000000000E+000      0.0000000000E+000   0.0000000000E+000
 Torsion                                 0.0000000000E+000   0.0000000000E+000      0.0000000000E+000   0.0000000000E+000

Total                                   -0.5770961386E+006  -0.9571220421E+005     -0.5763511185E+006  -0.9554193468E+005

#########################################################################################################################

No errors found in bookkeeping.

Total simulation time:  14 hours and  49 minutes

Simulation finished.

