#   100 bins for weightfunction of cd                      
 0.0000000    0.3349382019E+001    0.6926422119E+000
 0.0101010    0.3366444397E+001    0.6847747803E+000
 0.0202020    0.3382997131E+001    0.6852828979E+000
 0.0303030    0.3400090027E+001    0.6881240845E+000
 0.0404040    0.3482487488E+001    0.7075576782E+000
 0.0505051    0.3537034607E+001    0.7000228882E+000
 0.0606061    0.3622738647E+001    0.6931747437E+000
 0.0707071    0.3695735168E+001    0.6861358643E+000
 0.0808081    0.3781594849E+001    0.6736068726E+000
 0.0909091    0.3907572937E+001    0.6878906250E+000
 0.1010101    0.3998278809E+001    0.6819183350E+000
 0.1111111    0.4085758972E+001    0.6872604370E+000
 0.1212121    0.4177470398E+001    0.6678085327E+000
 0.1313131    0.4232261658E+001    0.6531250000E+000
 0.1414141    0.4277252197E+001    0.6749084473E+000
 0.1515152    0.4295692444E+001    0.6656951904E+000
 0.1616162    0.4332360840E+001    0.6451370239E+000
 0.1717172    0.4334539795E+001    0.6217956543E+000
 0.1818182    0.4329115295E+001    0.6336547852E+000
 0.1919192    0.4293576050E+001    0.6477706909E+000
 0.2020202    0.4284245300E+001    0.6308380127E+000
 0.2121212    0.4245858765E+001    0.6180618286E+000
 0.2222222    0.4184454346E+001    0.6201126099E+000
 0.2323232    0.4126434326E+001    0.5918869019E+000
 0.2424242    0.4080273437E+001    0.5973342896E+000
 0.2525253    0.4008570862E+001    0.5748321533E+000
 0.2626263    0.3949592590E+001    0.5714416504E+000
 0.2727273    0.3874362183E+001    0.5576446533E+000
 0.2828283    0.3789202881E+001    0.5649627686E+000
 0.2929293    0.3699014282E+001    0.5259292603E+000
 0.3030303    0.3629484558E+001    0.5304977417E+000
 0.3131313    0.3528453064E+001    0.5203308105E+000
 0.3232323    0.3405078125E+001    0.5132049561E+000
 0.3333333    0.3348730469E+001    0.5035614014E+000
 0.3434343    0.3241864014E+001    0.5013381958E+000
 0.3535354    0.3149047852E+001    0.4794555664E+000
 0.3636364    0.3035916138E+001    0.4814575195E+000
 0.3737374    0.2943196106E+001    0.4671539307E+000
 0.3838384    0.2845098877E+001    0.4474411011E+000
 0.3939394    0.2723516846E+001    0.4290191650E+000
 0.4040404    0.2609194946E+001    0.4034042358E+000
 0.4141414    0.2509718323E+001    0.4025955200E+000
 0.4242424    0.2397665405E+001    0.4065002441E+000
 0.4343434    0.2257800293E+001    0.3825119019E+000
 0.4444444    0.2144325256E+001    0.3821166992E+000
 0.4545455    0.2027742004E+001    0.3779251099E+000
 0.4646465    0.1915031433E+001    0.3623428345E+000
 0.4747475    0.1820588684E+001    0.3509902954E+000
 0.4848485    0.1684152222E+001    0.3293014526E+000
 0.4949495    0.1554930115E+001    0.3084304810E+000
 0.5050505    0.1488890076E+001    0.3130340576E+000
 0.5151515    0.1486972046E+001    0.2960830688E+000
 0.5252525    0.1469404602E+001    0.3108993530E+000
 0.5353535    0.1499057007E+001    0.3102279663E+000
 0.5454545    0.1493415833E+001    0.3138244629E+000
 0.5555556    0.1478434753E+001    0.3047851562E+000
 0.5656566    0.1457919312E+001    0.2931625366E+000
 0.5757576    0.1427873230E+001    0.2988052368E+000
 0.5858586    0.1455834961E+001    0.2826919556E+000
 0.5959596    0.1428797913E+001    0.3048980713E+000
 0.6060606    0.1427682495E+001    0.2938522339E+000
 0.6161616    0.1399604797E+001    0.2940673828E+000
 0.6262626    0.1398632812E+001    0.3079879761E+000
 0.6363636    0.1375953674E+001    0.2948150635E+000
 0.6464646    0.1347706604E+001    0.3055694580E+000
 0.6565657    0.1315769958E+001    0.2885589600E+000
 0.6666667    0.1318446350E+001    0.3099456787E+000
 0.6767677    0.1275979614E+001    0.3025466919E+000
 0.6868687    0.1291247559E+001    0.2964080811E+000
 0.6969697    0.1267662048E+001    0.2887771606E+000
 0.7070707    0.1214398193E+001    0.2883239746E+000
 0.7171717    0.1187184143E+001    0.2868133545E+000
 0.7272727    0.1162065125E+001    0.2860717773E+000
 0.7373737    0.1128421021E+001    0.2808288574E+000
 0.7474747    0.1117070007E+001    0.2864120483E+000
 0.7575758    0.1068232727E+001    0.2868881226E+000
 0.7676768    0.1031535339E+001    0.2604766846E+000
 0.7777778    0.1003117371E+001    0.2707626343E+000
 0.7878788    0.9697540283E+000    0.2683731079E+000
 0.7979798    0.9379669189E+000    0.2772766113E+000
 0.8080808    0.8906814575E+000    0.2602752686E+000
 0.8181818    0.8590148926E+000    0.2671371460E+000
 0.8282828    0.8267761230E+000    0.2730255127E+000
 0.8383838    0.7692718506E+000    0.2445373535E+000
 0.8484848    0.7377487183E+000    0.2597137451E+000
 0.8585859    0.6935302734E+000    0.2464675903E+000
 0.8686869    0.6631301880E+000    0.2479263306E+000
 0.8787879    0.5949172974E+000    0.2263778687E+000
 0.8888889    0.5477752686E+000    0.2177917480E+000
 0.8989899    0.5009918213E+000    0.2089462280E+000
 0.9090909    0.4547882080E+000    0.2133331299E+000
 0.9191919    0.4303497314E+000    0.2267959595E+000
 0.9292929    0.3719497681E+000    0.2221176147E+000
 0.9393939    0.3081604004E+000    0.2051986694E+000
 0.9494949    0.2625885010E+000    0.2122848511E+000
 0.9595960    0.1878967285E+000    0.1793899536E+000
 0.9696970    0.1549255371E+000    0.1891464233E+000
 0.9797980    0.8043060303E-001    0.1910018921E+000
 0.9898990    0.2463989258E-001    0.1666076660E+000
 1.0000000    0.0000000000E+000    0.1831344604E+000


#   100 bins for weightfunction of Ar                      
 0.0000000    0.2851641846E+001    0.1755599976E+000
 0.0101010    0.2854490662E+001    0.1960510254E+000
 0.0202020    0.2854357910E+001    0.1714004517E+000
 0.0303030    0.2887480164E+001    0.1826019287E+000
 0.0404040    0.2942955017E+001    0.1908477783E+000
 0.0505051    0.2952360535E+001    0.1774185181E+000
 0.0606061    0.3018751526E+001    0.1821304321E+000
 0.0707071    0.3092860413E+001    0.1966033936E+000
 0.0808081    0.3189346313E+001    0.2063522339E+000
 0.0909091    0.3269284058E+001    0.2083816528E+000
 0.1010101    0.3352903748E+001    0.1838424683E+000
 0.1111111    0.3435423279E+001    0.1869735718E+000
 0.1212121    0.3530706787E+001    0.1958663940E+000
 0.1313131    0.3630664062E+001    0.1956390381E+000
 0.1414141    0.3707739258E+001    0.1755813599E+000
 0.1515152    0.3798765564E+001    0.1979217529E+000
 0.1616162    0.3877162170E+001    0.2005447388E+000
 0.1717172    0.3913287354E+001    0.1967803955E+000
 0.1818182    0.3963774109E+001    0.1813995361E+000
 0.1919192    0.3985177612E+001    0.1935089111E+000
 0.2020202    0.4028939819E+001    0.1897674561E+000
 0.2121212    0.4007859802E+001    0.1628555298E+000
 0.2222222    0.4018826294E+001    0.1819427490E+000
 0.2323232    0.4027679443E+001    0.1762344360E+000
 0.2424242    0.4001457214E+001    0.1621337891E+000
 0.2525253    0.3981367493E+001    0.1431503296E+000
 0.2626263    0.3956671143E+001    0.1515701294E+000
 0.2727273    0.3937617493E+001    0.1657318115E+000
 0.2828283    0.3893333435E+001    0.1319152832E+000
 0.2929293    0.3863713074E+001    0.1450561523E+000
 0.3030303    0.3851821899E+001    0.1594589233E+000
 0.3131313    0.3795391846E+001    0.1221405029E+000
 0.3232323    0.3739236450E+001    0.1112792969E+000
 0.3333333    0.3720945740E+001    0.1080154419E+000
 0.3434343    0.3640109253E+001    0.1287948608E+000
 0.3535354    0.3613380432E+001    0.1104629517E+000
 0.3636364    0.3557109070E+001    0.1039489746E+000
 0.3737374    0.3515263367E+001    0.9083709717E-001
 0.3838384    0.3456803894E+001    0.8660736084E-001
 0.3939394    0.3391723633E+001    0.8332366943E-001
 0.4040404    0.3335350037E+001    0.6480560303E-001
 0.4141414    0.3288769531E+001    0.7722167969E-001
 0.4242424    0.3241636658E+001    0.5660858154E-001
 0.4343434    0.3168896484E+001    0.4958496094E-001
 0.4444444    0.3114111328E+001    0.4241180420E-001
 0.4545455    0.3025697327E+001    0.3742218018E-001
 0.4646465    0.2986431885E+001    0.3797454834E-001
 0.4747475    0.2903378296E+001    0.4959716797E-001
 0.4848485    0.2841981506E+001    0.1736450195E-001
 0.4949495    0.2788551331E+001    0.1998748779E-001
 0.5050505    0.2746720886E+001    0.2089996338E-001
 0.5151515    0.2769261169E+001    0.3412017822E-001
 0.5252525    0.2726904297E+001    0.1239776611E-001
 0.5353535    0.2755387878E+001    0.1512908936E-001
 0.5454545    0.2749246216E+001    0.2252197266E-002
 0.5555556    0.2752888489E+001    0.2303009033E-001
 0.5656566    0.2751837158E+001    0.1914367676E-001
 0.5757576    0.2766392517E+001    0.1750183105E-002
 0.5858586    0.2761361694E+001    0.9027099609E-002
 0.5959596    0.2746943665E+001    0.7211303711E-002
 0.6060606    0.2751756287E+001    0.2020874023E-001
 0.6161616    0.2747802734E+001    0.3358459473E-001
 0.6262626    0.2748265076E+001    0.2510681152E-001
 0.6363636    0.2746446228E+001    0.2560424805E-002
 0.6464646    0.2748866272E+001    0.2156524658E-001
 0.6565657    0.2746408081E+001    0.1420745850E-001
 0.6666667    0.2736320496E+001    0.3096923828E-001
 0.6767677    0.2745103455E+001    0.2384490967E-001
 0.6868687    0.2750643921E+001    0.1524353027E-001
 0.6969697    0.2749981689E+001    0.1482696533E-001
 0.7070707    0.2739126587E+001    0.8348083496E-002
 0.7171717    0.2744714355E+001    0.1412658691E-001
 0.7272727    0.2744653320E+001    0.0000000000E+000
 0.7373737    0.2745289612E+001    0.2070159912E-001
 0.7474747    0.2751512146E+001    0.1921539307E-001
 0.7575758    0.2749331665E+001    0.1158752441E-001
 0.7676768    0.2746945190E+001    0.1148986816E-001
 0.7777778    0.2736021423E+001    0.1011657715E-001
 0.7878788    0.2746817017E+001    0.1136627197E-001
 0.7979798    0.2739266968E+001    0.1045379639E-001
 0.8080808    0.2738854980E+001    0.1365203857E-001
 0.8181818    0.2746231079E+001    0.1153564453E-001
 0.8282828    0.2725796509E+001    0.2938842773E-002
 0.8383838    0.2732772827E+001    0.8564758301E-002
 0.8484848    0.2740669250E+001    0.6144714355E-002
 0.8585859    0.2751385498E+001    0.1891021729E-001
 0.8686869    0.2749142456E+001    0.1442565918E-001
 0.8787879    0.2753677368E+001    0.3057861328E-002
 0.8888889    0.2742031860E+001    0.1144409180E-001
 0.8989899    0.2743286133E+001    0.1477966309E-001
 0.9090909    0.2737446594E+001    0.8053588867E-002
 0.9191919    0.2744703674E+001    0.1617736816E-001
 0.9292929    0.2762937927E+001    0.2604675293E-001
 0.9393939    0.2747517395E+001    0.9492492676E-002
 0.9494949    0.2738619995E+001    0.5319213867E-002
 0.9595960    0.2742417908E+001    0.2562866211E-001
 0.9696970    0.2761523437E+001    0.2683868408E-001
 0.9797980    0.2748107910E+001    0.1348876953E-001
 0.9898990    0.2765171814E+001    0.3213653564E-001
 1.0000000    0.2739694214E+001    0.1168365479E-001


