#   100 bins for weightfunction of cd                      
 0.0000000    0.2924610901E+001    0.2242048645E+001
 0.0101010    0.2916436768E+001    0.2234492493E+001
 0.0202020    0.2911752319E+001    0.2216201782E+001
 0.0303030    0.2940240479E+001    0.2225151062E+001
 0.0404040    0.2992645264E+001    0.2242594910E+001
 0.0505051    0.3043496704E+001    0.2260916138E+001
 0.0606061    0.3081053162E+001    0.2286447144E+001
 0.0707071    0.3105290222E+001    0.2260183716E+001
 0.0808081    0.3168441772E+001    0.2272627258E+001
 0.0909091    0.3221435547E+001    0.2294117737E+001
 0.1010101    0.3262301636E+001    0.2288208008E+001
 0.1111111    0.3325920105E+001    0.2284013367E+001
 0.1212121    0.3351350403E+001    0.2290347290E+001
 0.1313131    0.3359123230E+001    0.2258489990E+001
 0.1414141    0.3364634705E+001    0.2257974243E+001
 0.1515152    0.3365988159E+001    0.2241441345E+001
 0.1616162    0.3366090393E+001    0.2253671265E+001
 0.1717172    0.3350430298E+001    0.2199194336E+001
 0.1818182    0.3320672607E+001    0.2197994995E+001
 0.1919192    0.3303004456E+001    0.2194558716E+001
 0.2020202    0.3248803711E+001    0.2172273254E+001
 0.2121212    0.3222467041E+001    0.2167973328E+001
 0.2222222    0.3155665588E+001    0.2111560059E+001
 0.2323232    0.3130606079E+001    0.2076240540E+001
 0.2424242    0.3071377563E+001    0.2065243530E+001
 0.2525253    0.3015443420E+001    0.2024284363E+001
 0.2626263    0.2936497498E+001    0.2001818848E+001
 0.2727273    0.2872259521E+001    0.1976571655E+001
 0.2828283    0.2790432739E+001    0.1941044617E+001
 0.2929293    0.2743316650E+001    0.1917819214E+001
 0.3030303    0.2638755798E+001    0.1861334229E+001
 0.3131313    0.2567921448E+001    0.1829469299E+001
 0.3232323    0.2509483337E+001    0.1810488892E+001
 0.3333333    0.2426379395E+001    0.1769319153E+001
 0.3434343    0.2363204956E+001    0.1739578247E+001
 0.3535354    0.2260726929E+001    0.1712432861E+001
 0.3636364    0.2175582886E+001    0.1669548035E+001
 0.3737374    0.2107972717E+001    0.1642163086E+001
 0.3838384    0.1979826355E+001    0.1594400024E+001
 0.3939394    0.1920492554E+001    0.1530238342E+001
 0.4040404    0.1797711182E+001    0.1502114868E+001
 0.4141414    0.1741426086E+001    0.1473986816E+001
 0.4242424    0.1637466431E+001    0.1434902954E+001
 0.4343434    0.1572708130E+001    0.1384442139E+001
 0.4444444    0.1461918640E+001    0.1353511047E+001
 0.4545455    0.1366014099E+001    0.1288836670E+001
 0.4646465    0.1280882263E+001    0.1278620911E+001
 0.4747475    0.1169189453E+001    0.1217825317E+001
 0.4848485    0.1058447266E+001    0.1165034485E+001
 0.4949495    0.9754531860E+000    0.1134774780E+001
 0.5050505    0.9144180298E+000    0.1140960693E+001
 0.5151515    0.9326370239E+000    0.1103897095E+001
 0.5252525    0.9429519653E+000    0.1117591858E+001
 0.5353535    0.9229171753E+000    0.1121775818E+001
 0.5454545    0.9374206543E+000    0.1121229553E+001
 0.5555556    0.9082000732E+000    0.1114971924E+001
 0.5656566    0.9322311401E+000    0.1124655151E+001
 0.5757576    0.9071090698E+000    0.1103831482E+001
 0.5858586    0.9168914795E+000    0.1132905579E+001
 0.5959596    0.8930221558E+000    0.1111560059E+001
 0.6060606    0.8727722168E+000    0.1089767456E+001
 0.6161616    0.8662536621E+000    0.1101197815E+001
 0.6262626    0.8642135620E+000    0.1116484070E+001
 0.6363636    0.8600555420E+000    0.1106089783E+001
 0.6464646    0.8298065186E+000    0.1103025818E+001
 0.6565657    0.8389175415E+000    0.1093383789E+001
 0.6666667    0.8378112793E+000    0.1109419250E+001
 0.6767677    0.8207809448E+000    0.1116365051E+001
 0.6868687    0.8058105469E+000    0.1091674805E+001
 0.6969697    0.7689102173E+000    0.1083851624E+001
 0.7070707    0.7764114380E+000    0.1086082458E+001
 0.7171717    0.7777084351E+000    0.1104945374E+001
 0.7272727    0.7481597900E+000    0.1065625000E+001
 0.7373737    0.7092224121E+000    0.1055717468E+001
 0.7474747    0.6877593994E+000    0.1039717102E+001
 0.7575758    0.6875793457E+000    0.1051600647E+001
 0.7676768    0.6765808106E+000    0.1043206787E+001
 0.7777778    0.6383941650E+000    0.1045544434E+001
 0.7878788    0.6262817383E+000    0.1042344666E+001
 0.7979798    0.6015121460E+000    0.1025483704E+001
 0.8080808    0.5752151489E+000    0.1026029968E+001
 0.8181818    0.5646118164E+000    0.1015399170E+001
 0.8282828    0.5378295898E+000    0.1023022461E+001
 0.8383838    0.4977371216E+000    0.9948577881E+000
 0.8484848    0.4768005371E+000    0.9964141846E+000
 0.8585859    0.4434173584E+000    0.9925888062E+000
 0.8686869    0.4239990234E+000    0.9838607788E+000
 0.8787879    0.3960296631E+000    0.9834396362E+000
 0.8888889    0.3663009644E+000    0.9619079590E+000
 0.8989899    0.3403594971E+000    0.9680892944E+000
 0.9090909    0.3042327881E+000    0.9524566650E+000
 0.9191919    0.2719650269E+000    0.9414581299E+000
 0.9292929    0.2314895630E+000    0.9169326782E+000
 0.9393939    0.2028869629E+000    0.9349136353E+000
 0.9494949    0.1714294434E+000    0.9198883057E+000
 0.9595960    0.1429885864E+000    0.9128692627E+000
 0.9696970    0.1228576660E+000    0.9175003052E+000
 0.9797980    0.7248535156E-001    0.9011657715E+000
 0.9898990    0.3101196289E-001    0.8849288940E+000
 1.0000000    0.0000000000E+000    0.8710693359E+000


#   100 bins for weightfunction of Ar                      
 0.0000000    0.1141609192E+001    0.4434280396E+000
 0.0101010    0.1169644165E+001    0.4672180176E+000
 0.0202020    0.1162951660E+001    0.4492187500E+000
 0.0303030    0.1211463928E+001    0.4767013550E+000
 0.0404040    0.1195365906E+001    0.4583694458E+000
 0.0505051    0.1233480835E+001    0.4609130859E+000
 0.0606061    0.1296281433E+001    0.4864730835E+000
 0.0707071    0.1335386658E+001    0.5081359863E+000
 0.0808081    0.1360958862E+001    0.5022811890E+000
 0.0909091    0.1421887207E+001    0.5080291748E+000
 0.1010101    0.1469885254E+001    0.5162429810E+000
 0.1111111    0.1521694946E+001    0.5275543213E+000
 0.1212121    0.1582736206E+001    0.5355926514E+000
 0.1313131    0.1630038452E+001    0.5428909302E+000
 0.1414141    0.1681227112E+001    0.5527923584E+000
 0.1515152    0.1714428711E+001    0.5534561157E+000
 0.1616162    0.1737228394E+001    0.5529602051E+000
 0.1717172    0.1787017822E+001    0.5551559448E+000
 0.1818182    0.1789274597E+001    0.5552780151E+000
 0.1919192    0.1806950378E+001    0.5507446289E+000
 0.2020202    0.1820437622E+001    0.5549468994E+000
 0.2121212    0.1809117126E+001    0.5123535156E+000
 0.2222222    0.1771417236E+001    0.5242507935E+000
 0.2323232    0.1765603638E+001    0.5039932251E+000
 0.2424242    0.1736857605E+001    0.5096878052E+000
 0.2525253    0.1702684021E+001    0.4680999756E+000
 0.2626263    0.1707493591E+001    0.4886199951E+000
 0.2727273    0.1667840576E+001    0.4450531006E+000
 0.2828283    0.1635731506E+001    0.4181976318E+000
 0.2929293    0.1607897949E+001    0.4307769775E+000
 0.3030303    0.1569522095E+001    0.3693405151E+000
 0.3131313    0.1569834900E+001    0.3847412109E+000
 0.3232323    0.1490679932E+001    0.3667861938E+000
 0.3333333    0.1477845764E+001    0.3445388794E+000
 0.3434343    0.1429849243E+001    0.3333221436E+000
 0.3535354    0.1397331238E+001    0.3173507690E+000
 0.3636364    0.1349986267E+001    0.3161422730E+000
 0.3737374    0.1305004883E+001    0.2825729370E+000
 0.3838384    0.1255451965E+001    0.2521545410E+000
 0.3939394    0.1225862122E+001    0.2315643311E+000
 0.4040404    0.1189562988E+001    0.2318008423E+000
 0.4141414    0.1133007812E+001    0.2037445068E+000
 0.4242424    0.1075027466E+001    0.1772140503E+000
 0.4343434    0.1055064392E+001    0.1601028442E+000
 0.4444444    0.9888351440E+000    0.1203735352E+000
 0.4545455    0.9374938965E+000    0.1083541870E+000
 0.4646465    0.8701843262E+000    0.8259887695E-001
 0.4747475    0.8395156860E+000    0.6384429932E-001
 0.4848485    0.8081756592E+000    0.6334075928E-001
 0.4949495    0.7652893066E+000    0.5134277344E-001
 0.5050505    0.7137542725E+000    0.9431457520E-002
 0.5151515    0.7052703857E+000    0.1324310303E-001
 0.5252525    0.7072418213E+000    0.3040466309E-001
 0.5353535    0.7147567749E+000    0.2028045654E-001
 0.5454545    0.6992172241E+000    0.1705627441E-001
 0.5555556    0.7102661133E+000    0.1109466553E-001
 0.5656566    0.7029541016E+000    0.2852172852E-001
 0.5757576    0.6899337769E+000    0.2146453857E-001
 0.5858586    0.7014511108E+000    0.7991027832E-002
 0.5959596    0.6985183716E+000    0.4940795898E-002
 0.6060606    0.7125076294E+000    0.2261810303E-001
 0.6161616    0.7019607544E+000    0.2645416260E-001
 0.6262626    0.6990539551E+000    0.1866302490E-001
 0.6363636    0.6936889648E+000    0.9715270996E-002
 0.6464646    0.6874465942E+000    0.1417236328E-001
 0.6565657    0.6944183350E+000    0.6942749023E-002
 0.6666667    0.7016159058E+000    0.7925415039E-002
 0.6767677    0.7095687866E+000    0.9158325195E-002
 0.6868687    0.7135192871E+000    0.2238159180E-001
 0.6969697    0.6981811523E+000    0.1230010986E-001
 0.7070707    0.6997863770E+000    0.2100067139E-001
 0.7171717    0.6948028564E+000    0.1243286133E-001
 0.7272727    0.7076004028E+000    0.2386932373E-001
 0.7373737    0.6943908691E+000    0.1639556885E-001
 0.7474747    0.6941146851E+000    0.8444213867E-002
 0.7575758    0.6932342529E+000    0.1992034912E-001
 0.7676768    0.7036849976E+000    0.2517089844E-001
 0.7777778    0.7038330078E+000    0.2348937988E-001
 0.7878788    0.7036972046E+000    0.2139892578E-001
 0.7979798    0.7040039063E+000    0.1561889648E-001
 0.8080808    0.6946365356E+000    0.1747741699E-001
 0.8181818    0.6997528076E+000    0.2581634521E-001
 0.8282828    0.7123718262E+000    0.2814483643E-001
 0.8383838    0.7048553467E+000    0.1658935547E-001
 0.8484848    0.6986785889E+000    0.1258544922E-001
 0.8585859    0.6982192993E+000    0.1807098389E-001
 0.8686869    0.7059539795E+000    0.2628021240E-001
 0.8787879    0.7064697266E+000    0.2130432129E-001
 0.8888889    0.7112060547E+000    0.2619171143E-001
 0.8989899    0.6956222534E+000    0.1712646484E-001
 0.9090909    0.6970031738E+000    0.8059692383E-002
 0.9191919    0.6891693115E+000    0.9800720215E-002
 0.9292929    0.7077087402E+000    0.2146911621E-001
 0.9393939    0.6903488159E+000    0.0000000000E+000
 0.9494949    0.7124267578E+000    0.2559509277E-001
 0.9595960    0.6973327637E+000    0.1457977295E-001
 0.9696970    0.7159240723E+000    0.3246459961E-001
 0.9797980    0.7055435181E+000    0.3196716309E-001
 0.9898990    0.7025756836E+000    0.2451324463E-001
 1.0000000    0.7115249634E+000    0.3068542480E-001


