Compiled using GNU Fortran (Ubuntu 9.4.0-1ubuntu1~20.04.2) 9.4.0 with all optimizations
Last Brick update unknown
Compiled at 18:43:37 on Sep  2 2023
Starting at 16:56:21 on Sep 11 2023

Settings
OK                      

Forcefield
OK                      

Topology
OK                      

Configuration
OK                      Read from ./INPUT/restart.in

 F
Monte Carlo Simulation initialized.

#########################################################################################################################
###########################################   ENERGY STARTING CONFIGURATION   ###########################################
#########################################################################################################################
                                               Box 1               Box 2
-------------------------------------------------------------------------------------------------------------------------
Lennard Jones        
 Intermolecular                         -0.4798634952E+006  -0.6732361784E+005
 Tailcorrection                         -0.1203449897E+005  -0.1681165655E+004
Total Intermolecular                    -0.4918979942E+006  -0.6900478350E+005

Electrostatic        
 Real                                   -0.1249751031E+006  -0.7888260908E+004
 Exclusion                               0.8220273026E+007   0.2194042745E+007
 Selfterm                               -0.8246675718E+007  -0.2196255828E+007
 Fourier                                 0.1454251500E+005   0.2077846726E+004
Total Intermolecular                    -0.1368352799E+006  -0.8023496827E+004

Intramolecular       
 Lennard Jones                           0.0000000000E+000   0.0000000000E+000
 Electrostatic                           0.0000000000E+000   0.0000000000E+000
 Bending                                 0.0000000000E+000   0.0000000000E+000
 Torsion                                 0.0000000000E+000   0.0000000000E+000

Total                                   -0.6287332740E+006  -0.7702828032E+005

#########################################################################################################################

Simulation is running...



#########################################################################################################################
###############################################   RELATIVE ENERGY DRIFTS   ##############################################
#########################################################################################################################
                                               Box 1               Box 2                                                 
-------------------------------------------------------------------------------------------------------------------------

Lennard Jones        
 Intermolecular                          0.1386399917E-013   0.2313242572E-014
 Tailcorrection                          0.0000000000E+000   0.0000000000E+000

Electrostatic        
 Real                                    0.5960919647E-014   0.2991675563E-015
 Exclusion                               0.0000000000E+000   0.1706860027E-015
 Selfterm                                0.0000000000E+000   0.0000000000E+000
 Fourier                                 0.0000000000E+000   0.1742845203E-015

Intramolecular       
 Lennard Jones                           0.0000000000E+000   0.0000000000E+000
 Electrostatic                           0.0000000000E+000   0.0000000000E+000
 Bending                                 0.0000000000E+000   0.0000000000E+000
 Torsion                                 0.0000000000E+000   0.0000000000E+000

Total                                    0.1235103312E-013   0.4276694973E-014

#########################################################################################################################
############################################   TRIAL MOVE ACCEPTANCE RATES   ############################################
#########################################################################################################################
                                               Box 1               Box 2
-------------------------------------------------------------------------------------------------------------------------
Translation
 CO2                                          0.50399             0.53625
 AR                                           0.48034             0.52329
-------------------------------------------------------------------------------------------------------------------------
Rotation
 CO2                                          0.49794             0.64424
 AR                                           0.00000             0.00000
-------------------------------------------------------------------------------------------------------------------------
Lambda Move
 cd                                           0.75655             0.92125
 Ar                                           0.83292             0.95245
-------------------------------------------------------------------------------------------------------------------------
GE Swap Fractional
 cd                                           0.41183             0.33358
 Ar                                           0.50269             0.42113
-------------------------------------------------------------------------------------------------------------------------
GE Identity Change
 cd                                           0.86331             0.68056
 Ar                                           0.97807             0.78048
-------------------------------------------------------------------------------------------------------------------------
Volume                                        0.50283             0.51428

#########################################################################################################################
######################################################   AVERAGES   #####################################################
#########################################################################################################################
                                                       Boltzmann                                    Biased
                                               Box 1               Box 2                  Box 1               Box 2      
-------------------------------------------------------------------------------------------------------------------------
Density
 CO2                                     0.8503064779E+003   0.8859479506E+002      0.8487913310E+003   0.8833462945E+002
 AR                                      0.1267781021E+003   0.1375784308E+003      0.1272462451E+003   0.1377464752E+003
 Total                                   0.9770845800E+003   0.2261732258E+003      0.9760375762E+003   0.2260811047E+003

Number of molecules
 CO2                                     0.4221867072E+003   0.1878132928E+003      0.4232928600E+003   0.1867071400E+003
 AR                                      0.6991230353E+002   0.3200876965E+003      0.7048948000E+002   0.3195105200E+003
 Total                                   0.4920990107E+003   0.5079009893E+003      0.4937823400E+003   0.5062176600E+003

Mole fractions
 CO2                                          0.85793             0.36978                 0.85725             0.36883
 AR                                           0.14207             0.63022                 0.14275             0.63117

Volume                                   0.3636947669E+005   0.1549543398E+006      0.3653103797E+005   0.1544909019E+006

#########################################################################################################################
#######################################   PROPERTIES FROM THE CFC GIBBS ENSEMBLE   ######################################
#########################################################################################################################
                                                       Boltzmann                                    Biased
                                               Box 1               Box 2                  Box 1               Box 2      
Chemical Potentials (as an indication)
=========================================================================================================================

Total cd                                -0.1943054270E+004  -0.1943737985E+004     -0.1943505489E+004  -0.1944482033E+004
 Ideal gas                              -0.1126790549E+004  -0.1698956055E+004     -0.1127241768E+004  -0.1699700102E+004
 Excess                                 -0.8162637210E+003  -0.2447819304E+003     -0.8162637210E+003  -0.2447819304E+003

-------------------------------------------------------------------------------------------------------------------------

Total Ar                                -0.1648514745E+004  -0.1648694116E+004     -0.1647582234E+004  -0.1648385279E+004
 Ideal gas                              -0.1583789571E+004  -0.1563105346E+004     -0.1582857059E+004  -0.1562796509E+004
 Excess                                 -0.6472517436E+002  -0.8558876982E+002     -0.6472517436E+002  -0.8558876982E+002

-------------------------------------------------------------------------------------------------------------------------

#########################################################################################################################
#########################################   PROPERTIES FROM UMBRELLA SAMPLING   #########################################
#########################################################################################################################

Excess Partial Molar Enthalpy
=========================================================================================================================


Partial Molar Volume
=========================================================================================================================


#########################################################################################################################
##################################################   AVERAGE ENERGIES   #################################################
#########################################################################################################################
                                                       Boltzmann                                    Biased
                                               Box 1               Box 2                  Box 1               Box 2      
-------------------------------------------------------------------------------------------------------------------------
Lennard Jones        
 Intermolecular                         -0.4573476438E+006  -0.8339876729E+005     -0.4581844292E+006  -0.8288175662E+005
 Tailcorrection                         -0.1128587176E+005  -0.1964727841E+004     -0.1130834902E+005  -0.1954242388E+004
Total Intermolecular                    -0.4686335156E+006  -0.8536349513E+005     -0.4694927782E+006  -0.8483599901E+005

Electrostatic        
 Real                                   -0.1222586637E+006  -0.8903146418E+004     -0.1223171284E+006  -0.8819927483E+004
 Exclusion                               0.7732962258E+007   0.2550877462E+007      0.7751054396E+007   0.2535521733E+007
 Selfterm                               -0.7757800176E+007  -0.2553449849E+007     -0.7775950217E+007  -0.2538078612E+007
 Fourier                                 0.1276836749E+005   0.2479240996E+004      0.1281751196E+005   0.2464578332E+004
Total Intermolecular                    -0.1343282141E+006  -0.8996292163E+004     -0.1343954379E+006  -0.8912228403E+004

Intramolecular       
 Lennard Jones                           0.0000000000E+000   0.0000000000E+000      0.0000000000E+000   0.0000000000E+000
 Electrostatic                           0.0000000000E+000   0.0000000000E+000      0.0000000000E+000   0.0000000000E+000
 Bending                                 0.0000000000E+000   0.0000000000E+000      0.0000000000E+000   0.0000000000E+000
 Torsion                                 0.0000000000E+000   0.0000000000E+000      0.0000000000E+000   0.0000000000E+000

Total                                   -0.6029617297E+006  -0.9435978729E+005     -0.6038882161E+006  -0.9374822741E+005

#########################################################################################################################

No errors found in bookkeeping.

Total simulation time:  15 hours and  34 minutes

Simulation finished.

