#   100 bins for weightfunction of cd                      
 0.0000000    0.3220190430E+001    0.1714550781E+001
 0.0101010    0.3240991211E+001    0.1731713867E+001
 0.0202020    0.3250683594E+001    0.1728442383E+001
 0.0303030    0.3283740234E+001    0.1731591797E+001
 0.0404040    0.3328125000E+001    0.1729370117E+001
 0.0505051    0.3374291992E+001    0.1723974609E+001
 0.0606061    0.3463891602E+001    0.1739599609E+001
 0.0707071    0.3526562500E+001    0.1730761719E+001
 0.0808081    0.3614404297E+001    0.1733520508E+001
 0.0909091    0.3696240234E+001    0.1742578125E+001
 0.1010101    0.3767602539E+001    0.1723242188E+001
 0.1111111    0.3838671875E+001    0.1727319336E+001
 0.1212121    0.3894091797E+001    0.1707055664E+001
 0.1313131    0.3965722656E+001    0.1719580078E+001
 0.1414141    0.3986035156E+001    0.1713330078E+001
 0.1515152    0.4017895508E+001    0.1688916016E+001
 0.1616162    0.4038012695E+001    0.1689990234E+001
 0.1717172    0.4022241211E+001    0.1679492188E+001
 0.1818182    0.4033911133E+001    0.1663623047E+001
 0.1919192    0.3998046875E+001    0.1659814453E+001
 0.2020202    0.3956152344E+001    0.1639355469E+001
 0.2121212    0.3909448242E+001    0.1623730469E+001
 0.2222222    0.3880102539E+001    0.1606738281E+001
 0.2323232    0.3816918945E+001    0.1596923828E+001
 0.2424242    0.3750830078E+001    0.1577197266E+001
 0.2525253    0.3691162109E+001    0.1557104492E+001
 0.2626263    0.3626977539E+001    0.1547387695E+001
 0.2727273    0.3535961914E+001    0.1527856445E+001
 0.2828283    0.3460742187E+001    0.1511523438E+001
 0.2929293    0.3380712891E+001    0.1480346680E+001
 0.3030303    0.3303955078E+001    0.1468286133E+001
 0.3131313    0.3221777344E+001    0.1461865234E+001
 0.3232323    0.3127929687E+001    0.1435253906E+001
 0.3333333    0.3040600586E+001    0.1408007813E+001
 0.3434343    0.2923144531E+001    0.1398413086E+001
 0.3535354    0.2841699219E+001    0.1359936523E+001
 0.3636364    0.2740869141E+001    0.1343823242E+001
 0.3737374    0.2641552734E+001    0.1318774414E+001
 0.3838384    0.2544018555E+001    0.1291601563E+001
 0.3939394    0.2441186523E+001    0.1272216797E+001
 0.4040404    0.2340625000E+001    0.1251147461E+001
 0.4141414    0.2234960938E+001    0.1228613281E+001
 0.4242424    0.2133447266E+001    0.1210595703E+001
 0.4343434    0.2028149414E+001    0.1190600586E+001
 0.4444444    0.1915112305E+001    0.1159643555E+001
 0.4545455    0.1794213867E+001    0.1126757813E+001
 0.4646465    0.1690380859E+001    0.1105175781E+001
 0.4747475    0.1592211914E+001    0.1080737305E+001
 0.4848485    0.1478271484E+001    0.1064941406E+001
 0.4949495    0.1357836914E+001    0.1044067383E+001
 0.5050505    0.1299365234E+001    0.1012915039E+001
 0.5151515    0.1299780273E+001    0.1026391602E+001
 0.5252525    0.1281713867E+001    0.1022705078E+001
 0.5353535    0.1276025391E+001    0.1025073242E+001
 0.5454545    0.1291015625E+001    0.1021777344E+001
 0.5555556    0.1273608398E+001    0.1025439453E+001
 0.5656566    0.1267553711E+001    0.1035473633E+001
 0.5757576    0.1259960938E+001    0.1021630859E+001
 0.5858586    0.1239331055E+001    0.1017382813E+001
 0.5959596    0.1245776367E+001    0.1026831055E+001
 0.6060606    0.1231494141E+001    0.1012451172E+001
 0.6161616    0.1225952148E+001    0.1027270508E+001
 0.6262626    0.1197509766E+001    0.1017309570E+001
 0.6363636    0.1184960938E+001    0.1023266602E+001
 0.6464646    0.1176586914E+001    0.1011425781E+001
 0.6565657    0.1158056641E+001    0.1004174805E+001
 0.6666667    0.1133056641E+001    0.1000268555E+001
 0.6767677    0.1116992188E+001    0.1000585938E+001
 0.6868687    0.1103784180E+001    0.1017797852E+001
 0.6969697    0.1078613281E+001    0.1010424805E+001
 0.7070707    0.1050122070E+001    0.9931640625E+000
 0.7171717    0.1043823242E+001    0.1005029297E+001
 0.7272727    0.1011694336E+001    0.9999267578E+000
 0.7373737    0.9881347656E+000    0.9898437500E+000
 0.7474747    0.9619140625E+000    0.9931152344E+000
 0.7575758    0.9309570313E+000    0.9911621094E+000
 0.7676768    0.9093261719E+000    0.9901855469E+000
 0.7777778    0.8778320313E+000    0.9800292969E+000
 0.7878788    0.8461669922E+000    0.9765625000E+000
 0.7979798    0.8147460938E+000    0.9727294922E+000
 0.8080808    0.7824218750E+000    0.9665771484E+000
 0.8181818    0.7530761719E+000    0.9670410156E+000
 0.8282828    0.7125244141E+000    0.9550781250E+000
 0.8383838    0.6776855469E+000    0.9524414063E+000
 0.8484848    0.6502929688E+000    0.9523925781E+000
 0.8585859    0.6014404297E+000    0.9531005859E+000
 0.8686869    0.5666748047E+000    0.9383300781E+000
 0.8787879    0.5176757813E+000    0.9246093750E+000
 0.8888889    0.4964355469E+000    0.9330322266E+000
 0.8989899    0.4516845703E+000    0.9310791016E+000
 0.9090909    0.4140625000E+000    0.9329101563E+000
 0.9191919    0.3767578125E+000    0.9285400391E+000
 0.9292929    0.3028808594E+000    0.9004882813E+000
 0.9393939    0.2730712891E+000    0.9067138672E+000
 0.9494949    0.2289794922E+000    0.9045654297E+000
 0.9595960    0.1705566406E+000    0.8842773438E+000
 0.9696970    0.1254882813E+000    0.8850341797E+000
 0.9797980    0.8500976563E-001    0.8791748047E+000
 0.9898990    0.3776855469E-001    0.8841796875E+000
 1.0000000    0.0000000000E+000    0.8629394531E+000


#   100 bins for weightfunction of Ar                      
 0.0000000    0.2058666992E+001    0.3427490234E+000
 0.0101010    0.2030029297E+001    0.3274414062E+000
 0.0202020    0.2057373047E+001    0.3489501953E+000
 0.0303030    0.2060766602E+001    0.3315673828E+000
 0.0404040    0.2066992188E+001    0.3086425781E+000
 0.0505051    0.2123095703E+001    0.3432128906E+000
 0.0606061    0.2184033203E+001    0.3385009766E+000
 0.0707071    0.2232006836E+001    0.3300292969E+000
 0.0808081    0.2278735352E+001    0.3201660156E+000
 0.0909091    0.2357617188E+001    0.3149658203E+000
 0.1010101    0.2486450195E+001    0.3649414063E+000
 0.1111111    0.2530737305E+001    0.3588134766E+000
 0.1212121    0.2630590820E+001    0.3485595703E+000
 0.1313131    0.2710498047E+001    0.3614746094E+000
 0.1414141    0.2771923828E+001    0.3667236328E+000
 0.1515152    0.2862548828E+001    0.3681396484E+000
 0.1616162    0.2886499023E+001    0.3547363281E+000
 0.1717172    0.2944116211E+001    0.3496337891E+000
 0.1818182    0.2959008789E+001    0.3723144531E+000
 0.1919192    0.2977197266E+001    0.3246093750E+000
 0.2020202    0.2977343750E+001    0.3605712891E+000
 0.2121212    0.2980395508E+001    0.3273193359E+000
 0.2222222    0.3004541016E+001    0.3326416016E+000
 0.2323232    0.2989892578E+001    0.2988037109E+000
 0.2424242    0.2974780273E+001    0.3033691406E+000
 0.2525253    0.2940502930E+001    0.2973144531E+000
 0.2626263    0.2923657227E+001    0.2795654297E+000
 0.2727273    0.2879418945E+001    0.2930908203E+000
 0.2828283    0.2860913086E+001    0.2830322266E+000
 0.2929293    0.2797143555E+001    0.2643554687E+000
 0.3030303    0.2760717773E+001    0.2376464844E+000
 0.3131313    0.2762133789E+001    0.2347900391E+000
 0.3232323    0.2702221680E+001    0.2229248047E+000
 0.3333333    0.2657031250E+001    0.2173339844E+000
 0.3434343    0.2622656250E+001    0.2213378906E+000
 0.3535354    0.2553857422E+001    0.1830810547E+000
 0.3636364    0.2480932617E+001    0.1844726562E+000
 0.3737374    0.2441503906E+001    0.1546630859E+000
 0.3838384    0.2388574219E+001    0.1582519531E+000
 0.3939394    0.2373535156E+001    0.1564941406E+000
 0.4040404    0.2295239258E+001    0.1220947266E+000
 0.4141414    0.2229785156E+001    0.1287353516E+000
 0.4242424    0.2169458008E+001    0.1244628906E+000
 0.4343434    0.2128833008E+001    0.1388916016E+000
 0.4444444    0.2060107422E+001    0.7053222656E-001
 0.4545455    0.2025781250E+001    0.6359863281E-001
 0.4646465    0.1955053711E+001    0.6323242187E-001
 0.4747475    0.1887768555E+001    0.3640136719E-001
 0.4848485    0.1848413086E+001    0.3603515625E-001
 0.4949495    0.1778393555E+001    0.3442382812E-001
 0.5050505    0.1760473633E+001    0.8422851562E-002
 0.5151515    0.1748413086E+001    0.3674316406E-001
 0.5252525    0.1738696289E+001    0.5615234375E-003
 0.5353535    0.1734350586E+001    0.0000000000E+000
 0.5454545    0.1724877930E+001    0.1557617187E-001
 0.5555556    0.1736010742E+001    0.3857421875E-002
 0.5656566    0.1724731445E+001    0.1684570312E-002
 0.5757576    0.1719555664E+001    0.2663574219E-001
 0.5858586    0.1718701172E+001    0.1572265625E-001
 0.5959596    0.1732080078E+001    0.2331542969E-001
 0.6060606    0.1754565430E+001    0.3420410156E-001
 0.6161616    0.1735083008E+001    0.4384765625E-001
 0.6262626    0.1753222656E+001    0.1416015625E-001
 0.6363636    0.1750708008E+001    0.1999511719E-001
 0.6464646    0.1729028320E+001    0.3071289062E-001
 0.6565657    0.1757373047E+001    0.2946777344E-001
 0.6666667    0.1732568359E+001    0.3041992187E-001
 0.6767677    0.1740185547E+001    0.2346191406E-001
 0.6868687    0.1733813477E+001    0.1271972656E-001
 0.6969697    0.1747998047E+001    0.1713867187E-001
 0.7070707    0.1745678711E+001    0.3015136719E-001
 0.7171717    0.1749951172E+001    0.3325195312E-001
 0.7272727    0.1734423828E+001    0.1550292969E-001
 0.7373737    0.1740722656E+001    0.3278808594E-001
 0.7474747    0.1751220703E+001    0.3344726562E-001
 0.7575758    0.1747460938E+001    0.4121093750E-001
 0.7676768    0.1751904297E+001    0.3684082031E-001
 0.7777778    0.1728173828E+001    0.2351074219E-001
 0.7878788    0.1740625000E+001    0.2470703125E-001
 0.7979798    0.1732519531E+001    0.2006835937E-001
 0.8080808    0.1755175781E+001    0.4064941406E-001
 0.8181818    0.1731982422E+001    0.2089843750E-001
 0.8282828    0.1737915039E+001    0.3627929687E-001
 0.8383838    0.1738061523E+001    0.2524414062E-001
 0.8484848    0.1738134766E+001    0.1340332031E-001
 0.8585859    0.1740747070E+001    0.3098144531E-001
 0.8686869    0.1747167969E+001    0.2888183594E-001
 0.8787879    0.1725415039E+001    0.1376953125E-001
 0.8888889    0.1748608398E+001    0.3767089844E-001
 0.8989899    0.1745068359E+001    0.3930664062E-001
 0.9090909    0.1757763672E+001    0.3930664062E-001
 0.9191919    0.1721533203E+001    0.1540527344E-001
 0.9292929    0.1747875977E+001    0.3332519531E-001
 0.9393939    0.1729589844E+001    0.1086425781E-001
 0.9494949    0.1735913086E+001    0.2978515625E-001
 0.9595960    0.1720141602E+001    0.1330566406E-001
 0.9696970    0.1743579102E+001    0.3847656250E-001
 0.9797980    0.1739331055E+001    0.2780761719E-001
 0.9898990    0.1743994141E+001    0.2770996094E-001
 1.0000000    0.1718115234E+001    0.2165527344E-001


