 0.0000000   0.1414535321E+000   0.9944933830E+000   0.6784795785E+000   0.9215562033E+000
 0.0101010   0.1420015687E+000   0.1035205425E+001   0.6853769745E+000   0.9586247345E+000
 0.0202020   0.1404565294E+000   0.1063795758E+001   0.6821610226E+000   0.9763477937E+000
 0.0303030   0.1357546376E+000   0.1044350417E+001   0.6742989609E+000   0.9501559454E+000
 0.0404040   0.1298469111E+000   0.1079992252E+001   0.6802931327E+000   0.9934603043E+000
 0.0505051   0.1218421852E+000   0.1027113146E+001   0.6772187412E+000   0.9441893765E+000
 0.0606061   0.1132125588E+000   0.1077433278E+001   0.6781020257E+000   0.9642088530E+000
 0.0707071   0.1046835613E+000   0.1060102910E+001   0.6733924515E+000   0.9724958496E+000
 0.0808081   0.9525717749E-001   0.1043691577E+001   0.6805924594E+000   0.9401076191E+000
 0.0909091   0.8817846941E-001   0.1085590009E+001   0.6737995024E+000   0.9929303619E+000
 0.1010101   0.8038220072E-001   0.9985633937E+000   0.6789492283E+000   0.9305394996E+000
 0.1111111   0.7391363255E-001   0.1009782778E+001   0.6838630305E+000   0.9768262854E+000
 0.1212121   0.6918353695E-001   0.1019247641E+001   0.6821283165E+000   0.9764678454E+000
 0.1313131   0.6559905674E-001   0.1010966781E+001   0.6938803510E+000   0.9698787228E+000
 0.1414141   0.6352154836E-001   0.1016282859E+001   0.6991219011E+000   0.1005177349E+001
 0.1515152   0.6138127422E-001   0.9972862935E+000   0.6962545027E+000   0.9769823526E+000
 0.1616162   0.5990049222E-001   0.1006206898E+001   0.7059053398E+000   0.9991953450E+000
 0.1717172   0.5970120745E-001   0.9783613407E+000   0.7206467768E+000   0.1000966965E+001
 0.1818182   0.6125370905E-001   0.1067109057E+001   0.7127472684E+000   0.9737186618E+000
 0.1919192   0.6198826389E-001   0.1006705802E+001   0.7247356314E+000   0.9880922789E+000
 0.2020202   0.6369038187E-001   0.1021973713E+001   0.7280310538E+000   0.9850772665E+000
 0.2121212   0.6667224089E-001   0.1009577487E+001   0.7361592087E+000   0.9727874037E+000
 0.2222222   0.7036142623E-001   0.1014270532E+001   0.7466478556E+000   0.1015534380E+001
 0.2323232   0.7430809040E-001   0.1019144996E+001   0.7528914017E+000   0.9654659657E+000
 0.2424242   0.8011824760E-001   0.1048487267E+001   0.7595549508E+000   0.9807159601E+000
 0.2525253   0.8328003682E-001   0.9779268879E+000   0.7678356821E+000   0.9913593998E+000
 0.2626263   0.9090315678E-001   0.9984941677E+000   0.7837222137E+000   0.9325203524E+000
 0.2727273   0.9700035526E-001   0.9988140395E+000   0.7914934424E+000   0.9903183802E+000
 0.2828283   0.1065436545E+000   0.9971740997E+000   0.7999359684E+000   0.9787471125E+000
 0.2929293   0.1160536974E+000   0.1000026688E+001   0.8208848593E+000   0.9995109094E+000
 0.3030303   0.1288512502E+000   0.1030679478E+001   0.8254824028E+000   0.9980908695E+000
 0.3131313   0.1400465480E+000   0.1013205884E+001   0.8333772277E+000   0.9647147851E+000
 0.3232323   0.1505158945E+000   0.9856348436E+000   0.8486942685E+000   0.9533356001E+000
 0.3333333   0.1671485201E+000   0.1013036399E+001   0.8712041537E+000   0.9888520345E+000
 0.3434343   0.1819955954E+000   0.9912302131E+000   0.8751850453E+000   0.1007045010E+001
 0.3535354   0.2004556650E+000   0.9660056953E+000   0.8963594199E+000   0.9991884849E+000
 0.3636364   0.2235955017E+000   0.9871697509E+000   0.9006294621E+000   0.1000522774E+001
 0.3737374   0.2498686562E+000   0.9760625604E+000   0.9170749534E+000   0.1016035167E+001
 0.3838384   0.2752206813E+000   0.9819491565E+000   0.9327157142E+000   0.9724632641E+000
 0.3939394   0.3033943728E+000   0.9781202432E+000   0.9474784813E+000   0.9798087124E+000
 0.4040404   0.3417510868E+000   0.9939419622E+000   0.9546972299E+000   0.9888417444E+000
 0.4141414   0.3801204193E+000   0.1018963576E+001   0.9701217745E+000   0.1013713024E+001
 0.4242424   0.4270178527E+000   0.9967014533E+000   0.9956126580E+000   0.1000762877E+001
 0.4343434   0.4774006076E+000   0.1017235314E+001   0.1018531468E+001   0.9889395008E+000
 0.4444444   0.5307969503E+000   0.9825435452E+000   0.1029496002E+001   0.1013419755E+001
 0.4545455   0.5910025846E+000   0.9519599811E+000   0.1059275627E+001   0.1027671605E+001
 0.4646465   0.6623847654E+000   0.9724795188E+000   0.1067795305E+001   0.1062006388E+001
 0.4747475   0.7469208741E+000   0.9681636365E+000   0.1088715099E+001   0.9817089591E+000
 0.4848485   0.8243214066E+000   0.9579993518E+000   0.1103646749E+001   0.1011684151E+001
 0.4949495   0.9369971333E+000   0.1003258825E+001   0.1129998963E+001   0.1001694135E+001
 0.5050505   0.9876047647E+000   0.9729282941E+000   0.1135075952E+001   0.1004280391E+001
 0.5151515   0.1002852590E+001   0.9727277775E+000   0.1134705477E+001   0.1010246960E+001
 0.5252525   0.9925433728E+000   0.9614129091E+000   0.1146643971E+001   0.1033893713E+001
 0.5353535   0.1005405768E+001   0.9514515281E+000   0.1130803759E+001   0.9903664008E+000
 0.5454545   0.1015511370E+001   0.9704457070E+000   0.1151903268E+001   0.9935443405E+000
 0.5555556   0.1012951131E+001   0.9850929712E+000   0.1140150835E+001   0.9946110855E+000
 0.5656566   0.1018265480E+001   0.9800872162E+000   0.1135092891E+001   0.9807914212E+000
 0.5757576   0.1048878830E+001   0.9802614747E+000   0.1121377386E+001   0.1006677995E+001
 0.5858586   0.1034754126E+001   0.9550011503E+000   0.1135990539E+001   0.1008506211E+001
 0.5959596   0.1052133429E+001   0.9614869093E+000   0.1139906141E+001   0.1012946408E+001
 0.6060606   0.1071274255E+001   0.9885375609E+000   0.1132870156E+001   0.9854168412E+000
 0.6161616   0.1090973335E+001   0.9613651670E+000   0.1151479470E+001   0.1012248394E+001
 0.6262626   0.1104616308E+001   0.9741481038E+000   0.1144056737E+001   0.1011608690E+001
 0.6363636   0.1128241133E+001   0.1006858577E+001   0.1149344364E+001   0.1000210639E+001
 0.6464646   0.1121687611E+001   0.9537956633E+000   0.1129898284E+001   0.1016707456E+001
 0.6565657   0.1162238747E+001   0.9965391303E+000   0.1141063801E+001   0.9902446341E+000
 0.6666667   0.1174527219E+001   0.9887309162E+000   0.1154343830E+001   0.1024649733E+001
 0.6767677   0.1196734051E+001   0.9647476920E+000   0.1150850517E+001   0.9944069977E+000
 0.6868687   0.1220600744E+001   0.1014702597E+001   0.1148365405E+001   0.9926473829E+000
 0.6969697   0.1257846076E+001   0.9932115086E+000   0.1164928316E+001   0.1006595674E+001
 0.7070707   0.1285468816E+001   0.9774972094E+000   0.1162450536E+001   0.1025742203E+001
 0.7171717   0.1305700544E+001   0.9924213775E+000   0.1157657168E+001   0.1002097166E+001
 0.7272727   0.1351845179E+001   0.9757140434E+000   0.1167113491E+001   0.1016765767E+001
 0.7373737   0.1387490505E+001   0.9950806103E+000   0.1169572497E+001   0.1022296720E+001
 0.7474747   0.1423514692E+001   0.9750456545E+000   0.1174801246E+001   0.1004280391E+001
 0.7575758   0.1477088063E+001   0.9947917709E+000   0.1181797555E+001   0.1023593278E+001
 0.7676768   0.1518590082E+001   0.9863032325E+000   0.1183533293E+001   0.1000910369E+001
 0.7777778   0.1562575539E+001   0.9923545387E+000   0.1171091260E+001   0.1004095169E+001
 0.7878788   0.1610748443E+001   0.9870312989E+000   0.1194310122E+001   0.1021506094E+001
 0.7979798   0.1667955014E+001   0.9882725925E+000   0.1174505962E+001   0.1015987146E+001
 0.8080808   0.1720355094E+001   0.1009143034E+001   0.1183957645E+001   0.1026215550E+001
 0.8181818   0.1791742947E+001   0.9874609774E+000   0.1189973581E+001   0.1012023725E+001
 0.8282828   0.1856212009E+001   0.9947416417E+000   0.1201272657E+001   0.1025231126E+001
 0.8383838   0.1937005873E+001   0.1007183223E+001   0.1193526123E+001   0.1011260540E+001
 0.8484848   0.2005037566E+001   0.1004700636E+001   0.1203436982E+001   0.1047540160E+001
 0.8585859   0.2078899043E+001   0.9809417990E+000   0.1211607537E+001   0.1021705037E+001
 0.8686869   0.2164330515E+001   0.1002356500E+001   0.1219267885E+001   0.1039801971E+001
 0.8787879   0.2273310493E+001   0.1027535663E+001   0.1222551078E+001   0.1040897871E+001
 0.8888889   0.2362621183E+001   0.1013196335E+001   0.1224848907E+001   0.1039042215E+001
 0.8989899   0.2465964530E+001   0.1023577846E+001   0.1225766752E+001   0.1039440101E+001
 0.9090909   0.2587845779E+001   0.1015910471E+001   0.1240219774E+001   0.1044454831E+001
 0.9191919   0.2724572409E+001   0.9943620923E+000   0.1249911908E+001   0.1034528272E+001
 0.9292929   0.2883114455E+001   0.1028903473E+001   0.1255919379E+001   0.1046835285E+001
 0.9393939   0.2954945348E+001   0.9854844561E+000   0.1247814984E+001   0.1002949533E+001
 0.9494949   0.3101320008E+001   0.9511459789E+000   0.1259307277E+001   0.1004383293E+001
 0.9595960   0.3283858339E+001   0.1023138619E+001   0.1269111762E+001   0.1046861010E+001
 0.9696970   0.3423530080E+001   0.1021544035E+001   0.1266361200E+001   0.1038565439E+001
 0.9797980   0.3668214971E+001   0.1006531544E+001   0.1270595862E+001   0.1018943848E+001
 0.9898990   0.3878265609E+001   0.1035109941E+001   0.1280681097E+001   0.1037718217E+001
 1.0000000   0.3889986824E+001   0.9944742861E+000   0.1272987545E+001   0.1019267987E+001


 0.0000000   0.1064843037E+001   0.1063218704E+001   0.8520064431E+000   0.9838885316E+000
 0.0101010   0.1078282867E+001   0.1077111269E+001   0.8669107874E+000   0.9934548130E+000
 0.0202020   0.1060625112E+001   0.1074083371E+001   0.8546212734E+000   0.9971041786E+000
 0.0303030   0.1038814816E+001   0.1053512743E+001   0.8597800796E+000   0.9807712936E+000
 0.0404040   0.1017863817E+001   0.1052008332E+001   0.8657646019E+000   0.9697974487E+000
 0.0505051   0.9633581005E+000   0.1040938625E+001   0.8555003552E+000   0.9663111545E+000
 0.0606061   0.9080106853E+000   0.1053734471E+001   0.8465313644E+000   0.9670029204E+000
 0.0707071   0.8543457110E+000   0.1084895587E+001   0.8487858466E+000   0.1005988993E+001
 0.0808081   0.7949259770E+000   0.1084268550E+001   0.8539984071E+000   0.1015186219E+001
 0.0909091   0.7326025318E+000   0.1048622809E+001   0.8420444189E+000   0.9771202115E+000
 0.1010101   0.6753289154E+000   0.1074688951E+001   0.8433689386E+000   0.1009353413E+001
 0.1111111   0.6142952220E+000   0.1031957453E+001   0.8392050312E+000   0.9787114447E+000
 0.1212121   0.5728289194E+000   0.1058452746E+001   0.8479166195E+000   0.9926446058E+000
 0.1313131   0.5230971872E+000   0.1029375396E+001   0.8442034059E+000   0.9951009756E+000
 0.1414141   0.4848203649E+000   0.1025024283E+001   0.8432111071E+000   0.9621760079E+000
 0.1515152   0.4567270669E+000   0.1009896718E+001   0.8509280810E+000   0.9632608616E+000
 0.1616162   0.4276603742E+000   0.9777890862E+000   0.8492101977E+000   0.9774326219E+000
 0.1717172   0.4081748756E+000   0.1020267862E+001   0.8545254356E+000   0.1010371322E+001
 0.1818182   0.3856250871E+000   0.9666836173E+000   0.8463948009E+000   0.9701098591E+000
 0.1919192   0.3822662270E+000   0.1015568661E+001   0.8583949963E+000   0.9987966878E+000
 0.2020202   0.3763685349E+000   0.9862505093E+000   0.8688315644E+000   0.1003857050E+001
 0.2121212   0.3734640912E+000   0.1010025463E+001   0.8638174165E+000   0.1009015255E+001
 0.2222222   0.3759853520E+000   0.9938226366E+000   0.8703445774E+000   0.9934771281E+000
 0.2323232   0.3801384901E+000   0.1008437605E+001   0.8793195401E+000   0.1003966908E+001
 0.2424242   0.3833300052E+000   0.9985266061E+000   0.8806755606E+000   0.9906997652E+000
 0.2525253   0.3948112298E+000   0.9741770670E+000   0.8888429219E+000   0.9809549634E+000
 0.2626263   0.4117885288E+000   0.9994850429E+000   0.8872005658E+000   0.9779956472E+000
 0.2727273   0.4141913363E+000   0.9759818845E+000   0.8913212616E+000   0.9752251505E+000
 0.2828283   0.4268179427E+000   0.1009720289E+001   0.9041836338E+000   0.9968140832E+000
 0.2929293   0.4464254290E+000   0.9729063038E+000   0.9069696436E+000   0.9856582850E+000
 0.3030303   0.4620188334E+000   0.9712993725E+000   0.9213180229E+000   0.1024970501E+001
 0.3131313   0.4818164575E+000   0.1001950276E+001   0.9263239674E+000   0.9913022710E+000
 0.3232323   0.4993800203E+000   0.9868870830E+000   0.9275688199E+000   0.9958871512E+000
 0.3333333   0.5227252687E+000   0.9829293590E+000   0.9350696558E+000   0.9903564570E+000
 0.3434343   0.5506877416E+000   0.1000250362E+001   0.9446431401E+000   0.1009377445E+001
 0.3535354   0.5686589822E+000   0.9841023712E+000   0.9477410930E+000   0.9843382652E+000
 0.3636364   0.6061659652E+000   0.9885869969E+000   0.9660683894E+000   0.1022339044E+001
 0.3737374   0.6428877420E+000   0.1003373626E+001   0.9735364518E+000   0.1039616026E+001
 0.3838384   0.6757045839E+000   0.9860883857E+000   0.9839041925E+000   0.9966183976E+000
 0.3939394   0.7062900482E+000   0.9841715121E+000   0.9908741487E+000   0.9902671969E+000
 0.4040404   0.7506711463E+000   0.9688937439E+000   0.9967093519E+000   0.1002294998E+001
 0.4141414   0.7803786850E+000   0.9850584238E+000   0.1007117862E+001   0.9884562464E+000
 0.4242424   0.8406987294E+000   0.1013246478E+001   0.1010247125E+001   0.9946066119E+000
 0.4343434   0.8867018247E+000   0.1001885903E+001   0.1028938957E+001   0.1010760977E+001
 0.4444444   0.9359098376E+000   0.9801661047E+000   0.1029351464E+001   0.1016636696E+001
 0.4545455   0.1005114182E+001   0.9727990161E+000   0.1033091147E+001   0.9979847640E+000
 0.4646465   0.1062551033E+001   0.9786640769E+000   0.1043243150E+001   0.9862264600E+000
 0.4747475   0.1129108553E+001   0.9860883857E+000   0.1061039345E+001   0.1015666850E+001
 0.4848485   0.1199252725E+001   0.9601152260E+000   0.1060317043E+001   0.1033378117E+001
 0.4949495   0.1278140262E+001   0.9852491574E+000   0.1070388079E+001   0.1004013255E+001
 0.5050505   0.1318726311E+001   0.1002119552E+001   0.1079198562E+001   0.1019644075E+001
 0.5151515   0.1320759362E+001   0.9975085651E+000   0.1088343262E+001   0.9990833501E+000
 0.5252525   0.1316008681E+001   0.1006275162E+001   0.1078900024E+001   0.9662442094E+000
 0.5353535   0.1315912616E+001   0.1007455327E+001   0.1082113058E+001   0.9684122003E+000
 0.5454545   0.1316124736E+001   0.9817563468E+000   0.1072527479E+001   0.9910035929E+000
 0.5555556   0.1332492636E+001   0.1008633107E+001   0.1082717413E+001   0.9950357470E+000
 0.5656566   0.1319897908E+001   0.9827457778E+000   0.1092060359E+001   0.1000612788E+001
 0.5757576   0.1311160202E+001   0.9729802131E+000   0.1071439413E+001   0.9779390014E+000
 0.5858586   0.1314732706E+001   0.9666454706E+000   0.1076183142E+001   0.9868598636E+000
 0.5959596   0.1320088692E+001   0.9658086265E+000   0.1073357841E+001   0.1018940293E+001
 0.6060606   0.1314501619E+001   0.1022747400E+001   0.1078683583E+001   0.9712530752E+000
 0.6161616   0.1300847808E+001   0.9761821549E+000   0.1092772663E+001   0.1000410236E+001
 0.6262626   0.1328529239E+001   0.1014114317E+001   0.1089755940E+001   0.9988670660E+000
 0.6363636   0.1318345537E+001   0.9908114285E+000   0.1080015214E+001   0.9696309443E+000
 0.6464646   0.1312622039E+001   0.9519422876E+000   0.1079222756E+001   0.9699845516E+000
 0.6565657   0.1319319652E+001   0.9913740929E+000   0.1081080678E+001   0.1003306040E+001
 0.6666667   0.1321778704E+001   0.9713041409E+000   0.1095054575E+001   0.1016051355E+001
 0.6767677   0.1319667113E+001   0.1010921912E+001   0.1087433403E+001   0.1012681786E+001
 0.6868687   0.1316228973E+001   0.9711300964E+000   0.1081858712E+001   0.1013782088E+001
 0.6969697   0.1313005340E+001   0.9737073853E+000   0.1094558446E+001   0.1019789981E+001
 0.7070707   0.1315415815E+001   0.9680926624E+000   0.1085568586E+001   0.1001536287E+001
 0.7171717   0.1318946574E+001   0.9877120062E+000   0.1082741257E+001   0.9968569968E+000
 0.7272727   0.1317902015E+001   0.9809004294E+000   0.1081021751E+001   0.9930651583E+000
 0.7373737   0.1314025613E+001   0.9563863825E+000   0.1079459923E+001   0.9814184294E+000
 0.7474747   0.1322022216E+001   0.9879146607E+000   0.1092721390E+001   0.1008750907E+001
 0.7575758   0.1306095024E+001   0.9827314728E+000   0.1078215156E+001   0.1005372755E+001
 0.7676768   0.1310076596E+001   0.9720336972E+000   0.1075920382E+001   0.9912061447E+000
 0.7777778   0.1320466047E+001   0.1003662111E+001   0.1084728168E+001   0.1020200234E+001
 0.7878788   0.1331750695E+001   0.1006792527E+001   0.1089443375E+001   0.1012252651E+001
 0.7979798   0.1320085279E+001   0.9834133457E+000   0.1084875048E+001   0.1009756800E+001
 0.8080808   0.1317460495E+001   0.9732973079E+000   0.1084033976E+001   0.9879138196E+000
 0.8181818   0.1339019874E+001   0.9981522913E+000   0.1093856558E+001   0.1019434657E+001
 0.8282828   0.1333991355E+001   0.9938941617E+000   0.1097253835E+001   0.1015857386E+001
 0.8383838   0.1328033349E+001   0.1004987710E+001   0.1092376527E+001   0.1036589765E+001
 0.8484848   0.1320093178E+001   0.9894882136E+000   0.1086550298E+001   0.1011612381E+001
 0.8585859   0.1302494434E+001   0.9795199944E+000   0.1088947821E+001   0.1014290184E+001
 0.8686869   0.1309074815E+001   0.9974847234E+000   0.1078843390E+001   0.1019582279E+001
 0.8787879   0.1318548415E+001   0.9797536431E+000   0.1085634439E+001   0.9992035079E+000
 0.8888889   0.1326026891E+001   0.1013935504E+001   0.1083876371E+001   0.1027268949E+001
 0.8989899   0.1318620386E+001   0.9970364992E+000   0.1089286151E+001   0.1026439860E+001
 0.9090909   0.1316828972E+001   0.1006337151E+001   0.1086614215E+001   0.1024747351E+001
 0.9191919   0.1327029737E+001   0.9886108386E+000   0.1087923287E+001   0.1006948540E+001
 0.9292929   0.1327818120E+001   0.9873162338E+000   0.1092717660E+001   0.1000921765E+001
 0.9393939   0.1321189420E+001   0.1003721715E+001   0.1082870439E+001   0.1011317136E+001
 0.9494949   0.1332727871E+001   0.1026099545E+001   0.1090206067E+001   0.1028561504E+001
 0.9595960   0.1322158610E+001   0.9776031208E+000   0.1087854500E+001   0.1006270506E+001
 0.9696970   0.1326120401E+001   0.9993348401E+000   0.1091526226E+001   0.1038974040E+001
 0.9797980   0.1323926399E+001   0.9951029365E+000   0.1089776975E+001   0.1020304943E+001
 0.9898990   0.1322609868E+001   0.9874855099E+000   0.1095509720E+001   0.1006570901E+001
 1.0000000   0.1326011208E+001   0.1011796902E+001   0.1100069706E+001   0.1049896389E+001


