 0.0000000   0.1429573156E+000   0.9764531186E+000   0.7603999032E+000   0.1025064301E+001
 0.0101010   0.1411560699E+000   0.9804275452E+000   0.7557599794E+000   0.1028644207E+001
 0.0202020   0.1389456743E+000   0.9702248799E+000   0.7619998666E+000   0.1028243609E+001
 0.0303030   0.1334118031E+000   0.9243786591E+000   0.7646226892E+000   0.1000178625E+001
 0.0404040   0.1270226716E+000   0.9675501224E+000   0.7601302754E+000   0.1008838942E+001
 0.0505051   0.1207951420E+000   0.9601134195E+000   0.7603305199E+000   0.1011701015E+001
 0.0606061   0.1113860514E+000   0.9370631485E+000   0.7587964815E+000   0.1001875954E+001
 0.0707071   0.1017319282E+000   0.9379278406E+000   0.7612227254E+000   0.1006282527E+001
 0.0808081   0.9268723425E-001   0.9719437405E+000   0.7544503804E+000   0.9939936765E+000
 0.0909091   0.8434845761E-001   0.9624636983E+000   0.7656251445E+000   0.1025696457E+001
 0.1010101   0.7739499201E-001   0.9614779844E+000   0.7667920738E+000   0.1014790015E+001
 0.1111111   0.7138172452E-001   0.1001981706E+001   0.7652384423E+000   0.1014354684E+001
 0.1212121   0.6567247702E-001   0.9599625808E+000   0.7686580208E+000   0.1003207420E+001
 0.1313131   0.6154043857E-001   0.9774142774E+000   0.7591376242E+000   0.9763743309E+000
 0.1414141   0.5903836673E-001   0.9909809983E+000   0.7732967033E+000   0.1016749007E+001
 0.1515152   0.5768318073E-001   0.9848387027E+000   0.7803397400E+000   0.1008051640E+001
 0.1616162   0.5604925768E-001   0.9935575352E+000   0.7800266234E+000   0.1015767195E+001
 0.1717172   0.5546437912E-001   0.9892270589E+000   0.7910812538E+000   0.1020761929E+001
 0.1818182   0.5648944534E-001   0.1009639405E+001   0.7899713891E+000   0.1029496345E+001
 0.1919192   0.5666153968E-001   0.1008976416E+001   0.7985407644E+000   0.1014697392E+001
 0.2020202   0.5990578077E-001   0.1044092036E+001   0.8023801345E+000   0.1017561780E+001
 0.2121212   0.6222387840E-001   0.1026026461E+001   0.8156001252E+000   0.1026152629E+001
 0.2222222   0.6479045765E-001   0.1047626224E+001   0.8137430269E+000   0.9941534524E+000
 0.2323232   0.6836485088E-001   0.1009981423E+001   0.8279214336E+000   0.1010821089E+001
 0.2424242   0.7322601931E-001   0.1037437590E+001   0.8269827329E+000   0.9999910618E+000
 0.2525253   0.7922051990E-001   0.1012921026E+001   0.8428822052E+000   0.1009989791E+001
 0.2626263   0.8387273947E-001   0.1032770357E+001   0.8465057926E+000   0.1003610333E+001
 0.2727273   0.9075108682E-001   0.1004531934E+001   0.8401231865E+000   0.9984535082E+000
 0.2828283   0.9907129923E-001   0.1005016021E+001   0.8580329208E+000   0.1007187924E+001
 0.2929293   0.1071932245E+000   0.9989035424E+000   0.8623075846E+000   0.9857872156E+000
 0.3030303   0.1173981911E+000   0.1050236085E+001   0.8725087399E+000   0.1000461127E+001
 0.3131313   0.1280867095E+000   0.1055501411E+001   0.8814151813E+000   0.1017786392E+001
 0.3232323   0.1399112866E+000   0.1023409583E+001   0.8992477586E+000   0.1005441967E+001
 0.3333333   0.1533086448E+000   0.9959464006E+000   0.9199955080E+000   0.1047194421E+001
 0.3434343   0.1700216992E+000   0.1018302112E+001   0.9229295473E+000   0.1041799090E+001
 0.3535354   0.1880950068E+000   0.1016695503E+001   0.9171711726E+000   0.1000602378E+001
 0.3636364   0.2063126638E+000   0.1024102389E+001   0.9379474704E+000   0.1018501911E+001
 0.3737374   0.2315443868E+000   0.1015145021E+001   0.9480501246E+000   0.1009843909E+001
 0.3838384   0.2596402908E+000   0.1012736862E+001   0.9615350694E+000   0.9996275137E+000
 0.3939394   0.2868247782E+000   0.1034138430E+001   0.9581836814E+000   0.1008285515E+001
 0.4040404   0.3210801957E+000   0.1001345026E+001   0.9784895517E+000   0.9972007725E+000
 0.4141414   0.3569229266E+000   0.9967900454E+000   0.9897268046E+000   0.1001206748E+001
 0.4242424   0.4049907081E+000   0.1029588711E+001   0.1006309706E+001   0.1008003013E+001
 0.4343434   0.4480015755E+000   0.1022660651E+001   0.1005463250E+001   0.1004564358E+001
 0.4444444   0.5026878363E+000   0.1022329156E+001   0.1019195998E+001   0.9966774485E+000
 0.4545455   0.5618441822E+000   0.1040135149E+001   0.1038216787E+001   0.9853032567E+000
 0.4646465   0.6345732798E+000   0.1003265590E+001   0.1047305987E+001   0.1012018251E+001
 0.4747475   0.7133354576E+000   0.1020073590E+001   0.1063710736E+001   0.1002424750E+001
 0.4848485   0.8032389116E+000   0.1017374278E+001   0.1073049960E+001   0.9825754884E+000
 0.4949495   0.9079030729E+000   0.1025723029E+001   0.1085298828E+001   0.9940585131E+000
 0.5050505   0.9566264718E+000   0.9958762430E+000   0.1096191435E+001   0.1008371192E+001
 0.5151515   0.9639064650E+000   0.1032002132E+001   0.1099021550E+001   0.1008774105E+001
 0.5252525   0.9644126766E+000   0.1015388818E+001   0.1096619772E+001   0.1011453246E+001
 0.5353535   0.9784770854E+000   0.1009143040E+001   0.1100794508E+001   0.1003744638E+001
 0.5454545   0.9650358007E+000   0.9900215934E+000   0.1099966162E+001   0.9804011468E+000
 0.5555556   0.9859786569E+000   0.9975828260E+000   0.1092752181E+001   0.9886330792E+000
 0.5656566   0.9926654374E+000   0.9975547630E+000   0.1097368914E+001   0.1021565440E+001
 0.5757576   0.1001086794E+001   0.1004489839E+001   0.1093023724E+001   0.9903767205E+000
 0.5858586   0.1004299149E+001   0.9848562420E+000   0.1109146043E+001   0.1022707027E+001
 0.5959596   0.1033515806E+001   0.1030328874E+001   0.1091124027E+001   0.9957651050E+000
 0.6060606   0.1041712365E+001   0.1004891491E+001   0.1098086638E+001   0.9949338072E+000
 0.6161616   0.1056922006E+001   0.9859717475E+000   0.1100731580E+001   0.9979209219E+000
 0.6262626   0.1072000303E+001   0.1031625035E+001   0.1104529860E+001   0.1005645739E+001
 0.6363636   0.1087417363E+001   0.9985404769E+000   0.1103528981E+001   0.9825986444E+000
 0.6464646   0.1116785769E+001   0.1017956586E+001   0.1105037867E+001   0.9919559548E+000
 0.6565657   0.1117532767E+001   0.9975582709E+000   0.1096322713E+001   0.9902725189E+000
 0.6666667   0.1161735880E+001   0.1025416090E+001   0.1107944462E+001   0.1016170109E+001
 0.6767677   0.1173755854E+001   0.1004849397E+001   0.1102287034E+001   0.9995812019E+000
 0.6868687   0.1206844547E+001   0.1000350542E+001   0.1114815592E+001   0.9749294010E+000
 0.6969697   0.1218443810E+001   0.1011945835E+001   0.1106536390E+001   0.9832099609E+000
 0.7070707   0.1252357569E+001   0.1008972908E+001   0.1112596964E+001   0.9945563655E+000
 0.7171717   0.1291326915E+001   0.1021492527E+001   0.1107069929E+001   0.9978584009E+000
 0.7272727   0.1320980033E+001   0.1003802295E+001   0.1118345497E+001   0.9965940872E+000
 0.7373737   0.1367535707E+001   0.9831251039E+000   0.1110118678E+001   0.9845043772E+000
 0.7474747   0.1402817446E+001   0.9873608674E+000   0.1121870702E+001   0.9801834811E+000
 0.7575758   0.1465210685E+001   0.9966409606E+000   0.1117390488E+001   0.9773422487E+000
 0.7676768   0.1499073470E+001   0.9808747997E+000   0.1117402505E+001   0.9686170951E+000
 0.7777778   0.1555349066E+001   0.1011547691E+001   0.1134410314E+001   0.9930164963E+000
 0.7878788   0.1604415006E+001   0.1014161061E+001   0.1141517966E+001   0.1009346057E+001
 0.7979798   0.1662929501E+001   0.9955657958E+000   0.1129829389E+001   0.9840690458E+000
 0.8080808   0.1724284976E+001   0.1002481579E+001   0.1132272758E+001   0.9907703713E+000
 0.8181818   0.1768768587E+001   0.9781491779E+000   0.1128061328E+001   0.9753948352E+000
 0.8282828   0.1864546367E+001   0.1005491339E+001   0.1145572141E+001   0.9967399695E+000
 0.8383838   0.1931462927E+001   0.9961270563E+000   0.1153172055E+001   0.9833095314E+000
 0.8484848   0.2010684178E+001   0.9803240627E+000   0.1160249354E+001   0.9841408292E+000
 0.8585859   0.2090678327E+001   0.9908389292E+000   0.1155644911E+001   0.1002195506E+001
 0.8686869   0.2191777895E+001   0.9954412661E+000   0.1160758019E+001   0.9950356932E+000
 0.8787879   0.2304217772E+001   0.9960832079E+000   0.1171661654E+001   0.9974670657E+000
 0.8888889   0.2390556279E+001   0.9995840708E+000   0.1159115012E+001   0.9864124257E+000
 0.8989899   0.2479909695E+001   0.9805871537E+000   0.1153885351E+001   0.9709720530E+000
 0.9090909   0.2638015928E+001   0.9916018928E+000   0.1181537266E+001   0.1006629866E+001
 0.9191919   0.2754751972E+001   0.9781211149E+000   0.1174679900E+001   0.9773538267E+000
 0.9292929   0.2934918159E+001   0.1002164116E+001   0.1192662289E+001   0.9943525934E+000
 0.9393939   0.3062065686E+001   0.9831373815E+000   0.1189367777E+001   0.9838050682E+000
 0.9494949   0.3222738752E+001   0.9817886021E+000   0.1193510539E+001   0.9827769450E+000
 0.9595960   0.3428394425E+001   0.9965146769E+000   0.1211303757E+001   0.9918494376E+000
 0.9696970   0.3588126941E+001   0.9782368749E+000   0.1210375661E+001   0.9850948534E+000
 0.9797980   0.3798836118E+001   0.9791892640E+000   0.1213815816E+001   0.9550315122E+000
 0.9898990   0.4052722663E+001   0.9696881745E+000   0.1225716944E+001   0.9730097746E+000
 1.0000000   0.4105232139E+001   0.9631477346E+000   0.1221604000E+001   0.9805053485E+000


 0.0000000   0.1101433037E+001   0.9292633429E+000   0.9041460094E+000   0.9948235392E+000
 0.0101010   0.1118669190E+001   0.9645739428E+000   0.9186988362E+000   0.1025802116E+001
 0.0202020   0.1079137297E+001   0.9411067928E+000   0.8955424092E+000   0.9989243169E+000
 0.0303030   0.1070478918E+001   0.9498241249E+000   0.9077205313E+000   0.1013291888E+001
 0.0404040   0.1041208733E+001   0.9827298824E+000   0.9099519357E+000   0.1044462368E+001
 0.0505051   0.9913804049E+000   0.9728925354E+000   0.8955019394E+000   0.1012672774E+001
 0.0606061   0.9329518739E+000   0.9512932585E+000   0.8945499407E+000   0.1003045656E+001
 0.0707071   0.8687671371E+000   0.9516299718E+000   0.8962112197E+000   0.1021941217E+001
 0.0808081   0.7925722702E+000   0.9372345890E+000   0.8954544077E+000   0.1025911775E+001
 0.0909091   0.7441481913E+000   0.9560302840E+000   0.8965583401E+000   0.1014971037E+001
 0.1010101   0.6782343239E+000   0.9624721425E+000   0.8903399052E+000   0.1012850969E+001
 0.1111111   0.6230580127E+000   0.9566558620E+000   0.8952341775E+000   0.9971720626E+000
 0.1212121   0.5671963770E+000   0.9441212636E+000   0.8958108677E+000   0.1007016214E+001
 0.1313131   0.5184228412E+000   0.9587310797E+000   0.8989590983E+000   0.1013275897E+001
 0.1414141   0.4746010586E+000   0.9633706356E+000   0.8945620679E+000   0.9953764017E+000
 0.1515152   0.4406283136E+000   0.9517788346E+000   0.8916817818E+000   0.9978528602E+000
 0.1616162   0.4183662760E+000   0.9713277043E+000   0.9040655670E+000   0.1014811118E+001
 0.1717172   0.3963092689E+000   0.9767080295E+000   0.8965803481E+000   0.1004923560E+001
 0.1818182   0.3812025030E+000   0.9842167378E+000   0.9021640307E+000   0.9957921909E+000
 0.1919192   0.3678429673E+000   0.9811792287E+000   0.9087616734E+000   0.1011932578E+001
 0.2020202   0.3669862282E+000   0.9776207000E+000   0.8984666467E+000   0.9973091359E+000
 0.2121212   0.3654765877E+000   0.9820050626E+000   0.9168747758E+000   0.9958927113E+000
 0.2222222   0.3670887834E+000   0.1013351306E+001   0.9270882877E+000   0.1014025231E+001
 0.2323232   0.3703647304E+000   0.1005119550E+001   0.9250334445E+000   0.1013550043E+001
 0.2424242   0.3769425156E+000   0.9988407313E+000   0.9180279210E+000   0.1021041102E+001
 0.2525253   0.3807630556E+000   0.9734259602E+000   0.9390091408E+000   0.1016325779E+001
 0.2626263   0.3917845586E+000   0.9876281759E+000   0.9254819119E+000   0.9895873373E+000
 0.2727273   0.4035524071E+000   0.9985199675E+000   0.9312018727E+000   0.9908232820E+000
 0.2828283   0.4214843424E+000   0.9993546622E+000   0.9387589721E+000   0.1017289861E+001
 0.2929293   0.4306229108E+000   0.9818118954E+000   0.9429641168E+000   0.9983234787E+000
 0.3030303   0.4474977349E+000   0.1003827634E+001   0.9394034490E+000   0.9947161651E+000
 0.3131313   0.4666028294E+000   0.9938609177E+000   0.9486431642E+000   0.1000847913E+001
 0.3232323   0.4917012404E+000   0.9969445033E+000   0.9481073015E+000   0.9973365506E+000
 0.3333333   0.5105898456E+000   0.1003363324E+001   0.9639179978E+000   0.9948737994E+000
 0.3434343   0.5496680577E+000   0.1045537560E+001   0.9593204607E+000   0.9928245529E+000
 0.3535354   0.5615612887E+000   0.1002402804E+001   0.9749864659E+000   0.9908552657E+000
 0.3636364   0.5985371697E+000   0.1008864157E+001   0.9815300917E+000   0.1003310664E+001
 0.3737374   0.6261885805E+000   0.1024404365E+001   0.9728140878E+000   0.9872365293E+000
 0.3838384   0.6587028627E+000   0.1011910527E+001   0.9832308726E+000   0.9719459972E+000
 0.3939394   0.6948159264E+000   0.9967141205E+000   0.9882124302E+000   0.9995388624E+000
 0.4040404   0.7352561032E+000   0.1007887688E+001   0.9945060783E+000   0.1005145162E+001
 0.4141414   0.7865534866E+000   0.1017551362E+001   0.1000264250E+001   0.9891052960E+000
 0.4242424   0.8221258251E+000   0.1007504898E+001   0.1008839483E+001   0.9926166583E+000
 0.4343434   0.8737336407E+000   0.1019484805E+001   0.1021811302E+001   0.1004804764E+001
 0.4444444   0.9319500021E+000   0.1011602168E+001   0.1018599748E+001   0.9834053292E+000
 0.4545455   0.9949461214E+000   0.1023901067E+001   0.1019103199E+001   0.9958264592E+000
 0.4646465   0.1052976589E+001   0.1023753977E+001   0.1034988666E+001   0.9979648034E+000
 0.4747475   0.1108629083E+001   0.1003127624E+001   0.1038553168E+001   0.1011281479E+001
 0.4848485   0.1201139679E+001   0.1014049543E+001   0.1038685492E+001   0.9949583280E+000
 0.4949495   0.1291026548E+001   0.1005794749E+001   0.1058219290E+001   0.1009124859E+001
 0.5050505   0.1318007425E+001   0.1004348653E+001   0.1071043547E+001   0.1027892485E+001
 0.5151515   0.1317430213E+001   0.1003062054E+001   0.1041063516E+001   0.9702782715E+000
 0.5252525   0.1334376700E+001   0.1028905691E+001   0.1068390937E+001   0.1004352422E+001
 0.5353535   0.1308323518E+001   0.9996594764E+000   0.1064791850E+001   0.1004085128E+001
 0.5454545   0.1326017206E+001   0.1013684475E+001   0.1061916973E+001   0.1000850197E+001
 0.5555556   0.1326650820E+001   0.1031613576E+001   0.1050540976E+001   0.9852078437E+000
 0.5656566   0.1314949152E+001   0.1006859826E+001   0.1053204118E+001   0.9862039101E+000
 0.5757576   0.1326681750E+001   0.1033951075E+001   0.1056986924E+001   0.9860348530E+000
 0.5858586   0.1322691508E+001   0.1014053087E+001   0.1064064454E+001   0.1035116250E+001
 0.5959596   0.1319139549E+001   0.1021288880E+001   0.1053315458E+001   0.9884701895E+000
 0.6060606   0.1334090500E+001   0.1022235222E+001   0.1061266560E+001   0.9969824444E+000
 0.6161616   0.1329131384E+001   0.1032792072E+001   0.1058933875E+001   0.9978939822E+000
 0.6262626   0.1319902052E+001   0.1025076020E+001   0.1049207967E+001   0.9976883722E+000
 0.6363636   0.1317368132E+001   0.1016107039E+001   0.1049705817E+001   0.9871954073E+000
 0.6464646   0.1325172855E+001   0.1004999042E+001   0.1051491459E+001   0.9990819512E+000
 0.6565657   0.1316835960E+001   0.1007122108E+001   0.1054110038E+001   0.1000754246E+001
 0.6666667   0.1308952856E+001   0.9905221388E+000   0.1064164318E+001   0.9992898458E+000
 0.6767677   0.1317627727E+001   0.1001880013E+001   0.1057317807E+001   0.9926486421E+000
 0.6868687   0.1309495938E+001   0.9889980677E+000   0.1053733361E+001   0.9993423906E+000
 0.6969697   0.1307724111E+001   0.1014845250E+001   0.1058885742E+001   0.9991070814E+000
 0.7070707   0.1327491189E+001   0.1009250491E+001   0.1059560197E+001   0.9820071810E+000
 0.7171717   0.1325455953E+001   0.1013048264E+001   0.1062174665E+001   0.9921346170E+000
 0.7272727   0.1326221161E+001   0.1017872126E+001   0.1065055110E+001   0.1006068123E+001
 0.7373737   0.1320328643E+001   0.1009372771E+001   0.1057736880E+001   0.1000082587E+001
 0.7474747   0.1322965808E+001   0.1007581102E+001   0.1055297996E+001   0.9866699595E+000
 0.7575758   0.1333534503E+001   0.1025584634E+001   0.1054775293E+001   0.9934413829E+000
 0.7676768   0.1330784583E+001   0.1019709872E+001   0.1060903506E+001   0.1004599154E+001
 0.7777778   0.1324145247E+001   0.1017462753E+001   0.1065652034E+001   0.1011747529E+001
 0.7878788   0.1317575455E+001   0.1009879613E+001   0.1044913686E+001   0.9910974287E+000
 0.7979798   0.1321475831E+001   0.1006500074E+001   0.1057168745E+001   0.9991641953E+000
 0.8080808   0.1315004040E+001   0.9994609928E+000   0.1054868180E+001   0.9862861541E+000
 0.8181818   0.1313513976E+001   0.1006046398E+001   0.1053204200E+001   0.9995617080E+000
 0.8282828   0.1323462996E+001   0.1011914071E+001   0.1057854493E+001   0.9965072568E+000
 0.8383838   0.1311767206E+001   0.1012390786E+001   0.1053935705E+001   0.9950497102E+000
 0.8484848   0.1322007019E+001   0.1011167985E+001   0.1055790738E+001   0.9910380302E+000
 0.8585859   0.1345316882E+001   0.1028771006E+001   0.1065008928E+001   0.1003660201E+001
 0.8686869   0.1326065726E+001   0.1013672069E+001   0.1047922054E+001   0.9842780295E+000
 0.8787879   0.1320661192E+001   0.1011556092E+001   0.1056092965E+001   0.9976358274E+000
 0.8888889   0.1325441077E+001   0.1024670191E+001   0.1059698525E+001   0.9964318665E+000
 0.8989899   0.1333898931E+001   0.1021054953E+001   0.1051053692E+001   0.9885867018E+000
 0.9090909   0.1325851981E+001   0.1014444738E+001   0.1061603908E+001   0.9852443966E+000
 0.9191919   0.1331664371E+001   0.1010965957E+001   0.1057705415E+001   0.9871177324E+000
 0.9292929   0.1319128144E+001   0.1009948728E+001   0.1045314176E+001   0.9939645462E+000
 0.9393939   0.1314991636E+001   0.1009909740E+001   0.1058447260E+001   0.9966306228E+000
 0.9494949   0.1323043812E+001   0.1027663396E+001   0.1053559960E+001   0.1006851726E+001
 0.9595960   0.1309544658E+001   0.1004036750E+001   0.1054456138E+001   0.9878419366E+000
 0.9696970   0.1313162978E+001   0.9906302415E+000   0.1049528111E+001   0.9847897700E+000
 0.9797980   0.1331784447E+001   0.1017450348E+001   0.1055318550E+001   0.9941198960E+000
 0.9898990   0.1318866206E+001   0.1017437943E+001   0.1063211899E+001   0.1009780526E+001
 1.0000000   0.1338397264E+001   0.1031236102E+001   0.1068912116E+001   0.1010397356E+001


