#   100 bins for weightfunction of cd                      
 0.0000000    0.3264546204E+001    0.1756407166E+001
 0.0101010    0.3295552063E+001    0.1785057068E+001
 0.0202020    0.3297845459E+001    0.1777658081E+001
 0.0303030    0.3352253723E+001    0.1784060669E+001
 0.0404040    0.3356922913E+001    0.1764831543E+001
 0.0505051    0.3425558472E+001    0.1780270386E+001
 0.0606061    0.3498312378E+001    0.1772463989E+001
 0.0707071    0.3558625793E+001    0.1770567322E+001
 0.0808081    0.3634400940E+001    0.1761068726E+001
 0.0909091    0.3746733093E+001    0.1771231079E+001
 0.1010101    0.3824163818E+001    0.1785365295E+001
 0.1111111    0.3905018616E+001    0.1794479370E+001
 0.1212121    0.3968824768E+001    0.1754762268E+001
 0.1313131    0.3980177307E+001    0.1762239075E+001
 0.1414141    0.4039439392E+001    0.1761984253E+001
 0.1515152    0.4074725342E+001    0.1744989014E+001
 0.1616162    0.4066888428E+001    0.1734576416E+001
 0.1717172    0.4067466736E+001    0.1715716553E+001
 0.1818182    0.4037823486E+001    0.1725263977E+001
 0.1919192    0.4020071411E+001    0.1713699341E+001
 0.2020202    0.3995864868E+001    0.1694647217E+001
 0.2121212    0.3991465759E+001    0.1697108459E+001
 0.2222222    0.3909603882E+001    0.1680403137E+001
 0.2323232    0.3850332642E+001    0.1648397827E+001
 0.2424242    0.3795109558E+001    0.1641412354E+001
 0.2525253    0.3731829834E+001    0.1631211853E+001
 0.2626263    0.3655026245E+001    0.1611653137E+001
 0.2727273    0.3577456665E+001    0.1594512939E+001
 0.2828283    0.3493481445E+001    0.1566706848E+001
 0.2929293    0.3421363831E+001    0.1557855225E+001
 0.3030303    0.3330381775E+001    0.1558544922E+001
 0.3131313    0.3255401611E+001    0.1545962524E+001
 0.3232323    0.3151354980E+001    0.1519630432E+001
 0.3333333    0.3073558044E+001    0.1505567932E+001
 0.3434343    0.2968582153E+001    0.1499855042E+001
 0.3535354    0.2863198853E+001    0.1468452454E+001
 0.3636364    0.2778479004E+001    0.1436006165E+001
 0.3737374    0.2688949585E+001    0.1405918884E+001
 0.3838384    0.2606272888E+001    0.1417958069E+001
 0.3939394    0.2486428833E+001    0.1389190674E+001
 0.4040404    0.2392945862E+001    0.1347052002E+001
 0.4141414    0.2274143982E+001    0.1360472107E+001
 0.4242424    0.2171508789E+001    0.1334614563E+001
 0.4343434    0.2066879272E+001    0.1318151855E+001
 0.4444444    0.1972718811E+001    0.1304887390E+001
 0.4545455    0.1850028992E+001    0.1248138428E+001
 0.4646465    0.1758888245E+001    0.1246038818E+001
 0.4747475    0.1636164856E+001    0.1257786560E+001
 0.4848485    0.1494729614E+001    0.1233059692E+001
 0.4949495    0.1388967896E+001    0.1217179871E+001
 0.5050505    0.1339576721E+001    0.1181889343E+001
 0.5151515    0.1349310303E+001    0.1184989929E+001
 0.5252525    0.1329380798E+001    0.1194161987E+001
 0.5353535    0.1333142090E+001    0.1187278748E+001
 0.5454545    0.1320339966E+001    0.1180082703E+001
 0.5555556    0.1326333618E+001    0.1203181458E+001
 0.5656566    0.1319314575E+001    0.1175570679E+001
 0.5757576    0.1277349854E+001    0.1171437073E+001
 0.5858586    0.1300288391E+001    0.1194650269E+001
 0.5959596    0.1282165527E+001    0.1186846924E+001
 0.6060606    0.1278067017E+001    0.1199235535E+001
 0.6161616    0.1279966736E+001    0.1178323364E+001
 0.6262626    0.1253681946E+001    0.1200883484E+001
 0.6363636    0.1222651672E+001    0.1178009033E+001
 0.6464646    0.1193954468E+001    0.1176571655E+001
 0.6565657    0.1190861511E+001    0.1169151306E+001
 0.6666667    0.1197155762E+001    0.1170996094E+001
 0.6767677    0.1140109253E+001    0.1186151123E+001
 0.6868687    0.1126094055E+001    0.1186404419E+001
 0.6969697    0.1093247986E+001    0.1170536804E+001
 0.7070707    0.1076776123E+001    0.1160632324E+001
 0.7171717    0.1045883179E+001    0.1162336731E+001
 0.7272727    0.1021932983E+001    0.1156936646E+001
 0.7373737    0.1018087769E+001    0.1168225098E+001
 0.7474747    0.9714248657E+000    0.1153050232E+001
 0.7575758    0.9537445068E+000    0.1157498169E+001
 0.7676768    0.9368255615E+000    0.1160993958E+001
 0.7777778    0.9031982422E+000    0.1162101746E+001
 0.7878788    0.8832260132E+000    0.1162658691E+001
 0.7979798    0.8298522949E+000    0.1150411987E+001
 0.8080808    0.8121810913E+000    0.1144728088E+001
 0.8181818    0.7586410522E+000    0.1131184387E+001
 0.8282828    0.7199691772E+000    0.1125921631E+001
 0.8383838    0.6975524902E+000    0.1125750732E+001
 0.8484848    0.6564270020E+000    0.1120399475E+001
 0.8585859    0.6197631836E+000    0.1112991333E+001
 0.8686869    0.5703063965E+000    0.1113331604E+001
 0.8787879    0.5330245972E+000    0.1116017151E+001
 0.8888889    0.5093948364E+000    0.1113671875E+001
 0.8989899    0.4518020630E+000    0.1114154053E+001
 0.9090909    0.4304321289E+000    0.1106188965E+001
 0.9191919    0.3721099854E+000    0.1104380798E+001
 0.9292929    0.3464599609E+000    0.1100657654E+001
 0.9393939    0.2619583130E+000    0.1086366272E+001
 0.9494949    0.2178497314E+000    0.1071139526E+001
 0.9595960    0.1808303833E+000    0.1081977844E+001
 0.9696970    0.1436920166E+000    0.1082577515E+001
 0.9797980    0.7736053467E-001    0.1057057190E+001
 0.9898990    0.1263427734E-001    0.1042587280E+001
 1.0000000    0.0000000000E+000    0.1062950134E+001


#   100 bins for weightfunction of Ar                      
 0.0000000    0.1849284363E+001    0.2735366821E+000
 0.0101010    0.1852398682E+001    0.2797058105E+000
 0.0202020    0.1863264465E+001    0.2675247192E+000
 0.0303030    0.1882345581E+001    0.2711975098E+000
 0.0404040    0.1919860840E+001    0.2809539795E+000
 0.0505051    0.1967799377E+001    0.2854797363E+000
 0.0606061    0.2016555786E+001    0.2804489136E+000
 0.0707071    0.2067930603E+001    0.2686950684E+000
 0.0808081    0.2145390320E+001    0.2879928589E+000
 0.0909091    0.2222500610E+001    0.2910202026E+000
 0.1010101    0.2306646729E+001    0.3072021484E+000
 0.1111111    0.2387841797E+001    0.2849151611E+000
 0.1212121    0.2458869934E+001    0.2807617188E+000
 0.1313131    0.2570780945E+001    0.3074081421E+000
 0.1414141    0.2614024353E+001    0.2842330933E+000
 0.1515152    0.2697399902E+001    0.2925918579E+000
 0.1616162    0.2746730041E+001    0.2963836670E+000
 0.1717172    0.2805992126E+001    0.2819900513E+000
 0.1818182    0.2826814270E+001    0.2952270508E+000
 0.1919192    0.2853631592E+001    0.2877151489E+000
 0.2020202    0.2889396667E+001    0.2875091553E+000
 0.2121212    0.2875494385E+001    0.2755218506E+000
 0.2222222    0.2874682617E+001    0.2598419189E+000
 0.2323232    0.2860342407E+001    0.2605163574E+000
 0.2424242    0.2851379395E+001    0.2602706909E+000
 0.2525253    0.2818252563E+001    0.2484558105E+000
 0.2626263    0.2799549866E+001    0.2275070190E+000
 0.2727273    0.2772793579E+001    0.2257598877E+000
 0.2828283    0.2744372559E+001    0.2178863525E+000
 0.2929293    0.2708175659E+001    0.2029861450E+000
 0.3030303    0.2662179565E+001    0.2011138916E+000
 0.3131313    0.2621679687E+001    0.1919982910E+000
 0.3232323    0.2583903503E+001    0.1797775269E+000
 0.3333333    0.2549099731E+001    0.1811599731E+000
 0.3434343    0.2487319946E+001    0.1560165405E+000
 0.3535354    0.2444287109E+001    0.1523162842E+000
 0.3636364    0.2401196289E+001    0.1649642944E+000
 0.3737374    0.2348025513E+001    0.1367141724E+000
 0.3838384    0.2288189697E+001    0.1359420776E+000
 0.3939394    0.2256433105E+001    0.1191558838E+000
 0.4040404    0.2186764526E+001    0.1059341431E+000
 0.4141414    0.2131419373E+001    0.1084686279E+000
 0.4242424    0.2082862854E+001    0.9610748291E-001
 0.4343434    0.2041244507E+001    0.8271942139E-001
 0.4444444    0.1975224304E+001    0.6576843262E-001
 0.4545455    0.1910859680E+001    0.5902557373E-001
 0.4646465    0.1864006042E+001    0.5787811279E-001
 0.4747475    0.1807843018E+001    0.4421539307E-001
 0.4848485    0.1753117371E+001    0.2555389404E-001
 0.4949495    0.1658129883E+001    0.1049804688E-001
 0.5050505    0.1639115906E+001    0.1651916504E-001
 0.5151515    0.1641221619E+001    0.1009521484E-001
 0.5252525    0.1642826843E+001    0.6515502930E-002
 0.5353535    0.1646369934E+001    0.1863098145E-002
 0.5454545    0.1657038879E+001    0.1933898926E-001
 0.5555556    0.1658929443E+001    0.5856323242E-002
 0.5656566    0.1651506042E+001    0.2446441650E-001
 0.5757576    0.1654071045E+001    0.1153869629E-001
 0.5858586    0.1635974121E+001    0.0000000000E+000
 0.5959596    0.1641514587E+001    0.6228637695E-002
 0.6060606    0.1643835449E+001    0.1768951416E-001
 0.6161616    0.1660353088E+001    0.1178741455E-001
 0.6262626    0.1643962097E+001    0.1362609863E-001
 0.6363636    0.1655418396E+001    0.1130371094E-001
 0.6464646    0.1642700195E+001    0.1020355225E-001
 0.6565657    0.1639054871E+001    0.7180786133E-002
 0.6666667    0.1653282166E+001    0.6904602051E-002
 0.6767677    0.1646334839E+001    0.1829223633E-001
 0.6868687    0.1634803772E+001    0.1816711426E-001
 0.6969697    0.1624630737E+001    0.1166992188E-001
 0.7070707    0.1649713135E+001    0.2074737549E-001
 0.7171717    0.1655091858E+001    0.2224731445E-001
 0.7272727    0.1643708801E+001    0.5329895020E-002
 0.7373737    0.1644601440E+001    0.7429504395E-002
 0.7474747    0.1643609619E+001    0.1029357910E-001
 0.7575758    0.1645362854E+001    0.8512878418E-002
 0.7676768    0.1642881775E+001    0.1949310303E-001
 0.7777778    0.1652706909E+001    0.1910400391E-001
 0.7878788    0.1645138550E+001    0.1078033447E-001
 0.7979798    0.1648156738E+001    0.1636199951E-001
 0.8080808    0.1646215820E+001    0.1718597412E-001
 0.8181818    0.1646580505E+001    0.1114959717E-001
 0.8282828    0.1647264099E+001    0.1015319824E-001
 0.8383838    0.1642132568E+001    0.8273315430E-002
 0.8484848    0.1644335937E+001    0.1502990723E-001
 0.8585859    0.1647108459E+001    0.1146545410E-001
 0.8686869    0.1648188782E+001    0.1824951172E-001
 0.8787879    0.1657936096E+001    0.2497558594E-001
 0.8888889    0.1646730042E+001    0.1708221436E-001
 0.8989899    0.1642564392E+001    0.6752014160E-002
 0.9090909    0.1647894287E+001    0.1957550049E-001
 0.9191919    0.1652656555E+001    0.1566772461E-001
 0.9292929    0.1643455505E+001    0.7321166992E-002
 0.9393939    0.1657437134E+001    0.2041931152E-001
 0.9494949    0.1648089600E+001    0.1380767822E-001
 0.9595960    0.1655520630E+001    0.2592468262E-001
 0.9696970    0.1646409607E+001    0.2316284180E-002
 0.9797980    0.1643473816E+001    0.7846069336E-002
 0.9898990    0.1648382568E+001    0.1364440918E-001
 1.0000000    0.1644769287E+001    0.9281921387E-002


