Compiled using GNU Fortran (Ubuntu 9.4.0-1ubuntu1~20.04.2) 9.4.0 with all optimizations
Last Brick update unknown
Compiled at 18:43:37 on Sep  2 2023
Starting at 16:56:19 on Sep 11 2023

Settings
OK                      

Forcefield
OK                      

Topology
OK                      

Configuration
OK                      Read from ./INPUT/restart.in

 F
Monte Carlo Simulation initialized.

#########################################################################################################################
###########################################   ENERGY STARTING CONFIGURATION   ###########################################
#########################################################################################################################
                                               Box 1               Box 2
-------------------------------------------------------------------------------------------------------------------------
Lennard Jones        
 Intermolecular                         -0.4905170632E+006  -0.4497285647E+005
 Tailcorrection                         -0.1168442180E+005  -0.9698515115E+003
Total Intermolecular                    -0.5022014850E+006  -0.4594270798E+005

Electrostatic        
 Real                                   -0.1495982709E+006  -0.1145326468E+005
 Exclusion                               0.8403352604E+007   0.4560531363E+007
 Selfterm                               -0.8430343329E+007  -0.4565130119E+007
 Fourier                                 0.1200214139E+005   0.3768412209E+004
Total Intermolecular                    -0.1645868545E+006  -0.1228360869E+005

Intramolecular       
 Lennard Jones                           0.0000000000E+000   0.0000000000E+000
 Electrostatic                           0.0000000000E+000   0.0000000000E+000
 Bending                                 0.0000000000E+000   0.0000000000E+000
 Torsion                                 0.0000000000E+000   0.0000000000E+000

Total                                   -0.6667883395E+006  -0.5822631667E+005

#########################################################################################################################

Simulation is running...



#########################################################################################################################
###############################################   RELATIVE ENERGY DRIFTS   ##############################################
#########################################################################################################################
                                               Box 1               Box 2                                                 
-------------------------------------------------------------------------------------------------------------------------

Lennard Jones        
 Intermolecular                          0.6096594666E-014   0.2300170418E-014
 Tailcorrection                          0.0000000000E+000   0.0000000000E+000

Electrostatic        
 Real                                    0.4773250981E-014   0.1151501341E-014
 Exclusion                               0.2063684514E-015   0.0000000000E+000
 Selfterm                                0.0000000000E+000   0.0000000000E+000
 Fourier                                 0.4362755011E-015   0.2804901225E-015

Intramolecular       
 Lennard Jones                           0.0000000000E+000   0.0000000000E+000
 Electrostatic                           0.0000000000E+000   0.0000000000E+000
 Bending                                 0.0000000000E+000   0.0000000000E+000
 Torsion                                 0.0000000000E+000   0.0000000000E+000

Total                                    0.6389244008E-014   0.0000000000E+000

#########################################################################################################################
############################################   TRIAL MOVE ACCEPTANCE RATES   ############################################
#########################################################################################################################
                                               Box 1               Box 2
-------------------------------------------------------------------------------------------------------------------------
Translation
 CO2                                          0.49444             0.51669
 AR                                           0.50210             0.69383
-------------------------------------------------------------------------------------------------------------------------
Rotation
 CO2                                          0.49222             0.77749
 AR                                           0.00000             0.00000
-------------------------------------------------------------------------------------------------------------------------
Lambda Move
 cd                                           0.74073             0.95307
 Ar                                           0.82723             0.97587
-------------------------------------------------------------------------------------------------------------------------
GE Swap Fractional
 cd                                           0.31115             0.40274
 Ar                                           0.40098             0.49723
-------------------------------------------------------------------------------------------------------------------------
GE Identity Change
 cd                                           0.66320             0.87972
 Ar                                           0.73112             0.95972
-------------------------------------------------------------------------------------------------------------------------
Volume                                        0.53061             0.49452

#########################################################################################################################
######################################################   AVERAGES   #####################################################
#########################################################################################################################
                                                       Boltzmann                                    Biased
                                               Box 1               Box 2                  Box 1               Box 2      
-------------------------------------------------------------------------------------------------------------------------
Density
 CO2                                     0.9861603679E+003   0.5447412473E+002      0.9837601285E+003   0.5448792813E+002
 AR                                      0.3042201888E+002   0.2990542943E+002      0.3071300419E+002   0.2999707975E+002
 Total                                   0.1016582387E+004   0.8437955416E+002      0.1014473133E+004   0.8448500788E+002

Number of molecules
 CO2                                     0.4827246530E+003   0.3122753470E+003      0.4840487000E+003   0.3109513000E+003
 AR                                      0.1649375674E+002   0.1885062433E+003      0.1673425000E+002   0.1882657500E+003
 Total                                   0.4992184097E+003   0.5007815903E+003      0.5007829500E+003   0.4992170500E+003

Mole fractions
 CO2                                          0.96696             0.62358                 0.96658             0.62288
 AR                                           0.03304             0.37642                 0.03342             0.37712

Volume                                   0.3579695043E+005   0.4198439980E+006      0.3598202057E+005   0.4180054758E+006

#########################################################################################################################
#######################################   PROPERTIES FROM THE CFC GIBBS ENSEMBLE   ######################################
#########################################################################################################################
                                                       Boltzmann                                    Biased
                                               Box 1               Box 2                  Box 1               Box 2      
Chemical Potentials (as an indication)
=========================================================================================================================

Total cd                                -0.1938730632E+004  -0.1941943034E+004     -0.1939347165E+004  -0.1941878933E+004
 Ideal gas                              -0.1089290348E+004  -0.1822001921E+004     -0.1089906881E+004  -0.1821937820E+004
 Excess                                 -0.8494402838E+003  -0.1199411129E+003     -0.8494402838E+003  -0.1199411129E+003

-------------------------------------------------------------------------------------------------------------------------

Total Ar                                -0.1994189071E+004  -0.1991576012E+004     -0.1991780637E+004  -0.1990801836E+004
 Ideal gas                              -0.1944889306E+004  -0.1949222336E+004     -0.1942480871E+004  -0.1948448160E+004
 Excess                                 -0.4929976571E+002  -0.4235367600E+002     -0.4929976571E+002  -0.4235367600E+002

-------------------------------------------------------------------------------------------------------------------------

#########################################################################################################################
#########################################   PROPERTIES FROM UMBRELLA SAMPLING   #########################################
#########################################################################################################################

Excess Partial Molar Enthalpy
=========================================================================================================================


Partial Molar Volume
=========================================================================================================================


#########################################################################################################################
##################################################   AVERAGE ENERGIES   #################################################
#########################################################################################################################
                                                       Boltzmann                                    Biased
                                               Box 1               Box 2                  Box 1               Box 2      
-------------------------------------------------------------------------------------------------------------------------
Lennard Jones        
 Intermolecular                         -0.5197644523E+006  -0.4356469582E+005     -0.5208178588E+006  -0.4337564968E+005
 Tailcorrection                         -0.1267728043E+005  -0.8604602281E+003     -0.1270677542E+005  -0.8565585790E+003
Total Intermolecular                    -0.5324417327E+006  -0.4442515605E+005     -0.5335246343E+006  -0.4423220826E+005

Electrostatic        
 Real                                   -0.1587035038E+006  -0.9097793293E+004     -0.1587837988E+006  -0.9054039337E+004
 Exclusion                               0.8840327274E+007   0.4240398607E+007      0.8863737412E+007   0.4221538556E+007
 Selfterm                               -0.8868721809E+007  -0.4244674692E+007     -0.8892207118E+007  -0.4225795557E+007
 Fourier                                 0.1285648407E+005   0.3280312269E+004      0.1291167022E+005   0.3272698040E+004
Total Intermolecular                    -0.1742415543E+006  -0.1009356621E+005     -0.1743418351E+006  -0.1003834256E+005

Intramolecular       
 Lennard Jones                           0.0000000000E+000   0.0000000000E+000      0.0000000000E+000   0.0000000000E+000
 Electrostatic                           0.0000000000E+000   0.0000000000E+000      0.0000000000E+000   0.0000000000E+000
 Bending                                 0.0000000000E+000   0.0000000000E+000      0.0000000000E+000   0.0000000000E+000
 Torsion                                 0.0000000000E+000   0.0000000000E+000      0.0000000000E+000   0.0000000000E+000

Total                                   -0.7066832870E+006  -0.5451872226E+005     -0.7078664693E+006  -0.5427055082E+005

#########################################################################################################################

No errors found in bookkeeping.

Total simulation time:  18 hours and  32 minutes

Simulation finished.

