#   100 bins for weightfunction of cd                      
 0.0000000    0.3014154053E+001    0.1778947449E+001
 0.0101010    0.3051173401E+001    0.1823634338E+001
 0.0202020    0.3049885559E+001    0.1810614014E+001
 0.0303030    0.3065458679E+001    0.1820831299E+001
 0.0404040    0.3110746765E+001    0.1807876587E+001
 0.0505051    0.3185375977E+001    0.1823249817E+001
 0.0606061    0.3236503601E+001    0.1836228943E+001
 0.0707071    0.3278599548E+001    0.1821572876E+001
 0.0808081    0.3356346130E+001    0.1854312134E+001
 0.0909091    0.3408369446E+001    0.1837818909E+001
 0.1010101    0.3481262207E+001    0.1857278442E+001
 0.1111111    0.3517863464E+001    0.1830207825E+001
 0.1212121    0.3518406677E+001    0.1815312195E+001
 0.1313131    0.3584124756E+001    0.1824980164E+001
 0.1414141    0.3622221375E+001    0.1817214966E+001
 0.1515152    0.3618376160E+001    0.1812857056E+001
 0.1616162    0.3614141846E+001    0.1811689758E+001
 0.1717172    0.3589106750E+001    0.1790048218E+001
 0.1818182    0.3603149414E+001    0.1767153931E+001
 0.1919192    0.3557948303E+001    0.1748616028E+001
 0.2020202    0.3530511475E+001    0.1730267334E+001
 0.2121212    0.3489189148E+001    0.1717193604E+001
 0.2222222    0.3415145874E+001    0.1684193420E+001
 0.2323232    0.3392907715E+001    0.1667803955E+001
 0.2424242    0.3332139587E+001    0.1647019958E+001
 0.2525253    0.3251913452E+001    0.1608711243E+001
 0.2626263    0.3193363953E+001    0.1592951965E+001
 0.2727273    0.3119668579E+001    0.1579220581E+001
 0.2828283    0.3056185913E+001    0.1540092468E+001
 0.2929293    0.2980995178E+001    0.1522259521E+001
 0.3030303    0.2885774231E+001    0.1510670471E+001
 0.3131313    0.2818284607E+001    0.1469110107E+001
 0.3232323    0.2745147705E+001    0.1451322937E+001
 0.3333333    0.2647738647E+001    0.1392172241E+001
 0.3434343    0.2575587463E+001    0.1375012207E+001
 0.3535354    0.2517237854E+001    0.1373660278E+001
 0.3636364    0.2397091675E+001    0.1334014893E+001
 0.3737374    0.2307000732E+001    0.1287553406E+001
 0.3838384    0.2228933716E+001    0.1274467468E+001
 0.3939394    0.2125976562E+001    0.1242250061E+001
 0.4040404    0.2030815125E+001    0.1223992920E+001
 0.4141414    0.1933004761E+001    0.1161888123E+001
 0.4242424    0.1842283630E+001    0.1119810486E+001
 0.4343434    0.1747930908E+001    0.1113433838E+001
 0.4444444    0.1620028687E+001    0.1092308044E+001
 0.4545455    0.1561654663E+001    0.1022126770E+001
 0.4646465    0.1453219604E+001    0.1004414368E+001
 0.4747475    0.1333044434E+001    0.9654296875E+000
 0.4848485    0.1253546143E+001    0.9347076416E+000
 0.4949495    0.1137866211E+001    0.8944564819E+000
 0.5050505    0.1072869873E+001    0.8757766724E+000
 0.5151515    0.1086401367E+001    0.9094314575E+000
 0.5252525    0.1075865173E+001    0.9072677612E+000
 0.5353535    0.1067416382E+001    0.8838684082E+000
 0.5454545    0.1061308289E+001    0.8945861816E+000
 0.5555556    0.1063737488E+001    0.8983642578E+000
 0.5656566    0.1054750061E+001    0.8680831909E+000
 0.5757576    0.1064447021E+001    0.8806289673E+000
 0.5858586    0.1032412720E+001    0.9024291992E+000
 0.5959596    0.1039369202E+001    0.8706939697E+000
 0.6060606    0.1005822754E+001    0.8727859497E+000
 0.6161616    0.1002137756E+001    0.8989593506E+000
 0.6262626    0.9951507568E+000    0.9008789063E+000
 0.6363636    0.9899856567E+000    0.8618392944E+000
 0.6464646    0.9923767090E+000    0.8738952637E+000
 0.6565657    0.9839279175E+000    0.8762207031E+000
 0.6666667    0.9439605713E+000    0.8620773315E+000
 0.6767677    0.9315322876E+000    0.8754058838E+000
 0.6868687    0.9142959595E+000    0.8632843018E+000
 0.6969697    0.8980697632E+000    0.8547637939E+000
 0.7070707    0.8694595337E+000    0.8478393555E+000
 0.7171717    0.8620010376E+000    0.8462219238E+000
 0.7272727    0.8466461182E+000    0.8491958618E+000
 0.7373737    0.8265640259E+000    0.8550491333E+000
 0.7474747    0.7997680664E+000    0.8371032715E+000
 0.7575758    0.7877273560E+000    0.8488769531E+000
 0.7676768    0.7493774414E+000    0.8249145508E+000
 0.7777778    0.7288162231E+000    0.8279800415E+000
 0.7878788    0.7270767212E+000    0.8395584106E+000
 0.7979798    0.6624114990E+000    0.8113616943E+000
 0.8080808    0.6542373657E+000    0.8163818359E+000
 0.8181818    0.6356796265E+000    0.8154754639E+000
 0.8282828    0.5975204468E+000    0.7980392456E+000
 0.8383838    0.5664459229E+000    0.7964630127E+000
 0.8484848    0.5317260742E+000    0.7890365601E+000
 0.8585859    0.5061523438E+000    0.7813171387E+000
 0.8686869    0.4680908203E+000    0.7713104248E+000
 0.8787879    0.4454574585E+000    0.7743728638E+000
 0.8888889    0.4160202026E+000    0.7735168457E+000
 0.8989899    0.3797592163E+000    0.7721054077E+000
 0.9090909    0.3419479370E+000    0.7545974731E+000
 0.9191919    0.2966171265E+000    0.7388183594E+000
 0.9292929    0.2647720337E+000    0.7277191162E+000
 0.9393939    0.2484619141E+000    0.7483032227E+000
 0.9494949    0.1959701538E+000    0.7252151489E+000
 0.9595960    0.1412979126E+000    0.7038375854E+000
 0.9696970    0.1308029175E+000    0.7180541992E+000
 0.9797980    0.4737548828E-001    0.6852081299E+000
 0.9898990    0.1929931641E-001    0.6843734741E+000
 1.0000000    0.0000000000E+000    0.6909103394E+000


#   100 bins for weightfunction of Ar                      
 0.0000000    0.1629646301E+001    0.3724227905E+000
 0.0101010    0.1635015869E+001    0.3816299438E+000
 0.0202020    0.1660227966E+001    0.4037475586E+000
 0.0303030    0.1684133911E+001    0.4106887817E+000
 0.0404040    0.1683737183E+001    0.4027420044E+000
 0.0505051    0.1742532349E+001    0.4131271362E+000
 0.0606061    0.1768350220E+001    0.4044326782E+000
 0.0707071    0.1842085266E+001    0.4364578247E+000
 0.0808081    0.1840556335E+001    0.4010742188E+000
 0.0909091    0.1944131470E+001    0.4359817505E+000
 0.1010101    0.1987754822E+001    0.4250396729E+000
 0.1111111    0.2063639832E+001    0.4537109375E+000
 0.1212121    0.2122967529E+001    0.4479446411E+000
 0.1313131    0.2183026123E+001    0.4428649902E+000
 0.1414141    0.2231913757E+001    0.4473403931E+000
 0.1515152    0.2285221863E+001    0.4559112549E+000
 0.1616162    0.2327697754E+001    0.4733642578E+000
 0.1717172    0.2352580261E+001    0.4509002686E+000
 0.1818182    0.2381765747E+001    0.4481292725E+000
 0.1919192    0.2390180969E+001    0.4529754639E+000
 0.2020202    0.2374516296E+001    0.4420257568E+000
 0.2121212    0.2369833374E+001    0.4325653076E+000
 0.2222222    0.2371995544E+001    0.4146224976E+000
 0.2323232    0.2356948853E+001    0.4084869385E+000
 0.2424242    0.2341531372E+001    0.4016250610E+000
 0.2525253    0.2322422791E+001    0.3918182373E+000
 0.2626263    0.2292774963E+001    0.3777038574E+000
 0.2727273    0.2267965698E+001    0.3774581909E+000
 0.2828283    0.2226704407E+001    0.3554626465E+000
 0.2929293    0.2199000549E+001    0.3378326416E+000
 0.3030303    0.2191580200E+001    0.3208786011E+000
 0.3131313    0.2115711975E+001    0.3337387085E+000
 0.3232323    0.2088618469E+001    0.2977325439E+000
 0.3333333    0.2039839172E+001    0.2884063721E+000
 0.3434343    0.1995951843E+001    0.2696838379E+000
 0.3535354    0.1959957886E+001    0.2662094116E+000
 0.3636364    0.1918742371E+001    0.2439270020E+000
 0.3737374    0.1860592651E+001    0.2253463745E+000
 0.3838384    0.1832910156E+001    0.2110794067E+000
 0.3939394    0.1763246155E+001    0.2013717651E+000
 0.4040404    0.1735040283E+001    0.1884445190E+000
 0.4141414    0.1675309753E+001    0.1679809570E+000
 0.4242424    0.1610884094E+001    0.1591888428E+000
 0.4343434    0.1560520935E+001    0.1428573608E+000
 0.4444444    0.1514486694E+001    0.1210494995E+000
 0.4545455    0.1477139282E+001    0.1138702393E+000
 0.4646465    0.1403446960E+001    0.7417144775E-001
 0.4747475    0.1375198364E+001    0.7974853516E-001
 0.4848485    0.1307620239E+001    0.3492889404E-001
 0.4949495    0.1231591797E+001    0.1754302979E-001
 0.5050505    0.1213418579E+001    0.1758880615E-001
 0.5151515    0.1211335754E+001    0.1622161865E-001
 0.5252525    0.1214509583E+001    0.2129669189E-001
 0.5353535    0.1239825439E+001    0.2147216797E-001
 0.5454545    0.1232637024E+001    0.3996429443E-001
 0.5555556    0.1214476013E+001    0.2954406738E-001
 0.5656566    0.1221919250E+001    0.9333801270E-002
 0.5757576    0.1222386169E+001    0.1712493896E-001
 0.5858586    0.1214413452E+001    0.2357025146E-001
 0.5959596    0.1220021057E+001    0.0000000000E+000
 0.6060606    0.1237870789E+001    0.8535766602E-002
 0.6161616    0.1231845093E+001    0.2621307373E-001
 0.6262626    0.1242271423E+001    0.1854705811E-001
 0.6363636    0.1227140808E+001    0.7521057129E-002
 0.6464646    0.1237313843E+001    0.2296447754E-001
 0.6565657    0.1210968018E+001    0.2297363281E-001
 0.6666667    0.1219766235E+001    0.1272583008E-001
 0.6767677    0.1235003662E+001    0.2849426270E-001
 0.6868687    0.1222456360E+001    0.2623748779E-001
 0.6969697    0.1228204346E+001    0.1660766602E-001
 0.7070707    0.1226298523E+001    0.2101745605E-001
 0.7171717    0.1224409485E+001    0.1214752197E-001
 0.7272727    0.1224325562E+001    0.1525421143E-001
 0.7373737    0.1241905212E+001    0.2351989746E-001
 0.7474747    0.1228878784E+001    0.2245483398E-001
 0.7575758    0.1233366394E+001    0.2694702148E-001
 0.7676768    0.1236572266E+001    0.3394012451E-001
 0.7777778    0.1210708618E+001    0.1394958496E-001
 0.7878788    0.1225952148E+001    0.2518615723E-001
 0.7979798    0.1232167053E+001    0.2672729492E-001
 0.8080808    0.1233113098E+001    0.2651977539E-001
 0.8181818    0.1220356750E+001    0.2651214600E-001
 0.8282828    0.1223464966E+001    0.1316070557E-001
 0.8383838    0.1224851990E+001    0.2098236084E-001
 0.8484848    0.1226873779E+001    0.1617279053E-001
 0.8585859    0.1235917664E+001    0.2755279541E-001
 0.8686869    0.1222126770E+001    0.7237243652E-002
 0.8787879    0.1231539917E+001    0.1269073486E-001
 0.8888889    0.1228977966E+001    0.1999816895E-001
 0.8989899    0.1204138184E+001    0.4513549805E-002
 0.9090909    0.1248413086E+001    0.3659210205E-001
 0.9191919    0.1238531494E+001    0.3114929199E-001
 0.9292929    0.1215310669E+001    0.1655426025E-001
 0.9393939    0.1218318176E+001    0.9638977051E-002
 0.9494949    0.1242692566E+001    0.3004760742E-001
 0.9595960    0.1218403625E+001    0.2265625000E-001
 0.9696970    0.1232623291E+001    0.2389678955E-001
 0.9797980    0.1226077271E+001    0.2131805420E-001
 0.9898990    0.1221064758E+001    0.1695709229E-001
 1.0000000    0.1237518311E+001    0.3458709717E-001


