Compiled using GNU Fortran (Ubuntu 9.4.0-1ubuntu1~20.04.2) 9.4.0 with all optimizations
Last Brick update unknown
Compiled at 18:43:37 on Sep  2 2023
Starting at 16:56:20 on Sep 11 2023

Settings
OK                      

Forcefield
OK                      

Topology
OK                      

Configuration
OK                      Read from ./INPUT/restart.in

 F
Monte Carlo Simulation initialized.

#########################################################################################################################
###########################################   ENERGY STARTING CONFIGURATION   ###########################################
#########################################################################################################################
                                               Box 1               Box 2
-------------------------------------------------------------------------------------------------------------------------
Lennard Jones        
 Intermolecular                         -0.4531918727E+006  -0.8222469845E+005
 Tailcorrection                         -0.1123668440E+005  -0.2000990985E+004
Total Intermolecular                    -0.4644285571E+006  -0.8422568944E+005

Electrostatic        
 Real                                   -0.1234893639E+006  -0.9225069843E+004
 Exclusion                               0.7725958167E+007   0.3026781232E+007
 Selfterm                               -0.7750773169E+007  -0.3029833382E+007
 Fourier                                 0.1228334967E+005   0.2970068650E+004
Total Intermolecular                    -0.1360210163E+006  -0.9307151899E+004

Intramolecular       
 Lennard Jones                           0.0000000000E+000   0.0000000000E+000
 Electrostatic                           0.0000000000E+000   0.0000000000E+000
 Bending                                 0.0000000000E+000   0.0000000000E+000
 Torsion                                 0.0000000000E+000   0.0000000000E+000

Total                                   -0.6004495734E+006  -0.9353284134E+005

#########################################################################################################################

Simulation is running...



#########################################################################################################################
###############################################   RELATIVE ENERGY DRIFTS   ##############################################
#########################################################################################################################
                                               Box 1               Box 2                                                 
-------------------------------------------------------------------------------------------------------------------------

Lennard Jones        
 Intermolecular                          0.2022154173E-014   0.5130873311E-015
 Tailcorrection                          0.0000000000E+000   0.0000000000E+000

Electrostatic        
 Real                                    0.4110117496E-014   0.2589920532E-014
 Exclusion                               0.0000000000E+000   0.1641525672E-015
 Selfterm                                0.0000000000E+000   0.0000000000E+000
 Fourier                                 0.1431428206E-015   0.1640486994E-015

Intramolecular       
 Lennard Jones                           0.0000000000E+000   0.0000000000E+000
 Electrostatic                           0.0000000000E+000   0.0000000000E+000
 Bending                                 0.0000000000E+000   0.0000000000E+000
 Torsion                                 0.0000000000E+000   0.0000000000E+000

Total                                    0.1890639270E-015   0.4829496323E-014

#########################################################################################################################
############################################   TRIAL MOVE ACCEPTANCE RATES   ############################################
#########################################################################################################################
                                               Box 1               Box 2
-------------------------------------------------------------------------------------------------------------------------
Translation
 CO2                                          0.48666             0.50848
 AR                                           0.50562             0.51169
-------------------------------------------------------------------------------------------------------------------------
Rotation
 CO2                                          0.50265             0.67201
 AR                                           0.00000             0.00000
-------------------------------------------------------------------------------------------------------------------------
Lambda Move
 cd                                           0.75290             0.92807
 Ar                                           0.83047             0.95697
-------------------------------------------------------------------------------------------------------------------------
GE Swap Fractional
 cd                                           0.38085             0.36670
 Ar                                           0.45939             0.46014
-------------------------------------------------------------------------------------------------------------------------
GE Identity Change
 cd                                           0.79746             0.80502
 Ar                                           0.93522             0.91557
-------------------------------------------------------------------------------------------------------------------------
Volume                                        0.49503             0.49743

#########################################################################################################################
######################################################   AVERAGES   #####################################################
#########################################################################################################################
                                                       Boltzmann                                    Biased
                                               Box 1               Box 2                  Box 1               Box 2      
-------------------------------------------------------------------------------------------------------------------------
Density
 CO2                                     0.8867063788E+003   0.8019909000E+002      0.8852710592E+003   0.8029786602E+002
 AR                                      0.1049171212E+003   0.1143103535E+003      0.1052914014E+003   0.1144266144E+003
 Total                                   0.9916235000E+003   0.1945094435E+003      0.9905624607E+003   0.1947244804E+003

Number of molecules
 CO2                                     0.4569944795E+003   0.1880055205E+003      0.4571792600E+003   0.1878207400E+003
 AR                                      0.5977058404E+002   0.2952294160E+003      0.6011268000E+002   0.2948873200E+003
 Total                                   0.5167650636E+003   0.4832349364E+003      0.5172919400E+003   0.4827080600E+003

Mole fractions
 CO2                                          0.88434             0.38906                 0.88379             0.38910
 AR                                           0.11566             0.61094                 0.11621             0.61090

Volume                                   0.3770145879E+005   0.1719184771E+006      0.3777894797E+005   0.1715444673E+006

#########################################################################################################################
#######################################   PROPERTIES FROM THE CFC GIBBS ENSEMBLE   ######################################
#########################################################################################################################
                                                       Boltzmann                                    Biased
                                               Box 1               Box 2                  Box 1               Box 2      
Chemical Potentials (as an indication)
=========================================================================================================================

Total cd                                -0.1943428710E+004  -0.1941705993E+004     -0.1943838575E+004  -0.1941394581E+004
 Ideal gas                              -0.1116185535E+004  -0.1724144973E+004     -0.1116595400E+004  -0.1723833561E+004
 Excess                                 -0.8272431750E+003  -0.2175610205E+003     -0.8272431750E+003  -0.2175610205E+003

-------------------------------------------------------------------------------------------------------------------------

Total Ar                                -0.1685759772E+004  -0.1684248346E+004     -0.1684858828E+004  -0.1683991160E+004
 Ideal gas                              -0.1631674277E+004  -0.1609980430E+004     -0.1630773334E+004  -0.1609723244E+004
 Excess                                 -0.5408549461E+002  -0.7426791631E+002     -0.5408549461E+002  -0.7426791631E+002

-------------------------------------------------------------------------------------------------------------------------

#########################################################################################################################
#########################################   PROPERTIES FROM UMBRELLA SAMPLING   #########################################
#########################################################################################################################

Excess Partial Molar Enthalpy
=========================================================================================================================


Partial Molar Volume
=========================================================================================================================


#########################################################################################################################
##################################################   AVERAGE ENERGIES   #################################################
#########################################################################################################################
                                                       Boltzmann                                    Biased
                                               Box 1               Box 2                  Box 1               Box 2      
-------------------------------------------------------------------------------------------------------------------------
Lennard Jones        
 Intermolecular                         -0.4958126446E+006  -0.7010745964E+005     -0.4957211244E+006  -0.7002241079E+005
 Tailcorrection                         -0.1221896159E+005  -0.1627998967E+004     -0.1221892056E+005  -0.1625820707E+004
Total Intermolecular                    -0.5080316062E+006  -0.7173545861E+005     -0.5079400449E+006  -0.7164823150E+005

Electrostatic        
 Real                                   -0.1365589632E+006  -0.7901713333E+004     -0.1363328711E+006  -0.7904035269E+004
 Exclusion                               0.8370284383E+007   0.2553449583E+007      0.8371616739E+007   0.2550471276E+007
 Selfterm                               -0.8397169314E+007  -0.2556024561E+007     -0.8398505771E+007  -0.2553043218E+007
 Fourier                                 0.1338113240E+005   0.2467215719E+004      0.1340311761E+005   0.2464521919E+004
Total Intermolecular                    -0.1500627619E+006  -0.8009475381E+004     -0.1498187856E+006  -0.8011455199E+004

Intramolecular       
 Lennard Jones                           0.0000000000E+000   0.0000000000E+000      0.0000000000E+000   0.0000000000E+000
 Electrostatic                           0.0000000000E+000   0.0000000000E+000      0.0000000000E+000   0.0000000000E+000
 Bending                                 0.0000000000E+000   0.0000000000E+000      0.0000000000E+000   0.0000000000E+000
 Torsion                                 0.0000000000E+000   0.0000000000E+000      0.0000000000E+000   0.0000000000E+000

Total                                   -0.6580943681E+006  -0.7974493399E+005     -0.6577588305E+006  -0.7965968670E+005

#########################################################################################################################

No errors found in bookkeeping.

Total simulation time:  16 hours and  24 minutes

Simulation finished.

