 0.0000000   0.1395818852E+000   0.9610778744E+000   0.7754948843E+000   0.9763077997E+000
 0.0101010   0.1386626176E+000   0.9604249390E+000   0.7711374073E+000   0.9631699622E+000
 0.0202020   0.1354467354E+000   0.9678834704E+000   0.7607180019E+000   0.9677479587E+000
 0.0303030   0.1310997680E+000   0.1002829865E+001   0.7625013541E+000   0.1014515511E+001
 0.0404040   0.1251882917E+000   0.9884007100E+000   0.7613571587E+000   0.9906829336E+000
 0.0505051   0.1183700793E+000   0.9874177194E+000   0.7701105057E+000   0.1011829453E+001
 0.0606061   0.1097147410E+000   0.9855557772E+000   0.7676900216E+000   0.9949347337E+000
 0.0707071   0.9939463387E-001   0.9509735195E+000   0.7665283965E+000   0.1004221205E+001
 0.0808081   0.9149140123E-001   0.9782550983E+000   0.7701099806E+000   0.9910068803E+000
 0.0909091   0.8269512492E-001   0.9810659493E+000   0.7664241099E+000   0.9984104116E+000
 0.1010101   0.7553827524E-001   0.9675139520E+000   0.7733719524E+000   0.1009816034E+001
 0.1111111   0.6979886317E-001   0.9809063031E+000   0.7735761268E+000   0.9949752271E+000
 0.1212121   0.6377688577E-001   0.9533664202E+000   0.7640973720E+000   0.9709604299E+000
 0.1313131   0.6028661640E-001   0.9838965320E+000   0.7836274785E+000   0.9938121685E+000
 0.1414141   0.5832718912E-001   0.9769815155E+000   0.7846826857E+000   0.1002421501E+001
 0.1515152   0.5577719491E-001   0.9536659812E+000   0.7797230946E+000   0.1002639716E+001
 0.1616162   0.5441139781E-001   0.9448459718E+000   0.7916280079E+000   0.1009843030E+001
 0.1717172   0.5385425381E-001   0.9002598109E+000   0.7843197491E+000   0.9474383017E+000
 0.1818182   0.5539170077E-001   0.9623532510E+000   0.7925487164E+000   0.9915625388E+000
 0.1919192   0.5601121141E-001   0.9540893130E+000   0.8010627527E+000   0.9967546842E+000
 0.2020202   0.5809882988E-001   0.9130081954E+000   0.8073994354E+000   0.1011334534E+001
 0.2121212   0.6015016481E-001   0.9144360432E+000   0.8087168043E+000   0.9947660115E+000
 0.2222222   0.6382173698E-001   0.9605487097E+000   0.8180883122E+000   0.9782379820E+000
 0.2323232   0.6741617274E-001   0.9644699097E+000   0.8234978823E+000   0.1013323207E+001
 0.2424242   0.7156638555E-001   0.9249135040E+000   0.8312467316E+000   0.9988085961E+000
 0.2525253   0.7764333181E-001   0.9650241873E+000   0.8461645716E+000   0.1035929736E+001
 0.2626263   0.8338213712E-001   0.9761384395E+000   0.8387584609E+000   0.1005400011E+001
 0.2727273   0.9037952302E-001   0.9710225830E+000   0.8639413865E+000   0.1033608118E+001
 0.2828283   0.9640086227E-001   0.9563709993E+000   0.8724662261E+000   0.1028724172E+001
 0.2929293   0.1069562645E+000   0.9836974226E+000   0.8762740991E+000   0.1007845359E+001
 0.3030303   0.1153412349E+000   0.9671534025E+000   0.8793242483E+000   0.1030319159E+001
 0.3131313   0.1273005683E+000   0.9663659337E+000   0.8863427671E+000   0.1030607112E+001
 0.3232323   0.1391992462E+000   0.9795699380E+000   0.8986869720E+000   0.1011667480E+001
 0.3333333   0.1538873318E+000   0.9622797060E+000   0.8991860578E+000   0.1019541184E+001
 0.3434343   0.1701049431E+000   0.1012152133E+001   0.9096721326E+000   0.1010054495E+001
 0.3535354   0.1854971579E+000   0.9422324364E+000   0.9276532348E+000   0.1008038827E+001
 0.3636364   0.2076018374E+000   0.9669435304E+000   0.9382139619E+000   0.1016929363E+001
 0.3737374   0.2313905567E+000   0.1018722744E+001   0.9384406255E+000   0.1011422270E+001
 0.3838384   0.2560770023E+000   0.9983812942E+000   0.9693009344E+000   0.1008542744E+001
 0.3939394   0.2866935710E+000   0.9627460885E+000   0.9720011986E+000   0.9970471360E+000
 0.4040404   0.3195009815E+000   0.9843413891E+000   0.9739607117E+000   0.1002707204E+001
 0.4141414   0.3551919585E+000   0.9948134686E+000   0.9952639998E+000   0.1018553596E+001
 0.4242424   0.4067084810E+000   0.1044115473E+001   0.9964160650E+000   0.1007444925E+001
 0.4343434   0.4455892695E+000   0.1012919870E+001   0.1003144229E+001   0.9867258349E+000
 0.4444444   0.4979547594E+000   0.9860705916E+000   0.1019427783E+001   0.9938166678E+000
 0.4545455   0.5657897432E+000   0.9987651628E+000   0.1024528247E+001   0.1004059232E+001
 0.4646465   0.6406287084E+000   0.1013895685E+001   0.1051893800E+001   0.1031560955E+001
 0.4747475   0.7092839479E+000   0.9871612090E+000   0.1055562197E+001   0.1015152156E+001
 0.4848485   0.8062933055E+000   0.9961426585E+000   0.1071733733E+001   0.1007210963E+001
 0.4949495   0.9127767960E+000   0.9932654376E+000   0.1084840587E+001   0.9764877701E+000
 0.5050505   0.9769847988E+000   0.9796094011E+000   0.1094550687E+001   0.9994002487E+000
 0.5151515   0.9563915971E+000   0.1017822267E+001   0.1093749469E+001   0.1009885773E+001
 0.5252525   0.9660741795E+000   0.9937174698E+000   0.1089573051E+001   0.1015197149E+001
 0.5353535   0.9770374981E+000   0.9720755310E+000   0.1082689002E+001   0.1008329029E+001
 0.5454545   0.9902651370E+000   0.1018250980E+001   0.1102170493E+001   0.1026308070E+001
 0.5555556   0.9963724677E+000   0.1006837167E+001   0.1081658896E+001   0.9562298546E+000
 0.5656566   0.1007464043E+001   0.1039091100E+001   0.1095774864E+001   0.1005964668E+001
 0.5757576   0.1003022145E+001   0.9882016006E+000   0.1093625281E+001   0.9995644717E+000
 0.5858586   0.1009539032E+001   0.1006191406E+001   0.1095614216E+001   0.1005139054E+001
 0.5959596   0.1028574667E+001   0.1008763685E+001   0.1094127104E+001   0.9797924762E+000
 0.6060606   0.1042805704E+001   0.1024505886E+001   0.1101393171E+001   0.9970943783E+000
 0.6161616   0.1053955695E+001   0.9993481409E+000   0.1092826536E+001   0.9820848488E+000
 0.6262626   0.1069430927E+001   0.9877908253E+000   0.1091033206E+001   0.9788408828E+000
 0.6363636   0.1093846151E+001   0.1026053917E+001   0.1103820551E+001   0.9989458235E+000
 0.6464646   0.1109201557E+001   0.1031856790E+001   0.1098261430E+001   0.9867325838E+000
 0.6565657   0.1129905341E+001   0.9846194248E+000   0.1098830269E+001   0.1001134713E+001
 0.6666667   0.1153171117E+001   0.1034818319E+001   0.1113172303E+001   0.1009044411E+001
 0.6767677   0.1174854580E+001   0.1022014327E+001   0.1093044101E+001   0.9929618085E+000
 0.6868687   0.1199732051E+001   0.1002083653E+001   0.1109562868E+001   0.9994969828E+000
 0.6969697   0.1246129001E+001   0.1029028002E+001   0.1110873570E+001   0.1018720069E+001
 0.7070707   0.1271377153E+001   0.1018990017E+001   0.1108178999E+001   0.9950112212E+000
 0.7171717   0.1295971245E+001   0.1042983599E+001   0.1110307968E+001   0.1005944422E+001
 0.7272727   0.1338956873E+001   0.1035765434E+001   0.1115793582E+001   0.1016810133E+001
 0.7373737   0.1376793062E+001   0.1019416936E+001   0.1119190773E+001   0.9896481039E+000
 0.7474747   0.1400885757E+001   0.1014055332E+001   0.1108545345E+001   0.9767217316E+000
 0.7575758   0.1451833777E+001   0.1022057378E+001   0.1120517780E+001   0.9991550391E+000
 0.7676768   0.1509085632E+001   0.1044079598E+001   0.1125458416E+001   0.1009354860E+001
 0.7777778   0.1562074021E+001   0.1038662386E+001   0.1137816594E+001   0.1000920998E+001
 0.7878788   0.1608061015E+001   0.1037930525E+001   0.1134742233E+001   0.1017521016E+001
 0.7979798   0.1658381640E+001   0.1035078417E+001   0.1132742259E+001   0.9878461505E+000
 0.8080808   0.1736252132E+001   0.1039700984E+001   0.1140983070E+001   0.1001870342E+001
 0.8181818   0.1787626697E+001   0.1021784724E+001   0.1135727442E+001   0.9830071970E+000
 0.8282828   0.1848670125E+001   0.1018145147E+001   0.1140434205E+001   0.9767892205E+000
 0.8383838   0.1940061025E+001   0.1054038657E+001   0.1150338027E+001   0.1005924175E+001
 0.8484848   0.2017345936E+001   0.1046863542E+001   0.1152418304E+001   0.1019032767E+001
 0.8585859   0.2101654681E+001   0.1056293436E+001   0.1157327700E+001   0.1005822942E+001
 0.8686869   0.2187740974E+001   0.1046965788E+001   0.1152511587E+001   0.1009534831E+001
 0.8787879   0.2298804984E+001   0.1025818932E+001   0.1173789361E+001   0.9809442866E+000
 0.8888889   0.2394881903E+001   0.1029033383E+001   0.1161531616E+001   0.9871262690E+000
 0.8989899   0.2493065544E+001   0.1045595341E+001   0.1162321769E+001   0.1009431348E+001
 0.9090909   0.2628943560E+001   0.1042565649E+001   0.1161974724E+001   0.9803683814E+000
 0.9191919   0.2753650306E+001   0.1058880065E+001   0.1172249497E+001   0.9982754339E+000
 0.9292929   0.2903855121E+001   0.1050874431E+001   0.1179616423E+001   0.9913848181E+000
 0.9393939   0.3083151811E+001   0.1070014049E+001   0.1200865509E+001   0.1031156022E+001
 0.9494949   0.3213657463E+001   0.1047423201E+001   0.1188406457E+001   0.9863276505E+000
 0.9595960   0.3409162864E+001   0.1029035177E+001   0.1198318809E+001   0.9868810594E+000
 0.9696970   0.3580967770E+001   0.1066614838E+001   0.1201850440E+001   0.1003829770E+001
 0.9797980   0.3796995318E+001   0.1045335243E+001   0.1214178605E+001   0.9904017299E+000
 0.9898990   0.3983653300E+001   0.1067660611E+001   0.1209555256E+001   0.9969301553E+000
 1.0000000   0.4098234945E+001   0.9962251723E+000   0.1213099030E+001   0.9562433523E+000


 0.0000000   0.1108627573E+001   0.9870056802E+000   0.9120718692E+000   0.1027256561E+001
 0.0101010   0.1092090653E+001   0.1021063593E+001   0.9062060845E+000   0.1052952496E+001
 0.0202020   0.1095335622E+001   0.9885355696E+000   0.9056153327E+000   0.1007746183E+001
 0.0303030   0.1067585200E+001   0.9580914844E+000   0.9106230034E+000   0.9920935847E+000
 0.0404040   0.1018251956E+001   0.9569601525E+000   0.8989176376E+000   0.9851848361E+000
 0.0505051   0.9778669517E+000   0.9779335787E+000   0.8950172659E+000   0.1015140826E+001
 0.0606061   0.9216601913E+000   0.9994771388E+000   0.8930817559E+000   0.1028033993E+001
 0.0707071   0.8616152220E+000   0.9664790675E+000   0.8999733557E+000   0.9997594255E+000
 0.0808081   0.7969915432E+000   0.9840745835E+000   0.8912409534E+000   0.1029631797E+001
 0.0909091   0.7382436466E+000   0.9705683048E+000   0.8909337564E+000   0.1002295119E+001
 0.1010101   0.6744176119E+000   0.1020611418E+001   0.8823405843E+000   0.1040441265E+001
 0.1111111   0.6195041479E+000   0.9445065664E+000   0.8965546022E+000   0.9934360109E+000
 0.1212121   0.5625976729E+000   0.9716406572E+000   0.8938878209E+000   0.1009375626E+001
 0.1313131   0.5137755572E+000   0.9422546263E+000   0.9003043379E+000   0.1030199051E+001
 0.1414141   0.4722589697E+000   0.9317134020E+000   0.9030003667E+000   0.1000288260E+001
 0.1515152   0.4471326164E+000   0.9596374591E+000   0.8896900072E+000   0.9853859741E+000
 0.1616162   0.4171990272E+000   0.9607258968E+000   0.8798541305E+000   0.9833678149E+000
 0.1717172   0.3945718942E+000   0.9767039479E+000   0.8996880034E+000   0.1031514357E+001
 0.1818182   0.3773921141E+000   0.9266125790E+000   0.9029008558E+000   0.1019335343E+001
 0.1919192   0.3679540965E+000   0.9613907553E+000   0.9084406764E+000   0.1041358815E+001
 0.2020202   0.3645021589E+000   0.9884497814E+000   0.9093421243E+000   0.1011829961E+001
 0.2121212   0.3633133609E+000   0.9541899088E+000   0.9075867872E+000   0.9916822690E+000
 0.2222222   0.3617843804E+000   0.9775636171E+000   0.9065272857E+000   0.9920190055E+000
 0.2323232   0.3668061407E+000   0.9871933418E+000   0.9057645318E+000   0.9917365084E+000
 0.2424242   0.3743996483E+000   0.9339224480E+000   0.9329737264E+000   0.1006627494E+001
 0.2525253   0.3819035630E+000   0.9518182227E+000   0.9206836926E+000   0.1008645654E+001
 0.2626263   0.3930413147E+000   0.9666041753E+000   0.9218997683E+000   0.9849452786E+000
 0.2727273   0.4077443570E+000   0.9854078751E+000   0.9395652840E+000   0.1008006080E+001
 0.2828283   0.4139240200E+000   0.9310127984E+000   0.9313703246E+000   0.1012329416E+001
 0.2929293   0.4358221817E+000   0.9707094979E+000   0.9344888172E+000   0.9920596851E+000
 0.3030303   0.4563289067E+000   0.9603863185E+000   0.9435599278E+000   0.1007752963E+001
 0.3131313   0.4747604963E+000   0.9793955525E+000   0.9609465523E+000   0.1002532417E+001
 0.3232323   0.4952015527E+000   0.1004422471E+001   0.9493792210E+000   0.9912280137E+000
 0.3333333   0.5134614218E+000   0.9878724984E+000   0.9666062150E+000   0.1005278288E+001
 0.3434343   0.5384607973E+000   0.9881584590E+000   0.9655669440E+000   0.1018634750E+001
 0.3535354   0.5612843417E+000   0.1016506095E+001   0.9682457193E+000   0.9831734569E+000
 0.3636364   0.5961805980E+000   0.1023503195E+001   0.9781343272E+000   0.9971627123E+000
 0.3737374   0.6232455189E+000   0.9887339548E+000   0.9689595191E+000   0.9878154490E+000
 0.3838384   0.6613434481E+000   0.1019424681E+001   0.9956092295E+000   0.9988622148E+000
 0.3939394   0.7044734102E+000   0.1027247492E+001   0.9874813841E+000   0.9844435638E+000
 0.4040404   0.7484659273E+000   0.1015737576E+001   0.9885812342E+000   0.9862922247E+000
 0.4141414   0.7813623515E+000   0.9895578789E+000   0.9998816280E+000   0.1023814617E+001
 0.4242424   0.8222849633E+000   0.1014911865E+001   0.1007490635E+001   0.9991040323E+000
 0.4343434   0.8813880500E+000   0.9986728745E+000   0.1004287128E+001   0.9824231447E+000
 0.4444444   0.9399400725E+000   0.1017946622E+001   0.1020435360E+001   0.9937365877E+000
 0.4545455   0.1000329974E+001   0.1027118810E+001   0.1032211440E+001   0.1003596866E+001
 0.4646465   0.1059561143E+001   0.1020234307E+001   0.1036285327E+001   0.9900031063E+000
 0.4747475   0.1129712339E+001   0.1047743721E+001   0.1041811670E+001   0.1016551052E+001
 0.4848485   0.1205797827E+001   0.1012876182E+001   0.1037528792E+001   0.9884392025E+000
 0.4949495   0.1279069523E+001   0.1034062292E+001   0.1043053899E+001   0.1003212670E+001
 0.5050505   0.1317411613E+001   0.1022114498E+001   0.1043491092E+001   0.9606166301E+000
 0.5151515   0.1321578527E+001   0.1025962456E+001   0.1063537168E+001   0.1010792631E+001
 0.5252525   0.1312541248E+001   0.1037372286E+001   0.1061805478E+001   0.1038942900E+001
 0.5353535   0.1325058577E+001   0.1010558114E+001   0.1070808163E+001   0.9976214876E+000
 0.5454545   0.1307057960E+001   0.1003246458E+001   0.1060127972E+001   0.9809067004E+000
 0.5555556   0.1310839258E+001   0.1001973933E+001   0.1066754506E+001   0.9725334869E+000
 0.5656566   0.1337377432E+001   0.1045454249E+001   0.1066263995E+001   0.1013289906E+001
 0.5757576   0.1332404946E+001   0.1064047053E+001   0.1059114360E+001   0.1007847882E+001
 0.5858586   0.1313279027E+001   0.1011526806E+001   0.1054365623E+001   0.1016996267E+001
 0.5959596   0.1330156671E+001   0.9958061190E+000   0.1054309977E+001   0.1008871651E+001
 0.6060606   0.1315164969E+001   0.1032021248E+001   0.1058277599E+001   0.1002118841E+001
 0.6161616   0.1325067047E+001   0.1005441206E+001   0.1060451528E+001   0.9927919175E+000
 0.6262626   0.1326939129E+001   0.1051775766E+001   0.1057476457E+001   0.1021986296E+001
 0.6363636   0.1321770509E+001   0.1030800553E+001   0.1065472083E+001   0.1016245955E+001
 0.6464646   0.1325451409E+001   0.1021898241E+001   0.1059779074E+001   0.1001632946E+001
 0.6565657   0.1319761526E+001   0.9762642834E+000   0.1045428336E+001   0.9716294963E+000
 0.6666667   0.1313553870E+001   0.1037281136E+001   0.1036996819E+001   0.9764658463E+000
 0.6767677   0.1328159191E+001   0.1019145870E+001   0.1056938671E+001   0.9966022381E+000
 0.6868687   0.1331303836E+001   0.1041801102E+001   0.1051155340E+001   0.9686531070E+000
 0.6969697   0.1331108011E+001   0.1037075602E+001   0.1062493917E+001   0.9827598812E+000
 0.7070707   0.1319164789E+001   0.9943012511E+000   0.1065998987E+001   0.9983266003E+000
 0.7171717   0.1312701389E+001   0.1019263828E+001   0.1053401307E+001   0.9964440398E+000
 0.7272727   0.1323421868E+001   0.1000225998E+001   0.1064821445E+001   0.9951671530E+000
 0.7373737   0.1322463573E+001   0.1005518057E+001   0.1057748057E+001   0.9988350950E+000
 0.7474747   0.1337112033E+001   0.1024457589E+001   0.1069119005E+001   0.1011588143E+001
 0.7575758   0.1332351574E+001   0.1003098116E+001   0.1069015071E+001   0.1003501947E+001
 0.7676768   0.1323959687E+001   0.1066250737E+001   0.1059905032E+001   0.1029563997E+001
 0.7777778   0.1326096723E+001   0.1026325269E+001   0.1060957764E+001   0.1024607869E+001
 0.7878788   0.1319880800E+001   0.1007601996E+001   0.1059254595E+001   0.1004204800E+001
 0.7979798   0.1324146203E+001   0.1006904967E+001   0.1058698022E+001   0.9864459031E+000
 0.8080808   0.1311060077E+001   0.1000222424E+001   0.1051027534E+001   0.9814829944E+000
 0.8181818   0.1319176449E+001   0.1016802779E+001   0.1053450202E+001   0.9945094998E+000
 0.8282828   0.1306789729E+001   0.1005998829E+001   0.1056998354E+001   0.9922201434E+000
 0.8383838   0.1320492193E+001   0.1002794282E+001   0.1062368545E+001   0.9887262195E+000
 0.8484848   0.1327061097E+001   0.1013312272E+001   0.1049392824E+001   0.9862899647E+000
 0.8585859   0.1331434069E+001   0.1011739489E+001   0.1069418791E+001   0.9893386732E+000
 0.8686869   0.1326045559E+001   0.1003074881E+001   0.1061987005E+001   0.9874335129E+000
 0.8787879   0.1329733316E+001   0.1030804128E+001   0.1056319328E+001   0.1002900793E+001
 0.8888889   0.1321486504E+001   0.1013521381E+001   0.1060588739E+001   0.9894765318E+000
 0.8989899   0.1325855567E+001   0.1005396524E+001   0.1058627552E+001   0.9723956283E+000
 0.9090909   0.1313718189E+001   0.9725593058E+000   0.1056636254E+001   0.9903059432E+000
 0.9191919   0.1322030415E+001   0.1004937200E+001   0.1059090732E+001   0.9882674443E+000
 0.9292929   0.1337772484E+001   0.1024927636E+001   0.1062154015E+001   0.1013554323E+001
 0.9393939   0.1330059709E+001   0.1022813315E+001   0.1062855423E+001   0.1006320138E+001
 0.9494949   0.1326731550E+001   0.9855079613E+000   0.1061043820E+001   0.9461844193E+000
 0.9595960   0.1319062253E+001   0.1003786208E+001   0.1057030738E+001   0.9728137240E+000
 0.9696970   0.1318746026E+001   0.1013160356E+001   0.1052007986E+001   0.9791958981E+000
 0.9797980   0.1318152815E+001   0.9934308584E+000   0.1055799061E+001   0.9925229803E+000
 0.9898990   0.1328026198E+001   0.1026475398E+001   0.1057120526E+001   0.1011337286E+001
 1.0000000   0.1318316353E+001   0.9958490131E+000   0.1055514230E+001   0.9879962471E+000


