Compiled using GNU Fortran (Ubuntu 9.4.0-1ubuntu1~20.04.2) 9.4.0 with all optimizations
Last Brick update unknown
Compiled at 18:43:37 on Sep  2 2023
Starting at 16:56:20 on Sep 11 2023

Settings
OK                      

Forcefield
OK                      

Topology
OK                      

Configuration
OK                      Read from ./INPUT/restart.in

 F
Monte Carlo Simulation initialized.

#########################################################################################################################
###########################################   ENERGY STARTING CONFIGURATION   ###########################################
#########################################################################################################################
                                               Box 1               Box 2
-------------------------------------------------------------------------------------------------------------------------
Lennard Jones        
 Intermolecular                         -0.4531918727E+006  -0.8222469845E+005
 Tailcorrection                         -0.1123668440E+005  -0.2000990985E+004
Total Intermolecular                    -0.4644285571E+006  -0.8422568944E+005

Electrostatic        
 Real                                   -0.1234893639E+006  -0.9225069843E+004
 Exclusion                               0.7725958167E+007   0.3026781232E+007
 Selfterm                               -0.7750773169E+007  -0.3029833382E+007
 Fourier                                 0.1228334967E+005   0.2970068650E+004
Total Intermolecular                    -0.1360210163E+006  -0.9307151899E+004

Intramolecular       
 Lennard Jones                           0.0000000000E+000   0.0000000000E+000
 Electrostatic                           0.0000000000E+000   0.0000000000E+000
 Bending                                 0.0000000000E+000   0.0000000000E+000
 Torsion                                 0.0000000000E+000   0.0000000000E+000

Total                                   -0.6004495734E+006  -0.9353284134E+005

#########################################################################################################################

Simulation is running...



#########################################################################################################################
###############################################   RELATIVE ENERGY DRIFTS   ##############################################
#########################################################################################################################
                                               Box 1               Box 2                                                 
-------------------------------------------------------------------------------------------------------------------------

Lennard Jones        
 Intermolecular                          0.9668041225E-014   0.8808742648E-015
 Tailcorrection                          0.0000000000E+000   0.0000000000E+000

Electrostatic        
 Real                                    0.2152636778E-014   0.8919484932E-015
 Exclusion                               0.0000000000E+000   0.0000000000E+000
 Selfterm                                0.0000000000E+000   0.0000000000E+000
 Fourier                                 0.1214923373E-015   0.0000000000E+000

Intramolecular       
 Lennard Jones                           0.0000000000E+000   0.0000000000E+000
 Electrostatic                           0.0000000000E+000   0.0000000000E+000
 Bending                                 0.0000000000E+000   0.0000000000E+000
 Torsion                                 0.0000000000E+000   0.0000000000E+000

Total                                    0.8467686907E-014   0.0000000000E+000

#########################################################################################################################
############################################   TRIAL MOVE ACCEPTANCE RATES   ############################################
#########################################################################################################################
                                               Box 1               Box 2
-------------------------------------------------------------------------------------------------------------------------
Translation
 CO2                                          0.49348             0.49519
 AR                                           0.49961             0.51124
-------------------------------------------------------------------------------------------------------------------------
Rotation
 CO2                                          0.49279             0.66771
 AR                                           0.00000             0.00000
-------------------------------------------------------------------------------------------------------------------------
Lambda Move
 cd                                           0.75232             0.92603
 Ar                                           0.83254             0.95616
-------------------------------------------------------------------------------------------------------------------------
GE Swap Fractional
 cd                                           0.33812             0.38960
 Ar                                           0.42555             0.48681
-------------------------------------------------------------------------------------------------------------------------
GE Identity Change
 cd                                           0.70724             0.86204
 Ar                                           0.84735             0.97295
-------------------------------------------------------------------------------------------------------------------------
Volume                                        0.47547             0.50109

#########################################################################################################################
######################################################   AVERAGES   #####################################################
#########################################################################################################################
                                                       Boltzmann                                    Biased
                                               Box 1               Box 2                  Box 1               Box 2      
-------------------------------------------------------------------------------------------------------------------------
Density
 CO2                                     0.8778702683E+003   0.8184562505E+002      0.8759149468E+003   0.8188081213E+002
 AR                                      0.1074996068E+003   0.1140081108E+003      0.1078401241E+003   0.1141347690E+003
 Total                                   0.9853698751E+003   0.1958537359E+003      0.9837550709E+003   0.1960155811E+003

Number of molecules
 CO2                                     0.4536249608E+003   0.1913750392E+003      0.4540000100E+003   0.1909999900E+003
 AR                                      0.6143576087E+002   0.2935642391E+003      0.6181856000E+002   0.2931814400E+003
 Total                                   0.5150607216E+003   0.4849392784E+003      0.5158185700E+003   0.4841814300E+003

Mole fractions
 CO2                                          0.88072             0.39464                 0.88015             0.39448
 AR                                           0.11928             0.60536                 0.11985             0.60552

Volume                                   0.3780933835E+005   0.1714498443E+006      0.3792546521E+005   0.1710351384E+006

#########################################################################################################################
#######################################   PROPERTIES FROM THE CFC GIBBS ENSEMBLE   ######################################
#########################################################################################################################
                                                       Boltzmann                                    Biased
                                               Box 1               Box 2                  Box 1               Box 2      
Chemical Potentials (as an indication)
=========================================================================================================================

Total cd                                -0.1928432937E+004  -0.1928780400E+004     -0.1928997084E+004  -0.1928671654E+004
 Ideal gas                              -0.1118719349E+004  -0.1719003334E+004     -0.1119283496E+004  -0.1718894588E+004
 Excess                                 -0.8097135880E+003  -0.2097770662E+003     -0.8097135880E+003  -0.2097770662E+003

-------------------------------------------------------------------------------------------------------------------------

Total Ar                                -0.1684822493E+004  -0.1683538402E+004     -0.1684022353E+004  -0.1683257485E+004
 Ideal gas                              -0.1625522209E+004  -0.1610650261E+004     -0.1624722070E+004  -0.1610369345E+004
 Excess                                 -0.5930028362E+002  -0.7288814035E+002     -0.5930028362E+002  -0.7288814035E+002

-------------------------------------------------------------------------------------------------------------------------

#########################################################################################################################
#########################################   PROPERTIES FROM UMBRELLA SAMPLING   #########################################
#########################################################################################################################

Excess Partial Molar Enthalpy
=========================================================================================================================


Partial Molar Volume
=========================================================================================================================


#########################################################################################################################
##################################################   AVERAGE ENERGIES   #################################################
#########################################################################################################################
                                                       Boltzmann                                    Biased
                                               Box 1               Box 2                  Box 1               Box 2      
-------------------------------------------------------------------------------------------------------------------------
Lennard Jones        
 Intermolecular                         -0.4903921611E+006  -0.7143514088E+005     -0.4903052940E+006  -0.7126669908E+005
 Tailcorrection                         -0.1207600294E+005  -0.1652106753E+004     -0.1207681340E+005  -0.1648007267E+004
Total Intermolecular                    -0.5024681641E+006  -0.7308724764E+005     -0.5023821074E+006  -0.7291470635E+005

Electrostatic        
 Real                                   -0.1344769476E+006  -0.8258063702E+004     -0.1342111194E+006  -0.8238391404E+004
 Exclusion                               0.8308634027E+007   0.2599164289E+007      0.8313554891E+007   0.2593493653E+007
 Selfterm                               -0.8335320949E+007  -0.2601785365E+007     -0.8340257455E+007  -0.2596108968E+007
 Fourier                                 0.1341917819E+005   0.2513786949E+004      0.1345461083E+005   0.2508952749E+004
Total Intermolecular                    -0.1477446907E+006  -0.8365352741E+004     -0.1474590725E+006  -0.8344753777E+004

Intramolecular       
 Lennard Jones                           0.0000000000E+000   0.0000000000E+000      0.0000000000E+000   0.0000000000E+000
 Electrostatic                           0.0000000000E+000   0.0000000000E+000      0.0000000000E+000   0.0000000000E+000
 Bending                                 0.0000000000E+000   0.0000000000E+000      0.0000000000E+000   0.0000000000E+000
 Torsion                                 0.0000000000E+000   0.0000000000E+000      0.0000000000E+000   0.0000000000E+000

Total                                   -0.6502128548E+006  -0.8145260038E+005     -0.6498411798E+006  -0.8125946012E+005

#########################################################################################################################

No errors found in bookkeeping.

Total simulation time:  16 hours and  16 minutes

Simulation finished.

