Compiled using GNU Fortran (Ubuntu 9.4.0-1ubuntu1~20.04.2) 9.4.0 with all optimizations
Last Brick update unknown
Compiled at 18:43:37 on Sep  2 2023
Starting at 16:56:20 on Sep 11 2023

Settings
OK                      

Forcefield
OK                      

Topology
OK                      

Configuration
OK                      Read from ./INPUT/restart.in

 F
Monte Carlo Simulation initialized.

#########################################################################################################################
###########################################   ENERGY STARTING CONFIGURATION   ###########################################
#########################################################################################################################
                                               Box 1               Box 2
-------------------------------------------------------------------------------------------------------------------------
Lennard Jones        
 Intermolecular                         -0.4785948839E+006  -0.6376877030E+005
 Tailcorrection                         -0.1184858278E+005  -0.1445970445E+004
Total Intermolecular                    -0.4904434667E+006  -0.6521474075E+005

Electrostatic        
 Real                                   -0.1391887897E+006  -0.9561690639E+004
 Exclusion                               0.8330120773E+007   0.3054885698E+007
 Selfterm                               -0.8356876284E+007  -0.3057966376E+007
 Fourier                                 0.1292337885E+005   0.3033552015E+004
Total Intermolecular                    -0.1530209226E+006  -0.9608816993E+004

Intramolecular       
 Lennard Jones                           0.0000000000E+000   0.0000000000E+000
 Electrostatic                           0.0000000000E+000   0.0000000000E+000
 Bending                                 0.0000000000E+000   0.0000000000E+000
 Torsion                                 0.0000000000E+000   0.0000000000E+000

Total                                   -0.6434643893E+006  -0.7482355774E+005

#########################################################################################################################

Simulation is running...



#########################################################################################################################
###############################################   RELATIVE ENERGY DRIFTS   ##############################################
#########################################################################################################################
                                               Box 1               Box 2                                                 
-------------------------------------------------------------------------------------------------------------------------

Lennard Jones        
 Intermolecular                          0.6081618118E-014   0.1571938629E-014
 Tailcorrection                          0.0000000000E+000   0.0000000000E+000

Electrostatic        
 Real                                    0.1411487839E-014   0.4388423840E-015
 Exclusion                               0.0000000000E+000   0.1113892420E-015
 Selfterm                                0.0000000000E+000   0.0000000000E+000
 Fourier                                 0.1164325340E-015   0.8718977849E-015

Intramolecular       
 Lennard Jones                           0.0000000000E+000   0.0000000000E+000
 Electrostatic                           0.0000000000E+000   0.0000000000E+000
 Bending                                 0.0000000000E+000   0.0000000000E+000
 Torsion                                 0.0000000000E+000   0.0000000000E+000

Total                                    0.3634439687E-014   0.4518801509E-014

#########################################################################################################################
############################################   TRIAL MOVE ACCEPTANCE RATES   ############################################
#########################################################################################################################
                                               Box 1               Box 2
-------------------------------------------------------------------------------------------------------------------------
Translation
 CO2                                          0.50224             0.52069
 AR                                           0.49481             0.55610
-------------------------------------------------------------------------------------------------------------------------
Rotation
 CO2                                          0.51234             0.69944
 AR                                           0.00000             0.00000
-------------------------------------------------------------------------------------------------------------------------
Lambda Move
 cd                                           0.75177             0.93414
 Ar                                           0.83299             0.96205
-------------------------------------------------------------------------------------------------------------------------
GE Swap Fractional
 cd                                           0.34379             0.39129
 Ar                                           0.40259             0.49685
-------------------------------------------------------------------------------------------------------------------------
GE Identity Change
 cd                                           0.69730             0.86329
 Ar                                           0.74800             0.99444
-------------------------------------------------------------------------------------------------------------------------
Volume                                        0.50667             0.49685

#########################################################################################################################
######################################################   AVERAGES   #####################################################
#########################################################################################################################
                                                       Boltzmann                                    Biased
                                               Box 1               Box 2                  Box 1               Box 2      
-------------------------------------------------------------------------------------------------------------------------
Density
 CO2                                     0.9042997803E+003   0.7177154929E+002      0.9026706073E+003   0.7187356385E+002
 AR                                      0.8980708231E+002   0.9231988356E+002      0.9007608649E+002   0.9250074999E+002
 Total                                   0.9941068627E+003   0.1640914328E+003      0.9927466938E+003   0.1643743138E+003

Number of molecules
 CO2                                     0.4918609996E+003   0.1881390004E+003      0.4921727000E+003   0.1878273000E+003
 AR                                      0.5395378748E+002   0.2660462125E+003      0.5424620000E+002   0.2657538000E+003
 Total                                   0.5458147871E+003   0.4541852129E+003      0.5464189000E+003   0.4535811000E+003

Mole fractions
 CO2                                          0.90115             0.41423                 0.90072             0.41410
 AR                                           0.09885             0.58577                 0.09928             0.58590

Volume                                   0.3977744215E+005   0.1920182491E+006      0.3987495468E+005   0.1914290189E+006

#########################################################################################################################
#######################################   PROPERTIES FROM THE CFC GIBBS ENSEMBLE   ######################################
#########################################################################################################################
                                                       Boltzmann                                    Biased
                                               Box 1               Box 2                  Box 1               Box 2      
Chemical Potentials (as an indication)
=========================================================================================================================

Total cd                                -0.1944432863E+004  -0.1943037627E+004     -0.1944889075E+004  -0.1942678274E+004
 Ideal gas                              -0.1111214838E+004  -0.1752234050E+004     -0.1111671051E+004  -0.1751874696E+004
 Excess                                 -0.8332180246E+003  -0.1908035774E+003     -0.8332180246E+003  -0.1908035774E+003

-------------------------------------------------------------------------------------------------------------------------

Total Ar                                -0.1728596875E+004  -0.1727523972E+004     -0.1727840183E+004  -0.1727028798E+004
 Ideal gas                              -0.1671017517E+004  -0.1664035804E+004     -0.1670260825E+004  -0.1663540630E+004
 Excess                                 -0.5757935788E+002  -0.6348816742E+002     -0.5757935788E+002  -0.6348816742E+002

-------------------------------------------------------------------------------------------------------------------------

#########################################################################################################################
#########################################   PROPERTIES FROM UMBRELLA SAMPLING   #########################################
#########################################################################################################################

Excess Partial Molar Enthalpy
=========================================================================================================================


Partial Molar Volume
=========================================================================================================================


#########################################################################################################################
##################################################   AVERAGE ENERGIES   #################################################
#########################################################################################################################
                                                       Boltzmann                                    Biased
                                               Box 1               Box 2                  Box 1               Box 2      
-------------------------------------------------------------------------------------------------------------------------
Lennard Jones        
 Intermolecular                         -0.5318484145E+006  -0.5793118523E+005     -0.5317685089E+006  -0.5783992288E+005
 Tailcorrection                         -0.1306582500E+005  -0.1315521561E+004     -0.1306688498E+005  -0.1313582616E+004
Total Intermolecular                    -0.5449142395E+006  -0.5924670679E+005     -0.5448353939E+006  -0.5915350549E+005

Electrostatic        
 Real                                   -0.1499676098E+006  -0.7151557573E+004     -0.1497368922E+006  -0.7150680184E+004
 Exclusion                               0.9008715246E+007   0.2555183953E+007      0.9012431826E+007   0.2550426643E+007
 Selfterm                               -0.9037650768E+007  -0.2557760675E+007     -0.9041379117E+007  -0.2552998529E+007
 Fourier                                 0.1411964068E+005   0.2444009865E+004      0.1415050321E+005   0.2440149964E+004
Total Intermolecular                    -0.1647834913E+006  -0.7284270308E+004     -0.1645336803E+006  -0.7282416693E+004

Intramolecular       
 Lennard Jones                           0.0000000000E+000   0.0000000000E+000      0.0000000000E+000   0.0000000000E+000
 Electrostatic                           0.0000000000E+000   0.0000000000E+000      0.0000000000E+000   0.0000000000E+000
 Bending                                 0.0000000000E+000   0.0000000000E+000      0.0000000000E+000   0.0000000000E+000
 Torsion                                 0.0000000000E+000   0.0000000000E+000      0.0000000000E+000   0.0000000000E+000

Total                                   -0.7096977308E+006  -0.6653097710E+005     -0.7093690742E+006  -0.6643592219E+005

#########################################################################################################################

No errors found in bookkeeping.

Total simulation time:  17 hours and   6 minutes

Simulation finished.

