#   100 bins for weightfunction of cd                      
 0.0000000    0.3366885376E+001    0.1346301270E+001
 0.0101010    0.3378096008E+001    0.1348210144E+001
 0.0202020    0.3435911560E+001    0.1380163574E+001
 0.0303030    0.3445785522E+001    0.1363237000E+001
 0.0404040    0.3527380371E+001    0.1386505127E+001
 0.0505051    0.3553326416E+001    0.1348289490E+001
 0.0606061    0.3606385803E+001    0.1356062317E+001
 0.0707071    0.3729196167E+001    0.1367561340E+001
 0.0808081    0.3826747131E+001    0.1354527283E+001
 0.0909091    0.3898765564E+001    0.1347007751E+001
 0.1010101    0.3983897400E+001    0.1367134094E+001
 0.1111111    0.4038818359E+001    0.1334359741E+001
 0.1212121    0.4138182068E+001    0.1355386353E+001
 0.1313131    0.4174272156E+001    0.1353007507E+001
 0.1414141    0.4224443054E+001    0.1346546936E+001
 0.1515152    0.4277014160E+001    0.1337194824E+001
 0.1616162    0.4296850586E+001    0.1337796021E+001
 0.1717172    0.4284629822E+001    0.1330418396E+001
 0.1818182    0.4275617981E+001    0.1334053040E+001
 0.1919192    0.4283911133E+001    0.1334880066E+001
 0.2020202    0.4211042786E+001    0.1296907043E+001
 0.2121212    0.4174256897E+001    0.1310112000E+001
 0.2222222    0.4155328369E+001    0.1274020386E+001
 0.2323232    0.4081806946E+001    0.1281576538E+001
 0.2424242    0.4009039307E+001    0.1286120605E+001
 0.2525253    0.3947782898E+001    0.1285028076E+001
 0.2626263    0.3855517578E+001    0.1261132812E+001
 0.2727273    0.3780024719E+001    0.1241809082E+001
 0.2828283    0.3678825378E+001    0.1218359375E+001
 0.2929293    0.3604031372E+001    0.1246583557E+001
 0.3030303    0.3509999084E+001    0.1183551025E+001
 0.3131313    0.3435694885E+001    0.1190750122E+001
 0.3232323    0.3328309631E+001    0.1177067566E+001
 0.3333333    0.3211495972E+001    0.1158204651E+001
 0.3434343    0.3175894165E+001    0.1153521729E+001
 0.3535354    0.3006010437E+001    0.1160473633E+001
 0.3636364    0.2947938538E+001    0.1115855408E+001
 0.3737374    0.2870198059E+001    0.1125039673E+001
 0.3838384    0.2743978882E+001    0.1076084900E+001
 0.3939394    0.2607800293E+001    0.1089649963E+001
 0.4040404    0.2494923401E+001    0.1061779785E+001
 0.4141414    0.2375735474E+001    0.1057911682E+001
 0.4242424    0.2298750305E+001    0.1033706665E+001
 0.4343434    0.2153637695E+001    0.1021910095E+001
 0.4444444    0.2060472107E+001    0.1017958069E+001
 0.4545455    0.1943458557E+001    0.9834899902E+000
 0.4646465    0.1850119019E+001    0.9865112305E+000
 0.4747475    0.1736224365E+001    0.9763275146E+000
 0.4848485    0.1594703674E+001    0.9611236572E+000
 0.4949495    0.1474237061E+001    0.9412506104E+000
 0.5050505    0.1410513306E+001    0.9027633667E+000
 0.5151515    0.1425170898E+001    0.9046798706E+000
 0.5252525    0.1424559021E+001    0.9293853760E+000
 0.5353535    0.1423797607E+001    0.9151718140E+000
 0.5454545    0.1388432312E+001    0.9323028564E+000
 0.5555556    0.1391503906E+001    0.9320190430E+000
 0.5656566    0.1389930725E+001    0.9205184937E+000
 0.5757576    0.1346194458E+001    0.8967102051E+000
 0.5858586    0.1340921021E+001    0.9257125854E+000
 0.5959596    0.1339311218E+001    0.9289932251E+000
 0.6060606    0.1315156555E+001    0.9220474243E+000
 0.6161616    0.1325889587E+001    0.9083572388E+000
 0.6262626    0.1319100952E+001    0.9079360962E+000
 0.6363636    0.1278392029E+001    0.9140930176E+000
 0.6464646    0.1281840515E+001    0.9395736694E+000
 0.6565657    0.1258468628E+001    0.9080215454E+000
 0.6666667    0.1230250549E+001    0.8898254395E+000
 0.6767677    0.1195326233E+001    0.9181533813E+000
 0.6868687    0.1195295715E+001    0.8971221924E+000
 0.6969697    0.1176873779E+001    0.9061904907E+000
 0.7070707    0.1157299805E+001    0.8962631226E+000
 0.7171717    0.1109474182E+001    0.8771347046E+000
 0.7272727    0.1065061951E+001    0.8892181396E+000
 0.7373737    0.1088375854E+001    0.9057556152E+000
 0.7474747    0.1032568359E+001    0.8840591431E+000
 0.7575758    0.1003140259E+001    0.9056289673E+000
 0.7676768    0.9851852417E+000    0.8935729980E+000
 0.7777778    0.9435317993E+000    0.8650634766E+000
 0.7878788    0.9060760498E+000    0.8827423096E+000
 0.7979798    0.8925430298E+000    0.8909515381E+000
 0.8080808    0.8395736694E+000    0.8884674072E+000
 0.8181818    0.8011993408E+000    0.8652389526E+000
 0.8282828    0.7800354004E+000    0.8813995361E+000
 0.8383838    0.7500427246E+000    0.8898742676E+000
 0.8484848    0.6813323975E+000    0.8538665771E+000
 0.8585859    0.6435928345E+000    0.8536529541E+000
 0.8686869    0.6048843384E+000    0.8467025757E+000
 0.8787879    0.5409927368E+000    0.8364624023E+000
 0.8888889    0.5185531616E+000    0.8555404663E+000
 0.8989899    0.4755447388E+000    0.8436080933E+000
 0.9090909    0.4021972656E+000    0.8220016479E+000
 0.9191919    0.3694061279E+000    0.8160263062E+000
 0.9292929    0.3127868652E+000    0.8247192383E+000
 0.9393939    0.2968399048E+000    0.8496261597E+000
 0.9494949    0.2362854004E+000    0.8251174927E+000
 0.9595960    0.1804397583E+000    0.8369812012E+000
 0.9696970    0.1253143311E+000    0.8092346191E+000
 0.9797980    0.1020324707E+000    0.8266448975E+000
 0.9898990    0.4193420410E-001    0.8336502075E+000
 1.0000000    0.0000000000E+000    0.7990905762E+000


#   100 bins for weightfunction of Ar                      
 0.0000000    0.2262663269E+001    0.2391723633E+000
 0.0101010    0.2229006958E+001    0.2018402100E+000
 0.0202020    0.2243009949E+001    0.2045761108E+000
 0.0303030    0.2253492737E+001    0.2000030518E+000
 0.0404040    0.2299926758E+001    0.2114593506E+000
 0.0505051    0.2344444275E+001    0.2138168335E+000
 0.0606061    0.2389828491E+001    0.2216430664E+000
 0.0707071    0.2486335754E+001    0.2324615479E+000
 0.0808081    0.2522180176E+001    0.2137405396E+000
 0.0909091    0.2616523743E+001    0.2326721191E+000
 0.1010101    0.2732957458E+001    0.2423797607E+000
 0.1111111    0.2826741028E+001    0.2360275269E+000
 0.1212121    0.2904966736E+001    0.2322631836E+000
 0.1313131    0.2967402649E+001    0.2341384888E+000
 0.1414141    0.3081289673E+001    0.2534896851E+000
 0.1515152    0.3143298340E+001    0.2388137817E+000
 0.1616162    0.3214628601E+001    0.2101715088E+000
 0.1717172    0.3270458984E+001    0.2359954834E+000
 0.1818182    0.3303262329E+001    0.2161117554E+000
 0.1919192    0.3306346130E+001    0.2031463623E+000
 0.2020202    0.3340090942E+001    0.2313507080E+000
 0.2121212    0.3315887451E+001    0.2003997803E+000
 0.2222222    0.3342869568E+001    0.2196655273E+000
 0.2323232    0.3324559021E+001    0.1947555542E+000
 0.2424242    0.3318913269E+001    0.2067932129E+000
 0.2525253    0.3284976196E+001    0.2074768066E+000
 0.2626263    0.3282301331E+001    0.1977890015E+000
 0.2727273    0.3248643494E+001    0.1782028198E+000
 0.2828283    0.3229458618E+001    0.2002304077E+000
 0.2929293    0.3207521057E+001    0.1603561401E+000
 0.3030303    0.3106227112E+001    0.1810699463E+000
 0.3131313    0.3110516357E+001    0.1773635864E+000
 0.3232323    0.3035260010E+001    0.1682968140E+000
 0.3333333    0.2965208435E+001    0.1459259033E+000
 0.3434343    0.2967504883E+001    0.1473236084E+000
 0.3535354    0.2879537964E+001    0.1351715088E+000
 0.3636364    0.2842202759E+001    0.1484191895E+000
 0.3737374    0.2834233093E+001    0.1052764893E+000
 0.3838384    0.2779071045E+001    0.1189361572E+000
 0.3939394    0.2701681519E+001    0.1048416138E+000
 0.4040404    0.2647181702E+001    0.8520507813E-001
 0.4141414    0.2577629089E+001    0.9855804443E-001
 0.4242424    0.2507693481E+001    0.9725036621E-001
 0.4343434    0.2450767517E+001    0.7832946777E-001
 0.4444444    0.2392524719E+001    0.6542968750E-001
 0.4545455    0.2340644836E+001    0.9416503906E-001
 0.4646465    0.2290635681E+001    0.5939331055E-001
 0.4747475    0.2243098450E+001    0.5737762451E-001
 0.4848485    0.2155892944E+001    0.4305267334E-001
 0.4949495    0.2092839050E+001    0.4395904541E-001
 0.5050505    0.2064768982E+001    0.3457946777E-001
 0.5151515    0.2075546265E+001    0.4457702637E-001
 0.5252525    0.2070771790E+001    0.4143981934E-001
 0.5353535    0.2046388245E+001    0.3144226074E-001
 0.5454545    0.2045004272E+001    0.8978271484E-002
 0.5555556    0.2086569214E+001    0.2739257813E-001
 0.5656566    0.2082179260E+001    0.2248229980E-001
 0.5757576    0.2072200012E+001    0.5623168945E-001
 0.5858586    0.2059016418E+001    0.4534301758E-001
 0.5959596    0.2067703247E+001    0.3228912354E-001
 0.6060606    0.2108390808E+001    0.3234558105E-001
 0.6161616    0.2077676392E+001    0.7653808594E-002
 0.6262626    0.2070742798E+001    0.3083343506E-001
 0.6363636    0.2079838562E+001    0.4592132568E-001
 0.6464646    0.2066571045E+001    0.3057556152E-001
 0.6565657    0.2080969238E+001    0.4104461670E-001
 0.6666667    0.2078837585E+001    0.2847595215E-001
 0.6767677    0.2084381104E+001    0.3234863281E-002
 0.6868687    0.2056526184E+001    0.1567382813E-001
 0.6969697    0.2073056030E+001    0.1519775391E-001
 0.7070707    0.2065588379E+001    0.2761077881E-001
 0.7171717    0.2069621277E+001    0.3485260010E-001
 0.7272727    0.2093875122E+001    0.4881896973E-001
 0.7373737    0.2082666016E+001    0.3321685791E-001
 0.7474747    0.2083319092E+001    0.4369659424E-001
 0.7575758    0.2080917358E+001    0.3859100342E-001
 0.7676768    0.2075784302E+001    0.3906860352E-001
 0.7777778    0.2079039001E+001    0.3302001953E-001
 0.7878788    0.2077334595E+001    0.3459167480E-001
 0.7979798    0.2073432922E+001    0.3659667969E-001
 0.8080808    0.2069403076E+001    0.3088073730E-001
 0.8181818    0.2083782959E+001    0.4732208252E-001
 0.8282828    0.2089286804E+001    0.4879760742E-001
 0.8383838    0.2088467407E+001    0.4861145020E-001
 0.8484848    0.2077621460E+001    0.3271179199E-001
 0.8585859    0.2084529114E+001    0.4469146729E-001
 0.8686869    0.2078250122E+001    0.2688140869E-001
 0.8787879    0.2043112183E+001    0.1361694336E-001
 0.8888889    0.2078941345E+001    0.4360961914E-001
 0.8989899    0.2075199890E+001    0.3431243896E-001
 0.9090909    0.2091035461E+001    0.4563903809E-001
 0.9191919    0.2071714783E+001    0.3211975098E-001
 0.9292929    0.2089013672E+001    0.5032958984E-001
 0.9393939    0.2066955566E+001    0.1882019043E-001
 0.9494949    0.2097326660E+001    0.4177551270E-001
 0.9595960    0.2073327637E+001    0.2903289795E-001
 0.9696970    0.2054966736E+001    0.2841186523E-002
 0.9797980    0.2074296570E+001    0.3362274170E-001
 0.9898990    0.2067060852E+001    0.4596710205E-001
 1.0000000    0.2046261597E+001    0.0000000000E+000


