Compiled using GNU Fortran (Ubuntu 9.4.0-1ubuntu1~20.04.2) 9.4.0 with all optimizations
Last Brick update unknown
Compiled at 18:43:37 on Sep  2 2023
Starting at 16:56:20 on Sep 11 2023

Settings
OK                      

Forcefield
OK                      

Topology
OK                      

Configuration
OK                      Read from ./INPUT/restart.in

 F
Monte Carlo Simulation initialized.

#########################################################################################################################
###########################################   ENERGY STARTING CONFIGURATION   ###########################################
#########################################################################################################################
                                               Box 1               Box 2
-------------------------------------------------------------------------------------------------------------------------
Lennard Jones        
 Intermolecular                         -0.5617464218E+006  -0.3838382935E+005
 Tailcorrection                         -0.1401532460E+005  -0.9376096182E+003
Total Intermolecular                    -0.5757617464E+006  -0.3932143897E+005

Electrostatic        
 Real                                   -0.1627493259E+006  -0.5293933713E+004
 Exclusion                               0.9886297181E+007   0.2171681601E+007
 Selfterm                               -0.9918050975E+007  -0.2173871485E+007
 Fourier                                 0.1640041328E+005   0.2088874415E+004
Total Intermolecular                    -0.1781027068E+006  -0.5394943212E+004

Intramolecular       
 Lennard Jones                           0.0000000000E+000   0.0000000000E+000
 Electrostatic                           0.0000000000E+000   0.0000000000E+000
 Bending                                 0.0000000000E+000   0.0000000000E+000
 Torsion                                 0.0000000000E+000   0.0000000000E+000

Total                                   -0.7538644532E+006  -0.4471638218E+005

#########################################################################################################################

Simulation is running...



#########################################################################################################################
###############################################   RELATIVE ENERGY DRIFTS   ##############################################
#########################################################################################################################
                                               Box 1               Box 2                                                 
-------------------------------------------------------------------------------------------------------------------------

Lennard Jones        
 Intermolecular                          0.1831213122E-013   0.1635633521E-014
 Tailcorrection                          0.0000000000E+000   0.0000000000E+000

Electrostatic        
 Real                                    0.8962649643E-014   0.8096580410E-015
 Exclusion                               0.0000000000E+000   0.0000000000E+000
 Selfterm                                0.0000000000E+000   0.0000000000E+000
 Fourier                                 0.6606669644E-015   0.0000000000E+000

Intramolecular       
 Lennard Jones                           0.0000000000E+000   0.0000000000E+000
 Electrostatic                           0.0000000000E+000   0.0000000000E+000
 Bending                                 0.0000000000E+000   0.0000000000E+000
 Torsion                                 0.0000000000E+000   0.0000000000E+000

Total                                    0.1657366063E-013   0.6588835650E-014

#########################################################################################################################
############################################   TRIAL MOVE ACCEPTANCE RATES   ############################################
#########################################################################################################################
                                               Box 1               Box 2
-------------------------------------------------------------------------------------------------------------------------
Translation
 CO2                                          0.48801             0.51223
 AR                                           0.48307             0.60231
-------------------------------------------------------------------------------------------------------------------------
Rotation
 CO2                                          0.49441             0.73049
 AR                                           0.00000             0.00000
-------------------------------------------------------------------------------------------------------------------------
Lambda Move
 cd                                           0.74463             0.94103
 Ar                                           0.82519             0.96528
-------------------------------------------------------------------------------------------------------------------------
GE Swap Fractional
 cd                                           0.41948             0.31638
 Ar                                           0.52608             0.39377
-------------------------------------------------------------------------------------------------------------------------
GE Identity Change
 cd                                           0.89943             0.62911
 Ar                                           0.99160             0.69794
-------------------------------------------------------------------------------------------------------------------------
Volume                                        0.51022             0.50041

#########################################################################################################################
######################################################   AVERAGES   #####################################################
#########################################################################################################################
                                                       Boltzmann                                    Biased
                                               Box 1               Box 2                  Box 1               Box 2      
-------------------------------------------------------------------------------------------------------------------------
Density
 CO2                                     0.9329431374E+003   0.6374473698E+002      0.9315988032E+003   0.6379868978E+002
 AR                                      0.6913874200E+002   0.7151895505E+002      0.6951216925E+002   0.7156834463E+002
 Total                                   0.1002081879E+004   0.1352636920E+003      0.1001110972E+004   0.1353670344E+003

Number of molecules
 CO2                                     0.4897738866E+003   0.2102261134E+003      0.4899854400E+003   0.2100145600E+003
 AR                                      0.4018288442E+002   0.2598171156E+003      0.4048070000E+002   0.2595193000E+003
 Total                                   0.5299567710E+003   0.4700432290E+003      0.5304661400E+003   0.4695338600E+003

Mole fractions
 CO2                                          0.92418             0.44725                 0.92369             0.44728
 AR                                           0.07582             0.55275                 0.07631             0.55272

Volume                                   0.3840168383E+005   0.2418275060E+006      0.3847450384E+005   0.2413869584E+006

#########################################################################################################################
#######################################   PROPERTIES FROM THE CFC GIBBS ENSEMBLE   ######################################
#########################################################################################################################
                                                       Boltzmann                                    Biased
                                               Box 1               Box 2                  Box 1               Box 2      
Chemical Potentials (as an indication)
=========================================================================================================================

Total cd                                -0.1941815470E+004  -0.1941444896E+004     -0.1942180296E+004  -0.1941230851E+004
 Ideal gas                              -0.1103325455E+004  -0.1782240236E+004     -0.1103690281E+004  -0.1782026190E+004
 Excess                                 -0.8384900148E+003  -0.1592046607E+003     -0.8384900148E+003  -0.1592046607E+003

-------------------------------------------------------------------------------------------------------------------------

Total Ar                                -0.1792684342E+004  -0.1793276239E+004     -0.1791321533E+004  -0.1793101583E+004
 Ideal gas                              -0.1737189313E+004  -0.1728625951E+004     -0.1735826504E+004  -0.1728451294E+004
 Excess                                 -0.5549502866E+002  -0.6465028850E+002     -0.5549502866E+002  -0.6465028850E+002

-------------------------------------------------------------------------------------------------------------------------

#########################################################################################################################
#########################################   PROPERTIES FROM UMBRELLA SAMPLING   #########################################
#########################################################################################################################

Excess Partial Molar Enthalpy
=========================================================================================================================


Partial Molar Volume
=========================================================================================================================


#########################################################################################################################
##################################################   AVERAGE ENERGIES   #################################################
#########################################################################################################################
                                                       Boltzmann                                    Biased
                                               Box 1               Box 2                  Box 1               Box 2      
-------------------------------------------------------------------------------------------------------------------------
Lennard Jones        
 Intermolecular                         -0.5284214298E+006  -0.5195115316E+005     -0.5282294750E+006  -0.5188610144E+005
 Tailcorrection                         -0.1295401265E+005  -0.1148108948E+004     -0.1295200315E+005  -0.1146625298E+004
Total Intermolecular                    -0.5413754425E+006  -0.5309926211E+005     -0.5411814781E+006  -0.5303272674E+005

Electrostatic        
 Real                                   -0.1532970118E+006  -0.7150965722E+004     -0.1530546893E+006  -0.7142860067E+004
 Exclusion                               0.8970223858E+007   0.2855049297E+007      0.8971970440E+007   0.2851942747E+007
 Selfterm                               -0.8999035715E+007  -0.2857928402E+007     -0.9000787709E+007  -0.2854818704E+007
 Fourier                                 0.1370036131E+005   0.2634960354E+004      0.1372590096E+005   0.2632900962E+004
Total Intermolecular                    -0.1684085080E+006  -0.7395110790E+004     -0.1681460570E+006  -0.7385916377E+004

Intramolecular       
 Lennard Jones                           0.0000000000E+000   0.0000000000E+000      0.0000000000E+000   0.0000000000E+000
 Electrostatic                           0.0000000000E+000   0.0000000000E+000      0.0000000000E+000   0.0000000000E+000
 Bending                                 0.0000000000E+000   0.0000000000E+000      0.0000000000E+000   0.0000000000E+000
 Torsion                                 0.0000000000E+000   0.0000000000E+000      0.0000000000E+000   0.0000000000E+000

Total                                   -0.7097839504E+006  -0.6049437290E+005     -0.7093275351E+006  -0.6041864311E+005

#########################################################################################################################

No errors found in bookkeeping.

Total simulation time:  17 hours and  28 minutes

Simulation finished.

