 0.0000000   0.1421320167E+000   0.9707851005E+000   0.7111648782E+000   0.1005311771E+001
 0.0101010   0.1411334326E+000   0.9760704270E+000   0.7105658303E+000   0.1043291617E+001
 0.0202020   0.1391281524E+000   0.9772068751E+000   0.7152692516E+000   0.1003591243E+001
 0.0303030   0.1327297507E+000   0.9932856508E+000   0.7088419701E+000   0.1039839875E+001
 0.0404040   0.1280024580E+000   0.9649343583E+000   0.7199802914E+000   0.1020155329E+001
 0.0505051   0.1222299909E+000   0.9716931357E+000   0.7269673099E+000   0.1028061207E+001
 0.0606061   0.1123597002E+000   0.9915163864E+000   0.7245598551E+000   0.1031002134E+001
 0.0707071   0.1025218286E+000   0.1002611266E+001   0.7148766554E+000   0.1059800133E+001
 0.0808081   0.9346211828E-001   0.9418796257E+000   0.7087096412E+000   0.1003651088E+001
 0.0909091   0.8499657910E-001   0.9773004870E+000   0.7084215412E+000   0.1013219786E+001
 0.1010101   0.7947586343E-001   0.9909285038E+000   0.7237232633E+000   0.1011514220E+001
 0.1111111   0.7385450055E-001   0.1000422620E+001   0.7289846001E+000   0.1024325204E+001
 0.1212121   0.6817284390E-001   0.9840592644E+000   0.7214472733E+000   0.1021418474E+001
 0.1313131   0.6349370393E-001   0.9745277033E+000   0.7291796052E+000   0.1033212103E+001
 0.1414141   0.6102327087E-001   0.1005264226E+001   0.7283152419E+000   0.1030305374E+001
 0.1515152   0.5897699957E-001   0.9641105738E+000   0.7373626599E+000   0.1004909958E+001
 0.1616162   0.5898622679E-001   0.9961782578E+000   0.7330693445E+000   0.1023743858E+001
 0.1717172   0.5806467076E-001   0.1006413780E+001   0.7445927458E+000   0.1036381721E+001
 0.1818182   0.5928186857E-001   0.9841135593E+000   0.7460080694E+000   0.1007216107E+001
 0.1919192   0.6005990127E-001   0.9779688758E+000   0.7522712224E+000   0.1029352137E+001
 0.2020202   0.6191761236E-001   0.9998703101E+000   0.7543663657E+000   0.9967369178E+000
 0.2121212   0.6520067008E-001   0.1042229684E+001   0.7711209534E+000   0.1019712908E+001
 0.2222222   0.6820749050E-001   0.9931508497E+000   0.7641457298E+000   0.9986113312E+000
 0.2323232   0.7132418955E-001   0.9943172537E+000   0.7792240225E+000   0.1005388714E+001
 0.2424242   0.7566671853E-001   0.9650654149E+000   0.7951254956E+000   0.1012089154E+001
 0.2525253   0.8235642062E-001   0.9784350629E+000   0.8006837986E+000   0.1012871406E+001
 0.2626263   0.8778243018E-001   0.1044255445E+001   0.8064178438E+000   0.9871938671E+000
 0.2727273   0.9593327584E-001   0.1037526623E+001   0.8190014809E+000   0.1025968789E+001
 0.2828283   0.1012212678E+000   0.1000036939E+001   0.8259326423E+000   0.1040850819E+001
 0.2929293   0.1121932849E+000   0.1045515460E+001   0.8341336846E+000   0.1009941166E+001
 0.3030303   0.1239010192E+000   0.9956090976E+000   0.8486227935E+000   0.1020512259E+001
 0.3131313   0.1339674006E+000   0.1033110015E+001   0.8575802651E+000   0.9906327851E+000
 0.3232323   0.1470814955E+000   0.1007492189E+001   0.8607398729E+000   0.9971130829E+000
 0.3333333   0.1608581076E+000   0.1022629229E+001   0.8847805761E+000   0.1015626388E+001
 0.3434343   0.1777639872E+000   0.1033482590E+001   0.8874253990E+000   0.1018084284E+001
 0.3535354   0.1966412285E+000   0.1009355065E+001   0.8964409914E+000   0.9742140357E+000
 0.3636364   0.2159289836E+000   0.9991513709E+000   0.9064879265E+000   0.1002163526E+001
 0.3737374   0.2384702323E+000   0.1007361132E+001   0.9200098782E+000   0.9883180876E+000
 0.3838384   0.2662061221E+000   0.9972304552E+000   0.9411925104E+000   0.1028807125E+001
 0.3939394   0.2954417064E+000   0.9785661196E+000   0.9609843778E+000   0.1048393355E+001
 0.4040404   0.3276433231E+000   0.1001667658E+001   0.9640884910E+000   0.9926268873E+000
 0.4141414   0.3664585416E+000   0.1009542289E+001   0.9771001632E+000   0.9632838764E+000
 0.4242424   0.4102191080E+000   0.9961052405E+000   0.9884902992E+000   0.9936592038E+000
 0.4343434   0.4568316279E+000   0.1011444482E+001   0.9966274577E+000   0.9842486658E+000
 0.4444444   0.5161349729E+000   0.1032404181E+001   0.1026624181E+001   0.1007906455E+001
 0.4545455   0.5788682676E+000   0.9863770944E+000   0.1033197525E+001   0.1007160537E+001
 0.4646465   0.6454179848E+000   0.1010974551E+001   0.1057759575E+001   0.9957601711E+000
 0.4747475   0.7168228140E+000   0.9697160529E+000   0.1067497507E+001   0.9762423348E+000
 0.4848485   0.8185157515E+000   0.1000010728E+001   0.1100819927E+001   0.9912718382E+000
 0.4949495   0.9134013376E+000   0.1039803264E+001   0.1101250444E+001   0.1021783953E+001
 0.5050505   0.9822735902E+000   0.1014601075E+001   0.1122159997E+001   0.1003140273E+001
 0.5151515   0.9799318451E+000   0.9949294753E+000   0.1125561065E+001   0.9958841346E+000
 0.5252525   0.9774835137E+000   0.1001568430E+001   0.1110197890E+001   0.9903079152E+000
 0.5353535   0.9909526137E+000   0.1025091221E+001   0.1115180129E+001   0.1002219096E+001
 0.5454545   0.9946307980E+000   0.1018802376E+001   0.1121822098E+001   0.1008951595E+001
 0.5555556   0.1003030226E+001   0.1025111816E+001   0.1114651247E+001   0.9969891194E+000
 0.5656566   0.1007645742E+001   0.9762670119E+000   0.1112019242E+001   0.9426589179E+000
 0.5757576   0.1022262814E+001   0.1014114293E+001   0.1117402707E+001   0.9806964709E+000
 0.5858586   0.1026960850E+001   0.9989267024E+000   0.1117394016E+001   0.9957494846E+000
 0.5959596   0.1040807170E+001   0.1011766507E+001   0.1113347936E+001   0.9703861289E+000
 0.6060606   0.1061602119E+001   0.1018072203E+001   0.1117927256E+001   0.9851698427E+000
 0.6161616   0.1070182696E+001   0.9942667033E+000   0.1119538196E+001   0.9439562599E+000
 0.6262626   0.1084357139E+001   0.9759187757E+000   0.1122180426E+001   0.1009868498E+001
 0.6363636   0.1089910687E+001   0.9839375690E+000   0.1122558487E+001   0.9782855949E+000
 0.6464646   0.1117113685E+001   0.1000383303E+001   0.1138317276E+001   0.1007985535E+001
 0.6565657   0.1143694612E+001   0.9892584679E+000   0.1139627392E+001   0.9913787032E+000
 0.6666667   0.1159550622E+001   0.9851226953E+000   0.1125967782E+001   0.9991135970E+000
 0.6767677   0.1187313639E+001   0.9809157776E+000   0.1129554814E+001   0.1008445055E+001
 0.6868687   0.1224016151E+001   0.1001675147E+001   0.1140723640E+001   0.9882796162E+000
 0.6969697   0.1236574046E+001   0.1004243857E+001   0.1134732259E+001   0.9607832338E+000
 0.7070707   0.1285108852E+001   0.1008104411E+001   0.1145376342E+001   0.9830646008E+000
 0.7171717   0.1314631612E+001   0.1022921298E+001   0.1142400587E+001   0.1007720510E+001
 0.7272727   0.1333733012E+001   0.1010946467E+001   0.1141812737E+001   0.9825559231E+000
 0.7373737   0.1378371872E+001   0.9926921515E+000   0.1144206358E+001   0.9791576139E+000
 0.7474747   0.1422038300E+001   0.1036448214E+001   0.1150548596E+001   0.1006493699E+001
 0.7575758   0.1456845508E+001   0.9840124585E+000   0.1140593297E+001   0.9757336570E+000
 0.7676768   0.1506174023E+001   0.9858098065E+000   0.1151164192E+001   0.9808760042E+000
 0.7777778   0.1546558893E+001   0.9887604528E+000   0.1166279497E+001   0.9726580803E+000
 0.7878788   0.1612629277E+001   0.1002839679E+001   0.1156398741E+001   0.9732030922E+000
 0.7979798   0.1673217618E+001   0.1017122979E+001   0.1174143600E+001   0.1005752055E+001
 0.8080808   0.1721235995E+001   0.1008222362E+001   0.1170784349E+001   0.9890469074E+000
 0.8181818   0.1775316582E+001   0.9924918221E+000   0.1165950348E+001   0.9874824028E+000
 0.8282828   0.1853543427E+001   0.9927090017E+000   0.1174912714E+001   0.9641943668E+000
 0.8383838   0.1931477337E+001   0.9769616120E+000   0.1179689827E+001   0.9746735555E+000
 0.8484848   0.1991116363E+001   0.1010454069E+001   0.1181286879E+001   0.1005192082E+001
 0.8585859   0.2094774337E+001   0.1002555099E+001   0.1202348526E+001   0.9982629510E+000
 0.8686869   0.2177354428E+001   0.9828479267E+000   0.1195682031E+001   0.9601698283E+000
 0.8787879   0.2275083125E+001   0.1003272166E+001   0.1197596202E+001   0.1002167801E+001
 0.8888889   0.2365880518E+001   0.9884440446E+000   0.1208681858E+001   0.9771699236E+000
 0.8989899   0.2455179291E+001   0.9579696348E+000   0.1195987681E+001   0.9607597234E+000
 0.9090909   0.2615647152E+001   0.9878767567E+000   0.1211548513E+001   0.9793798932E+000
 0.9191919   0.2725479892E+001   0.1030838991E+001   0.1221802875E+001   0.1011024778E+001
 0.9292929   0.2887370798E+001   0.1017122979E+001   0.1225883974E+001   0.9955058322E+000
 0.9393939   0.3053298962E+001   0.1004788678E+001   0.1242166968E+001   0.9944136712E+000
 0.9494949   0.3146160506E+001   0.9781841831E+000   0.1229856771E+001   0.9710636535E+000
 0.9595960   0.3342053213E+001   0.1034366286E+001   0.1247606880E+001   0.1009227307E+001
 0.9696970   0.3510720208E+001   0.9971630547E+000   0.1253990445E+001   0.9956639925E+000
 0.9797980   0.3690060863E+001   0.1017682778E+001   0.1244703185E+001   0.1003240726E+001
 0.9898990   0.3975367352E+001   0.9764561079E+000   0.1279058211E+001   0.9598812926E+000
 1.0000000   0.4114812876E+001   0.1081254602E+001   0.1274490534E+001   0.1036537744E+001


 0.0000000   0.1096123892E+001   0.1013536905E+001   0.8771334960E+000   0.9743570330E+000
 0.0101010   0.1101395886E+001   0.1049890133E+001   0.8900677129E+000   0.1015690028E+001
 0.0202020   0.1092088061E+001   0.1026237976E+001   0.8881201906E+000   0.1001104193E+001
 0.0303030   0.1070576895E+001   0.1036398052E+001   0.8830170142E+000   0.9924082026E+000
 0.0404040   0.1030452791E+001   0.1035599230E+001   0.8812326423E+000   0.1002259304E+001
 0.0505051   0.1001848953E+001   0.1059452557E+001   0.8904153669E+000   0.1010936927E+001
 0.0606061   0.9284157017E+000   0.1025316108E+001   0.8757918348E+000   0.9798672826E+000
 0.0707071   0.8757400025E+000   0.1016943128E+001   0.8797870805E+000   0.9969286481E+000
 0.0808081   0.8174127298E+000   0.1013968542E+001   0.8769229888E+000   0.9957368015E+000
 0.0909091   0.7547328958E+000   0.1022091524E+001   0.8760024923E+000   0.1006187908E+001
 0.1010101   0.6956422606E+000   0.1027818042E+001   0.8766359954E+000   0.9930306567E+000
 0.1111111   0.6317530366E+000   0.1048663580E+001   0.8810246441E+000   0.1023781931E+001
 0.1212121   0.5802983253E+000   0.1037661714E+001   0.8733770828E+000   0.9995388737E+000
 0.1313131   0.5188522875E+000   0.9983299937E+000   0.8687191407E+000   0.9997347937E+000
 0.1414141   0.4860740134E+000   0.1027683277E+001   0.8778638474E+000   0.9959674156E+000
 0.1515152   0.4536307478E+000   0.1013978307E+001   0.8755997386E+000   0.1000996029E+001
 0.1616162   0.4322220676E+000   0.1020751691E+001   0.8819522227E+000   0.1008467519E+001
 0.1717172   0.4061484156E+000   0.1026253601E+001   0.8772442486E+000   0.1019896185E+001
 0.1818182   0.3978463267E+000   0.1035259389E+001   0.8911796798E+000   0.1003906257E+001
 0.1919192   0.3814967733E+000   0.1010808411E+001   0.8817633990E+000   0.1015714518E+001
 0.2020202   0.3757307512E+000   0.1002445196E+001   0.8895330722E+000   0.9998123454E+000
 0.2121212   0.3701837683E+000   0.1014558381E+001   0.8892535934E+000   0.1001887873E+001
 0.2222222   0.3761127171E+000   0.9702696688E+000   0.9019553904E+000   0.9888591936E+000
 0.2323232   0.3770299209E+000   0.9935097193E+000   0.8971400201E+000   0.1017045141E+001
 0.2424242   0.3829752188E+000   0.1035513293E+001   0.9036061250E+000   0.1017606370E+001
 0.2525253   0.3895100670E+000   0.1016450944E+001   0.9101109960E+000   0.1016769628E+001
 0.2626263   0.3989985175E+000   0.9777383597E+000   0.9099700394E+000   0.1002018486E+001
 0.2727273   0.4112623590E+000   0.9923359005E+000   0.9146688396E+000   0.9996000987E+000
 0.2828283   0.4272747204E+000   0.1001357313E+001   0.9117260171E+000   0.1000102144E+001
 0.2929293   0.4440042937E+000   0.9914648136E+000   0.9275749880E+000   0.1019263527E+001
 0.3030303   0.4541654569E+000   0.9638537039E+000   0.9308099749E+000   0.1000381738E+001
 0.3131313   0.4785019333E+000   0.9935956561E+000   0.9397131870E+000   0.1011102235E+001
 0.3232323   0.4972394660E+000   0.9859316543E+000   0.9518968635E+000   0.1007869555E+001
 0.3333333   0.5150811018E+000   0.9917636394E+000   0.9534443233E+000   0.1017824739E+001
 0.3434343   0.5398151040E+000   0.9778457807E+000   0.9497511963E+000   0.1004012380E+001
 0.3535354   0.5676823144E+000   0.9802969332E+000   0.9608606532E+000   0.9943408716E+000
 0.3636364   0.6039855815E+000   0.1002972535E+001   0.9750037068E+000   0.9909163535E+000
 0.3737374   0.6339499345E+000   0.9931972218E+000   0.9862891400E+000   0.1019200261E+001
 0.3838384   0.6601821179E+000   0.9721934817E+000   0.9859767955E+000   0.1007751187E+001
 0.3939394   0.7003285024E+000   0.9878535140E+000   0.9939062002E+000   0.9951878174E+000
 0.4040404   0.7406083309E+000   0.1005863137E+001   0.9933638043E+000   0.1005563413E+001
 0.4141414   0.7811300228E+000   0.9748770542E+000   0.9941538269E+000   0.1001728688E+001
 0.4242424   0.8372519770E+000   0.9991385810E+000   0.1011219398E+001   0.1021422728E+001
 0.4343434   0.8852411190E+000   0.9755997047E+000   0.1029167178E+001   0.1024173771E+001
 0.4444444   0.9347309720E+000   0.9965428984E+000   0.1026010080E+001   0.1020194147E+001
 0.4545455   0.9958041968E+000   0.9988690519E+000   0.1034452992E+001   0.9909143127E+000
 0.4646465   0.1053965150E+001   0.9641447172E+000   0.1041826838E+001   0.1007808330E+001
 0.4747475   0.1134097533E+001   0.9857871241E+000   0.1053488886E+001   0.1025898275E+001
 0.4848485   0.1205532022E+001   0.9676173460E+000   0.1056668636E+001   0.1000167450E+001
 0.4949495   0.1274843260E+001   0.1005400250E+001   0.1069930068E+001   0.9953408799E+000
 0.5050505   0.1310180594E+001   0.9594455356E+000   0.1069340115E+001   0.1001175622E+001
 0.5151515   0.1316839438E+001   0.9408714638E+000   0.1063819438E+001   0.9944776074E+000
 0.5252525   0.1323730458E+001   0.9930058170E+000   0.1073208443E+001   0.9951510824E+000
 0.5353535   0.1305346107E+001   0.9820996533E+000   0.1074947704E+001   0.1015065533E+001
 0.5454545   0.1304622068E+001   0.9849531464E+000   0.1069369200E+001   0.9837183348E+000
 0.5555556   0.1330221141E+001   0.9971366437E+000   0.1069184444E+001   0.9742978488E+000
 0.5656566   0.1317381239E+001   0.9883710881E+000   0.1067032300E+001   0.1028951362E+001
 0.5757576   0.1306875254E+001   0.9925780861E+000   0.1074323759E+001   0.9956898623E+000
 0.5858586   0.1312420419E+001   0.1003712764E+001   0.1062556615E+001   0.1008020576E+001
 0.5959596   0.1304689771E+001   0.9692716298E+000   0.1071914732E+001   0.1010610394E+001
 0.6060606   0.1323421824E+001   0.9949960357E+000   0.1077481035E+001   0.1012659390E+001
 0.6161616   0.1312295742E+001   0.9717735631E+000   0.1057858712E+001   0.9966919114E+000
 0.6262626   0.1316431792E+001   0.9958593101E+000   0.1060323887E+001   0.9829591449E+000
 0.6363636   0.1319016572E+001   0.1000714740E+001   0.1069470687E+001   0.9950000607E+000
 0.6464646   0.1317901993E+001   0.1015171657E+001   0.1065569942E+001   0.9874306104E+000
 0.6565657   0.1322569749E+001   0.9959042316E+000   0.1075399582E+001   0.1001991955E+001
 0.6666667   0.1320589419E+001   0.9950839256E+000   0.1059479183E+001   0.9688141300E+000
 0.6767677   0.1322841916E+001   0.1006925629E+001   0.1055254559E+001   0.9889653170E+000
 0.6868687   0.1300963025E+001   0.9800977160E+000   0.1065096642E+001   0.9841632365E+000
 0.6969697   0.1304835284E+001   0.9653927542E+000   0.1066751003E+001   0.1013698174E+001
 0.7070707   0.1310937940E+001   0.9793438157E+000   0.1059124598E+001   0.9720549731E+000
 0.7171717   0.1313445052E+001   0.9951991591E+000   0.1065063364E+001   0.9809346383E+000
 0.7272727   0.1316843439E+001   0.9895019385E+000   0.1073790206E+001   0.9842285431E+000
 0.7373737   0.1312742445E+001   0.1003619014E+001   0.1065307945E+001   0.9925755509E+000
 0.7474747   0.1319131749E+001   0.9954745475E+000   0.1071555784E+001   0.9939673991E+000
 0.7575758   0.1315686032E+001   0.9903066196E+000   0.1061424211E+001   0.9813611725E+000
 0.7676768   0.1316637979E+001   0.9881074183E+000   0.1069942175E+001   0.9914428885E+000
 0.7777778   0.1316541932E+001   0.9959745436E+000   0.1059130768E+001   0.9891326653E+000
 0.7878788   0.1324963205E+001   0.1016222430E+001   0.1077513060E+001   0.1009200178E+001
 0.7979798   0.1318291909E+001   0.9698458440E+000   0.1066725402E+001   0.9733304939E+000
 0.8080808   0.1314915114E+001   0.1008894363E+001   0.1068720598E+001   0.9952918999E+000
 0.8181818   0.1329883681E+001   0.1008033042E+001   0.1071876662E+001   0.9948204674E+000
 0.8282828   0.1309942884E+001   0.9992577207E+000   0.1065963232E+001   0.9966306864E+000
 0.8383838   0.1304535407E+001   0.1006790864E+001   0.1060654518E+001   0.1000055205E+001
 0.8484848   0.1316007403E+001   0.1001740123E+001   0.1068954388E+001   0.9947306707E+000
 0.8585859   0.1322952871E+001   0.1013284954E+001   0.1075218382E+001   0.1012820616E+001
 0.8686869   0.1321736568E+001   0.9810059120E+000   0.1062643647E+001   0.9666855410E+000
 0.8787879   0.1309103664E+001   0.9919081695E+000   0.1070272102E+001   0.9823040374E+000
 0.8888889   0.1316830473E+001   0.9957597015E+000   0.1073559360E+001   0.9966102781E+000
 0.8989899   0.1306709174E+001   0.9878046863E+000   0.1065044099E+001   0.9935327016E+000
 0.9090909   0.1319948727E+001   0.1017445077E+001   0.1069907640E+001   0.1000967457E+001
 0.9191919   0.1320743536E+001   0.1012622849E+001   0.1073084573E+001   0.1015806355E+001
 0.9292929   0.1323148695E+001   0.1008392414E+001   0.1074203976E+001   0.1008000168E+001
 0.9393939   0.1315209002E+001   0.1015302516E+001   0.1076962621E+001   0.1015498189E+001
 0.9494949   0.1313301162E+001   0.9734044096E+000   0.1061636379E+001   0.9757856162E+000
 0.9595960   0.1316098876E+001   0.9930448792E+000   0.1061141566E+001   0.9976225314E+000
 0.9696970   0.1317164004E+001   0.1005447125E+001   0.1070156796E+001   0.9912000293E+000
 0.9797980   0.1332461842E+001   0.1014488069E+001   0.1076858382E+001   0.9985919271E+000
 0.9898990   0.1310164866E+001   0.1027583669E+001   0.1066299798E+001   0.1017028814E+001
 1.0000000   0.1320776071E+001   0.1015199001E+001   0.1071558139E+001   0.9969817097E+000


