#   100 bins for weightfunction of cd                      
 0.0000000    0.3351879883E+001    0.1178350830E+001
 0.0101010    0.3343072510E+001    0.1179554749E+001
 0.0202020    0.3392543030E+001    0.1202449036E+001
 0.0303030    0.3425840759E+001    0.1209925842E+001
 0.0404040    0.3445118713E+001    0.1191424561E+001
 0.0505051    0.3550677490E+001    0.1207890320E+001
 0.0606061    0.3577214050E+001    0.1191357422E+001
 0.0707071    0.3707444763E+001    0.1193778992E+001
 0.0808081    0.3821360779E+001    0.1212289429E+001
 0.0909091    0.3865463257E+001    0.1182656860E+001
 0.1010101    0.3972528076E+001    0.1173550415E+001
 0.1111111    0.4043095398E+001    0.1207865906E+001
 0.1212121    0.4108575439E+001    0.1190867615E+001
 0.1313131    0.4213140869E+001    0.1203733826E+001
 0.1414141    0.4230995178E+001    0.1205911255E+001
 0.1515152    0.4300659180E+001    0.1179306030E+001
 0.1616162    0.4305206299E+001    0.1171696472E+001
 0.1717172    0.4300526428E+001    0.1156773376E+001
 0.1818182    0.4315786743E+001    0.1187739563E+001
 0.1919192    0.4253582764E+001    0.1168528748E+001
 0.2020202    0.4251495361E+001    0.1141500854E+001
 0.2121212    0.4211212158E+001    0.1136076355E+001
 0.2222222    0.4129405212E+001    0.1116564941E+001
 0.2323232    0.4078070068E+001    0.1110552979E+001
 0.2424242    0.4042858887E+001    0.1105230713E+001
 0.2525253    0.3971450806E+001    0.1126654053E+001
 0.2626263    0.3896513367E+001    0.1067692566E+001
 0.2727273    0.3816624451E+001    0.1080807495E+001
 0.2828283    0.3757983398E+001    0.1065849304E+001
 0.2929293    0.3624868774E+001    0.1053456116E+001
 0.3030303    0.3601712036E+001    0.1021937561E+001
 0.3131313    0.3451089478E+001    0.1014959717E+001
 0.3232323    0.3372314453E+001    0.1022315979E+001
 0.3333333    0.3286782837E+001    0.1009657288E+001
 0.3434343    0.3200462341E+001    0.9726989746E+000
 0.3535354    0.3053842163E+001    0.9718978882E+000
 0.3636364    0.2979101563E+001    0.9584579468E+000
 0.3737374    0.2858126831E+001    0.9407257080E+000
 0.3838384    0.2728015137E+001    0.9039398193E+000
 0.3939394    0.2634902954E+001    0.9126739502E+000
 0.4040404    0.2535798645E+001    0.8940322876E+000
 0.4141414    0.2424302673E+001    0.8901229858E+000
 0.4242424    0.2306959534E+001    0.8678329468E+000
 0.4343434    0.2180432129E+001    0.8562011719E+000
 0.4444444    0.2102302551E+001    0.8875793457E+000
 0.4545455    0.1966670227E+001    0.8275680542E+000
 0.4646465    0.1853721619E+001    0.8038558960E+000
 0.4747475    0.1766181946E+001    0.7918045044E+000
 0.4848485    0.1604377747E+001    0.7866577148E+000
 0.4949495    0.1472097778E+001    0.7519439697E+000
 0.5050505    0.1438650513E+001    0.7409362793E+000
 0.5151515    0.1437258911E+001    0.7460052490E+000
 0.5252525    0.1398568726E+001    0.7605117798E+000
 0.5353535    0.1420503235E+001    0.7598587036E+000
 0.5454545    0.1399809265E+001    0.7100936890E+000
 0.5555556    0.1433822632E+001    0.7751800537E+000
 0.5656566    0.1371704102E+001    0.7321609497E+000
 0.5757576    0.1367570496E+001    0.7386215210E+000
 0.5858586    0.1374415588E+001    0.7628143311E+000
 0.5959596    0.1356462097E+001    0.7327850342E+000
 0.6060606    0.1326826477E+001    0.7284027100E+000
 0.6161616    0.1345854187E+001    0.7379119873E+000
 0.6262626    0.1337124634E+001    0.7568695068E+000
 0.6363636    0.1296200562E+001    0.7395050049E+000
 0.6464646    0.1305065918E+001    0.7461135864E+000
 0.6565657    0.1261404419E+001    0.7373886108E+000
 0.6666667    0.1260791016E+001    0.7544525146E+000
 0.6767677    0.1206106567E+001    0.7283065796E+000
 0.6868687    0.1204887390E+001    0.7445098877E+000
 0.6969697    0.1169705200E+001    0.7324386597E+000
 0.7070707    0.1166380310E+001    0.7116180420E+000
 0.7171717    0.1146592712E+001    0.7160964966E+000
 0.7272727    0.1109069824E+001    0.7264282227E+000
 0.7373737    0.1081861877E+001    0.7394500732E+000
 0.7474747    0.1078608704E+001    0.7128250122E+000
 0.7575758    0.1041593933E+001    0.7295822144E+000
 0.7676768    0.1003247070E+001    0.7202301025E+000
 0.7777778    0.9726013184E+000    0.7202301025E+000
 0.7878788    0.9395874023E+000    0.6925369263E+000
 0.7979798    0.8871795654E+000    0.6948394775E+000
 0.8080808    0.8757583618E+000    0.7149673462E+000
 0.8181818    0.8333526611E+000    0.6970626831E+000
 0.8282828    0.7919143677E+000    0.7051300049E+000
 0.8383838    0.7473937988E+000    0.6866287231E+000
 0.8484848    0.7227035522E+000    0.6874603271E+000
 0.8585859    0.6676483154E+000    0.6800628662E+000
 0.8686869    0.6331054688E+000    0.6824752808E+000
 0.8787879    0.5776321411E+000    0.6675323486E+000
 0.8888889    0.5371780396E+000    0.6813873291E+000
 0.8989899    0.4918243408E+000    0.6584930420E+000
 0.9090909    0.4625076294E+000    0.6740325928E+000
 0.9191919    0.4103637695E+000    0.6701263428E+000
 0.9292929    0.3646026611E+000    0.6628433228E+000
 0.9393939    0.3094131470E+000    0.6621292114E+000
 0.9494949    0.2620849609E+000    0.6543472290E+000
 0.9595960    0.2141632080E+000    0.6562881470E+000
 0.9696970    0.1936492920E+000    0.6742706299E+000
 0.9797980    0.7785644531E-001    0.6185913086E+000
 0.9898990    0.5292510986E-001    0.6497238159E+000
 1.0000000    0.0000000000E+000    0.6262954712E+000


#   100 bins for weightfunction of Ar                      
 0.0000000    0.2344619751E+001    0.1794982910E+000
 0.0101010    0.2341545105E+001    0.2016372681E+000
 0.0202020    0.2402160645E+001    0.2321090698E+000
 0.0303030    0.2393444824E+001    0.1877273560E+000
 0.0404040    0.2441218567E+001    0.2151168823E+000
 0.0505051    0.2509681702E+001    0.2351211548E+000
 0.0606061    0.2509992981E+001    0.1880630493E+000
 0.0707071    0.2607321167E+001    0.2504272461E+000
 0.0808081    0.2685942078E+001    0.2413619995E+000
 0.0909091    0.2777371216E+001    0.2275024414E+000
 0.1010101    0.2893504333E+001    0.2671890259E+000
 0.1111111    0.2956604004E+001    0.2459823608E+000
 0.1212121    0.3041781616E+001    0.2394165039E+000
 0.1313131    0.3130824280E+001    0.2315567017E+000
 0.1414141    0.3196255493E+001    0.2351348877E+000
 0.1515152    0.3299543762E+001    0.2329483032E+000
 0.1616162    0.3326654053E+001    0.2228668213E+000
 0.1717172    0.3388243103E+001    0.2398056030E+000
 0.1818182    0.3404655457E+001    0.2064453125E+000
 0.1919192    0.3468818665E+001    0.2328292847E+000
 0.2020202    0.3497946167E+001    0.2527496338E+000
 0.2121212    0.3470883179E+001    0.2028823853E+000
 0.2222222    0.3477131653E+001    0.2316543579E+000
 0.2323232    0.3464703369E+001    0.2052108765E+000
 0.2424242    0.3442715454E+001    0.2232666016E+000
 0.2525253    0.3433651733E+001    0.2089599609E+000
 0.2626263    0.3406755066E+001    0.2024963379E+000
 0.2727273    0.3391471863E+001    0.2019348145E+000
 0.2828283    0.3356184387E+001    0.1906524658E+000
 0.2929293    0.3327250671E+001    0.1808395386E+000
 0.3030303    0.3283883667E+001    0.1967712402E+000
 0.3131313    0.3224514771E+001    0.1798522949E+000
 0.3232323    0.3202299500E+001    0.1419555664E+000
 0.3333333    0.3171899414E+001    0.1543121338E+000
 0.3434343    0.3123094177E+001    0.1179641724E+000
 0.3535354    0.3049995422E+001    0.1806732178E+000
 0.3636364    0.2997770691E+001    0.1261154175E+000
 0.3737374    0.2957966614E+001    0.1597137451E+000
 0.3838384    0.2865167236E+001    0.1349075317E+000
 0.3939394    0.2821028137E+001    0.1261581421E+000
 0.4040404    0.2784594727E+001    0.7974090576E-001
 0.4141414    0.2705665588E+001    0.1114791870E+000
 0.4242424    0.2685290527E+001    0.9263763428E-001
 0.4343434    0.2608932495E+001    0.5424957275E-001
 0.4444444    0.2544302368E+001    0.8749694824E-001
 0.4545455    0.2486395264E+001    0.8944244385E-001
 0.4646465    0.2424836731E+001    0.9550781250E-001
 0.4747475    0.2383636475E+001    0.6312866211E-001
 0.4848485    0.2295213318E+001    0.2286071777E-001
 0.4949495    0.2200567627E+001    0.3980102539E-001
 0.5050505    0.2210673523E+001    0.0000000000E+000
 0.5151515    0.2209132385E+001    0.3632812500E-001
 0.5252525    0.2207000732E+001    0.4229583740E-001
 0.5353535    0.2206625366E+001    0.4511566162E-001
 0.5454545    0.2193016052E+001    0.3384704590E-001
 0.5555556    0.2194212341E+001    0.5270538330E-001
 0.5656566    0.2198043823E+001    0.4221038818E-001
 0.5757576    0.2216484070E+001    0.3141021729E-001
 0.5858586    0.2201745605E+001    0.3372650146E-001
 0.5959596    0.2240217590E+001    0.1960296631E-001
 0.6060606    0.2182981873E+001    0.3439331055E-001
 0.6161616    0.2208676147E+001    0.3086090088E-001
 0.6262626    0.2201954651E+001    0.4723052979E-001
 0.6363636    0.2184727478E+001    0.2537078857E-001
 0.6464646    0.2211119080E+001    0.1731567383E-001
 0.6565657    0.2218873596E+001    0.4963531494E-001
 0.6666667    0.2214801025E+001    0.4117889404E-001
 0.6767677    0.2231500244E+001    0.3970947266E-001
 0.6868687    0.2208416748E+001    0.2611541748E-001
 0.6969697    0.2203794861E+001    0.5721588135E-001
 0.7070707    0.2175086975E+001    0.8119201660E-002
 0.7171717    0.2202983093E+001    0.4456329346E-001
 0.7272727    0.2200155640E+001    0.2922058105E-001
 0.7373737    0.2218643188E+001    0.6470794678E-001
 0.7474747    0.2193043518E+001    0.2336578369E-001
 0.7575758    0.2227661133E+001    0.6151428223E-001
 0.7676768    0.2208413696E+001    0.3781738281E-001
 0.7777778    0.2200126648E+001    0.4270935059E-001
 0.7878788    0.2169827271E+001    0.6819152832E-002
 0.7979798    0.2199377441E+001    0.3777313232E-001
 0.8080808    0.2210307312E+001    0.5235443115E-001
 0.8181818    0.2183554077E+001    0.3842468262E-001
 0.8282828    0.2207101440E+001    0.4909973145E-001
 0.8383838    0.2201295471E+001    0.4520721436E-001
 0.8484848    0.2212762451E+001    0.5028228760E-001
 0.8585859    0.2204244995E+001    0.3884429932E-001
 0.8686869    0.2208406067E+001    0.4583740234E-001
 0.8787879    0.2185324097E+001    0.4343719482E-001
 0.8888889    0.2211460876E+001    0.4067535400E-001
 0.8989899    0.2191014099E+001    0.3605499268E-001
 0.9090909    0.2210014343E+001    0.5450897217E-001
 0.9191919    0.2199861145E+001    0.3309326172E-001
 0.9292929    0.2204872131E+001    0.3953552246E-001
 0.9393939    0.2223869324E+001    0.5734558105E-001
 0.9494949    0.2209245300E+001    0.3824005127E-001
 0.9595960    0.2212600708E+001    0.6896209717E-001
 0.9696970    0.2233139038E+001    0.9299011230E-001
 0.9797980    0.2212063599E+001    0.4166259766E-001
 0.9898990    0.2191728210E+001    0.3031311035E-001
 1.0000000    0.2203027344E+001    0.3689270020E-001


