Compiled using GNU Fortran (Ubuntu 9.4.0-1ubuntu1~20.04.2) 9.4.0 with all optimizations
Last Brick update unknown
Compiled at 18:43:37 on Sep  2 2023
Starting at 16:56:20 on Sep 11 2023

Settings
OK                      

Forcefield
OK                      

Topology
OK                      

Configuration
OK                      Read from ./INPUT/restart.in

 F
Monte Carlo Simulation initialized.

#########################################################################################################################
###########################################   ENERGY STARTING CONFIGURATION   ###########################################
#########################################################################################################################
                                               Box 1               Box 2
-------------------------------------------------------------------------------------------------------------------------
Lennard Jones        
 Intermolecular                         -0.5617464218E+006  -0.3838382935E+005
 Tailcorrection                         -0.1401532460E+005  -0.9376096182E+003
Total Intermolecular                    -0.5757617464E+006  -0.3932143897E+005

Electrostatic        
 Real                                   -0.1627493259E+006  -0.5293933713E+004
 Exclusion                               0.9886297181E+007   0.2171681601E+007
 Selfterm                               -0.9918050975E+007  -0.2173871485E+007
 Fourier                                 0.1640041328E+005   0.2088874415E+004
Total Intermolecular                    -0.1781027068E+006  -0.5394943212E+004

Intramolecular       
 Lennard Jones                           0.0000000000E+000   0.0000000000E+000
 Electrostatic                           0.0000000000E+000   0.0000000000E+000
 Bending                                 0.0000000000E+000   0.0000000000E+000
 Torsion                                 0.0000000000E+000   0.0000000000E+000

Total                                   -0.7538644532E+006  -0.4471638218E+005

#########################################################################################################################

Simulation is running...



#########################################################################################################################
###############################################   RELATIVE ENERGY DRIFTS   ##############################################
#########################################################################################################################
                                               Box 1               Box 2                                                 
-------------------------------------------------------------------------------------------------------------------------

Lennard Jones        
 Intermolecular                          0.1290921277E-014   0.0000000000E+000
 Tailcorrection                          0.0000000000E+000   0.0000000000E+000

Electrostatic        
 Real                                    0.3649881369E-014   0.5130658099E-014
 Exclusion                               0.0000000000E+000   0.0000000000E+000
 Selfterm                                0.0000000000E+000   0.0000000000E+000
 Fourier                                 0.2731872006E-015   0.4548116099E-015

Intramolecular       
 Lennard Jones                           0.0000000000E+000   0.0000000000E+000
 Electrostatic                           0.0000000000E+000   0.0000000000E+000
 Bending                                 0.0000000000E+000   0.0000000000E+000
 Torsion                                 0.0000000000E+000   0.0000000000E+000

Total                                    0.1749768077E-015   0.6328789385E-014

#########################################################################################################################
############################################   TRIAL MOVE ACCEPTANCE RATES   ############################################
#########################################################################################################################
                                               Box 1               Box 2
-------------------------------------------------------------------------------------------------------------------------
Translation
 CO2                                          0.50488             0.47395
 AR                                           0.50850             0.58969
-------------------------------------------------------------------------------------------------------------------------
Rotation
 CO2                                          0.50128             0.71300
 AR                                           0.00000             0.00000
-------------------------------------------------------------------------------------------------------------------------
Lambda Move
 cd                                           0.74263             0.93901
 Ar                                           0.82490             0.96558
-------------------------------------------------------------------------------------------------------------------------
GE Swap Fractional
 cd                                           0.42277             0.31407
 Ar                                           0.51909             0.39446
-------------------------------------------------------------------------------------------------------------------------
GE Identity Change
 cd                                           0.89232             0.62299
 Ar                                           0.99113             0.71056
-------------------------------------------------------------------------------------------------------------------------
Volume                                        0.48926             0.50180

#########################################################################################################################
######################################################   AVERAGES   #####################################################
#########################################################################################################################
                                                       Boltzmann                                    Biased
                                               Box 1               Box 2                  Box 1               Box 2      
-------------------------------------------------------------------------------------------------------------------------
Density
 CO2                                     0.9458368070E+003   0.7204959282E+002      0.9444950694E+003   0.7198228801E+002
 AR                                      0.6358019809E+002   0.6765043290E+002      0.6384029371E+002   0.6777900615E+002
 Total                                   0.1009417005E+004   0.1397000257E+003      0.1008335363E+004   0.1397612942E+003

Number of molecules
 CO2                                     0.4409601541E+003   0.2590398459E+003      0.4419241400E+003   0.2580758600E+003
 AR                                      0.3281189995E+002   0.2671881000E+003      0.3307024000E+002   0.2669297600E+003
 Total                                   0.4737720540E+003   0.5262279460E+003      0.4749943800E+003   0.5250056200E+003

Mole fractions
 CO2                                          0.93074             0.49226                 0.93038             0.49157
 AR                                           0.06926             0.50774                 0.06962             0.50843

Volume                                   0.3409966226E+005   0.2631395850E+006      0.3422379082E+005   0.2623862348E+006

#########################################################################################################################
#######################################   PROPERTIES FROM THE CFC GIBBS ENSEMBLE   ######################################
#########################################################################################################################
                                                       Boltzmann                                    Biased
                                               Box 1               Box 2                  Box 1               Box 2      
Chemical Potentials (as an indication)
=========================================================================================================================

Total cd                                -0.1926808587E+004  -0.1924858695E+004     -0.1927167741E+004  -0.1925095144E+004
 Ideal gas                              -0.1099852830E+004  -0.1751255820E+004     -0.1100211983E+004  -0.1751492269E+004
 Excess                                 -0.8269557573E+003  -0.1736028749E+003     -0.8269557573E+003  -0.1736028749E+003

-------------------------------------------------------------------------------------------------------------------------

Total Ar                                -0.1802592667E+004  -0.1801925105E+004     -0.1801559799E+004  -0.1801444721E+004
 Ideal gas                              -0.1758394044E+004  -0.1742694969E+004     -0.1757361176E+004  -0.1742214585E+004
 Excess                                 -0.4419862270E+002  -0.5923013584E+002     -0.4419862270E+002  -0.5923013584E+002

-------------------------------------------------------------------------------------------------------------------------

#########################################################################################################################
#########################################   PROPERTIES FROM UMBRELLA SAMPLING   #########################################
#########################################################################################################################

Excess Partial Molar Enthalpy
=========================================================================================================================


Partial Molar Volume
=========================================================================================================================


#########################################################################################################################
##################################################   AVERAGE ENERGIES   #################################################
#########################################################################################################################
                                                       Boltzmann                                    Biased
                                               Box 1               Box 2                  Box 1               Box 2      
-------------------------------------------------------------------------------------------------------------------------
Lennard Jones        
 Intermolecular                         -0.4778009410E+006  -0.6377777918E+005     -0.4785946815E+006  -0.6353661663E+005
 Tailcorrection                         -0.1170791457E+005  -0.1371206478E+004     -0.1172874439E+005  -0.1366347850E+004
Total Intermolecular                    -0.4895088556E+006  -0.6514898566E+005     -0.4903234259E+006  -0.6490296448E+005

Electrostatic        
 Real                                   -0.1401525533E+006  -0.9947113440E+004     -0.1402258811E+006  -0.9905608935E+004
 Exclusion                               0.8076030724E+007   0.3517839944E+007      0.8092058812E+007   0.3504280736E+007
 Selfterm                               -0.8101970452E+007  -0.3521387413E+007     -0.8118049891E+007  -0.3507814499E+007
 Fourier                                 0.1219811195E+005   0.3184905844E+004      0.1223557560E+005   0.3174415262E+004
Total Intermolecular                    -0.1538941701E+006  -0.1030967600E+005     -0.1539813836E+006  -0.1026495678E+005

Intramolecular       
 Lennard Jones                           0.0000000000E+000   0.0000000000E+000      0.0000000000E+000   0.0000000000E+000
 Electrostatic                           0.0000000000E+000   0.0000000000E+000      0.0000000000E+000   0.0000000000E+000
 Bending                                 0.0000000000E+000   0.0000000000E+000      0.0000000000E+000   0.0000000000E+000
 Torsion                                 0.0000000000E+000   0.0000000000E+000      0.0000000000E+000   0.0000000000E+000

Total                                   -0.6434030257E+006  -0.7545866166E+005     -0.6443048096E+006  -0.7516792126E+005

#########################################################################################################################

No errors found in bookkeeping.

Total simulation time:  17 hours and   3 minutes

Simulation finished.

