 0.0000000   0.1403569072E+000   0.9304184852E+000   0.6457091308E+000   0.1029769329E+001
 0.0101010   0.1398500920E+000   0.9314487334E+000   0.6453854703E+000   0.1034909939E+001
 0.0202020   0.1375974581E+000   0.9399952682E+000   0.6421698684E+000   0.1031596737E+001
 0.0303030   0.1334099077E+000   0.9318855447E+000   0.6349865492E+000   0.1007828726E+001
 0.0404040   0.1283980986E+000   0.9246529243E+000   0.6400380322E+000   0.1004599758E+001
 0.0505051   0.1201158290E+000   0.9122046727E+000   0.6348126178E+000   0.9982728532E+000
 0.0606061   0.1134430366E+000   0.9467301673E+000   0.6419373160E+000   0.1024385376E+001
 0.0707071   0.1052333712E+000   0.9549669316E+000   0.6396827273E+000   0.1028655569E+001
 0.0808081   0.9557600937E-001   0.9469859891E+000   0.6374222334E+000   0.1027551168E+001
 0.0909091   0.8813858214E-001   0.9486235963E+000   0.6435964286E+000   0.1034147154E+001
 0.1010101   0.8274038330E-001   0.9588564663E+000   0.6377056375E+000   0.1009300480E+001
 0.1111111   0.7561094897E-001   0.9570726752E+000   0.6411540926E+000   0.1009045439E+001
 0.1212121   0.7181321840E-001   0.9922438152E+000   0.6510896075E+000   0.1038007877E+001
 0.1313131   0.6805737520E-001   0.9623318135E+000   0.6415306290E+000   0.9930269503E+000
 0.1414141   0.6549564545E-001   0.9806587445E+000   0.6564478729E+000   0.1024724652E+001
 0.1515152   0.6470841528E-001   0.9990291826E+000   0.6600288679E+000   0.1014520645E+001
 0.1616162   0.6368124814E-001   0.1000245641E+001   0.6585055562E+000   0.1014263264E+001
 0.1717172   0.6378429024E-001   0.9928912008E+000   0.6697264774E+000   0.1026308718E+001
 0.1818182   0.6457662217E-001   0.1011113715E+001   0.6754750976E+000   0.1017485212E+001
 0.1919192   0.6574744614E-001   0.9864016817E+000   0.6887642398E+000   0.1010023488E+001
 0.2020202   0.6890854473E-001   0.1011809828E+001   0.6865131248E+000   0.1011464825E+001
 0.2121212   0.7106877610E-001   0.1028386034E+001   0.7009194622E+000   0.1019637857E+001
 0.2222222   0.7560159859E-001   0.1018200151E+001   0.7146055746E+000   0.1001677308E+001
 0.2323232   0.7966885533E-001   0.1029174382E+001   0.7196589789E+000   0.1004368115E+001
 0.2424242   0.8467937551E-001   0.1022188882E+001   0.7311901699E+000   0.1016191285E+001
 0.2525253   0.9023395819E-001   0.1029127395E+001   0.7401985860E+000   0.1023362869E+001
 0.2626263   0.9850978241E-001   0.1049111076E+001   0.7538226978E+000   0.1019219027E+001
 0.2727273   0.1055966636E+000   0.1030900744E+001   0.7717955530E+000   0.1009520425E+001
 0.2828283   0.1135653200E+000   0.1041796662E+001   0.7731371521E+000   0.1007812347E+001
 0.2929293   0.1247373219E+000   0.1032701938E+001   0.7887058965E+000   0.1020180698E+001
 0.3030303   0.1365936782E+000   0.1049142401E+001   0.7984369798E+000   0.1027806210E+001
 0.3131313   0.1483445287E+000   0.1034550120E+001   0.8183602345E+000   0.1034465371E+001
 0.3232323   0.1605524026E+000   0.1021910437E+001   0.8161908294E+000   0.9998826574E+000
 0.3333333   0.1780404959E+000   0.1031224437E+001   0.8401225068E+000   0.1001934690E+001
 0.3434343   0.1939136568E+000   0.1026572658E+001   0.8598468727E+000   0.1030288772E+001
 0.3535354   0.2120637930E+000   0.1025260484E+001   0.8793398457E+000   0.1016198304E+001
 0.3636364   0.2372926822E+000   0.1049796748E+001   0.8879488014E+000   0.9967940795E+000
 0.3737374   0.2632958666E+000   0.1035761357E+001   0.9019576807E+000   0.1013645548E+001
 0.3838384   0.2890866056E+000   0.1028551361E+001   0.9260157850E+000   0.1000710958E+001
 0.3939394   0.3238042371E+000   0.1048860475E+001   0.9311079367E+000   0.1016479084E+001
 0.4040404   0.3580912473E+000   0.1021468405E+001   0.9439819338E+000   0.9852282910E+000
 0.4141414   0.4012542089E+000   0.1044965719E+001   0.9803275441E+000   0.1022038525E+001
 0.4242424   0.4424896471E+000   0.1039584761E+001   0.9923094836E+000   0.9956452221E+000
 0.4343434   0.4961353716E+000   0.1026630087E+001   0.1019339170E+001   0.9991222121E+000
 0.4444444   0.5510415559E+000   0.1041276317E+001   0.1036345010E+001   0.1002805107E+001
 0.4545455   0.6137614718E+000   0.1032538351E+001   0.1044400946E+001   0.9905092913E+000
 0.4646465   0.6887475930E+000   0.1022994634E+001   0.1077952122E+001   0.1012758752E+001
 0.4747475   0.7615508884E+000   0.1016527738E+001   0.1095905639E+001   0.9987525187E+000
 0.4848485   0.8661813773E+000   0.1045672275E+001   0.1125952278E+001   0.9971356949E+000
 0.4949495   0.9639020158E+000   0.1012206613E+001   0.1141248740E+001   0.9884876766E+000
 0.5050505   0.1011684752E+001   0.1003980291E+001   0.1158125321E+001   0.9845263414E+000
 0.5151515   0.1016773368E+001   0.1003343347E+001   0.1158009643E+001   0.9892223838E+000
 0.5252525   0.1034097964E+001   0.1019916071E+001   0.1163406703E+001   0.9913609901E+000
 0.5353535   0.1037628807E+001   0.1031085214E+001   0.1161115620E+001   0.1000900484E+001
 0.5454545   0.1042267004E+001   0.1010535940E+001   0.1156627814E+001   0.9785714695E+000
 0.5555556   0.1044559052E+001   0.9984392263E+000   0.1150581715E+001   0.9954042194E+000
 0.5656566   0.1061410498E+001   0.1020857565E+001   0.1156628456E+001   0.9975194273E+000
 0.5757576   0.1054850556E+001   0.1012321472E+001   0.1143966211E+001   0.9790885723E+000
 0.5858586   0.1062106515E+001   0.9918035233E+000   0.1162246016E+001   0.9965811548E+000
 0.5959596   0.1082096091E+001   0.1015998692E+001   0.1157254050E+001   0.9879073983E+000
 0.6060606   0.1088089663E+001   0.1010537681E+001   0.1159581174E+001   0.9916113521E+000
 0.6161616   0.1112364665E+001   0.1017128136E+001   0.1169837753E+001   0.9983266693E+000
 0.6262626   0.1121874278E+001   0.1011968194E+001   0.1147844507E+001   0.9698134791E+000
 0.6363636   0.1143805154E+001   0.1026969442E+001   0.1163708473E+001   0.9808972623E+000
 0.6464646   0.1166594238E+001   0.1010006894E+001   0.1171492627E+001   0.9916441097E+000
 0.6565657   0.1178691739E+001   0.9994120450E+000   0.1178047363E+001   0.9792430012E+000
 0.6666667   0.1207432508E+001   0.1014265369E+001   0.1182629510E+001   0.9945244426E+000
 0.6767677   0.1227326673E+001   0.9887371429E+000   0.1170204939E+001   0.9972573662E+000
 0.6868687   0.1249809699E+001   0.1008270091E+001   0.1175657145E+001   0.9768446737E+000
 0.6969697   0.1280789986E+001   0.1013661491E+001   0.1193175988E+001   0.9971356949E+000
 0.7070707   0.1294931226E+001   0.1005804108E+001   0.1173688996E+001   0.9887123005E+000
 0.7171717   0.1334367471E+001   0.1001724883E+001   0.1190128536E+001   0.9964360852E+000
 0.7272727   0.1362631298E+001   0.9972053649E+000   0.1188340399E+001   0.9816085712E+000
 0.7373737   0.1390268377E+001   0.9827209810E+000   0.1183084202E+001   0.9822660639E+000
 0.7474747   0.1437757162E+001   0.9901746175E+000   0.1187086867E+001   0.9857758116E+000
 0.7575758   0.1490349629E+001   0.1002471464E+001   0.1199898665E+001   0.9868521342E+000
 0.7676768   0.1522492191E+001   0.9899762251E+000   0.1204301299E+001   0.9892949186E+000
 0.7777778   0.1564251283E+001   0.9847170868E+000   0.1201253602E+001   0.9750032260E+000
 0.7878788   0.1628970312E+001   0.1005452571E+001   0.1203758345E+001   0.9957411552E+000
 0.7979798   0.1677785978E+001   0.1002203461E+001   0.1215291795E+001   0.9966794277E+000
 0.8080808   0.1727525076E+001   0.1005012279E+001   0.1210827830E+001   0.9904882328E+000
 0.8181818   0.1773236024E+001   0.9928059269E+000   0.1211698447E+001   0.9832347543E+000
 0.8282828   0.1847656261E+001   0.9896403503E+000   0.1226877726E+001   0.9888058938E+000
 0.8383838   0.1903212769E+001   0.9856968667E+000   0.1229993649E+001   0.9870486801E+000
 0.8484848   0.2021444742E+001   0.1000129042E+001   0.1250863782E+001   0.9908251686E+000
 0.8585859   0.2060148322E+001   0.9796319769E+000   0.1237430942E+001   0.9915271181E+000
 0.8686869   0.2138831834E+001   0.9891913570E+000   0.1241886066E+001   0.9899477317E+000
 0.8787879   0.2242695051E+001   0.9919062001E+000   0.1252189772E+001   0.9907198762E+000
 0.8888889   0.2318092107E+001   0.9764838031E+000   0.1253210517E+001   0.9841777065E+000
 0.8989899   0.2424064705E+001   0.9821553887E+000   0.1261561721E+001   0.9876991533E+000
 0.9090909   0.2516990331E+001   0.9742823439E+000   0.1268963863E+001   0.9783842830E+000
 0.9191919   0.2670389699E+001   0.9842750547E+000   0.1281137570E+001   0.9866134714E+000
 0.9292929   0.2789991981E+001   0.9861423794E+000   0.1285493731E+001   0.9921518532E+000
 0.9393939   0.2895603832E+001   0.9756502071E+000   0.1274591792E+001   0.9715589937E+000
 0.9494949   0.3023843539E+001   0.9833144179E+000   0.1276374417E+001   0.9820578189E+000
 0.9595960   0.3189915614E+001   0.9732642777E+000   0.1297052193E+001   0.9857570929E+000
 0.9696970   0.3373275203E+001   0.9805682497E+000   0.1297172446E+001   0.9815196576E+000
 0.9797980   0.3515230579E+001   0.9677353954E+000   0.1306512653E+001   0.9804807723E+000
 0.9898990   0.3723744528E+001   0.9707478270E+000   0.1312340927E+001   0.9854739733E+000
 1.0000000   0.3829001260E+001   0.9820283480E+000   0.1313040231E+001   0.9722305254E+000


 0.0000000   0.1024512166E+001   0.9316167505E+000   0.8527135352E+000   0.1002435400E+001
 0.0101010   0.1014405269E+001   0.9373541996E+000   0.8580247964E+000   0.1012591549E+001
 0.0202020   0.1023657484E+001   0.9505814740E+000   0.8540567662E+000   0.1004799172E+001
 0.0303030   0.9896493444E+000   0.9381969589E+000   0.8524065093E+000   0.1005396457E+001
 0.0404040   0.9570511845E+000   0.9443074037E+000   0.8489247309E+000   0.1011041837E+001
 0.0505051   0.9069455768E+000   0.9320953111E+000   0.8420196540E+000   0.1009176186E+001
 0.0606061   0.8559981880E+000   0.9299769767E+000   0.8320849492E+000   0.9950788801E+000
 0.0707071   0.8214959192E+000   0.9446733618E+000   0.8416147565E+000   0.1002889706E+001
 0.0808081   0.7725028966E+000   0.9693421055E+000   0.8411358748E+000   0.1030959788E+001
 0.0909091   0.7068151434E+000   0.9249151426E+000   0.8370688354E+000   0.9961904295E+000
 0.1010101   0.6542077101E+000   0.9638069890E+000   0.8331731875E+000   0.1025844816E+001
 0.1111111   0.6104924220E+000   0.9811231416E+000   0.8393880594E+000   0.1023211228E+001
 0.1212121   0.5545538671E+000   0.9714041387E+000   0.8348289785E+000   0.1025704142E+001
 0.1313131   0.5182417555E+000   0.9606242091E+000   0.8299196224E+000   0.1024099083E+001
 0.1414141   0.4840906582E+000   0.9785614348E+000   0.8266182647E+000   0.1012061141E+001
 0.1515152   0.4517812039E+000   0.9789520248E+000   0.8280472024E+000   0.1010405348E+001
 0.1616162   0.4326074434E+000   0.9953638385E+000   0.8351949589E+000   0.1003922847E+001
 0.1717172   0.4110499385E+000   0.1004433618E+001   0.8348543742E+000   0.1008062331E+001
 0.1818182   0.3985258606E+000   0.9811354575E+000   0.8503607047E+000   0.1020340109E+001
 0.1919192   0.3910920627E+000   0.1010118284E+001   0.8394789975E+000   0.1016521176E+001
 0.2020202   0.3840938843E+000   0.1007373599E+001   0.8534868134E+000   0.1025035368E+001
 0.2121212   0.3819317151E+000   0.1015171321E+001   0.8610690634E+000   0.1032848499E+001
 0.2222222   0.3857255479E+000   0.1012947422E+001   0.8613275957E+000   0.1018128541E+001
 0.2323232   0.3919995309E+000   0.1027960502E+001   0.8706819636E+000   0.1037041024E+001
 0.2424242   0.3974238304E+000   0.1034473852E+001   0.8635613023E+000   0.1022457127E+001
 0.2525253   0.4066758467E+000   0.1032978350E+001   0.8764427826E+000   0.1015114443E+001
 0.2626263   0.4178480881E+000   0.1009293119E+001   0.8792155467E+000   0.1009904920E+001
 0.2727273   0.4260737655E+000   0.1010197458E+001   0.8942908326E+000   0.1024398879E+001
 0.2828283   0.4424008954E+000   0.1005893931E+001   0.9042489045E+000   0.1027431426E+001
 0.2929293   0.4591822946E+000   0.1051343114E+001   0.9150772294E+000   0.1033222091E+001
 0.3030303   0.4729920060E+000   0.1026656776E+001   0.9039921676E+000   0.1002772094E+001
 0.3131313   0.4969802746E+000   0.1047197934E+001   0.9202991423E+000   0.9938358819E+000
 0.3232323   0.5129512165E+000   0.1002088319E+001   0.9155852387E+000   0.1000913362E+001
 0.3333333   0.5381153224E+000   0.1022018961E+001   0.9421818416E+000   0.1038415471E+001
 0.3434343   0.5619656791E+000   0.1010311820E+001   0.9351272491E+000   0.1003759113E+001
 0.3535354   0.5944005675E+000   0.1060453359E+001   0.9469789821E+000   0.9925052511E+000
 0.3636364   0.6200338078E+000   0.1022807178E+001   0.9514654427E+000   0.9918641500E+000
 0.3737374   0.6479688018E+000   0.1006877444E+001   0.9650479247E+000   0.9918964357E+000
 0.3838384   0.6838572396E+000   0.1013065303E+001   0.9731141897E+000   0.9822960617E+000
 0.3939394   0.7218050847E+000   0.1012764443E+001   0.9853696210E+000   0.1000124669E+001
 0.4040404   0.7551828772E+000   0.9814767838E+000   0.9807617160E+000   0.9965663270E+000
 0.4141414   0.8027942314E+000   0.1017268543E+001   0.1016472664E+001   0.1010536797E+001
 0.4242424   0.8487256369E+000   0.1011121150E+001   0.1010261212E+001   0.9915689668E+000
 0.4343434   0.9000951413E+000   0.9845715931E+000   0.1024562640E+001   0.9905381315E+000
 0.4444444   0.9529323071E+000   0.1022986638E+001   0.1030685903E+001   0.9928004344E+000
 0.4545455   0.9996839654E+000   0.1014546729E+001   0.1044379177E+001   0.9959967155E+000
 0.4646465   0.1071619984E+001   0.1012773240E+001   0.1053902490E+001   0.1001582136E+001
 0.4747475   0.1138712475E+001   0.1009710100E+001   0.1052406535E+001   0.9889653583E+000
 0.4848485   0.1220000900E+001   0.1042034054E+001   0.1080748464E+001   0.9833522643E+000
 0.4949495   0.1284929470E+001   0.9991764887E+000   0.1094912863E+001   0.1002808991E+001
 0.5050505   0.1325971484E+001   0.1026408699E+001   0.1102390446E+001   0.9943501465E+000
 0.5151515   0.1318206518E+001   0.1009655558E+001   0.1104457707E+001   0.1001349218E+001
 0.5252525   0.1335190661E+001   0.1006027647E+001   0.1086070598E+001   0.9885733180E+000
 0.5353535   0.1335872841E+001   0.1028285993E+001   0.1104858661E+001   0.9836728148E+000
 0.5454545   0.1317217776E+001   0.1007679737E+001   0.1106622699E+001   0.1003044216E+001
 0.5555556   0.1329240898E+001   0.1013543863E+001   0.1107172027E+001   0.1005929171E+001
 0.5656566   0.1323061795E+001   0.1009289600E+001   0.1105001623E+001   0.1008569677E+001
 0.5757576   0.1334748302E+001   0.1019904145E+001   0.1099389777E+001   0.9993982413E+000
 0.5858586   0.1312096203E+001   0.9988861854E+000   0.1103626900E+001   0.1009459839E+001
 0.5959596   0.1319085905E+001   0.1010389234E+001   0.1101124626E+001   0.1024606430E+001
 0.6060606   0.1330653905E+001   0.1004120442E+001   0.1088358475E+001   0.9848350989E+000
 0.6161616   0.1326737064E+001   0.1023234716E+001   0.1103345181E+001   0.1009300717E+001
 0.6262626   0.1326085699E+001   0.1012139851E+001   0.1085515105E+001   0.9828034079E+000
 0.6363636   0.1317259178E+001   0.9977478445E+000   0.1111979899E+001   0.1008198392E+001
 0.6464646   0.1334693661E+001   0.1017623944E+001   0.1093588162E+001   0.9951411453E+000
 0.6565657   0.1324343191E+001   0.1006062835E+001   0.1099707449E+001   0.1011200959E+001
 0.6666667   0.1323686078E+001   0.1014307449E+001   0.1089920778E+001   0.9817264503E+000
 0.6767677   0.1323179272E+001   0.1004456490E+001   0.1086565318E+001   0.9674907768E+000
 0.6868687   0.1320369454E+001   0.1017129549E+001   0.1094676280E+001   0.9946291869E+000
 0.6969697   0.1325900598E+001   0.1014610068E+001   0.1092885907E+001   0.1006125191E+001
 0.7070707   0.1316813783E+001   0.9965479242E+000   0.1090883413E+001   0.9867238105E+000
 0.7171717   0.1320110793E+001   0.9875274086E+000   0.1084689767E+001   0.9739202370E+000
 0.7272727   0.1318718642E+001   0.9839769111E+000   0.1087302474E+001   0.9758550709E+000
 0.7373737   0.1325369634E+001   0.1011246069E+001   0.1094300172E+001   0.9961097154E+000
 0.7474747   0.1324466509E+001   0.1008580557E+001   0.1098682140E+001   0.1000968708E+001
 0.7575758   0.1319292978E+001   0.9949187068E+000   0.1084706282E+001   0.9865047291E+000
 0.7676768   0.1321521245E+001   0.9993172418E+000   0.1088406621E+001   0.9841455693E+000
 0.7777778   0.1321936565E+001   0.1005689839E+001   0.1085466197E+001   0.9858290362E+000
 0.7878788   0.1325346884E+001   0.1013726842E+001   0.1088115438E+001   0.9912691713E+000
 0.7979798   0.1316475904E+001   0.1003856530E+001   0.1096813620E+001   0.1009782696E+001
 0.8080808   0.1325700055E+001   0.1005295731E+001   0.1085195405E+001   0.9915459056E+000
 0.8181818   0.1315971102E+001   0.9969684241E+000   0.1087902795E+001   0.9902637033E+000
 0.8282828   0.1323401968E+001   0.9906890755E+000   0.1091389207E+001   0.9830686116E+000
 0.8383838   0.1315073376E+001   0.9950577005E+000   0.1077355337E+001   0.9810415329E+000
 0.8484848   0.1312012506E+001   0.9953444850E+000   0.1078662301E+001   0.9845860380E+000
 0.8585859   0.1319060645E+001   0.1014075206E+001   0.1088709280E+001   0.9993221393E+000
 0.8686869   0.1312461079E+001   0.9949345415E+000   0.1075693780E+001   0.9636995169E+000
 0.8787879   0.1315018452E+001   0.1008436285E+001   0.1088143397E+001   0.1000590505E+001
 0.8888889   0.1314237828E+001   0.9994896644E+000   0.1079050998E+001   0.9773609667E+000
 0.8989899   0.1327215299E+001   0.9935709957E+000   0.1092689829E+001   0.9796716981E+000
 0.9090909   0.1322265050E+001   0.9921106821E+000   0.1092221476E+001   0.9889053992E+000
 0.9191919   0.1313065437E+001   0.1005957270E+001   0.1086735434E+001   0.9996542205E+000
 0.9292929   0.1323379979E+001   0.9927669435E+000   0.1083943542E+001   0.9731061769E+000
 0.9393939   0.1322678131E+001   0.9909195588E+000   0.1086473659E+001   0.9748196234E+000
 0.9494949   0.1330844544E+001   0.1023065812E+001   0.1096628675E+001   0.1005705477E+001
 0.9595960   0.1312314362E+001   0.1004094051E+001   0.1074134028E+001   0.9864401578E+000
 0.9696970   0.1308715140E+001   0.9952653114E+000   0.1083923039E+001   0.9859789340E+000
 0.9797980   0.1331382451E+001   0.9978516499E+000   0.1095203828E+001   0.9814058997E+000
 0.9898990   0.1318409600E+001   0.1005008946E+001   0.1081202658E+001   0.9843646506E+000
 1.0000000   0.1324361095E+001   0.9960834389E+000   0.1088545334E+001   0.9775431501E+000


