#   100 bins for weightfunction of cd                      
 0.0000000    0.3057337952E+001    0.1587496948E+001
 0.0101010    0.3088304138E+001    0.1634086609E+001
 0.0202020    0.3127151489E+001    0.1636325073E+001
 0.0303030    0.3132284546E+001    0.1612724304E+001
 0.0404040    0.3166882324E+001    0.1624726868E+001
 0.0505051    0.3213035583E+001    0.1630130005E+001
 0.0606061    0.3242552185E+001    0.1619923401E+001
 0.0707071    0.3323437500E+001    0.1648629761E+001
 0.0808081    0.3414271545E+001    0.1620558167E+001
 0.0909091    0.3499119568E+001    0.1621412659E+001
 0.1010101    0.3579399109E+001    0.1657598877E+001
 0.1111111    0.3606431580E+001    0.1632145691E+001
 0.1212121    0.3668261719E+001    0.1625924683E+001
 0.1313131    0.3724533081E+001    0.1608522034E+001
 0.1414141    0.3718394470E+001    0.1640977478E+001
 0.1515152    0.3759013367E+001    0.1615469360E+001
 0.1616162    0.3794699097E+001    0.1567903137E+001
 0.1717172    0.3723741150E+001    0.1543063354E+001
 0.1818182    0.3709237671E+001    0.1543937683E+001
 0.1919192    0.3701345825E+001    0.1542105103E+001
 0.2020202    0.3645681763E+001    0.1517100525E+001
 0.2121212    0.3601640320E+001    0.1497648621E+001
 0.2222222    0.3611280823E+001    0.1476998901E+001
 0.2323232    0.3489018250E+001    0.1457054138E+001
 0.2424242    0.3439094543E+001    0.1442039490E+001
 0.2525253    0.3375030518E+001    0.1414164734E+001
 0.2626263    0.3375364685E+001    0.1410270691E+001
 0.2727273    0.3283816528E+001    0.1346638489E+001
 0.2828283    0.3155162048E+001    0.1321699524E+001
 0.2929293    0.3094268799E+001    0.1300437927E+001
 0.3030303    0.2995724487E+001    0.1288749695E+001
 0.3131313    0.2937599182E+001    0.1234246826E+001
 0.3232323    0.2835311890E+001    0.1238090515E+001
 0.3333333    0.2740214539E+001    0.1219189453E+001
 0.3434343    0.2650012207E+001    0.1185028076E+001
 0.3535354    0.2569923401E+001    0.1108483887E+001
 0.3636364    0.2475477600E+001    0.1093705750E+001
 0.3737374    0.2408622742E+001    0.1069435120E+001
 0.3838384    0.2281486511E+001    0.1054676819E+001
 0.3939394    0.2186907959E+001    0.1023857117E+001
 0.4040404    0.2100157166E+001    0.1001214600E+001
 0.4141414    0.2003974915E+001    0.9514450073E+000
 0.4242424    0.1905200195E+001    0.9163955688E+000
 0.4343434    0.1843075562E+001    0.8882141113E+000
 0.4444444    0.1713558960E+001    0.8828750610E+000
 0.4545455    0.1603501892E+001    0.8012680054E+000
 0.4646465    0.1495138550E+001    0.7784530640E+000
 0.4747475    0.1410035706E+001    0.7491775513E+000
 0.4848485    0.1308128357E+001    0.7104461670E+000
 0.4949495    0.1201947021E+001    0.6590972900E+000
 0.5050505    0.1136026001E+001    0.6430496216E+000
 0.5151515    0.1135542297E+001    0.6669342041E+000
 0.5252525    0.1124455261E+001    0.6530700684E+000
 0.5353535    0.1130244446E+001    0.6339477539E+000
 0.5454545    0.1105848694E+001    0.6564743042E+000
 0.5555556    0.1099111938E+001    0.6619201660E+000
 0.5656566    0.1109251404E+001    0.6434555054E+000
 0.5757576    0.1119985962E+001    0.6187255859E+000
 0.5858586    0.1119096375E+001    0.6267456055E+000
 0.5959596    0.1073860168E+001    0.6324325562E+000
 0.6060606    0.1110885620E+001    0.6442916870E+000
 0.6161616    0.1071116638E+001    0.6498092651E+000
 0.6262626    0.1068695068E+001    0.6367141724E+000
 0.6363636    0.1043029785E+001    0.6220153809E+000
 0.6464646    0.1082800293E+001    0.6198440552E+000
 0.6565657    0.1041790771E+001    0.6302383423E+000
 0.6666667    0.1028657532E+001    0.6136062622E+000
 0.6767677    0.1010043335E+001    0.6319168091E+000
 0.6868687    0.9841751099E+000    0.6316314697E+000
 0.6969697    0.9866699219E+000    0.6109054565E+000
 0.7070707    0.9651733398E+000    0.6293869019E+000
 0.7171717    0.9100677490E+000    0.6117874146E+000
 0.7272727    0.8816558838E+000    0.6017089844E+000
 0.7373737    0.8678771973E+000    0.5848098755E+000
 0.7474747    0.8650558472E+000    0.6015518188E+000
 0.7575758    0.8460266113E+000    0.6101165771E+000
 0.7676768    0.8127868652E+000    0.5882476807E+000
 0.7777778    0.7866455078E+000    0.5995193481E+000
 0.7878788    0.7746948242E+000    0.5841278076E+000
 0.7979798    0.7333526611E+000    0.5864013672E+000
 0.8080808    0.6974945068E+000    0.5689285278E+000
 0.8181818    0.6531112671E+000    0.5526809692E+000
 0.8282828    0.6537109375E+000    0.5613174438E+000
 0.8383838    0.6104827881E+000    0.5434204102E+000
 0.8484848    0.5826889038E+000    0.5561752319E+000
 0.8585859    0.5315628052E+000    0.5387542725E+000
 0.8686869    0.5057098389E+000    0.5388259888E+000
 0.8787879    0.4751220703E+000    0.5211517334E+000
 0.8888889    0.4507125854E+000    0.5309570313E+000
 0.8989899    0.4049026489E+000    0.5141586304E+000
 0.9090909    0.3638015747E+000    0.5090682983E+000
 0.9191919    0.3369567871E+000    0.5157806396E+000
 0.9292929    0.2679016113E+000    0.4779953003E+000
 0.9393939    0.2553634644E+000    0.4967178345E+000
 0.9494949    0.2080459595E+000    0.4959381104E+000
 0.9595960    0.1693435669E+000    0.4698883057E+000
 0.9696970    0.1371154785E+000    0.4724700928E+000
 0.9797980    0.7082519531E-001    0.4398620605E+000
 0.9898990    0.4706268311E-001    0.4622680664E+000
 1.0000000    0.0000000000E+000    0.4236907959E+000


#   100 bins for weightfunction of Ar                      
 0.0000000    0.1867967224E+001    0.4044570923E+000
 0.0101010    0.1909805298E+001    0.4314437866E+000
 0.0202020    0.1837225342E+001    0.3881774902E+000
 0.0303030    0.1932624817E+001    0.4597244263E+000
 0.0404040    0.1896273804E+001    0.3833724976E+000
 0.0505051    0.1971122742E+001    0.4253677368E+000
 0.0606061    0.2002091980E+001    0.4159179688E+000
 0.0707071    0.2069523621E+001    0.4470443726E+000
 0.0808081    0.2160412598E+001    0.4719894409E+000
 0.0909091    0.2183767700E+001    0.4503631592E+000
 0.1010101    0.2300027466E+001    0.4939254761E+000
 0.1111111    0.2357089233E+001    0.4710372925E+000
 0.1212121    0.2362286377E+001    0.4367767334E+000
 0.1313131    0.2475656128E+001    0.4798858643E+000
 0.1414141    0.2551853943E+001    0.4978652954E+000
 0.1515152    0.2594149780E+001    0.4958709717E+000
 0.1616162    0.2612928772E+001    0.4901916504E+000
 0.1717172    0.2684512329E+001    0.5029144287E+000
 0.1818182    0.2682849121E+001    0.4785964966E+000
 0.1919192    0.2711570740E+001    0.4780029297E+000
 0.2020202    0.2702717590E+001    0.4638809204E+000
 0.2121212    0.2728903198E+001    0.4750091553E+000
 0.2222222    0.2729522705E+001    0.4553756714E+000
 0.2323232    0.2693490601E+001    0.4282882690E+000
 0.2424242    0.2683485413E+001    0.4374404907E+000
 0.2525253    0.2638835144E+001    0.4011505127E+000
 0.2626263    0.2591915894E+001    0.3755401611E+000
 0.2727273    0.2580805969E+001    0.3841934204E+000
 0.2828283    0.2563745117E+001    0.3928894043E+000
 0.2929293    0.2535585022E+001    0.3465759277E+000
 0.3030303    0.2485731506E+001    0.3291519165E+000
 0.3131313    0.2441197205E+001    0.3319992065E+000
 0.3232323    0.2396810913E+001    0.3035507202E+000
 0.3333333    0.2345802307E+001    0.2970581055E+000
 0.3434343    0.2281559753E+001    0.2612792969E+000
 0.3535354    0.2268162537E+001    0.2564071655E+000
 0.3636364    0.2237068176E+001    0.2583053589E+000
 0.3737374    0.2216264343E+001    0.2349273682E+000
 0.3838384    0.2099201965E+001    0.2010009766E+000
 0.3939394    0.2093676758E+001    0.2251358032E+000
 0.4040404    0.2039720154E+001    0.2194412231E+000
 0.4141414    0.1993594360E+001    0.1798995972E+000
 0.4242424    0.1946769714E+001    0.1539932251E+000
 0.4343434    0.1867388916E+001    0.1180114746E+000
 0.4444444    0.1848011780E+001    0.8658294678E-001
 0.4545455    0.1750021362E+001    0.1269805908E+000
 0.4646465    0.1747828674E+001    0.5657196045E-001
 0.4747475    0.1651313782E+001    0.6672821045E-001
 0.4848485    0.1608941650E+001    0.5974884033E-001
 0.4949495    0.1515693665E+001    0.0000000000E+000
 0.5050505    0.1536419678E+001    0.2479095459E-001
 0.5151515    0.1521690369E+001    0.3598022461E-001
 0.5252525    0.1504624939E+001    0.1945343018E-001
 0.5353535    0.1499179077E+001    0.1519775391E-001
 0.5454545    0.1532337952E+001    0.2858581543E-001
 0.5555556    0.1521400452E+001    0.3124542236E-001
 0.5656566    0.1505818176E+001    0.1335449219E-001
 0.5757576    0.1534741211E+001    0.4619903564E-001
 0.5858586    0.1511279297E+001    0.2060089111E-001
 0.5959596    0.1471414185E+001    0.2827301025E-001
 0.6060606    0.1522610474E+001    0.1318969727E-001
 0.6161616    0.1530259705E+001    0.1379241943E-001
 0.6262626    0.1524305725E+001    0.1760253906E-001
 0.6363636    0.1546881104E+001    0.2655792236E-001
 0.6464646    0.1504534912E+001    0.6761779785E-001
 0.6565657    0.1533070374E+001    0.3199005127E-001
 0.6666667    0.1524276733E+001    0.5289154053E-001
 0.6767677    0.1520858765E+001    0.1428375244E-001
 0.6868687    0.1521806335E+001    0.2711639404E-001
 0.6969697    0.1524201965E+001    0.3868255615E-001
 0.7070707    0.1535484314E+001    0.3525238037E-001
 0.7171717    0.1510893250E+001    0.2200622559E-001
 0.7272727    0.1492585754E+001    0.1044616699E-001
 0.7373737    0.1503640747E+001    0.4106140137E-002
 0.7474747    0.1525376892E+001    0.3588562012E-001
 0.7575758    0.1526948547E+001    0.4196624756E-001
 0.7676768    0.1538449097E+001    0.3753356934E-001
 0.7777778    0.1524566650E+001    0.4267425537E-001
 0.7878788    0.1525389099E+001    0.4132995605E-001
 0.7979798    0.1517590332E+001    0.1875762939E-001
 0.8080808    0.1533821106E+001    0.3565979004E-001
 0.8181818    0.1537388611E+001    0.2835845947E-001
 0.8282828    0.1510116577E+001    0.2037353516E-001
 0.8383838    0.1540127563E+001    0.4102630615E-001
 0.8484848    0.1535105896E+001    0.5437469482E-001
 0.8585859    0.1496789551E+001    0.1159667969E-003
 0.8686869    0.1527000427E+001    0.2442016602E-001
 0.8787879    0.1509017944E+001    0.3479156494E-001
 0.8888889    0.1490798950E+001    0.5575561523E-002
 0.8989899    0.1526626587E+001    0.2814025879E-001
 0.9090909    0.1528025818E+001    0.3936767578E-001
 0.9191919    0.1511775208E+001    0.1811065674E-001
 0.9292929    0.1526786804E+001    0.2858428955E-001
 0.9393939    0.1534956360E+001    0.4622344971E-001
 0.9494949    0.1524482727E+001    0.2053985596E-001
 0.9595960    0.1532655334E+001    0.4022216797E-001
 0.9696970    0.1529780579E+001    0.1869201660E-001
 0.9797980    0.1518635559E+001    0.8171081543E-002
 0.9898990    0.1533892822E+001    0.4519500732E-001
 1.0000000    0.1499093628E+001    0.2189483643E-001


