#   100 bins for weightfunction of cd                      
 0.0000000    0.3400294495E+001    0.1301268005E+001
 0.0101010    0.3365901184E+001    0.1252803040E+001
 0.0202020    0.3391090393E+001    0.1269309998E+001
 0.0303030    0.3458813477E+001    0.1293750000E+001
 0.0404040    0.3498406982E+001    0.1283723450E+001
 0.0505051    0.3544337463E+001    0.1272833252E+001
 0.0606061    0.3606858826E+001    0.1279907227E+001
 0.0707071    0.3683935547E+001    0.1278070068E+001
 0.0808081    0.3760459900E+001    0.1258654785E+001
 0.0909091    0.3869761658E+001    0.1262379456E+001
 0.1010101    0.3940721130E+001    0.1263938904E+001
 0.1111111    0.4034431458E+001    0.1264767456E+001
 0.1212121    0.4099053955E+001    0.1282803345E+001
 0.1313131    0.4146095276E+001    0.1259342957E+001
 0.1414141    0.4205880737E+001    0.1275776672E+001
 0.1515152    0.4222584534E+001    0.1235723877E+001
 0.1616162    0.4205490112E+001    0.1231922913E+001
 0.1717172    0.4202212524E+001    0.1222216797E+001
 0.1818182    0.4202571106E+001    0.1221958923E+001
 0.1919192    0.4167878723E+001    0.1202346802E+001
 0.2020202    0.4177101135E+001    0.1216520691E+001
 0.2121212    0.4135098267E+001    0.1207466125E+001
 0.2222222    0.4095520020E+001    0.1199755859E+001
 0.2323232    0.4054010010E+001    0.1180097961E+001
 0.2424242    0.3982353210E+001    0.1158407593E+001
 0.2525253    0.3902743530E+001    0.1152145386E+001
 0.2626263    0.3815625000E+001    0.1128636169E+001
 0.2727273    0.3750236511E+001    0.1131887817E+001
 0.2828283    0.3651098633E+001    0.1121640015E+001
 0.2929293    0.3613668823E+001    0.1095375061E+001
 0.3030303    0.3521920776E+001    0.1090068054E+001
 0.3131313    0.3462705994E+001    0.1086390686E+001
 0.3232323    0.3363075256E+001    0.1067204285E+001
 0.3333333    0.3230891418E+001    0.1070631409E+001
 0.3434343    0.3137092590E+001    0.1036706543E+001
 0.3535354    0.3040522766E+001    0.1040420532E+001
 0.3636364    0.2933319092E+001    0.1011492920E+001
 0.3737374    0.2827224731E+001    0.1007154846E+001
 0.3838384    0.2745967102E+001    0.1000933838E+001
 0.3939394    0.2631254578E+001    0.9475082397E+000
 0.4040404    0.2537341309E+001    0.9868331909E+000
 0.4141414    0.2403250122E+001    0.9427413940E+000
 0.4242424    0.2298820496E+001    0.9550964355E+000
 0.4343434    0.2161656189E+001    0.8916793823E+000
 0.4444444    0.2080494690E+001    0.8999877930E+000
 0.4545455    0.1967959595E+001    0.8878875732E+000
 0.4646465    0.1866221619E+001    0.8769821167E+000
 0.4747475    0.1735171509E+001    0.8603149414E+000
 0.4848485    0.1602787781E+001    0.8404052734E+000
 0.4949495    0.1499383545E+001    0.8180435181E+000
 0.5050505    0.1414076233E+001    0.8364166260E+000
 0.5151515    0.1419456482E+001    0.8285736084E+000
 0.5252525    0.1417460632E+001    0.8242248535E+000
 0.5353535    0.1413105774E+001    0.8186126709E+000
 0.5454545    0.1422544861E+001    0.8068496704E+000
 0.5555556    0.1397402954E+001    0.8243972778E+000
 0.5656566    0.1380914307E+001    0.8348770142E+000
 0.5757576    0.1364030457E+001    0.7897644043E+000
 0.5858586    0.1375273132E+001    0.8200485229E+000
 0.5959596    0.1368156433E+001    0.8240036011E+000
 0.6060606    0.1356454468E+001    0.8071472168E+000
 0.6161616    0.1326480103E+001    0.8039230347E+000
 0.6262626    0.1312594604E+001    0.8013458252E+000
 0.6363636    0.1319824219E+001    0.8033157349E+000
 0.6464646    0.1280856323E+001    0.8070419312E+000
 0.6565657    0.1271490479E+001    0.7968338013E+000
 0.6666667    0.1245298767E+001    0.7973617554E+000
 0.6767677    0.1236517334E+001    0.7857360840E+000
 0.6868687    0.1195018005E+001    0.8064422607E+000
 0.6969697    0.1195248413E+001    0.7893173218E+000
 0.7070707    0.1166104126E+001    0.8058364868E+000
 0.7171717    0.1146444702E+001    0.7931549072E+000
 0.7272727    0.1129368591E+001    0.7915649414E+000
 0.7373737    0.1083557129E+001    0.7897155762E+000
 0.7474747    0.1061737061E+001    0.7808135986E+000
 0.7575758    0.1031817627E+001    0.7825088501E+000
 0.7676768    0.9920059204E+000    0.7849594116E+000
 0.7777778    0.9727890015E+000    0.7876266479E+000
 0.7878788    0.9258880615E+000    0.7731048584E+000
 0.7979798    0.9092453003E+000    0.7702102661E+000
 0.8080808    0.8409179688E+000    0.7499725342E+000
 0.8181818    0.8305099487E+000    0.7548141479E+000
 0.8282828    0.7859130859E+000    0.7548049927E+000
 0.8383838    0.7360855103E+000    0.7574951172E+000
 0.8484848    0.7079513550E+000    0.7533752441E+000
 0.8585859    0.6858917236E+000    0.7558532715E+000
 0.8686869    0.6294036865E+000    0.7518066406E+000
 0.8787879    0.5886108398E+000    0.7508026123E+000
 0.8888889    0.5441864014E+000    0.7449172974E+000
 0.8989899    0.5108886719E+000    0.7437026978E+000
 0.9090909    0.4363952637E+000    0.7114028931E+000
 0.9191919    0.3857284546E+000    0.7177551270E+000
 0.9292929    0.3350158691E+000    0.7141723633E+000
 0.9393939    0.2943634033E+000    0.7008117676E+000
 0.9494949    0.2610504150E+000    0.7008346558E+000
 0.9595960    0.2154006958E+000    0.7206665039E+000
 0.9696970    0.1533248901E+000    0.7008453369E+000
 0.9797980    0.9120178223E-001    0.6860397339E+000
 0.9898990    0.3934020996E-001    0.6873062134E+000
 1.0000000    0.0000000000E+000    0.6713790894E+000


#   100 bins for weightfunction of Ar                      
 0.0000000    0.2299632263E+001    0.1916839600E+000
 0.0101010    0.2326632690E+001    0.2212829590E+000
 0.0202020    0.2339509583E+001    0.2293731689E+000
 0.0303030    0.2367823792E+001    0.2197784424E+000
 0.0404040    0.2383558655E+001    0.2085067749E+000
 0.0505051    0.2395292664E+001    0.1965896606E+000
 0.0606061    0.2469941711E+001    0.2024398804E+000
 0.0707071    0.2538027954E+001    0.2182403564E+000
 0.0808081    0.2592245483E+001    0.1848144531E+000
 0.0909091    0.2673770142E+001    0.2044738770E+000
 0.1010101    0.2776994324E+001    0.2302246094E+000
 0.1111111    0.2852362061E+001    0.1950256348E+000
 0.1212121    0.2954768372E+001    0.2108627319E+000
 0.1313131    0.3055749512E+001    0.2354766846E+000
 0.1414141    0.3097410583E+001    0.2144714355E+000
 0.1515152    0.3189086914E+001    0.2236221313E+000
 0.1616162    0.3228744507E+001    0.2097427368E+000
 0.1717172    0.3287069702E+001    0.2263214111E+000
 0.1818182    0.3305757141E+001    0.2096939087E+000
 0.1919192    0.3313014221E+001    0.1943695068E+000
 0.2020202    0.3354402161E+001    0.2066207886E+000
 0.2121212    0.3360575867E+001    0.2153686523E+000
 0.2222222    0.3334432983E+001    0.2129211426E+000
 0.2323232    0.3303382874E+001    0.1914184570E+000
 0.2424242    0.3324531555E+001    0.2033111572E+000
 0.2525253    0.3303262329E+001    0.1638122559E+000
 0.2626263    0.3271595764E+001    0.1597549438E+000
 0.2727273    0.3244197083E+001    0.1961257935E+000
 0.2828283    0.3236518860E+001    0.1812377930E+000
 0.2929293    0.3201858521E+001    0.1754959106E+000
 0.3030303    0.3156269836E+001    0.1754898071E+000
 0.3131313    0.3116050720E+001    0.1819763184E+000
 0.3232323    0.3107937622E+001    0.1423034668E+000
 0.3333333    0.3023594666E+001    0.1696075439E+000
 0.3434343    0.2967771912E+001    0.1382217407E+000
 0.3535354    0.2955303955E+001    0.1069503784E+000
 0.3636364    0.2904100037E+001    0.1481979370E+000
 0.3737374    0.2876283264E+001    0.1225555420E+000
 0.3838384    0.2777273560E+001    0.1160293579E+000
 0.3939394    0.2752879333E+001    0.9662170410E-001
 0.4040404    0.2682826233E+001    0.1063858032E+000
 0.4141414    0.2606214905E+001    0.7062988281E-001
 0.4242424    0.2569999695E+001    0.1050216675E+000
 0.4343434    0.2531950378E+001    0.7831573486E-001
 0.4444444    0.2483027649E+001    0.5322418213E-001
 0.4545455    0.2406764221E+001    0.4732513428E-001
 0.4646465    0.2352696228E+001    0.7301330566E-001
 0.4747475    0.2309954834E+001    0.5890045166E-001
 0.4848485    0.2233589172E+001    0.4362945557E-001
 0.4949495    0.2153009033E+001    0.3805236816E-001
 0.5050505    0.2125878906E+001    0.7322692871E-002
 0.5151515    0.2117309570E+001    0.2050933838E-001
 0.5252525    0.2139549255E+001    0.2016143799E-001
 0.5353535    0.2137135315E+001    0.2721405029E-001
 0.5454545    0.2150268555E+001    0.1691589355E-001
 0.5555556    0.2131248474E+001    0.3520355225E-001
 0.5656566    0.2140635681E+001    0.3458099365E-001
 0.5757576    0.2119877625E+001    0.3171386719E-001
 0.5858586    0.2135743713E+001    0.0000000000E+000
 0.5959596    0.2122669983E+001    0.3165588379E-001
 0.6060606    0.2116175842E+001    0.3053131104E-001
 0.6161616    0.2117637634E+001    0.3176727295E-001
 0.6262626    0.2143150330E+001    0.3031768799E-001
 0.6363636    0.2122964478E+001    0.4213714600E-001
 0.6464646    0.2103041077E+001    0.3932647705E-001
 0.6565657    0.2132269287E+001    0.1281585693E-001
 0.6666667    0.2114196777E+001    0.5121154785E-001
 0.6767677    0.2145458984E+001    0.2295684814E-001
 0.6868687    0.2107366943E+001    0.2688903809E-001
 0.6969697    0.2131361389E+001    0.1569519043E-001
 0.7070707    0.2113307190E+001    0.2328796387E-001
 0.7171717    0.2156646729E+001    0.6333465576E-001
 0.7272727    0.2106303406E+001    0.2693481445E-001
 0.7373737    0.2131016541E+001    0.4731140137E-001
 0.7474747    0.2119551086E+001    0.4827423096E-001
 0.7575758    0.2129508972E+001    0.4411926270E-001
 0.7676768    0.2127705383E+001    0.3320617676E-001
 0.7777778    0.2118492126E+001    0.4040374756E-001
 0.7878788    0.2125686646E+001    0.2934265137E-001
 0.7979798    0.2111264038E+001    0.2977294922E-001
 0.8080808    0.2122395325E+001    0.3269958496E-001
 0.8181818    0.2108961487E+001    0.3493041992E-001
 0.8282828    0.2128784180E+001    0.2796325684E-001
 0.8383838    0.2093746948E+001    0.1393585205E-001
 0.8484848    0.2114605713E+001    0.3012084961E-001
 0.8585859    0.2134553528E+001    0.5264434814E-001
 0.8686869    0.2135655212E+001    0.4151611328E-001
 0.8787879    0.2098829651E+001    0.1394653320E-002
 0.8888889    0.2105119324E+001    0.3067169189E-001
 0.8989899    0.2132589722E+001    0.4564056396E-001
 0.9090909    0.2115203857E+001    0.2200622559E-001
 0.9191919    0.2106838989E+001    0.2102050781E-001
 0.9292929    0.2145973206E+001    0.5633544922E-001
 0.9393939    0.2111218262E+001    0.3712463379E-001
 0.9494949    0.2123626709E+001    0.3052825928E-001
 0.9595960    0.2125975037E+001    0.2855377197E-001
 0.9696970    0.2120370483E+001    0.2359313965E-001
 0.9797980    0.2131243896E+001    0.4326934814E-001
 0.9898990    0.2116714478E+001    0.2385253906E-001
 1.0000000    0.2126380920E+001    0.2377014160E-001


