 0.0000000   0.1435948059E+000   0.9771291972E+000   0.7321319741E+000   0.9895939602E+000
 0.0101010   0.1441256757E+000   0.1059399483E+001   0.7279154981E+000   0.1052359767E+001
 0.0202020   0.1400328662E+000   0.1003777228E+001   0.7266619555E+000   0.1013075709E+001
 0.0303030   0.1367119830E+000   0.1021585326E+001   0.7265229954E+000   0.1018108507E+001
 0.0404040   0.1297608110E+000   0.9999322980E+000   0.7304988501E+000   0.1019031153E+001
 0.0505051   0.1189907117E+000   0.1021232690E+001   0.7156564322E+000   0.1023214878E+001
 0.0606061   0.1122198626E+000   0.1012500952E+001   0.7228284310E+000   0.1001166810E+001
 0.0707071   0.1020819146E+000   0.9927092791E+000   0.7235552810E+000   0.1018866111E+001
 0.0808081   0.9376741403E-001   0.9927453441E+000   0.7252488902E+000   0.9916520185E+000
 0.0909091   0.8493852778E-001   0.9814830447E+000   0.7243179476E+000   0.1006839892E+001
 0.1010101   0.7818815455E-001   0.9968507437E+000   0.7309476658E+000   0.1011482951E+001
 0.1111111   0.7299079215E-001   0.9997619910E+000   0.7349442700E+000   0.1029182252E+001
 0.1212121   0.6706556144E-001   0.9797899931E+000   0.7308583357E+000   0.1022013846E+001
 0.1313131   0.6297214947E-001   0.9735467401E+000   0.7342225698E+000   0.1014207144E+001
 0.1414141   0.6010980861E-001   0.9795876283E+000   0.7406652189E+000   0.1025183455E+001
 0.1515152   0.5747520530E-001   0.9458067410E+000   0.7443574250E+000   0.1030753137E+001
 0.1616162   0.5781884360E-001   0.9942320237E+000   0.7489122801E+000   0.1018295422E+001
 0.1717172   0.5748097398E-001   0.9522824129E+000   0.7571361929E+000   0.1009078900E+001
 0.1818182   0.5805715915E-001   0.9653479625E+000   0.7597866414E+000   0.1004640653E+001
 0.1919192   0.5873620985E-001   0.9506815274E+000   0.7586812552E+000   0.9980946357E+000
 0.2020202   0.6034005469E-001   0.9651255616E+000   0.7774752258E+000   0.1008130404E+001
 0.2121212   0.6297757822E-001   0.9588943303E+000   0.7756128456E+000   0.1017014853E+001
 0.2222222   0.6577213337E-001   0.9838412952E+000   0.7809892754E+000   0.1017249491E+001
 0.2323232   0.6913481603E-001   0.9788783499E+000   0.7906644025E+000   0.1003791580E+001
 0.2424242   0.7493912795E-001   0.9916413542E+000   0.7932492840E+000   0.1021290046E+001
 0.2525253   0.7999718740E-001   0.9889004139E+000   0.8053823616E+000   0.1005056242E+001
 0.2626263   0.8544851349E-001   0.9870130120E+000   0.8162237508E+000   0.9964561429E+000
 0.2727273   0.9236486757E-001   0.9693611960E+000   0.8359929822E+000   0.1021622119E+001
 0.2828283   0.9964488381E-001   0.9539854825E+000   0.8391496171E+000   0.9945054616E+000
 0.2929293   0.1085631306E+000   0.9986519903E+000   0.8398310987E+000   0.1005881453E+001
 0.3030303   0.1193249773E+000   0.9705353123E+000   0.8430541984E+000   0.9959729467E+000
 0.3131313   0.1302701090E+000   0.9988483442E+000   0.8607325737E+000   0.1013195017E+001
 0.3232323   0.1455799221E+000   0.1009126870E+001   0.8760504724E+000   0.1012851013E+001
 0.3333333   0.1570524412E+000   0.9655964103E+000   0.8861672152E+000   0.1000317736E+001
 0.3434343   0.1722355193E+000   0.9897319126E+000   0.8969843560E+000   0.9907890259E+000
 0.3535354   0.1920575771E+000   0.9910843503E+000   0.9047509890E+000   0.9941177115E+000
 0.3636364   0.2128115080E+000   0.9847689673E+000   0.9252915122E+000   0.9980667973E+000
 0.3737374   0.2373209959E+000   0.1029433471E+001   0.9360115633E+000   0.1023467412E+001
 0.3838384   0.2606950463E+000   0.9834425766E+000   0.9472511341E+000   0.1031755322E+001
 0.3939394   0.2970315431E+000   0.1007237465E+001   0.9512782356E+000   0.1000940125E+001
 0.4040404   0.3252545145E+000   0.1000998219E+001   0.9634752688E+000   0.9864004901E+000
 0.4141414   0.3613666479E+000   0.9934806694E+000   0.9878317293E+000   0.1007058623E+001
 0.4242424   0.4067697916E+000   0.1009665842E+001   0.9998895870E+000   0.1005986842E+001
 0.4343434   0.4549733959E+000   0.1004286145E+001   0.1016685450E+001   0.1026929325E+001
 0.4444444   0.5044171070E+000   0.1000555421E+001   0.1020294156E+001   0.9681424310E+000
 0.4545455   0.5736941484E+000   0.1018415613E+001   0.1049641267E+001   0.9940779423E+000
 0.4646465   0.6436953619E+000   0.1009072773E+001   0.1053117740E+001   0.9821113773E+000
 0.4747475   0.7128707614E+000   0.9917876178E+000   0.1074980399E+001   0.1004527311E+001
 0.4848485   0.8107751591E+000   0.1037922773E+001   0.1091939269E+001   0.1002962391E+001
 0.4949495   0.9126708081E+000   0.9992310340E+000   0.1098637072E+001   0.9760783833E+000
 0.5050505   0.9757281243E+000   0.1010657630E+001   0.1111633334E+001   0.9953465811E+000
 0.5151515   0.9647822135E+000   0.9888944030E+000   0.1108007200E+001   0.9900234680E+000
 0.5252525   0.9798653914E+000   0.9912185922E+000   0.1104894689E+001   0.9891664409E+000
 0.5353535   0.9781615245E+000   0.1027125311E+001   0.1113705864E+001   0.9867206325E+000
 0.5454545   0.9916431513E+000   0.1017343681E+001   0.1109648857E+001   0.1002707868E+001
 0.5555556   0.9927791452E+000   0.9979547336E+000   0.1106407373E+001   0.9975935433E+000
 0.5656566   0.1006466073E+001   0.1028609987E+001   0.1106639801E+001   0.1004342384E+001
 0.5757576   0.1027031169E+001   0.1007558043E+001   0.1121865851E+001   0.1010681601E+001
 0.5858586   0.1025475248E+001   0.1011465085E+001   0.1111084868E+001   0.9909421375E+000
 0.5959596   0.1040447515E+001   0.1005071561E+001   0.1120863092E+001   0.1008438616E+001
 0.6060606   0.1067436562E+001   0.1021661463E+001   0.1098519279E+001   0.9931175151E+000
 0.6161616   0.1070230190E+001   0.1013987632E+001   0.1118555001E+001   0.1002787406E+001
 0.6262626   0.1076798506E+001   0.1014530610E+001   0.1111671515E+001   0.9930081497E+000
 0.6363636   0.1093800974E+001   0.1004145893E+001   0.1114431054E+001   0.9765854411E+000
 0.6464646   0.1115117628E+001   0.9924187554E+000   0.1132738262E+001   0.1006553554E+001
 0.6565657   0.1134323682E+001   0.1004716922E+001   0.1121213135E+001   0.1014036136E+001
 0.6666667   0.1172358706E+001   0.1050273033E+001   0.1138122315E+001   0.1006760354E+001
 0.6767677   0.1202012362E+001   0.1009245084E+001   0.1124450910E+001   0.9729028093E+000
 0.6868687   0.1209135499E+001   0.9963358156E+000   0.1137970428E+001   0.1012835105E+001
 0.6969697   0.1227842098E+001   0.9977864302E+000   0.1126573944E+001   0.9736842749E+000
 0.7070707   0.1278522919E+001   0.1013152126E+001   0.1130706074E+001   0.9921590763E+000
 0.7171717   0.1296119609E+001   0.9974878921E+000   0.1136833031E+001   0.9900095488E+000
 0.7272727   0.1346880480E+001   0.1010473297E+001   0.1149459215E+001   0.1000134798E+001
 0.7373737   0.1384519539E+001   0.1001128454E+001   0.1138921129E+001   0.9840779663E+000
 0.7474747   0.1405440481E+001   0.1002559032E+001   0.1139684731E+001   0.9887110830E+000
 0.7575758   0.1456504448E+001   0.1015346080E+001   0.1152424982E+001   0.1003165214E+001
 0.7676768   0.1516292115E+001   0.1017634204E+001   0.1155332717E+001   0.1004569068E+001
 0.7777778   0.1569393762E+001   0.1003801271E+001   0.1156257253E+001   0.9838353739E+000
 0.7878788   0.1615495384E+001   0.9987261239E+000   0.1149630850E+001   0.9714929896E+000
 0.7979798   0.1673376705E+001   0.1001394934E+001   0.1163878956E+001   0.9838890624E+000
 0.8080808   0.1717021181E+001   0.9961915556E+000   0.1160613033E+001   0.9813497963E+000
 0.8181818   0.1804576635E+001   0.1003887427E+001   0.1164907774E+001   0.9933004536E+000
 0.8282828   0.1863818991E+001   0.1008022881E+001   0.1165008999E+001   0.9846009319E+000
 0.8383838   0.1942722867E+001   0.1004991417E+001   0.1185023740E+001   0.1005255088E+001
 0.8484848   0.2012545747E+001   0.1006293764E+001   0.1182054133E+001   0.9852412167E+000
 0.8585859   0.2086096516E+001   0.1003274322E+001   0.1186123801E+001   0.9936285498E+000
 0.8686869   0.2172199267E+001   0.9969068448E+000   0.1176400060E+001   0.9762573449E+000
 0.8787879   0.2260652171E+001   0.1002476884E+001   0.1177950830E+001   0.9778381722E+000
 0.8888889   0.2397563145E+001   0.1025169787E+001   0.1197093424E+001   0.1010242151E+001
 0.8989899   0.2478114786E+001   0.9997659982E+000   0.1190995890E+001   0.9823857851E+000
 0.9090909   0.2611259323E+001   0.1032048184E+001   0.1200298297E+001   0.9962493429E+000
 0.9191919   0.2768483098E+001   0.1002142281E+001   0.1215556021E+001   0.9789755726E+000
 0.9292929   0.2844276265E+001   0.1012152324E+001   0.1206130462E+001   0.9943185462E+000
 0.9393939   0.3077869890E+001   0.1030256956E+001   0.1232389813E+001   0.1004686388E+001
 0.9494949   0.3186430179E+001   0.1014959383E+001   0.1220169801E+001   0.9923062225E+000
 0.9595960   0.3371263559E+001   0.1015788878E+001   0.1231251158E+001   0.9837956047E+000
 0.9696970   0.3550268741E+001   0.9961835411E+000   0.1243284052E+001   0.9726184592E+000
 0.9797980   0.3718143377E+001   0.1001851758E+001   0.1231227230E+001   0.9703098547E+000
 0.9898990   0.3925307347E+001   0.1006796670E+001   0.1236678493E+001   0.9820954696E+000
 1.0000000   0.4050236653E+001   0.1016237687E+001   0.1250232136E+001   0.1000679636E+001


 0.0000000   0.1141043480E+001   0.1052309214E+001   0.8745782172E+000   0.1010973762E+001
 0.0101010   0.1141229552E+001   0.1041592919E+001   0.8838011669E+000   0.1012607139E+001
 0.0202020   0.1133315986E+001   0.1015618216E+001   0.8826986554E+000   0.9897222440E+000
 0.0303030   0.1114007245E+001   0.1043070327E+001   0.8808921268E+000   0.9909286706E+000
 0.0404040   0.1071321712E+001   0.1034938479E+001   0.8816187035E+000   0.1003966304E+001
 0.0505051   0.1024531099E+001   0.1026633655E+001   0.8772619814E+000   0.9914711709E+000
 0.0606061   0.9567651543E+000   0.1049004379E+001   0.8711904116E+000   0.1008190755E+001
 0.0707071   0.9066605565E+000   0.1044301500E+001   0.8746365087E+000   0.1006663137E+001
 0.0808081   0.8337166332E+000   0.1032569742E+001   0.8744366165E+000   0.1009099492E+001
 0.0909091   0.7742573594E+000   0.1033748005E+001   0.8748994132E+000   0.1002068532E+001
 0.1010101   0.7097700727E+000   0.1054089836E+001   0.8654571368E+000   0.1001189172E+001
 0.1111111   0.6512461551E+000   0.1045355629E+001   0.8744469949E+000   0.1013286733E+001
 0.1212121   0.5964035818E+000   0.1036739451E+001   0.8712960312E+000   0.1022857848E+001
 0.1313131   0.5422466939E+000   0.1043334877E+001   0.8652482903E+000   0.1009757543E+001
 0.1414141   0.5006597305E+000   0.1035937662E+001   0.8785071721E+000   0.9922408554E+000
 0.1515152   0.4624436484E+000   0.1037109821E+001   0.8690328159E+000   0.1003844878E+001
 0.1616162   0.4362599703E+000   0.1005223451E+001   0.8801925659E+000   0.1010542896E+001
 0.1717172   0.4109478202E+000   0.1026483066E+001   0.8797394439E+000   0.1003408136E+001
 0.1818182   0.3981245613E+000   0.1017470064E+001   0.8800132252E+000   0.1004949463E+001
 0.1919192   0.3849903900E+000   0.1010492058E+001   0.8834132545E+000   0.1005417541E+001
 0.2020202   0.3785329806E+000   0.9987765801E+000   0.8892221239E+000   0.1006163724E+001
 0.2121212   0.3777750747E+000   0.1016959279E+001   0.8846481553E+000   0.1004798660E+001
 0.2222222   0.3827703309E+000   0.1021523778E+001   0.8959428990E+000   0.1015875850E+001
 0.2323232   0.3788118592E+000   0.9998327436E+000   0.8991093931E+000   0.1000460616E+001
 0.2424242   0.3845169784E+000   0.9850973295E+000   0.8998778456E+000   0.9959443501E+000
 0.2525253   0.3938245158E+000   0.1007319498E+001   0.9005300171E+000   0.9885177758E+000
 0.2626263   0.4002376280E+000   0.9827021379E+000   0.9099200739E+000   0.1014837853E+001
 0.2727273   0.4181941341E+000   0.9937277523E+000   0.9060400233E+000   0.9778538262E+000
 0.2828283   0.4264107655E+000   0.9871018017E+000   0.9283744503E+000   0.1014649838E+001
 0.2929293   0.4437514594E+000   0.1004311772E+001   0.9208609931E+000   0.9983591619E+000
 0.3030303   0.4586522936E+000   0.1000152238E+001   0.9326493549E+000   0.1019062305E+001
 0.3131313   0.4734915126E+000   0.9917721200E+000   0.9261485606E+000   0.9734158997E+000
 0.3232323   0.5017334355E+000   0.9964627884E+000   0.9468084619E+000   0.1002630617E+001
 0.3333333   0.5162598176E+000   0.9906589766E+000   0.9485789275E+000   0.9952020844E+000
 0.3434343   0.5467552523E+000   0.1015962131E+001   0.9559005354E+000   0.9950532395E+000
 0.3535354   0.5745128106E+000   0.9692324921E+000   0.9555378800E+000   0.9916160988E+000
 0.3636364   0.5955612482E+000   0.9850322096E+000   0.9598255998E+000   0.1001631790E+001
 0.3737374   0.6271726826E+000   0.9863447828E+000   0.9701715979E+000   0.9990191712E+000
 0.3838384   0.6628327908E+000   0.9758625127E+000   0.9859972622E+000   0.1022977316E+001
 0.3939394   0.7014926791E+000   0.9798775620E+000   0.1007058606E+001   0.1032188070E+001
 0.4040404   0.7367863726E+000   0.9940289318E+000   0.9892949439E+000   0.9746928317E+000
 0.4141414   0.7846061027E+000   0.9853374592E+000   0.1013510312E+001   0.1017726618E+001
 0.4242424   0.8249185129E+000   0.9805938809E+000   0.1010140887E+001   0.1006733643E+001
 0.4343434   0.8727094784E+000   0.9749671139E+000   0.1010482626E+001   0.9839975929E+000
 0.4444444   0.9214977290E+000   0.9617986477E+000   0.1021423264E+001   0.9963360471E+000
 0.4545455   0.9825008817E+000   0.9800057668E+000   0.1035698637E+001   0.1012656101E+001
 0.4646465   0.1046907955E+001   0.9862735579E+000   0.1046993754E+001   0.1017129280E+001
 0.4747475   0.1118284940E+001   0.1006973548E+001   0.1056510062E+001   0.1000971781E+001
 0.4848485   0.1192658804E+001   0.9910456261E+000   0.1067589750E+001   0.1003378758E+001
 0.4949495   0.1260978181E+001   0.9787664535E+000   0.1067234190E+001   0.1006584798E+001
 0.5050505   0.1303627897E+001   0.9966927431E+000   0.1066858036E+001   0.1006563255E+001
 0.5151515   0.1317891856E+001   0.1004008558E+001   0.1068680048E+001   0.9833787118E+000
 0.5252525   0.1305014583E+001   0.9820773938E+000   0.1065306506E+001   0.9979596310E+000
 0.5353535   0.1316868870E+001   0.9978506564E+000   0.1069337815E+001   0.9780770934E+000
 0.5454545   0.1300310924E+001   0.9949792755E+000   0.1077812834E+001   0.1000928694E+001
 0.5555556   0.1309801575E+001   0.9940777718E+000   0.1075404943E+001   0.1008410106E+001
 0.5656566   0.1324174300E+001   0.1016934859E+001   0.1074926388E+001   0.1005439084E+001
 0.5757576   0.1305575088E+001   0.1003422478E+001   0.1063407980E+001   0.9850140465E+000
 0.5858586   0.1315155415E+001   0.9837420215E+000   0.1057998965E+001   0.9932729769E+000
 0.5959596   0.1318641048E+001   0.1002620690E+001   0.1069926708E+001   0.9966298198E+000
 0.6060606   0.1310093641E+001   0.9958360093E+000   0.1071861996E+001   0.1002611032E+001
 0.6161616   0.1321175328E+001   0.1001019147E+001   0.1066577892E+001   0.1001935355E+001
 0.6262626   0.1314779365E+001   0.1002860819E+001   0.1074428399E+001   0.1007518995E+001
 0.6363636   0.1300318114E+001   0.9908380564E+000   0.1076326148E+001   0.1004491178E+001
 0.6464646   0.1308542158E+001   0.1004262932E+001   0.1070417271E+001   0.9911617303E+000
 0.6565657   0.1314900080E+001   0.9961839938E+000   0.1065760138E+001   0.9980007591E+000
 0.6666667   0.1301317027E+001   0.9813366549E+000   0.1068412180E+001   0.9677735050E+000
 0.6767677   0.1304786175E+001   0.1001776166E+001   0.1067797563E+001   0.1023856675E+001
 0.6868687   0.1307553358E+001   0.9962023087E+000   0.1066958909E+001   0.1003931051E+001
 0.6969697   0.1305412957E+001   0.1000542958E+001   0.1061421058E+001   0.1002701123E+001
 0.7070707   0.1303104726E+001   0.9877509658E+000   0.1072911424E+001   0.1004142567E+001
 0.7171717   0.1302914215E+001   0.9876125860E+000   0.1069321051E+001   0.9859208250E+000
 0.7272727   0.1299003905E+001   0.9649895231E+000   0.1079394513E+001   0.9899259264E+000
 0.7373737   0.1314461333E+001   0.9902194173E+000   0.1067599014E+001   0.9867708074E+000
 0.7474747   0.1308126387E+001   0.9800607117E+000   0.1071268939E+001   0.9909110442E+000
 0.7575758   0.1303087458E+001   0.9914933254E+000   0.1067069919E+001   0.9895498973E+000
 0.7676768   0.1298741114E+001   0.9765096417E+000   0.1067525983E+001   0.9900649788E+000
 0.7777778   0.1311691001E+001   0.9899691126E+000   0.1074825708E+001   0.1002070491E+001
 0.7878788   0.1313335356E+001   0.1010274314E+001   0.1073730400E+001   0.1014081878E+001
 0.7979798   0.1303522501E+001   0.9904737919E+000   0.1072565876E+001   0.1005625140E+001
 0.8080808   0.1306372149E+001   0.9809622154E+000   0.1072002398E+001   0.9906760261E+000
 0.8181818   0.1306984551E+001   0.9951522502E+000   0.1064605794E+001   0.9942992229E+000
 0.8282828   0.1310049697E+001   0.9927061837E+000   0.1071298749E+001   0.9962890434E+000
 0.8383838   0.1292124865E+001   0.9747839642E+000   0.1068206926E+001   0.9980203440E+000
 0.8484848   0.1306335621E+001   0.9915910053E+000   0.1077931325E+001   0.1002062657E+001
 0.8585859   0.1312099854E+001   0.9845763703E+000   0.1075018570E+001   0.9819940630E+000
 0.8686869   0.1314934180E+001   0.9818026692E+000   0.1071777352E+001   0.9829341357E+000
 0.8787879   0.1316564748E+001   0.9884062348E+000   0.1080393508E+001   0.9863438577E+000
 0.8888889   0.1309930860E+001   0.9850057547E+000   0.1074758961E+001   0.9934629499E+000
 0.8989899   0.1311347922E+001   0.9888844592E+000   0.1075900461E+001   0.1009784962E+001
 0.9090909   0.1318611099E+001   0.1010117619E+001   0.1073683135E+001   0.1005061097E+001
 0.9191919   0.1310090867E+001   0.9880480753E+000   0.1073487819E+001   0.9971997389E+000
 0.9292929   0.1305578496E+001   0.9859092934E+000   0.1062872556E+001   0.9956917056E+000
 0.9393939   0.1288670665E+001   0.9826207381E+000   0.1066308766E+001   0.1006759103E+001
 0.9494949   0.1309897883E+001   0.9889190541E+000   0.1076704418E+001   0.1001398730E+001
 0.9595960   0.1310439127E+001   0.9989190299E+000   0.1067804236E+001   0.1001302764E+001
 0.9696970   0.1300872042E+001   0.9729748518E+000   0.1067262112E+001   0.9830829805E+000
 0.9797980   0.1320314590E+001   0.9944664562E+000   0.1075951580E+001   0.1000570291E+001
 0.9898990   0.1301339823E+001   0.9894054184E+000   0.1066734933E+001   0.9851766008E+000
 1.0000000   0.1308432600E+001   0.9936056524E+000   0.1076019875E+001   0.1005519382E+001


