Compiled using GNU Fortran (Ubuntu 9.4.0-1ubuntu1~20.04.2) 9.4.0 with all optimizations
Last Brick update unknown
Compiled at 18:43:37 on Sep  2 2023
Starting at 16:56:20 on Sep 11 2023

Settings
OK                      

Forcefield
OK                      

Topology
OK                      

Configuration
OK                      Read from ./INPUT/restart.in

 F
Monte Carlo Simulation initialized.

#########################################################################################################################
###########################################   ENERGY STARTING CONFIGURATION   ###########################################
#########################################################################################################################
                                               Box 1               Box 2
-------------------------------------------------------------------------------------------------------------------------
Lennard Jones        
 Intermolecular                         -0.4531918727E+006  -0.8222469845E+005
 Tailcorrection                         -0.1123668440E+005  -0.2000990985E+004
Total Intermolecular                    -0.4644285571E+006  -0.8422568944E+005

Electrostatic        
 Real                                   -0.1234893639E+006  -0.9225069843E+004
 Exclusion                               0.7725958167E+007   0.3026781232E+007
 Selfterm                               -0.7750773169E+007  -0.3029833382E+007
 Fourier                                 0.1228334967E+005   0.2970068650E+004
Total Intermolecular                    -0.1360210163E+006  -0.9307151899E+004

Intramolecular       
 Lennard Jones                           0.0000000000E+000   0.0000000000E+000
 Electrostatic                           0.0000000000E+000   0.0000000000E+000
 Bending                                 0.0000000000E+000   0.0000000000E+000
 Torsion                                 0.0000000000E+000   0.0000000000E+000

Total                                   -0.6004495734E+006  -0.9353284134E+005

#########################################################################################################################

Simulation is running...



#########################################################################################################################
###############################################   RELATIVE ENERGY DRIFTS   ##############################################
#########################################################################################################################
                                               Box 1               Box 2                                                 
-------------------------------------------------------------------------------------------------------------------------

Lennard Jones        
 Intermolecular                          0.7183010773E-015   0.1617604209E-014
 Tailcorrection                          0.0000000000E+000   0.0000000000E+000

Electrostatic        
 Real                                    0.1824596338E-014   0.3880254487E-014
 Exclusion                               0.0000000000E+000   0.1844510029E-015
 Selfterm                                0.0000000000E+000   0.0000000000E+000
 Fourier                                 0.3971670640E-015   0.9330379836E-015

Intramolecular       
 Lennard Jones                           0.0000000000E+000   0.0000000000E+000
 Electrostatic                           0.0000000000E+000   0.0000000000E+000
 Bending                                 0.0000000000E+000   0.0000000000E+000
 Torsion                                 0.0000000000E+000   0.0000000000E+000

Total                                    0.1421709137E-014   0.8667523391E-014

#########################################################################################################################
############################################   TRIAL MOVE ACCEPTANCE RATES   ############################################
#########################################################################################################################
                                               Box 1               Box 2
-------------------------------------------------------------------------------------------------------------------------
Translation
 CO2                                          0.51580             0.48865
 AR                                           0.48401             0.51201
-------------------------------------------------------------------------------------------------------------------------
Rotation
 CO2                                          0.50501             0.67128
 AR                                           0.00000             0.00000
-------------------------------------------------------------------------------------------------------------------------
Lambda Move
 cd                                           0.75435             0.92752
 Ar                                           0.83528             0.95715
-------------------------------------------------------------------------------------------------------------------------
GE Swap Fractional
 cd                                           0.38379             0.36741
 Ar                                           0.47330             0.45135
-------------------------------------------------------------------------------------------------------------------------
GE Identity Change
 cd                                           0.80674             0.78943
 Ar                                           0.94367             0.90767
-------------------------------------------------------------------------------------------------------------------------
Volume                                        0.51526             0.49774

#########################################################################################################################
######################################################   AVERAGES   #####################################################
#########################################################################################################################
                                                       Boltzmann                                    Biased
                                               Box 1               Box 2                  Box 1               Box 2      
-------------------------------------------------------------------------------------------------------------------------
Density
 CO2                                     0.8664392518E+003   0.7990741096E+002      0.8649474582E+003   0.7999328287E+002
 AR                                      0.1129479400E+003   0.1145164494E+003      0.1132440423E+003   0.1146991359E+003
 Total                                   0.9793871918E+003   0.1944238603E+003      0.9781915005E+003   0.1946924188E+003

Number of molecules
 CO2                                     0.4622145626E+003   0.1827854374E+003      0.4625259900E+003   0.1824740100E+003
 AR                                      0.6665549175E+002   0.2883445082E+003      0.6698248000E+002   0.2880175200E+003
 Total                                   0.5288700544E+003   0.4711299456E+003      0.5295084700E+003   0.4704915300E+003

Mole fractions
 CO2                                          0.87397             0.38797                 0.87350             0.38784
 AR                                           0.12603             0.61203                 0.12650             0.61216

Volume                                   0.3903859632E+005   0.1677013458E+006      0.3913172586E+005   0.1672444468E+006

#########################################################################################################################
#######################################   PROPERTIES FROM THE CFC GIBBS ENSEMBLE   ######################################
#########################################################################################################################
                                                       Boltzmann                                    Biased
                                               Box 1               Box 2                  Box 1               Box 2      
Chemical Potentials (as an indication)
=========================================================================================================================

Total cd                                -0.1935428020E+004  -0.1934260890E+004     -0.1935863999E+004  -0.1933989151E+004
 Ideal gas                              -0.1122035376E+004  -0.1725066795E+004     -0.1122471354E+004  -0.1724795057E+004
 Excess                                 -0.8133926447E+003  -0.2091940948E+003     -0.8133926447E+003  -0.2091940948E+003

-------------------------------------------------------------------------------------------------------------------------

Total Ar                                -0.1688491046E+004  -0.1688672644E+004     -0.1687828654E+004  -0.1688269358E+004
 Ideal gas                              -0.1613013936E+004  -0.1609524694E+004     -0.1612351544E+004  -0.1609121408E+004
 Excess                                 -0.7547710985E+002  -0.7914794990E+002     -0.7547710985E+002  -0.7914794990E+002

-------------------------------------------------------------------------------------------------------------------------

#########################################################################################################################
#########################################   PROPERTIES FROM UMBRELLA SAMPLING   #########################################
#########################################################################################################################

Excess Partial Molar Enthalpy
=========================================================================================================================


Partial Molar Volume
=========================================================================================================================


#########################################################################################################################
##################################################   AVERAGE ENERGIES   #################################################
#########################################################################################################################
                                                       Boltzmann                                    Biased
                                               Box 1               Box 2                  Box 1               Box 2      
-------------------------------------------------------------------------------------------------------------------------
Lennard Jones        
 Intermolecular                         -0.4976405350E+006  -0.6853028447E+005     -0.4974996440E+006  -0.6842501053E+005
 Tailcorrection                         -0.1227585906E+005  -0.1585826038E+004     -0.1227512406E+005  -0.1583712866E+004
Total Intermolecular                    -0.5099163941E+006  -0.7011611050E+005     -0.5097747680E+006  -0.7000872340E+005

Electrostatic        
 Real                                   -0.1353688668E+006  -0.7796197760E+004     -0.1351806285E+006  -0.7779438451E+004
 Exclusion                               0.8465961839E+007   0.2482555992E+007      0.8469497653E+007   0.2477924669E+007
 Selfterm                               -0.8493154096E+007  -0.2485059479E+007     -0.8496701067E+007  -0.2480423458E+007
 Fourier                                 0.1378316030E+005   0.2406351728E+004      0.1380620540E+005   0.2402422135E+004
Total Intermolecular                    -0.1487779643E+006  -0.7893332203E+004     -0.1485778372E+006  -0.7875804987E+004

Intramolecular       
 Lennard Jones                           0.0000000000E+000   0.0000000000E+000      0.0000000000E+000   0.0000000000E+000
 Electrostatic                           0.0000000000E+000   0.0000000000E+000      0.0000000000E+000   0.0000000000E+000
 Bending                                 0.0000000000E+000   0.0000000000E+000      0.0000000000E+000   0.0000000000E+000
 Torsion                                 0.0000000000E+000   0.0000000000E+000      0.0000000000E+000   0.0000000000E+000

Total                                   -0.6586943584E+006  -0.7800944271E+005     -0.6583526052E+006  -0.7788452838E+005

#########################################################################################################################

No errors found in bookkeeping.

Total simulation time:  16 hours and  16 minutes

Simulation finished.

