 0.0000000   0.1443718933E+000   0.1062721588E+001   0.7143966696E+000   0.1037396732E+001
 0.0101010   0.1423271592E+000   0.1012250050E+001   0.7162088084E+000   0.9908252029E+000
 0.0202020   0.1401684422E+000   0.1022326944E+001   0.7139866034E+000   0.1004191014E+001
 0.0303030   0.1361443289E+000   0.1062553674E+001   0.7220016941E+000   0.1040587591E+001
 0.0404040   0.1295324107E+000   0.1051780249E+001   0.7145312178E+000   0.1019546782E+001
 0.0505051   0.1221625125E+000   0.1038560674E+001   0.7097560540E+000   0.1001764191E+001
 0.0606061   0.1126711596E+000   0.1019669347E+001   0.7163087212E+000   0.1018189994E+001
 0.0707071   0.1032726617E+000   0.1009499168E+001   0.7148737386E+000   0.1014285137E+001
 0.0808081   0.9488175834E-001   0.1001238229E+001   0.7101725972E+000   0.9882405687E+000
 0.0909091   0.8737120900E-001   0.1028471341E+001   0.7156135373E+000   0.9995278953E+000
 0.1010101   0.8032833123E-001   0.1015102510E+001   0.7289503631E+000   0.1019745008E+001
 0.1111111   0.7288158166E-001   0.1011478891E+001   0.7168647839E+000   0.1003669469E+001
 0.1212121   0.6847042895E-001   0.1013694937E+001   0.7267450427E+000   0.1036020698E+001
 0.1313131   0.6367453089E-001   0.9880974278E+000   0.7311763877E+000   0.1018168824E+001
 0.1414141   0.6149270282E-001   0.1013029501E+001   0.7282002574E+000   0.1030826411E+001
 0.1515152   0.5911702055E-001   0.9902968899E+000   0.7348078696E+000   0.9993412166E+000
 0.1616162   0.5790031853E-001   0.9534761129E+000   0.7329583663E+000   0.9930441777E+000
 0.1717172   0.5869322247E-001   0.9633705825E+000   0.7444818894E+000   0.9989139725E+000
 0.1818182   0.5831273912E-001   0.9574687273E+000   0.7441373186E+000   0.9981942009E+000
 0.1919192   0.5981377246E-001   0.9486273460E+000   0.7554122871E+000   0.9936388553E+000
 0.2020202   0.6223757005E-001   0.9962132561E+000   0.7540993828E+000   0.1006071273E+001
 0.2121212   0.6343749135E-001   0.9736527046E+000   0.7691129503E+000   0.1016852450E+001
 0.2222222   0.6776784428E-001   0.9997539546E+000   0.7805653855E+000   0.1024067486E+001
 0.2323232   0.7164958487E-001   0.1014041129E+001   0.7874353465E+000   0.1012970688E+001
 0.2424242   0.7598038202E-001   0.1000974957E+001   0.7924052553E+000   0.9974917501E+000
 0.2525253   0.8119291167E-001   0.9877926956E+000   0.7970307278E+000   0.9970510344E+000
 0.2626263   0.8692791690E-001   0.9693304819E+000   0.8088789939E+000   0.9883618136E+000
 0.2727273   0.9339140083E-001   0.9754873171E+000   0.8167338854E+000   0.1001209928E+001
 0.2828283   0.1002930986E+000   0.9487040473E+000   0.8213653963E+000   0.9966218658E+000
 0.2929293   0.1110383049E+000   0.1011758747E+001   0.8360597830E+000   0.9881539651E+000
 0.3030303   0.1214911212E+000   0.1009957302E+001   0.8477947038E+000   0.9967200164E+000
 0.3131313   0.1324536675E+000   0.1037781223E+001   0.8577841949E+000   0.1004762597E+001
 0.3232323   0.1447833396E+000   0.1026812935E+001   0.8802142121E+000   0.1011442616E+001
 0.3333333   0.1611214678E+000   0.1001196769E+001   0.8777535744E+000   0.1012077709E+001
 0.3434343   0.1744629845E+000   0.9870360475E+000   0.8941802151E+000   0.9966276393E+000
 0.3535354   0.1932335282E+000   0.9925958563E+000   0.9034493368E+000   0.1010705524E+001
 0.3636364   0.2138781120E+000   0.9869572732E+000   0.9115973146E+000   0.9907424484E+000
 0.3737374   0.2360550271E+000   0.9796457722E+000   0.9235867679E+000   0.9994278201E+000
 0.3838384   0.2634321158E+000   0.1007940265E+001   0.9426325798E+000   0.1013711629E+001
 0.3939394   0.2933336676E+000   0.1000711685E+001   0.9467905535E+000   0.9652136525E+000
 0.4040404   0.3275678211E+000   0.1017330994E+001   0.9686907424E+000   0.1027148648E+001
 0.4141414   0.3639321777E+000   0.9884311822E+000   0.9848292617E+000   0.9992180471E+000
 0.4242424   0.4071345627E+000   0.9961178977E+000   0.9922136124E+000   0.1019225387E+001
 0.4343434   0.4567730698E+000   0.9743243594E+000   0.1005927004E+001   0.9698171112E+000
 0.4444444   0.5037550158E+000   0.9907736818E+000   0.1027593898E+001   0.9989717082E+000
 0.4545455   0.5704437833E+000   0.1002523494E+001   0.1035599081E+001   0.9946453808E+000
 0.4646465   0.6344766683E+000   0.1007193982E+001   0.1053870427E+001   0.1001215702E+001
 0.4747475   0.7180773617E+000   0.9998949192E+000   0.1064396090E+001   0.9945010416E+000
 0.4848485   0.8089694423E+000   0.9867831404E+000   0.1085419913E+001   0.9941527029E+000
 0.4949495   0.9021414347E+000   0.9923305112E+000   0.1105109121E+001   0.9898032812E+000
 0.5050505   0.9552018937E+000   0.9647802282E+000   0.1120477904E+001   0.1022177605E+001
 0.5151515   0.9787481404E+000   0.9938956326E+000   0.1117038530E+001   0.1011078882E+001
 0.5252525   0.9738633959E+000   0.9869634922E+000   0.1108464009E+001   0.9989640101E+000
 0.5353535   0.9701836182E+000   0.9789616794E+000   0.1119809144E+001   0.1003540525E+001
 0.5454545   0.9929512421E+000   0.1011437431E+001   0.1121949172E+001   0.9937004400E+000
 0.5555556   0.9859016053E+000   0.9793223829E+000   0.1117389812E+001   0.1007181723E+001
 0.5656566   0.1002600187E+001   0.9796229691E+000   0.1119493547E+001   0.1019708442E+001
 0.5757576   0.1012689148E+001   0.9729147136E+000   0.1125808009E+001   0.9802268554E+000
 0.5858586   0.1010616875E+001   0.9819012054E+000   0.1125840819E+001   0.1010395676E+001
 0.5959596   0.1034058770E+001   0.9975524196E+000   0.1123641707E+001   0.1012418349E+001
 0.6060606   0.1041553736E+001   0.9930933783E+000   0.1122823166E+001   0.9947704748E+000
 0.6161616   0.1060590679E+001   0.9813829533E+000   0.1122241017E+001   0.9910542211E+000
 0.6262626   0.1067339982E+001   0.9740092621E+000   0.1128517034E+001   0.9940314580E+000
 0.6363636   0.1096153103E+001   0.1007560905E+001   0.1124900563E+001   0.9927997633E+000
 0.6464646   0.1125435293E+001   0.9949404289E+000   0.1126065426E+001   0.9975379386E+000
 0.6565657   0.1132415837E+001   0.9917790909E+000   0.1122135161E+001   0.9839604298E+000
 0.6666667   0.1161515108E+001   0.9909664716E+000   0.1123791341E+001   0.9859330657E+000
 0.6767677   0.1184204589E+001   0.1001491136E+001   0.1125185809E+001   0.9757465662E+000
 0.6868687   0.1219713568E+001   0.9895899940E+000   0.1135331718E+001   0.1005143653E+001
 0.6969697   0.1232531975E+001   0.1000220382E+001   0.1140271623E+001   0.9923763683E+000
 0.7070707   0.1271438261E+001   0.1002156571E+001   0.1142312267E+001   0.1010711298E+001
 0.7171717   0.1314314415E+001   0.1015784529E+001   0.1147033004E+001   0.1002099058E+001
 0.7272727   0.1342745724E+001   0.1020187599E+001   0.1136941580E+001   0.9917047098E+000
 0.7373737   0.1385863755E+001   0.1005798847E+001   0.1149888436E+001   0.1001144495E+001
 0.7474747   0.1407747727E+001   0.9996295741E+000   0.1145415265E+001   0.9884118512E+000
 0.7575758   0.1453682638E+001   0.1001820744E+001   0.1153703429E+001   0.9972531093E+000
 0.7676768   0.1507577657E+001   0.9984127181E+000   0.1151601492E+001   0.9978785792E+000
 0.7777778   0.1555594638E+001   0.1010604081E+001   0.1168341229E+001   0.1015087663E+001
 0.7878788   0.1619884488E+001   0.1004152879E+001   0.1167946024E+001   0.1000114875E+001
 0.7979798   0.1683544103E+001   0.1026390041E+001   0.1165885996E+001   0.9954652275E+000
 0.8080808   0.1724110502E+001   0.9817001236E+000   0.1155222415E+001   0.9665993090E+000
 0.8181818   0.1770059926E+001   0.9974280391E+000   0.1168785423E+001   0.9826940938E+000
 0.8282828   0.1880239048E+001   0.1013301065E+001   0.1187238499E+001   0.9981999745E+000
 0.8383838   0.1934737010E+001   0.9919905378E+000   0.1187813372E+001   0.1001373513E+001
 0.8484848   0.2012585026E+001   0.1003278069E+001   0.1175715393E+001   0.9870993266E+000
 0.8585859   0.2081962292E+001   0.1015218598E+001   0.1179923699E+001   0.9930903663E+000
 0.8686869   0.2165257743E+001   0.9978467868E+000   0.1194256576E+001   0.1001094457E+001
 0.8787879   0.2292928476E+001   0.1014445366E+001   0.1210493156E+001   0.1013686610E+001
 0.8888889   0.2410048224E+001   0.1019930546E+001   0.1208248035E+001   0.1005869198E+001
 0.8989899   0.2511287625E+001   0.1027969673E+001   0.1203240375E+001   0.1000484383E+001
 0.9090909   0.2637748918E+001   0.1002224981E+001   0.1215195676E+001   0.9783100307E+000
 0.9191919   0.2747742716E+001   0.9924383076E+000   0.1215019028E+001   0.9844011455E+000
 0.9292929   0.2893924062E+001   0.9935515132E+000   0.1228388761E+001   0.9916739175E+000
 0.9393939   0.3049919919E+001   0.1005394611E+001   0.1241105733E+001   0.9886427939E+000
 0.9494949   0.3168928023E+001   0.1010398853E+001   0.1219534570E+001   0.9714818235E+000
 0.9595960   0.3367783630E+001   0.1025886300E+001   0.1245559742E+001   0.1012087332E+001
 0.9696970   0.3526529747E+001   0.1009586234E+001   0.1246420108E+001   0.9929094611E+000
 0.9797980   0.3754490809E+001   0.1010106559E+001   0.1248764916E+001   0.9801575726E+000
 0.9898990   0.3955340305E+001   0.1010361539E+001   0.1251332693E+001   0.9834177144E+000
 1.0000000   0.4038692789E+001   0.9918557922E+000   0.1252793676E+001   0.9690088116E+000


 0.0000000   0.1104933024E+001   0.1006752728E+001   0.8903128416E+000   0.9815645080E+000
 0.0101010   0.1095122871E+001   0.1025122691E+001   0.8820203582E+000   0.1001635020E+001
 0.0202020   0.1077022677E+001   0.1021245624E+001   0.8786097021E+000   0.1005866673E+001
 0.0303030   0.1065828094E+001   0.1039654959E+001   0.8930449171E+000   0.1012630003E+001
 0.0404040   0.1025606315E+001   0.1016286874E+001   0.8876194644E+000   0.9951970543E+000
 0.0505051   0.9842833154E+000   0.9868514165E+000   0.8893548768E+000   0.9853302559E+000
 0.0606061   0.9261330401E+000   0.1000517509E+001   0.8860035487E+000   0.9873767743E+000
 0.0707071   0.8752040229E+000   0.1012115555E+001   0.8782071271E+000   0.9942748696E+000
 0.0808081   0.7968570141E+000   0.9728537739E+000   0.8700703392E+000   0.9526802980E+000
 0.0909091   0.7483209798E+000   0.9911988708E+000   0.8784276616E+000   0.9809272573E+000
 0.1010101   0.6803347572E+000   0.9991374302E+000   0.8699715866E+000   0.9968257980E+000
 0.1111111   0.6171910610E+000   0.9773587147E+000   0.8643951890E+000   0.9561803642E+000
 0.1212121   0.5687961718E+000   0.9978506003E+000   0.8760659808E+000   0.9845601643E+000
 0.1313131   0.5147313829E+000   0.9989530053E+000   0.8729876409E+000   0.1005549010E+001
 0.1414141   0.4805466128E+000   0.9722839217E+000   0.8663232642E+000   0.9771307058E+000
 0.1515152   0.4454864266E+000   0.9878854392E+000   0.8806868558E+000   0.1002462868E+001
 0.1616162   0.4286448318E+000   0.9889919886E+000   0.8797025354E+000   0.9875404187E+000
 0.1717172   0.4000763813E+000   0.9785170688E+000   0.8755987816E+000   0.9993651750E+000
 0.1818182   0.3854615300E+000   0.9605553270E+000   0.8799718813E+000   0.9877945490E+000
 0.1919192   0.3777698157E+000   0.9482444470E+000   0.8775331500E+000   0.9700766669E+000
 0.2020202   0.3715919135E+000   0.9721513015E+000   0.8879600832E+000   0.9937030766E+000
 0.2121212   0.3671952064E+000   0.9665978327E+000   0.8850609460E+000   0.9991611007E+000
 0.2222222   0.3709482749E+000   0.9512802051E+000   0.8929448355E+000   0.1005597141E+001
 0.2323232   0.3688154059E+000   0.9168942864E+000   0.8894103970E+000   0.9803092588E+000
 0.2424242   0.3814488368E+000   0.9685705574E+000   0.8996272928E+000   0.1003433184E+001
 0.2525253   0.3883859086E+000   0.9654311898E+000   0.9151927192E+000   0.9812603219E+000
 0.2626263   0.3964545575E+000   0.9547697729E+000   0.9188197336E+000   0.9811602100E+000
 0.2727273   0.4140236240E+000   0.9701329886E+000   0.9227400896E+000   0.1021844148E+001
 0.2828283   0.4207696815E+000   0.9783989540E+000   0.9288587883E+000   0.1013419346E+001
 0.2929293   0.4383033661E+000   0.9844497484E+000   0.9235909883E+000   0.1001902627E+001
 0.3030303   0.4574217031E+000   0.9816046317E+000   0.9310115655E+000   0.1009946233E+001
 0.3131313   0.4748356665E+000   0.9788051032E+000   0.9332848148E+000   0.1019000585E+001
 0.3232323   0.4955157615E+000   0.1013180661E+001   0.9364023998E+000   0.9826368606E+000
 0.3333333   0.5270472221E+000   0.9904881097E+000   0.9490186118E+000   0.1023442088E+001
 0.3434343   0.5459419565E+000   0.9702925472E+000   0.9664608525E+000   0.1010048270E+001
 0.3535354   0.5733661481E+000   0.1006406672E+001   0.9628083012E+000   0.9752516823E+000
 0.3636364   0.6064330548E+000   0.1011315690E+001   0.9689356763E+000   0.1022787511E+001
 0.3737374   0.6366806161E+000   0.1032630235E+001   0.9693594646E+000   0.9973302080E+000
 0.3838384   0.6598151572E+000   0.9692730298E+000   0.9735234098E+000   0.9950988676E+000
 0.3939394   0.7092180064E+000   0.1016738611E+001   0.9941822366E+000   0.9966833311E+000
 0.4040404   0.7507635057E+000   0.1003480740E+001   0.9915167728E+000   0.1003764323E+001
 0.4141414   0.7959541825E+000   0.9854216055E+000   0.9957836392E+000   0.9726757259E+000
 0.4242424   0.8372917517E+000   0.9997300765E+000   0.1012195441E+001   0.1023301547E+001
 0.4343434   0.8803121849E+000   0.1011854459E+001   0.1023901212E+001   0.1007857360E+001
 0.4444444   0.9379052647E+000   0.1026581513E+001   0.1023277486E+001   0.9822845437E+000
 0.4545455   0.9921321042E+000   0.1006197381E+001   0.1019541057E+001   0.9729414075E+000
 0.4646465   0.1061716601E+001   0.1020095559E+001   0.1047318512E+001   0.1025455878E+001
 0.4747475   0.1130629296E+001   0.1040854757E+001   0.1038783823E+001   0.1002845989E+001
 0.4848485   0.1198749342E+001   0.1022428844E+001   0.1054515716E+001   0.1002605335E+001
 0.4949495   0.1279892791E+001   0.1007123650E+001   0.1048128677E+001   0.9909904290E+000
 0.5050505   0.1304468617E+001   0.9989882326E+000   0.1071560504E+001   0.9824847675E+000
 0.5151515   0.1309532702E+001   0.9943092278E+000   0.1072619461E+001   0.9965100605E+000
 0.5252525   0.1314996554E+001   0.1020912001E+001   0.1067007965E+001   0.9909519245E+000
 0.5353535   0.1319405468E+001   0.1021865209E+001   0.1066676673E+001   0.9976555717E+000
 0.5454545   0.1324380056E+001   0.1039277820E+001   0.1078951513E+001   0.9987972325E+000
 0.5555556   0.1309946617E+001   0.1008584544E+001   0.1068441506E+001   0.1007322146E+001
 0.5656566   0.1326747750E+001   0.1031154836E+001   0.1067889065E+001   0.1006174710E+001
 0.5757576   0.1317835677E+001   0.1003186489E+001   0.1078654004E+001   0.1013407795E+001
 0.5858586   0.1313448799E+001   0.1015837208E+001   0.1066131342E+001   0.9703750773E+000
 0.5959596   0.1319644314E+001   0.1007372313E+001   0.1070793957E+001   0.1005964860E+001
 0.6060606   0.1312179394E+001   0.9951899085E+000   0.1062651705E+001   0.9971935167E+000
 0.6161616   0.1313012724E+001   0.9972786759E+000   0.1071643900E+001   0.1006875493E+001
 0.6262626   0.1328120313E+001   0.1034820540E+001   0.1083493570E+001   0.1016534367E+001
 0.6363636   0.1323592302E+001   0.1010683672E+001   0.1074281111E+001   0.1019874639E+001
 0.6464646   0.1309690247E+001   0.9803405959E+000   0.1064753177E+001   0.1007992126E+001
 0.6565657   0.1316909822E+001   0.1014981394E+001   0.1074101954E+001   0.9902395897E+000
 0.6666667   0.1308126389E+001   0.9901544871E+000   0.1065436864E+001   0.1020698637E+001
 0.6767677   0.1318973481E+001   0.1030069008E+001   0.1068205158E+001   0.9948408869E+000
 0.6868687   0.1319707079E+001   0.9921209953E+000   0.1071971410E+001   0.1002281897E+001
 0.6969697   0.1307395605E+001   0.1006734078E+001   0.1067313510E+001   0.9868184579E+000
 0.7070707   0.1316927192E+001   0.9959296803E+000   0.1071410064E+001   0.9981561312E+000
 0.7171717   0.1317308475E+001   0.1040342926E+001   0.1067145447E+001   0.1034804790E+001
 0.7272727   0.1311111556E+001   0.9846113792E+000   0.1073085673E+001   0.1003369651E+001
 0.7373737   0.1316837744E+001   0.1013655192E+001   0.1065061038E+001   0.1016366872E+001
 0.7474747   0.1308874373E+001   0.9960395064E+000   0.1073388096E+001   0.1025299934E+001
 0.7575758   0.1314928686E+001   0.1010660878E+001   0.1069609805E+001   0.1017454626E+001
 0.7676768   0.1319825064E+001   0.1012596303E+001   0.1066962214E+001   0.1003920267E+001
 0.7777778   0.1319807274E+001   0.1003296315E+001   0.1065835269E+001   0.1010104102E+001
 0.7878788   0.1333055077E+001   0.1020684061E+001   0.1074380951E+001   0.1007002558E+001
 0.7979798   0.1315963378E+001   0.9931695234E+000   0.1070995043E+001   0.1004261032E+001
 0.8080808   0.1319387729E+001   0.1006899854E+001   0.1072780449E+001   0.1008883507E+001
 0.8181818   0.1316115589E+001   0.9909999406E+000   0.1070373580E+001   0.1008868105E+001
 0.8282828   0.1327653432E+001   0.1019701843E+001   0.1071277124E+001   0.1002709298E+001
 0.8383838   0.1309233748E+001   0.9709328539E+000   0.1062891312E+001   0.9810023412E+000
 0.8484848   0.1318091588E+001   0.9981054797E+000   0.1068249879E+001   0.1002035468E+001
 0.8585859   0.1324307749E+001   0.1023017346E+001   0.1078141166E+001   0.1034350436E+001
 0.8686869   0.1319079498E+001   0.1020101775E+001   0.1078377817E+001   0.1023128276E+001
 0.8787879   0.1320730349E+001   0.9844497484E+000   0.1063304208E+001   0.9691525570E+000
 0.8888889   0.1324298263E+001   0.9933373708E+000   0.1082800328E+001   0.1016243657E+001
 0.8989899   0.1324938182E+001   0.1021496359E+001   0.1071467773E+001   0.1020773721E+001
 0.9090909   0.1323462373E+001   0.1002772051E+001   0.1064263368E+001   0.9902280384E+000
 0.9191919   0.1335293678E+001   0.1003308748E+001   0.1080588131E+001   0.1004426602E+001
 0.9292929   0.1306363996E+001   0.1020746226E+001   0.1058362169E+001   0.1019129575E+001
 0.9393939   0.1313453546E+001   0.9912299537E+000   0.1066645678E+001   0.1007562800E+001
 0.9494949   0.1327182642E+001   0.1014096569E+001   0.1067808597E+001   0.1002029692E+001
 0.9595960   0.1310690525E+001   0.1003849590E+001   0.1068780215E+001   0.1000963115E+001
 0.9696970   0.1339336285E+001   0.1020056187E+001   0.1076018556E+001   0.1002755503E+001
 0.9797980   0.1327640273E+001   0.1022202976E+001   0.1071339652E+001   0.1018234344E+001
 0.9898990   0.1322141861E+001   0.1003285954E+001   0.1071819432E+001   0.9991014186E+000
 1.0000000   0.1329936553E+001   0.1019003515E+001   0.1063195371E+001   0.9909808029E+000


