 0.0000000   0.1452981315E+000   0.1005416849E+001   0.5526368920E+000   0.1002274282E+001
 0.0101010   0.1481802990E+000   0.1015712100E+001   0.5592954011E+000   0.9920889097E+000
 0.0202020   0.1447311212E+000   0.9792495819E+000   0.5605167027E+000   0.9707922219E+000
 0.0303030   0.1417441211E+000   0.1022025420E+001   0.5578474910E+000   0.1001858671E+001
 0.0404040   0.1357055752E+000   0.9990746447E+000   0.5644674565E+000   0.1001707891E+001
 0.0505051   0.1280553125E+000   0.1031093081E+001   0.5558584724E+000   0.1006971654E+001
 0.0606061   0.1183248515E+000   0.1017084112E+001   0.5468552132E+000   0.9932332901E+000
 0.0707071   0.1106371828E+000   0.1004257344E+001   0.5513195161E+000   0.9995525125E+000
 0.0808081   0.1008695817E+000   0.1029322875E+001   0.5521882118E+000   0.1023451119E+001
 0.0909091   0.9414288358E-001   0.9898047928E+000   0.5515444975E+000   0.9995119179E+000
 0.1010101   0.8697988222E-001   0.9797818814E+000   0.5535887363E+000   0.1023940187E+001
 0.1111111   0.8167005201E-001   0.1007742049E+001   0.5506802167E+000   0.9825279205E+000
 0.1212121   0.7703891198E-001   0.1001451424E+001   0.5601351687E+000   0.9933086801E+000
 0.1313131   0.7259364131E-001   0.9898336772E+000   0.5615064306E+000   0.1006316342E+001
 0.1414141   0.7086251573E-001   0.9769553296E+000   0.5655062028E+000   0.9785883136E+000
 0.1515152   0.6859095386E-001   0.9732931913E+000   0.5715595739E+000   0.9903259453E+000
 0.1616162   0.6833250936E-001   0.9848201584E+000   0.5790184493E+000   0.1012061441E+001
 0.1717172   0.6912866318E-001   0.1012481166E+001   0.5853579133E+000   0.1014854735E+001
 0.1818182   0.6892685046E-001   0.1006691892E+001   0.5923018445E+000   0.9969699242E+000
 0.1919192   0.7145106654E-001   0.9821937347E+000   0.5983176335E+000   0.9762879543E+000
 0.2020202   0.7396138609E-001   0.9817109514E+000   0.6001859003E+000   0.9650451898E+000
 0.2121212   0.7765999145E-001   0.1014610364E+001   0.6179324827E+000   0.9951702313E+000
 0.2222222   0.8124140922E-001   0.9760000789E+000   0.6314277492E+000   0.9905791781E+000
 0.2323232   0.8509519195E-001   0.9777723475E+000   0.6399507618E+000   0.1005519915E+001
 0.2424242   0.8959289537E-001   0.1006524775E+001   0.6542183021E+000   0.9823268807E+000
 0.2525253   0.9732830451E-001   0.9879953870E+000   0.6631790734E+000   0.9846852323E+000
 0.2626263   0.1026652403E+000   0.9857465246E+000   0.6823925742E+000   0.9768988060E+000
 0.2727273   0.1130099419E+000   0.9983071431E+000   0.6919256395E+000   0.1005871735E+001
 0.2828283   0.1218946508E+000   0.9907476644E+000   0.7063743712E+000   0.1014866333E+001
 0.2929293   0.1339050488E+000   0.9898254245E+000   0.7327108931E+000   0.1025687687E+001
 0.3030303   0.1429268845E+000   0.9867038385E+000   0.7313496276E+000   0.9815555838E+000
 0.3131313   0.1571319459E+000   0.9976923165E+000   0.7470781242E+000   0.9914509949E+000
 0.3232323   0.1718441961E+000   0.1005798537E+001   0.7609961020E+000   0.9934149992E+000
 0.3333333   0.1867781684E+000   0.9995202908E+000   0.7923375317E+000   0.1025268210E+001
 0.3434343   0.2047767935E+000   0.1005103246E+001   0.8025725981E+000   0.1003985054E+001
 0.3535354   0.2259877697E+000   0.1003390810E+001   0.8151758195E+000   0.9559539378E+000
 0.3636364   0.2461517469E+000   0.1006147214E+001   0.8411869559E+000   0.1001814210E+001
 0.3737374   0.2732115761E+000   0.1009000587E+001   0.8587236067E+000   0.1005962589E+001
 0.3838384   0.2993868662E+000   0.1000737565E+001   0.8847096433E+000   0.9957288900E+000
 0.3939394   0.3316604073E+000   0.9965204322E+000   0.9025168958E+000   0.9739296027E+000
 0.4040404   0.3664783024E+000   0.9826620758E+000   0.9266467864E+000   0.9796824340E+000
 0.4141414   0.4115481837E+000   0.1028404762E+001   0.9521491028E+000   0.9836916317E+000
 0.4242424   0.4504921426E+000   0.9702541324E+000   0.9687794424E+000   0.9959840559E+000
 0.4343434   0.5127326062E+000   0.1001057357E+001   0.9962587395E+000   0.1000244553E+001
 0.4444444   0.5682813512E+000   0.1000409520E+001   0.1025651748E+001   0.9879965898E+000
 0.4545455   0.6271032068E+000   0.9952804632E+000   0.1072962144E+001   0.1002167963E+001
 0.4646465   0.7042307427E+000   0.9846468515E+000   0.1075452558E+001   0.9860654479E+000
 0.4747475   0.7918668943E+000   0.1016163936E+001   0.1119081755E+001   0.9901539016E+000
 0.4848485   0.8852657080E+000   0.9941828533E+000   0.1157415634E+001   0.1009780413E+001
 0.4949495   0.9892404375E+000   0.1020541996E+001   0.1171424380E+001   0.9654163402E+000
 0.5050505   0.1052071350E+001   0.1013209467E+001   0.1190484783E+001   0.9839042699E+000
 0.5151515   0.1035040959E+001   0.9764890517E+000   0.1200660555E+001   0.9856653013E+000
 0.5252525   0.1046790532E+001   0.1021359014E+001   0.1193872455E+001   0.1005790546E+001
 0.5353535   0.1045041967E+001   0.1001164642E+001   0.1194075374E+001   0.9818745411E+000
 0.5454545   0.1058725352E+001   0.1028446025E+001   0.1206319088E+001   0.9873683404E+000
 0.5555556   0.1057235634E+001   0.1001150200E+001   0.1197514413E+001   0.1008618634E+001
 0.5656566   0.1072473072E+001   0.1005404470E+001   0.1190677516E+001   0.1010101303E+001
 0.5757576   0.1080360245E+001   0.1010065186E+001   0.1199096983E+001   0.1002602905E+001
 0.5858586   0.1096196956E+001   0.1022392665E+001   0.1191431523E+001   0.9833804066E+000
 0.5959596   0.1102760807E+001   0.1005557145E+001   0.1192504924E+001   0.9952320897E+000
 0.6060606   0.1109987996E+001   0.9890826810E+000   0.1196142186E+001   0.9814511977E+000
 0.6161616   0.1135705455E+001   0.9955631183E+000   0.1195366397E+001   0.9854951907E+000
 0.6262626   0.1150118206E+001   0.9841620051E+000   0.1221200005E+001   0.1025579435E+001
 0.6363636   0.1172226676E+001   0.1010750160E+001   0.1216266939E+001   0.1031802003E+001
 0.6464646   0.1179994041E+001   0.1006450501E+001   0.1217281623E+001   0.1027460317E+001
 0.6565657   0.1197037189E+001   0.9953960010E+000   0.1207745838E+001   0.9925141862E+000
 0.6666667   0.1204927872E+001   0.9925323121E+000   0.1204803938E+001   0.9860905778E+000
 0.6767677   0.1234026096E+001   0.9839783824E+000   0.1219134843E+001   0.1002867736E+001
 0.6868687   0.1286162053E+001   0.1028984514E+001   0.1227707010E+001   0.9978533395E+000
 0.6969697   0.1299656855E+001   0.1007581121E+001   0.1231859931E+001   0.1004808544E+001
 0.7070707   0.1325379684E+001   0.1012025204E+001   0.1242515539E+001   0.1015780677E+001
 0.7171717   0.1347865984E+001   0.1009140883E+001   0.1238291573E+001   0.9980679108E+000
 0.7272727   0.1369913553E+001   0.9994914064E+000   0.1242875234E+001   0.1014717486E+001
 0.7373737   0.1418865334E+001   0.1003698223E+001   0.1234790217E+001   0.1002216290E+001
 0.7474747   0.1449499962E+001   0.1001080052E+001   0.1241635302E+001   0.1018461853E+001
 0.7575758   0.1501499795E+001   0.9955940660E+000   0.1257737617E+001   0.1008371201E+001
 0.7676768   0.1525281925E+001   0.9996750291E+000   0.1250179133E+001   0.9973758700E+000
 0.7777778   0.1571574679E+001   0.1001864059E+001   0.1260726566E+001   0.1007885999E+001
 0.7878788   0.1619322218E+001   0.9871742427E+000   0.1263979862E+001   0.1001325142E+001
 0.7979798   0.1657353733E+001   0.9986413777E+000   0.1276571672E+001   0.1027930054E+001
 0.8080808   0.1737457565E+001   0.9926395973E+000   0.1281596913E+001   0.1000076376E+001
 0.8181818   0.1751642075E+001   0.9731797166E+000   0.1276208150E+001   0.1006863402E+001
 0.8282828   0.1853511082E+001   0.1008521930E+001   0.1305090143E+001   0.1027676821E+001
 0.8383838   0.1901465239E+001   0.9968010242E+000   0.1283727667E+001   0.1004238286E+001
 0.8484848   0.1985562498E+001   0.9939992306E+000   0.1305968220E+001   0.1004644232E+001
 0.8585859   0.2032626090E+001   0.1002429370E+001   0.1303346474E+001   0.1008094771E+001
 0.8686869   0.2139358141E+001   0.9936113534E+000   0.1318661292E+001   0.1004798878E+001
 0.8787879   0.2215856621E+001   0.9950844614E+000   0.1323524151E+001   0.9963397417E+000
 0.8888889   0.2308758247E+001   0.9985815455E+000   0.1338262982E+001   0.1003646765E+001
 0.8989899   0.2371468857E+001   0.9966566019E+000   0.1326263475E+001   0.1009790078E+001
 0.9090909   0.2498968546E+001   0.1006646502E+001   0.1328965101E+001   0.1005690026E+001
 0.9191919   0.2594645450E+001   0.9870813998E+000   0.1352348791E+001   0.1005170029E+001
 0.9292929   0.2707536018E+001   0.9932399816E+000   0.1350752868E+001   0.9906758318E+000
 0.9393939   0.2823810255E+001   0.9993965002E+000   0.1369305785E+001   0.9970607787E+000
 0.9494949   0.2971027105E+001   0.1035427814E+001   0.1379839934E+001   0.1041053701E+001
 0.9595960   0.3103671912E+001   0.1020993832E+001   0.1372652104E+001   0.1018396128E+001
 0.9696970   0.3274976852E+001   0.9958251417E+000   0.1407322690E+001   0.1022733948E+001
 0.9797980   0.3427231240E+001   0.1021930514E+001   0.1410094200E+001   0.1022842201E+001
 0.9898990   0.3636530359E+001   0.9906733901E+000   0.1430559945E+001   0.1008525847E+001
 1.0000000   0.3734085570E+001   0.9874321398E+000   0.1438791108E+001   0.1005566309E+001


 0.0000000   0.1022654031E+001   0.1058224943E+001   0.8144114062E+000   0.1029184440E+001
 0.0101010   0.1013657772E+001   0.1054815806E+001   0.8122745504E+000   0.1029368515E+001
 0.0202020   0.1010383394E+001   0.1080640333E+001   0.8134455363E+000   0.1009072328E+001
 0.0303030   0.9992298944E+000   0.1043110685E+001   0.8118390199E+000   0.1007007237E+001
 0.0404040   0.9568602010E+000   0.1033488926E+001   0.8082465074E+000   0.9960797009E+000
 0.0505051   0.9210137234E+000   0.1080425962E+001   0.8013056612E+000   0.1022435023E+001
 0.0606061   0.8632253725E+000   0.1029979887E+001   0.7923647626E+000   0.1015491944E+001
 0.0707071   0.8276815648E+000   0.1018264359E+001   0.7985502390E+000   0.9915430191E+000
 0.0808081   0.7644788707E+000   0.1028348163E+001   0.7913249546E+000   0.1002926908E+001
 0.0909091   0.7247552677E+000   0.1058389365E+001   0.7977592356E+000   0.1026488508E+001
 0.1010101   0.6634701270E+000   0.1035472386E+001   0.7796896819E+000   0.9868874554E+000
 0.1111111   0.6104685964E+000   0.1029852929E+001   0.7749531924E+000   0.1008499011E+001
 0.1212121   0.5701086914E+000   0.1020560012E+001   0.7770169347E+000   0.9949215624E+000
 0.1313131   0.5274618530E+000   0.1008715445E+001   0.7786392316E+000   0.1008817308E+001
 0.1414141   0.4955150015E+000   0.1057126027E+001   0.7847659078E+000   0.1030116320E+001
 0.1515152   0.4594873271E+000   0.1023925442E+001   0.7734930828E+000   0.9957038811E+000
 0.1616162   0.4351131492E+000   0.1008890273E+001   0.7733939102E+000   0.1021457125E+001
 0.1717172   0.4171117514E+000   0.1016070690E+001   0.7749146637E+000   0.1022546235E+001
 0.1818182   0.4053991485E+000   0.9903731207E+000   0.7807654491E+000   0.1001325839E+001
 0.1919192   0.3968036718E+000   0.1002615212E+001   0.7844044793E+000   0.1017470750E+001
 0.2020202   0.3880975551E+000   0.9923066302E+000   0.7963737772E+000   0.1012339660E+001
 0.2121212   0.3970706161E+000   0.9957053611E+000   0.7901584431E+000   0.9948506168E+000
 0.2222222   0.3984956208E+000   0.9939987112E+000   0.8020631496E+000   0.1011810444E+001
 0.2323232   0.4015839441E+000   0.9698288018E+000   0.8169608021E+000   0.1016836075E+001
 0.2424242   0.4039277089E+000   0.9675935066E+000   0.8216449477E+000   0.9856909679E+000
 0.2525253   0.4104448824E+000   0.1005291739E+001   0.8238613498E+000   0.9805387852E+000
 0.2626263   0.4265088050E+000   0.1026450035E+001   0.8343560536E+000   0.1005385076E+001
 0.2727273   0.4362983888E+000   0.9862501042E+000   0.8442198373E+000   0.1005172239E+001
 0.2828283   0.4484249325E+000   0.9816463120E+000   0.8507892124E+000   0.1025255589E+001
 0.2929293   0.4606147825E+000   0.9755752170E+000   0.8587525697E+000   0.9817160983E+000
 0.3030303   0.4839305574E+000   0.9721681610E+000   0.8741329038E+000   0.1017695092E+001
 0.3131313   0.5005806871E+000   0.9471719832E+000   0.8785635583E+000   0.9960202601E+000
 0.3232323   0.5169635675E+000   0.9728820401E+000   0.8936412240E+000   0.1026076257E+001
 0.3333333   0.5438110538E+000   0.9666943935E+000   0.9000678385E+000   0.9998283117E+000
 0.3434343   0.5684580765E+000   0.9626483844E+000   0.9122971395E+000   0.1007252670E+001
 0.3535354   0.5949097740E+000   0.1003795298E+001   0.9257979861E+000   0.1007962126E+001
 0.3636364   0.6194809487E+000   0.9735293184E+000   0.9284186028E+000   0.1007825987E+001
 0.3737374   0.6566605357E+000   0.9691877674E+000   0.9419660539E+000   0.9959186353E+000
 0.3838384   0.6870771749E+000   0.9398583639E+000   0.9570559479E+000   0.9966626051E+000
 0.3939394   0.7312613452E+000   0.9807950683E+000   0.9687964300E+000   0.1011319577E+001
 0.4040404   0.7697993816E+000   0.1009479275E+001   0.9813534598E+000   0.9949234798E+000
 0.4141414   0.8114645568E+000   0.9779395515E+000   0.9966498729E+000   0.1032691452E+001
 0.4242424   0.8525856564E+000   0.9723929392E+000   0.1021596156E+001   0.1010916913E+001
 0.4343434   0.9073783918E+000   0.9768926675E+000   0.1023735624E+001   0.9875202133E+000
 0.4444444   0.9500291569E+000   0.9655538518E+000   0.1041518267E+001   0.1022831935E+001
 0.4545455   0.1001416018E+001   0.9922878987E+000   0.1043628258E+001   0.9985685484E+000
 0.4646465   0.1072837623E+001   0.9855445502E+000   0.1066118008E+001   0.1006209579E+001
 0.4747475   0.1130105611E+001   0.9749820521E+000   0.1085285194E+001   0.1009149026E+001
 0.4848485   0.1205768233E+001   0.9739622247E+000   0.1106505868E+001   0.9978801846E+000
 0.4949495   0.1277867646E+001   0.9992227250E+000   0.1116794884E+001   0.1014550477E+001
 0.5050505   0.1328346716E+001   0.9786097238E+000   0.1137070282E+001   0.1005061027E+001
 0.5151515   0.1315050778E+001   0.9673874599E+000   0.1124608749E+001   0.9934988160E+000
 0.5252525   0.1331350075E+001   0.9972246958E+000   0.1112957672E+001   0.1007047503E+001
 0.5353535   0.1319148666E+001   0.1003976369E+001   0.1123019498E+001   0.1005154982E+001
 0.5454545   0.1315293759E+001   0.9909059285E+000   0.1124506804E+001   0.9956060913E+000
 0.5555556   0.1317707820E+001   0.1013874939E+001   0.1135347322E+001   0.9916619008E+000
 0.5656566   0.1328649046E+001   0.1002465360E+001   0.1122492873E+001   0.1002721741E+001
 0.5757576   0.1321240548E+001   0.1002941973E+001   0.1123696409E+001   0.1011785517E+001
 0.5858586   0.1330742374E+001   0.1004561209E+001   0.1131506170E+001   0.1004313222E+001
 0.5959596   0.1330106934E+001   0.9998221338E+000   0.1120213163E+001   0.9979146986E+000
 0.6060606   0.1304897487E+001   0.9820271863E+000   0.1123006793E+001   0.9956003390E+000
 0.6161616   0.1316876286E+001   0.1000677540E+001   0.1116361931E+001   0.1000422721E+001
 0.6262626   0.1325185201E+001   0.9859545624E+000   0.1129590039E+001   0.9708997743E+000
 0.6363636   0.1314157088E+001   0.1004013833E+001   0.1128836882E+001   0.1015708616E+001
 0.6464646   0.1320492663E+001   0.1011371159E+001   0.1131209686E+001   0.9809050178E+000
 0.6565657   0.1317419427E+001   0.9737353651E+000   0.1122237726E+001   0.9967814869E+000
 0.6666667   0.1310137646E+001   0.9554679670E+000   0.1123065188E+001   0.1018998956E+001
 0.6767677   0.1332069526E+001   0.1015775148E+001   0.1119709434E+001   0.1009231477E+001
 0.6868687   0.1330101415E+001   0.1023378065E+001   0.1129974147E+001   0.1062906597E+001
 0.6969697   0.1313968044E+001   0.1004634054E+001   0.1131038355E+001   0.1017959700E+001
 0.7070707   0.1303089054E+001   0.9793652286E+000   0.1127235556E+001   0.9849163189E+000
 0.7171717   0.1328497761E+001   0.9910786748E+000   0.1131101605E+001   0.9725372749E+000
 0.7272727   0.1314160347E+001   0.1012224484E+001   0.1123219467E+001   0.1002926908E+001
 0.7373737   0.1316939405E+001   0.1002307183E+001   0.1128064603E+001   0.9829432650E+000
 0.7474747   0.1314283125E+001   0.1009597908E+001   0.1122692279E+001   0.9924461371E+000
 0.7575758   0.1316432482E+001   0.1002975274E+001   0.1121740506E+001   0.9873169638E+000
 0.7676768   0.1311279977E+001   0.9877569512E+000   0.1120768075E+001   0.9723551173E+000
 0.7777778   0.1320522798E+001   0.9921151524E+000   0.1132968994E+001   0.9905075972E+000
 0.7878788   0.1317646764E+001   0.9997180698E+000   0.1125217957E+001   0.9963999148E+000
 0.7979798   0.1311752408E+001   0.9890993771E+000   0.1126198292E+001   0.9721231061E+000
 0.8080808   0.1318914501E+001   0.9977616662E+000   0.1133769603E+001   0.9804103162E+000
 0.8181818   0.1325714470E+001   0.1021775480E+001   0.1126070644E+001   0.9911902087E+000
 0.8282828   0.1315774496E+001   0.1003451887E+001   0.1124110466E+001   0.9945917613E+000
 0.8383838   0.1317845007E+001   0.9957469867E+000   0.1127863281E+001   0.9809146050E+000
 0.8484848   0.1307263684E+001   0.1003707884E+001   0.1113456244E+001   0.9871980820E+000
 0.8585859   0.1315674124E+001   0.9894531948E+000   0.1125740726E+001   0.9696841123E+000
 0.8686869   0.1301112054E+001   0.9817441321E+000   0.1120495478E+001   0.9724835864E+000
 0.8787879   0.1322385057E+001   0.1009666590E+001   0.1127176757E+001   0.9626394085E+000
 0.8888889   0.1302088689E+001   0.9877194882E+000   0.1128032253E+001   0.9883217065E+000
 0.8989899   0.1307611937E+001   0.9812196495E+000   0.1120441054E+001   0.9690206753E+000
 0.9090909   0.1306161582E+001   0.9768406355E+000   0.1121036739E+001   0.9711586298E+000
 0.9191919   0.1320968084E+001   0.9995744614E+000   0.1126934590E+001   0.9809702110E+000
 0.9292929   0.1318822434E+001   0.1003453968E+001   0.1121639120E+001   0.9917194243E+000
 0.9393939   0.1307348177E+001   0.1017573374E+001   0.1124180589E+001   0.9936541293E+000
 0.9494949   0.1309383686E+001   0.1016405776E+001   0.1123757516E+001   0.9768994690E+000
 0.9595960   0.1322798115E+001   0.9966689940E+000   0.1122057659E+001   0.9775897503E+000
 0.9696970   0.1311161844E+001   0.9826037009E+000   0.1128741212E+001   0.9679699139E+000
 0.9797980   0.1311295079E+001   0.1001720262E+001   0.1122812184E+001   0.9821762858E+000
 0.9898990   0.1318704539E+001   0.1027605146E+001   0.1136868369E+001   0.1029249633E+001
 1.0000000   0.1322694178E+001   0.1029338853E+001   0.1128497235E+001   0.1014763314E+001


