#   100 bins for weightfunction of cd                      
 0.0000000    0.3302195740E+001    0.1779652405E+001
 0.0101010    0.3313127136E+001    0.1783337402E+001
 0.0202020    0.3333798218E+001    0.1793226624E+001
 0.0303030    0.3340225220E+001    0.1750039673E+001
 0.0404040    0.3388499451E+001    0.1762326050E+001
 0.0505051    0.3458541870E+001    0.1769354248E+001
 0.0606061    0.3536988831E+001    0.1766036987E+001
 0.0707071    0.3581297302E+001    0.1770317078E+001
 0.0808081    0.3698175049E+001    0.1780026245E+001
 0.0909091    0.3752595520E+001    0.1783197021E+001
 0.1010101    0.3854644775E+001    0.1784640503E+001
 0.1111111    0.3922973633E+001    0.1791395569E+001
 0.1212121    0.3993925476E+001    0.1782815552E+001
 0.1313131    0.4028143311E+001    0.1774212646E+001
 0.1414141    0.4066314697E+001    0.1774967957E+001
 0.1515152    0.4092361450E+001    0.1751135254E+001
 0.1616162    0.4062084961E+001    0.1738940430E+001
 0.1717172    0.4117716980E+001    0.1750469971E+001
 0.1818182    0.4077133179E+001    0.1716000366E+001
 0.1919192    0.4065742493E+001    0.1705033875E+001
 0.2020202    0.4031773376E+001    0.1698316956E+001
 0.2121212    0.4008485413E+001    0.1670750427E+001
 0.2222222    0.3940443420E+001    0.1662164307E+001
 0.2323232    0.3887574768E+001    0.1646180725E+001
 0.2424242    0.3820532227E+001    0.1644380188E+001
 0.2525253    0.3747268677E+001    0.1630796814E+001
 0.2626263    0.3687518311E+001    0.1625022888E+001
 0.2727273    0.3606106567E+001    0.1602949524E+001
 0.2828283    0.3546380615E+001    0.1595669556E+001
 0.2929293    0.3437086487E+001    0.1560556030E+001
 0.3030303    0.3338804626E+001    0.1550820923E+001
 0.3131313    0.3289593506E+001    0.1552380371E+001
 0.3232323    0.3192481995E+001    0.1519586182E+001
 0.3333333    0.3099189758E+001    0.1499812317E+001
 0.3434343    0.3019450378E+001    0.1468363953E+001
 0.3535354    0.2901902771E+001    0.1462901306E+001
 0.3636364    0.2818702698E+001    0.1460458374E+001
 0.3737374    0.2732936096E+001    0.1422702026E+001
 0.3838384    0.2605221558E+001    0.1412644958E+001
 0.3939394    0.2510211182E+001    0.1409529114E+001
 0.4040404    0.2406063843E+001    0.1378309631E+001
 0.4141414    0.2293963623E+001    0.1340751648E+001
 0.4242424    0.2191711426E+001    0.1334808350E+001
 0.4343434    0.2077362061E+001    0.1319303894E+001
 0.4444444    0.1989796448E+001    0.1310127258E+001
 0.4545455    0.1844712830E+001    0.1261750793E+001
 0.4646465    0.1753482056E+001    0.1240722656E+001
 0.4747475    0.1644221497E+001    0.1223341370E+001
 0.4848485    0.1511210632E+001    0.1208325195E+001
 0.4949495    0.1392692566E+001    0.1187498474E+001
 0.5050505    0.1343025208E+001    0.1177990723E+001
 0.5151515    0.1336640930E+001    0.1173493958E+001
 0.5252525    0.1344705200E+001    0.1165769958E+001
 0.5353535    0.1351992798E+001    0.1172082520E+001
 0.5454545    0.1319737244E+001    0.1202682495E+001
 0.5555556    0.1332302856E+001    0.1184535217E+001
 0.5656566    0.1313752747E+001    0.1185238647E+001
 0.5757576    0.1285600281E+001    0.1177058411E+001
 0.5858586    0.1299153137E+001    0.1195832825E+001
 0.5959596    0.1269187927E+001    0.1142637634E+001
 0.6060606    0.1232598877E+001    0.1161000061E+001
 0.6161616    0.1265887451E+001    0.1180043030E+001
 0.6262626    0.1236790466E+001    0.1179313660E+001
 0.6363636    0.1233796692E+001    0.1169982910E+001
 0.6464646    0.1233190918E+001    0.1153947449E+001
 0.6565657    0.1192295837E+001    0.1154481506E+001
 0.6666667    0.1155081177E+001    0.1152452087E+001
 0.6767677    0.1174015808E+001    0.1159994507E+001
 0.6868687    0.1137677002E+001    0.1166529846E+001
 0.6969697    0.1103387451E+001    0.1151922607E+001
 0.7070707    0.1089765930E+001    0.1152667236E+001
 0.7171717    0.1052014160E+001    0.1133412170E+001
 0.7272727    0.1057739258E+001    0.1145030212E+001
 0.7373737    0.1013706970E+001    0.1142999268E+001
 0.7474747    0.9925399780E+000    0.1132116699E+001
 0.7575758    0.9548263550E+000    0.1126275635E+001
 0.7676768    0.9253631592E+000    0.1129689026E+001
 0.7777778    0.8828872681E+000    0.1104586792E+001
 0.7878788    0.8652023315E+000    0.1116664124E+001
 0.7979798    0.8431808472E+000    0.1119448853E+001
 0.8080808    0.8015914917E+000    0.1109040833E+001
 0.8181818    0.7712219238E+000    0.1112428284E+001
 0.8282828    0.7198623657E+000    0.1096792603E+001
 0.8383838    0.7062606812E+000    0.1102632141E+001
 0.8484848    0.6536636353E+000    0.1106974792E+001
 0.8585859    0.6095291138E+000    0.1081385803E+001
 0.8686869    0.5795791626E+000    0.1076354980E+001
 0.8787879    0.5518722534E+000    0.1092314148E+001
 0.8888889    0.5055282593E+000    0.1086511230E+001
 0.8989899    0.4453735352E+000    0.1062945557E+001
 0.9090909    0.3978454590E+000    0.1055110168E+001
 0.9191919    0.3565734863E+000    0.1051866150E+001
 0.9292929    0.3256652832E+000    0.1051327515E+001
 0.9393939    0.2866363525E+000    0.1066224670E+001
 0.9494949    0.2383987427E+000    0.1058961487E+001
 0.9595960    0.1753280640E+000    0.1028048706E+001
 0.9696970    0.1307617187E+000    0.1038108826E+001
 0.9797980    0.6846160889E-001    0.1023611450E+001
 0.9898990    0.1437225342E-001    0.1012004089E+001
 1.0000000    0.0000000000E+000    0.1020956421E+001


#   100 bins for weightfunction of Ar                      
 0.0000000    0.1837147522E+001    0.3053070068E+000
 0.0101010    0.1823684692E+001    0.2937377930E+000
 0.0202020    0.1836843872E+001    0.3030395508E+000
 0.0303030    0.1833253479E+001    0.2691543579E+000
 0.0404040    0.1889802551E+001    0.2956588745E+000
 0.0505051    0.1926184082E+001    0.2973251343E+000
 0.0606061    0.1982434082E+001    0.3054458618E+000
 0.0707071    0.2041824341E+001    0.3057464600E+000
 0.0808081    0.2111463928E+001    0.3084197998E+000
 0.0909091    0.2181668091E+001    0.3126190186E+000
 0.1010101    0.2263969421E+001    0.3262329102E+000
 0.1111111    0.2348336792E+001    0.3164932251E+000
 0.1212121    0.2440875244E+001    0.3340789795E+000
 0.1313131    0.2506710815E+001    0.3013259888E+000
 0.1414141    0.2578927612E+001    0.3144271851E+000
 0.1515152    0.2645956421E+001    0.3229049683E+000
 0.1616162    0.2703309631E+001    0.3147338867E+000
 0.1717172    0.2739099121E+001    0.3113723755E+000
 0.1818182    0.2774172974E+001    0.2949874878E+000
 0.1919192    0.2796755981E+001    0.2979934692E+000
 0.2020202    0.2809291077E+001    0.2918304443E+000
 0.2121212    0.2811820984E+001    0.2864791870E+000
 0.2222222    0.2797656250E+001    0.2880203247E+000
 0.2323232    0.2786625671E+001    0.2758316040E+000
 0.2424242    0.2768875122E+001    0.2668167114E+000
 0.2525253    0.2755827332E+001    0.2659072876E+000
 0.2626263    0.2731137085E+001    0.2454788208E+000
 0.2727273    0.2709576416E+001    0.2407287598E+000
 0.2828283    0.2659655762E+001    0.2434997559E+000
 0.2929293    0.2613259888E+001    0.2294113159E+000
 0.3030303    0.2589514160E+001    0.2294982910E+000
 0.3131313    0.2549987793E+001    0.2187103271E+000
 0.3232323    0.2504486084E+001    0.1981231689E+000
 0.3333333    0.2469372559E+001    0.1998794556E+000
 0.3434343    0.2412779236E+001    0.1812469482E+000
 0.3535354    0.2370365906E+001    0.1916336060E+000
 0.3636364    0.2315602112E+001    0.1695373535E+000
 0.3737374    0.2266055298E+001    0.1499435425E+000
 0.3838384    0.2224549866E+001    0.1528839111E+000
 0.3939394    0.2170402527E+001    0.1530838013E+000
 0.4040404    0.2093559265E+001    0.1327224731E+000
 0.4141414    0.2075674438E+001    0.1121551514E+000
 0.4242424    0.1987709045E+001    0.1140090942E+000
 0.4343434    0.1942050171E+001    0.9402160645E-001
 0.4444444    0.1881207275E+001    0.8544006348E-001
 0.4545455    0.1831365967E+001    0.8131561279E-001
 0.4646465    0.1756983948E+001    0.5946655273E-001
 0.4747475    0.1697866821E+001    0.4597930908E-001
 0.4848485    0.1660508728E+001    0.3672943115E-001
 0.4949495    0.1573251343E+001    0.3528289795E-001
 0.5050505    0.1550500488E+001    0.1703796387E-001
 0.5151515    0.1554374695E+001    0.1796417236E-001
 0.5252525    0.1557867432E+001    0.2172851563E-001
 0.5353535    0.1554388428E+001    0.2662658691E-001
 0.5454545    0.1557025146E+001    0.1226348877E-001
 0.5555556    0.1559739685E+001    0.1845550537E-001
 0.5656566    0.1548744202E+001    0.1649322510E-001
 0.5757576    0.1562733459E+001    0.2163391113E-001
 0.5858586    0.1553741455E+001    0.3034057617E-001
 0.5959596    0.1556443787E+001    0.3374176025E-001
 0.6060606    0.1545004272E+001    0.1978912354E-001
 0.6161616    0.1564360046E+001    0.2608947754E-001
 0.6262626    0.1558317566E+001    0.2339782715E-001
 0.6363636    0.1564953613E+001    0.2254791260E-001
 0.6464646    0.1559629822E+001    0.5928039551E-002
 0.6565657    0.1552842712E+001    0.3034667969E-001
 0.6666667    0.1557614136E+001    0.2159423828E-001
 0.6767677    0.1539459229E+001    0.1616821289E-001
 0.6868687    0.1566593933E+001    0.9403991699E-002
 0.6969697    0.1559124756E+001    0.1893463135E-001
 0.7070707    0.1559111023E+001    0.2192687988E-001
 0.7171717    0.1560626221E+001    0.1910095215E-001
 0.7272727    0.1556138611E+001    0.1457672119E-001
 0.7373737    0.1564164734E+001    0.2382202148E-001
 0.7474747    0.1553819275E+001    0.1566772461E-001
 0.7575758    0.1564663696E+001    0.2705841064E-001
 0.7676768    0.1564836121E+001    0.1506347656E-001
 0.7777778    0.1559027100E+001    0.1717681885E-001
 0.7878788    0.1564053345E+001    0.1998596191E-001
 0.7979798    0.1555204773E+001    0.9117126465E-002
 0.8080808    0.1563301086E+001    0.2045898438E-001
 0.8181818    0.1566767883E+001    0.2009429932E-001
 0.8282828    0.1554673767E+001    0.8917236328E-002
 0.8383838    0.1564494324E+001    0.1899871826E-001
 0.8484848    0.1566555786E+001    0.1986389160E-001
 0.8585859    0.1560171509E+001    0.2273101807E-001
 0.8686869    0.1546690369E+001    0.4785156250E-002
 0.8787879    0.1556074524E+001    0.1055908203E-001
 0.8888889    0.1555450439E+001    0.1604309082E-001
 0.8989899    0.1558024597E+001    0.8912658691E-002
 0.9090909    0.1554827881E+001    0.1582031250E-001
 0.9191919    0.1554437256E+001    0.1234588623E-001
 0.9292929    0.1561512756E+001    0.2027740479E-001
 0.9393939    0.1573614502E+001    0.2581481934E-001
 0.9494949    0.1548095703E+001    0.1333618164E-002
 0.9595960    0.1553958130E+001    0.1097106934E-001
 0.9696970    0.1564994812E+001    0.1865692139E-001
 0.9797980    0.1551623535E+001    0.0000000000E+000
 0.9898990    0.1560467529E+001    0.1346588135E-001
 1.0000000    0.1555177307E+001    0.1500396729E-001


