Compiled using GNU Fortran (Ubuntu 9.4.0-1ubuntu1~20.04.2) 9.4.0 with all optimizations
Last Brick update unknown
Compiled at 18:43:37 on Sep  2 2023
Starting at 16:56:20 on Sep 11 2023

Settings
OK                      

Forcefield
OK                      

Topology
OK                      

Configuration
OK                      Read from ./INPUT/restart.in

 F
Monte Carlo Simulation initialized.

#########################################################################################################################
###########################################   ENERGY STARTING CONFIGURATION   ###########################################
#########################################################################################################################
                                               Box 1               Box 2
-------------------------------------------------------------------------------------------------------------------------
Lennard Jones        
 Intermolecular                         -0.4531918727E+006  -0.8222469845E+005
 Tailcorrection                         -0.1123668440E+005  -0.2000990985E+004
Total Intermolecular                    -0.4644285571E+006  -0.8422568944E+005

Electrostatic        
 Real                                   -0.1234893639E+006  -0.9225069843E+004
 Exclusion                               0.7725958167E+007   0.3026781232E+007
 Selfterm                               -0.7750773169E+007  -0.3029833382E+007
 Fourier                                 0.1228334967E+005   0.2970068650E+004
Total Intermolecular                    -0.1360210163E+006  -0.9307151899E+004

Intramolecular       
 Lennard Jones                           0.0000000000E+000   0.0000000000E+000
 Electrostatic                           0.0000000000E+000   0.0000000000E+000
 Bending                                 0.0000000000E+000   0.0000000000E+000
 Torsion                                 0.0000000000E+000   0.0000000000E+000

Total                                   -0.6004495734E+006  -0.9353284134E+005

#########################################################################################################################

Simulation is running...



#########################################################################################################################
###############################################   RELATIVE ENERGY DRIFTS   ##############################################
#########################################################################################################################
                                               Box 1               Box 2                                                 
-------------------------------------------------------------------------------------------------------------------------

Lennard Jones        
 Intermolecular                          0.2239683963E-014   0.2501583658E-014
 Tailcorrection                          0.0000000000E+000   0.0000000000E+000

Electrostatic        
 Real                                    0.5562827449E-014   0.8903901957E-015
 Exclusion                               0.1117868717E-015   0.0000000000E+000
 Selfterm                                0.0000000000E+000   0.0000000000E+000
 Fourier                                 0.3556483186E-015   0.1850909621E-015

Intramolecular       
 Lennard Jones                           0.0000000000E+000   0.0000000000E+000
 Electrostatic                           0.0000000000E+000   0.0000000000E+000
 Bending                                 0.0000000000E+000   0.0000000000E+000
 Torsion                                 0.0000000000E+000   0.0000000000E+000

Total                                    0.3060974430E-014   0.1133614531E-013

#########################################################################################################################
############################################   TRIAL MOVE ACCEPTANCE RATES   ############################################
#########################################################################################################################
                                               Box 1               Box 2
-------------------------------------------------------------------------------------------------------------------------
Translation
 CO2                                          0.50447             0.51595
 AR                                           0.52152             0.51588
-------------------------------------------------------------------------------------------------------------------------
Rotation
 CO2                                          0.49819             0.67555
 AR                                           0.00000             0.00000
-------------------------------------------------------------------------------------------------------------------------
Lambda Move
 cd                                           0.75442             0.92759
 Ar                                           0.83347             0.95695
-------------------------------------------------------------------------------------------------------------------------
GE Swap Fractional
 cd                                           0.34620             0.39001
 Ar                                           0.41482             0.49201
-------------------------------------------------------------------------------------------------------------------------
GE Identity Change
 cd                                           0.71285             0.85495
 Ar                                           0.79165             0.98835
-------------------------------------------------------------------------------------------------------------------------
Volume                                        0.52168             0.49300

#########################################################################################################################
######################################################   AVERAGES   #####################################################
#########################################################################################################################
                                                       Boltzmann                                    Biased
                                               Box 1               Box 2                  Box 1               Box 2      
-------------------------------------------------------------------------------------------------------------------------
Density
 CO2                                     0.8738291674E+003   0.7757321887E+002      0.8724401237E+003   0.7759892851E+002
 AR                                      0.1093899062E+003   0.1151722103E+003      0.1096511831E+003   0.1153151721E+003
 Total                                   0.9832190736E+003   0.1927454292E+003      0.9820913068E+003   0.1929141006E+003

Number of molecules
 CO2                                     0.4672536728E+003   0.1777463272E+003      0.4675830700E+003   0.1774169300E+003
 AR                                      0.6461221573E+002   0.2903877843E+003      0.6490865000E+002   0.2900913500E+003
 Total                                   0.5318658886E+003   0.4681341114E+003      0.5324917200E+003   0.4675082800E+003

Mole fractions
 CO2                                          0.87852             0.37969                 0.87810             0.37949
 AR                                           0.12148             0.62031                 0.12190             0.62051

Volume                                   0.3911167196E+005   0.1679252758E+006      0.3920108894E+005   0.1675582141E+006

#########################################################################################################################
#######################################   PROPERTIES FROM THE CFC GIBBS ENSEMBLE   ######################################
#########################################################################################################################
                                                       Boltzmann                                    Biased
                                               Box 1               Box 2                  Box 1               Box 2      
Chemical Potentials (as an indication)
=========================================================================================================================

Total cd                                -0.1945530529E+004  -0.1946850504E+004     -0.1945933019E+004  -0.1946766667E+004
 Ideal gas                              -0.1119886673E+004  -0.1732567322E+004     -0.1120289163E+004  -0.1732483486E+004
 Excess                                 -0.8256438560E+003  -0.2142831814E+003     -0.8256438560E+003  -0.2142831814E+003

-------------------------------------------------------------------------------------------------------------------------

Total Ar                                -0.1683955100E+004  -0.1684871712E+004     -0.1683351533E+004  -0.1684557861E+004
 Ideal gas                              -0.1621112057E+004  -0.1608080061E+004     -0.1620508490E+004  -0.1607766210E+004
 Excess                                 -0.6284304299E+002  -0.7679165142E+002     -0.6284304299E+002  -0.7679165142E+002

-------------------------------------------------------------------------------------------------------------------------

#########################################################################################################################
#########################################   PROPERTIES FROM UMBRELLA SAMPLING   #########################################
#########################################################################################################################

Excess Partial Molar Enthalpy
=========================================================================================================================


Partial Molar Volume
=========================================================================================================================


#########################################################################################################################
##################################################   AVERAGE ENERGIES   #################################################
#########################################################################################################################
                                                       Boltzmann                                    Biased
                                               Box 1               Box 2                  Box 1               Box 2      
-------------------------------------------------------------------------------------------------------------------------
Lennard Jones        
 Intermolecular                         -0.5044256779E+006  -0.6658490888E+005     -0.5044443922E+006  -0.6642832973E+005
 Tailcorrection                         -0.1242938152E+005  -0.1553121398E+004     -0.1243267337E+005  -0.1549654093E+004
Total Intermolecular                    -0.5168550594E+006  -0.6813803028E+005     -0.5168770656E+006  -0.6797798382E+005

Electrostatic        
 Real                                   -0.1382390654E+006  -0.7309408071E+004     -0.1380569076E+006  -0.7296242082E+004
 Exclusion                               0.8558331134E+007   0.2414126769E+007      0.8562218995E+007   0.2409162373E+007
 Selfterm                               -0.8585820079E+007  -0.2416561250E+007     -0.8589720242E+007  -0.2411591813E+007
 Fourier                                 0.1381071392E+005   0.2338911924E+004      0.1383728673E+005   0.2334162407E+004
Total Intermolecular                    -0.1519172960E+006  -0.7404976768E+004     -0.1517208676E+006  -0.7391519731E+004

Intramolecular       
 Lennard Jones                           0.0000000000E+000   0.0000000000E+000      0.0000000000E+000   0.0000000000E+000
 Electrostatic                           0.0000000000E+000   0.0000000000E+000      0.0000000000E+000   0.0000000000E+000
 Bending                                 0.0000000000E+000   0.0000000000E+000      0.0000000000E+000   0.0000000000E+000
 Torsion                                 0.0000000000E+000   0.0000000000E+000      0.0000000000E+000   0.0000000000E+000

Total                                   -0.6687723554E+006  -0.7554300705E+005     -0.6685979333E+006  -0.7536950356E+005

#########################################################################################################################

No errors found in bookkeeping.

Total simulation time:  16 hours and  37 minutes

Simulation finished.

