 0.0000000   0.1556650450E+000   0.1006837269E+001   0.4768021894E+000   0.9798601473E+000
 0.0101010   0.1558785559E+000   0.1022017609E+001   0.4744407551E+000   0.9802551959E+000
 0.0202020   0.1527891849E+000   0.1005871705E+001   0.4780775890E+000   0.9802110974E+000
 0.0303030   0.1479683810E+000   0.1018048307E+001   0.4674859059E+000   0.9828551668E+000
 0.0404040   0.1434243420E+000   0.1013384323E+001   0.4727355843E+000   0.9840127511E+000
 0.0505051   0.1376108049E+000   0.1033075729E+001   0.4728425937E+000   0.9981573280E+000
 0.0606061   0.1290375172E+000   0.1023909417E+001   0.4679396208E+000   0.9869214111E+000
 0.0707071   0.1208054684E+000   0.1009891251E+001   0.4682221673E+000   0.9765784878E+000
 0.0808081   0.1109070746E+000   0.9846969989E+000   0.4566035708E+000   0.9595950734E+000
 0.0909091   0.1049211413E+000   0.9953291347E+000   0.4609443705E+000   0.9744342008E+000
 0.1010101   0.9922470388E-001   0.1006540173E+001   0.4656491516E+000   0.9762293751E+000
 0.1111111   0.9197567822E-001   0.9826260589E+000   0.4607286653E+000   0.9643319816E+000
 0.1212121   0.8740898688E-001   0.9804589994E+000   0.4617441692E+000   0.9725048938E+000
 0.1313131   0.8428737681E-001   0.9757862772E+000   0.4684330128E+000   0.9728172578E+000
 0.1414141   0.8154905954E-001   0.9788227820E+000   0.4735433286E+000   0.9775817275E+000
 0.1515152   0.8093576424E-001   0.9804262313E+000   0.4675360171E+000   0.9693941158E+000
 0.1616162   0.8081187951E-001   0.9698028336E+000   0.4845787404E+000   0.9805804219E+000
 0.1717172   0.8099102640E-001   0.9625086685E+000   0.4927758853E+000   0.9857822013E+000
 0.1818182   0.8293158886E-001   0.9591313761E+000   0.4935516171E+000   0.9626378662E+000
 0.1919192   0.8710703317E-001   0.9825124630E+000   0.5059466845E+000   0.9688024616E+000
 0.2020202   0.8720344492E-001   0.9498470989E+000   0.5138215486E+000   0.9736349165E+000
 0.2121212   0.9177783355E-001   0.9867832306E+000   0.5254819227E+000   0.9813852186E+000
 0.2222222   0.9604911486E-001   0.9650820517E+000   0.5315708576E+000   0.9630604763E+000
 0.2323232   0.1014089812E+000   0.9807801261E+000   0.5569101571E+000   0.9945633046E+000
 0.2424242   0.1085885472E+000   0.9838865361E+000   0.5635344615E+000   0.9818794887E+000
 0.2525253   0.1143891400E+000   0.9616479614E+000   0.5736640492E+000   0.9779657515E+000
 0.2626263   0.1240266868E+000   0.9914013393E+000   0.5821902212E+000   0.9722384657E+000
 0.2727273   0.1333895613E+000   0.9942193905E+000   0.5996285953E+000   0.9761595526E+000
 0.2828283   0.1424958828E+000   0.9730075477E+000   0.6263991273E+000   0.9957594749E+000
 0.2929293   0.1550892588E+000   0.9890180107E+000   0.6339827667E+000   0.9795330838E+000
 0.3030303   0.1665724673E+000   0.9696521007E+000   0.6486262147E+000   0.9709779850E+000
 0.3131313   0.1798681004E+000   0.9707465531E+000   0.6783054595E+000   0.9781329581E+000
 0.3232323   0.1975656082E+000   0.9981187870E+000   0.6932130649E+000   0.9874836663E+000
 0.3333333   0.2169475693E+000   0.1004296654E+001   0.7061436748E+000   0.9619451531E+000
 0.3434343   0.2344623835E+000   0.9926050186E+000   0.7355530250E+000   0.9955022340E+000
 0.3535354   0.2550996212E+000   0.9837773093E+000   0.7638594985E+000   0.9857950633E+000
 0.3636364   0.2784985924E+000   0.9801313190E+000   0.7788827630E+000   0.9786658143E+000
 0.3737374   0.3102341573E+000   0.1005637959E+001   0.8010943134E+000   0.9822451383E+000
 0.3838384   0.3360372583E+000   0.9855249380E+000   0.8381678365E+000   0.9796635417E+000
 0.3939394   0.3702632016E+000   0.9818920549E+000   0.8620406168E+000   0.1000512920E+001
 0.4040404   0.4121597200E+000   0.9913379878E+000   0.8911438622E+000   0.1002622296E+001
 0.4141414   0.4574839017E+000   0.1012403467E+001   0.9161487715E+000   0.9846632032E+000
 0.4242424   0.5008151076E+000   0.1003650032E+001   0.9437630076E+000   0.9894221606E+000
 0.4343434   0.5536445409E+000   0.9917836331E+000   0.9851463450E+000   0.9935233162E+000
 0.4444444   0.6113993634E+000   0.9897891519E+000   0.1011470580E+001   0.9892016684E+000
 0.4545455   0.6728575721E+000   0.9881179820E+000   0.1053968131E+001   0.9927424062E+000
 0.4646465   0.7506834633E+000   0.9965677665E+000   0.1081206702E+001   0.9885640783E+000
 0.4747475   0.8378587967E+000   0.1008840489E+001   0.1131819967E+001   0.1001938770E+001
 0.4848485   0.9353123631E+000   0.9985272952E+000   0.1175274361E+001   0.1009542077E+001
 0.4949495   0.1041664047E+001   0.1022539713E+001   0.1202671007E+001   0.1001885484E+001
 0.5050505   0.1105886153E+001   0.1019592774E+001   0.1237856170E+001   0.1004323761E+001
 0.5151515   0.1092924788E+001   0.1011014102E+001   0.1236137351E+001   0.1002298907E+001
 0.5252525   0.1103469058E+001   0.1000558913E+001   0.1245306927E+001   0.1013463164E+001
 0.5353535   0.1123395548E+001   0.1009126663E+001   0.1240469024E+001   0.1014550926E+001
 0.5454545   0.1081608552E+001   0.9771297668E+000   0.1239585523E+001   0.9973506939E+000
 0.5555556   0.1117382265E+001   0.1014122696E+001   0.1245579841E+001   0.1014065843E+001
 0.5656566   0.1115164292E+001   0.1009128848E+001   0.1231307739E+001   0.9933910208E+000
 0.5757576   0.1130300389E+001   0.1008687571E+001   0.1244623405E+001   0.1013465001E+001
 0.5858586   0.1152692620E+001   0.1010623070E+001   0.1259802498E+001   0.1020862516E+001
 0.5959596   0.1160637291E+001   0.1000211572E+001   0.1243846242E+001   0.1017545945E+001
 0.6060606   0.1170819310E+001   0.1007621518E+001   0.1243661230E+001   0.1000753624E+001
 0.6161616   0.1183536479E+001   0.1017528388E+001   0.1267389705E+001   0.1029448851E+001
 0.6262626   0.1198995529E+001   0.1011638879E+001   0.1257811279E+001   0.9993351240E+000
 0.6363636   0.1192975886E+001   0.9998795228E+000   0.1265593992E+001   0.1015559678E+001
 0.6464646   0.1233577380E+001   0.1007348451E+001   0.1252662827E+001   0.1004329273E+001
 0.6565657   0.1229267926E+001   0.9990144467E+000   0.1267959228E+001   0.1016967153E+001
 0.6666667   0.1253313379E+001   0.1010644915E+001   0.1270445204E+001   0.1008318345E+001
 0.6767677   0.1272277792E+001   0.1006738965E+001   0.1274024067E+001   0.1007493337E+001
 0.6868687   0.1307878231E+001   0.1026277454E+001   0.1272433480E+001   0.9964613752E+000
 0.6969697   0.1324340224E+001   0.9957354584E+000   0.1292620876E+001   0.1021075659E+001
 0.7070707   0.1343862179E+001   0.9969959356E+000   0.1276330667E+001   0.1008441453E+001
 0.7171717   0.1387719313E+001   0.1012549831E+001   0.1299538457E+001   0.1021105057E+001
 0.7272727   0.1406660063E+001   0.1002184208E+001   0.1304228812E+001   0.1021290638E+001
 0.7373737   0.1430921491E+001   0.9940468122E+000   0.1300352183E+001   0.1014014395E+001
 0.7474747   0.1478577483E+001   0.1012176275E+001   0.1304301298E+001   0.1016147657E+001
 0.7575758   0.1496355093E+001   0.1003438132E+001   0.1309150252E+001   0.1015938189E+001
 0.7676768   0.1545548642E+001   0.1008871072E+001   0.1329862169E+001   0.1029191610E+001
 0.7777778   0.1592450704E+001   0.1014847962E+001   0.1330727601E+001   0.1029292669E+001
 0.7878788   0.1613908205E+001   0.1011398580E+001   0.1326693020E+001   0.1029033591E+001
 0.7979798   0.1672023275E+001   0.1016739770E+001   0.1348515020E+001   0.1029465388E+001
 0.8080808   0.1710818180E+001   0.1007009848E+001   0.1346645897E+001   0.1023646230E+001
 0.8181818   0.1768093769E+001   0.9987741477E+000   0.1355097490E+001   0.1018404028E+001
 0.8282828   0.1801168889E+001   0.1000423472E+001   0.1348655009E+001   0.1015894091E+001
 0.8383838   0.1878247658E+001   0.9995015982E+000   0.1372491849E+001   0.1012006078E+001
 0.8484848   0.1943896380E+001   0.1006664691E+001   0.1387118054E+001   0.1027925617E+001
 0.8585859   0.2007449679E+001   0.1013401800E+001   0.1391971028E+001   0.1025542464E+001
 0.8686869   0.2066028117E+001   0.1001867450E+001   0.1388385038E+001   0.1017832585E+001
 0.8787879   0.2147857790E+001   0.1011966560E+001   0.1402846555E+001   0.1021292476E+001
 0.8888889   0.2235849222E+001   0.1017274982E+001   0.1412745405E+001   0.1009924264E+001
 0.8989899   0.2309186082E+001   0.1025746612E+001   0.1420402430E+001   0.1035971746E+001
 0.9090909   0.2390946935E+001   0.1014137988E+001   0.1431488424E+001   0.1027273328E+001
 0.9191919   0.2469070433E+001   0.1002061874E+001   0.1451550163E+001   0.1017556970E+001
 0.9292929   0.2604977294E+001   0.1020748394E+001   0.1467494708E+001   0.1028144272E+001
 0.9393939   0.2710012345E+001   0.1012475556E+001   0.1464796977E+001   0.1022365538E+001
 0.9494949   0.2792048060E+001   0.1003547358E+001   0.1480538802E+001   0.1027422160E+001
 0.9595960   0.2937974730E+001   0.1019754430E+001   0.1496158019E+001   0.1033755800E+001
 0.9696970   0.3062803111E+001   0.1027856873E+001   0.1509035662E+001   0.1041948924E+001
 0.9797980   0.3226814726E+001   0.1034060955E+001   0.1532544448E+001   0.1042634287E+001
 0.9898990   0.3336171750E+001   0.1014679753E+001   0.1531529811E+001   0.1024473076E+001
 1.0000000   0.3392038411E+001   0.1008881995E+001   0.1513423614E+001   0.1016252391E+001


 0.0000000   0.9503230036E+000   0.1010756026E+001   0.7789148327E+000   0.1004883346E+001
 0.0101010   0.9306494415E+000   0.9936660496E+000   0.7673144371E+000   0.9806460693E+000
 0.0202020   0.9264597897E+000   0.9745613073E+000   0.7742067010E+000   0.9649526760E+000
 0.0303030   0.9196980940E+000   0.1010824997E+001   0.7718958113E+000   0.1003926385E+001
 0.0404040   0.8800186163E+000   0.9925165464E+000   0.7637188815E+000   0.9793089983E+000
 0.0505051   0.8568733696E+000   0.1018420077E+001   0.7658619973E+000   0.1008988154E+001
 0.0606061   0.8196904310E+000   0.9983685624E+000   0.7654312699E+000   0.9828445960E+000
 0.0707071   0.7742626008E+000   0.9762228618E+000   0.7503693728E+000   0.9842275094E+000
 0.0808081   0.7398347001E+000   0.1010421625E+001   0.7600141005E+000   0.1003977958E+001
 0.0909091   0.6851048130E+000   0.9825618492E+000   0.7429746502E+000   0.9855492996E+000
 0.1010101   0.6455542865E+000   0.9963955970E+000   0.7458983452E+000   0.1008134339E+001
 0.1111111   0.6007776189E+000   0.9923744260E+000   0.7358775991E+000   0.9886245629E+000
 0.1212121   0.5595847492E+000   0.1001620611E+001   0.7373214233E+000   0.1016263730E+001
 0.1313131   0.5198815808E+000   0.9955554147E+000   0.7268155847E+000   0.1003907284E+001
 0.1414141   0.4920962859E+000   0.9829443202E+000   0.7271974678E+000   0.9762910380E+000
 0.1515152   0.4669849950E+000   0.9840248532E+000   0.7213890205E+000   0.9702990499E+000
 0.1616162   0.4471324936E+000   0.1000828499E+001   0.7261395772E+000   0.9712464602E+000
 0.1717172   0.4324638167E+000   0.9956369250E+000   0.7300661967E+000   0.9988321449E+000
 0.1818182   0.4202160881E+000   0.9904725208E+000   0.7223380873E+000   0.9686372616E+000
 0.1919192   0.4180568218E+000   0.9920149450E+000   0.7378660547E+000   0.9789116972E+000
 0.2020202   0.4109857530E+000   0.9755603300E+000   0.7373321679E+000   0.9797674226E+000
 0.2121212   0.4103481564E+000   0.9802314928E+000   0.7447718293E+000   0.9901698349E+000
 0.2222222   0.4169096523E+000   0.9827060596E+000   0.7545559133E+000   0.9862770483E+000
 0.2323232   0.4189648710E+000   0.9830446405E+000   0.7593053085E+000   0.1010615561E+001
 0.2424242   0.4316211850E+000   0.9847145551E+000   0.7750281783E+000   0.9916673545E+000
 0.2525253   0.4358225498E+000   0.9864701599E+000   0.7884914028E+000   0.1012477909E+001
 0.2626263   0.4478801464E+000   0.9997584162E+000   0.7906985632E+000   0.9924963385E+000
 0.2727273   0.4639921962E+000   0.9904850609E+000   0.7949305543E+000   0.1020549998E+001
 0.2828283   0.4741413674E+000   0.9907337715E+000   0.8051234815E+000   0.9864031149E+000
 0.2929293   0.4916093637E+000   0.1003881998E+001   0.8161678206E+000   0.9760942976E+000
 0.3030303   0.5130562192E+000   0.1005259311E+001   0.8415704748E+000   0.1004688516E+001
 0.3131313   0.5270125268E+000   0.9921298954E+000   0.8396703601E+000   0.1003616949E+001
 0.3232323   0.5495335417E+000   0.1006385824E+001   0.8631039473E+000   0.9978331618E+000
 0.3333333   0.5713510007E+000   0.9962555667E+000   0.8734702537E+000   0.9746980134E+000
 0.3434343   0.5967492894E+000   0.9745069671E+000   0.8868044516E+000   0.1009899273E+001
 0.3535354   0.6261259858E+000   0.9938896802E+000   0.8962005362E+000   0.9886799558E+000
 0.3636364   0.6553898530E+000   0.9888402264E+000   0.9215002561E+000   0.9953423896E+000
 0.3737374   0.6845123589E+000   0.9844407643E+000   0.9266637166E+000   0.1018040125E+001
 0.3838384   0.7048950402E+000   0.9987155034E+000   0.9401442176E+000   0.9995293319E+000
 0.3939394   0.7428882843E+000   0.9932584984E+000   0.9594285214E+000   0.9862770483E+000
 0.4040404   0.7840472738E+000   0.1011905529E+001   0.9712327869E+000   0.9854060420E+000
 0.4141414   0.8312923873E+000   0.1010517766E+001   0.9986713839E+000   0.1007156367E+001
 0.4242424   0.8724167168E+000   0.9999715968E+000   0.1001942184E+001   0.9972620415E+000
 0.4343434   0.9265541384E+000   0.1001394891E+001   0.1021792270E+001   0.9931343124E+000
 0.4444444   0.9676753405E+000   0.9945522120E+000   0.1043985934E+001   0.9965228323E+000
 0.4545455   0.1021579678E+001   0.9922803758E+000   0.1074312783E+001   0.1018000013E+001
 0.4646465   0.1078609696E+001   0.1010231435E+001   0.1089867066E+001   0.1031021174E+001
 0.4747475   0.1152378382E+001   0.1005708663E+001   0.1104144773E+001   0.1021315949E+001
 0.4848485   0.1196999406E+001   0.1007470537E+001   0.1118847352E+001   0.9913445473E+000
 0.4949495   0.1274961431E+001   0.9948051027E+000   0.1139903674E+001   0.9938830721E+000
 0.5050505   0.1308323833E+001   0.9822713384E+000   0.1163355815E+001   0.1024177281E+001
 0.5151515   0.1314230698E+001   0.1018792098E+001   0.1149854968E+001   0.9904410694E+000
 0.5252525   0.1292212855E+001   0.9895278382E+000   0.1155283066E+001   0.1011469376E+001
 0.5353535   0.1316386789E+001   0.1016371872E+001   0.1163959290E+001   0.1004468854E+001
 0.5454545   0.1327937024E+001   0.1007290797E+001   0.1163924472E+001   0.1017667655E+001
 0.5555556   0.1328486207E+001   0.9772804047E+000   0.1156109000E+001   0.1010814211E+001
 0.5656566   0.1324985663E+001   0.1018121206E+001   0.1142259151E+001   0.9941027338E+000
 0.5757576   0.1318755261E+001   0.1017088744E+001   0.1167202038E+001   0.1027403442E+001
 0.5858586   0.1289999816E+001   0.1002527674E+001   0.1154024090E+001   0.9885309679E+000
 0.5959596   0.1318456829E+001   0.1015907890E+001   0.1152793867E+001   0.1014527448E+001
 0.6060606   0.1316298087E+001   0.1001047950E+001   0.1163051732E+001   0.9905327542E+000
 0.6161616   0.1322513655E+001   0.1002632174E+001   0.1150265763E+001   0.1001368760E+001
 0.6262626   0.1316122843E+001   0.1002383463E+001   0.1152315280E+001   0.1001955161E+001
 0.6363636   0.1314142857E+001   0.1003436826E+001   0.1151866645E+001   0.1012930603E+001
 0.6464646   0.1323364455E+001   0.1012419671E+001   0.1152753542E+001   0.9951781209E+000
 0.6565657   0.1321110052E+001   0.9930265078E+000   0.1160542686E+001   0.1014710818E+001
 0.6666667   0.1320589910E+001   0.1005144361E+001   0.1157404987E+001   0.1021329319E+001
 0.6767677   0.1329075246E+001   0.1024422574E+001   0.1154711802E+001   0.1004728628E+001
 0.6868687   0.1322058305E+001   0.9938499701E+000   0.1144243266E+001   0.9919213980E+000
 0.6969697   0.1307760107E+001   0.9918874547E+000   0.1158281515E+001   0.1010241181E+001
 0.7070707   0.1315654805E+001   0.1003342776E+001   0.1155510735E+001   0.1011639375E+001
 0.7171717   0.1322409157E+001   0.1007123596E+001   0.1157158042E+001   0.9981196771E+000
 0.7272727   0.1316294585E+001   0.1006258334E+001   0.1163376900E+001   0.1004709527E+001
 0.7373737   0.1324169321E+001   0.1008064099E+001   0.1151347020E+001   0.1003586387E+001
 0.7474747   0.1312389610E+001   0.9877158033E+000   0.1155430235E+001   0.1008489618E+001
 0.7575758   0.1310226062E+001   0.1010425805E+001   0.1155107565E+001   0.1009799947E+001
 0.7676768   0.1315253720E+001   0.1005683582E+001   0.1147961384E+001   0.1007880295E+001
 0.7777778   0.1315719926E+001   0.9981470218E+000   0.1157014981E+001   0.9949947511E+000
 0.7878788   0.1314023153E+001   0.1012162600E+001   0.1148178749E+001   0.1014160709E+001
 0.7979798   0.1313255965E+001   0.1008398500E+001   0.1157110469E+001   0.1007717937E+001
 0.8080808   0.1323879827E+001   0.1010003624E+001   0.1157787821E+001   0.1008520179E+001
 0.8181818   0.1324385926E+001   0.9990039242E+000   0.1164305760E+001   0.9984482145E+000
 0.8282828   0.1309903384E+001   0.9966484877E+000   0.1145498849E+001   0.9933386932E+000
 0.8383838   0.1318987289E+001   0.1013968365E+001   0.1159603651E+001   0.1004600651E+001
 0.8484848   0.1318622139E+001   0.1001576721E+001   0.1160234347E+001   0.1007740858E+001
 0.8585859   0.1317585511E+001   0.1009673403E+001   0.1156307767E+001   0.1006273900E+001
 0.8686869   0.1327918426E+001   0.1006101584E+001   0.1157052586E+001   0.9980165316E+000
 0.8787879   0.1321719410E+001   0.1012981882E+001   0.1155012796E+001   0.9942555419E+000
 0.8888889   0.1316317726E+001   0.1017278934E+001   0.1159542899E+001   0.1015178793E+001
 0.8989899   0.1308587819E+001   0.1012290091E+001   0.1152892733E+001   0.1012086339E+001
 0.9090909   0.1318266085E+001   0.1007940789E+001   0.1154180903E+001   0.1011851396E+001
 0.9191919   0.1318979216E+001   0.1023202010E+001   0.1146127176E+001   0.1008925121E+001
 0.9292929   0.1306274919E+001   0.9934904891E+000   0.1146305315E+001   0.9968723808E+000
 0.9393939   0.1315051425E+001   0.9962722867E+000   0.1166556506E+001   0.1003414478E+001
 0.9494949   0.1314815612E+001   0.1022579189E+001   0.1152468905E+001   0.1017218781E+001
 0.9595960   0.1317358991E+001   0.9891181971E+000   0.1156609688E+001   0.9947387975E+000
 0.9696970   0.1315858631E+001   0.9828732600E+000   0.1155778125E+001   0.9816966250E+000
 0.9797980   0.1324612266E+001   0.1024798775E+001   0.1158532471E+001   0.1014162619E+001
 0.9898990   0.1311311626E+001   0.1011773859E+001   0.1147074250E+001   0.1002081227E+001
 1.0000000   0.1311389589E+001   0.1005376352E+001   0.1154454822E+001   0.1000358316E+001


