 0.0000000   0.1427248625E+000   0.9533072340E+000   0.5875624545E+000   0.9822216672E+000
 0.0101010   0.1434009919E+000   0.9950550974E+000   0.5861134085E+000   0.9971989583E+000
 0.0202020   0.1439358768E+000   0.9910183786E+000   0.5977771547E+000   0.1009079403E+001
 0.0303030   0.1378693622E+000   0.9602983631E+000   0.5970853761E+000   0.9802940590E+000
 0.0404040   0.1309111140E+000   0.9942165519E+000   0.5934607389E+000   0.1020056345E+001
 0.0505051   0.1235395583E+000   0.9542881372E+000   0.5913037410E+000   0.9761015622E+000
 0.0606061   0.1160363135E+000   0.1003571209E+001   0.5835324513E+000   0.1016425982E+001
 0.0707071   0.1064492548E+000   0.9872605248E+000   0.5887689135E+000   0.1028983031E+001
 0.0808081   0.9956258154E-001   0.1018811285E+001   0.5930210154E+000   0.1018529385E+001
 0.0909091   0.9235344309E-001   0.1015193839E+001   0.5866945600E+000   0.9842249080E+000
 0.1010101   0.8480499548E-001   0.9915897595E+000   0.5933482499E+000   0.9909255441E+000
 0.1111111   0.7872039678E-001   0.9728960460E+000   0.5962154974E+000   0.9794396155E+000
 0.1212121   0.7395755751E-001   0.9988812048E+000   0.5929155704E+000   0.1000042334E+001
 0.1313131   0.7082662264E-001   0.1019135003E+001   0.6017945421E+000   0.1030448667E+001
 0.1414141   0.6750894327E-001   0.9942867558E+000   0.6059972974E+000   0.1006383204E+001
 0.1515152   0.6624619804E-001   0.1019347564E+001   0.6141642689E+000   0.1020070653E+001
 0.1616162   0.6522095203E-001   0.9945714712E+000   0.6235343508E+000   0.1024968373E+001
 0.1717172   0.6609286763E-001   0.9998289562E+000   0.6197746851E+000   0.1001818677E+001
 0.1818182   0.6626412354E-001   0.1009665290E+001   0.6178038863E+000   0.9803942210E+000
 0.1919192   0.6818317925E-001   0.1029488114E+001   0.6252145443E+000   0.9828962279E+000
 0.2020202   0.6972217942E-001   0.9688456765E+000   0.6413693617E+000   0.1006473146E+001
 0.2121212   0.7323846607E-001   0.9540190226E+000   0.6555107358E+000   0.1001162513E+001
 0.2222222   0.7819241998E-001   0.1028495510E+001   0.6676267537E+000   0.9948073341E+000
 0.2323232   0.8159821894E-001   0.1008881347E+001   0.6805817562E+000   0.9887587734E+000
 0.2424242   0.8635798551E-001   0.9869114559E+000   0.6920018030E+000   0.1009925670E+001
 0.2525253   0.9365859191E-001   0.1034125466E+001   0.6979089480E+000   0.1022333498E+001
 0.2626263   0.1007505281E+000   0.1017042539E+001   0.7062724428E+000   0.9925485779E+000
 0.2727273   0.1073956996E+000   0.9914044995E+000   0.7232268367E+000   0.9886463466E+000
 0.2828283   0.1155039101E+000   0.9967009866E+000   0.7360617832E+000   0.9877183147E+000
 0.2929293   0.1259433830E+000   0.1013415343E+001   0.7555019451E+000   0.1012370441E+001
 0.3030303   0.1373009011E+000   0.1033922655E+001   0.7720446458E+000   0.9998481421E+000
 0.3131313   0.1494038605E+000   0.1011334580E+001   0.7755466140E+000   0.1008954711E+001
 0.3232323   0.1640029348E+000   0.9932941519E+000   0.8069925169E+000   0.1031873421E+001
 0.3333333   0.1817614998E+000   0.1003902727E+001   0.8181498913E+000   0.1033523029E+001
 0.3434343   0.1957186954E+000   0.1026213887E+001   0.8311278554E+000   0.9867637091E+000
 0.3535354   0.2145448614E+000   0.9970910078E+000   0.8355123331E+000   0.9800773819E+000
 0.3636364   0.2386479065E+000   0.1011162971E+001   0.8655315617E+000   0.1014968522E+001
 0.3737374   0.2630800815E+000   0.1015971931E+001   0.8785739120E+000   0.1008832064E+001
 0.3838384   0.2885048313E+000   0.1019642030E+001   0.9028264428E+000   0.9814612534E+000
 0.3939394   0.3230981409E+000   0.1013895069E+001   0.9238711031E+000   0.1006892191E+001
 0.4040404   0.3598044503E+000   0.1009756944E+001   0.9398418300E+000   0.9974483414E+000
 0.4141414   0.4003595352E+000   0.1002036476E+001   0.9667393608E+000   0.1014809080E+001
 0.4242424   0.4455332020E+000   0.1000862512E+001   0.9858705171E+000   0.9874280492E+000
 0.4343434   0.4974437541E+000   0.1006012741E+001   0.1006509601E+001   0.9722770076E+000
 0.4444444   0.5508860425E+000   0.1017219999E+001   0.1025650928E+001   0.1016816409E+001
 0.4545455   0.6229692942E+000   0.1021346423E+001   0.1049899412E+001   0.9889815828E+000
 0.4646465   0.6984760540E+000   0.1020847196E+001   0.1087865437E+001   0.9891512451E+000
 0.4747475   0.7802463463E+000   0.1035118069E+001   0.1110123851E+001   0.9988730953E+000
 0.4848485   0.8550165530E+000   0.1011566643E+001   0.1123101012E+001   0.1012574853E+001
 0.4949495   0.9715731236E+000   0.1024928767E+001   0.1157325895E+001   0.1009798934E+001
 0.5050505   0.1013979846E+001   0.9995715423E+000   0.1167935392E+001   0.9899239237E+000
 0.5151515   0.1027586699E+001   0.1002332892E+001   0.1174160386E+001   0.1015696230E+001
 0.5252525   0.1023773893E+001   0.9946962780E+000   0.1166513372E+001   0.9987627126E+000
 0.5353535   0.1037356497E+001   0.9984638822E+000   0.1169717985E+001   0.9925731074E+000
 0.5454545   0.1040904143E+001   0.9811820453E+000   0.1177269341E+001   0.9988833159E+000
 0.5555556   0.1049547289E+001   0.1006652376E+001   0.1183578152E+001   0.9875813584E+000
 0.5656566   0.1061027955E+001   0.1010336126E+001   0.1170030071E+001   0.9686793506E+000
 0.5757576   0.1055288101E+001   0.1009074407E+001   0.1181054931E+001   0.9973359146E+000
 0.5858586   0.1078190037E+001   0.1019733685E+001   0.1167235609E+001   0.9837670244E+000
 0.5959596   0.1080509433E+001   0.1011131769E+001   0.1177116849E+001   0.1012057690E+001
 0.6060606   0.1099430771E+001   0.9914552022E+000   0.1171723808E+001   0.9729515682E+000
 0.6161616   0.1114664845E+001   0.1001176479E+001   0.1189844249E+001   0.9680845108E+000
 0.6262626   0.1132654769E+001   0.9960028488E+000   0.1185626877E+001   0.1011861454E+001
 0.6363636   0.1152863468E+001   0.1042130650E+001   0.1197222994E+001   0.9963118088E+000
 0.6464646   0.1152944776E+001   0.9813575548E+000   0.1186159325E+001   0.9597526644E+000
 0.6565657   0.1185760850E+001   0.1010004608E+001   0.1193721086E+001   0.9816084302E+000
 0.6666667   0.1213794454E+001   0.1024035619E+001   0.1195839546E+001   0.9814796505E+000
 0.6767677   0.1221110842E+001   0.9760961695E+000   0.1190688367E+001   0.9691024841E+000
 0.6868687   0.1246370013E+001   0.9840311497E+000   0.1205686218E+001   0.1024819152E+001
 0.6969697   0.1278899093E+001   0.1012206277E+001   0.1198468162E+001   0.9673711117E+000
 0.7070707   0.1316654817E+001   0.9785455023E+000   0.1213564411E+001   0.9907885878E+000
 0.7171717   0.1339919582E+001   0.9929470331E+000   0.1219255719E+001   0.9974299443E+000
 0.7272727   0.1366542284E+001   0.9924829080E+000   0.1224800185E+001   0.1007558575E+001
 0.7373737   0.1413539323E+001   0.1000339884E+001   0.1227560784E+001   0.9965550595E+000
 0.7474747   0.1460620515E+001   0.9930893908E+000   0.1237390354E+001   0.9943842006E+000
 0.7575758   0.1483620269E+001   0.9919251777E+000   0.1231147393E+001   0.1007084338E+001
 0.7676768   0.1541257253E+001   0.1000880063E+001   0.1235911418E+001   0.9838079069E+000
 0.7777778   0.1563255361E+001   0.9750840647E+000   0.1239461461E+001   0.1002489149E+001
 0.7878788   0.1611967226E+001   0.9898073629E+000   0.1226952747E+001   0.9964262797E+000
 0.7979798   0.1683834174E+001   0.1002321191E+001   0.1260223984E+001   0.1011720410E+001
 0.8080808   0.1718549311E+001   0.9642258760E+000   0.1259501141E+001   0.9863916787E+000
 0.8181818   0.1782310124E+001   0.9945948725E+000   0.1261979437E+001   0.1015804568E+001
 0.8282828   0.1862210425E+001   0.9976409376E+000   0.1267793084E+001   0.9912628244E+000
 0.8383838   0.1915507201E+001   0.9860378085E+000   0.1267332964E+001   0.9820642697E+000
 0.8484848   0.2009492410E+001   0.1012925866E+001   0.1278381981E+001   0.1005833335E+001
 0.8585859   0.2092041628E+001   0.9970266543E+000   0.1288909931E+001   0.1005046348E+001
 0.8686869   0.2140953694E+001   0.9611895614E+000   0.1293046629E+001   0.9911871918E+000
 0.8787879   0.2245801922E+001   0.1010232770E+001   0.1290089984E+001   0.1011532351E+001
 0.8888889   0.2316414730E+001   0.9934794120E+000   0.1292560858E+001   0.1010726966E+001
 0.8989899   0.2414574545E+001   0.9855541823E+000   0.1306537400E+001   0.1003413093E+001
 0.9090909   0.2506579611E+001   0.9899126686E+000   0.1310260124E+001   0.1035430196E+001
 0.9191919   0.2648601214E+001   0.1007994049E+001   0.1322431838E+001   0.1004866465E+001
 0.9292929   0.2735899309E+001   0.9813146525E+000   0.1318009529E+001   0.1009878655E+001
 0.9393939   0.2892477841E+001   0.9941326974E+000   0.1335279039E+001   0.1017108719E+001
 0.9494949   0.2982911609E+001   0.9796765637E+000   0.1325363810E+001   0.1001552941E+001
 0.9595960   0.3163235740E+001   0.9889083642E+000   0.1341487319E+001   0.1008257665E+001
 0.9696970   0.3347793057E+001   0.1009858350E+001   0.1354690502E+001   0.1005140377E+001
 0.9797980   0.3469480998E+001   0.9830131946E+000   0.1353968656E+001   0.1004457640E+001
 0.9898990   0.3674402287E+001   0.9818021789E+000   0.1369625238E+001   0.1010802599E+001
 1.0000000   0.3817551124E+001   0.1032705789E+001   0.1381639570E+001   0.1055793752E+001


 0.0000000   0.1038533463E+001   0.1078865048E+001   0.8374464078E+000   0.1036011024E+001
 0.0101010   0.1023407215E+001   0.1038916566E+001   0.8255460930E+000   0.1011925961E+001
 0.0202020   0.1022632488E+001   0.1035554447E+001   0.8275160756E+000   0.1006784950E+001
 0.0303030   0.1009932093E+001   0.1059345308E+001   0.8345422180E+000   0.1023727601E+001
 0.0404040   0.9800351269E+000   0.1066680840E+001   0.8371302182E+000   0.1030657226E+001
 0.0505051   0.9320906181E+000   0.1043868447E+001   0.8228593517E+000   0.1013885206E+001
 0.0606061   0.8837301261E+000   0.1041506628E+001   0.8197510677E+000   0.1023653327E+001
 0.0707071   0.8274498682E+000   0.1036286809E+001   0.8176425163E+000   0.1024309754E+001
 0.0808081   0.7743832631E+000   0.1035012618E+001   0.8129395746E+000   0.1014286690E+001
 0.0909091   0.7236220004E+000   0.1041578078E+001   0.8104696353E+000   0.1033417433E+001
 0.1010101   0.6646366151E+000   0.1023753290E+001   0.8180242616E+000   0.1034105979E+001
 0.1111111   0.6036579876E+000   0.9911978974E+000   0.8052474829E+000   0.1019048298E+001
 0.1212121   0.5693636425E+000   0.1051436191E+001   0.8006461400E+000   0.1028459098E+001
 0.1313131   0.5240247787E+000   0.1016685696E+001   0.8010790993E+000   0.1009703743E+001
 0.1414141   0.4916137580E+000   0.1014284182E+001   0.8085008409E+000   0.1032178853E+001
 0.1515152   0.4545479553E+000   0.9888043228E+000   0.8002357282E+000   0.1016737754E+001
 0.1616162   0.4337764754E+000   0.1010558859E+001   0.8052409395E+000   0.1058819366E+001
 0.1717172   0.4178920241E+000   0.1014871660E+001   0.8103357309E+000   0.1036524924E+001
 0.1818182   0.4025868419E+000   0.1026682740E+001   0.8109966014E+000   0.1024877855E+001
 0.1919192   0.3936180981E+000   0.9738057794E+000   0.8110142483E+000   0.1007828810E+001
 0.2020202   0.3856733492E+000   0.9841441958E+000   0.8168931842E+000   0.9895873555E+000
 0.2121212   0.3897599629E+000   0.9765685123E+000   0.8114843799E+000   0.9980586813E+000
 0.2222222   0.3863879532E+000   0.1004058895E+001   0.8261992904E+000   0.9992249941E+000
 0.2323232   0.3946431905E+000   0.1003792942E+001   0.8325382889E+000   0.1022410732E+001
 0.2424242   0.3948300820E+000   0.9613198940E+000   0.8392340056E+000   0.1022107611E+001
 0.2525253   0.4074642864E+000   0.9564890810E+000   0.8522625408E+000   0.1016737754E+001
 0.2626263   0.4142058360E+000   0.9515371999E+000   0.8524755387E+000   0.1013144466E+001
 0.2727273   0.4346443404E+000   0.9950462731E+000   0.8645243125E+000   0.1029133592E+001
 0.2828283   0.4475211274E+000   0.9932163595E+000   0.8781435713E+000   0.9934114966E+000
 0.2929293   0.4590726254E+000   0.9786981189E+000   0.8935234769E+000   0.1039477844E+001
 0.3030303   0.4772169065E+000   0.1038237791E+001   0.8842309967E+000   0.1009892441E+001
 0.3131313   0.4948594540E+000   0.9992062502E+000   0.8999971598E+000   0.1009649543E+001
 0.3232323   0.5068423780E+000   0.9827013029E+000   0.9154328084E+000   0.1012600455E+001
 0.3333333   0.5443125690E+000   0.9841878596E+000   0.9093646833E+000   0.1003858127E+001
 0.3434343   0.5591059664E+000   0.9669882598E+000   0.9218869190E+000   0.9897479494E+000
 0.3535354   0.5824782394E+000   0.9737382989E+000   0.9267201125E+000   0.9947183291E+000
 0.3636364   0.6157864294E+000   0.9746413474E+000   0.9536290773E+000   0.1004520576E+001
 0.3737374   0.6483831258E+000   0.9936589525E+000   0.9543850267E+000   0.9900450480E+000
 0.3838384   0.6814815283E+000   0.9598313526E+000   0.9680822972E+000   0.1008160035E+001
 0.3939394   0.7203597742E+000   0.9814489434E+000   0.9727744179E+000   0.9874916057E+000
 0.4040404   0.7604947183E+000   0.9664166599E+000   0.9918565316E+000   0.1007784647E+001
 0.4141414   0.7986212399E+000   0.9664146751E+000   0.9917961222E+000   0.1004677155E+001
 0.4242424   0.8464556112E+000   0.9767729387E+000   0.1011240204E+001   0.9808169237E+000
 0.4343434   0.8887705901E+000   0.9701975550E+000   0.1029179616E+001   0.1006174693E+001
 0.4444444   0.9526178710E+000   0.1014720821E+001   0.1036123247E+001   0.1014639997E+001
 0.4545455   0.1014143265E+001   0.9928134610E+000   0.1049043223E+001   0.1001983194E+001
 0.4646465   0.1058267215E+001   0.9667461237E+000   0.1068544753E+001   0.1021214308E+001
 0.4747475   0.1136621011E+001   0.1011451984E+001   0.1085523464E+001   0.1016121475E+001
 0.4848485   0.1204287918E+001   0.1019388887E+001   0.1092763383E+001   0.1022842328E+001
 0.4949495   0.1282516973E+001   0.1002020586E+001   0.1096083991E+001   0.9776431876E+000
 0.5050505   0.1303477269E+001   0.9558896950E+000   0.1112799156E+001   0.1019176773E+001
 0.5151515   0.1331623622E+001   0.1032555532E+001   0.1120624752E+001   0.9903019981E+000
 0.5252525   0.1314154869E+001   0.9758778291E+000   0.1117299420E+001   0.1002569361E+001
 0.5353535   0.1323234460E+001   0.1008147422E+001   0.1114226807E+001   0.9934677045E+000
 0.5454545   0.1311102967E+001   0.9892032519E+000   0.1112866873E+001   0.1002800215E+001
 0.5555556   0.1320367513E+001   0.9890623366E+000   0.1097767766E+001   0.1011781426E+001
 0.5656566   0.1315596771E+001   0.1008711083E+001   0.1112887381E+001   0.9957862782E+000
 0.5757576   0.1317174859E+001   0.9951197078E+000   0.1117435719E+001   0.1015954859E+001
 0.5858586   0.1328167012E+001   0.9956337508E+000   0.1111756754E+001   0.1009589320E+001
 0.5959596   0.1314863037E+001   0.9999306737E+000   0.1109482875E+001   0.1009352444E+001
 0.6060606   0.1321648478E+001   0.9777176663E+000   0.1108952906E+001   0.9805499364E+000
 0.6161616   0.1309226297E+001   0.1009300546E+001   0.1104620769E+001   0.9965611436E+000
 0.6262626   0.1317693532E+001   0.1009560544E+001   0.1121251242E+001   0.1011231392E+001
 0.6363636   0.1306421222E+001   0.9995932709E+000   0.1104664027E+001   0.9797549968E+000
 0.6464646   0.1330556672E+001   0.1006230181E+001   0.1100381487E+001   0.1006666512E+001
 0.6565657   0.1322047184E+001   0.9927836901E+000   0.1101827200E+001   0.9832097721E+000
 0.6666667   0.1321387351E+001   0.9808773435E+000   0.1116621506E+001   0.1002095609E+001
 0.6767677   0.1326569498E+001   0.1005513696E+001   0.1103370229E+001   0.9896475782E+000
 0.6868687   0.1330664720E+001   0.1000829753E+001   0.1116386202E+001   0.1013700523E+001
 0.6969697   0.1310097879E+001   0.9873475369E+000   0.1116516569E+001   0.9842536321E+000
 0.7070707   0.1318857966E+001   0.1015119750E+001   0.1113040273E+001   0.1002087580E+001
 0.7171717   0.1318635910E+001   0.1003828667E+001   0.1114882954E+001   0.9858294593E+000
 0.7272727   0.1324072840E+001   0.1015389672E+001   0.1104827276E+001   0.9917955210E+000
 0.7373737   0.1322369312E+001   0.9955623008E+000   0.1116835732E+001   0.9864417234E+000
 0.7474747   0.1315957642E+001   0.1022203223E+001   0.1103655365E+001   0.9992029125E+000
 0.7575758   0.1319230848E+001   0.9841719819E+000   0.1109490715E+001   0.9754310073E+000
 0.7676768   0.1327745582E+001   0.1004043017E+001   0.1117643246E+001   0.9819210064E+000
 0.7777778   0.1326314785E+001   0.9828838974E+000   0.1113312073E+001   0.9741181526E+000
 0.7878788   0.1328318872E+001   0.1010632294E+001   0.1112090182E+001   0.9894950140E+000
 0.7979798   0.1319438048E+001   0.9989978544E+000   0.1106076461E+001   0.9752764357E+000
 0.8080808   0.1318128729E+001   0.1020240333E+001   0.1098403041E+001   0.9827420425E+000
 0.8181818   0.1312414884E+001   0.9858391483E+000   0.1102112594E+001   0.9684772934E+000
 0.8282828   0.1315275778E+001   0.9789243772E+000   0.1107057379E+001   0.9474435135E+000
 0.8383838   0.1310951789E+001   0.9927301027E+000   0.1112187464E+001   0.9886699631E+000
 0.8484848   0.1315600376E+001   0.9806252839E+000   0.1104716468E+001   0.9699126010E+000
 0.8585859   0.1313961252E+001   0.9993729668E+000   0.1105336091E+001   0.9825914858E+000
 0.8686869   0.1322431442E+001   0.9933632289E+000   0.1110838896E+001   0.9830572079E+000
 0.8787879   0.1323240690E+001   0.9862480010E+000   0.1114662997E+001   0.9655745595E+000
 0.8888889   0.1314417017E+001   0.9883379131E+000   0.1112694630E+001   0.9682504546E+000
 0.8989899   0.1316407281E+001   0.9702213717E+000   0.1103981239E+001   0.9616420176E+000
 0.9090909   0.1312382194E+001   0.1015594099E+001   0.1098338045E+001   0.9795221357E+000
 0.9191919   0.1324275502E+001   0.9982456448E+000   0.1108731471E+001   0.9665581969E+000
 0.9292929   0.1324116881E+001   0.1013720521E+001   0.1106079039E+001   0.9765772459E+000
 0.9393939   0.1323677591E+001   0.1009377950E+001   0.1113671216E+001   0.9828665027E+000
 0.9494949   0.1322379779E+001   0.9848606804E+000   0.1106437329E+001   0.9602408362E+000
 0.9595960   0.1312864630E+001   0.9998989181E+000   0.1096730838E+001   0.9793133637E+000
 0.9696970   0.1326088077E+001   0.1006843460E+001   0.1107397919E+001   0.9726467114E+000
 0.9797980   0.1301312706E+001   0.9855751802E+000   0.1102189077E+001   0.9793515048E+000
 0.9898990   0.1314141024E+001   0.9996012098E+000   0.1111400356E+001   0.9702518555E+000
 1.0000000   0.1319555385E+001   0.1001510512E+001   0.1100339136E+001   0.9794398314E+000


