#   100 bins for weightfunction of cd                      
 0.0000000    0.3031689453E+001    0.1710791016E+001
 0.0101010    0.3068212891E+001    0.1745898437E+001
 0.0202020    0.3070874023E+001    0.1733715820E+001
 0.0303030    0.3085131836E+001    0.1743725586E+001
 0.0404040    0.3148022461E+001    0.1758227539E+001
 0.0505051    0.3184790039E+001    0.1752172852E+001
 0.0606061    0.3252343750E+001    0.1761206055E+001
 0.0707071    0.3326342773E+001    0.1788891602E+001
 0.0808081    0.3397216797E+001    0.1781713867E+001
 0.0909091    0.3441333008E+001    0.1782104492E+001
 0.1010101    0.3508325195E+001    0.1775610352E+001
 0.1111111    0.3561645508E+001    0.1779858398E+001
 0.1212121    0.3632348633E+001    0.1775463867E+001
 0.1313131    0.3632202148E+001    0.1782641602E+001
 0.1414141    0.3683471680E+001    0.1728076172E+001
 0.1515152    0.3670239258E+001    0.1746826172E+001
 0.1616162    0.3689086914E+001    0.1725390625E+001
 0.1717172    0.3667407227E+001    0.1741186523E+001
 0.1818182    0.3671582031E+001    0.1718359375E+001
 0.1919192    0.3626708984E+001    0.1708203125E+001
 0.2020202    0.3597192383E+001    0.1700463867E+001
 0.2121212    0.3567431641E+001    0.1644165039E+001
 0.2222222    0.3505786133E+001    0.1616503906E+001
 0.2323232    0.3444580078E+001    0.1601098633E+001
 0.2424242    0.3413281250E+001    0.1584838867E+001
 0.2525253    0.3313452148E+001    0.1558447266E+001
 0.2626263    0.3260546875E+001    0.1576879883E+001
 0.2727273    0.3228222656E+001    0.1510205078E+001
 0.2828283    0.3164404297E+001    0.1483447266E+001
 0.2929293    0.3069165039E+001    0.1471411133E+001
 0.3030303    0.2995971680E+001    0.1445947266E+001
 0.3131313    0.2864868164E+001    0.1425512695E+001
 0.3232323    0.2811840820E+001    0.1380786133E+001
 0.3333333    0.2741943359E+001    0.1349926758E+001
 0.3434343    0.2639428711E+001    0.1326074219E+001
 0.3535354    0.2543139648E+001    0.1296972656E+001
 0.3636364    0.2458325195E+001    0.1269335937E+001
 0.3737374    0.2385302734E+001    0.1254492187E+001
 0.3838384    0.2297045898E+001    0.1204809570E+001
 0.3939394    0.2197900391E+001    0.1178686523E+001
 0.4040404    0.2099316406E+001    0.1134838867E+001
 0.4141414    0.1995214844E+001    0.1122729492E+001
 0.4242424    0.1876977539E+001    0.1068994141E+001
 0.4343434    0.1767333984E+001    0.1057128906E+001
 0.4444444    0.1678271484E+001    0.1009912109E+001
 0.4545455    0.1554858398E+001    0.9643798828E+000
 0.4646465    0.1459326172E+001    0.9468750000E+000
 0.4747475    0.1376123047E+001    0.9192382813E+000
 0.4848485    0.1258764648E+001    0.8573730469E+000
 0.4949495    0.1153613281E+001    0.8829101563E+000
 0.5050505    0.1093310547E+001    0.8338134766E+000
 0.5151515    0.1110375977E+001    0.8317138672E+000
 0.5252525    0.1089794922E+001    0.8236328125E+000
 0.5353535    0.1086132812E+001    0.8201904297E+000
 0.5454545    0.1076147461E+001    0.8246093750E+000
 0.5555556    0.1087133789E+001    0.8388671875E+000
 0.5656566    0.1082055664E+001    0.8223388672E+000
 0.5757576    0.1065014648E+001    0.8071044922E+000
 0.5858586    0.1057666016E+001    0.8171142578E+000
 0.5959596    0.1081884766E+001    0.8189697266E+000
 0.6060606    0.1041210938E+001    0.8182617188E+000
 0.6161616    0.1022875977E+001    0.7922607422E+000
 0.6262626    0.1004248047E+001    0.8071289063E+000
 0.6363636    0.9938964844E+000    0.8086425781E+000
 0.6464646    0.9955566406E+000    0.8252685547E+000
 0.6565657    0.9587646484E+000    0.8078613281E+000
 0.6666667    0.9614990234E+000    0.8363037109E+000
 0.6767677    0.9416259766E+000    0.7866699219E+000
 0.6868687    0.9461669922E+000    0.7927978516E+000
 0.6969697    0.9183837891E+000    0.8041015625E+000
 0.7070707    0.8941162109E+000    0.7815429688E+000
 0.7171717    0.8777099609E+000    0.7746337891E+000
 0.7272727    0.8510253906E+000    0.7728271484E+000
 0.7373737    0.8353759766E+000    0.7881103516E+000
 0.7474747    0.8121826172E+000    0.7626220703E+000
 0.7575758    0.7851074219E+000    0.7517822266E+000
 0.7676768    0.7739746094E+000    0.7743164063E+000
 0.7777778    0.7474121094E+000    0.7486572266E+000
 0.7878788    0.7190673828E+000    0.7477783203E+000
 0.7979798    0.6806640625E+000    0.7372314453E+000
 0.8080808    0.6624755859E+000    0.7384521484E+000
 0.8181818    0.6332763672E+000    0.7456054688E+000
 0.8282828    0.6105224609E+000    0.7368896484E+000
 0.8383838    0.5720458984E+000    0.7097412109E+000
 0.8484848    0.5462890625E+000    0.7160400391E+000
 0.8585859    0.4989501953E+000    0.7046875000E+000
 0.8686869    0.4851318359E+000    0.7095703125E+000
 0.8787879    0.4355957031E+000    0.6903076172E+000
 0.8888889    0.4034179687E+000    0.6745361328E+000
 0.8989899    0.3662353516E+000    0.6802246094E+000
 0.9090909    0.3484863281E+000    0.6921386719E+000
 0.9191919    0.2916503906E+000    0.6724365234E+000
 0.9292929    0.2507080078E+000    0.6489746094E+000
 0.9393939    0.2142089844E+000    0.6593505859E+000
 0.9494949    0.1916503906E+000    0.6481933594E+000
 0.9595960    0.1439208984E+000    0.6485839844E+000
 0.9696970    0.1107177734E+000    0.6477050781E+000
 0.9797980    0.5314941406E-001    0.6202636719E+000
 0.9898990    0.2348632812E-001    0.6209716797E+000
 1.0000000    0.0000000000E+000    0.6322509766E+000


#   100 bins for weightfunction of Ar                      
 0.0000000    0.1708740234E+001    0.3792358398E+000
 0.0101010    0.1734246826E+001    0.4101501465E+000
 0.0202020    0.1725262451E+001    0.3904602051E+000
 0.0303030    0.1746801758E+001    0.4023376465E+000
 0.0404040    0.1782904053E+001    0.4323791504E+000
 0.0505051    0.1866931152E+001    0.4538391113E+000
 0.0606061    0.1850708008E+001    0.4065795898E+000
 0.0707071    0.1929266357E+001    0.4473266602E+000
 0.0808081    0.1980053711E+001    0.4444213867E+000
 0.0909091    0.2040710449E+001    0.4366638184E+000
 0.1010101    0.2099731445E+001    0.4723327637E+000
 0.1111111    0.2166088867E+001    0.4641418457E+000
 0.1212121    0.2229058838E+001    0.4332214355E+000
 0.1313131    0.2279901123E+001    0.4679443359E+000
 0.1414141    0.2321392822E+001    0.4588623047E+000
 0.1515152    0.2398132324E+001    0.4793701172E+000
 0.1616162    0.2454022217E+001    0.4679138184E+000
 0.1717172    0.2476239014E+001    0.4576660156E+000
 0.1818182    0.2490490723E+001    0.4682250977E+000
 0.1919192    0.2526660156E+001    0.4671936035E+000
 0.2020202    0.2515185547E+001    0.4680664062E+000
 0.2121212    0.2530133057E+001    0.4477844238E+000
 0.2222222    0.2503839111E+001    0.4095153809E+000
 0.2323232    0.2482470703E+001    0.4169677734E+000
 0.2424242    0.2465435791E+001    0.4129821777E+000
 0.2525253    0.2457269287E+001    0.3934326172E+000
 0.2626263    0.2413305664E+001    0.3989196777E+000
 0.2727273    0.2401403809E+001    0.3756530762E+000
 0.2828283    0.2357879639E+001    0.3542663574E+000
 0.2929293    0.2330786133E+001    0.3334106445E+000
 0.3030303    0.2291717529E+001    0.3405761719E+000
 0.3131313    0.2254339600E+001    0.3098266602E+000
 0.3232323    0.2202117920E+001    0.2736572266E+000
 0.3333333    0.2163732910E+001    0.2793884277E+000
 0.3434343    0.2115734863E+001    0.2970703125E+000
 0.3535354    0.2096710205E+001    0.2602783203E+000
 0.3636364    0.2011315918E+001    0.2632873535E+000
 0.3737374    0.1992034912E+001    0.2429077148E+000
 0.3838384    0.1942932129E+001    0.2313842773E+000
 0.3939394    0.1891729736E+001    0.2214172363E+000
 0.4040404    0.1848211670E+001    0.1750488281E+000
 0.4141414    0.1753948975E+001    0.1726867676E+000
 0.4242424    0.1753686523E+001    0.1423522949E+000
 0.4343434    0.1701928711E+001    0.1283325195E+000
 0.4444444    0.1605340576E+001    0.1249023438E+000
 0.4545455    0.1595080566E+001    0.7714843750E-001
 0.4646465    0.1559149170E+001    0.9438476563E-001
 0.4747475    0.1479602051E+001    0.9468994141E-001
 0.4848485    0.1397558594E+001    0.4577636719E-001
 0.4949495    0.1358465576E+001    0.7543945312E-002
 0.5050505    0.1306652832E+001    0.4632568359E-002
 0.5151515    0.1340386963E+001    0.2684936523E-001
 0.5252525    0.1308679199E+001    0.3152465820E-001
 0.5353535    0.1332409668E+001    0.3701782227E-001
 0.5454545    0.1317529297E+001    0.0000000000E+000
 0.5555556    0.1363885498E+001    0.2482910156E-001
 0.5656566    0.1284393311E+001    0.8007812500E-002
 0.5757576    0.1357324219E+001    0.3518676758E-001
 0.5858586    0.1317376709E+001    0.2462158203E-001
 0.5959596    0.1295117188E+001    0.1058349609E-001
 0.6060606    0.1315258789E+001    0.3024291992E-001
 0.6161616    0.1322296143E+001    0.1624145508E-001
 0.6262626    0.1324798584E+001    0.9259033203E-002
 0.6363636    0.1311395264E+001    0.1676635742E-001
 0.6464646    0.1320697021E+001    0.1746826172E-001
 0.6565657    0.1314300537E+001    0.4465942383E-001
 0.6666667    0.1325390625E+001    0.6237792969E-002
 0.6767677    0.1317437744E+001    0.1965942383E-001
 0.6868687    0.1313830566E+001    0.2908935547E-001
 0.6969697    0.1310437012E+001    0.1754150391E-001
 0.7070707    0.1343737793E+001    0.3913574219E-001
 0.7171717    0.1341333008E+001    0.2965698242E-001
 0.7272727    0.1317864990E+001    0.1165161133E-001
 0.7373737    0.1310614014E+001    0.1314086914E-001
 0.7474747    0.1317065430E+001    0.1763916016E-001
 0.7575758    0.1321740723E+001    0.2726440430E-001
 0.7676768    0.1323248291E+001    0.1157836914E-001
 0.7777778    0.1308068848E+001    0.1570434570E-001
 0.7878788    0.1321673584E+001    0.2657470703E-001
 0.7979798    0.1327203369E+001    0.2342529297E-001
 0.8080808    0.1333856201E+001    0.2450561523E-001
 0.8181818    0.1332696533E+001    0.3604125977E-001
 0.8282828    0.1328680420E+001    0.1649780273E-001
 0.8383838    0.1315118408E+001    0.2235717773E-001
 0.8484848    0.1336120605E+001    0.2438964844E-001
 0.8585859    0.1323681641E+001    0.2556152344E-001
 0.8686869    0.1306091309E+001    0.1027832031E-001
 0.8787879    0.1308416748E+001    0.3710937500E-002
 0.8888889    0.1333880615E+001    0.3120117188E-001
 0.8989899    0.1325671387E+001    0.2991333008E-001
 0.9090909    0.1323956299E+001    0.1519165039E-001
 0.9191919    0.1335321045E+001    0.2554321289E-001
 0.9292929    0.1326477051E+001    0.3547363281E-001
 0.9393939    0.1324578857E+001    0.2354125977E-001
 0.9494949    0.1322784424E+001    0.3642578125E-001
 0.9595960    0.1299304199E+001    0.9045410156E-002
 0.9696970    0.1324169922E+001    0.3793945313E-001
 0.9797980    0.1326531982E+001    0.3215942383E-001
 0.9898990    0.1347973633E+001    0.4537963867E-001
 1.0000000    0.1319439697E+001    0.6134033203E-002


