 0.0000000   0.1487257301E+000   0.8828405687E+000   0.5966534346E+000   0.1040253468E+001
 0.0101010   0.1462650598E+000   0.8612249539E+000   0.5833839709E+000   0.1013251997E+001
 0.0202020   0.1471966039E+000   0.8935239791E+000   0.6032638339E+000   0.1061685358E+001
 0.0303030   0.1413276703E+000   0.8791004748E+000   0.5910242143E+000   0.1037000710E+001
 0.0404040   0.1348484168E+000   0.8965651583E+000   0.5949161186E+000   0.1045053331E+001
 0.0505051   0.1257645381E+000   0.8862811277E+000   0.5837875420E+000   0.1011282953E+001
 0.0606061   0.1197929177E+000   0.8967157442E+000   0.5833826067E+000   0.1027398425E+001
 0.0707071   0.1094634732E+000   0.9069866803E+000   0.5907622433E+000   0.1047838122E+001
 0.0808081   0.1007304686E+000   0.8791348477E+000   0.5838236513E+000   0.1023966663E+001
 0.0909091   0.9356976046E-001   0.8497509679E+000   0.5854323670E+000   0.9903497167E+000
 0.1010101   0.8804249969E-001   0.9053073209E+000   0.5917040630E+000   0.1003798030E+001
 0.1111111   0.8129983635E-001   0.9410141691E+000   0.5872684031E+000   0.9767172855E+000
 0.1212121   0.7736929709E-001   0.9610339014E+000   0.5968881555E+000   0.1041984692E+001
 0.1313131   0.7390635226E-001   0.9614185500E+000   0.5966222959E+000   0.9858030158E+000
 0.1414141   0.7050770402E-001   0.9565425151E+000   0.6020115178E+000   0.1028490349E+001
 0.1515152   0.6893306790E-001   0.9887122330E+000   0.6009461527E+000   0.1024767067E+001
 0.1616162   0.6837896939E-001   0.1055397207E+001   0.6110653158E+000   0.1033308113E+001
 0.1717172   0.6889758836E-001   0.1011242820E+001   0.6157398974E+000   0.1026472719E+001
 0.1818182   0.6918869375E-001   0.1057413748E+001   0.6194453120E+000   0.1026917671E+001
 0.1919192   0.7046942198E-001   0.1005530379E+001   0.6311523696E+000   0.1062076609E+001
 0.2020202   0.7358292412E-001   0.1072654016E+001   0.6445828451E+000   0.1058102721E+001
 0.2121212   0.7609410074E-001   0.1048689590E+001   0.6461472644E+000   0.9984534824E+000
 0.2222222   0.8002697753E-001   0.1028006952E+001   0.6569915624E+000   0.1025273392E+001
 0.2323232   0.8398607193E-001   0.1061723449E+001   0.6730511306E+000   0.1013852939E+001
 0.2424242   0.9071202955E-001   0.1026736794E+001   0.6850727066E+000   0.1022631805E+001
 0.2525253   0.9581610029E-001   0.1086946576E+001   0.6988299493E+000   0.9946202401E+000
 0.2626263   0.1035248548E+000   0.1065234390E+001   0.7041895424E+000   0.9983409656E+000
 0.2727273   0.1108713523E+000   0.1008252382E+001   0.7218715514E+000   0.9899865944E+000
 0.2828283   0.1188864003E+000   0.1037896514E+001   0.7316197309E+000   0.1027751319E+001
 0.2929293   0.1301071787E+000   0.9965328757E+000   0.7393560680E+000   0.9934797291E+000
 0.3030303   0.1398545186E+000   0.1062543487E+001   0.7476878631E+000   0.9927764992E+000
 0.3131313   0.1538288679E+000   0.1115629905E+001   0.7782409848E+000   0.1058573246E+001
 0.3232323   0.1670085682E+000   0.1014184155E+001   0.7882108583E+000   0.9851918451E+000
 0.3333333   0.1833523264E+000   0.1080337168E+001   0.8100159077E+000   0.1021583353E+001
 0.3434343   0.2020373999E+000   0.1053223533E+001   0.8180660499E+000   0.1048393034E+001
 0.3535354   0.2210818203E+000   0.1066098622E+001   0.8498259733E+000   0.1017530192E+001
 0.3636364   0.2444091835E+000   0.1061235682E+001   0.8563100815E+000   0.9956917068E+000
 0.3737374   0.2707306752E+000   0.1095495596E+001   0.8803428468E+000   0.1018650245E+001
 0.3838384   0.2960278356E+000   0.1062073724E+001   0.8957052390E+000   0.1022652263E+001
 0.3939394   0.3282779538E+000   0.1086187100E+001   0.9136224808E+000   0.1015369358E+001
 0.4040404   0.3669700733E+000   0.1096304177E+001   0.9552545476E+000   0.1012131943E+001
 0.4141414   0.4062726362E+000   0.1071521349E+001   0.9601715402E+000   0.1017540420E+001
 0.4242424   0.4553026498E+000   0.1124340968E+001   0.9874425707E+000   0.9948222589E+000
 0.4343434   0.5060216284E+000   0.1094603539E+001   0.9955285221E+000   0.9841459504E+000
 0.4444444   0.5571627898E+000   0.1038161676E+001   0.1025125489E+001   0.9836651969E+000
 0.4545455   0.6250683592E+000   0.1095836051E+001   0.1051886453E+001   0.9918533501E+000
 0.4646465   0.6939800806E+000   0.1080736547E+001   0.1079584476E+001   0.9757276492E+000
 0.4747475   0.7740000170E+000   0.1052148154E+001   0.1112203775E+001   0.1021337862E+001
 0.4848485   0.8694084511E+000   0.1060743004E+001   0.1136771955E+001   0.1022509059E+001
 0.4949495   0.9644039181E+000   0.1057315539E+001   0.1172537176E+001   0.1007365323E+001
 0.5050505   0.1038802179E+001   0.1063733442E+001   0.1186312072E+001   0.1012157515E+001
 0.5151515   0.1030986338E+001   0.1049869724E+001   0.1190474119E+001   0.1031300712E+001
 0.5252525   0.1048850929E+001   0.1075282721E+001   0.1180035494E+001   0.1008081339E+001
 0.5353535   0.1036912423E+001   0.1076099486E+001   0.1175974348E+001   0.9794253599E+000
 0.5454545   0.1046302104E+001   0.1050485162E+001   0.1173524132E+001   0.9705365340E+000
 0.5555556   0.1056225264E+001   0.1078094748E+001   0.1180947525E+001   0.9936075891E+000
 0.5656566   0.1059965260E+001   0.1040363175E+001   0.1172647709E+001   0.9619827012E+000
 0.5757576   0.1076124413E+001   0.1055089488E+001   0.1177984983E+001   0.1034630186E+001
 0.5858586   0.1080826209E+001   0.1037479129E+001   0.1190979176E+001   0.1007247692E+001
 0.5959596   0.1111867342E+001   0.1049498170E+001   0.1189657387E+001   0.9983000504E+000
 0.6060606   0.1118166729E+001   0.1062995244E+001   0.1193313539E+001   0.9403308919E+000
 0.6161616   0.1125010540E+001   0.1088786342E+001   0.1196271345E+001   0.9870330288E+000
 0.6262626   0.1127329070E+001   0.1033572081E+001   0.1198724546E+001   0.9620031588E+000
 0.6363636   0.1148041171E+001   0.1027175457E+001   0.1191159607E+001   0.9769781199E+000
 0.6464646   0.1153202294E+001   0.1014904348E+001   0.1201453089E+001   0.9919863245E+000
 0.6565657   0.1181528683E+001   0.1051680028E+001   0.1203931184E+001   0.9715747570E+000
 0.6666667   0.1228704210E+001   0.1008324401E+001   0.1208020652E+001   0.9820413751E+000
 0.6767677   0.1226744640E+001   0.1042229130E+001   0.1203345116E+001   0.9634505338E+000
 0.6868687   0.1253758270E+001   0.1014220164E+001   0.1193194759E+001   0.9760703140E+000
 0.6969697   0.1291622833E+001   0.1004430448E+001   0.1207882961E+001   0.9651024848E+000
 0.7070707   0.1321359551E+001   0.9831847507E+000   0.1216184612E+001   0.9645501296E+000
 0.7171717   0.1336203117E+001   0.9793890055E+000   0.1214725818E+001   0.9716131150E+000
 0.7272727   0.1378032624E+001   0.9724931562E+000   0.1221403973E+001   0.9700148653E+000
 0.7373737   0.1422800047E+001   0.1003693887E+001   0.1220377669E+001   0.9965534831E+000
 0.7474747   0.1458547971E+001   0.1018415289E+001   0.1236340711E+001   0.1002417142E+001
 0.7575758   0.1475599488E+001   0.9832354915E+000   0.1234966775E+001   0.9909915738E+000
 0.7676768   0.1524803654E+001   0.9727190350E+000   0.1232045301E+001   0.9812409716E+000
 0.7777778   0.1567130130E+001   0.9791402115E+000   0.1230137626E+001   0.9887565814E+000
 0.7878788   0.1608085124E+001   0.9490312281E+000   0.1235527317E+001   0.9604688390E+000
 0.7979798   0.1667343537E+001   0.9428015575E+000   0.1245021780E+001   0.9657724711E+000
 0.8080808   0.1715552586E+001   0.9842797716E+000   0.1246052181E+001   0.1007040559E+001
 0.8181818   0.1801389050E+001   0.9626952560E+000   0.1264098662E+001   0.9787528164E+000
 0.8282828   0.1840406967E+001   0.9274827222E+000   0.1265573570E+001   0.9831537570E+000
 0.8383838   0.1908805171E+001   0.9896812201E+000   0.1266752010E+001   0.1038775406E+001
 0.8484848   0.1993887800E+001   0.9620045253E+000   0.1287091933E+001   0.9762314176E+000
 0.8585859   0.2059041947E+001   0.9408455784E+000   0.1273628568E+001   0.9719813518E+000
 0.8686869   0.2155143987E+001   0.9698693617E+000   0.1287914287E+001   0.9709584719E+000
 0.8787879   0.2206189959E+001   0.9088608193E+000   0.1282927162E+001   0.9456242952E+000
 0.8888889   0.2300640730E+001   0.9433384288E+000   0.1301181820E+001   0.1007661958E+001
 0.8989899   0.2419024796E+001   0.9785067689E+000   0.1298770257E+001   0.1017650380E+001
 0.9090909   0.2494287774E+001   0.9134716921E+000   0.1307299600E+001   0.9822101503E+000
 0.9191919   0.2617177250E+001   0.9298953692E+000   0.1322096652E+001   0.9596684355E+000
 0.9292929   0.2722687410E+001   0.9120624051E+000   0.1315600602E+001   0.9702756996E+000
 0.9393939   0.2874108403E+001   0.9106580285E+000   0.1340867616E+001   0.9878487755E+000
 0.9494949   0.3034108607E+001   0.9084156090E+000   0.1347584965E+001   0.9505775908E+000
 0.9595960   0.3105215379E+001   0.9118119743E+000   0.1344708244E+001   0.9743672190E+000
 0.9696970   0.3273588490E+001   0.9074335274E+000   0.1351306849E+001   0.9832688310E+000
 0.9797980   0.3472083573E+001   0.9298429915E+000   0.1369385907E+001   0.9982744784E+000
 0.9898990   0.3665096900E+001   0.9055561149E+000   0.1393282424E+001   0.9916820177E+000
 1.0000000   0.3747201265E+001   0.9177404733E+000   0.1365790758E+001   0.9793563155E+000


 0.0000000   0.9982421308E+000   0.8508741293E+000   0.8170192834E+000   0.1019357431E+001
 0.0101010   0.1000772354E+001   0.8535307915E+000   0.8268890406E+000   0.1012606736E+001
 0.0202020   0.9856292768E+000   0.8636653447E+000   0.8197583845E+000   0.1046211617E+001
 0.0303030   0.9652998140E+000   0.8566582960E+000   0.8199571684E+000   0.1006670737E+001
 0.0404040   0.9366435654E+000   0.8866532382E+000   0.8179688513E+000   0.1036512137E+001
 0.0505051   0.8979295749E+000   0.8148121881E+000   0.8069430916E+000   0.9674603459E+000
 0.0606061   0.8664291600E+000   0.8547765617E+000   0.8180208575E+000   0.1002236030E+001
 0.0707071   0.8093907997E+000   0.8579269543E+000   0.8135021689E+000   0.1010518761E+001
 0.0808081   0.7537963929E+000   0.8549433184E+000   0.8047956683E+000   0.9813255295E+000
 0.0909091   0.6969398003E+000   0.8519384291E+000   0.7974151410E+000   0.9947039457E+000
 0.1010101   0.6467520179E+000   0.8589307639E+000   0.7949128778E+000   0.1030478784E+001
 0.1111111   0.5984585843E+000   0.9086585754E+000   0.7929881112E+000   0.1019585443E+001
 0.1212121   0.5629059390E+000   0.9425379664E+000   0.7997538665E+000   0.1052875205E+001
 0.1313131   0.5149236031E+000   0.9173544438E+000   0.8027634032E+000   0.9861394023E+000
 0.1414141   0.4808877675E+000   0.8981839695E+000   0.8022812692E+000   0.1017328379E+001
 0.1515152   0.4495714524E+000   0.9326371996E+000   0.7929006214E+000   0.1008284755E+001
 0.1616162   0.4332297447E+000   0.9555793167E+000   0.8029239448E+000   0.1042084342E+001
 0.1717172   0.4086060930E+000   0.9570539686E+000   0.8058768384E+000   0.1035651327E+001
 0.1818182   0.3995811038E+000   0.9868837890E+000   0.8051370930E+000   0.1004042193E+001
 0.1919192   0.3864618593E+000   0.9111288625E+000   0.8090003229E+000   0.9981779274E+000
 0.2020202   0.3884414036E+000   0.9722925829E+000   0.8180621280E+000   0.1000037891E+001
 0.2121212   0.3899688105E+000   0.9773557723E+000   0.8102444136E+000   0.9716081161E+000
 0.2222222   0.3858847826E+000   0.9599689401E+000   0.8301901511E+000   0.9927107615E+000
 0.2323232   0.3909882119E+000   0.9814429449E+000   0.8369981062E+000   0.1013044827E+001
 0.2424242   0.3979800074E+000   0.9453662899E+000   0.8241717265E+000   0.9940199095E+000
 0.2525253   0.4079848976E+000   0.9736854913E+000   0.8492475590E+000   0.1004746725E+001
 0.2626263   0.4179593194E+000   0.1019949015E+001   0.8455610876E+000   0.1003614350E+001
 0.2727273   0.4311050502E+000   0.9960406905E+000   0.8535921601E+000   0.9942299880E+000
 0.2828283   0.4429595631E+000   0.9940755779E+000   0.8623057812E+000   0.1002125867E+001
 0.2929293   0.4643833168E+000   0.1030817625E+001   0.8707552499E+000   0.1006524706E+001
 0.3030303   0.4779893066E+000   0.1014114168E+001   0.8766544750E+000   0.9539025944E+000
 0.3131313   0.4962224972E+000   0.1029615996E+001   0.8852564926E+000   0.1024086760E+001
 0.3232323   0.5206316361E+000   0.9690980488E+000   0.8937991380E+000   0.9960105317E+000
 0.3333333   0.5482924629E+000   0.1032011079E+001   0.8971145091E+000   0.9862265081E+000
 0.3434343   0.5646564458E+000   0.9976395924E+000   0.9216775189E+000   0.1000545154E+001
 0.3535354   0.6003633631E+000   0.1015023155E+001   0.9357306539E+000   0.1002594701E+001
 0.3636364   0.6243745782E+000   0.1013692371E+001   0.9319292153E+000   0.1009404319E+001
 0.3737374   0.6481865959E+000   0.1011938157E+001   0.9453478605E+000   0.1006096863E+001
 0.3838384   0.6859449309E+000   0.1031169121E+001   0.9599289572E+000   0.9804647199E+000
 0.3939394   0.7240974551E+000   0.1012536519E+001   0.9698357996E+000   0.1011996996E+001
 0.4040404   0.7702598340E+000   0.1027462873E+001   0.9882366738E+000   0.1016400960E+001
 0.4141414   0.8034133908E+000   0.1076196684E+001   0.9953139817E+000   0.1003194193E+001
 0.4242424   0.8613809868E+000   0.1036930400E+001   0.9980763539E+000   0.9912530214E+000
 0.4343434   0.9067517582E+000   0.1028623630E+001   0.1019376942E+001   0.1006296694E+001
 0.4444444   0.9584455471E+000   0.1023687961E+001   0.1030504271E+001   0.9657797176E+000
 0.4545455   0.1008829419E+001   0.1073615226E+001   0.1069933037E+001   0.1003319728E+001
 0.4646465   0.1070199462E+001   0.1056012591E+001   0.1050748237E+001   0.9507334828E+000
 0.4747475   0.1141393372E+001   0.1072276269E+001   0.1073905259E+001   0.9764424844E+000
 0.4848485   0.1205340813E+001   0.1075549276E+001   0.1079606706E+001   0.9987415527E+000
 0.4949495   0.1281550242E+001   0.1064451785E+001   0.1109190721E+001   0.9822811306E+000
 0.5050505   0.1327399512E+001   0.9749803076E+000   0.1118317594E+001   0.9921061452E+000
 0.5151515   0.1332482469E+001   0.1042547810E+001   0.1121591795E+001   0.1009102011E+001
 0.5252525   0.1330357801E+001   0.1070471373E+001   0.1107511311E+001   0.1000724489E+001
 0.5353535   0.1324356751E+001   0.1064394565E+001   0.1118746492E+001   0.1012358229E+001
 0.5454545   0.1327512315E+001   0.1073724763E+001   0.1106369734E+001   0.1015535026E+001
 0.5555556   0.1315364729E+001   0.1037530397E+001   0.1115291951E+001   0.9885527436E+000
 0.5656566   0.1332430458E+001   0.1071720413E+001   0.1115788520E+001   0.9883170457E+000
 0.5757576   0.1313444561E+001   0.1059135191E+001   0.1118088324E+001   0.1010577685E+001
 0.5858586   0.1333518667E+001   0.1071548752E+001   0.1123422987E+001   0.1027368596E+001
 0.5959596   0.1318827773E+001   0.1039551095E+001   0.1119301727E+001   0.1036171400E+001
 0.6060606   0.1316875476E+001   0.1032048681E+001   0.1106639630E+001   0.9565721290E+000
 0.6161616   0.1324713250E+001   0.1087696353E+001   0.1116051899E+001   0.9671605997E+000
 0.6262626   0.1325588171E+001   0.1050712346E+001   0.1130115791E+001   0.1044548922E+001
 0.6363636   0.1342337298E+001   0.1059012576E+001   0.1116218034E+001   0.1010662229E+001
 0.6464646   0.1318302841E+001   0.1029038887E+001   0.1102673433E+001   0.9934383506E+000
 0.6565657   0.1324257379E+001   0.1027346798E+001   0.1116818722E+001   0.9886500971E+000
 0.6666667   0.1313010459E+001   0.1015443316E+001   0.1104103280E+001   0.1004782592E+001
 0.6767677   0.1316780784E+001   0.1025644899E+001   0.1128076335E+001   0.1016821117E+001
 0.6868687   0.1321970462E+001   0.1079629909E+001   0.1119791489E+001   0.9745799589E+000
 0.6969697   0.1330069375E+001   0.1022826385E+001   0.1117299671E+001   0.1005927776E+001
 0.7070707   0.1324028995E+001   0.1031895003E+001   0.1117775187E+001   0.1003803933E+001
 0.7171717   0.1310972328E+001   0.1023316846E+001   0.1114435154E+001   0.1005899595E+001
 0.7272727   0.1316264932E+001   0.1033183280E+001   0.1102680238E+001   0.9835979644E+000
 0.7373737   0.1325851275E+001   0.1043965241E+001   0.1114277387E+001   0.1009299280E+001
 0.7474747   0.1329413498E+001   0.1045135808E+001   0.1123288677E+001   0.1017461600E+001
 0.7575758   0.1315353150E+001   0.1016559932E+001   0.1107088450E+001   0.9810898316E+000
 0.7676768   0.1327128958E+001   0.1042117839E+001   0.1119678878E+001   0.1021348053E+001
 0.7777778   0.1329190404E+001   0.1022749546E+001   0.1125192076E+001   0.9989849364E+000
 0.7878788   0.1324231094E+001   0.1019729943E+001   0.1113571138E+001   0.9906970818E+000
 0.7979798   0.1326898928E+001   0.1052059478E+001   0.1112728731E+001   0.1017886881E+001
 0.8080808   0.1314983555E+001   0.1020949555E+001   0.1116154615E+001   0.9861342785E+000
 0.8181818   0.1324037833E+001   0.1023671612E+001   0.1117640392E+001   0.9800496866E+000
 0.8282828   0.1313429449E+001   0.1025935906E+001   0.1116783404E+001   0.1012755328E+001
 0.8383838   0.1329004886E+001   0.1007244448E+001   0.1117255021E+001   0.9617011197E+000
 0.8484848   0.1338433884E+001   0.1046590841E+001   0.1126434269E+001   0.1009014906E+001
 0.8585859   0.1319339830E+001   0.1020537568E+001   0.1112149746E+001   0.9997278971E+000
 0.8686869   0.1330092230E+001   0.1001983439E+001   0.1120248801E+001   0.9845458798E+000
 0.8787879   0.1326447530E+001   0.1038738565E+001   0.1119540222E+001   0.1016644343E+001
 0.8888889   0.1335791332E+001   0.1015060757E+001   0.1129606333E+001   0.9803417471E+000
 0.8989899   0.1308484403E+001   0.9982019874E+000   0.1108023276E+001   0.9884605140E+000
 0.9090909   0.1315543949E+001   0.1048161950E+001   0.1105832974E+001   0.1005374398E+001
 0.9191919   0.1324775932E+001   0.9779116278E+000   0.1116761605E+001   0.9516557788E+000
 0.9292929   0.1326226728E+001   0.1051526511E+001   0.1107531447E+001   0.1002797093E+001
 0.9393939   0.1320762593E+001   0.1006781780E+001   0.1119289612E+001   0.9798677894E+000
 0.9494949   0.1326256172E+001   0.1020491792E+001   0.1124461349E+001   0.1002733045E+001
 0.9595960   0.1319733266E+001   0.1033077014E+001   0.1106425925E+001   0.9889652149E+000
 0.9696970   0.1331417008E+001   0.1060601669E+001   0.1118490684E+001   0.1029471944E+001
 0.9797980   0.1323326080E+001   0.1001179084E+001   0.1123557149E+001   0.9713852279E+000
 0.9898990   0.1318903939E+001   0.9784380556E+000   0.1123161264E+001   0.9735116326E+000
 1.0000000   0.1325644811E+001   0.1029830164E+001   0.1113614105E+001   0.9801496021E+000


