 0.0000000   0.1441576104E+000   0.1086730712E+001   0.7182970469E+000   0.1041565639E+001
 0.0101010   0.1439655760E+000   0.1018086438E+001   0.7198561667E+000   0.1014326673E+001
 0.0202020   0.1406998954E+000   0.1037265057E+001   0.7144752427E+000   0.9967419068E+000
 0.0303030   0.1360829446E+000   0.1026329633E+001   0.7126624367E+000   0.9842446389E+000
 0.0404040   0.1290846601E+000   0.1028435843E+001   0.7050859446E+000   0.9716435824E+000
 0.0505051   0.1224237408E+000   0.1043629097E+001   0.7181566497E+000   0.1010888673E+001
 0.0606061   0.1115389029E+000   0.1004997231E+001   0.7032147844E+000   0.9699940839E+000
 0.0707071   0.1050157059E+000   0.1041252583E+001   0.7220992903E+000   0.9965232093E+000
 0.0808081   0.9395420646E-001   0.1025843086E+001   0.7208261947E+000   0.1021113711E+001
 0.0909091   0.8648458203E-001   0.1037297493E+001   0.7209547844E+000   0.1015744500E+001
 0.1010101   0.7929583487E-001   0.1063432659E+001   0.7148215953E+000   0.1015479469E+001
 0.1111111   0.7309905421E-001   0.1046615417E+001   0.7141973469E+000   0.9851731769E+000
 0.1212121   0.6689167712E-001   0.9873517779E+000   0.7177924122E+000   0.9679813250E+000
 0.1313131   0.6391619829E-001   0.1041470989E+001   0.7240048648E+000   0.9907907386E+000
 0.1414141   0.6084178700E-001   0.1008543621E+001   0.7239594529E+000   0.1000713677E+001
 0.1515152   0.5859353847E-001   0.1025283015E+001   0.7324192371E+000   0.9994589460E+000
 0.1616162   0.5723700611E-001   0.9904700063E+000   0.7425429086E+000   0.9991364597E+000
 0.1717172   0.5717850713E-001   0.1024705646E+001   0.7430250639E+000   0.9787734933E+000
 0.1818182   0.5832714470E-001   0.9646786678E+000   0.7507420122E+000   0.9844763101E+000
 0.1919192   0.5952940330E-001   0.1007892729E+001   0.7609231238E+000   0.1010026857E+001
 0.2020202   0.6112597603E-001   0.9767774805E+000   0.7587270659E+000   0.9815090661E+000
 0.2121212   0.6298039786E-001   0.9323697561E+000   0.7676524783E+000   0.1002861732E+001
 0.2222222   0.6695189470E-001   0.9627649145E+000   0.7820641811E+000   0.9821651588E+000
 0.2323232   0.6998023007E-001   0.9770672465E+000   0.7924541594E+000   0.9870710268E+000
 0.2424242   0.7558705470E-001   0.1033208332E+001   0.7969083694E+000   0.9852973526E+000
 0.2525253   0.8073698393E-001   0.9326854713E+000   0.7936738343E+000   0.9556397401E+000
 0.2626263   0.8556802354E-001   0.9623951385E+000   0.8143494899E+000   0.9978743154E+000
 0.2727273   0.9250256034E-001   0.9577610445E+000   0.8231310530E+000   0.1010964661E+001
 0.2828283   0.1023251925E+000   0.9542406036E+000   0.8281268770E+000   0.1004594632E+001
 0.2929293   0.1104297394E+000   0.1002672616E+001   0.8335503888E+000   0.9969624578E+000
 0.3030303   0.1202679475E+000   0.9758865581E+000   0.8517997028E+000   0.9796705240E+000
 0.3131313   0.1312067580E+000   0.9690467824E+000   0.8577333245E+000   0.1001186286E+001
 0.3232323   0.1446979125E+000   0.9801443887E+000   0.8670241486E+000   0.9527540444E+000
 0.3333333   0.1553845878E+000   0.9613593331E+000   0.8729803158E+000   0.9887724197E+000
 0.3434343   0.1758215839E+000   0.1002895346E+001   0.9059603966E+000   0.9944289022E+000
 0.3535354   0.1929129337E+000   0.1026811856E+001   0.9115471639E+000   0.1019679203E+001
 0.3636364   0.2140949382E+000   0.9978352532E+000   0.9204716897E+000   0.1033490510E+001
 0.3737374   0.2401822340E+000   0.9684586007E+000   0.9268691105E+000   0.9845263510E+000
 0.3838384   0.2646321715E+000   0.1010584958E+001   0.9404271675E+000   0.9844077354E+000
 0.3939394   0.2962682327E+000   0.9689473105E+000   0.9552379110E+000   0.1029739290E+001
 0.4040404   0.3303388483E+000   0.1007088304E+001   0.9611451537E+000   0.1015688899E+001
 0.4141414   0.3636182582E+000   0.1007317522E+001   0.9803882922E+000   0.9976185504E+000
 0.4242424   0.4069006278E+000   0.9960144846E+000   0.9984797463E+000   0.1005497223E+001
 0.4343434   0.4587630939E+000   0.9887162732E+000   0.1009266702E+001   0.1003293567E+001
 0.4444444   0.5170484838E+000   0.9865624899E+000   0.1025092734E+001   0.9893692045E+000
 0.4545455   0.5796532611E+000   0.9693711474E+000   0.1041690403E+001   0.9769034439E+000
 0.4646465   0.6549510239E+000   0.1012418701E+001   0.1055310632E+001   0.9845133775E+000
 0.4747475   0.7347347810E+000   0.1024273159E+001   0.1072509810E+001   0.9841630907E+000
 0.4848485   0.8179808418E+000   0.1002452048E+001   0.1092997313E+001   0.1001012069E+001
 0.4949495   0.9223986683E+000   0.1021509570E+001   0.1112272082E+001   0.1003508557E+001
 0.5050505   0.9698838017E+000   0.9740744392E+000   0.1122910396E+001   0.1005916084E+001
 0.5151515   0.9873671462E+000   0.1006837462E+001   0.1118319970E+001   0.1012382489E+001
 0.5252525   0.9859545151E+000   0.9959971851E+000   0.1123920857E+001   0.1030842045E+001
 0.5353535   0.9912444925E+000   0.1005775707E+001   0.1117668030E+001   0.9978706086E+000
 0.5454545   0.9985822621E+000   0.1010145984E+001   0.1114712475E+001   0.9974332135E+000
 0.5555556   0.1003307094E+001   0.9942629138E+000   0.1110400350E+001   0.1016063280E+001
 0.5656566   0.1010939213E+001   0.9987369877E+000   0.1105918602E+001   0.9695010877E+000
 0.5757576   0.1022796639E+001   0.1031809238E+001   0.1110745812E+001   0.1041130097E+001
 0.5858586   0.1025536359E+001   0.1006292529E+001   0.1124985629E+001   0.9781174007E+000
 0.5959596   0.1034221772E+001   0.9863397593E+000   0.1115460983E+001   0.9894414859E+000
 0.6060606   0.1062099222E+001   0.1017965342E+001   0.1115050828E+001   0.9844522163E+000
 0.6161616   0.1071505143E+001   0.9639347908E+000   0.1121078188E+001   0.9962952449E+000
 0.6262626   0.1088143399E+001   0.9796318921E+000   0.1120860999E+001   0.1005085775E+001
 0.6363636   0.1088896557E+001   0.9887768213E+000   0.1126649961E+001   0.1007026252E+001
 0.6464646   0.1129222391E+001   0.1009503742E+001   0.1123169330E+001   0.9870969740E+000
 0.6565657   0.1135359630E+001   0.9772034798E+000   0.1133120507E+001   0.1002300161E+001
 0.6666667   0.1165643269E+001   0.9984061355E+000   0.1135106447E+001   0.1000001983E+001
 0.6767677   0.1171899367E+001   0.9784858026E+000   0.1136808932E+001   0.1014966085E+001
 0.6868687   0.1221516007E+001   0.1011315861E+001   0.1144870591E+001   0.1029809718E+001
 0.6969697   0.1238560579E+001   0.9649122105E+000   0.1134402252E+001   0.9896453565E+000
 0.7070707   0.1268087559E+001   0.1004545283E+001   0.1142704781E+001   0.9907740583E+000
 0.7171717   0.1311769597E+001   0.1000743726E+001   0.1147902174E+001   0.1003564159E+001
 0.7272727   0.1351559365E+001   0.1001818455E+001   0.1136309990E+001   0.9853918744E+000
 0.7373737   0.1370362063E+001   0.1001883328E+001   0.1133721808E+001   0.9940749087E+000
 0.7474747   0.1426361973E+001   0.1002685590E+001   0.1153920681E+001   0.1009947162E+001
 0.7575758   0.1463086227E+001   0.9967605240E+000   0.1153439054E+001   0.1001614414E+001
 0.7676768   0.1506902295E+001   0.1028254198E+001   0.1148763495E+001   0.1022826224E+001
 0.7777778   0.1557457976E+001   0.1018488651E+001   0.1154508428E+001   0.1014862297E+001
 0.7878788   0.1620785764E+001   0.1005241586E+001   0.1162019666E+001   0.9980281450E+000
 0.7979798   0.1651041182E+001   0.9805790377E+000   0.1165830266E+001   0.9951109420E+000
 0.8080808   0.1722234790E+001   0.9946283650E+000   0.1166472582E+001   0.1007272750E+001
 0.8181818   0.1786996471E+001   0.9814094120E+000   0.1165413433E+001   0.9826859555E+000
 0.8282828   0.1877461149E+001   0.9981617806E+000   0.1186358387E+001   0.1010052804E+001
 0.8383838   0.1932763664E+001   0.9898039770E+000   0.1180829121E+001   0.1009791479E+001
 0.8484848   0.2011103744E+001   0.9787431321E+000   0.1183083733E+001   0.9863667466E+000
 0.8585859   0.2088686209E+001   0.9911425230E+000   0.1192152940E+001   0.9940007739E+000
 0.8686869   0.2181048152E+001   0.9994614028E+000   0.1196207633E+001   0.1017636790E+001
 0.8787879   0.2277801410E+001   0.9808212302E+000   0.1197152516E+001   0.9799689164E+000
 0.8888889   0.2375468338E+001   0.1019597979E+001   0.1198015379E+001   0.1024307066E+001
 0.8989899   0.2489376708E+001   0.9908246453E+000   0.1205881775E+001   0.1001008363E+001
 0.9090909   0.2602303934E+001   0.1002839123E+001   0.1195865851E+001   0.9985582086E+000
 0.9191919   0.2754268943E+001   0.9925827034E+000   0.1222262509E+001   0.1001134392E+001
 0.9292929   0.2883746073E+001   0.1034579315E+001   0.1224588904E+001   0.1024635112E+001
 0.9393939   0.3013932322E+001   0.1006688254E+001   0.1228419399E+001   0.1036546715E+001
 0.9494949   0.3145497150E+001   0.9816429548E+000   0.1233363137E+001   0.1001466145E+001
 0.9595960   0.3339696547E+001   0.1005531352E+001   0.1232935103E+001   0.1017101167E+001
 0.9696970   0.3527183033E+001   0.1024368306E+001   0.1247701344E+001   0.1025213363E+001
 0.9797980   0.3736571969E+001   0.1006608244E+001   0.1249833201E+001   0.1014282192E+001
 0.9898990   0.3971633049E+001   0.1006802863E+001   0.1265623490E+001   0.1004891171E+001
 1.0000000   0.3973770269E+001   0.9924053839E+000   0.1242659822E+001   0.1001547693E+001


 0.0000000   0.1115526878E+001   0.1075162985E+001   0.8801273363E+000   0.9996222903E+000
 0.0101010   0.1117774341E+001   0.1028421380E+001   0.8831373187E+000   0.9750567793E+000
 0.0202020   0.1093642273E+001   0.1037525739E+001   0.8763400301E+000   0.9887572658E+000
 0.0303030   0.1090337163E+001   0.1062571567E+001   0.8787023960E+000   0.9780796948E+000
 0.0404040   0.1041706271E+001   0.1053327990E+001   0.8745604660E+000   0.9798595933E+000
 0.0505051   0.9979166837E+000   0.1045869929E+001   0.8721361155E+000   0.9815666943E+000
 0.0606061   0.9484025165E+000   0.1057385176E+001   0.8809011609E+000   0.9928848831E+000
 0.0707071   0.8859848373E+000   0.1031592437E+001   0.8712040765E+000   0.9670381365E+000
 0.0808081   0.8287086909E+000   0.1024779636E+001   0.8752556070E+000   0.9831554994E+000
 0.0909091   0.7584171747E+000   0.1051504909E+001   0.8748895227E+000   0.9899202056E+000
 0.1010101   0.7042958374E+000   0.1051056320E+001   0.8716413071E+000   0.9688471539E+000
 0.1111111   0.6425657286E+000   0.1051871735E+001   0.8754109272E+000   0.9934163048E+000
 0.1212121   0.5854349441E+000   0.1035919217E+001   0.8783990199E+000   0.9791752970E+000
 0.1313131   0.5347737985E+000   0.1019252936E+001   0.8750901440E+000   0.1001036381E+001
 0.1414141   0.4894668892E+000   0.1062885358E+001   0.8766159396E+000   0.1011584737E+001
 0.1515152   0.4589899848E+000   0.1040668069E+001   0.8777632519E+000   0.9796139018E+000
 0.1616162   0.4332962287E+000   0.1025570743E+001   0.8699035513E+000   0.9706052132E+000
 0.1717172   0.4065197742E+000   0.1015262044E+001   0.8778136860E+000   0.9742796662E+000
 0.1818182   0.3949089559E+000   0.1049027727E+001   0.8777299575E+000   0.9775937716E+000
 0.1919192   0.3866006315E+000   0.1029895314E+001   0.8827908740E+000   0.9692875787E+000
 0.2020202   0.3762757368E+000   0.1031687458E+001   0.8853592749E+000   0.9839508119E+000
 0.2121212   0.3778539582E+000   0.1030213524E+001   0.8909431400E+000   0.9972891309E+000
 0.2222222   0.3701846491E+000   0.1025798352E+001   0.8870807377E+000   0.9809661151E+000
 0.2323232   0.3779691785E+000   0.1046117426E+001   0.8986148893E+000   0.1003325862E+001
 0.2424242   0.3787330716E+000   0.1026602718E+001   0.9103534463E+000   0.9761578413E+000
 0.2525253   0.3868229196E+000   0.9990509810E+000   0.9061485550E+000   0.9813519417E+000
 0.2626263   0.3995787402E+000   0.9807781779E+000   0.9158534054E+000   0.9933162082E+000
 0.2727273   0.4041675123E+000   0.9926956077E+000   0.9179085163E+000   0.9890284364E+000
 0.2828283   0.4234191802E+000   0.1029044542E+001   0.9278354398E+000   0.1004102975E+001
 0.2929293   0.4415993255E+000   0.9903952101E+000   0.9216827788E+000   0.9938712890E+000
 0.3030303   0.4603096385E+000   0.1051588881E+001   0.9271743002E+000   0.9779450195E+000
 0.3131313   0.4739576917E+000   0.9910117432E+000   0.9455367325E+000   0.1010350819E+001
 0.3232323   0.4902216982E+000   0.9531159516E+000   0.9469605840E+000   0.9834976476E+000
 0.3333333   0.5198710193E+000   0.9985471475E+000   0.9517553115E+000   0.9839508119E+000
 0.3434343   0.5454482308E+000   0.9754680381E+000   0.9513263854E+000   0.9773080415E+000
 0.3535354   0.5753816684E+000   0.9430657994E+000   0.9660089497E+000   0.9942589356E+000
 0.3636364   0.5927156613E+000   0.9740891254E+000   0.9550807179E+000   0.9860637589E+000
 0.3737374   0.6267588663E+000   0.9776270088E+000   0.9820543576E+000   0.9969997609E+000
 0.3838384   0.6690351596E+000   0.9846850972E+000   0.9830729276E+000   0.9991309072E+000
 0.3939394   0.7002319237E+000   0.1000893951E+001   0.9948743624E+000   0.9936037583E+000
 0.4040404   0.7349193943E+000   0.9744051262E+000   0.9904353201E+000   0.9752860914E+000
 0.4141414   0.7820509661E+000   0.9871202924E+000   0.1004021843E+001   0.1022591716E+001
 0.4242424   0.8332383895E+000   0.1003837399E+001   0.1014021806E+001   0.1036641631E+001
 0.4343434   0.8844976234E+000   0.9929011187E+000   0.1009762740E+001   0.9899820834E+000
 0.4444444   0.9212784722E+000   0.9863490736E+000   0.1032842776E+001   0.1025447198E+001
 0.4545455   0.9872887011E+000   0.1015560367E+001   0.1028481979E+001   0.9968305067E+000
 0.4646465   0.1067375396E+001   0.9945253188E+000   0.1045069793E+001   0.1014070771E+001
 0.4747475   0.1119473239E+001   0.9782457517E+000   0.1046216656E+001   0.1004263130E+001
 0.4848485   0.1192068465E+001   0.9533148332E+000   0.1056102599E+001   0.1005544366E+001
 0.4949495   0.1273540850E+001   0.9843668866E+000   0.1059254187E+001   0.1006159504E+001
 0.5050505   0.1306812321E+001   0.9968058283E+000   0.1078729748E+001   0.1006829241E+001
 0.5151515   0.1314452864E+001   0.9939087857E+000   0.1073398100E+001   0.1016487647E+001
 0.5252525   0.1315735520E+001   0.9736847327E+000   0.1070424379E+001   0.1019230293E+001
 0.5353535   0.1312618530E+001   0.9920857040E+000   0.1085860173E+001   0.1006137665E+001
 0.5454545   0.1313125739E+001   0.9975461099E+000   0.1055570904E+001   0.9861765950E+000
 0.5555556   0.1321807820E+001   0.9983239581E+000   0.1070931345E+001   0.9904170484E+000
 0.5656566   0.1345282274E+001   0.1034955746E+001   0.1074648026E+001   0.1026404485E+001
 0.5757576   0.1319082775E+001   0.9923575089E+000   0.1070507673E+001   0.1002845399E+001
 0.5858586   0.1322123191E+001   0.9872418312E+000   0.1072409555E+001   0.1015526721E+001
 0.5959596   0.1314945355E+001   0.9669426451E+000   0.1082650486E+001   0.1012835034E+001
 0.6060606   0.1302256120E+001   0.1013416865E+001   0.1065983111E+001   0.1002809000E+001
 0.6161616   0.1315445004E+001   0.1013138431E+001   0.1076750494E+001   0.1037744513E+001
 0.6262626   0.1314260601E+001   0.1002805424E+001   0.1066291008E+001   0.1007295145E+001
 0.6363636   0.1305831332E+001   0.9671105896E+000   0.1074903711E+001   0.1039054867E+001
 0.6464646   0.1317058314E+001   0.9605607543E+000   0.1071651315E+001   0.1020074743E+001
 0.6565657   0.1302878866E+001   0.9628766205E+000   0.1065765186E+001   0.9974037869E+000
 0.6666667   0.1307333587E+001   0.9610402800E+000   0.1070812874E+001   0.9952762805E+000
 0.6767677   0.1318958039E+001   0.9755453810E+000   0.1069963332E+001   0.9917710816E+000
 0.6868687   0.1309285230E+001   0.9859491005E+000   0.1063224823E+001   0.9954637340E+000
 0.6969697   0.1318628469E+001   0.9891378362E+000   0.1076151108E+001   0.1027238016E+001
 0.7070707   0.1314265013E+001   0.9962445401E+000   0.1074220391E+001   0.1032781544E+001
 0.7171717   0.1312677305E+001   0.9938756388E+000   0.1065074339E+001   0.1010207044E+001
 0.7272727   0.1312972530E+001   0.9841260188E+000   0.1065164940E+001   0.9966230339E+000
 0.7373737   0.1311149805E+001   0.9782833182E+000   0.1065906012E+001   0.9994857950E+000
 0.7474747   0.1309619591E+001   0.9923597187E+000   0.1074335609E+001   0.1042035924E+001
 0.7575758   0.1317830709E+001   0.9903753219E+000   0.1069671080E+001   0.1014864263E+001
 0.7676768   0.1305338629E+001   0.9863667520E+000   0.1068524832E+001   0.1006010269E+001
 0.7777778   0.1310262990E+001   0.9883489390E+000   0.1070527698E+001   0.1029005175E+001
 0.7878788   0.1303249431E+001   0.9471539220E+000   0.1061177631E+001   0.9808696584E+000
 0.7979798   0.1315968286E+001   0.9776446872E+000   0.1066153878E+001   0.9967449697E+000
 0.8080808   0.1320941448E+001   0.9883842957E+000   0.1072891487E+001   0.1008618239E+001
 0.8181818   0.1316871438E+001   0.9942800314E+000   0.1069584656E+001   0.1010110588E+001
 0.8282828   0.1316414347E+001   0.1009439232E+001   0.1067241714E+001   0.1039892038E+001
 0.8383838   0.1311607610E+001   0.9935264910E+000   0.1061810022E+001   0.1017863520E+001
 0.8484848   0.1314615373E+001   0.9821151045E+000   0.1066041216E+001   0.1000686953E+001
 0.8585859   0.1305247254E+001   0.9699877440E+000   0.1064162563E+001   0.9915854480E+000
 0.8686869   0.1326015788E+001   0.9723257082E+000   0.1075568482E+001   0.1007586335E+001
 0.8787879   0.1319291453E+001   0.9886450517E+000   0.1068471980E+001   0.9966466931E+000
 0.8888889   0.1302377178E+001   0.9960942740E+000   0.1068821843E+001   0.1013093465E+001
 0.8989899   0.1304928403E+001   0.9795782587E+000   0.1070304856E+001   0.1003904602E+001
 0.9090909   0.1311422934E+001   0.9581100905E+000   0.1073988628E+001   0.9897345720E+000
 0.9191919   0.1322382202E+001   0.9806124432E+000   0.1075320710E+001   0.1010556472E+001
 0.9292929   0.1312103753E+001   0.9633937128E+000   0.1066984664E+001   0.9952107627E+000
 0.9393939   0.1312190626E+001   0.1012360582E+001   0.1071501428E+001   0.1039083986E+001
 0.9494949   0.1312256960E+001   0.9653427528E+000   0.1065107716E+001   0.9862584921E+000
 0.9595960   0.1311708263E+001   0.9787716831E+000   0.1071553552E+001   0.9872976762E+000
 0.9696970   0.1319798896E+001   0.9818079428E+000   0.1072048002E+001   0.1011349965E+001
 0.9797980   0.1319564430E+001   0.9836487029E+000   0.1069508346E+001   0.1000222869E+001
 0.9898990   0.1310812971E+001   0.9766480692E+000   0.1072150183E+001   0.1001445867E+001
 1.0000000   0.1316655500E+001   0.1002060723E+001   0.1077306989E+001   0.1038534365E+001


