Compiled using GNU Fortran (Ubuntu 9.4.0-1ubuntu1~20.04.2) 9.4.0 with all optimizations
Last Brick update unknown
Compiled at 18:43:37 on Sep  2 2023
Starting at 16:56:21 on Sep 11 2023

Settings
OK                      

Forcefield
OK                      

Topology
OK                      

Configuration
OK                      Read from ./INPUT/restart.in

 F
Monte Carlo Simulation initialized.

#########################################################################################################################
###########################################   ENERGY STARTING CONFIGURATION   ###########################################
#########################################################################################################################
                                               Box 1               Box 2
-------------------------------------------------------------------------------------------------------------------------
Lennard Jones        
 Intermolecular                         -0.4531918727E+006  -0.8222469845E+005
 Tailcorrection                         -0.1123668440E+005  -0.2000990985E+004
Total Intermolecular                    -0.4644285571E+006  -0.8422568944E+005

Electrostatic        
 Real                                   -0.1234893639E+006  -0.9225069843E+004
 Exclusion                               0.7725958167E+007   0.3026781232E+007
 Selfterm                               -0.7750773169E+007  -0.3029833382E+007
 Fourier                                 0.1228334967E+005   0.2970068650E+004
Total Intermolecular                    -0.1360210163E+006  -0.9307151899E+004

Intramolecular       
 Lennard Jones                           0.0000000000E+000   0.0000000000E+000
 Electrostatic                           0.0000000000E+000   0.0000000000E+000
 Bending                                 0.0000000000E+000   0.0000000000E+000
 Torsion                                 0.0000000000E+000   0.0000000000E+000

Total                                   -0.6004495734E+006  -0.9353284134E+005

#########################################################################################################################

Simulation is running...



#########################################################################################################################
###############################################   RELATIVE ENERGY DRIFTS   ##############################################
#########################################################################################################################
                                               Box 1               Box 2                                                 
-------------------------------------------------------------------------------------------------------------------------

Lennard Jones        
 Intermolecular                          0.4975615261E-014   0.1306167019E-014
 Tailcorrection                          0.0000000000E+000   0.0000000000E+000

Electrostatic        
 Real                                    0.1233989682E-014   0.2545640559E-014
 Exclusion                               0.2162666411E-015   0.0000000000E+000
 Selfterm                                0.0000000000E+000   0.0000000000E+000
 Fourier                                 0.1313464589E-015   0.3785273208E-015

Intramolecular       
 Lennard Jones                           0.0000000000E+000   0.0000000000E+000
 Electrostatic                           0.0000000000E+000   0.0000000000E+000
 Bending                                 0.0000000000E+000   0.0000000000E+000
 Torsion                                 0.0000000000E+000   0.0000000000E+000

Total                                    0.1388083908E-014   0.1702080268E-014

#########################################################################################################################
############################################   TRIAL MOVE ACCEPTANCE RATES   ############################################
#########################################################################################################################
                                               Box 1               Box 2
-------------------------------------------------------------------------------------------------------------------------
Translation
 CO2                                          0.48784             0.47938
 AR                                           0.46537             0.51249
-------------------------------------------------------------------------------------------------------------------------
Rotation
 CO2                                          0.48491             0.67024
 AR                                           0.00000             0.00000
-------------------------------------------------------------------------------------------------------------------------
Lambda Move
 cd                                           0.75398             0.92740
 Ar                                           0.83271             0.95520
-------------------------------------------------------------------------------------------------------------------------
GE Swap Fractional
 cd                                           0.33736             0.39276
 Ar                                           0.41433             0.48873
-------------------------------------------------------------------------------------------------------------------------
GE Identity Change
 cd                                           0.71095             0.85070
 Ar                                           0.80498             0.96363
-------------------------------------------------------------------------------------------------------------------------
Volume                                        0.49495             0.50148

#########################################################################################################################
######################################################   AVERAGES   #####################################################
#########################################################################################################################
                                                       Boltzmann                                    Biased
                                               Box 1               Box 2                  Box 1               Box 2      
-------------------------------------------------------------------------------------------------------------------------
Density
 CO2                                     0.8700664264E+003   0.8041432487E+002      0.8674616675E+003   0.8023802275E+002
 AR                                      0.1107641124E+003   0.1143499965E+003      0.1116931737E+003   0.1146410722E+003
 Total                                   0.9808305388E+003   0.1947643214E+003      0.9791548412E+003   0.1948790949E+003

Number of molecules
 CO2                                     0.4592789153E+003   0.1857210847E+003      0.4607618700E+003   0.1842381300E+003
 AR                                      0.6497046989E+002   0.2900295301E+003      0.6592913000E+002   0.2890708700E+003
 Total                                   0.5242493852E+003   0.4757506148E+003      0.5266910000E+003   0.4733090000E+003

Mole fractions
 CO2                                          0.87607             0.39037                 0.87482             0.38926
 AR                                           0.12393             0.60963                 0.12518             0.61074

Volume                                   0.3865509406E+005   0.1689855069E+006      0.3889828036E+005   0.1680095070E+006

#########################################################################################################################
#######################################   PROPERTIES FROM THE CFC GIBBS ENSEMBLE   ######################################
#########################################################################################################################
                                                       Boltzmann                                    Biased
                                               Box 1               Box 2                  Box 1               Box 2      
Chemical Potentials (as an indication)
=========================================================================================================================

Total cd                                -0.1938858968E+004  -0.1937838366E+004     -0.1939617522E+004  -0.1938393658E+004
 Ideal gas                              -0.1120978452E+004  -0.1723466892E+004     -0.1121737007E+004  -0.1724022183E+004
 Excess                                 -0.8178805158E+003  -0.2143714745E+003     -0.8178805158E+003  -0.2143714745E+003

-------------------------------------------------------------------------------------------------------------------------

Total Ar                                -0.1685474116E+004  -0.1683497452E+004     -0.1683360867E+004  -0.1682854264E+004
 Ideal gas                              -0.1617953553E+004  -0.1609892704E+004     -0.1615840304E+004  -0.1609249516E+004
 Excess                                 -0.6752056309E+002  -0.7360474796E+002     -0.6752056309E+002  -0.7360474796E+002

-------------------------------------------------------------------------------------------------------------------------

#########################################################################################################################
#########################################   PROPERTIES FROM UMBRELLA SAMPLING   #########################################
#########################################################################################################################

Excess Partial Molar Enthalpy
=========================================================================================================================


Partial Molar Volume
=========================================================================================================================


#########################################################################################################################
##################################################   AVERAGE ENERGIES   #################################################
#########################################################################################################################
                                                       Boltzmann                                    Biased
                                               Box 1               Box 2                  Box 1               Box 2      
-------------------------------------------------------------------------------------------------------------------------
Lennard Jones        
 Intermolecular                         -0.4952879760E+006  -0.6945567752E+005     -0.4965210804E+006  -0.6892602176E+005
 Tailcorrection                         -0.1219898564E+005  -0.1608008197E+004     -0.1223207176E+005  -0.1596808409E+004
Total Intermolecular                    -0.5074869616E+006  -0.7106368572E+005     -0.5087531522E+006  -0.7052283017E+005

Electrostatic        
 Real                                   -0.1352745016E+006  -0.7946697529E+004     -0.1352688156E+006  -0.7855841202E+004
 Exclusion                               0.8412147134E+007   0.2522429222E+007      0.8437320126E+007   0.2501743696E+007
 Selfterm                               -0.8439166535E+007  -0.2524972919E+007     -0.8464420210E+007  -0.2504266494E+007
 Fourier                                 0.1356176485E+005   0.2439280623E+004      0.1364198690E+005   0.2420772862E+004
Total Intermolecular                    -0.1487321378E+006  -0.8051113495E+004     -0.1487269125E+006  -0.7957866445E+004

Intramolecular       
 Lennard Jones                           0.0000000000E+000   0.0000000000E+000      0.0000000000E+000   0.0000000000E+000
 Electrostatic                           0.0000000000E+000   0.0000000000E+000      0.0000000000E+000   0.0000000000E+000
 Bending                                 0.0000000000E+000   0.0000000000E+000      0.0000000000E+000   0.0000000000E+000
 Torsion                                 0.0000000000E+000   0.0000000000E+000      0.0000000000E+000   0.0000000000E+000

Total                                   -0.6562190994E+006  -0.7911479921E+005     -0.6574800647E+006  -0.7848069662E+005

#########################################################################################################################

No errors found in bookkeeping.

Total simulation time:  16 hours and  20 minutes

Simulation finished.

