Compiled using GNU Fortran (Ubuntu 9.4.0-1ubuntu1~20.04.2) 9.4.0 with all optimizations
Last Brick update unknown
Compiled at 18:43:37 on Sep  2 2023
Starting at 16:56:21 on Sep 11 2023

Settings
OK                      

Forcefield
OK                      

Topology
OK                      

Configuration
OK                      Read from ./INPUT/restart.in

 F
Monte Carlo Simulation initialized.

#########################################################################################################################
###########################################   ENERGY STARTING CONFIGURATION   ###########################################
#########################################################################################################################
                                               Box 1               Box 2
-------------------------------------------------------------------------------------------------------------------------
Lennard Jones        
 Intermolecular                         -0.5342216184E+006  -0.4531737500E+005
 Tailcorrection                         -0.1332556022E+005  -0.9639329950E+003
Total Intermolecular                    -0.5475471786E+006  -0.4628130799E+005

Electrostatic        
 Real                                   -0.1601582854E+006  -0.1023273755E+005
 Exclusion                               0.9190594786E+007   0.3162511332E+007
 Selfterm                               -0.9220114054E+007  -0.3165700350E+007
 Fourier                                 0.1358439880E+005   0.2737663226E+004
Total Intermolecular                    -0.1760931545E+006  -0.1068409277E+005

Intramolecular       
 Lennard Jones                           0.0000000000E+000   0.0000000000E+000
 Electrostatic                           0.0000000000E+000   0.0000000000E+000
 Bending                                 0.0000000000E+000   0.0000000000E+000
 Torsion                                 0.0000000000E+000   0.0000000000E+000

Total                                   -0.7236403331E+006  -0.5696540076E+005

#########################################################################################################################

Simulation is running...



#########################################################################################################################
###############################################   RELATIVE ENERGY DRIFTS   ##############################################
#########################################################################################################################
                                               Box 1               Box 2                                                 
-------------------------------------------------------------------------------------------------------------------------

Lennard Jones        
 Intermolecular                          0.3421301502E-014   0.1884969280E-014
 Tailcorrection                          0.0000000000E+000   0.0000000000E+000

Electrostatic        
 Real                                    0.4709663222E-014   0.5919133412E-014
 Exclusion                               0.0000000000E+000   0.0000000000E+000
 Selfterm                                0.0000000000E+000   0.0000000000E+000
 Fourier                                 0.2788872606E-015   0.4629322714E-015

Intramolecular       
 Lennard Jones                           0.0000000000E+000   0.0000000000E+000
 Electrostatic                           0.0000000000E+000   0.0000000000E+000
 Bending                                 0.0000000000E+000   0.0000000000E+000
 Torsion                                 0.0000000000E+000   0.0000000000E+000

Total                                    0.3164226393E-014   0.0000000000E+000

#########################################################################################################################
############################################   TRIAL MOVE ACCEPTANCE RATES   ############################################
#########################################################################################################################
                                               Box 1               Box 2
-------------------------------------------------------------------------------------------------------------------------
Translation
 CO2                                          0.49374             0.48672
 AR                                           0.50265             0.64298
-------------------------------------------------------------------------------------------------------------------------
Rotation
 CO2                                          0.48921             0.74822
 AR                                           0.00000             0.00000
-------------------------------------------------------------------------------------------------------------------------
Lambda Move
 cd                                           0.74079             0.94693
 Ar                                           0.82512             0.97174
-------------------------------------------------------------------------------------------------------------------------
GE Swap Fractional
 cd                                           0.37233             0.36019
 Ar                                           0.47515             0.44081
-------------------------------------------------------------------------------------------------------------------------
GE Identity Change
 cd                                           0.81522             0.76375
 Ar                                           0.92670             0.84215
-------------------------------------------------------------------------------------------------------------------------
Volume                                        0.47656             0.49484

#########################################################################################################################
######################################################   AVERAGES   #####################################################
#########################################################################################################################
                                                       Boltzmann                                    Biased
                                               Box 1               Box 2                  Box 1               Box 2      
-------------------------------------------------------------------------------------------------------------------------
Density
 CO2                                     0.9691000524E+003   0.6155333084E+002      0.9666082206E+003   0.6148046169E+002
 AR                                      0.4570016537E+002   0.4890716071E+002      0.4617789667E+002   0.4905929202E+002
 Total                                   0.1014800218E+004   0.1104604916E+003      0.1012786117E+004   0.1105397537E+003

Number of molecules
 CO2                                     0.4588629050E+003   0.2761370950E+003      0.4604852800E+003   0.2745147200E+003
 AR                                      0.2401575912E+002   0.2409842409E+003      0.2440856000E+002   0.2405914400E+003
 Total                                   0.4828786641E+003   0.5171213359E+003      0.4848938400E+003   0.5151061600E+003

Mole fractions
 CO2                                          0.95027             0.53399                 0.94966             0.53293
 AR                                           0.04973             0.46601                 0.05034             0.46707

Volume                                   0.3464573683E+005   0.3282481074E+006      0.3485666175E+005   0.3267077311E+006

#########################################################################################################################
#######################################   PROPERTIES FROM THE CFC GIBBS ENSEMBLE   ######################################
#########################################################################################################################
                                                       Boltzmann                                    Biased
                                               Box 1               Box 2                  Box 1               Box 2      
Chemical Potentials (as an indication)
=========================================================================================================================

Total cd                                -0.1938527457E+004  -0.1935511072E+004     -0.1939178830E+004  -0.1935810761E+004
 Ideal gas                              -0.1093705483E+004  -0.1791090848E+004     -0.1094356856E+004  -0.1791390536E+004
 Excess                                 -0.8448219744E+003  -0.1444202248E+003     -0.8448219744E+003  -0.1444202248E+003

-------------------------------------------------------------------------------------------------------------------------

Total Ar                                -0.1876597836E+004  -0.1875835405E+004     -0.1873966803E+004  -0.1875049641E+004
 Ideal gas                              -0.1841934684E+004  -0.1824775742E+004     -0.1839303651E+004  -0.1823989978E+004
 Excess                                 -0.3466315223E+002  -0.5105966352E+002     -0.3466315223E+002  -0.5105966352E+002

-------------------------------------------------------------------------------------------------------------------------

#########################################################################################################################
#########################################   PROPERTIES FROM UMBRELLA SAMPLING   #########################################
#########################################################################################################################

Excess Partial Molar Enthalpy
=========================================================================================================================


Partial Molar Volume
=========================================================================================================================


#########################################################################################################################
##################################################   AVERAGE ENERGIES   #################################################
#########################################################################################################################
                                                       Boltzmann                                    Biased
                                               Box 1               Box 2                  Box 1               Box 2      
-------------------------------------------------------------------------------------------------------------------------
Lennard Jones        
 Intermolecular                         -0.4958057292E+006  -0.5242752907E+005     -0.4970602515E+006  -0.5210137769E+005
 Tailcorrection                         -0.1212551673E+005  -0.1096395565E+004     -0.1215931459E+005  -0.1090301994E+004
Total Intermolecular                    -0.5079312459E+006  -0.5352392464E+005     -0.5092195661E+006  -0.5319167969E+005

Electrostatic        
 Real                                   -0.1485574666E+006  -0.9096044201E+004     -0.1486576192E+006  -0.9015392830E+004
 Exclusion                               0.8403631918E+007   0.3749850944E+007      0.8432078569E+007   0.3727191650E+007
 Selfterm                               -0.8430623855E+007  -0.3753632369E+007     -0.8459161789E+007  -0.3730950178E+007
 Fourier                                 0.1241532111E+005   0.3188859257E+004      0.1248958116E+005   0.3174216589E+004
Total Intermolecular                    -0.1631340822E+006  -0.9688610321E+004     -0.1632512573E+006  -0.9599703607E+004

Intramolecular       
 Lennard Jones                           0.0000000000E+000   0.0000000000E+000      0.0000000000E+000   0.0000000000E+000
 Electrostatic                           0.0000000000E+000   0.0000000000E+000      0.0000000000E+000   0.0000000000E+000
 Bending                                 0.0000000000E+000   0.0000000000E+000      0.0000000000E+000   0.0000000000E+000
 Torsion                                 0.0000000000E+000   0.0000000000E+000      0.0000000000E+000   0.0000000000E+000

Total                                   -0.6710653281E+006  -0.6321253496E+005     -0.6724708234E+006  -0.6279138329E+005

#########################################################################################################################

No errors found in bookkeeping.

Total simulation time:  17 hours and  37 minutes

Simulation finished.

