#   100 bins for weightfunction of cd                      
 0.0000000    0.3085937500E+001    0.1723776245E+001
 0.0101010    0.3111587524E+001    0.1776130676E+001
 0.0202020    0.3147900391E+001    0.1787501526E+001
 0.0303030    0.3165005493E+001    0.1779446411E+001
 0.0404040    0.3181488037E+001    0.1766069031E+001
 0.0505051    0.3241397095E+001    0.1772790527E+001
 0.0606061    0.3315850830E+001    0.1781820679E+001
 0.0707071    0.3347605896E+001    0.1758358765E+001
 0.0808081    0.3436956787E+001    0.1810331726E+001
 0.0909091    0.3477694702E+001    0.1793965149E+001
 0.1010101    0.3547503662E+001    0.1789067078E+001
 0.1111111    0.3586152649E+001    0.1771958923E+001
 0.1212121    0.3638169861E+001    0.1764924622E+001
 0.1313131    0.3687205505E+001    0.1752465820E+001
 0.1414141    0.3714636230E+001    0.1742053223E+001
 0.1515152    0.3693183899E+001    0.1722341919E+001
 0.1616162    0.3720297241E+001    0.1734057617E+001
 0.1717172    0.3740213013E+001    0.1758648682E+001
 0.1818182    0.3702767944E+001    0.1705911255E+001
 0.1919192    0.3655776978E+001    0.1686537170E+001
 0.2020202    0.3657928467E+001    0.1674853516E+001
 0.2121212    0.3578720093E+001    0.1634796143E+001
 0.2222222    0.3540296936E+001    0.1607568359E+001
 0.2323232    0.3481214905E+001    0.1601118469E+001
 0.2424242    0.3398641968E+001    0.1573472595E+001
 0.2525253    0.3355572510E+001    0.1523387146E+001
 0.2626263    0.3297988892E+001    0.1515162659E+001
 0.2727273    0.3226951599E+001    0.1485620117E+001
 0.2828283    0.3162550354E+001    0.1485087585E+001
 0.2929293    0.3074731445E+001    0.1464791870E+001
 0.3030303    0.2976663208E+001    0.1430406189E+001
 0.3131313    0.2909283447E+001    0.1396453857E+001
 0.3232323    0.2819544983E+001    0.1368623352E+001
 0.3333333    0.2750006104E+001    0.1326580811E+001
 0.3434343    0.2646673584E+001    0.1301524353E+001
 0.3535354    0.2560028076E+001    0.1288072205E+001
 0.3636364    0.2440348816E+001    0.1267204285E+001
 0.3737374    0.2394805908E+001    0.1255404663E+001
 0.3838384    0.2275587463E+001    0.1178834534E+001
 0.3939394    0.2171258545E+001    0.1166056824E+001
 0.4040404    0.2067634583E+001    0.1148837280E+001
 0.4141414    0.1995227051E+001    0.1084851074E+001
 0.4242424    0.1898457336E+001    0.1079849243E+001
 0.4343434    0.1781109619E+001    0.1048960876E+001
 0.4444444    0.1695619202E+001    0.9781448364E+000
 0.4545455    0.1572839355E+001    0.9516830444E+000
 0.4646465    0.1473968506E+001    0.9492584229E+000
 0.4747475    0.1367576599E+001    0.9141571045E+000
 0.4848485    0.1275758362E+001    0.8780258179E+000
 0.4949495    0.1127217102E+001    0.8184463501E+000
 0.5050505    0.1091671753E+001    0.8145462036E+000
 0.5151515    0.1120097351E+001    0.8277114868E+000
 0.5252525    0.1109521484E+001    0.8247985840E+000
 0.5353535    0.1109208679E+001    0.8265975952E+000
 0.5454545    0.1071208191E+001    0.8059417725E+000
 0.5555556    0.1091950989E+001    0.8069412231E+000
 0.5656566    0.1075074768E+001    0.8218536377E+000
 0.5757576    0.1083468628E+001    0.8072631836E+000
 0.5858586    0.1072515869E+001    0.8105926514E+000
 0.5959596    0.1071603394E+001    0.7771606445E+000
 0.6060606    0.1068716431E+001    0.8006683350E+000
 0.6161616    0.1041175842E+001    0.7969818115E+000
 0.6262626    0.1040080261E+001    0.7856399536E+000
 0.6363636    0.1006761169E+001    0.7864181519E+000
 0.6464646    0.9916641235E+000    0.7956939697E+000
 0.6565657    0.9833358765E+000    0.7848358154E+000
 0.6666667    0.9844360352E+000    0.7834045410E+000
 0.6767677    0.9495468140E+000    0.7583068848E+000
 0.6868687    0.9456268311E+000    0.7792572021E+000
 0.6969697    0.9097747803E+000    0.7815429688E+000
 0.7070707    0.9338531494E+000    0.7680664063E+000
 0.7171717    0.8934417725E+000    0.7673721313E+000
 0.7272727    0.8887786865E+000    0.7784088135E+000
 0.7373737    0.8258056641E+000    0.7451812744E+000
 0.7474747    0.8196105957E+000    0.7426788330E+000
 0.7575758    0.8205139160E+000    0.7629989624E+000
 0.7676768    0.7731338501E+000    0.7390075684E+000
 0.7777778    0.7570968628E+000    0.7283569336E+000
 0.7878788    0.7295349121E+000    0.7280700684E+000
 0.7979798    0.6947982788E+000    0.7121856689E+000
 0.8080808    0.6874160767E+000    0.7086425781E+000
 0.8181818    0.6396041870E+000    0.7077743530E+000
 0.8282828    0.6157806396E+000    0.7093032837E+000
 0.8383838    0.5890380859E+000    0.7023208618E+000
 0.8484848    0.5561996460E+000    0.6979522705E+000
 0.8585859    0.5294250488E+000    0.7014785767E+000
 0.8686869    0.5103302002E+000    0.7065872192E+000
 0.8787879    0.4647979736E+000    0.6981826782E+000
 0.8888889    0.3923278809E+000    0.6522659302E+000
 0.8989899    0.3867874146E+000    0.6807754517E+000
 0.9090909    0.3411895752E+000    0.6560699463E+000
 0.9191919    0.2856231689E+000    0.6347640991E+000
 0.9292929    0.2701751709E+000    0.6447814941E+000
 0.9393939    0.2182098389E+000    0.6378143311E+000
 0.9494949    0.1835250854E+000    0.6379913330E+000
 0.9595960    0.1405334473E+000    0.6249588013E+000
 0.9696970    0.1160995483E+000    0.6203247070E+000
 0.9797980    0.6905212402E-001    0.6262496948E+000
 0.9898990    0.0000000000E+000    0.5731643677E+000
 1.0000000    0.8483886719E-003    0.5994689941E+000


#   100 bins for weightfunction of Ar                      
 0.0000000    0.1723983765E+001    0.3786804199E+000
 0.0101010    0.1742460632E+001    0.3947937012E+000
 0.0202020    0.1768582153E+001    0.4180419922E+000
 0.0303030    0.1785099792E+001    0.4051147461E+000
 0.0404040    0.1789799500E+001    0.3929061890E+000
 0.0505051    0.1826223755E+001    0.3985671997E+000
 0.0606061    0.1904409790E+001    0.4362487793E+000
 0.0707071    0.1941351318E+001    0.4223907471E+000
 0.0808081    0.2007667542E+001    0.4281494141E+000
 0.0909091    0.2056655884E+001    0.4248596191E+000
 0.1010101    0.2136254883E+001    0.4361938477E+000
 0.1111111    0.2185148621E+001    0.4352218628E+000
 0.1212121    0.2277859497E+001    0.4345046997E+000
 0.1313131    0.2346392822E+001    0.4689620972E+000
 0.1414141    0.2404782104E+001    0.4491653442E+000
 0.1515152    0.2448696899E+001    0.4456909180E+000
 0.1616162    0.2505972290E+001    0.4551681519E+000
 0.1717172    0.2541026306E+001    0.4657684326E+000
 0.1818182    0.2555813599E+001    0.4565750122E+000
 0.1919192    0.2577146912E+001    0.4568908691E+000
 0.2020202    0.2592506409E+001    0.4488098145E+000
 0.2121212    0.2588435364E+001    0.4345153809E+000
 0.2222222    0.2580244446E+001    0.4394226074E+000
 0.2323232    0.2540824890E+001    0.4218292236E+000
 0.2424242    0.2563351440E+001    0.4089218140E+000
 0.2525253    0.2516932678E+001    0.3886642456E+000
 0.2626263    0.2488339233E+001    0.3990570068E+000
 0.2727273    0.2484185791E+001    0.3531753540E+000
 0.2828283    0.2431523132E+001    0.3598159790E+000
 0.2929293    0.2387075806E+001    0.3415390015E+000
 0.3030303    0.2365722656E+001    0.3121887207E+000
 0.3131313    0.2318104553E+001    0.3146484375E+000
 0.3232323    0.2285369873E+001    0.3120285034E+000
 0.3333333    0.2263740540E+001    0.2934326172E+000
 0.3434343    0.2199603271E+001    0.2914047241E+000
 0.3535354    0.2176493835E+001    0.2598846436E+000
 0.3636364    0.2122148132E+001    0.2491973877E+000
 0.3737374    0.2087908936E+001    0.2164062500E+000
 0.3838384    0.2028025818E+001    0.2245697021E+000
 0.3939394    0.1991741943E+001    0.1748352051E+000
 0.4040404    0.1913877869E+001    0.2011810303E+000
 0.4141414    0.1869219971E+001    0.1617401123E+000
 0.4242424    0.1825846863E+001    0.1482879639E+000
 0.4343434    0.1734071350E+001    0.1217819214E+000
 0.4444444    0.1711083984E+001    0.1151397705E+000
 0.4545455    0.1665777588E+001    0.1079818726E+000
 0.4646465    0.1604161072E+001    0.5471496582E-001
 0.4747475    0.1549626160E+001    0.8074340820E-001
 0.4848485    0.1494216919E+001    0.1862640381E-001
 0.4949495    0.1443280029E+001    0.2406311035E-001
 0.5050505    0.1404104614E+001    0.1207122803E-001
 0.5151515    0.1427757263E+001    0.7960510254E-002
 0.5252525    0.1393257141E+001    0.2343902588E-001
 0.5353535    0.1421051025E+001    0.1090087891E-001
 0.5454545    0.1373492432E+001    0.2662048340E-001
 0.5555556    0.1395553589E+001    0.2584991455E-001
 0.5656566    0.1393377686E+001    0.2435913086E-001
 0.5757576    0.1393760681E+001    0.2601928711E-001
 0.5858586    0.1405853271E+001    0.3273925781E-001
 0.5959596    0.1402926636E+001    0.5340576172E-002
 0.6060606    0.1411621094E+001    0.2169799805E-002
 0.6161616    0.1375468445E+001    0.8018493652E-002
 0.6262626    0.1389970398E+001    0.1490783691E-001
 0.6363636    0.1397377014E+001    0.2381896973E-001
 0.6464646    0.1386425781E+001    0.2062377930E-001
 0.6565657    0.1384225464E+001    0.1637268066E-002
 0.6666667    0.1399395752E+001    0.2182464600E-001
 0.6767677    0.1397073364E+001    0.1676025391E-001
 0.6868687    0.1404899597E+001    0.2210845947E-001
 0.6969697    0.1394769287E+001    0.1111907959E-001
 0.7070707    0.1393435669E+001    0.1136779785E-001
 0.7171717    0.1391264343E+001    0.5615234375E-002
 0.7272727    0.1395703125E+001    0.1769561768E-001
 0.7373737    0.1396109009E+001    0.1096038818E-001
 0.7474747    0.1408372498E+001    0.9996032715E-002
 0.7575758    0.1387214661E+001    0.0000000000E+000
 0.7676768    0.1402873230E+001    0.2096862793E-001
 0.7777778    0.1401953125E+001    0.1949768066E-001
 0.7878788    0.1405979919E+001    0.2677459717E-001
 0.7979798    0.1399075317E+001    0.1755371094E-001
 0.8080808    0.1400724792E+001    0.1957550049E-001
 0.8181818    0.1397413635E+001    0.1364746094E-001
 0.8282828    0.1370350647E+001    0.7324218750E-003
 0.8383838    0.1393472290E+001    0.1639251709E-001
 0.8484848    0.1396116638E+001    0.1705169678E-001
 0.8585859    0.1399455261E+001    0.1240081787E-001
 0.8686869    0.1388674927E+001    0.1175079346E-001
 0.8787879    0.1396621704E+001    0.1836853027E-001
 0.8888889    0.1399626160E+001    0.2483520508E-001
 0.8989899    0.1397604370E+001    0.1790618896E-001
 0.9090909    0.1401312256E+001    0.1704406738E-001
 0.9191919    0.1409999084E+001    0.3088226318E-001
 0.9292929    0.1400767517E+001    0.2356414795E-001
 0.9393939    0.1390373230E+001    0.8374023437E-002
 0.9494949    0.1411166382E+001    0.2501373291E-001
 0.9595960    0.1422854614E+001    0.3174133301E-001
 0.9696970    0.1400038147E+001    0.2154541016E-001
 0.9797980    0.1387434387E+001    0.9147644043E-002
 0.9898990    0.1405935669E+001    0.8695983887E-002
 1.0000000    0.1408662415E+001    0.1908569336E-001


