#   100 bins for weightfunction of cd                      
 0.0000000    0.3348196411E+001    0.1098153687E+001
 0.0101010    0.3326300049E+001    0.1074980164E+001
 0.0202020    0.3291535950E+001    0.1061732483E+001
 0.0303030    0.3362939453E+001    0.1071148682E+001
 0.0404040    0.3383689880E+001    0.1078030396E+001
 0.0505051    0.3491079712E+001    0.1097747803E+001
 0.0606061    0.3553637695E+001    0.1086914062E+001
 0.0707071    0.3657501221E+001    0.1102333069E+001
 0.0808081    0.3692689514E+001    0.1085763550E+001
 0.0909091    0.3806080627E+001    0.1082910156E+001
 0.1010101    0.3869590759E+001    0.1065310669E+001
 0.1111111    0.3951936340E+001    0.1055174255E+001
 0.1212121    0.4010408020E+001    0.1077485657E+001
 0.1313131    0.4110546875E+001    0.1102888489E+001
 0.1414141    0.4079983521E+001    0.1048796082E+001
 0.1515152    0.4135693359E+001    0.1039370728E+001
 0.1616162    0.4182073975E+001    0.1036677551E+001
 0.1717172    0.4168997192E+001    0.1008836365E+001
 0.1818182    0.4195172119E+001    0.1029653931E+001
 0.1919192    0.4124871826E+001    0.1021246338E+001
 0.2020202    0.4125436401E+001    0.1001364136E+001
 0.2121212    0.4089888000E+001    0.9925689697E+000
 0.2222222    0.4054907227E+001    0.1005635071E+001
 0.2323232    0.3986067200E+001    0.9909545898E+000
 0.2424242    0.3895709229E+001    0.9882110596E+000
 0.2525253    0.3848483276E+001    0.9759017944E+000
 0.2626263    0.3822076416E+001    0.9363342285E+000
 0.2727273    0.3689920044E+001    0.9231613159E+000
 0.2828283    0.3609092712E+001    0.9118988037E+000
 0.2929293    0.3570254517E+001    0.9044387817E+000
 0.3030303    0.3443130493E+001    0.9122406006E+000
 0.3131313    0.3343981934E+001    0.8978698730E+000
 0.3232323    0.3322914124E+001    0.8676757813E+000
 0.3333333    0.3237452698E+001    0.8613052368E+000
 0.3434343    0.3080418396E+001    0.8286727905E+000
 0.3535354    0.2979139709E+001    0.8202560425E+000
 0.3636364    0.2890054321E+001    0.8252243042E+000
 0.3737374    0.2792045593E+001    0.8090393066E+000
 0.3838384    0.2675294495E+001    0.8214492798E+000
 0.3939394    0.2553442383E+001    0.7749252319E+000
 0.4040404    0.2474848938E+001    0.7861038208E+000
 0.4141414    0.2363958740E+001    0.7353179932E+000
 0.4242424    0.2263101196E+001    0.7000793457E+000
 0.4343434    0.2137199402E+001    0.7117034912E+000
 0.4444444    0.2049212646E+001    0.6870269775E+000
 0.4545455    0.1931214905E+001    0.7022628784E+000
 0.4646465    0.1788935852E+001    0.6587463379E+000
 0.4747475    0.1623492432E+001    0.6284729004E+000
 0.4848485    0.1570272827E+001    0.6358734131E+000
 0.4949495    0.1393923950E+001    0.5979843140E+000
 0.5050505    0.1384136963E+001    0.5726760864E+000
 0.5151515    0.1366804504E+001    0.5854949951E+000
 0.5252525    0.1384535217E+001    0.6138168335E+000
 0.5353535    0.1372224426E+001    0.6150894165E+000
 0.5454545    0.1359016418E+001    0.6039047241E+000
 0.5555556    0.1364773560E+001    0.6215408325E+000
 0.5656566    0.1360507202E+001    0.5841918945E+000
 0.5757576    0.1367926025E+001    0.6322296143E+000
 0.5858586    0.1330171204E+001    0.6092300415E+000
 0.5959596    0.1300592041E+001    0.6321166992E+000
 0.6060606    0.1299926758E+001    0.6256225586E+000
 0.6161616    0.1269914246E+001    0.5800811768E+000
 0.6262626    0.1283024597E+001    0.5859054565E+000
 0.6363636    0.1254278564E+001    0.6104492188E+000
 0.6464646    0.1277790833E+001    0.6133956909E+000
 0.6565657    0.1231007385E+001    0.5673309326E+000
 0.6666667    0.1183796692E+001    0.6173324585E+000
 0.6767677    0.1177609253E+001    0.6297027588E+000
 0.6868687    0.1177410889E+001    0.5984313965E+000
 0.6969697    0.1147361755E+001    0.6149551392E+000
 0.7070707    0.1105197144E+001    0.5596160889E+000
 0.7171717    0.1131729126E+001    0.6004165649E+000
 0.7272727    0.1075605774E+001    0.5719345093E+000
 0.7373737    0.1062081909E+001    0.5623031616E+000
 0.7474747    0.1009281921E+001    0.5762847900E+000
 0.7575758    0.9839172363E+000    0.5542068481E+000
 0.7676768    0.9758163452E+000    0.5824295044E+000
 0.7777778    0.9345520020E+000    0.5891616821E+000
 0.7878788    0.9034667969E+000    0.5611572266E+000
 0.7979798    0.8777999878E+000    0.5768997192E+000
 0.8080808    0.7908416748E+000    0.5365921021E+000
 0.8181818    0.8031784058E+000    0.5721710205E+000
 0.8282828    0.7621047974E+000    0.5523941040E+000
 0.8383838    0.7212799072E+000    0.5577316284E+000
 0.8484848    0.6778747559E+000    0.5492996216E+000
 0.8585859    0.6230514526E+000    0.5351791382E+000
 0.8686869    0.5718872070E+000    0.5126464844E+000
 0.8787879    0.5636001587E+000    0.5466003418E+000
 0.8888889    0.5012878418E+000    0.5331710815E+000
 0.8989899    0.4538116455E+000    0.5127014160E+000
 0.9090909    0.4250717163E+000    0.5044677734E+000
 0.9191919    0.3875411987E+000    0.5248153687E+000
 0.9292929    0.3328155518E+000    0.5035110474E+000
 0.9393939    0.2775741577E+000    0.5155807495E+000
 0.9494949    0.2518554688E+000    0.5297836304E+000
 0.9595960    0.1712295532E+000    0.4869766235E+000
 0.9696970    0.1414794922E+000    0.5108825684E+000
 0.9797980    0.4042205811E-001    0.4684616089E+000
 0.9898990    0.2019195557E-001    0.4772613525E+000
 1.0000000    0.0000000000E+000    0.5013931274E+000


#   100 bins for weightfunction of Ar                      
 0.0000000    0.2506246948E+001    0.2580459595E+000
 0.0101010    0.2505928040E+001    0.2600463867E+000
 0.0202020    0.2458259583E+001    0.2023483276E+000
 0.0303030    0.2494354248E+001    0.2345046997E+000
 0.0404040    0.2562321472E+001    0.2594909668E+000
 0.0505051    0.2589027405E+001    0.2418838501E+000
 0.0606061    0.2659887695E+001    0.2678421021E+000
 0.0707071    0.2715806580E+001    0.2373657227E+000
 0.0808081    0.2799203491E+001    0.2550109863E+000
 0.0909091    0.2845968628E+001    0.2492645264E+000
 0.1010101    0.2955546570E+001    0.2621932983E+000
 0.1111111    0.3033798218E+001    0.2663909912E+000
 0.1212121    0.3106642151E+001    0.2496917725E+000
 0.1313131    0.3200874329E+001    0.2573318481E+000
 0.1414141    0.3290789795E+001    0.2685638428E+000
 0.1515152    0.3345246887E+001    0.2513519287E+000
 0.1616162    0.3426771545E+001    0.2641006470E+000
 0.1717172    0.3417306519E+001    0.2572692871E+000
 0.1818182    0.3487783813E+001    0.2378479004E+000
 0.1919192    0.3525393677E+001    0.2281661987E+000
 0.2020202    0.3524723816E+001    0.2563720703E+000
 0.2121212    0.3508293152E+001    0.2343856812E+000
 0.2222222    0.3491961670E+001    0.2619354248E+000
 0.2323232    0.3483210754E+001    0.2322265625E+000
 0.2424242    0.3474194336E+001    0.2296676636E+000
 0.2525253    0.3418675232E+001    0.2404296875E+000
 0.2626263    0.3435551453E+001    0.2074325562E+000
 0.2727273    0.3394911194E+001    0.2047225952E+000
 0.2828283    0.3372673035E+001    0.2210388184E+000
 0.2929293    0.3348757935E+001    0.1700698853E+000
 0.3030303    0.3307606506E+001    0.1990829468E+000
 0.3131313    0.3243724060E+001    0.1740234375E+000
 0.3232323    0.3212597656E+001    0.1769546509E+000
 0.3333333    0.3188619995E+001    0.1605941772E+000
 0.3434343    0.3092399597E+001    0.1416595459E+000
 0.3535354    0.3090591431E+001    0.1406753540E+000
 0.3636364    0.3043580627E+001    0.1614425659E+000
 0.3737374    0.2957908630E+001    0.1417846680E+000
 0.3838384    0.2933691406E+001    0.1567550659E+000
 0.3939394    0.2874707031E+001    0.1128692627E+000
 0.4040404    0.2821180725E+001    0.1240814209E+000
 0.4141414    0.2776904297E+001    0.1348861694E+000
 0.4242424    0.2706277466E+001    0.1204254150E+000
 0.4343434    0.2633703613E+001    0.1026977539E+000
 0.4444444    0.2594085693E+001    0.1003219604E+000
 0.4545455    0.2527079773E+001    0.7489929199E-001
 0.4646465    0.2495173645E+001    0.8063507080E-001
 0.4747475    0.2415815735E+001    0.7800903320E-001
 0.4848485    0.2334658813E+001    0.5589599609E-001
 0.4949495    0.2309173584E+001    0.4526062012E-001
 0.5050505    0.2255690002E+001    0.5161285400E-001
 0.5151515    0.2232778931E+001    0.5787506104E-001
 0.5252525    0.2258918762E+001    0.4107513428E-001
 0.5353535    0.2247206116E+001    0.2955627441E-001
 0.5454545    0.2244508362E+001    0.5457763672E-001
 0.5555556    0.2265626526E+001    0.4389038086E-001
 0.5656566    0.2252827454E+001    0.2004089355E-001
 0.5757576    0.2255545044E+001    0.2860412598E-001
 0.5858586    0.2238305664E+001    0.3508453369E-001
 0.5959596    0.2234855652E+001    0.3553771973E-001
 0.6060606    0.2275787354E+001    0.5482330322E-001
 0.6161616    0.2257034302E+001    0.2090148926E-001
 0.6262626    0.2248638916E+001    0.4349670410E-001
 0.6363636    0.2228393555E+001    0.4381713867E-001
 0.6464646    0.2219142151E+001    0.3220672607E-001
 0.6565657    0.2246983337E+001    0.3445129395E-001
 0.6666667    0.2243879700E+001    0.3920745850E-001
 0.6767677    0.2224073792E+001    0.3065490723E-001
 0.6868687    0.2232653809E+001    0.5946350098E-001
 0.6969697    0.2233865356E+001    0.4155883789E-001
 0.7070707    0.2256958008E+001    0.4553222656E-001
 0.7171717    0.2247897339E+001    0.3483123779E-001
 0.7272727    0.2238128662E+001    0.2380676270E-001
 0.7373737    0.2251591492E+001    0.4463806152E-001
 0.7474747    0.2259976196E+001    0.4693603516E-001
 0.7575758    0.2248883057E+001    0.4670410156E-001
 0.7676768    0.2251385498E+001    0.4509277344E-001
 0.7777778    0.2248313904E+001    0.4231567383E-001
 0.7878788    0.2241551208E+001    0.3579101563E-001
 0.7979798    0.2261137390E+001    0.2939758301E-001
 0.8080808    0.2240190125E+001    0.2302703857E-001
 0.8181818    0.2240434265E+001    0.4664916992E-001
 0.8282828    0.2246377563E+001    0.3339080811E-001
 0.8383838    0.2252926636E+001    0.3726654053E-001
 0.8484848    0.2238668823E+001    0.2349395752E-001
 0.8585859    0.2247270203E+001    0.3484497070E-001
 0.8686869    0.2244190979E+001    0.3562927246E-001
 0.8787879    0.2255172729E+001    0.4225616455E-001
 0.8888889    0.2232055664E+001    0.4464721680E-001
 0.8989899    0.2233032227E+001    0.3471374512E-001
 0.9090909    0.2242706299E+001    0.2685852051E-001
 0.9191919    0.2240446472E+001    0.3108062744E-001
 0.9292929    0.2241156006E+001    0.4514160156E-001
 0.9393939    0.2266415405E+001    0.4931030273E-001
 0.9494949    0.2239559937E+001    0.3963165283E-001
 0.9595960    0.2265188599E+001    0.6107177734E-001
 0.9696970    0.2226443481E+001    0.4599914551E-001
 0.9797980    0.2231683350E+001    0.2611694336E-001
 0.9898990    0.2252957153E+001    0.2879486084E-001
 1.0000000    0.2224360657E+001    0.0000000000E+000


