 0.0000000   0.1480884461E+000   0.9826898637E+000   0.7488053696E+000   0.9513894550E+000
 0.0101010   0.1472813658E+000   0.1026499858E+001   0.7510527344E+000   0.9922742761E+000
 0.0202020   0.1444922115E+000   0.9866106194E+000   0.7484660597E+000   0.9781971449E+000
 0.0303030   0.1394804415E+000   0.1002228513E+001   0.7471574486E+000   0.9861989993E+000
 0.0404040   0.1334264777E+000   0.1034491165E+001   0.7537540016E+000   0.1005985672E+001
 0.0505051   0.1241944240E+000   0.9987072144E+000   0.7518560487E+000   0.9757755311E+000
 0.0606061   0.1143588535E+000   0.9998817043E+000   0.7588585959E+000   0.1002535195E+001
 0.0707071   0.1048771346E+000   0.1006659445E+001   0.7440478687E+000   0.1003497560E+001
 0.0808081   0.9448286989E-001   0.9976868627E+000   0.7422625508E+000   0.9703338268E+000
 0.0909091   0.8687364089E-001   0.9822317910E+000   0.7606602556E+000   0.1005762166E+001
 0.1010101   0.7884668546E-001   0.1012334337E+001   0.7526478307E+000   0.9868270303E+000
 0.1111111   0.7106849520E-001   0.1003014401E+001   0.7557530392E+000   0.9801329582E+000
 0.1212121   0.6546434133E-001   0.9988504978E+000   0.7517233769E+000   0.9789212277E+000
 0.1313131   0.6214156918E-001   0.9973351670E+000   0.7626475844E+000   0.1016765640E+001
 0.1414141   0.5785847825E-001   0.9504033309E+000   0.7659439773E+000   0.9920710896E+000
 0.1515152   0.5740973475E-001   0.1006344655E+001   0.7702631588E+000   0.1002071560E+001
 0.1616162   0.5600791893E-001   0.1016155228E+001   0.7826188280E+000   0.1022375435E+001
 0.1717172   0.5551421586E-001   0.1018150342E+001   0.7763274912E+000   0.1003251889E+001
 0.1818182   0.5513988421E-001   0.9952206509E+000   0.7810107180E+000   0.1009763094E+001
 0.1919192   0.5677785198E-001   0.1004471116E+001   0.7953519127E+000   0.1016471943E+001
 0.2020202   0.5856069942E-001   0.1046001601E+001   0.7988648860E+000   0.9865647350E+000
 0.2121212   0.6073970554E-001   0.1015584266E+001   0.7897242182E+000   0.1006098348E+001
 0.2222222   0.6420204239E-001   0.1015749259E+001   0.8143356646E+000   0.1012086808E+001
 0.2323232   0.6680771599E-001   0.1001008433E+001   0.8099170966E+000   0.9957838613E+000
 0.2424242   0.7012453420E-001   0.9700461865E+000   0.8319967983E+000   0.9866681754E+000
 0.2525253   0.7567822791E-001   0.9947169880E+000   0.8261632574E+000   0.9789267692E+000
 0.2626263   0.8109876392E-001   0.1009592413E+001   0.8443307767E+000   0.1007409824E+001
 0.2727273   0.8706940612E-001   0.9771300325E+000   0.8404268142E+000   0.9930463848E+000
 0.2828283   0.9545007646E-001   0.1010636645E+001   0.8489791310E+000   0.1001186775E+001
 0.2929293   0.1043597096E+000   0.1026571500E+001   0.8624294293E+000   0.1004742540E+001
 0.3030303   0.1131753180E+000   0.1015757943E+001   0.8701229462E+000   0.9994098171E+000
 0.3131313   0.1235654686E+000   0.9998990720E+000   0.8676495177E+000   0.9813520773E+000
 0.3232323   0.1371020611E+000   0.1005582648E+001   0.8797527413E+000   0.9939958200E+000
 0.3333333   0.1518888918E+000   0.1050688706E+001   0.9042506363E+000   0.9873700925E+000
 0.3434343   0.1661726263E+000   0.1008246417E+001   0.8975562012E+000   0.1006469625E+001
 0.3535354   0.1827210360E+000   0.1004701238E+001   0.9148960603E+000   0.1004775788E+001
 0.3636364   0.2016770591E+000   0.1020829308E+001   0.9254539085E+000   0.9968219597E+000
 0.3737374   0.2260248853E+000   0.9987506336E+000   0.9322168776E+000   0.9908815249E+000
 0.3838384   0.2493021324E+000   0.9920141415E+000   0.9446217903E+000   0.9952444935E+000
 0.3939394   0.2797132871E+000   0.1015836097E+001   0.9627071019E+000   0.1006874151E+001
 0.4040404   0.3139531059E+000   0.1003900153E+001   0.9606520015E+000   0.9915612761E+000
 0.4141414   0.3501846427E+000   0.1008252930E+001   0.9802921570E+000   0.1009088884E+001
 0.4242424   0.3969512198E+000   0.1030594290E+001   0.9810992475E+000   0.9805504142E+000
 0.4343434   0.4417713640E+000   0.1023638531E+001   0.1001995050E+001   0.9939976672E+000
 0.4444444   0.4944100661E+000   0.1015295528E+001   0.1010652477E+001   0.9888422711E+000
 0.4545455   0.5579627514E+000   0.1015115338E+001   0.1036903765E+001   0.9790837770E+000
 0.4646465   0.6220877506E+000   0.1001850766E+001   0.1044776506E+001   0.1000039695E+001
 0.4747475   0.7092580591E+000   0.1008517787E+001   0.1051809707E+001   0.1015217728E+001
 0.4848485   0.8082985632E+000   0.1031464846E+001   0.1075413542E+001   0.9951114987E+000
 0.4949495   0.8987227212E+000   0.1007430136E+001   0.1079257126E+001   0.9931017993E+000
 0.5050505   0.9621603007E+000   0.1015864320E+001   0.1086899917E+001   0.1003148449E+001
 0.5151515   0.9667938850E+000   0.1009837732E+001   0.1088664644E+001   0.9837145824E+000
 0.5252525   0.9558829317E+000   0.9937747909E+000   0.1095634208E+001   0.1010248894E+001
 0.5353535   0.9559304933E+000   0.9995104700E+000   0.1097238953E+001   0.9942119366E+000
 0.5454545   0.9706011396E+000   0.1018999187E+001   0.1085550592E+001   0.9923315377E+000
 0.5555556   0.9657372885E+000   0.9729704711E+000   0.1094873311E+001   0.1003883615E+001
 0.5656566   0.9725140725E+000   0.9949557937E+000   0.1103598617E+001   0.1014741163E+001
 0.5757576   0.9895171695E+000   0.1009690106E+001   0.1083722508E+001   0.1002269205E+001
 0.5858586   0.9948943338E+000   0.9947929716E+000   0.1117247896E+001   0.1010719917E+001
 0.5959596   0.1013199303E+001   0.9858703217E+000   0.1102845346E+001   0.1008471936E+001
 0.6060606   0.1038648221E+001   0.1011861067E+001   0.1106591553E+001   0.1016540287E+001
 0.6161616   0.1048916940E+001   0.1010860254E+001   0.1098356596E+001   0.1009323472E+001
 0.6262626   0.1071532695E+001   0.1021224422E+001   0.1097036000E+001   0.9791816759E+000
 0.6363636   0.1071218241E+001   0.9565080734E+000   0.1091234205E+001   0.9934379807E+000
 0.6464646   0.1096405840E+001   0.1016024971E+001   0.1107094271E+001   0.9995298818E+000
 0.6565657   0.1111968285E+001   0.9770909552E+000   0.1114733522E+001   0.1012471016E+001
 0.6666667   0.1140252364E+001   0.1011665681E+001   0.1093273120E+001   0.1003905780E+001
 0.6767677   0.1167974806E+001   0.1004284413E+001   0.1107478088E+001   0.9969604960E+000
 0.6868687   0.1196728771E+001   0.9994561960E+000   0.1110451456E+001   0.9984511461E+000
 0.6969697   0.1228593584E+001   0.9817216151E+000   0.1115226371E+001   0.1008337094E+001
 0.7070707   0.1244651555E+001   0.9949688195E+000   0.1116674068E+001   0.1002882459E+001
 0.7171717   0.1272382181E+001   0.9929259451E+000   0.1116540378E+001   0.1014011539E+001
 0.7272727   0.1325334068E+001   0.9886904001E+000   0.1123861463E+001   0.1011534511E+001
 0.7373737   0.1359402265E+001   0.9903186209E+000   0.1125199957E+001   0.1011262979E+001
 0.7474747   0.1386763334E+001   0.9706909620E+000   0.1122832300E+001   0.1005084262E+001
 0.7575758   0.1460273229E+001   0.9973286541E+000   0.1136938217E+001   0.1022336645E+001
 0.7676768   0.1491957604E+001   0.9752825446E+000   0.1136446705E+001   0.1006905552E+001
 0.7777778   0.1546388375E+001   0.9898410094E+000   0.1137447494E+001   0.1006257203E+001
 0.7878788   0.1584301010E+001   0.9862762914E+000   0.1145879161E+001   0.1007500335E+001
 0.7979798   0.1656774655E+001   0.9909373448E+000   0.1142065102E+001   0.1004799801E+001
 0.8080808   0.1708217237E+001   0.9934903950E+000   0.1144412717E+001   0.1004077565E+001
 0.8181818   0.1792041424E+001   0.1004927018E+001   0.1157444769E+001   0.1008682511E+001
 0.8282828   0.1860090391E+001   0.9849954244E+000   0.1157522407E+001   0.9986026125E+000
 0.8383838   0.1930657511E+001   0.9921661087E+000   0.1154601830E+001   0.1002932332E+001
 0.8484848   0.2008266683E+001   0.9897975902E+000   0.1166255079E+001   0.1012960510E+001
 0.8585859   0.2103746671E+001   0.9939810322E+000   0.1168823619E+001   0.9946903485E+000
 0.8686869   0.2183227378E+001   0.9903772368E+000   0.1178619299E+001   0.1023697994E+001
 0.8787879   0.2314139931E+001   0.9864651650E+000   0.1178814708E+001   0.9887074292E+000
 0.8888889   0.2429536568E+001   0.9923506404E+000   0.1193918282E+001   0.1007267594E+001
 0.8989899   0.2524815763E+001   0.9900624475E+000   0.1192635292E+001   0.1016567995E+001
 0.9090909   0.2673662452E+001   0.9851343659E+000   0.1194724721E+001   0.9921061854E+000
 0.9191919   0.2796300608E+001   0.9881975919E+000   0.1204689570E+001   0.1006100195E+001
 0.9292929   0.2927421086E+001   0.9741731835E+000   0.1213883995E+001   0.1001870221E+001
 0.9393939   0.3096944503E+001   0.1004575322E+001   0.1205611259E+001   0.1002718063E+001
 0.9494949   0.3236442458E+001   0.1014770155E+001   0.1226274776E+001   0.1031230672E+001
 0.9595960   0.3445201775E+001   0.9924678723E+000   0.1227707671E+001   0.9987854803E+000
 0.9696970   0.3620126616E+001   0.9953140023E+000   0.1225908001E+001   0.1016617868E+001
 0.9797980   0.3791766841E+001   0.9626214997E+000   0.1228096114E+001   0.1006347713E+001
 0.9898990   0.4075539127E+001   0.9775164635E+000   0.1246134144E+001   0.9934915480E+000
 1.0000000   0.4191337106E+001   0.9770214844E+000   0.1241829445E+001   0.9951835375E+000


 0.0000000   0.1174747262E+001   0.9944640990E+000   0.8907880567E+000   0.9921339295E+000
 0.0101010   0.1179846846E+001   0.1029384127E+001   0.8870256544E+000   0.1006146157E+001
 0.0202020   0.1167382109E+001   0.1017536569E+001   0.9013779695E+000   0.1012667525E+001
 0.0303030   0.1128857285E+001   0.1013714218E+001   0.8857390638E+000   0.9977432695E+000
 0.0404040   0.1097910981E+001   0.1016885818E+001   0.8871466902E+000   0.1005178518E+001
 0.0505051   0.1045374598E+001   0.9953310462E+000   0.8815605838E+000   0.9696391046E+000
 0.0606061   0.1008020080E+001   0.1022219381E+001   0.8952363644E+000   0.1004398104E+001
 0.0707071   0.9313626773E+000   0.1006372192E+001   0.8973320161E+000   0.1001131860E+001
 0.0808081   0.8481879903E+000   0.1000450575E+001   0.8828262487E+000   0.9981547941E+000
 0.0909091   0.7980079693E+000   0.1018915901E+001   0.8887950871E+000   0.9876405257E+000
 0.1010101   0.7182725332E+000   0.9901617925E+000   0.8833708915E+000   0.9782069728E+000
 0.1111111   0.6469280457E+000   0.9947429922E+000   0.8830069861E+000   0.1001639777E+001
 0.1212121   0.5903933705E+000   0.9926307543E+000   0.8805566047E+000   0.9888528549E+000
 0.1313131   0.5472430967E+000   0.9995079588E+000   0.8895973470E+000   0.9841703722E+000
 0.1414141   0.4929295624E+000   0.9892213385E+000   0.8879419329E+000   0.1003658472E+001
 0.1515152   0.4648461686E+000   0.9959212621E+000   0.8869279046E+000   0.9945771252E+000
 0.1616162   0.4336714726E+000   0.9986777650E+000   0.8908116424E+000   0.1002846545E+001
 0.1717172   0.4049452982E+000   0.9834013339E+000   0.8953086865E+000   0.1008081435E+001
 0.1818182   0.3892954842E+000   0.9991469110E+000   0.8942426416E+000   0.9922136393E+000
 0.1919192   0.3738708154E+000   0.9762949613E+000   0.8956176381E+000   0.9906991545E+000
 0.2020202   0.3727807853E+000   0.9835851008E+000   0.9015279803E+000   0.1000640625E+001
 0.2121212   0.3670827271E+000   0.9631934651E+000   0.8906625835E+000   0.9832731744E+000
 0.2222222   0.3666130137E+000   0.9742973074E+000   0.9081886164E+000   0.9976023872E+000
 0.2323232   0.3735660292E+000   0.9845536602E+000   0.9088423682E+000   0.9968683163E+000
 0.2424242   0.3783112245E+000   0.1009401102E+001   0.9111686989E+000   0.9978489312E+000
 0.2525253   0.3846594793E+000   0.9785974520E+000   0.9198154410E+000   0.1003204312E+001
 0.2626263   0.3923822201E+000   0.9874701484E+000   0.9262760718E+000   0.1009021268E+001
 0.2727273   0.4052592588E+000   0.1011660353E+001   0.9277752815E+000   0.9924564759E+000
 0.2828283   0.4175673984E+000   0.9748831994E+000   0.9337496479E+000   0.9959025310E+000
 0.2929293   0.4317636517E+000   0.9942327689E+000   0.9361774466E+000   0.9948496212E+000
 0.3030303   0.4445788968E+000   0.9893186269E+000   0.9427970924E+000   0.9938690063E+000
 0.3131313   0.4669887438E+000   0.9936728205E+000   0.9475086979E+000   0.9897556139E+000
 0.3232323   0.4910719392E+000   0.9944662609E+000   0.9544607735E+000   0.1000008509E+001
 0.3333333   0.5058810017E+000   0.9831808137E+000   0.9589845879E+000   0.1000655455E+001
 0.3434343   0.5343164242E+000   0.9787509513E+000   0.9535202146E+000   0.9853567495E+000
 0.3535354   0.5608385886E+000   0.9882938564E+000   0.9637224799E+000   0.9816437594E+000
 0.3636364   0.5927817211E+000   0.9857838172E+000   0.9726549728E+000   0.1002494340E+001
 0.3737374   0.6200413337E+000   0.9776094348E+000   0.9748359419E+000   0.9938764211E+000
 0.3838384   0.6492358373E+000   0.9889446072E+000   0.9856664538E+000   0.1014317330E+001
 0.3939394   0.6919421612E+000   0.1000444089E+001   0.9943401457E+000   0.1007579078E+001
 0.4040404   0.7331316072E+000   0.1006408945E+001   0.9979357695E+000   0.9954872990E+000
 0.4141414   0.7727742930E+000   0.9922697065E+000   0.1006853903E+001   0.9843334991E+000
 0.4242424   0.8175720091E+000   0.1001250501E+001   0.1011259963E+001   0.1008083289E+001
 0.4343434   0.8766385673E+000   0.1005987362E+001   0.1025048798E+001   0.9919467044E+000
 0.4444444   0.9328633858E+000   0.1014788714E+001   0.1027696486E+001   0.9964790362E+000
 0.4545455   0.9830392117E+000   0.9969200890E+000   0.1038232960E+001   0.1013446085E+001
 0.4646465   0.1046682120E+001   0.1001803964E+001   0.1037605600E+001   0.1007542004E+001
 0.4747475   0.1111995662E+001   0.9878095766E+000   0.1037627203E+001   0.9954112967E+000
 0.4848485   0.1196288630E+001   0.1023972733E+001   0.1055652534E+001   0.1005122907E+001
 0.4949495   0.1274163465E+001   0.1020377388E+001   0.1060000943E+001   0.1012947435E+001
 0.5050505   0.1310962092E+001   0.1011163102E+001   0.1066773296E+001   0.9921672964E+000
 0.5151515   0.1303838013E+001   0.1000913235E+001   0.1051430483E+001   0.1009848025E+001
 0.5252525   0.1304826657E+001   0.9945916548E+000   0.1068185732E+001   0.1018458529E+001
 0.5353535   0.1321232591E+001   0.1010992307E+001   0.1056675704E+001   0.9911551683E+000
 0.5454545   0.1317482693E+001   0.1020442247E+001   0.1063173121E+001   0.9860555998E+000
 0.5555556   0.1313867556E+001   0.1005215541E+001   0.1065195984E+001   0.1016272999E+001
 0.5656566   0.1307407434E+001   0.9999144079E+000   0.1068219291E+001   0.1013156905E+001
 0.5757576   0.1310846208E+001   0.1015917259E+001   0.1049241598E+001   0.9846356546E+000
 0.5858586   0.1328008347E+001   0.1021892924E+001   0.1066435698E+001   0.1001895590E+001
 0.5959596   0.1312783604E+001   0.1022880942E+001   0.1064278184E+001   0.9987646661E+000
 0.6060606   0.1305069072E+001   0.1000759735E+001   0.1070771858E+001   0.1009501380E+001
 0.6161616   0.1316999139E+001   0.9993004104E+000   0.1054546693E+001   0.1006856130E+001
 0.6262626   0.1300285536E+001   0.1007377504E+001   0.1059575193E+001   0.9942434566E+000
 0.6363636   0.1300391585E+001   0.9976919098E+000   0.1058743509E+001   0.9947235686E+000
 0.6464646   0.1309445651E+001   0.1002366074E+001   0.1048127056E+001   0.9987238844E+000
 0.6565657   0.1326026998E+001   0.1015813484E+001   0.1063014074E+001   0.1012031701E+001
 0.6666667   0.1298964001E+001   0.9913443863E+000   0.1052259088E+001   0.1010628439E+001
 0.6767677   0.1315488882E+001   0.1002175821E+001   0.1073700004E+001   0.1016903262E+001
 0.6868687   0.1308447504E+001   0.1004497770E+001   0.1062630411E+001   0.1005538139E+001
 0.6969697   0.1293008938E+001   0.9838272406E+000   0.1063454473E+001   0.9936929034E+000
 0.7070707   0.1306561840E+001   0.1005198246E+001   0.1062382310E+001   0.1002212575E+001
 0.7171717   0.1302018535E+001   0.9948467664E+000   0.1060074285E+001   0.9966625540E+000
 0.7272727   0.1314840417E+001   0.9976746141E+000   0.1068729809E+001   0.1000707359E+001
 0.7373737   0.1306318559E+001   0.1006547311E+001   0.1062950409E+001   0.1006604025E+001
 0.7474747   0.1308980559E+001   0.1007727742E+001   0.1065305890E+001   0.1004286882E+001
 0.7575758   0.1297280063E+001   0.9922567347E+000   0.1062361636E+001   0.1001343183E+001
 0.7676768   0.1296645790E+001   0.9970108915E+000   0.1060599900E+001   0.1003163531E+001
 0.7777778   0.1307218930E+001   0.1005792785E+001   0.1064073934E+001   0.1006696710E+001
 0.7878788   0.1294414608E+001   0.9885554539E+000   0.1051464552E+001   0.9905156368E+000
 0.7979798   0.1304217959E+001   0.9991339392E+000   0.1057298591E+001   0.9962714202E+000
 0.8080808   0.1301359377E+001   0.1007654236E+001   0.1063485994E+001   0.1008687600E+001
 0.8181818   0.1293967672E+001   0.9949440548E+000   0.1055022175E+001   0.1002045741E+001
 0.8282828   0.1314527758E+001   0.1013593148E+001   0.1066673232E+001   0.1012365369E+001
 0.8383838   0.1313585929E+001   0.1010384795E+001   0.1067033984E+001   0.1010289209E+001
 0.8484848   0.1316975551E+001   0.1009225983E+001   0.1074632164E+001   0.1014480457E+001
 0.8585859   0.1299264457E+001   0.9976184031E+000   0.1060942541E+001   0.9977970272E+000
 0.8686869   0.1321071128E+001   0.1012438660E+001   0.1067274382E+001   0.1002535121E+001
 0.8787879   0.1317068829E+001   0.1008821696E+001   0.1064965900E+001   0.1001739878E+001
 0.8888889   0.1303774989E+001   0.1005254457E+001   0.1064572678E+001   0.1008735796E+001
 0.8989899   0.1297876114E+001   0.9904687912E+000   0.1067899729E+001   0.9982623095E+000
 0.9090909   0.1314396006E+001   0.1012455956E+001   0.1062503694E+001   0.1005732779E+001
 0.9191919   0.1308801144E+001   0.9979880988E+000   0.1065707745E+001   0.1004633526E+001
 0.9292929   0.1299102117E+001   0.9977373111E+000   0.1059696059E+001   0.9968330957E+000
 0.9393939   0.1307380224E+001   0.9990258411E+000   0.1062989390E+001   0.1001910420E+001
 0.9494949   0.1299584424E+001   0.1006912682E+001   0.1059327158E+001   0.9979879598E+000
 0.9595960   0.1296718057E+001   0.9960704375E+000   0.1057589864E+001   0.9986831027E+000
 0.9696970   0.1300418296E+001   0.9896083299E+000   0.1062474553E+001   0.9957690636E+000
 0.9797980   0.1306817362E+001   0.1012641885E+001   0.1065577165E+001   0.1004692845E+001
 0.9898990   0.1303216932E+001   0.1009677833E+001   0.1046864620E+001   0.1002535121E+001
 1.0000000   0.1305308842E+001   0.9947451542E+000   0.1067294544E+001   0.9987628124E+000


