#   100 bins for weightfunction of cd                      
 0.0000000    0.3091035461E+001    0.1773507690E+001
 0.0101010    0.3053912354E+001    0.1761558533E+001
 0.0202020    0.3118382263E+001    0.1793923950E+001
 0.0303030    0.3131657410E+001    0.1803001404E+001
 0.0404040    0.3176026917E+001    0.1806343079E+001
 0.0505051    0.3204595947E+001    0.1793774414E+001
 0.0606061    0.3265591431E+001    0.1804640198E+001
 0.0707071    0.3308901978E+001    0.1777256775E+001
 0.0808081    0.3409239197E+001    0.1817318726E+001
 0.0909091    0.3445744324E+001    0.1803344727E+001
 0.1010101    0.3519833374E+001    0.1814930725E+001
 0.1111111    0.3564149475E+001    0.1805775452E+001
 0.1212121    0.3640905762E+001    0.1829728699E+001
 0.1313131    0.3627569580E+001    0.1789025879E+001
 0.1414141    0.3679092407E+001    0.1780371094E+001
 0.1515152    0.3665168762E+001    0.1785272217E+001
 0.1616162    0.3677947998E+001    0.1784179688E+001
 0.1717172    0.3675712585E+001    0.1735061646E+001
 0.1818182    0.3646830750E+001    0.1740440369E+001
 0.1919192    0.3654200745E+001    0.1708641052E+001
 0.2020202    0.3589712524E+001    0.1731404114E+001
 0.2121212    0.3552781677E+001    0.1699465942E+001
 0.2222222    0.3480027771E+001    0.1668620300E+001
 0.2323232    0.3425398254E+001    0.1639605713E+001
 0.2424242    0.3398829651E+001    0.1622094727E+001
 0.2525253    0.3320938110E+001    0.1594525146E+001
 0.2626263    0.3223422241E+001    0.1565711975E+001
 0.2727273    0.3176817322E+001    0.1547027588E+001
 0.2828283    0.3105476379E+001    0.1516676331E+001
 0.2929293    0.3027061462E+001    0.1499684143E+001
 0.3030303    0.2919125366E+001    0.1467176819E+001
 0.3131313    0.2861729431E+001    0.1408851624E+001
 0.3232323    0.2793109131E+001    0.1390785217E+001
 0.3333333    0.2715141296E+001    0.1363244629E+001
 0.3434343    0.2618574524E+001    0.1355039978E+001
 0.3535354    0.2539222717E+001    0.1328727722E+001
 0.3636364    0.2443713379E+001    0.1287121582E+001
 0.3737374    0.2358978271E+001    0.1232788086E+001
 0.3838384    0.2251318359E+001    0.1233790588E+001
 0.3939394    0.2137930298E+001    0.1196669006E+001
 0.4040404    0.2071409607E+001    0.1180389404E+001
 0.4141414    0.1986251831E+001    0.1133145142E+001
 0.4242424    0.1853620911E+001    0.1105400085E+001
 0.4343434    0.1749519348E+001    0.1052360535E+001
 0.4444444    0.1655862427E+001    0.1035211182E+001
 0.4545455    0.1553282166E+001    0.9929519653E+000
 0.4646465    0.1471553040E+001    0.9439025879E+000
 0.4747475    0.1361791992E+001    0.9045593262E+000
 0.4848485    0.1259974670E+001    0.8883468628E+000
 0.4949495    0.1142303467E+001    0.8792480469E+000
 0.5050505    0.1110346985E+001    0.8239547729E+000
 0.5151515    0.1092778015E+001    0.8162139893E+000
 0.5252525    0.1096496582E+001    0.8523574829E+000
 0.5353535    0.1102185059E+001    0.8514434814E+000
 0.5454545    0.1099345398E+001    0.8424560547E+000
 0.5555556    0.1066467285E+001    0.8662139893E+000
 0.5656566    0.1089836121E+001    0.8195861816E+000
 0.5757576    0.1074208069E+001    0.8424789429E+000
 0.5858586    0.1076753235E+001    0.8308731079E+000
 0.5959596    0.1049568176E+001    0.8309844971E+000
 0.6060606    0.1029499817E+001    0.8172683716E+000
 0.6161616    0.1036827087E+001    0.8112030029E+000
 0.6262626    0.1020661926E+001    0.8321670532E+000
 0.6363636    0.1026045227E+001    0.7941162109E+000
 0.6464646    0.9978912354E+000    0.8244720459E+000
 0.6565657    0.1002876282E+001    0.7984146118E+000
 0.6666667    0.9484558105E+000    0.8118103027E+000
 0.6767677    0.9681381226E+000    0.8047378540E+000
 0.6868687    0.9221343994E+000    0.8095718384E+000
 0.6969697    0.9060180664E+000    0.7999786377E+000
 0.7070707    0.9038085938E+000    0.8053985596E+000
 0.7171717    0.8589935303E+000    0.8067871094E+000
 0.7272727    0.8559860229E+000    0.7983505249E+000
 0.7373737    0.8257324219E+000    0.7920715332E+000
 0.7474747    0.8061965942E+000    0.7732284546E+000
 0.7575758    0.7921325684E+000    0.7846282959E+000
 0.7676768    0.7803771973E+000    0.7828125000E+000
 0.7777778    0.7480789185E+000    0.7822341919E+000
 0.7878788    0.7201126099E+000    0.7568054199E+000
 0.7979798    0.6965713501E+000    0.7593338013E+000
 0.8080808    0.6891143799E+000    0.7865264893E+000
 0.8181818    0.6402221680E+000    0.7494186401E+000
 0.8282828    0.6275634766E+000    0.7587265015E+000
 0.8383838    0.5943481445E+000    0.7522399902E+000
 0.8484848    0.5470230103E+000    0.7307067871E+000
 0.8585859    0.5102981567E+000    0.7375885010E+000
 0.8686869    0.4992279053E+000    0.7348281860E+000
 0.8787879    0.4683776855E+000    0.7375076294E+000
 0.8888889    0.4201339722E+000    0.7186111450E+000
 0.8989899    0.4028167725E+000    0.7293014526E+000
 0.9090909    0.3495712280E+000    0.6927917480E+000
 0.9191919    0.3286254883E+000    0.7223541260E+000
 0.9292929    0.2979904175E+000    0.7233398438E+000
 0.9393939    0.2492935181E+000    0.6988006592E+000
 0.9494949    0.1755828857E+000    0.6564041138E+000
 0.9595960    0.1629409790E+000    0.6760589600E+000
 0.9696970    0.1419143677E+000    0.6907775879E+000
 0.9797980    0.9220886230E-001    0.6568130493E+000
 0.9898990    0.4169311523E-001    0.6552474976E+000
 1.0000000    0.0000000000E+000    0.6526138306E+000


#   100 bins for weightfunction of Ar                      
 0.0000000    0.1708856201E+001    0.3856445313E+000
 0.0101010    0.1712898254E+001    0.3875885010E+000
 0.0202020    0.1724507141E+001    0.3939331055E+000
 0.0303030    0.1727478027E+001    0.3741119385E+000
 0.0404040    0.1752024841E+001    0.3813430786E+000
 0.0505051    0.1793540955E+001    0.3966781616E+000
 0.0606061    0.1843592834E+001    0.4105392456E+000
 0.0707071    0.1893762207E+001    0.4138351440E+000
 0.0808081    0.1947651672E+001    0.4265014648E+000
 0.0909091    0.2021113586E+001    0.4351593018E+000
 0.1010101    0.2081318665E+001    0.4412902832E+000
 0.1111111    0.2152188110E+001    0.4344512939E+000
 0.1212121    0.2226759338E+001    0.4502853394E+000
 0.1313131    0.2268087769E+001    0.4500686646E+000
 0.1414141    0.2324557495E+001    0.4501586914E+000
 0.1515152    0.2387886047E+001    0.4558334351E+000
 0.1616162    0.2428903198E+001    0.4550689697E+000
 0.1717172    0.2487515259E+001    0.4627395630E+000
 0.1818182    0.2500074768E+001    0.4508560181E+000
 0.1919192    0.2500259399E+001    0.4425170898E+000
 0.2020202    0.2516679382E+001    0.4295425415E+000
 0.2121212    0.2520735168E+001    0.4344238281E+000
 0.2222222    0.2522006226E+001    0.4075149536E+000
 0.2323232    0.2516368103E+001    0.4064254761E+000
 0.2424242    0.2499559021E+001    0.4046569824E+000
 0.2525253    0.2458491516E+001    0.4094497681E+000
 0.2626263    0.2432759094E+001    0.3839706421E+000
 0.2727273    0.2394227600E+001    0.3557739258E+000
 0.2828283    0.2391882324E+001    0.3667968750E+000
 0.2929293    0.2360713196E+001    0.3569458008E+000
 0.3030303    0.2323910522E+001    0.3341522217E+000
 0.3131313    0.2275985718E+001    0.3128952026E+000
 0.3232323    0.2231401062E+001    0.2974075317E+000
 0.3333333    0.2197625732E+001    0.3022140503E+000
 0.3434343    0.2161096191E+001    0.2770309448E+000
 0.3535354    0.2102432251E+001    0.2593475342E+000
 0.3636364    0.2076513672E+001    0.2340011597E+000
 0.3737374    0.2000163269E+001    0.2168045044E+000
 0.3838384    0.1957272339E+001    0.2338729858E+000
 0.3939394    0.1924681091E+001    0.2043594360E+000
 0.4040404    0.1872872925E+001    0.1858337402E+000
 0.4141414    0.1806434631E+001    0.1636657715E+000
 0.4242424    0.1769740295E+001    0.1506622314E+000
 0.4343434    0.1732525635E+001    0.1279357910E+000
 0.4444444    0.1656121826E+001    0.1162445068E+000
 0.4545455    0.1612107849E+001    0.9249420166E-001
 0.4646465    0.1569505310E+001    0.7086029053E-001
 0.4747475    0.1510749817E+001    0.6402893066E-001
 0.4848485    0.1447062683E+001    0.5500183105E-001
 0.4949495    0.1378933716E+001    0.3642120361E-001
 0.5050505    0.1362939453E+001    0.8079528809E-002
 0.5151515    0.1363880920E+001    0.2934265137E-001
 0.5252525    0.1354377747E+001    0.2712860107E-001
 0.5353535    0.1359013367E+001    0.4225769043E-001
 0.5454545    0.1366627502E+001    0.1980590820E-001
 0.5555556    0.1358557129E+001    0.2694091797E-001
 0.5656566    0.1356651306E+001    0.0000000000E+000
 0.5757576    0.1376728821E+001    0.1516723633E-001
 0.5858586    0.1381904602E+001    0.2565460205E-001
 0.5959596    0.1350820923E+001    0.1862030029E-001
 0.6060606    0.1358142090E+001    0.2093200684E-001
 0.6161616    0.1357192993E+001    0.9436035156E-002
 0.6262626    0.1367475891E+001    0.1812286377E-001
 0.6363636    0.1368211365E+001    0.2258148193E-001
 0.6464646    0.1343367004E+001    0.1837921143E-001
 0.6565657    0.1366387939E+001    0.3220825195E-001
 0.6666667    0.1342088318E+001    0.2098846436E-001
 0.6767677    0.1372149658E+001    0.2750854492E-001
 0.6868687    0.1364842224E+001    0.2433166504E-001
 0.6969697    0.1347590637E+001    0.1449890137E-001
 0.7070707    0.1345260620E+001    0.2597808838E-001
 0.7171717    0.1362171936E+001    0.2481994629E-001
 0.7272727    0.1354061890E+001    0.1923828125E-001
 0.7373737    0.1352479553E+001    0.1966400146E-001
 0.7474747    0.1358500671E+001    0.2026062012E-001
 0.7575758    0.1336248779E+001    0.5143737793E-002
 0.7676768    0.1351802063E+001    0.2336120605E-001
 0.7777778    0.1354042053E+001    0.2123870850E-001
 0.7878788    0.1353959656E+001    0.3036956787E-001
 0.7979798    0.1356350708E+001    0.2434692383E-001
 0.8080808    0.1346000671E+001    0.2490539551E-001
 0.8181818    0.1359413147E+001    0.2867431641E-001
 0.8282828    0.1353048706E+001    0.2494812012E-001
 0.8383838    0.1358335876E+001    0.3428497314E-001
 0.8484848    0.1347808838E+001    0.1331634521E-001
 0.8585859    0.1340194702E+001    0.1487884521E-001
 0.8686869    0.1339822388E+001    0.2012023926E-001
 0.8787879    0.1350227356E+001    0.1974792480E-001
 0.8888889    0.1340913391E+001    0.1680908203E-001
 0.8989899    0.1338160706E+001    0.1542358398E-001
 0.9090909    0.1354298401E+001    0.2955322266E-001
 0.9191919    0.1351809692E+001    0.1633453369E-001
 0.9292929    0.1343576050E+001    0.1200561523E-001
 0.9393939    0.1343844604E+001    0.2004547119E-001
 0.9494949    0.1341700745E+001    0.1223297119E-001
 0.9595960    0.1362129211E+001    0.3497619629E-001
 0.9696970    0.1352624512E+001    0.2099609375E-001
 0.9797980    0.1353440857E+001    0.2066802979E-001
 0.9898990    0.1351264954E+001    0.2434997559E-001
 1.0000000    0.1349278259E+001    0.1664276123E-001


