 0.0000000   0.1544839652E+000   0.9736957999E+000   0.4690937269E+000   0.9816827109E+000
 0.0101010   0.1530209596E+000   0.9550740858E+000   0.4632343618E+000   0.9695360753E+000
 0.0202020   0.1528533428E+000   0.9859429650E+000   0.4640925741E+000   0.9717903766E+000
 0.0303030   0.1476840084E+000   0.9514300523E+000   0.4643912284E+000   0.9438576790E+000
 0.0404040   0.1421929918E+000   0.1006524225E+001   0.4614895868E+000   0.9879058524E+000
 0.0505051   0.1349286367E+000   0.9574171090E+000   0.4588276016E+000   0.9616618963E+000
 0.0606061   0.1279500497E+000   0.9703248179E+000   0.4596788802E+000   0.9753623328E+000
 0.0707071   0.1200756183E+000   0.9995794805E+000   0.4598318749E+000   0.9821232521E+000
 0.0808081   0.1116597190E+000   0.9693932303E+000   0.4487987159E+000   0.9712347389E+000
 0.0909091   0.1063766594E+000   0.1013609512E+001   0.4563133494E+000   0.9983478710E+000
 0.1010101   0.9928779929E-001   0.9891252201E+000   0.4582710096E+000   0.9811131823E+000
 0.1111111   0.9304345937E-001   0.9788396092E+000   0.4547027673E+000   0.9758564534E+000
 0.1212121   0.8999384025E-001   0.9963390011E+000   0.4631690329E+000   0.9775273351E+000
 0.1313131   0.8544146315E-001   0.9886132485E+000   0.4634566002E+000   0.9946965380E+000
 0.1414141   0.8307184580E-001   0.9960699650E+000   0.4658932211E+000   0.9845799642E+000
 0.1515152   0.8136886369E-001   0.9817568438E+000   0.4694499936E+000   0.9649064232E+000
 0.1616162   0.8147930401E-001   0.9845154675E+000   0.4744492267E+000   0.9873938720E+000
 0.1717172   0.8219860205E-001   0.9996457357E+000   0.4825256870E+000   0.9771780772E+000
 0.1818182   0.8388036280E-001   0.9935040836E+000   0.4925556592E+000   0.9922179973E+000
 0.1919192   0.8619174076E-001   0.1005225223E+001   0.4951402218E+000   0.9846930762E+000
 0.2020202   0.8939812255E-001   0.9923295604E+000   0.5102191776E+000   0.9745010945E+000
 0.2121212   0.9261813618E-001   0.1010258607E+001   0.5256541336E+000   0.9852824490E+000
 0.2222222   0.9636352819E-001   0.9600472379E+000   0.5353476053E+000   0.9766998319E+000
 0.2323232   0.1041789735E+000   0.9939056300E+000   0.5447824253E+000   0.9835123462E+000
 0.2424242   0.1100395749E+000   0.9992060424E+000   0.5607992739E+000   0.9974271001E+000
 0.2525253   0.1165096211E+000   0.9748020602E+000   0.5793589934E+000   0.9865366025E+000
 0.2626263   0.1256417047E+000   0.9936305707E+000   0.5819291659E+000   0.9833893122E+000
 0.2727273   0.1323035432E+000   0.9860875217E+000   0.6022956215E+000   0.9877371767E+000
 0.2828283   0.1428971031E+000   0.9891493129E+000   0.6220041948E+000   0.1010587774E+001
 0.2929293   0.1560504414E+000   0.1015478710E+001   0.6356854190E+000   0.9939484116E+000
 0.3030303   0.1661676866E+000   0.9779802999E+000   0.6639220515E+000   0.1027739117E+001
 0.3131313   0.1820669737E+000   0.9916107923E+000   0.6742365616E+000   0.9956192934E+000
 0.3232323   0.1964201005E+000   0.9572564905E+000   0.6915922137E+000   0.1006609012E+001
 0.3333333   0.2155168118E+000   0.9783396840E+000   0.7204718339E+000   0.9889179066E+000
 0.3434343   0.2336580970E+000   0.1004942133E+001   0.7286837953E+000   0.9884872875E+000
 0.3535354   0.2554604035E+000   0.1001428602E+001   0.7520693078E+000   0.9963098716E+000
 0.3636364   0.2811953488E+000   0.1004297651E+001   0.7864217067E+000   0.1010030152E+001
 0.3737374   0.3096059454E+000   0.9987241867E+000   0.8039899695E+000   0.9913309615E+000
 0.3838384   0.3405862320E+000   0.1007558207E+001   0.8300033654E+000   0.9836472868E+000
 0.3939394   0.3760171030E+000   0.1019891705E+001   0.8590563083E+000   0.1013558451E+001
 0.4040404   0.4066749064E+000   0.1009961463E+001   0.8977481720E+000   0.1000419606E+001
 0.4141414   0.4489460963E+000   0.9947749779E+000   0.9246653887E+000   0.9819426699E+000
 0.4242424   0.4959644400E+000   0.9732962612E+000   0.9461986450E+000   0.9893584479E+000
 0.4343434   0.5516672506E+000   0.9920886325E+000   0.9853819693E+000   0.1001022869E+001
 0.4444444   0.6085675338E+000   0.1002556947E+001   0.1024864780E+001   0.1011353760E+001
 0.4545455   0.6812478556E+000   0.9998324548E+000   0.1055735748E+001   0.9909320930E+000
 0.4646465   0.7463374599E+000   0.9824133721E+000   0.1092453608E+001   0.9996853702E+000
 0.4747475   0.8506965335E+000   0.1025627795E+001   0.1133445771E+001   0.1014991203E+001
 0.4848485   0.9338598781E+000   0.9882016634E+000   0.1160406772E+001   0.1016537066E+001
 0.4949495   0.1042631019E+001   0.1015414463E+001   0.1226800496E+001   0.9991575144E+000
 0.5050505   0.1086834581E+001   0.9927311068E+000   0.1232675842E+001   0.1008772030E+001
 0.5151515   0.1093052345E+001   0.9896632923E+000   0.1256733716E+001   0.1018420281E+001
 0.5252525   0.1102738886E+001   0.1024134043E+001   0.1241763328E+001   0.9968714625E+000
 0.5353535   0.1103118519E+001   0.1008548019E+001   0.1247993816E+001   0.1016767259E+001
 0.5454545   0.1107944284E+001   0.1027223942E+001   0.1240371627E+001   0.9964229835E+000
 0.5555556   0.1119535098E+001   0.1008720684E+001   0.1252453700E+001   0.1000276727E+001
 0.5656566   0.1115482552E+001   0.1014053220E+001   0.1248174280E+001   0.1013336196E+001
 0.5757576   0.1125117025E+001   0.9938132743E+000   0.1242369365E+001   0.1010677073E+001
 0.5858586   0.1148021286E+001   0.1033267215E+001   0.1250170278E+001   0.1029449688E+001
 0.5959596   0.1145909753E+001   0.1004986303E+001   0.1253875363E+001   0.1005563223E+001
 0.6060606   0.1154002672E+001   0.1009192501E+001   0.1253713748E+001   0.1001177654E+001
 0.6161616   0.1169567660E+001   0.9962566841E+000   0.1269748094E+001   0.1009020082E+001
 0.6262626   0.1188861667E+001   0.1006128702E+001   0.1254644152E+001   0.1010423067E+001
 0.6363636   0.1213521997E+001   0.9964132872E+000   0.1257105304E+001   0.9987249109E+000
 0.6464646   0.1216956748E+001   0.1007793112E+001   0.1259445946E+001   0.1004066970E+001
 0.6565657   0.1246537041E+001   0.1012244254E+001   0.1269053843E+001   0.9982109460E+000
 0.6666667   0.1255466390E+001   0.1010581852E+001   0.1263146367E+001   0.1004495605E+001
 0.6767677   0.1274819927E+001   0.9862963258E+000   0.1275260526E+001   0.1003683977E+001
 0.6868687   0.1311216181E+001   0.1017066826E+001   0.1283193482E+001   0.1033271681E+001
 0.6969697   0.1325527330E+001   0.1028936537E+001   0.1277373875E+001   0.9948255253E+000
 0.7070707   0.1356761309E+001   0.1016026821E+001   0.1292028760E+001   0.1022133131E+001
 0.7171717   0.1375292723E+001   0.9920404470E+000   0.1303920302E+001   0.1015892129E+001
 0.7272727   0.1411733398E+001   0.1015561027E+001   0.1308963690E+001   0.1017541182E+001
 0.7373737   0.1441212855E+001   0.1019231161E+001   0.1310662993E+001   0.1021881109E+001
 0.7474747   0.1474450809E+001   0.1008311107E+001   0.1317110131E+001   0.1010849718E+001
 0.7575758   0.1509040960E+001   0.1013860478E+001   0.1309084653E+001   0.1016207652E+001
 0.7676768   0.1547052212E+001   0.1011742321E+001   0.1318122945E+001   0.1012056245E+001
 0.7777778   0.1571934441E+001   0.1012818465E+001   0.1332021593E+001   0.1028642029E+001
 0.7878788   0.1614483555E+001   0.1020498040E+001   0.1328008244E+001   0.1031898462E+001
 0.7979798   0.1674948124E+001   0.1015743731E+001   0.1339978096E+001   0.1013818410E+001
 0.8080808   0.1714514298E+001   0.1008827094E+001   0.1335272708E+001   0.1013780706E+001
 0.8181818   0.1767170204E+001   0.1003874019E+001   0.1342115779E+001   0.9917437209E+000
 0.8282828   0.1844018058E+001   0.1032510300E+001   0.1383702786E+001   0.1026568310E+001
 0.8383838   0.1882987176E+001   0.1018456177E+001   0.1371538111E+001   0.1022137099E+001
 0.8484848   0.1964948228E+001   0.1019148844E+001   0.1384578923E+001   0.1008398959E+001
 0.8585859   0.2000925742E+001   0.9951664857E+000   0.1381531858E+001   0.9948671981E+000
 0.8686869   0.2083448845E+001   0.1010583860E+001   0.1395523949E+001   0.1011226758E+001
 0.8787879   0.2150499385E+001   0.1008379370E+001   0.1412927316E+001   0.1022329588E+001
 0.8888889   0.2198335796E+001   0.9929720346E+000   0.1402905646E+001   0.1007023756E+001
 0.8989899   0.2271348055E+001   0.9879627433E+000   0.1416366606E+001   0.9817680409E+000
 0.9090909   0.2405520479E+001   0.9831923721E+000   0.1446628248E+001   0.9977624671E+000
 0.9191919   0.2513819919E+001   0.1035825066E+001   0.1448992514E+001   0.1020863102E+001
 0.9292929   0.2576566557E+001   0.9944155939E+000   0.1444953025E+001   0.9915710763E+000
 0.9393939   0.2699964509E+001   0.1008403463E+001   0.1475252249E+001   0.1013500903E+001
 0.9494949   0.2807910906E+001   0.1021708702E+001   0.1476242146E+001   0.1021256017E+001
 0.9595960   0.2924822115E+001   0.1014033143E+001   0.1498867988E+001   0.1021047653E+001
 0.9696970   0.3058174762E+001   0.9988787821E+000   0.1506861861E+001   0.9951648612E+000
 0.9797980   0.3174291409E+001   0.1010642084E+001   0.1521436496E+001   0.1024446964E+001
 0.9898990   0.3362682016E+001   0.1021256963E+001   0.1543765037E+001   0.1027637912E+001
 1.0000000   0.3410437555E+001   0.1002159416E+001   0.1539778899E+001   0.1010589759E+001


 0.0000000   0.9194856821E+000   0.1033222475E+001   0.7716866079E+000   0.9988560723E+000
 0.0101010   0.9243350264E+000   0.1009385346E+001   0.7778946623E+000   0.9812420416E+000
 0.0202020   0.9293913333E+000   0.1027878295E+001   0.7816355818E+000   0.9791915867E+000
 0.0303030   0.8896529441E+000   0.1008563164E+001   0.7627596240E+000   0.9764004733E+000
 0.0404040   0.8699087212E+000   0.1033696968E+001   0.7584731106E+000   0.9996766441E+000
 0.0505051   0.8361073550E+000   0.1025473107E+001   0.7650650867E+000   0.1010307044E+001
 0.0606061   0.8126540628E+000   0.1009297401E+001   0.7639942287E+000   0.9858633614E+000
 0.0707071   0.7647756875E+000   0.1044373057E+001   0.7555238515E+000   0.1009552742E+001
 0.0808081   0.7256627649E+000   0.1033547666E+001   0.7528784857E+000   0.1003592389E+001
 0.0909091   0.6875912661E+000   0.1040278511E+001   0.7563347834E+000   0.1012796047E+001
 0.1010101   0.6343289152E+000   0.1020427530E+001   0.7398204976E+000   0.9889994658E+000
 0.1111111   0.5885168887E+000   0.1038873439E+001   0.7275225924E+000   0.9780240749E+000
 0.1212121   0.5551781026E+000   0.9948315049E+000   0.7326829300E+000   0.9750633897E+000
 0.1313131   0.5127635171E+000   0.1030044191E+001   0.7244137629E+000   0.9897966483E+000
 0.1414141   0.4871481606E+000   0.1020000078E+001   0.7340019385E+000   0.1005486916E+001
 0.1515152   0.4569391154E+000   0.9799402016E+000   0.7231697129E+000   0.9541241917E+000
 0.1616162   0.4407660194E+000   0.1007158093E+001   0.7288938143E+000   0.9989009016E+000
 0.1717172   0.4290205066E+000   0.9956189176E+000   0.7287423142E+000   0.1000210698E+001
 0.1818182   0.4185386402E+000   0.1004846985E+001   0.7327382717E+000   0.9749094106E+000
 0.1919192   0.4072308834E+000   0.9637460882E+000   0.7390623817E+000   0.1000906527E+001
 0.2020202   0.4080334485E+000   0.9979034370E+000   0.7449762524E+000   0.1011199732E+001
 0.2121212   0.4052241969E+000   0.9747964538E+000   0.7389492717E+000   0.9843995861E+000
 0.2222222   0.4103307596E+000   0.1003961402E+001   0.7576403588E+000   0.1004336946E+001
 0.2323232   0.4185711011E+000   0.1002116606E+001   0.7625340607E+000   0.9969537492E+000
 0.2424242   0.4249237703E+000   0.9924365432E+000   0.7723682929E+000   0.1005750044E+001
 0.2525253   0.4377564567E+000   0.9908249038E+000   0.7833697545E+000   0.1015678768E+001
 0.2626263   0.4454229336E+000   0.9638667567E+000   0.7888743044E+000   0.9999534165E+000
 0.2727273   0.4593575048E+000   0.9878511426E+000   0.8073525960E+000   0.1012010559E+001
 0.2828283   0.4762159651E+000   0.9701599225E+000   0.8121314288E+000   0.9858750560E+000
 0.2929293   0.4980945548E+000   0.1006526117E+001   0.8214381202E+000   0.9943906806E+000
 0.3030303   0.5100167453E+000   0.9733975180E+000   0.8401883429E+000   0.1002079886E+001
 0.3131313   0.5254578296E+000   0.9992369255E+000   0.8532460515E+000   0.1026831527E+001
 0.3232323   0.5390802649E+000   0.9700637968E+000   0.8550088805E+000   0.9833646132E+000
 0.3333333   0.5696535645E+000   0.9713809235E+000   0.8713117251E+000   0.1013901187E+001
 0.3434343   0.5899110743E+000   0.1002701541E+001   0.8835513768E+000   0.9915937199E+000
 0.3535354   0.6215916744E+000   0.9946433440E+000   0.8998934751E+000   0.1024478961E+001
 0.3636364   0.6472101288E+000   0.9856770655E+000   0.9088606151E+000   0.9964684229E+000
 0.3737374   0.6849358006E+000   0.1022174155E+001   0.9337589186E+000   0.9875922144E+000
 0.3838384   0.7181373212E+000   0.9777927125E+000   0.9502900282E+000   0.1032485870E+001
 0.3939394   0.7522041610E+000   0.1010573623E+001   0.9634211981E+000   0.9929347018E+000
 0.4040404   0.7896315866E+000   0.1000016157E+001   0.9811115777E+000   0.1023742201E+001
 0.4141414   0.8291026281E+000   0.1001539852E+001   0.9961652446E+000   0.1003798994E+001
 0.4242424   0.8639942949E+000   0.9953489476E+000   0.9939477390E+000   0.9567048021E+000
 0.4343434   0.9208710265E+000   0.9989301414E+000   0.1021317228E+001   0.9948643123E+000
 0.4444444   0.9761083281E+000   0.1005010603E+001   0.1051715245E+001   0.1003354599E+001
 0.4545455   0.1017630376E+001   0.9588375416E+000   0.1055614348E+001   0.9975950036E+000
 0.4646465   0.1075400201E+001   0.9756452233E+000   0.1085736818E+001   0.1028714359E+001
 0.4747475   0.1137391856E+001   0.9832636967E+000   0.1096754820E+001   0.1001729048E+001
 0.4848485   0.1209412424E+001   0.9829712292E+000   0.1130000148E+001   0.1016596795E+001
 0.4949495   0.1276411986E+001   0.1007340118E+001   0.1137771909E+001   0.9941236537E+000
 0.5050505   0.1308829106E+001   0.9971160243E+000   0.1162026542E+001   0.1011944289E+001
 0.5151515   0.1327476364E+001   0.9888737565E+000   0.1156618827E+001   0.1000805174E+001
 0.5252525   0.1310196385E+001   0.1004789719E+001   0.1153629924E+001   0.9880054240E+000
 0.5353535   0.1325734240E+001   0.9918679699E+000   0.1157627002E+001   0.1011039906E+001
 0.5454545   0.1310671764E+001   0.1005260121E+001   0.1142652653E+001   0.9996259674E+000
 0.5555556   0.1325320542E+001   0.1016735894E+001   0.1163288411E+001   0.1027946413E+001
 0.5656566   0.1317744553E+001   0.1014363430E+001   0.1149606043E+001   0.9828870833E+000
 0.5757576   0.1285635089E+001   0.9759356457E+000   0.1155249337E+001   0.9958992852E+000
 0.5858586   0.1331136916E+001   0.1021202672E+001   0.1153079401E+001   0.1008293622E+001
 0.5959596   0.1298427134E+001   0.9569784296E+000   0.1151379639E+001   0.9814622901E+000
 0.6060606   0.1327458002E+001   0.1003347833E+001   0.1156409894E+001   0.1019154016E+001
 0.6161616   0.1314783603E+001   0.9979300250E+000   0.1155606938E+001   0.1002294287E+001
 0.6262626   0.1314316861E+001   0.1003932768E+001   0.1161038575E+001   0.1016068588E+001
 0.6363636   0.1319986038E+001   0.1005977996E+001   0.1141141546E+001   0.9712489979E+000
 0.6464646   0.1311184687E+001   0.9894280132E+000   0.1154132429E+001   0.9922408216E+000
 0.6565657   0.1315533958E+001   0.9920724927E+000   0.1147778728E+001   0.1008720475E+001
 0.6666667   0.1325266924E+001   0.1010082768E+001   0.1157603277E+001   0.9888610795E+000
 0.6767677   0.1319265272E+001   0.1020601375E+001   0.1130247071E+001   0.9650742442E+000
 0.6868687   0.1318633181E+001   0.1004511568E+001   0.1154719577E+001   0.1010264164E+001
 0.6969697   0.1323509647E+001   0.1007076284E+001   0.1159903655E+001   0.1015259711E+001
 0.7070707   0.1311034715E+001   0.9817297759E+000   0.1156754073E+001   0.1000520605E+001
 0.7171717   0.1310942715E+001   0.9837136468E+000   0.1145537067E+001   0.9838733287E+000
 0.7272727   0.1316936347E+001   0.9904710794E+000   0.1152914354E+001   0.9955757344E+000
 0.7373737   0.1331076575E+001   0.1008708375E+001   0.1158679540E+001   0.1004444146E+001
 0.7474747   0.1327219231E+001   0.1008006862E+001   0.1151012841E+001   0.1001015677E+001
 0.7575758   0.1318427383E+001   0.9909844315E+000   0.1154165520E+001   0.9932251179E+000
 0.7676768   0.1334556110E+001   0.1008589752E+001   0.1163842984E+001   0.1012581645E+001
 0.7777778   0.1327028347E+001   0.1010455000E+001   0.1142253555E+001   0.9973513659E+000
 0.7878788   0.1328983096E+001   0.1006333866E+001   0.1161641168E+001   0.1005508356E+001
 0.7979798   0.1319639321E+001   0.1001222842E+001   0.1154551303E+001   0.1006765526E+001
 0.8080808   0.1331706335E+001   0.1005986177E+001   0.1168602089E+001   0.1010751439E+001
 0.8181818   0.1318687407E+001   0.1006125253E+001   0.1145513670E+001   0.1000637551E+001
 0.8282828   0.1334559461E+001   0.1001380324E+001   0.1166228851E+001   0.1021826234E+001
 0.8383838   0.1330548034E+001   0.1004108658E+001   0.1161703153E+001   0.1017941675E+001
 0.8484848   0.1315661843E+001   0.1002826300E+001   0.1145702468E+001   0.1014082454E+001
 0.8585859   0.1321094876E+001   0.9964226921E+000   0.1157368280E+001   0.9971993360E+000
 0.8686869   0.1329647583E+001   0.9896345812E+000   0.1164164457E+001   0.9951215937E+000
 0.8787879   0.1328297644E+001   0.1009857793E+001   0.1160261264E+001   0.1011503792E+001
 0.8888889   0.1329987260E+001   0.9965085917E+000   0.1156252918E+001   0.9961136864E+000
 0.8989899   0.1331490403E+001   0.1012334564E+001   0.1168352014E+001   0.1027468883E+001
 0.9090909   0.1325930937E+001   0.9949848970E+000   0.1154428759E+001   0.9999456201E+000
 0.9191919   0.1335744916E+001   0.9991060309E+000   0.1163942782E+001   0.9994817339E+000
 0.9292929   0.1329932103E+001   0.9977255022E+000   0.1160443515E+001   0.1010585765E+001
 0.9393939   0.1329879469E+001   0.1009863929E+001   0.1154487427E+001   0.1013827121E+001
 0.9494949   0.1316846989E+001   0.9775309233E+000   0.1159695643E+001   0.9984136262E+000
 0.9595960   0.1307201356E+001   0.1004417487E+001   0.1139571132E+001   0.1001317788E+001
 0.9696970   0.1322289912E+001   0.9929478502E+000   0.1147696494E+001   0.9894516573E+000
 0.9797980   0.1325427503E+001   0.1011301724E+001   0.1159725754E+001   0.1011922849E+001
 0.9898990   0.1325481049E+001   0.9802388049E+000   0.1154514225E+001   0.9848673705E+000
 1.0000000   0.1324551260E+001   0.9802060812E+000   0.1149658861E+001   0.9921784504E+000


