#   100 bins for weightfunction of cd                      
 0.0000000    0.3332283020E+001    0.8118530273E+000
 0.0101010    0.3375277710E+001    0.7995086670E+000
 0.0202020    0.3350538635E+001    0.7978118896E+000
 0.0303030    0.3405508423E+001    0.7942352295E+000
 0.0404040    0.3488975525E+001    0.8313110352E+000
 0.0505051    0.3529196167E+001    0.8167831421E+000
 0.0606061    0.3623023987E+001    0.8310852051E+000
 0.0707071    0.3724510193E+001    0.8402999878E+000
 0.0808081    0.3819161987E+001    0.8125930786E+000
 0.0909091    0.3896697998E+001    0.8059371948E+000
 0.1010101    0.3967349243E+001    0.8016723633E+000
 0.1111111    0.4089189148E+001    0.8049621582E+000
 0.1212121    0.4149668884E+001    0.8033615112E+000
 0.1313131    0.4148318481E+001    0.7922851563E+000
 0.1414141    0.4244287109E+001    0.7886245728E+000
 0.1515152    0.4316113281E+001    0.8055831909E+000
 0.1616162    0.4311918640E+001    0.7871200562E+000
 0.1717172    0.4333099365E+001    0.7874130249E+000
 0.1818182    0.4261123657E+001    0.7621398926E+000
 0.1919192    0.4276396179E+001    0.7576034546E+000
 0.2020202    0.4240522766E+001    0.7314605713E+000
 0.2121212    0.4252680969E+001    0.7517944336E+000
 0.2222222    0.4149343872E+001    0.7418716431E+000
 0.2323232    0.4111058044E+001    0.7338287354E+000
 0.2424242    0.4047119141E+001    0.7462982178E+000
 0.2525253    0.3958085632E+001    0.6855712891E+000
 0.2626263    0.3865420532E+001    0.7051467896E+000
 0.2727273    0.3832838440E+001    0.6660781860E+000
 0.2828283    0.3739897156E+001    0.6827407837E+000
 0.2929293    0.3647169495E+001    0.7237945557E+000
 0.3030303    0.3532429504E+001    0.6509277344E+000
 0.3131313    0.3470500183E+001    0.6744979858E+000
 0.3232323    0.3405665588E+001    0.6420394897E+000
 0.3333333    0.3339500427E+001    0.6416229248E+000
 0.3434343    0.3242315674E+001    0.6151626587E+000
 0.3535354    0.3089714050E+001    0.6093917847E+000
 0.3636364    0.2989389038E+001    0.5991912842E+000
 0.3737374    0.2882267761E+001    0.5899810791E+000
 0.3838384    0.2813127136E+001    0.5860076904E+000
 0.3939394    0.2692884827E+001    0.5576248169E+000
 0.4040404    0.2578802490E+001    0.5562500000E+000
 0.4141414    0.2417109680E+001    0.5752548218E+000
 0.4242424    0.2383305359E+001    0.5416107178E+000
 0.4343434    0.2267675781E+001    0.5225952148E+000
 0.4444444    0.2118295288E+001    0.5157363892E+000
 0.4545455    0.2037841797E+001    0.4992599487E+000
 0.4646465    0.1905957031E+001    0.4983886719E+000
 0.4747475    0.1790313721E+001    0.4875839233E+000
 0.4848485    0.1708517456E+001    0.5005783081E+000
 0.4949495    0.1574797058E+001    0.4597595215E+000
 0.5050505    0.1489312744E+001    0.4516845703E+000
 0.5151515    0.1474139404E+001    0.4481307983E+000
 0.5252525    0.1478840637E+001    0.4604812622E+000
 0.5353535    0.1432673645E+001    0.4527633667E+000
 0.5454545    0.1428649902E+001    0.4561904907E+000
 0.5555556    0.1438746643E+001    0.4190826416E+000
 0.5656566    0.1452191162E+001    0.4735931396E+000
 0.5757576    0.1452613831E+001    0.4664566040E+000
 0.5858586    0.1428367615E+001    0.4341156006E+000
 0.5959596    0.1373719788E+001    0.4408889771E+000
 0.6060606    0.1396427917E+001    0.4559661865E+000
 0.6161616    0.1343608093E+001    0.4551239014E+000
 0.6262626    0.1368136597E+001    0.4399810791E+000
 0.6363636    0.1341258240E+001    0.4527740479E+000
 0.6464646    0.1332167053E+001    0.4370391846E+000
 0.6565657    0.1307046509E+001    0.4375518799E+000
 0.6666667    0.1274461365E+001    0.4414108276E+000
 0.6767677    0.1307670593E+001    0.4389755249E+000
 0.6868687    0.1236709595E+001    0.4265914917E+000
 0.6969697    0.1182708740E+001    0.4155853271E+000
 0.7070707    0.1204656982E+001    0.4549606323E+000
 0.7171717    0.1176126099E+001    0.4436187744E+000
 0.7272727    0.1130578613E+001    0.4010726929E+000
 0.7373737    0.1101716614E+001    0.4238845825E+000
 0.7474747    0.1107196045E+001    0.4410278320E+000
 0.7575758    0.1057441711E+001    0.4091629028E+000
 0.7676768    0.1010864258E+001    0.4025283813E+000
 0.7777778    0.9932434082E+000    0.4124923706E+000
 0.7878788    0.9716354370E+000    0.4285446167E+000
 0.7979798    0.9179702759E+000    0.4211654663E+000
 0.8080808    0.8809906006E+000    0.3872772217E+000
 0.8181818    0.8505981445E+000    0.4143020630E+000
 0.8282828    0.8048797607E+000    0.3832885742E+000
 0.8383838    0.7568984985E+000    0.3933898926E+000
 0.8484848    0.7554595947E+000    0.4128402710E+000
 0.8585859    0.6661621094E+000    0.3834640503E+000
 0.8686869    0.6405288696E+000    0.3962493896E+000
 0.8787879    0.6039001465E+000    0.3837310791E+000
 0.8888889    0.5551177979E+000    0.3664810181E+000
 0.8989899    0.5047149658E+000    0.3489944458E+000
 0.9090909    0.4345901489E+000    0.3514648438E+000
 0.9191919    0.4126876831E+000    0.3727783203E+000
 0.9292929    0.3410781860E+000    0.3440200806E+000
 0.9393939    0.2993667603E+000    0.3517379761E+000
 0.9494949    0.2476028442E+000    0.3445556641E+000
 0.9595960    0.2157501221E+000    0.3685806274E+000
 0.9696970    0.1575073242E+000    0.3354125977E+000
 0.9797980    0.9844055176E-001    0.3156753540E+000
 0.9898990    0.4202575684E-001    0.3309951782E+000
 1.0000000    0.0000000000E+000    0.3282211304E+000


#   100 bins for weightfunction of Ar                      
 0.0000000    0.2680584717E+001    0.1434432983E+000
 0.0101010    0.2740118408E+001    0.1803100586E+000
 0.0202020    0.2730810547E+001    0.1585983276E+000
 0.0303030    0.2747502136E+001    0.1539611816E+000
 0.0404040    0.2778427124E+001    0.1691726685E+000
 0.0505051    0.2835853577E+001    0.1578933716E+000
 0.0606061    0.2910848999E+001    0.1687286377E+000
 0.0707071    0.2925350952E+001    0.1310989380E+000
 0.0808081    0.3026760864E+001    0.1551376343E+000
 0.0909091    0.3099647522E+001    0.1592041016E+000
 0.1010101    0.3205290222E+001    0.1538223267E+000
 0.1111111    0.3305445862E+001    0.1567245483E+000
 0.1212121    0.3400581360E+001    0.1974456787E+000
 0.1313131    0.3460401917E+001    0.1617965698E+000
 0.1414141    0.3550894165E+001    0.1355422974E+000
 0.1515152    0.3643484497E+001    0.1824157715E+000
 0.1616162    0.3655931091E+001    0.1660018921E+000
 0.1717172    0.3773034668E+001    0.1589660645E+000
 0.1818182    0.3777952576E+001    0.1472885132E+000
 0.1919192    0.3807804871E+001    0.1523971558E+000
 0.2020202    0.3835310364E+001    0.1465621948E+000
 0.2121212    0.3872422791E+001    0.1497909546E+000
 0.2222222    0.3844252014E+001    0.1603805542E+000
 0.2323232    0.3841526794E+001    0.1598770142E+000
 0.2424242    0.3812765503E+001    0.1334564209E+000
 0.2525253    0.3843180847E+001    0.1390640259E+000
 0.2626263    0.3765618896E+001    0.1528793335E+000
 0.2727273    0.3749821472E+001    0.1219085693E+000
 0.2828283    0.3734953308E+001    0.1291015625E+000
 0.2929293    0.3694557190E+001    0.1134567261E+000
 0.3030303    0.3667108154E+001    0.8088378906E-001
 0.3131313    0.3626029968E+001    0.1086898804E+000
 0.3232323    0.3575384521E+001    0.1056640625E+000
 0.3333333    0.3538832092E+001    0.1101928711E+000
 0.3434343    0.3480375671E+001    0.7907409668E-001
 0.3535354    0.3423643494E+001    0.8650054932E-001
 0.3636364    0.3369567871E+001    0.4689025879E-001
 0.3737374    0.3347821045E+001    0.9799652100E-001
 0.3838384    0.3271667480E+001    0.4409790039E-001
 0.3939394    0.3215599060E+001    0.6246490479E-001
 0.4040404    0.3155531311E+001    0.7008972168E-001
 0.4141414    0.3114666748E+001    0.4473724365E-001
 0.4242424    0.3063317871E+001    0.7561492920E-001
 0.4343434    0.3019808960E+001    0.3787536621E-001
 0.4444444    0.2951841736E+001    0.4327545166E-001
 0.4545455    0.2903636169E+001    0.1366119385E-001
 0.4646465    0.2828828430E+001    0.5075836182E-001
 0.4747475    0.2780476379E+001    0.3472595215E-001
 0.4848485    0.2697048950E+001    0.3036499023E-002
 0.4949495    0.2604922485E+001    0.2592620850E-001
 0.5050505    0.2574330139E+001    0.9141540527E-002
 0.5151515    0.2593655396E+001    0.2233734131E-001
 0.5252525    0.2602037048E+001    0.1364898682E-001
 0.5353535    0.2597235107E+001    0.4006958008E-002
 0.5454545    0.2606251526E+001    0.3235931396E-001
 0.5555556    0.2607179260E+001    0.1089324951E-001
 0.5656566    0.2597068787E+001    0.2216033936E-001
 0.5757576    0.2568553162E+001    0.5126953125E-003
 0.5858586    0.2593144226E+001    0.4270477295E-001
 0.5959596    0.2590939331E+001    0.1074218750E-002
 0.6060606    0.2584034729E+001    0.1725769043E-001
 0.6161616    0.2594560242E+001    0.6114196777E-002
 0.6262626    0.2601564026E+001    0.3150482178E-001
 0.6363636    0.2597291565E+001    0.1304168701E-001
 0.6464646    0.2589166260E+001    0.1524658203E-001
 0.6565657    0.2596311951E+001    0.1284942627E-001
 0.6666667    0.2582046509E+001    0.2592315674E-001
 0.6767677    0.2570115662E+001    0.1037597656E-001
 0.6868687    0.2591156006E+001    0.2343139648E-001
 0.6969697    0.2586338806E+001    0.3311767578E-001
 0.7070707    0.2605886841E+001    0.2022705078E-001
 0.7171717    0.2593946838E+001    0.1934356689E-001
 0.7272727    0.2603822327E+001    0.1929931641E-001
 0.7373737    0.2610386658E+001    0.2652740479E-001
 0.7474747    0.2594279480E+001    0.8738708496E-002
 0.7575758    0.2617756653E+001    0.4320526123E-001
 0.7676768    0.2589953613E+001    0.1539306641E-001
 0.7777778    0.2581741333E+001    0.2676391602E-002
 0.7878788    0.2607318115E+001    0.4109039307E-001
 0.7979798    0.2603599548E+001    0.1244659424E-001
 0.8080808    0.2573594666E+001    0.4061889648E-002
 0.8181818    0.2603956604E+001    0.3208465576E-001
 0.8282828    0.2597099304E+001    0.1926116943E-001
 0.8383838    0.2603439331E+001    0.4638671875E-002
 0.8484848    0.2594030762E+001    0.1814270020E-002
 0.8585859    0.2586506653E+001    0.1524810791E-001
 0.8686869    0.2606913757E+001    0.2839202881E-001
 0.8787879    0.2585649109E+001    0.9790039063E-002
 0.8888889    0.2616540527E+001    0.3394012451E-001
 0.8989899    0.2604745483E+001    0.1972961426E-001
 0.9090909    0.2597085571E+001    0.2154846191E-001
 0.9191919    0.2591990662E+001    0.1227111816E-001
 0.9292929    0.2613810730E+001    0.4015350342E-001
 0.9393939    0.2602194214E+001    0.2063446045E-001
 0.9494949    0.2594030762E+001    0.2193756104E-001
 0.9595960    0.2581689453E+001    0.0000000000E+000
 0.9696970    0.2590809631E+001    0.2259826660E-001
 0.9797980    0.2603602600E+001    0.2122955322E-001
 0.9898990    0.2630886841E+001    0.4541931152E-001
 1.0000000    0.2584373474E+001    0.7888793946E-003


