Compiled using GNU Fortran (Ubuntu 9.4.0-1ubuntu1~20.04.2) 9.4.0 with all optimizations
Last Brick update unknown
Compiled at 18:43:37 on Sep  2 2023
Starting at 16:56:20 on Sep 11 2023

Settings
OK                      

Forcefield
OK                      

Topology
OK                      

Configuration
OK                      Read from ./INPUT/restart.in

 F
Monte Carlo Simulation initialized.

#########################################################################################################################
###########################################   ENERGY STARTING CONFIGURATION   ###########################################
#########################################################################################################################
                                               Box 1               Box 2
-------------------------------------------------------------------------------------------------------------------------
Lennard Jones        
 Intermolecular                         -0.4798634952E+006  -0.6732361784E+005
 Tailcorrection                         -0.1203449897E+005  -0.1681165655E+004
Total Intermolecular                    -0.4918979942E+006  -0.6900478350E+005

Electrostatic        
 Real                                   -0.1249751031E+006  -0.7888260908E+004
 Exclusion                               0.8220273026E+007   0.2194042745E+007
 Selfterm                               -0.8246675718E+007  -0.2196255828E+007
 Fourier                                 0.1454251500E+005   0.2077846726E+004
Total Intermolecular                    -0.1368352799E+006  -0.8023496827E+004

Intramolecular       
 Lennard Jones                           0.0000000000E+000   0.0000000000E+000
 Electrostatic                           0.0000000000E+000   0.0000000000E+000
 Bending                                 0.0000000000E+000   0.0000000000E+000
 Torsion                                 0.0000000000E+000   0.0000000000E+000

Total                                   -0.6287332740E+006  -0.7702828032E+005

#########################################################################################################################

Simulation is running...



#########################################################################################################################
###############################################   RELATIVE ENERGY DRIFTS   ##############################################
#########################################################################################################################
                                               Box 1               Box 2                                                 
-------------------------------------------------------------------------------------------------------------------------

Lennard Jones        
 Intermolecular                          0.4592773972E-014   0.2418223062E-014
 Tailcorrection                          0.0000000000E+000   0.0000000000E+000

Electrostatic        
 Real                                    0.7891448137E-014   0.0000000000E+000
 Exclusion                               0.1174822708E-015   0.1938298674E-015
 Selfterm                                0.0000000000E+000   0.0000000000E+000
 Fourier                                 0.1290436814E-015   0.0000000000E+000

Intramolecular       
 Lennard Jones                           0.0000000000E+000   0.0000000000E+000
 Electrostatic                           0.0000000000E+000   0.0000000000E+000
 Bending                                 0.0000000000E+000   0.0000000000E+000
 Torsion                                 0.0000000000E+000   0.0000000000E+000

Total                                    0.3996972582E-014   0.9088791004E-014

#########################################################################################################################
############################################   TRIAL MOVE ACCEPTANCE RATES   ############################################
#########################################################################################################################
                                               Box 1               Box 2
-------------------------------------------------------------------------------------------------------------------------
Translation
 CO2                                          0.49364             0.55002
 AR                                           0.50727             0.53018
-------------------------------------------------------------------------------------------------------------------------
Rotation
 CO2                                          0.48907             0.63628
 AR                                           0.00000             0.00000
-------------------------------------------------------------------------------------------------------------------------
Lambda Move
 cd                                           0.75121             0.91927
 Ar                                           0.83531             0.94975
-------------------------------------------------------------------------------------------------------------------------
GE Swap Fractional
 cd                                           0.32398             0.39475
 Ar                                           0.40300             0.48707
-------------------------------------------------------------------------------------------------------------------------
GE Identity Change
 cd                                           0.74949             0.83013
 Ar                                           0.74674             0.98583
-------------------------------------------------------------------------------------------------------------------------
Volume                                        0.51772             0.51776

#########################################################################################################################
######################################################   AVERAGES   #####################################################
#########################################################################################################################
                                                       Boltzmann                                    Biased
                                               Box 1               Box 2                  Box 1               Box 2      
-------------------------------------------------------------------------------------------------------------------------
Density
 CO2                                     0.8484359332E+003   0.9275366466E+002      0.8450247257E+003   0.9259109289E+002
 AR                                      0.1272575204E+003   0.1365906192E+003      0.1282658099E+003   0.1367669453E+003
 Total                                   0.9756934536E+003   0.2293442839E+003      0.9732905356E+003   0.2293580382E+003

Number of molecules
 CO2                                     0.4116060464E+003   0.1983939536E+003      0.4128277600E+003   0.1971722400E+003
 AR                                      0.6863563043E+002   0.3213643696E+003      0.6967874000E+002   0.3203212600E+003
 Total                                   0.4802416768E+003   0.5197583232E+003      0.4825065000E+003   0.5174935000E+003

Mole fractions
 CO2                                          0.85708             0.38170                 0.85559             0.38101
 AR                                           0.14292             0.61830                 0.14441             0.61899

Volume                                   0.3554490586E+005   0.1566540344E+006      0.3579759781E+005   0.1559487142E+006

#########################################################################################################################
#######################################   PROPERTIES FROM THE CFC GIBBS ENSEMBLE   ######################################
#########################################################################################################################
                                                       Boltzmann                                    Biased
                                               Box 1               Box 2                  Box 1               Box 2      
Chemical Potentials (as an indication)
=========================================================================================================================

Total cd                                -0.1939515421E+004  -0.1934662022E+004     -0.1940534679E+004  -0.1935105851E+004
 Ideal gas                              -0.1127347724E+004  -0.1687349907E+004     -0.1128366982E+004  -0.1687793736E+004
 Excess                                 -0.8121676977E+003  -0.2473121156E+003     -0.8121676977E+003  -0.2473121156E+003

-------------------------------------------------------------------------------------------------------------------------

Total Ar                                -0.1652970364E+004  -0.1649893382E+004     -0.1650973689E+004  -0.1649566992E+004
 Ideal gas                              -0.1582834642E+004  -0.1564928436E+004     -0.1580837967E+004  -0.1564602046E+004
 Excess                                 -0.7013572197E+002  -0.8496494583E+002     -0.7013572197E+002  -0.8496494583E+002

-------------------------------------------------------------------------------------------------------------------------

#########################################################################################################################
#########################################   PROPERTIES FROM UMBRELLA SAMPLING   #########################################
#########################################################################################################################

Excess Partial Molar Enthalpy
=========================================================================================================================


Partial Molar Volume
=========================================================================================================================


#########################################################################################################################
##################################################   AVERAGE ENERGIES   #################################################
#########################################################################################################################
                                                       Boltzmann                                    Biased
                                               Box 1               Box 2                  Box 1               Box 2      
-------------------------------------------------------------------------------------------------------------------------
Lennard Jones        
 Intermolecular                         -0.4452781849E+006  -0.8767917406E+005     -0.4461076124E+006  -0.8709965181E+005
 Tailcorrection                         -0.1099374162E+005  -0.2054813475E+004     -0.1101621155E+005  -0.2041641679E+004
Total Intermolecular                    -0.4562719265E+006  -0.8973398754E+005     -0.4571238239E+006  -0.8914129349E+005

Electrostatic        
 Real                                   -0.1185567383E+006  -0.9692112990E+004     -0.1184596998E+006  -0.9614118721E+004
 Exclusion                               0.7539127948E+007   0.2694544987E+007      0.7559648790E+007   0.2677301475E+007
 Selfterm                               -0.7563343279E+007  -0.2697262251E+007     -0.7583929870E+007  -0.2680001303E+007
 Fourier                                 0.1248636174E+005   0.2611705467E+004      0.1256116371E+005   0.2596860555E+004
Total Intermolecular                    -0.1302857066E+006  -0.9797671181E+004     -0.1301796160E+006  -0.9717086023E+004

Intramolecular       
 Lennard Jones                           0.0000000000E+000   0.0000000000E+000      0.0000000000E+000   0.0000000000E+000
 Electrostatic                           0.0000000000E+000   0.0000000000E+000      0.0000000000E+000   0.0000000000E+000
 Bending                                 0.0000000000E+000   0.0000000000E+000      0.0000000000E+000   0.0000000000E+000
 Torsion                                 0.0000000000E+000   0.0000000000E+000      0.0000000000E+000   0.0000000000E+000

Total                                   -0.5865576331E+006  -0.9953165872E+005     -0.5873034400E+006  -0.9885837952E+005

#########################################################################################################################

No errors found in bookkeeping.

Total simulation time:  15 hours and  22 minutes

Simulation finished.

