#   100 bins for weightfunction of cd                      
 0.0000000    0.3233589172E+001    0.1790274048E+001
 0.0101010    0.3244947815E+001    0.1800723267E+001
 0.0202020    0.3275881958E+001    0.1806250000E+001
 0.0303030    0.3296363831E+001    0.1788879395E+001
 0.0404040    0.3352828979E+001    0.1804815674E+001
 0.0505051    0.3386592102E+001    0.1794665527E+001
 0.0606061    0.3463790894E+001    0.1795512390E+001
 0.0707071    0.3544737244E+001    0.1794783020E+001
 0.0808081    0.3622389221E+001    0.1807798767E+001
 0.0909091    0.3713740540E+001    0.1799162292E+001
 0.1010101    0.3793984985E+001    0.1801812744E+001
 0.1111111    0.3842590332E+001    0.1806457520E+001
 0.1212121    0.3920118713E+001    0.1803744507E+001
 0.1313131    0.3970219421E+001    0.1798187256E+001
 0.1414141    0.4035704041E+001    0.1816548157E+001
 0.1515152    0.4032960510E+001    0.1786061096E+001
 0.1616162    0.4052670288E+001    0.1744326782E+001
 0.1717172    0.4053274536E+001    0.1760079956E+001
 0.1818182    0.4031240845E+001    0.1754072571E+001
 0.1919192    0.4014353943E+001    0.1725953674E+001
 0.2020202    0.3986698914E+001    0.1728375244E+001
 0.2121212    0.3949690247E+001    0.1708352661E+001
 0.2222222    0.3878941345E+001    0.1668748474E+001
 0.2323232    0.3832019043E+001    0.1676031494E+001
 0.2424242    0.3768063354E+001    0.1659031677E+001
 0.2525253    0.3742797852E+001    0.1643009949E+001
 0.2626263    0.3634448242E+001    0.1616554260E+001
 0.2727273    0.3556475830E+001    0.1599951172E+001
 0.2828283    0.3508093262E+001    0.1589857483E+001
 0.2929293    0.3412796021E+001    0.1581248474E+001
 0.3030303    0.3316661072E+001    0.1550111389E+001
 0.3131313    0.3236253357E+001    0.1514820862E+001
 0.3232323    0.3122474670E+001    0.1526597595E+001
 0.3333333    0.3067047119E+001    0.1493748474E+001
 0.3434343    0.2975823975E+001    0.1493452454E+001
 0.3535354    0.2875175476E+001    0.1466177368E+001
 0.3636364    0.2784396362E+001    0.1453817749E+001
 0.3737374    0.2668920898E+001    0.1418730164E+001
 0.3838384    0.2571368408E+001    0.1388902283E+001
 0.3939394    0.2480390930E+001    0.1370138550E+001
 0.4040404    0.2368765259E+001    0.1352284241E+001
 0.4141414    0.2291067505E+001    0.1326785278E+001
 0.4242424    0.2167893982E+001    0.1287699890E+001
 0.4343434    0.2039598083E+001    0.1273678589E+001
 0.4444444    0.1935511780E+001    0.1243991089E+001
 0.4545455    0.1829830933E+001    0.1221166992E+001
 0.4646465    0.1720489502E+001    0.1199198914E+001
 0.4747475    0.1599815369E+001    0.1204522705E+001
 0.4848485    0.1526475525E+001    0.1177799988E+001
 0.4949495    0.1407991028E+001    0.1143917847E+001
 0.5050505    0.1315394592E+001    0.1131138611E+001
 0.5151515    0.1318937683E+001    0.1119471741E+001
 0.5252525    0.1329138184E+001    0.1126049805E+001
 0.5353535    0.1298895264E+001    0.1111531067E+001
 0.5454545    0.1291967773E+001    0.1131663513E+001
 0.5555556    0.1283984375E+001    0.1115382385E+001
 0.5656566    0.1276614380E+001    0.1106007385E+001
 0.5757576    0.1279591370E+001    0.1126463318E+001
 0.5858586    0.1268350220E+001    0.1117742920E+001
 0.5959596    0.1248524475E+001    0.1138325500E+001
 0.6060606    0.1256524658E+001    0.1121385193E+001
 0.6161616    0.1228390503E+001    0.1115550232E+001
 0.6262626    0.1231941223E+001    0.1106811523E+001
 0.6363636    0.1222630310E+001    0.1094032288E+001
 0.6464646    0.1192285156E+001    0.1107575989E+001
 0.6565657    0.1171873474E+001    0.1086933899E+001
 0.6666667    0.1146319580E+001    0.1111248779E+001
 0.6767677    0.1159155273E+001    0.1116316223E+001
 0.6868687    0.1139143372E+001    0.1112287903E+001
 0.6969697    0.1100607300E+001    0.1113819885E+001
 0.7070707    0.1067333984E+001    0.1096891785E+001
 0.7171717    0.1053315735E+001    0.1099087524E+001
 0.7272727    0.1012380981E+001    0.1092721558E+001
 0.7373737    0.1013856506E+001    0.1103977966E+001
 0.7474747    0.9629074097E+000    0.1071946716E+001
 0.7575758    0.9476150513E+000    0.1079554749E+001
 0.7676768    0.9187683105E+000    0.1083956909E+001
 0.7777778    0.8796005249E+000    0.1079891968E+001
 0.7878788    0.8649917603E+000    0.1088528442E+001
 0.7979798    0.8278594971E+000    0.1077813721E+001
 0.8080808    0.7935470581E+000    0.1084225464E+001
 0.8181818    0.7530761719E+000    0.1060771179E+001
 0.8282828    0.7320602417E+000    0.1061561584E+001
 0.8383838    0.6800857544E+000    0.1042849731E+001
 0.8484848    0.6588836670E+000    0.1065551758E+001
 0.8585859    0.6216110229E+000    0.1065052795E+001
 0.8686869    0.5941070557E+000    0.1064602661E+001
 0.8787879    0.5443298340E+000    0.1042866516E+001
 0.8888889    0.4938644409E+000    0.1026570129E+001
 0.8989899    0.4558609009E+000    0.1029063416E+001
 0.9090909    0.4188064575E+000    0.1023712158E+001
 0.9191919    0.3709701538E+000    0.1019273376E+001
 0.9292929    0.3323181152E+000    0.1036085510E+001
 0.9393939    0.2870223999E+000    0.1020738220E+001
 0.9494949    0.2383453369E+000    0.1022555542E+001
 0.9595960    0.1855575562E+000    0.9999679565E+000
 0.9696970    0.1328857422E+000    0.9971786499E+000
 0.9797980    0.8723907471E-001    0.9770370483E+000
 0.9898990    0.2892303467E-001    0.9818176270E+000
 1.0000000    0.0000000000E+000    0.9719482422E+000


#   100 bins for weightfunction of Ar                      
 0.0000000    0.1805039978E+001    0.3096588135E+000
 0.0101010    0.1818405151E+001    0.3225509644E+000
 0.0202020    0.1824174500E+001    0.3176330566E+000
 0.0303030    0.1867167664E+001    0.3417144775E+000
 0.0404040    0.1875546265E+001    0.3230514526E+000
 0.0505051    0.1923522949E+001    0.3239044189E+000
 0.0606061    0.1958769226E+001    0.3232879639E+000
 0.0707071    0.2018855286E+001    0.3225296021E+000
 0.0808081    0.2087081909E+001    0.3217376709E+000
 0.0909091    0.2193734741E+001    0.3564697266E+000
 0.1010101    0.2266419983E+001    0.3494430542E+000
 0.1111111    0.2331672668E+001    0.3480346680E+000
 0.1212121    0.2429188538E+001    0.3535385132E+000
 0.1313131    0.2502754211E+001    0.3380020142E+000
 0.1414141    0.2563720703E+001    0.3515655518E+000
 0.1515152    0.2632470703E+001    0.3483749390E+000
 0.1616162    0.2703576660E+001    0.3505279541E+000
 0.1717172    0.2734187317E+001    0.3478012085E+000
 0.1818182    0.2767134094E+001    0.3308044434E+000
 0.1919192    0.2776069641E+001    0.3353515625E+000
 0.2020202    0.2790695190E+001    0.3226928711E+000
 0.2121212    0.2808633423E+001    0.3140014648E+000
 0.2222222    0.2787501526E+001    0.3068099976E+000
 0.2323232    0.2801951599E+001    0.3093154907E+000
 0.2424242    0.2766699219E+001    0.2943252563E+000
 0.2525253    0.2754115295E+001    0.2893585205E+000
 0.2626263    0.2741192627E+001    0.2878952026E+000
 0.2727273    0.2697027588E+001    0.2726028442E+000
 0.2828283    0.2676075745E+001    0.2510986328E+000
 0.2929293    0.2638763428E+001    0.2503829956E+000
 0.3030303    0.2602357483E+001    0.2372619629E+000
 0.3131313    0.2562626648E+001    0.2291458130E+000
 0.3232323    0.2536701965E+001    0.2170700073E+000
 0.3333333    0.2485870361E+001    0.2210937500E+000
 0.3434343    0.2454251099E+001    0.2106643677E+000
 0.3535354    0.2393988037E+001    0.1987426758E+000
 0.3636364    0.2351676941E+001    0.1714340210E+000
 0.3737374    0.2293690491E+001    0.1704177856E+000
 0.3838384    0.2264859009E+001    0.1487365723E+000
 0.3939394    0.2217070007E+001    0.1331207275E+000
 0.4040404    0.2142486572E+001    0.1302505493E+000
 0.4141414    0.2098469543E+001    0.1354583740E+000
 0.4242424    0.2048489380E+001    0.1040771484E+000
 0.4343434    0.1973107910E+001    0.1107238770E+000
 0.4444444    0.1924914551E+001    0.7727661133E-001
 0.4545455    0.1867163086E+001    0.6972961426E-001
 0.4646465    0.1810710144E+001    0.5955200195E-001
 0.4747475    0.1753050232E+001    0.5578613281E-001
 0.4848485    0.1694912720E+001    0.3669281006E-001
 0.4949495    0.1635012817E+001    0.2023620605E-001
 0.5050505    0.1600532532E+001    0.1018066406E-001
 0.5151515    0.1597760010E+001    0.1447143555E-001
 0.5252525    0.1608430481E+001    0.0000000000E+000
 0.5353535    0.1590634155E+001    0.1502838135E-001
 0.5454545    0.1595262146E+001    0.7901000977E-002
 0.5555556    0.1603027344E+001    0.2036743164E-001
 0.5656566    0.1592819214E+001    0.5491638184E-002
 0.5757576    0.1606098938E+001    0.1352996826E-001
 0.5858586    0.1599145508E+001    0.1750793457E-001
 0.5959596    0.1591603088E+001    0.1613311768E-001
 0.6060606    0.1601882935E+001    0.1554260254E-001
 0.6161616    0.1600262451E+001    0.1715087891E-001
 0.6262626    0.1591084290E+001    0.2098693848E-001
 0.6363636    0.1592379761E+001    0.1664886475E-001
 0.6464646    0.1593746948E+001    0.2351226807E-001
 0.6565657    0.1602395630E+001    0.2256317139E-001
 0.6666667    0.1594947815E+001    0.9016418457E-002
 0.6767677    0.1606044006E+001    0.5407714844E-002
 0.6868687    0.1603466797E+001    0.6462097168E-002
 0.6969697    0.1581590271E+001    0.2775421143E-001
 0.7070707    0.1592391968E+001    0.1456146240E-001
 0.7171717    0.1590063477E+001    0.6179809570E-002
 0.7272727    0.1602462769E+001    0.1938476563E-001
 0.7373737    0.1595967102E+001    0.1019134521E-001
 0.7474747    0.1605009460E+001    0.2157287598E-001
 0.7575758    0.1610530090E+001    0.3125915527E-001
 0.7676768    0.1609410095E+001    0.2129364014E-001
 0.7777778    0.1598843384E+001    0.2008514404E-001
 0.7878788    0.1595323181E+001    0.1277313232E-001
 0.7979798    0.1601016235E+001    0.1415100098E-001
 0.8080808    0.1595640564E+001    0.1391754150E-001
 0.8181818    0.1598200989E+001    0.1824188232E-001
 0.8282828    0.1588749695E+001    0.9106445313E-002
 0.8383838    0.1596809387E+001    0.1284027100E-001
 0.8484848    0.1600842285E+001    0.2038269043E-001
 0.8585859    0.1602333069E+001    0.1175689697E-001
 0.8686869    0.1597871399E+001    0.8380126953E-002
 0.8787879    0.1596333313E+001    0.1697692871E-001
 0.8888889    0.1603463745E+001    0.1847534180E-001
 0.8989899    0.1603219604E+001    0.1765594482E-001
 0.9090909    0.1596827698E+001    0.1559906006E-001
 0.9191919    0.1590637207E+001    0.1177978516E-001
 0.9292929    0.1599238586E+001    0.1933746338E-001
 0.9393939    0.1586940002E+001    0.3164672852E-002
 0.9494949    0.1601327515E+001    0.1482543945E-001
 0.9595960    0.1590162659E+001    0.1545562744E-001
 0.9696970    0.1604281616E+001    0.1938629150E-001
 0.9797980    0.1604858398E+001    0.1551361084E-001
 0.9898990    0.1590438843E+001    0.7489013672E-002
 1.0000000    0.1597734070E+001    0.1313171387E-001


