#   100 bins for weightfunction of cd                      
 0.0000000    0.3173608398E+001    0.1859204102E+001
 0.0101010    0.3166784668E+001    0.1840802002E+001
 0.0202020    0.3179016113E+001    0.1840716553E+001
 0.0303030    0.3214959717E+001    0.1859033203E+001
 0.0404040    0.3260394287E+001    0.1861413574E+001
 0.0505051    0.3310351562E+001    0.1869995117E+001
 0.0606061    0.3375775146E+001    0.1858056641E+001
 0.0707071    0.3437988281E+001    0.1869549561E+001
 0.0808081    0.3516595459E+001    0.1883319092E+001
 0.0909091    0.3588409424E+001    0.1867376709E+001
 0.1010101    0.3662872314E+001    0.1875579834E+001
 0.1111111    0.3702783203E+001    0.1860943604E+001
 0.1212121    0.3762402344E+001    0.1855004883E+001
 0.1313131    0.3806097412E+001    0.1852355957E+001
 0.1414141    0.3841235352E+001    0.1858923340E+001
 0.1515152    0.3868542480E+001    0.1825006104E+001
 0.1616162    0.3860089111E+001    0.1832635498E+001
 0.1717172    0.3858209229E+001    0.1812902832E+001
 0.1818182    0.3838159180E+001    0.1802270508E+001
 0.1919192    0.3816986084E+001    0.1789050293E+001
 0.2020202    0.3786767578E+001    0.1748138428E+001
 0.2121212    0.3753753662E+001    0.1732293701E+001
 0.2222222    0.3691906738E+001    0.1723840332E+001
 0.2323232    0.3621264648E+001    0.1718725586E+001
 0.2424242    0.3566937256E+001    0.1679919434E+001
 0.2525253    0.3517742920E+001    0.1658673096E+001
 0.2626263    0.3443841553E+001    0.1628198242E+001
 0.2727273    0.3355493164E+001    0.1624468994E+001
 0.2828283    0.3301239014E+001    0.1584124756E+001
 0.2929293    0.3204034424E+001    0.1575518799E+001
 0.3030303    0.3127642822E+001    0.1545104980E+001
 0.3131313    0.3047906494E+001    0.1506689453E+001
 0.3232323    0.2968231201E+001    0.1481561279E+001
 0.3333333    0.2877624512E+001    0.1462030029E+001
 0.3434343    0.2783850098E+001    0.1436981201E+001
 0.3535354    0.2694366455E+001    0.1430187988E+001
 0.3636364    0.2598443604E+001    0.1394171143E+001
 0.3737374    0.2497283936E+001    0.1352832031E+001
 0.3838384    0.2401531982E+001    0.1327026367E+001
 0.3939394    0.2309484863E+001    0.1305694580E+001
 0.4040404    0.2203576660E+001    0.1272851563E+001
 0.4141414    0.2091394043E+001    0.1247094727E+001
 0.4242424    0.2002374268E+001    0.1219165039E+001
 0.4343434    0.1897357178E+001    0.1190405273E+001
 0.4444444    0.1806573486E+001    0.1157867432E+001
 0.4545455    0.1686761475E+001    0.1138488770E+001
 0.4646465    0.1585888672E+001    0.1101928711E+001
 0.4747475    0.1482781982E+001    0.1062829590E+001
 0.4848485    0.1381359863E+001    0.1026800537E+001
 0.4949495    0.1262042236E+001    0.9961547852E+000
 0.5050505    0.1196197510E+001    0.9834838867E+000
 0.5151515    0.1194848633E+001    0.9832519531E+000
 0.5252525    0.1197204590E+001    0.9995666504E+000
 0.5353535    0.1181341553E+001    0.9969787598E+000
 0.5454545    0.1197644043E+001    0.9828552246E+000
 0.5555556    0.1170513916E+001    0.9844909668E+000
 0.5656566    0.1167559814E+001    0.9867126465E+000
 0.5757576    0.1168017578E+001    0.9796386719E+000
 0.5858586    0.1158135986E+001    0.9849304199E+000
 0.5959596    0.1151892090E+001    0.9845214844E+000
 0.6060606    0.1127331543E+001    0.9830993652E+000
 0.6161616    0.1131762695E+001    0.9674621582E+000
 0.6262626    0.1105963135E+001    0.9806762695E+000
 0.6363636    0.1103198242E+001    0.9759460449E+000
 0.6464646    0.1083923340E+001    0.9748779297E+000
 0.6565657    0.1062860107E+001    0.9582580566E+000
 0.6666667    0.1055859375E+001    0.9735046387E+000
 0.6767677    0.1033020020E+001    0.9544494629E+000
 0.6868687    0.1012780762E+001    0.9738647461E+000
 0.6969697    0.9943908691E+000    0.9510192871E+000
 0.7070707    0.9657043457E+000    0.9479309082E+000
 0.7171717    0.9578308105E+000    0.9586853027E+000
 0.7272727    0.9332946777E+000    0.9466552734E+000
 0.7373737    0.9050231934E+000    0.9482177734E+000
 0.7474747    0.8950683594E+000    0.9453857422E+000
 0.7575758    0.8713073730E+000    0.9461608887E+000
 0.7676768    0.8382141113E+000    0.9360046387E+000
 0.7777778    0.7989440918E+000    0.9264221191E+000
 0.7878788    0.7800720215E+000    0.9293518066E+000
 0.7979798    0.7457885742E+000    0.9213989258E+000
 0.8080808    0.7174377441E+000    0.9173461914E+000
 0.8181818    0.6839843750E+000    0.9080200195E+000
 0.8282828    0.6479614258E+000    0.9011474609E+000
 0.8383838    0.6163391113E+000    0.8990051270E+000
 0.8484848    0.5886840820E+000    0.8969177246E+000
 0.8585859    0.5502441406E+000    0.8800292969E+000
 0.8686869    0.5298217773E+000    0.8924072266E+000
 0.8787879    0.4880615234E+000    0.8841430664E+000
 0.8888889    0.4440673828E+000    0.8608032227E+000
 0.8989899    0.4037719727E+000    0.8612060547E+000
 0.9090909    0.3735534668E+000    0.8607482910E+000
 0.9191919    0.3141479492E+000    0.8460876465E+000
 0.9292929    0.2829406738E+000    0.8304809570E+000
 0.9393939    0.2527832031E+000    0.8500854492E+000
 0.9494949    0.1954528809E+000    0.8298583984E+000
 0.9595960    0.1613586426E+000    0.8221313477E+000
 0.9696970    0.1082885742E+000    0.8155822754E+000
 0.9797980    0.6541137695E-001    0.8107421875E+000
 0.9898990    0.1160278320E-001    0.7921142578E+000
 1.0000000    0.0000000000E+000    0.7980529785E+000


#   100 bins for weightfunction of Ar                      
 0.0000000    0.1685694885E+001    0.3531448364E+000
 0.0101010    0.1701687622E+001    0.3682861328E+000
 0.0202020    0.1689375305E+001    0.3535354614E+000
 0.0303030    0.1704277039E+001    0.3413284302E+000
 0.0404040    0.1756152344E+001    0.3721221924E+000
 0.0505051    0.1806301880E+001    0.3791275024E+000
 0.0606061    0.1829606628E+001    0.3699630737E+000
 0.0707071    0.1897438049E+001    0.3897277832E+000
 0.0808081    0.1974325562E+001    0.4175064087E+000
 0.0909091    0.2051049805E+001    0.4258895874E+000
 0.1010101    0.2073512268E+001    0.3852401733E+000
 0.1111111    0.2181840515E+001    0.4041198730E+000
 0.1212121    0.2231707764E+001    0.4107315063E+000
 0.1313131    0.2319590759E+001    0.4185150146E+000
 0.1414141    0.2365855408E+001    0.4116973877E+000
 0.1515152    0.2425131226E+001    0.4143081665E+000
 0.1616162    0.2479815674E+001    0.4062332153E+000
 0.1717172    0.2514924622E+001    0.4074539185E+000
 0.1818182    0.2525045776E+001    0.3968292236E+000
 0.1919192    0.2543951416E+001    0.4042282104E+000
 0.2020202    0.2567416382E+001    0.4111068726E+000
 0.2121212    0.2563255310E+001    0.3814315796E+000
 0.2222222    0.2539579773E+001    0.3779342651E+000
 0.2323232    0.2526800537E+001    0.3461395264E+000
 0.2424242    0.2508163452E+001    0.3589248657E+000
 0.2525253    0.2518565369E+001    0.3541244507E+000
 0.2626263    0.2474967957E+001    0.3538192749E+000
 0.2727273    0.2455157471E+001    0.3354080200E+000
 0.2828283    0.2393952942E+001    0.3222930908E+000
 0.2929293    0.2380676270E+001    0.2935562134E+000
 0.3030303    0.2329183960E+001    0.2891433716E+000
 0.3131313    0.2285023499E+001    0.3088027954E+000
 0.3232323    0.2259024048E+001    0.2924224854E+000
 0.3333333    0.2216911316E+001    0.2621475220E+000
 0.3434343    0.2169209290E+001    0.2591674805E+000
 0.3535354    0.2139335632E+001    0.2273635864E+000
 0.3636364    0.2080197144E+001    0.2354080200E+000
 0.3737374    0.2049325562E+001    0.2100936890E+000
 0.3838384    0.1999916077E+001    0.1959152222E+000
 0.3939394    0.1938566589E+001    0.1967987061E+000
 0.4040404    0.1881376648E+001    0.1678115845E+000
 0.4141414    0.1834881592E+001    0.1596664429E+000
 0.4242424    0.1777786255E+001    0.1434585571E+000
 0.4343434    0.1709823608E+001    0.1160308838E+000
 0.4444444    0.1665504456E+001    0.9728088379E-001
 0.4545455    0.1638818359E+001    0.7584838867E-001
 0.4646465    0.1552723694E+001    0.5979614258E-001
 0.4747475    0.1502201843E+001    0.7095336914E-001
 0.4848485    0.1467611694E+001    0.6240081787E-001
 0.4949495    0.1379060364E+001    0.4308624268E-001
 0.5050505    0.1390562439E+001    0.1985015869E-001
 0.5151515    0.1377433777E+001    0.2062530518E-001
 0.5252525    0.1369401550E+001    0.1504516602E-001
 0.5353535    0.1360125732E+001    0.1811218262E-001
 0.5454545    0.1396060181E+001    0.1507263184E-001
 0.5555556    0.1375042725E+001    0.8210754395E-002
 0.5656566    0.1365142822E+001    0.2230987549E-001
 0.5757576    0.1384056091E+001    0.1850128174E-001
 0.5858586    0.1364265442E+001    0.1957550049E-001
 0.5959596    0.1365545654E+001    0.1740875244E-001
 0.6060606    0.1383584595E+001    0.1948242187E-001
 0.6161616    0.1381437683E+001    0.2432403564E-001
 0.6262626    0.1381353760E+001    0.1896667480E-001
 0.6363636    0.1375834656E+001    0.9757995605E-002
 0.6464646    0.1381564331E+001    0.2811279297E-001
 0.6565657    0.1397155762E+001    0.2301635742E-001
 0.6666667    0.1374143982E+001    0.1365814209E-001
 0.6767677    0.1354067993E+001    0.2849121094E-001
 0.6868687    0.1386311340E+001    0.1213378906E-001
 0.6969697    0.1369650269E+001    0.4232788086E-002
 0.7070707    0.1390824890E+001    0.2106323242E-001
 0.7171717    0.1374169922E+001    0.8190917969E-002
 0.7272727    0.1374861145E+001    0.1811981201E-001
 0.7373737    0.1373564148E+001    0.1535797119E-001
 0.7474747    0.1379820251E+001    0.1776123047E-001
 0.7575758    0.1378973389E+001    0.1979370117E-001
 0.7676768    0.1378407288E+001    0.1662445068E-001
 0.7777778    0.1373042297E+001    0.1381378174E-001
 0.7878788    0.1377943420E+001    0.1928710937E-001
 0.7979798    0.1393309021E+001    0.3300018311E-001
 0.8080808    0.1374946594E+001    0.1761627197E-001
 0.8181818    0.1385891724E+001    0.1700592041E-001
 0.8282828    0.1373547363E+001    0.1867980957E-001
 0.8383838    0.1378959656E+001    0.2382812500E-001
 0.8484848    0.1377058411E+001    0.1736755371E-001
 0.8585859    0.1371936035E+001    0.1038055420E-001
 0.8686869    0.1371388245E+001    0.6547546387E-002
 0.8787879    0.1369158936E+001    0.9626770020E-002
 0.8888889    0.1374555969E+001    0.2017822266E-001
 0.8989899    0.1380892944E+001    0.1960296631E-001
 0.9090909    0.1372047424E+001    0.1063995361E-001
 0.9191919    0.1379632568E+001    0.2437133789E-001
 0.9292929    0.1396858215E+001    0.4121704102E-001
 0.9393939    0.1391973877E+001    0.3050537109E-001
 0.9494949    0.1362174988E+001    0.0000000000E+000
 0.9595960    0.1370587158E+001    0.5912780762E-002
 0.9696970    0.1380035400E+001    0.2134246826E-001
 0.9797980    0.1370307922E+001    0.5957031250E-002
 0.9898990    0.1379275513E+001    0.2485198975E-001
 1.0000000    0.1390740967E+001    0.2329101562E-001


