#   100 bins for weightfunction of cd                      
 0.0000000    0.3305032349E+001    0.1595420837E+001
 0.0101010    0.3292326355E+001    0.1578816223E+001
 0.0202020    0.3315852356E+001    0.1606779480E+001
 0.0303030    0.3383767700E+001    0.1604660034E+001
 0.0404040    0.3391191101E+001    0.1580996704E+001
 0.0505051    0.3441651917E+001    0.1586659241E+001
 0.0606061    0.3547311401E+001    0.1623313904E+001
 0.0707071    0.3625979614E+001    0.1620552063E+001
 0.0808081    0.3700196838E+001    0.1602549744E+001
 0.0909091    0.3757582092E+001    0.1578291321E+001
 0.1010101    0.3828063965E+001    0.1591786194E+001
 0.1111111    0.3943484497E+001    0.1603958130E+001
 0.1212121    0.4004753113E+001    0.1607313538E+001
 0.1313131    0.4057022095E+001    0.1580395508E+001
 0.1414141    0.4069657898E+001    0.1559033203E+001
 0.1515152    0.4110972595E+001    0.1560224915E+001
 0.1616162    0.4109930420E+001    0.1586297607E+001
 0.1717172    0.4082116699E+001    0.1563627625E+001
 0.1818182    0.4117799377E+001    0.1549830627E+001
 0.1919192    0.4094342041E+001    0.1550090027E+001
 0.2020202    0.4052111816E+001    0.1511752319E+001
 0.2121212    0.4021907043E+001    0.1517094421E+001
 0.2222222    0.3990632629E+001    0.1516708374E+001
 0.2323232    0.3916029358E+001    0.1488513184E+001
 0.2424242    0.3836720276E+001    0.1488125610E+001
 0.2525253    0.3789489746E+001    0.1451054382E+001
 0.2626263    0.3680424500E+001    0.1458462524E+001
 0.2727273    0.3636459351E+001    0.1428234863E+001
 0.2828283    0.3571052551E+001    0.1446678162E+001
 0.2929293    0.3465097046E+001    0.1417173767E+001
 0.3030303    0.3434619141E+001    0.1400575256E+001
 0.3131313    0.3281257629E+001    0.1407940674E+001
 0.3232323    0.3247810364E+001    0.1384013367E+001
 0.3333333    0.3126101685E+001    0.1379734802E+001
 0.3434343    0.2993385315E+001    0.1379649353E+001
 0.3535354    0.2903558350E+001    0.1359338379E+001
 0.3636364    0.2848037720E+001    0.1327742004E+001
 0.3737374    0.2745503235E+001    0.1277499390E+001
 0.3838384    0.2597439575E+001    0.1264360046E+001
 0.3939394    0.2493190002E+001    0.1261061096E+001
 0.4040404    0.2391961670E+001    0.1276626587E+001
 0.4141414    0.2254286194E+001    0.1222740173E+001
 0.4242424    0.2154132080E+001    0.1218476868E+001
 0.4343434    0.2064805603E+001    0.1224174500E+001
 0.4444444    0.1944676208E+001    0.1211151123E+001
 0.4545455    0.1827407837E+001    0.1160523987E+001
 0.4646465    0.1716072083E+001    0.1180873108E+001
 0.4747475    0.1613894653E+001    0.1138409424E+001
 0.4848485    0.1498052979E+001    0.1150302124E+001
 0.4949495    0.1361074829E+001    0.1104103088E+001
 0.5050505    0.1333695984E+001    0.1112968445E+001
 0.5151515    0.1310995483E+001    0.1119567871E+001
 0.5252525    0.1335671997E+001    0.1105186462E+001
 0.5353535    0.1309689331E+001    0.1110681152E+001
 0.5454545    0.1335408020E+001    0.1116957092E+001
 0.5555556    0.1302894592E+001    0.1080065918E+001
 0.5656566    0.1288984680E+001    0.1099436951E+001
 0.5757576    0.1304533386E+001    0.1095576477E+001
 0.5858586    0.1274610901E+001    0.1111552429E+001
 0.5959596    0.1269674683E+001    0.1124281311E+001
 0.6060606    0.1253814697E+001    0.1098358154E+001
 0.6161616    0.1263897705E+001    0.1101467896E+001
 0.6262626    0.1239520264E+001    0.1105609131E+001
 0.6363636    0.1234101868E+001    0.1094883728E+001
 0.6464646    0.1185058594E+001    0.1108682251E+001
 0.6565657    0.1165499878E+001    0.1106578064E+001
 0.6666667    0.1174116516E+001    0.1102648926E+001
 0.6767677    0.1139564514E+001    0.1093365479E+001
 0.6868687    0.1129579163E+001    0.1087420654E+001
 0.6969697    0.1096305847E+001    0.1097407532E+001
 0.7070707    0.1083340454E+001    0.1090765381E+001
 0.7171717    0.1066244507E+001    0.1085552979E+001
 0.7272727    0.1001083374E+001    0.1051837158E+001
 0.7373737    0.1016857910E+001    0.1085641479E+001
 0.7474747    0.9839523315E+000    0.1070513916E+001
 0.7575758    0.9517913818E+000    0.1075030518E+001
 0.7676768    0.9102630615E+000    0.1064950562E+001
 0.7777778    0.9125457764E+000    0.1078080750E+001
 0.7878788    0.8896926880E+000    0.1068585205E+001
 0.7979798    0.8443435669E+000    0.1072186279E+001
 0.8080808    0.8260574341E+000    0.1052314758E+001
 0.8181818    0.7882858276E+000    0.1062475586E+001
 0.8282828    0.7449111938E+000    0.1063740540E+001
 0.8383838    0.6938919067E+000    0.1053413391E+001
 0.8484848    0.6520507813E+000    0.1043472290E+001
 0.8585859    0.6207229614E+000    0.1043481445E+001
 0.8686869    0.5620986938E+000    0.1013349915E+001
 0.8787879    0.5685195923E+000    0.1048678589E+001
 0.8888889    0.4768112183E+000    0.1015029907E+001
 0.8989899    0.4432449341E+000    0.1012858582E+001
 0.9090909    0.4192443848E+000    0.1029769897E+001
 0.9191919    0.3528549194E+000    0.1005838013E+001
 0.9292929    0.3506454468E+000    0.1026809692E+001
 0.9393939    0.2622817993E+000    0.1013377380E+001
 0.9494949    0.2408020020E+000    0.1011073303E+001
 0.9595960    0.1840744019E+000    0.1015257263E+001
 0.9696970    0.1477279663E+000    0.1000256348E+001
 0.9797980    0.8643188477E-001    0.9868438721E+000
 0.9898990    0.1657257080E-001    0.9886489868E+000
 1.0000000    0.0000000000E+000    0.9887786865E+000


#   100 bins for weightfunction of Ar                      
 0.0000000    0.1907254028E+001    0.2065170288E+000
 0.0101010    0.1900181580E+001    0.2049926758E+000
 0.0202020    0.1922929382E+001    0.2260940552E+000
 0.0303030    0.1997265625E+001    0.2572799683E+000
 0.0404040    0.1972677612E+001    0.2224502563E+000
 0.0505051    0.2058406067E+001    0.2494735718E+000
 0.0606061    0.2082571411E+001    0.2487136841E+000
 0.0707071    0.2153546143E+001    0.2352798462E+000
 0.0808081    0.2232519531E+001    0.2641708374E+000
 0.0909091    0.2303170776E+001    0.2524139404E+000
 0.1010101    0.2387232971E+001    0.2459030151E+000
 0.1111111    0.2439234924E+001    0.2665817261E+000
 0.1212121    0.2538003540E+001    0.2514328003E+000
 0.1313131    0.2613343811E+001    0.2395721436E+000
 0.1414141    0.2691398621E+001    0.2562698364E+000
 0.1515152    0.2780989075E+001    0.2508819580E+000
 0.1616162    0.2812765503E+001    0.2315460205E+000
 0.1717172    0.2832267761E+001    0.2305587769E+000
 0.1818182    0.2876647949E+001    0.2352600098E+000
 0.1919192    0.2882521057E+001    0.2385513306E+000
 0.2020202    0.2927566528E+001    0.2419448853E+000
 0.2121212    0.2919102478E+001    0.2557495117E+000
 0.2222222    0.2893963623E+001    0.2316009521E+000
 0.2323232    0.2871582031E+001    0.2280563354E+000
 0.2424242    0.2876036072E+001    0.2525909424E+000
 0.2525253    0.2849803162E+001    0.2149612427E+000
 0.2626263    0.2813919067E+001    0.2116897583E+000
 0.2727273    0.2773133850E+001    0.2008651733E+000
 0.2828283    0.2770812988E+001    0.1836685181E+000
 0.2929293    0.2683334351E+001    0.2036270142E+000
 0.3030303    0.2703602600E+001    0.1881210327E+000
 0.3131313    0.2651660156E+001    0.1660690308E+000
 0.3232323    0.2581922913E+001    0.1791320801E+000
 0.3333333    0.2576022339E+001    0.1742660522E+000
 0.3434343    0.2509516907E+001    0.1304336548E+000
 0.3535354    0.2446560669E+001    0.1186203003E+000
 0.3636364    0.2383187866E+001    0.1357742310E+000
 0.3737374    0.2340943909E+001    0.1488220215E+000
 0.3838384    0.2310362244E+001    0.1253692627E+000
 0.3939394    0.2247718811E+001    0.1150939941E+000
 0.4040404    0.2165443420E+001    0.7729034424E-001
 0.4141414    0.2143466187E+001    0.1025482178E+000
 0.4242424    0.2082559204E+001    0.9236602783E-001
 0.4343434    0.2034800720E+001    0.9047393799E-001
 0.4444444    0.1961444092E+001    0.5039672852E-001
 0.4545455    0.1917369080E+001    0.6202087402E-001
 0.4646465    0.1848025513E+001    0.5541534424E-001
 0.4747475    0.1818374634E+001    0.5887298584E-001
 0.4848485    0.1728240967E+001    0.5294647217E-001
 0.4949495    0.1681687927E+001    0.3098907471E-001
 0.5050505    0.1655540466E+001    0.2785186768E-001
 0.5151515    0.1672988892E+001    0.2645111084E-001
 0.5252525    0.1647473145E+001    0.1304779053E-001
 0.5353535    0.1656915283E+001    0.4402313232E-001
 0.5454545    0.1635490417E+001    0.1669311523E-002
 0.5555556    0.1624958801E+001    0.1103515625E-001
 0.5656566    0.1632980347E+001    0.4013519287E-001
 0.5757576    0.1653881836E+001    0.1595001221E-001
 0.5858586    0.1656396484E+001    0.2560882568E-001
 0.5959596    0.1646229553E+001    0.3094940186E-001
 0.6060606    0.1621540833E+001    0.3493804932E-001
 0.6161616    0.1656369019E+001    0.2586059570E-001
 0.6262626    0.1634997559E+001    0.3598327637E-001
 0.6363636    0.1651754761E+001    0.3780975342E-001
 0.6464646    0.1655351257E+001    0.4027709961E-001
 0.6565657    0.1647416687E+001    0.2028961182E-001
 0.6666667    0.1635218811E+001    0.2582550049E-001
 0.6767677    0.1630165100E+001    0.4722595215E-002
 0.6868687    0.1632505798E+001    0.1882629395E-001
 0.6969697    0.1666452026E+001    0.1518249512E-001
 0.7070707    0.1635710144E+001    0.1964263916E-001
 0.7171717    0.1624795532E+001    0.2255859375E-001
 0.7272727    0.1662699890E+001    0.3745727539E-001
 0.7373737    0.1652120972E+001    0.2958221436E-001
 0.7474747    0.1633264160E+001    0.2705841064E-001
 0.7575758    0.1635264587E+001    0.1540222168E-001
 0.7676768    0.1653219604E+001    0.3109130859E-001
 0.7777778    0.1655184937E+001    0.3433380127E-001
 0.7878788    0.1668801880E+001    0.4636535645E-001
 0.7979798    0.1660098267E+001    0.3167266846E-001
 0.8080808    0.1652603149E+001    0.2730712891E-001
 0.8181818    0.1637774658E+001    0.1789093018E-001
 0.8282828    0.1632312012E+001    0.0000000000E+000
 0.8383838    0.1643794250E+001    0.2435607910E-001
 0.8484848    0.1658460999E+001    0.3695373535E-001
 0.8585859    0.1667106628E+001    0.4463195801E-001
 0.8686869    0.1642098999E+001    0.2396240234E-001
 0.8787879    0.1646827698E+001    0.2898254395E-001
 0.8888889    0.1657183838E+001    0.3717803955E-001
 0.8989899    0.1635513306E+001    0.2242431641E-001
 0.9090909    0.1637187195E+001    0.4067230225E-001
 0.9191919    0.1648918152E+001    0.3456268311E-001
 0.9292929    0.1653337097E+001    0.3070526123E-001
 0.9393939    0.1647454834E+001    0.2565612793E-001
 0.9494949    0.1652354431E+001    0.2388763428E-001
 0.9595960    0.1646487427E+001    0.2138061523E-001
 0.9696970    0.1657058716E+001    0.4610900879E-001
 0.9797980    0.1627267456E+001    0.1711273193E-001
 0.9898990    0.1640292358E+001    0.2717895508E-001
 1.0000000    0.1644453430E+001    0.1625366211E-001


