Compiled using GNU Fortran (Ubuntu 9.4.0-1ubuntu1~20.04.2) 9.4.0 with all optimizations
Last Brick update unknown
Compiled at 18:43:37 on Sep  2 2023
Starting at 16:56:21 on Sep 11 2023

Settings
OK                      

Forcefield
OK                      

Topology
OK                      

Configuration
OK                      Read from ./INPUT/restart.in

 F
Monte Carlo Simulation initialized.

#########################################################################################################################
###########################################   ENERGY STARTING CONFIGURATION   ###########################################
#########################################################################################################################
                                               Box 1               Box 2
-------------------------------------------------------------------------------------------------------------------------
Lennard Jones        
 Intermolecular                         -0.5617464218E+006  -0.3838382935E+005
 Tailcorrection                         -0.1401532460E+005  -0.9376096182E+003
Total Intermolecular                    -0.5757617464E+006  -0.3932143897E+005

Electrostatic        
 Real                                   -0.1627493259E+006  -0.5293933713E+004
 Exclusion                               0.9886297181E+007   0.2171681601E+007
 Selfterm                               -0.9918050975E+007  -0.2173871485E+007
 Fourier                                 0.1640041328E+005   0.2088874415E+004
Total Intermolecular                    -0.1781027068E+006  -0.5394943212E+004

Intramolecular       
 Lennard Jones                           0.0000000000E+000   0.0000000000E+000
 Electrostatic                           0.0000000000E+000   0.0000000000E+000
 Bending                                 0.0000000000E+000   0.0000000000E+000
 Torsion                                 0.0000000000E+000   0.0000000000E+000

Total                                   -0.7538644532E+006  -0.4471638218E+005

#########################################################################################################################

Simulation is running...



#########################################################################################################################
###############################################   RELATIVE ENERGY DRIFTS   ##############################################
#########################################################################################################################
                                               Box 1               Box 2                                                 
-------------------------------------------------------------------------------------------------------------------------

Lennard Jones        
 Intermolecular                          0.5817710996E-015   0.7670704472E-015
 Tailcorrection                          0.0000000000E+000   0.0000000000E+000

Electrostatic        
 Real                                    0.4203872934E-014   0.4047806347E-014
 Exclusion                               0.2187949388E-015   0.0000000000E+000
 Selfterm                                0.0000000000E+000   0.0000000000E+000
 Fourier                                 0.0000000000E+000   0.1604155662E-015

Intramolecular       
 Lennard Jones                           0.0000000000E+000   0.0000000000E+000
 Electrostatic                           0.0000000000E+000   0.0000000000E+000
 Bending                                 0.0000000000E+000   0.0000000000E+000
 Torsion                                 0.0000000000E+000   0.0000000000E+000

Total                                    0.2627614772E-014   0.6980685529E-014

#########################################################################################################################
############################################   TRIAL MOVE ACCEPTANCE RATES   ############################################
#########################################################################################################################
                                               Box 1               Box 2
-------------------------------------------------------------------------------------------------------------------------
Translation
 CO2                                          0.49986             0.48951
 AR                                           0.47748             0.59748
-------------------------------------------------------------------------------------------------------------------------
Rotation
 CO2                                          0.50874             0.72347
 AR                                           0.00000             0.00000
-------------------------------------------------------------------------------------------------------------------------
Lambda Move
 cd                                           0.74321             0.94072
 Ar                                           0.82104             0.96480
-------------------------------------------------------------------------------------------------------------------------
GE Swap Fractional
 cd                                           0.41497             0.32582
 Ar                                           0.50871             0.40601
-------------------------------------------------------------------------------------------------------------------------
GE Identity Change
 cd                                           0.88120             0.66121
 Ar                                           0.99036             0.73394
-------------------------------------------------------------------------------------------------------------------------
Volume                                        0.49067             0.48867

#########################################################################################################################
######################################################   AVERAGES   #####################################################
#########################################################################################################################
                                                       Boltzmann                                    Biased
                                               Box 1               Box 2                  Box 1               Box 2      
-------------------------------------------------------------------------------------------------------------------------
Density
 CO2                                     0.9446386438E+003   0.6692939786E+002      0.9433924692E+003   0.6696394971E+002
 AR                                      0.6349313175E+002   0.6961821336E+002      0.6372610861E+002   0.6970361403E+002
 Total                                   0.1008131776E+004   0.1365476112E+003      0.1007118578E+004   0.1366675637E+003

Number of molecules
 CO2                                     0.4681944033E+003   0.2318055967E+003      0.4685233500E+003   0.2314766500E+003
 AR                                      0.3478263193E+002   0.2652173681E+003      0.3498749000E+002   0.2650125100E+003
 Total                                   0.5029770352E+003   0.4970229648E+003      0.5035108400E+003   0.4964891600E+003

Mole fractions
 CO2                                          0.93085             0.46639                 0.93051             0.46623
 AR                                           0.06915             0.53361                 0.06949             0.53377

Volume                                   0.3624862445E+005   0.2536227991E+006      0.3632327232E+005   0.2531306107E+006

#########################################################################################################################
#######################################   PROPERTIES FROM THE CFC GIBBS ENSEMBLE   ######################################
#########################################################################################################################
                                                       Boltzmann                                    Biased
                                               Box 1               Box 2                  Box 1               Box 2      
Chemical Potentials (as an indication)
=========================================================================================================================

Total cd                                -0.1934301681E+004  -0.1934818829E+004     -0.1934635660E+004  -0.1934688253E+004
 Ideal gas                              -0.1100173527E+004  -0.1769906061E+004     -0.1100507507E+004  -0.1769775486E+004
 Excess                                 -0.8341281532E+003  -0.1649127677E+003     -0.8341281532E+003  -0.1649127677E+003

-------------------------------------------------------------------------------------------------------------------------

Total Ar                                -0.1799814696E+004  -0.1797392027E+004     -0.1798888056E+004  -0.1797081862E+004
 Ideal gas                              -0.1758740739E+004  -0.1735440835E+004     -0.1757814099E+004  -0.1735130670E+004
 Excess                                 -0.4107395763E+002  -0.6195119173E+002     -0.4107395763E+002  -0.6195119173E+002

-------------------------------------------------------------------------------------------------------------------------

#########################################################################################################################
#########################################   PROPERTIES FROM UMBRELLA SAMPLING   #########################################
#########################################################################################################################

Excess Partial Molar Enthalpy
=========================================================================================================================


Partial Molar Volume
=========================================================================================================================


#########################################################################################################################
##################################################   AVERAGE ENERGIES   #################################################
#########################################################################################################################
                                                       Boltzmann                                    Biased
                                               Box 1               Box 2                  Box 1               Box 2      
-------------------------------------------------------------------------------------------------------------------------
Lennard Jones        
 Intermolecular                         -0.5065705858E+006  -0.5687779517E+005     -0.5065863136E+006  -0.5676854898E+005
 Tailcorrection                         -0.1241526010E+005  -0.1242969083E+004     -0.1241813740E+005  -0.1241064708E+004
Total Intermolecular                    -0.5189858459E+006  -0.5812076425E+005     -0.5190044510E+006  -0.5800961368E+005

Electrostatic        
 Real                                   -0.1478804562E+006  -0.8290791925E+004     -0.1477496710E+006  -0.8270821931E+004
 Exclusion                               0.8574896489E+007   0.3148068240E+007      0.8579072704E+007   0.3143188329E+007
 Selfterm                               -0.8602438557E+007  -0.3151242831E+007     -0.8606628029E+007  -0.3146357970E+007
 Fourier                                 0.1296517679E+005   0.2873287281E+004      0.1298779273E+005   0.2869845312E+004
Total Intermolecular                    -0.1624573467E+006  -0.8592096061E+004     -0.1623172031E+006  -0.8570617334E+004

Intramolecular       
 Lennard Jones                           0.0000000000E+000   0.0000000000E+000      0.0000000000E+000   0.0000000000E+000
 Electrostatic                           0.0000000000E+000   0.0000000000E+000      0.0000000000E+000   0.0000000000E+000
 Bending                                 0.0000000000E+000   0.0000000000E+000      0.0000000000E+000   0.0000000000E+000
 Torsion                                 0.0000000000E+000   0.0000000000E+000      0.0000000000E+000   0.0000000000E+000

Total                                   -0.6814431926E+006  -0.6671286031E+005     -0.6813216541E+006  -0.6658023102E+005

#########################################################################################################################

No errors found in bookkeeping.

Total simulation time:  17 hours and  16 minutes

Simulation finished.

