Compiled using GNU Fortran (Ubuntu 9.4.0-1ubuntu1~20.04.2) 9.4.0 with all optimizations
Last Brick update unknown
Compiled at 18:43:37 on Sep  2 2023
Starting at 16:56:20 on Sep 11 2023

Settings
OK                      

Forcefield
OK                      

Topology
OK                      

Configuration
OK                      Read from ./INPUT/restart.in

 F
Monte Carlo Simulation initialized.

#########################################################################################################################
###########################################   ENERGY STARTING CONFIGURATION   ###########################################
#########################################################################################################################
                                               Box 1               Box 2
-------------------------------------------------------------------------------------------------------------------------
Lennard Jones        
 Intermolecular                         -0.4785948839E+006  -0.6376877030E+005
 Tailcorrection                         -0.1184858278E+005  -0.1445970445E+004
Total Intermolecular                    -0.4904434667E+006  -0.6521474075E+005

Electrostatic        
 Real                                   -0.1391887897E+006  -0.9561690639E+004
 Exclusion                               0.8330120773E+007   0.3054885698E+007
 Selfterm                               -0.8356876284E+007  -0.3057966376E+007
 Fourier                                 0.1292337885E+005   0.3033552015E+004
Total Intermolecular                    -0.1530209226E+006  -0.9608816993E+004

Intramolecular       
 Lennard Jones                           0.0000000000E+000   0.0000000000E+000
 Electrostatic                           0.0000000000E+000   0.0000000000E+000
 Bending                                 0.0000000000E+000   0.0000000000E+000
 Torsion                                 0.0000000000E+000   0.0000000000E+000

Total                                   -0.6434643893E+006  -0.7482355774E+005

#########################################################################################################################

Simulation is running...



#########################################################################################################################
###############################################   RELATIVE ENERGY DRIFTS   ##############################################
#########################################################################################################################
                                               Box 1               Box 2                                                 
-------------------------------------------------------------------------------------------------------------------------

Lennard Jones        
 Intermolecular                          0.1837411282E-013   0.3555429486E-014
 Tailcorrection                          0.0000000000E+000   0.0000000000E+000

Electrostatic        
 Real                                    0.6299058792E-014   0.2229938068E-014
 Exclusion                               0.1979370555E-015   0.2064356673E-015
 Selfterm                                0.0000000000E+000   0.0000000000E+000
 Fourier                                 0.0000000000E+000   0.4115713431E-015

Intramolecular       
 Lennard Jones                           0.0000000000E+000   0.0000000000E+000
 Electrostatic                           0.0000000000E+000   0.0000000000E+000
 Bending                                 0.0000000000E+000   0.0000000000E+000
 Torsion                                 0.0000000000E+000   0.0000000000E+000

Total                                    0.1552319952E-013   0.8012200356E-014

#########################################################################################################################
############################################   TRIAL MOVE ACCEPTANCE RATES   ############################################
#########################################################################################################################
                                               Box 1               Box 2
-------------------------------------------------------------------------------------------------------------------------
Translation
 CO2                                          0.50693             0.50008
 AR                                           0.49793             0.55960
-------------------------------------------------------------------------------------------------------------------------
Rotation
 CO2                                          0.50389             0.70499
 AR                                           0.00000             0.00000
-------------------------------------------------------------------------------------------------------------------------
Lambda Move
 cd                                           0.75117             0.93510
 Ar                                           0.83097             0.96361
-------------------------------------------------------------------------------------------------------------------------
GE Swap Fractional
 cd                                           0.36921             0.37061
 Ar                                           0.46175             0.46310
-------------------------------------------------------------------------------------------------------------------------
GE Identity Change
 cd                                           0.79308             0.79488
 Ar                                           0.91572             0.91097
-------------------------------------------------------------------------------------------------------------------------
Volume                                        0.50364             0.49933

#########################################################################################################################
######################################################   AVERAGES   #####################################################
#########################################################################################################################
                                                       Boltzmann                                    Biased
                                               Box 1               Box 2                  Box 1               Box 2      
-------------------------------------------------------------------------------------------------------------------------
Density
 CO2                                     0.8951885156E+003   0.6989640182E+002      0.8934408005E+003   0.6983125137E+002
 AR                                      0.9053943843E+002   0.9292211448E+002      0.9100071986E+002   0.9313054816E+002
 Total                                   0.9857279540E+003   0.1628185163E+003      0.9844415203E+003   0.1629617995E+003

Number of molecules
 CO2                                     0.4992823411E+003   0.1807176589E+003      0.5001686900E+003   0.1798313100E+003
 AR                                      0.5597354206E+002   0.2640264579E+003      0.5648493000E+002   0.2635150700E+003
 Total                                   0.5552558831E+003   0.4447441169E+003      0.5566536200E+003   0.4433463800E+003

Mole fractions
 CO2                                          0.89919             0.40634                 0.89853             0.40562
 AR                                           0.10081             0.59366                 0.10147             0.59438

Volume                                   0.4081855123E+005   0.1893099609E+006      0.4097352855E+005   0.1885381130E+006

#########################################################################################################################
#######################################   PROPERTIES FROM THE CFC GIBBS ENSEMBLE   ######################################
#########################################################################################################################
                                                       Boltzmann                                    Biased
                                               Box 1               Box 2                  Box 1               Box 2      
Chemical Potentials (as an indication)
=========================================================================================================================

Total cd                                -0.1943978588E+004  -0.1942965971E+004     -0.1944473014E+004  -0.1943201902E+004
 Ideal gas                              -0.1113776866E+004  -0.1758931966E+004     -0.1114271292E+004  -0.1759167897E+004
 Excess                                 -0.8302017220E+003  -0.1840340048E+003     -0.8302017220E+003  -0.1840340048E+003

-------------------------------------------------------------------------------------------------------------------------

Total Ar                                -0.1727522530E+004  -0.1726825805E+004     -0.1726236815E+004  -0.1726258936E+004
 Ideal gas                              -0.1668962727E+004  -0.1662390768E+004     -0.1667677012E+004  -0.1661823899E+004
 Excess                                 -0.5855980272E+002  -0.6443503731E+002     -0.5855980272E+002  -0.6443503731E+002

-------------------------------------------------------------------------------------------------------------------------

#########################################################################################################################
#########################################   PROPERTIES FROM UMBRELLA SAMPLING   #########################################
#########################################################################################################################

Excess Partial Molar Enthalpy
=========================================================================================================================


Partial Molar Volume
=========================================================================================================================


#########################################################################################################################
##################################################   AVERAGE ENERGIES   #################################################
#########################################################################################################################
                                                       Boltzmann                                    Biased
                                               Box 1               Box 2                  Box 1               Box 2      
-------------------------------------------------------------------------------------------------------------------------
Lennard Jones        
 Intermolecular                         -0.5362049879E+006  -0.5562875564E+005     -0.5366708928E+006  -0.5536651171E+005
 Tailcorrection                         -0.1316094796E+005  -0.1270738905E+004     -0.1317460157E+005  -0.1265547088E+004
Total Intermolecular                    -0.5493659359E+006  -0.5689949455E+005     -0.5498454943E+006  -0.5663205880E+005

Electrostatic        
 Real                                   -0.1503852209E+006  -0.6681111346E+004     -0.1503211302E+006  -0.6641598900E+004
 Exclusion                               0.9144709274E+007   0.2454405409E+007      0.9158638143E+007   0.2442018499E+007
 Selfterm                               -0.9174081608E+007  -0.2456880504E+007     -0.9188055007E+007  -0.2444481079E+007
 Fourier                                 0.1449614660E+005   0.2352693954E+004      0.1454708276E+005   0.2341506330E+004
Total Intermolecular                    -0.1652614082E+006  -0.6803512284E+004     -0.1651909113E+006  -0.6762672071E+004

Intramolecular       
 Lennard Jones                           0.0000000000E+000   0.0000000000E+000      0.0000000000E+000   0.0000000000E+000
 Electrostatic                           0.0000000000E+000   0.0000000000E+000      0.0000000000E+000   0.0000000000E+000
 Bending                                 0.0000000000E+000   0.0000000000E+000      0.0000000000E+000   0.0000000000E+000
 Torsion                                 0.0000000000E+000   0.0000000000E+000      0.0000000000E+000   0.0000000000E+000

Total                                   -0.7146273440E+006  -0.6370300683E+005     -0.7150364056E+006  -0.6339473087E+005

#########################################################################################################################

No errors found in bookkeeping.

Total simulation time:  17 hours and  17 minutes

Simulation finished.

