 0.0000000   0.1484388480E+000   0.9936301259E+000   0.7623420793E+000   0.1003446386E+001
 0.0101010   0.1484642209E+000   0.1004833573E+001   0.7558032616E+000   0.1008854417E+001
 0.0202020   0.1424371167E+000   0.9916363798E+000   0.7384314685E+000   0.9862290183E+000
 0.0303030   0.1378982927E+000   0.1008266787E+001   0.7480190015E+000   0.1011033831E+001
 0.0404040   0.1310827436E+000   0.9830595486E+000   0.7431797890E+000   0.9724774970E+000
 0.0505051   0.1239056434E+000   0.9893613582E+000   0.7503696355E+000   0.9827670294E+000
 0.0606061   0.1154653290E+000   0.1023273656E+001   0.7470054822E+000   0.1016943321E+001
 0.0707071   0.1058613233E+000   0.1001751953E+001   0.7525533122E+000   0.1003895769E+001
 0.0808081   0.9553501783E-001   0.9981491459E+000   0.7489026874E+000   0.9979380626E+000
 0.0909091   0.8783289215E-001   0.1005708422E+001   0.7577202306E+000   0.9896601482E+000
 0.1010101   0.7946359708E-001   0.1009677300E+001   0.7524438791E+000   0.1003521605E+001
 0.1111111   0.7304264795E-001   0.9992494290E+000   0.7605469091E+000   0.9894325634E+000
 0.1212121   0.6805289384E-001   0.1003301036E+001   0.7577517580E+000   0.9881712037E+000
 0.1313131   0.6398009767E-001   0.1005952470E+001   0.7690905593E+000   0.1006476349E+001
 0.1414141   0.5960833479E-001   0.9742676246E+000   0.7650520216E+000   0.1012121609E+001
 0.1515152   0.5909653664E-001   0.9972039779E+000   0.7680058678E+000   0.9921327219E+000
 0.1616162   0.5648763914E-001   0.9950261618E+000   0.7727157779E+000   0.1002829207E+001
 0.1717172   0.5715739652E-001   0.9699699021E+000   0.7790611028E+000   0.9908867916E+000
 0.1818182   0.5727798287E-001   0.1015149761E+001   0.7842311441E+000   0.1007407904E+001
 0.1919192   0.5814980583E-001   0.9941761310E+000   0.7845367125E+000   0.9850197330E+000
 0.2020202   0.6063168958E-001   0.1028353159E+001   0.7991035005E+000   0.1001533131E+001
 0.2121212   0.6252642976E-001   0.1022870357E+001   0.8054442564E+000   0.1027526013E+001
 0.2222222   0.6578066839E-001   0.1023008927E+001   0.8064097054E+000   0.9888983178E+000
 0.2323232   0.6976116326E-001   0.1040514183E+001   0.8075640098E+000   0.9892551245E+000
 0.2424242   0.7340443617E-001   0.1017062848E+001   0.8145819812E+000   0.9869387742E+000
 0.2525253   0.7887794631E-001   0.1030421360E+001   0.8285692502E+000   0.9973401703E+000
 0.2626263   0.8384555639E-001   0.1024051300E+001   0.8364888863E+000   0.1015928833E+001
 0.2727273   0.9060622592E-001   0.1021222001E+001   0.8466988415E+000   0.1024308967E+001
 0.2828283   0.9967348822E-001   0.1052933732E+001   0.8510944759E+000   0.9967461355E+000
 0.2929293   0.1080118266E+000   0.1019699804E+001   0.8540997618E+000   0.9902156094E+000
 0.3030303   0.1163295130E+000   0.9784991646E+000   0.8676258685E+000   0.1006686576E+001
 0.3131313   0.1290341520E+000   0.1036106846E+001   0.8847905853E+000   0.1007145603E+001
 0.3232323   0.1403281870E+000   0.1039786176E+001   0.8916556245E+000   0.1017114974E+001
 0.3333333   0.1537733446E+000   0.1014727848E+001   0.9016347061E+000   0.9928212623E+000
 0.3434343   0.1732281269E+000   0.1067489734E+001   0.9112880153E+000   0.1011814948E+001
 0.3535354   0.1884546979E+000   0.1021031726E+001   0.9173685908E+000   0.1011037688E+001
 0.3636364   0.2088835250E+000   0.1027771994E+001   0.9210124919E+000   0.9938666094E+000
 0.3737374   0.2341353685E+000   0.1032741882E+001   0.9358151279E+000   0.9987211085E+000
 0.3838384   0.2561890173E+000   0.1019743237E+001   0.9513694620E+000   0.9927807599E+000
 0.3939394   0.2867191054E+000   0.1021859007E+001   0.9625152162E+000   0.9915714747E+000
 0.4040404   0.3181427274E+000   0.9859963946E+000   0.9645235256E+000   0.1003938200E+001
 0.4141414   0.3609184385E+000   0.1042290768E+001   0.9744710079E+000   0.9831141927E+000
 0.4242424   0.3975861593E+000   0.1006444702E+001   0.9974757234E+000   0.1014260520E+001
 0.4343434   0.4521439711E+000   0.1021131000E+001   0.1014707685E+001   0.1012420555E+001
 0.4444444   0.5051608813E+000   0.1035531886E+001   0.1028269614E+001   0.9992997139E+000
 0.4545455   0.5639148092E+000   0.1032113149E+001   0.1042026532E+001   0.1023996520E+001
 0.4646465   0.6405929289E+000   0.1020148604E+001   0.1041205579E+001   0.9887208788E+000
 0.4747475   0.7168707229E+000   0.1008800383E+001   0.1053849938E+001   0.9836252941E+000
 0.4848485   0.8088063731E+000   0.1003913223E+001   0.1070382480E+001   0.1006819655E+001
 0.4949495   0.9082475888E+000   0.9945939077E+000   0.1086682707E+001   0.9998474603E+000
 0.5050505   0.9640873169E+000   0.1000730261E+001   0.1097768914E+001   0.9962215333E+000
 0.5151515   0.9742904607E+000   0.1005104507E+001   0.1084331047E+001   0.9941520547E+000
 0.5252525   0.9730336292E+000   0.1027774062E+001   0.1101450206E+001   0.1024337898E+001
 0.5353535   0.9723357949E+000   0.9879405039E+000   0.1095585063E+001   0.9992495681E+000
 0.5454545   0.9719907537E+000   0.9978554613E+000   0.1112423571E+001   0.1002011444E+001
 0.5555556   0.9907510016E+000   0.1001139765E+001   0.1099853624E+001   0.9974404619E+000
 0.5656566   0.9950551913E+000   0.1012018504E+001   0.1096494767E+001   0.9900400991E+000
 0.5757576   0.1012077043E+001   0.9950509802E+000   0.1099902196E+001   0.9884180753E+000
 0.5858586   0.1019308159E+001   0.1009391889E+001   0.1099177879E+001   0.1003839837E+001
 0.5959596   0.1026442700E+001   0.9970281808E+000   0.1103041045E+001   0.1010152422E+001
 0.6060606   0.1039261059E+001   0.1001704384E+001   0.1101699834E+001   0.9991955649E+000
 0.6161616   0.1066900803E+001   0.1018421656E+001   0.1109846939E+001   0.1000865806E+001
 0.6262626   0.1070187005E+001   0.9960230349E+000   0.1089834013E+001   0.9702672245E+000
 0.6363636   0.1094390309E+001   0.9905795288E+000   0.1103065982E+001   0.9929581989E+000
 0.6464646   0.1105665439E+001   0.9881390512E+000   0.1099965086E+001   0.9986304603E+000
 0.6565657   0.1125918801E+001   0.9922216807E+000   0.1104622632E+001   0.1011693441E+001
 0.6666667   0.1142734929E+001   0.9746006050E+000   0.1114820295E+001   0.1009267156E+001
 0.6767677   0.1169692629E+001   0.9820357889E+000   0.1112202956E+001   0.1009791758E+001
 0.6868687   0.1210179233E+001   0.1006111721E+001   0.1115994115E+001   0.1002692270E+001
 0.6969697   0.1236661605E+001   0.1007147890E+001   0.1110932525E+001   0.9791912482E+000
 0.7070707   0.1255533357E+001   0.9808755280E+000   0.1107361466E+001   0.9841267521E+000
 0.7171717   0.1297813598E+001   0.9984738535E+000   0.1119797651E+001   0.1013807280E+001
 0.7272727   0.1324996504E+001   0.9863066248E+000   0.1121841883E+001   0.1005232348E+001
 0.7373737   0.1361708939E+001   0.9783585269E+000   0.1135795356E+001   0.1010746457E+001
 0.7474747   0.1415154108E+001   0.9854317756E+000   0.1121031362E+001   0.1004516806E+001
 0.7575758   0.1467024777E+001   0.9746998786E+000   0.1137155869E+001   0.9960402369E+000
 0.7676768   0.1507582033E+001   0.9935618752E+000   0.1142758159E+001   0.1011110978E+001
 0.7777778   0.1539272089E+001   0.9909352595E+000   0.1137005281E+001   0.1009876620E+001
 0.7878788   0.1604954550E+001   0.9619576899E+000   0.1138256145E+001   0.9794014748E+000
 0.7979798   0.1648282702E+001   0.9704642022E+000   0.1141581876E+001   0.9973478851E+000
 0.8080808   0.1710889491E+001   0.9640858692E+000   0.1141354065E+001   0.9976236870E+000
 0.8181818   0.1776943712E+001   0.9680319974E+000   0.1147180976E+001   0.9915097568E+000
 0.8282828   0.1849360126E+001   0.9763172121E+000   0.1144247229E+001   0.9981020008E+000
 0.8383838   0.1923762904E+001   0.9776822250E+000   0.1152297467E+001   0.1006860158E+001
 0.8484848   0.2023036959E+001   0.9818930830E+000   0.1175716466E+001   0.1004374083E+001
 0.8585859   0.2080778090E+001   0.9716141222E+000   0.1171037784E+001   0.1008206379E+001
 0.8686869   0.2191612303E+001   0.9782075482E+000   0.1168786009E+001   0.9901365333E+000
 0.8787879   0.2296516736E+001   0.9821950404E+000   0.1185577920E+001   0.1007675991E+001
 0.8888889   0.2407728474E+001   0.9738560525E+000   0.1177473768E+001   0.9815866744E+000
 0.8989899   0.2481828941E+001   0.9689916428E+000   0.1175736687E+001   0.9918858503E+000
 0.9090909   0.2618803969E+001   0.9694962840E+000   0.1190027261E+001   0.9904605523E+000
 0.9191919   0.2747569442E+001   0.9830740260E+000   0.1195859570E+001   0.9993170721E+000
 0.9292929   0.2895036898E+001   0.9806170028E+000   0.1202732479E+001   0.1005268993E+001
 0.9393939   0.3037591538E+001   0.9834359613E+000   0.1206671479E+001   0.1011955742E+001
 0.9494949   0.3252050852E+001   0.9745302861E+000   0.1212592100E+001   0.9947306601E+000
 0.9595960   0.3377538942E+001   0.9822963823E+000   0.1210040718E+001   0.1003791620E+001
 0.9696970   0.3584758117E+001   0.9858454159E+000   0.1217962515E+001   0.1014557538E+001
 0.9797980   0.3758252247E+001   0.9680857706E+000   0.1226748196E+001   0.1000777086E+001
 0.9898990   0.4004236124E+001   0.9791775346E+000   0.1238523411E+001   0.1008210237E+001
 1.0000000   0.4176600185E+001   0.9839778300E+000   0.1237348333E+001   0.9908057869E+000


 0.0000000   0.1123198796E+001   0.1002257962E+001   0.8985176070E+000   0.1045351355E+001
 0.0101010   0.1115029047E+001   0.1008338149E+001   0.9007306179E+000   0.1046226047E+001
 0.0202020   0.1115181298E+001   0.1044983109E+001   0.9036673751E+000   0.1075004198E+001
 0.0303030   0.1070659331E+001   0.9873689877E+000   0.8894979047E+000   0.1014784420E+001
 0.0404040   0.1032742517E+001   0.9742215439E+000   0.8956358288E+000   0.1003817281E+001
 0.0505051   0.9958997249E+000   0.1011889982E+001   0.9010100186E+000   0.1039955452E+001
 0.0606061   0.9468033731E+000   0.9930062071E+000   0.8922540392E+000   0.1032467380E+001
 0.0707071   0.8726948806E+000   0.9925632394E+000   0.8856376578E+000   0.1018990427E+001
 0.0808081   0.8189534807E+000   0.1023625593E+001   0.8827112346E+000   0.1039313223E+001
 0.0909091   0.7502114355E+000   0.9651619437E+000   0.8880785395E+000   0.9993709311E+000
 0.1010101   0.6821647354E+000   0.1007096222E+001   0.8740938700E+000   0.1029591141E+001
 0.1111111   0.6317825756E+000   0.1010302175E+001   0.8937396770E+000   0.1042776530E+001
 0.1212121   0.5632733983E+000   0.1000967490E+001   0.8843596621E+000   0.1029731013E+001
 0.1313131   0.5268749217E+000   0.1005142309E+001   0.8941250857E+000   0.1037626881E+001
 0.1414141   0.4798969543E+000   0.1008726505E+001   0.8900270708E+000   0.1018460490E+001
 0.1515152   0.4430129050E+000   0.1002510798E+001   0.8949748805E+000   0.1017455777E+001
 0.1616162   0.4187802588E+000   0.9906457353E+000   0.8935209904E+000   0.9989394952E+000
 0.1717172   0.3976174090E+000   0.9736673286E+000   0.8919945784E+000   0.9997255359E+000
 0.1818182   0.3827467689E+000   0.9776196525E+000   0.9052317170E+000   0.1034533939E+001
 0.1919192   0.3767296688E+000   0.9952392499E+000   0.9089479484E+000   0.1043406939E+001
 0.2020202   0.3691662279E+000   0.9781435275E+000   0.9059447006E+000   0.1020361566E+001
 0.2121212   0.3652058790E+000   0.1040755701E+001   0.9107462314E+000   0.1025465905E+001
 0.2222222   0.3642048671E+000   0.9529247075E+000   0.8995966080E+000   0.1007901147E+001
 0.2323232   0.3678244799E+000   0.9705726226E+000   0.9119233800E+000   0.1003651799E+001
 0.2424242   0.3698122337E+000   0.9801318256E+000   0.9093423530E+000   0.9926334396E+000
 0.2525253   0.3881281881E+000   0.9798122416E+000   0.9250617526E+000   0.1005840499E+001
 0.2626263   0.3905707043E+000   0.9987566968E+000   0.9304474052E+000   0.9926826902E+000
 0.2727273   0.4027353919E+000   0.9929374359E+000   0.9282112441E+000   0.1027833878E+001
 0.2828283   0.4154656019E+000   0.9941045244E+000   0.9327319052E+000   0.1001543871E+001
 0.2929293   0.4308798317E+000   0.9778987828E+000   0.9425861332E+000   0.1010083937E+001
 0.3030303   0.4497474061E+000   0.1006347829E+001   0.9484378860E+000   0.1005334202E+001
 0.3131313   0.4627082877E+000   0.9791872323E+000   0.9463919635E+000   0.1011382184E+001
 0.3232323   0.4817621626E+000   0.9799214665E+000   0.9669497975E+000   0.9859077682E+000
 0.3333333   0.5141728807E+000   0.9757628289E+000   0.9653166074E+000   0.9990025361E+000
 0.3434343   0.5330628121E+000   0.9568507365E+000   0.9577916779E+000   0.9874108986E+000
 0.3535354   0.5572844558E+000   0.9868026363E+000   0.9838231197E+000   0.9915735652E+000
 0.3636364   0.5895886748E+000   0.9864911430E+000   0.9761732697E+000   0.1016931750E+001
 0.3737374   0.6270614873E+000   0.9845797070E+000   0.9660379324E+000   0.9978500704E+000
 0.3838384   0.6582066581E+000   0.1032304928E+001   0.9906402799E+000   0.1015237527E+001
 0.3939394   0.6994782483E+000   0.1003317848E+001   0.9916482729E+000   0.9902792576E+000
 0.4040404   0.7324210904E+000   0.9645814335E+000   0.9923491155E+000   0.9979288715E+000
 0.4141414   0.7846282229E+000   0.9962768866E+000   0.1004305736E+001   0.9959332344E+000
 0.4242424   0.8277078971E+000   0.9620996007E+000   0.1006362887E+001   0.1002680576E+001
 0.4343434   0.8815182050E+000   0.9823082332E+000   0.1017545546E+001   0.1009179694E+001
 0.4444444   0.9423201745E+000   0.1001649134E+001   0.1021599897E+001   0.9797632548E+000
 0.4545455   0.9889229089E+000   0.9856537520E+000   0.1032613110E+001   0.9884097022E+000
 0.4646465   0.1056717893E+001   0.9976159032E+000   0.1030180549E+001   0.1001224726E+001
 0.4747475   0.1131271029E+001   0.1029331583E+001   0.1046842329E+001   0.1018651583E+001
 0.4848485   0.1196390614E+001   0.1000906810E+001   0.1050412632E+001   0.9963981607E+000
 0.4949495   0.1277411838E+001   0.1017644517E+001   0.1056087949E+001   0.1010672975E+001
 0.5050505   0.1324404938E+001   0.1027015610E+001   0.1051886638E+001   0.9720506001E+000
 0.5151515   0.1330279698E+001   0.9791953230E+000   0.1051790404E+001   0.9523917031E+000
 0.5252525   0.1319518632E+001   0.9915741471E+000   0.1062613525E+001   0.9675628791E+000
 0.5353535   0.1337173313E+001   0.1026071017E+001   0.1060756809E+001   0.9940735291E+000
 0.5454545   0.1313789951E+001   0.9840416731E+000   0.1058071321E+001   0.1006401957E+001
 0.5555556   0.1320642711E+001   0.1012618148E+001   0.1056214834E+001   0.9938154556E+000
 0.5656566   0.1319255329E+001   0.1007747526E+001   0.1059002178E+001   0.9947275780E+000
 0.5757576   0.1316809131E+001   0.1012152931E+001   0.1060256604E+001   0.9852438692E+000
 0.5858586   0.1323806647E+001   0.9924418784E+000   0.1058900693E+001   0.9752440134E+000
 0.5959596   0.1318202742E+001   0.9822273259E+000   0.1057152439E+001   0.9803542628E+000
 0.6060606   0.1322488410E+001   0.1012816371E+001   0.1058656599E+001   0.9837210385E+000
 0.6161616   0.1327090378E+001   0.1027541508E+001   0.1063484018E+001   0.1000478086E+001
 0.6262626   0.1322108257E+001   0.1014456767E+001   0.1071250171E+001   0.1018937237E+001
 0.6363636   0.1317197116E+001   0.9904535803E+000   0.1054948221E+001   0.9615877880E+000
 0.6464646   0.1314500440E+001   0.9831476469E+000   0.1061670902E+001   0.1010221838E+001
 0.6565657   0.1307017561E+001   0.1005585277E+001   0.1064245601E+001   0.1000363825E+001
 0.6666667   0.1309641278E+001   0.1021002172E+001   0.1070951525E+001   0.9989887459E+000
 0.6767677   0.1320400348E+001   0.1013107637E+001   0.1062986179E+001   0.1016770207E+001
 0.6868687   0.1309346237E+001   0.9967259224E+000   0.1056635069E+001   0.9784610671E+000
 0.6969697   0.1306620022E+001   0.9846929773E+000   0.1059066029E+001   0.9858900380E+000
 0.7070707   0.1322047916E+001   0.1012788053E+001   0.1055472905E+001   0.9757621305E+000
 0.7171717   0.1316389861E+001   0.1012070001E+001   0.1050962454E+001   0.9801887806E+000
 0.7272727   0.1321615207E+001   0.9926360560E+000   0.1058102803E+001   0.9791446664E+000
 0.7373737   0.1324516342E+001   0.9957125579E+000   0.1060003080E+001   0.9746845258E+000
 0.7474747   0.1324310839E+001   0.9978606479E+000   0.1066052444E+001   0.9752341633E+000
 0.7575758   0.1318359128E+001   0.1006612800E+001   0.1060257654E+001   0.9734217387E+000
 0.7676768   0.1318211314E+001   0.1012339018E+001   0.1060828605E+001   0.1001283827E+001
 0.7777778   0.1311138839E+001   0.1003706204E+001   0.1058262641E+001   0.9812191046E+000
 0.7878788   0.1332165927E+001   0.1002302461E+001   0.1055982488E+001   0.9696786878E+000
 0.7979798   0.1323132644E+001   0.1008590985E+001   0.1067607504E+001   0.9821922978E+000
 0.8080808   0.1319803603E+001   0.1006323556E+001   0.1057959782E+001   0.9945266353E+000
 0.8181818   0.1330892473E+001   0.1019252550E+001   0.1063436612E+001   0.9887071762E+000
 0.8282828   0.1327918667E+001   0.1027499032E+001   0.1064278681E+001   0.9968217164E+000
 0.8383838   0.1322118686E+001   0.1018609337E+001   0.1059194373E+001   0.1008988602E+001
 0.8484848   0.1316421638E+001   0.1019988807E+001   0.1059752884E+001   0.9894873068E+000
 0.8585859   0.1307838592E+001   0.9866691392E+000   0.1047917750E+001   0.9649388035E+000
 0.8686869   0.1307804779E+001   0.1000413275E+001   0.1060226807E+001   0.9882304298E+000
 0.8787879   0.1301253267E+001   0.1025037426E+001   0.1050194271E+001   0.9982558959E+000
 0.8888889   0.1323485483E+001   0.1000308095E+001   0.1061676450E+001   0.9718535974E+000
 0.8989899   0.1312930107E+001   0.1013020662E+001   0.1063430869E+001   0.9863707245E+000
 0.9090909   0.1323218432E+001   0.1020387276E+001   0.1072775151E+001   0.1014717439E+001
 0.9191919   0.1331112464E+001   0.1002136601E+001   0.1066487604E+001   0.9835378261E+000
 0.9292929   0.1323403777E+001   0.9991571882E+000   0.1060738326E+001   0.9846587713E+000
 0.9393939   0.1324311379E+001   0.1032626535E+001   0.1056294234E+001   0.1007668684E+001
 0.9494949   0.1322646313E+001   0.1025567369E+001   0.1048912660E+001   0.9865125664E+000
 0.9595960   0.1328480913E+001   0.1002181100E+001   0.1052259988E+001   0.9636366158E+000
 0.9696970   0.1306719893E+001   0.9900611797E+000   0.1051679126E+001   0.9784236366E+000
 0.9797980   0.1327884163E+001   0.9974480205E+000   0.1065531708E+001   0.9816761508E+000
 0.9898990   0.1325199093E+001   0.1028417330E+001   0.1064054619E+001   0.9987385525E+000
 1.0000000   0.1323745289E+001   0.1004654842E+001   0.1062267191E+001   0.9848735042E+000


