Compiled using GNU Fortran (Ubuntu 9.4.0-1ubuntu1~20.04.2) 9.4.0 with all optimizations
Last Brick update unknown
Compiled at 18:43:37 on Sep  2 2023
Starting at 16:56:20 on Sep 11 2023

Settings
OK                      

Forcefield
OK                      

Topology
OK                      

Configuration
OK                      Read from ./INPUT/restart.in

 F
Monte Carlo Simulation initialized.

#########################################################################################################################
###########################################   ENERGY STARTING CONFIGURATION   ###########################################
#########################################################################################################################
                                               Box 1               Box 2
-------------------------------------------------------------------------------------------------------------------------
Lennard Jones        
 Intermolecular                         -0.4905170632E+006  -0.4497285647E+005
 Tailcorrection                         -0.1168442180E+005  -0.9698515115E+003
Total Intermolecular                    -0.5022014850E+006  -0.4594270798E+005

Electrostatic        
 Real                                   -0.1495982709E+006  -0.1145326468E+005
 Exclusion                               0.8403352604E+007   0.4560531363E+007
 Selfterm                               -0.8430343329E+007  -0.4565130119E+007
 Fourier                                 0.1200214139E+005   0.3768412209E+004
Total Intermolecular                    -0.1645868545E+006  -0.1228360869E+005

Intramolecular       
 Lennard Jones                           0.0000000000E+000   0.0000000000E+000
 Electrostatic                           0.0000000000E+000   0.0000000000E+000
 Bending                                 0.0000000000E+000   0.0000000000E+000
 Torsion                                 0.0000000000E+000   0.0000000000E+000

Total                                   -0.6667883395E+006  -0.5822631667E+005

#########################################################################################################################

Simulation is running...



#########################################################################################################################
###############################################   RELATIVE ENERGY DRIFTS   ##############################################
#########################################################################################################################
                                               Box 1               Box 2                                                 
-------------------------------------------------------------------------------------------------------------------------

Lennard Jones        
 Intermolecular                          0.1964049600E-014   0.3058281672E-014
 Tailcorrection                          0.0000000000E+000   0.0000000000E+000

Electrostatic        
 Real                                    0.4159695126E-014   0.4018680452E-014
 Exclusion                               0.1139869438E-015   0.1966067996E-015
 Selfterm                                0.0000000000E+000   0.0000000000E+000
 Fourier                                 0.1598395872E-015   0.7396842396E-015

Intramolecular       
 Lennard Jones                           0.0000000000E+000   0.0000000000E+000
 Electrostatic                           0.0000000000E+000   0.0000000000E+000
 Bending                                 0.0000000000E+000   0.0000000000E+000
 Torsion                                 0.0000000000E+000   0.0000000000E+000

Total                                    0.1653804401E-014   0.1389831034E-013

#########################################################################################################################
############################################   TRIAL MOVE ACCEPTANCE RATES   ############################################
#########################################################################################################################
                                               Box 1               Box 2
-------------------------------------------------------------------------------------------------------------------------
Translation
 CO2                                          0.47619             0.51016
 AR                                           0.49548             0.69049
-------------------------------------------------------------------------------------------------------------------------
Rotation
 CO2                                          0.47958             0.77187
 AR                                           0.00000             0.00000
-------------------------------------------------------------------------------------------------------------------------
Lambda Move
 cd                                           0.74014             0.95272
 Ar                                           0.82442             0.97517
-------------------------------------------------------------------------------------------------------------------------
GE Swap Fractional
 cd                                           0.35427             0.37458
 Ar                                           0.43864             0.46622
-------------------------------------------------------------------------------------------------------------------------
GE Identity Change
 cd                                           0.76171             0.80645
 Ar                                           0.83466             0.89495
-------------------------------------------------------------------------------------------------------------------------
Volume                                        0.48131             0.50810

#########################################################################################################################
######################################################   AVERAGES   #####################################################
#########################################################################################################################
                                                       Boltzmann                                    Biased
                                               Box 1               Box 2                  Box 1               Box 2      
-------------------------------------------------------------------------------------------------------------------------
Density
 CO2                                     0.9922417319E+003   0.5723460823E+002      0.9901040987E+003   0.5717408333E+002
 AR                                      0.2708128447E+002   0.2813271138E+002      0.2735065348E+002   0.2830479469E+002
 Total                                   0.1019323016E+004   0.8536731960E+002      0.1017454752E+004   0.8547887802E+002

Number of molecules
 CO2                                     0.4394058064E+003   0.3555941936E+003      0.4424361100E+003   0.3525638900E+003
 AR                                      0.1330309980E+002   0.1916969002E+003      0.1355395000E+002   0.1914460500E+003
 Total                                   0.4527089062E+003   0.5472910938E+003      0.4559900600E+003   0.5440099400E+003

Mole fractions
 CO2                                          0.97061             0.64974                 0.97028             0.64808
 AR                                           0.02939             0.35026                 0.02972             0.35192

Volume                                   0.3238192529E+005   0.4543873786E+006      0.3267456613E+005   0.4510092832E+006

#########################################################################################################################
#######################################   PROPERTIES FROM THE CFC GIBBS ENSEMBLE   ######################################
#########################################################################################################################
                                                       Boltzmann                                    Biased
                                               Box 1               Box 2                  Box 1               Box 2      
Chemical Potentials (as an indication)
=========================================================================================================================

Total cd                                -0.1940265263E+004  -0.1938751510E+004     -0.1940810900E+004  -0.1939019196E+004
 Ideal gas                              -0.1087734961E+004  -0.1809495387E+004     -0.1088280599E+004  -0.1809763073E+004
 Excess                                 -0.8525303012E+003  -0.1292561231E+003     -0.8525303012E+003  -0.1292561231E+003

-------------------------------------------------------------------------------------------------------------------------

Total Ar                                -0.2008293656E+004  -0.2010652595E+004     -0.2005789578E+004  -0.2009109748E+004
 Ideal gas                              -0.1974319220E+004  -0.1964682418E+004     -0.1971815142E+004  -0.1963139571E+004
 Excess                                 -0.3397443611E+002  -0.4597017656E+002     -0.3397443611E+002  -0.4597017656E+002

-------------------------------------------------------------------------------------------------------------------------

#########################################################################################################################
#########################################   PROPERTIES FROM UMBRELLA SAMPLING   #########################################
#########################################################################################################################

Excess Partial Molar Enthalpy
=========================================================================================================================


Partial Molar Volume
=========================================================================================================================


#########################################################################################################################
##################################################   AVERAGE ENERGIES   #################################################
#########################################################################################################################
                                                       Boltzmann                                    Biased
                                               Box 1               Box 2                  Box 1               Box 2      
-------------------------------------------------------------------------------------------------------------------------
Lennard Jones        
 Intermolecular                         -0.4739356255E+006  -0.4961249707E+005     -0.4770467787E+006  -0.4918283676E+005
 Tailcorrection                         -0.1155083340E+005  -0.9679882676E+003     -0.1162942265E+005  -0.9605909554E+003
Total Intermolecular                    -0.4854864589E+006  -0.5058048533E+005     -0.4886762013E+006  -0.5014342772E+005

Electrostatic        
 Real                                   -0.1455425718E+006  -0.1086207794E+005     -0.1462233169E+006  -0.1074955784E+005
 Exclusion                               0.8046860059E+007   0.4828529315E+007      0.8101725469E+007   0.4786496453E+007
 Selfterm                               -0.8072706015E+007  -0.4833398474E+007     -0.8127747643E+007  -0.4791323159E+007
 Fourier                                 0.1165498213E+005   0.3599906683E+004      0.1175548826E+005   0.3581057086E+004
Total Intermolecular                    -0.1597335447E+006  -0.1213132990E+005     -0.1604900022E+006  -0.1199520715E+005

Intramolecular       
 Lennard Jones                           0.0000000000E+000   0.0000000000E+000      0.0000000000E+000   0.0000000000E+000
 Electrostatic                           0.0000000000E+000   0.0000000000E+000      0.0000000000E+000   0.0000000000E+000
 Bending                                 0.0000000000E+000   0.0000000000E+000      0.0000000000E+000   0.0000000000E+000
 Torsion                                 0.0000000000E+000   0.0000000000E+000      0.0000000000E+000   0.0000000000E+000

Total                                   -0.6452200037E+006  -0.6271181523E+005     -0.6491662036E+006  -0.6213863487E+005

#########################################################################################################################

No errors found in bookkeeping.

Total simulation time:  18 hours and  12 minutes

Simulation finished.

