 0.0000000   0.1726854437E+000   0.1051764777E+001   0.4596790099E+000   0.1036515196E+001
 0.0101010   0.1735242253E+000   0.1036558235E+001   0.4598123206E+000   0.1009637929E+001
 0.0202020   0.1719117545E+000   0.1036927788E+001   0.4615199834E+000   0.1025583396E+001
 0.0303030   0.1700729675E+000   0.1023660106E+001   0.4622087824E+000   0.1035548951E+001
 0.0404040   0.1652803806E+000   0.1051862082E+001   0.4594609987E+000   0.1019364094E+001
 0.0505051   0.1596294943E+000   0.1009594314E+001   0.4552016896E+000   0.9973933472E+000
 0.0606061   0.1537317514E+000   0.1037226950E+001   0.4530588772E+000   0.1003492954E+001
 0.0707071   0.1483222226E+000   0.1033655639E+001   0.4500728757E+000   0.1010034659E+001
 0.0808081   0.1430771658E+000   0.1053767817E+001   0.4497638029E+000   0.1022386387E+001
 0.0909091   0.1372711193E+000   0.1033315070E+001   0.4492531279E+000   0.1033212972E+001
 0.1010101   0.1330370147E+000   0.1071588145E+001   0.4473301929E+000   0.1030751507E+001
 0.1111111   0.1300550673E+000   0.1060642334E+001   0.4525117853E+000   0.1066167645E+001
 0.1212121   0.1265355618E+000   0.1049547458E+001   0.4521846863E+000   0.1039472816E+001
 0.1313131   0.1254237259E+000   0.1026249048E+001   0.4500542702E+000   0.1021200058E+001
 0.1414141   0.1241539346E+000   0.1026128970E+001   0.4586863164E+000   0.1030722549E+001
 0.1515152   0.1265294914E+000   0.1015817713E+001   0.4650626718E+000   0.1002516090E+001
 0.1616162   0.1276937429E+000   0.1016566135E+001   0.4676127342E+000   0.1026690573E+001
 0.1717172   0.1293184976E+000   0.1011068385E+001   0.4785912839E+000   0.1015139062E+001
 0.1818182   0.1319627089E+000   0.1047120002E+001   0.4835224322E+000   0.1035486208E+001
 0.1919192   0.1374882248E+000   0.1018530874E+001   0.4932130629E+000   0.1008707399E+001
 0.2020202   0.1418762167E+000   0.1001365804E+001   0.4999364462E+000   0.9977977996E+000
 0.2121212   0.1470705799E+000   0.1015691423E+001   0.5134711835E+000   0.1033832682E+001
 0.2222222   0.1545019988E+000   0.1026738680E+001   0.5232797499E+000   0.1032371248E+001
 0.2323232   0.1632862066E+000   0.1005798371E+001   0.5344975100E+000   0.9915813939E+000
 0.2424242   0.1704603877E+000   0.1000196070E+001   0.5502905491E+000   0.1017570603E+001
 0.2525253   0.1813126652E+000   0.1019799984E+001   0.5607406232E+000   0.1042275025E+001
 0.2626263   0.1916031598E+000   0.1005759035E+001   0.5801107729E+000   0.1021816872E+001
 0.2727273   0.2044140241E+000   0.1008487725E+001   0.5951238283E+000   0.1014027059E+001
 0.2828283   0.2180614526E+000   0.9866478590E+000   0.6094240170E+000   0.1003035411E+001
 0.2929293   0.2325405171E+000   0.9915793747E+000   0.6263342653E+000   0.1008192904E+001
 0.3030303   0.2493595784E+000   0.9869252826E+000   0.6464954196E+000   0.9909809895E+000
 0.3131313   0.2672812999E+000   0.1021561831E+001   0.6627636012E+000   0.1010031763E+001
 0.3232323   0.2862368412E+000   0.1022098045E+001   0.6835802667E+000   0.9872781739E+000
 0.3333333   0.3087392866E+000   0.9871447372E+000   0.7077180770E+000   0.1025664479E+001
 0.3434343   0.3304189380E+000   0.9965088202E+000   0.7323171679E+000   0.9998162010E+000
 0.3535354   0.3562736420E+000   0.9790694319E+000   0.7554581154E+000   0.9956336410E+000
 0.3636364   0.3852029982E+000   0.9989114331E+000   0.7763228083E+000   0.9997968954E+000
 0.3737374   0.4189129287E+000   0.9955575055E+000   0.8008134221E+000   0.9860570942E+000
 0.3838384   0.4504635947E+000   0.1005726945E+001   0.8298057880E+000   0.1015935418E+001
 0.3939394   0.4872268960E+000   0.1013402678E+001   0.8589157149E+000   0.9864171437E+000
 0.4040404   0.5299795760E+000   0.1011402743E+001   0.8871823034E+000   0.9933111764E+000
 0.4141414   0.5786070386E+000   0.9822898235E+000   0.9180641777E+000   0.9852568767E+000
 0.4242424   0.6227049266E+000   0.9565991522E+000   0.9504118265E+000   0.1026141328E+001
 0.4343434   0.6744938014E+000   0.9996546800E+000   0.9834619341E+000   0.1007723778E+001
 0.4444444   0.7434477229E+000   0.9947097072E+000   0.1024299628E+001   0.1008178425E+001
 0.4545455   0.8102530911E+000   0.1002132860E+001   0.1053960359E+001   0.9725721270E+000
 0.4646465   0.8777567182E+000   0.9849532974E+000   0.1102330351E+001   0.9953672236E+000
 0.4747475   0.9569730554E+000   0.9914717178E+000   0.1140652379E+001   0.9903439044E+000
 0.4848485   0.1054836189E+001   0.1006251773E+001   0.1184527315E+001   0.9851825501E+000
 0.4949495   0.1155239641E+001   0.1010910006E+001   0.1226438675E+001   0.9760423100E+000
 0.5050505   0.1207865617E+001   0.9687861243E+000   0.1251204868E+001   0.9761349769E+000
 0.5151515   0.1207760533E+001   0.9885556641E+000   0.1248756762E+001   0.9799980291E+000
 0.5252525   0.1208113575E+001   0.9957490107E+000   0.1244673922E+001   0.9888872963E+000
 0.5353535   0.1200437494E+001   0.9663607377E+000   0.1250875709E+001   0.9813494216E+000
 0.5454545   0.1211127624E+001   0.1001235374E+001   0.1248066141E+001   0.9772585633E+000
 0.5555556   0.1197062785E+001   0.9619281705E+000   0.1253704518E+001   0.9763434775E+000
 0.5656566   0.1224664998E+001   0.9789804079E+000   0.1256758191E+001   0.1007573194E+001
 0.5757576   0.1235142704E+001   0.9759722247E+000   0.1255679719E+001   0.9794825694E+000
 0.5858586   0.1235351785E+001   0.9971899573E+000   0.1268924488E+001   0.1003586586E+001
 0.5959596   0.1243068703E+001   0.9693233738E+000   0.1262967112E+001   0.9810627334E+000
 0.6060606   0.1251617909E+001   0.9864584242E+000   0.1271090610E+001   0.9985729198E+000
 0.6161616   0.1264430116E+001   0.9881012276E+000   0.1259499239E+001   0.9804970791E+000
 0.6262626   0.1275594928E+001   0.9933277648E+000   0.1268481846E+001   0.9845049233E+000
 0.6363636   0.1282436835E+001   0.9856002742E+000   0.1266325786E+001   0.1013213328E+001
 0.6464646   0.1295513008E+001   0.9789700562E+000   0.1274947592E+001   0.9803136758E+000
 0.6565657   0.1313586142E+001   0.9698461310E+000   0.1277558772E+001   0.9837133933E+000
 0.6666667   0.1332271934E+001   0.1011033190E+001   0.1283992088E+001   0.9809970943E+000
 0.6767677   0.1338884654E+001   0.9781056953E+000   0.1286710966E+001   0.1033250618E+001
 0.6868687   0.1355905611E+001   0.9853062880E+000   0.1285803821E+001   0.1004181199E+001
 0.6969697   0.1374255596E+001   0.9809285843E+000   0.1286168467E+001   0.1007560646E+001
 0.7070707   0.1404842659E+001   0.9848798009E+000   0.1295400021E+001   0.9744640766E+000
 0.7171717   0.1416233299E+001   0.9778065332E+000   0.1301052336E+001   0.9847800282E+000
 0.7272727   0.1431927608E+001   0.9899707317E+000   0.1296620040E+001   0.9990488030E+000
 0.7373737   0.1461966960E+001   0.9797371119E+000   0.1306922184E+001   0.9825077581E+000
 0.7474747   0.1481612103E+001   0.9647769386E+000   0.1308112463E+001   0.9846999099E+000
 0.7575758   0.1513304793E+001   0.9647986770E+000   0.1317605107E+001   0.9765876934E+000
 0.7676768   0.1538418445E+001   0.9759846466E+000   0.1324590199E+001   0.9881372734E+000
 0.7777778   0.1561688310E+001   0.9593278414E+000   0.1329767443E+001   0.9672235083E+000
 0.7878788   0.1610006588E+001   0.9743894607E+000   0.1342949548E+001   0.9769786320E+000
 0.7979798   0.1636249035E+001   0.9862182664E+000   0.1348474777E+001   0.1005807696E+001
 0.8080808   0.1666007332E+001   0.9973866383E+000   0.1344035303E+001   0.1000125091E+001
 0.8181818   0.1716840535E+001   0.9928940316E+000   0.1363771897E+001   0.1000152119E+001
 0.8282828   0.1748758806E+001   0.9846023772E+000   0.1361907872E+001   0.9829643358E+000
 0.8383838   0.1784194106E+001   0.9570784326E+000   0.1370901514E+001   0.9570484876E+000
 0.8484848   0.1835161099E+001   0.9888020329E+000   0.1386326964E+001   0.9888593032E+000
 0.8585859   0.1895214145E+001   0.1011136706E+001   0.1399505453E+001   0.1004395491E+001
 0.8686869   0.1937591162E+001   0.9908723585E+000   0.1407604095E+001   0.9991211991E+000
 0.8787879   0.1978919434E+001   0.9799855510E+000   0.1408751253E+001   0.9793030272E+000
 0.8888889   0.2027706903E+001   0.9694807185E+000   0.1415685970E+001   0.9691502080E+000
 0.8989899   0.2087898540E+001   0.1003831562E+001   0.1423944290E+001   0.9794555415E+000
 0.9090909   0.2147220802E+001   0.9871002252E+000   0.1440659312E+001   0.9892849918E+000
 0.9191919   0.2218380230E+001   0.9930565521E+000   0.1459732853E+001   0.9879509743E+000
 0.9292929   0.2286452298E+001   0.9900059272E+000   0.1464194803E+001   0.9781591699E+000
 0.9393939   0.2363366734E+001   0.9998969081E+000   0.1481437415E+001   0.9944009779E+000
 0.9494949   0.2421553593E+001   0.9955181693E+000   0.1478308142E+001   0.9768685900E+000
 0.9595960   0.2505724051E+001   0.9871571591E+000   0.1495357896E+001   0.9811158238E+000
 0.9696970   0.2582133258E+001   0.9991681535E+000   0.1502675699E+001   0.9936982538E+000
 0.9797980   0.2652828935E+001   0.1024546206E+001   0.1509827182E+001   0.1007487284E+001
 0.9898990   0.2774903342E+001   0.9944498813E+000   0.1545489895E+001   0.1004129074E+001
 1.0000000   0.2820562878E+001   0.1012443082E+001   0.1538668279E+001   0.9973566665E+000


 0.0000000   0.7450361163E+000   0.9096741469E+000   0.7832957973E+000   0.9936505166E+000
 0.0101010   0.7470079946E+000   0.9361534933E+000   0.7767709031E+000   0.1000231180E+001
 0.0202020   0.7453679588E+000   0.9281649779E+000   0.7830491543E+000   0.1002277896E+001
 0.0303030   0.7326005770E+000   0.9374409897E+000   0.7766397989E+000   0.1001675087E+001
 0.0404040   0.7140739882E+000   0.9273759988E+000   0.7709160330E+000   0.1002580589E+001
 0.0505051   0.7002854931E+000   0.9487967408E+000   0.7660820225E+000   0.1008505633E+001
 0.0606061   0.6804600746E+000   0.9533168486E+000   0.7630069582E+000   0.1004359390E+001
 0.0707071   0.6536445640E+000   0.9560248338E+000   0.7552136892E+000   0.1003121571E+001
 0.0808081   0.6232469101E+000   0.9494062210E+000   0.7450989682E+000   0.9985695913E+000
 0.0909091   0.5985049095E+000   0.9575954488E+000   0.7402703500E+000   0.9998550683E+000
 0.1010101   0.5744994352E+000   0.9788758554E+000   0.7372025049E+000   0.1010700475E+001
 0.1111111   0.5546905526E+000   0.9903605192E+000   0.7328026643E+000   0.1002977309E+001
 0.1212121   0.5334604646E+000   0.1008526620E+001   0.7323817472E+000   0.1018833242E+001
 0.1313131   0.5112802844E+000   0.1013773699E+001   0.7179717662E+000   0.9987627993E+000
 0.1414141   0.4952215926E+000   0.1018757240E+001   0.7236281052E+000   0.1011681972E+001
 0.1515152   0.4822715066E+000   0.1039703942E+001   0.7211914066E+000   0.1002849792E+001
 0.1616162   0.4680599070E+000   0.1032869114E+001   0.7155924107E+000   0.1004412200E+001
 0.1717172   0.4633434878E+000   0.1038055816E+001   0.7208874493E+000   0.9995678324E+000
 0.1818182   0.4614570267E+000   0.1044918384E+001   0.7265528999E+000   0.1003912435E+001
 0.1919192   0.4569859793E+000   0.1039300885E+001   0.7278761053E+000   0.9902449042E+000
 0.2020202   0.4606581180E+000   0.1066595320E+001   0.7387960542E+000   0.1011674243E+001
 0.2121212   0.4697640992E+000   0.1076661942E+001   0.7416012386E+000   0.1015490745E+001
 0.2222222   0.4744234019E+000   0.1058993543E+001   0.7440072143E+000   0.9982024962E+000
 0.2323232   0.4797968069E+000   0.1053663242E+001   0.7528929559E+000   0.9918691392E+000
 0.2424242   0.4892222567E+000   0.1047171095E+001   0.7646087371E+000   0.1011591808E+001
 0.2525253   0.5035343577E+000   0.1056133799E+001   0.7686398669E+000   0.9975481652E+000
 0.2626263   0.5108538033E+000   0.1034622492E+001   0.7792295462E+000   0.9967560126E+000
 0.2727273   0.5312340363E+000   0.1043942563E+001   0.7926142530E+000   0.1009480689E+001
 0.2828283   0.5465683215E+000   0.1070176322E+001   0.8037696066E+000   0.1007645213E+001
 0.2929293   0.5630047908E+000   0.1043768775E+001   0.8141849320E+000   0.9997146705E+000
 0.3030303   0.5781571588E+000   0.1041167673E+001   0.8317916883E+000   0.1016185005E+001
 0.3131313   0.5996652131E+000   0.1041170121E+001   0.8417205493E+000   0.1016409126E+001
 0.3232323   0.6247228644E+000   0.1052383089E+001   0.8479336723E+000   0.1001072278E+001
 0.3333333   0.6419468402E+000   0.1023122326E+001   0.8672192497E+000   0.1008115353E+001
 0.3434343   0.6721575211E+000   0.1031464944E+001   0.8763574861E+000   0.9992780205E+000
 0.3535354   0.6969729324E+000   0.1048961188E+001   0.8888315821E+000   0.1015061823E+001
 0.3636364   0.7180296268E+000   0.1027396031E+001   0.9156179069E+000   0.1018193080E+001
 0.3737374   0.7587662460E+000   0.1038600840E+001   0.9263965923E+000   0.1013985011E+001
 0.3838384   0.7772535933E+000   0.1017047105E+001   0.9410163305E+000   0.1001055534E+001
 0.3939394   0.8156926893E+000   0.1020234842E+001   0.9521538220E+000   0.1000223451E+001
 0.4040404   0.8525946112E+000   0.1025787884E+001   0.9581997929E+000   0.9779903672E+000
 0.4141414   0.8838016494E+000   0.1009796983E+001   0.9889604422E+000   0.9992110417E+000
 0.4242424   0.9357326485E+000   0.1018678913E+001   0.1003391406E+001   0.9988542510E+000
 0.4343434   0.9641990935E+000   0.1002726359E+001   0.1030296691E+001   0.1006610907E+001
 0.4444444   0.1009827736E+001   0.1013528112E+001   0.1047651389E+001   0.1002642415E+001
 0.4545455   0.1059523640E+001   0.1000979509E+001   0.1060121611E+001   0.9935938422E+000
 0.4646465   0.1114565838E+001   0.1004540114E+001   0.1074799646E+001   0.1002566420E+001
 0.4747475   0.1158457360E+001   0.9880262181E+000   0.1115319103E+001   0.1004202247E+001
 0.4848485   0.1226296115E+001   0.9933956819E+000   0.1131021014E+001   0.1013503279E+001
 0.4949495   0.1281497478E+001   0.9887140251E+000   0.1145826575E+001   0.9918086007E+000
 0.5050505   0.1308842435E+001   0.1002442425E+001   0.1164076275E+001   0.1004338781E+001
 0.5151515   0.1320197690E+001   0.9913885582E+000   0.1158933221E+001   0.1001367243E+001
 0.5252525   0.1306733125E+001   0.9811098004E+000   0.1159611624E+001   0.1002467240E+001
 0.5353535   0.1317778350E+001   0.1002214788E+001   0.1150514458E+001   0.9990564754E+000
 0.5454545   0.1310100533E+001   0.9886699663E+000   0.1158244485E+001   0.1002802134E+001
 0.5555556   0.1314730204E+001   0.9902520040E+000   0.1159008290E+001   0.9988194736E+000
 0.5656566   0.1310886815E+001   0.9899639899E+000   0.1154663191E+001   0.9925273343E+000
 0.5757576   0.1309878898E+001   0.9896376283E+000   0.1169272794E+001   0.1005650019E+001
 0.5858586   0.1309871371E+001   0.9904053939E+000   0.1151315788E+001   0.9917300294E+000
 0.5959596   0.1308348342E+001   0.9733701356E+000   0.1154681329E+001   0.9982050723E+000
 0.6060606   0.1312277076E+001   0.9813831282E+000   0.1154451914E+001   0.1007111959E+001
 0.6161616   0.1306784532E+001   0.9890126459E+000   0.1160652816E+001   0.1006532335E+001
 0.6262626   0.1315778123E+001   0.9906542446E+000   0.1162447217E+001   0.1001538554E+001
 0.6363636   0.1303907487E+001   0.9889335032E+000   0.1169861881E+001   0.1004070866E+001
 0.6464646   0.1314009540E+001   0.9818873568E+000   0.1161056279E+001   0.9930644524E+000
 0.6565657   0.1313757545E+001   0.9804056753E+000   0.1164332694E+001   0.1000790195E+001
 0.6666667   0.1320445578E+001   0.9802857374E+000   0.1164019684E+001   0.1005737607E+001
 0.6767677   0.1313948744E+001   0.9939978190E+000   0.1162136236E+001   0.1004968639E+001
 0.6868687   0.1316635126E+001   0.9816899081E+000   0.1152685037E+001   0.9904883463E+000
 0.6969697   0.1310952443E+001   0.9798182244E+000   0.1152927764E+001   0.9902616489E+000
 0.7070707   0.1311755252E+001   0.9902087611E+000   0.1154416222E+001   0.9971965267E+000
 0.7171717   0.1315309869E+001   0.9930375001E+000   0.1157245550E+001   0.9980067121E+000
 0.7272727   0.1311826368E+001   0.9983947253E+000   0.1155105530E+001   0.9988156094E+000
 0.7373737   0.1314924552E+001   0.9873082226E+000   0.1155394151E+001   0.9922104732E+000
 0.7474747   0.1317707168E+001   0.1000205216E+001   0.1152637637E+001   0.9955143294E+000
 0.7575758   0.1316629768E+001   0.9936943027E+000   0.1169783457E+001   0.1007564066E+001
 0.7676768   0.1315617639E+001   0.9855882971E+000   0.1154041425E+001   0.9885356578E+000
 0.7777778   0.1310825588E+001   0.9897485913E+000   0.1152907990E+001   0.9897129383E+000
 0.7878788   0.1304493892E+001   0.9789982410E+000   0.1158708584E+001   0.9906210157E+000
 0.7979798   0.1314147295E+001   0.9815348863E+000   0.1168903129E+001   0.9959754524E+000
 0.8080808   0.1321840531E+001   0.1002436713E+001   0.1157812410E+001   0.9959149139E+000
 0.8181818   0.1316352113E+001   0.9896115194E+000   0.1158922418E+001   0.9942932551E+000
 0.8282828   0.1315955234E+001   0.9962937727E+000   0.1159081254E+001   0.1002669464E+001
 0.8383838   0.1313928620E+001   0.9926972681E+000   0.1162002552E+001   0.9981535501E+000
 0.8484848   0.1314193298E+001   0.9941585521E+000   0.1161273315E+001   0.9979899674E+000
 0.8585859   0.1311926945E+001   0.9859717719E+000   0.1156744572E+001   0.9882419817E+000
 0.8686869   0.1313071307E+001   0.9824087194E+000   0.1156926973E+001   0.9895326109E+000
 0.8787879   0.1316365618E+001   0.9963125385E+000   0.1160396452E+001   0.9998937099E+000
 0.8888889   0.1309897455E+001   0.9903042219E+000   0.1156571230E+001   0.9965975820E+000
 0.8989899   0.1319294599E+001   0.9853312874E+000   0.1159217327E+001   0.9840880105E+000
 0.9090909   0.1313926056E+001   0.9938835924E+000   0.1157373323E+001   0.9977027316E+000
 0.9191919   0.1306266657E+001   0.9823891377E+000   0.1160670111E+001   0.9892260542E+000
 0.9292929   0.1312914246E+001   0.9860394920E+000   0.1160196945E+001   0.9835019464E+000
 0.9393939   0.1322173503E+001   0.1006736527E+001   0.1151869695E+001   0.9904162153E+000
 0.9494949   0.1311991011E+001   0.9858273569E+000   0.1163610802E+001   0.9971707656E+000
 0.9595960   0.1311044057E+001   0.9934968540E+000   0.1152834495E+001   0.9956843524E+000
 0.9696970   0.1311068827E+001   0.9868676345E+000   0.1173294855E+001   0.1008986077E+001
 0.9797980   0.1317245852E+001   0.9891236089E+000   0.1160278831E+001   0.9902938502E+000
 0.9898990   0.1315041981E+001   0.9903417534E+000   0.1156613154E+001   0.9865147025E+000
 1.0000000   0.1305981073E+001   0.9749831777E+000   0.1148870942E+001   0.9781423575E+000


