Compiled using GNU Fortran (Ubuntu 9.4.0-1ubuntu1~20.04.2) 9.4.0 with all optimizations
Last Brick update unknown
Compiled at 18:43:37 on Sep  2 2023
Starting at 16:56:20 on Sep 11 2023

Settings
OK                      

Forcefield
OK                      

Topology
OK                      

Configuration
OK                      Read from ./INPUT/restart.in

 F
Monte Carlo Simulation initialized.

#########################################################################################################################
###########################################   ENERGY STARTING CONFIGURATION   ###########################################
#########################################################################################################################
                                               Box 1               Box 2
-------------------------------------------------------------------------------------------------------------------------
Lennard Jones        
 Intermolecular                         -0.4798634952E+006  -0.6732361784E+005
 Tailcorrection                         -0.1203449897E+005  -0.1681165655E+004
Total Intermolecular                    -0.4918979942E+006  -0.6900478350E+005

Electrostatic        
 Real                                   -0.1249751031E+006  -0.7888260908E+004
 Exclusion                               0.8220273026E+007   0.2194042745E+007
 Selfterm                               -0.8246675718E+007  -0.2196255828E+007
 Fourier                                 0.1454251500E+005   0.2077846726E+004
Total Intermolecular                    -0.1368352799E+006  -0.8023496827E+004

Intramolecular       
 Lennard Jones                           0.0000000000E+000   0.0000000000E+000
 Electrostatic                           0.0000000000E+000   0.0000000000E+000
 Bending                                 0.0000000000E+000   0.0000000000E+000
 Torsion                                 0.0000000000E+000   0.0000000000E+000

Total                                   -0.6287332740E+006  -0.7702828032E+005

#########################################################################################################################

Simulation is running...



#########################################################################################################################
###############################################   RELATIVE ENERGY DRIFTS   ##############################################
#########################################################################################################################
                                               Box 1               Box 2                                                 
-------------------------------------------------------------------------------------------------------------------------

Lennard Jones        
 Intermolecular                          0.3273007610E-014   0.6127548750E-015
 Tailcorrection                          0.0000000000E+000   0.0000000000E+000

Electrostatic        
 Real                                    0.2370137311E-014   0.1851264077E-015
 Exclusion                               0.0000000000E+000   0.0000000000E+000
 Selfterm                                0.0000000000E+000   0.0000000000E+000
 Fourier                                 0.2372620642E-015   0.1168411836E-015

Intramolecular       
 Lennard Jones                           0.0000000000E+000   0.0000000000E+000
 Electrostatic                           0.0000000000E+000   0.0000000000E+000
 Bending                                 0.0000000000E+000   0.0000000000E+000
 Torsion                                 0.0000000000E+000   0.0000000000E+000

Total                                    0.2806969145E-014   0.0000000000E+000

#########################################################################################################################
############################################   TRIAL MOVE ACCEPTANCE RATES   ############################################
#########################################################################################################################
                                               Box 1               Box 2
-------------------------------------------------------------------------------------------------------------------------
Translation
 CO2                                          0.48584             0.50541
 AR                                           0.48990             0.51971
-------------------------------------------------------------------------------------------------------------------------
Rotation
 CO2                                          0.49154             0.64707
 AR                                           0.00000             0.00000
-------------------------------------------------------------------------------------------------------------------------
Lambda Move
 cd                                           0.75520             0.92155
 Ar                                           0.83258             0.95084
-------------------------------------------------------------------------------------------------------------------------
GE Swap Fractional
 cd                                           0.38549             0.36096
 Ar                                           0.48405             0.45011
-------------------------------------------------------------------------------------------------------------------------
GE Identity Change
 cd                                           0.82315             0.76478
 Ar                                           0.95554             0.89249
-------------------------------------------------------------------------------------------------------------------------
Volume                                        0.50212             0.53621

#########################################################################################################################
######################################################   AVERAGES   #####################################################
#########################################################################################################################
                                                       Boltzmann                                    Biased
                                               Box 1               Box 2                  Box 1               Box 2      
-------------------------------------------------------------------------------------------------------------------------
Density
 CO2                                     0.8510639661E+003   0.8645051706E+002      0.8495322142E+003   0.8653560549E+002
 AR                                      0.1278341901E+003   0.1380260710E+003      0.1281704803E+003   0.1381594223E+003
 Total                                   0.9788981562E+003   0.2244765881E+003      0.9777026945E+003   0.2246950278E+003

Number of molecules
 CO2                                     0.4287504430E+003   0.1812495570E+003      0.4289439200E+003   0.1810560800E+003
 AR                                      0.7119826464E+002   0.3188017354E+003      0.7155318000E+002   0.3184468200E+003
 Total                                   0.4999487076E+003   0.5000512924E+003      0.5004971000E+003   0.4995029000E+003

Mole fractions
 CO2                                          0.85759             0.36246                 0.85704             0.36247
 AR                                           0.14241             0.63754                 0.14296             0.63753

Volume                                   0.3686138382E+005   0.1537740759E+006      0.3694571444E+005   0.1534557280E+006

#########################################################################################################################
#######################################   PROPERTIES FROM THE CFC GIBBS ENSEMBLE   ######################################
#########################################################################################################################
                                                       Boltzmann                                    Biased
                                               Box 1               Box 2                  Box 1               Box 2      
Chemical Potentials (as an indication)
=========================================================================================================================

Total cd                                -0.1947922310E+004  -0.1947239699E+004     -0.1948378072E+004  -0.1946990807E+004
 Ideal gas                              -0.1126565267E+004  -0.1705154787E+004     -0.1127021028E+004  -0.1704905895E+004
 Excess                                 -0.8213570438E+003  -0.2420849122E+003     -0.8213570438E+003  -0.2420849122E+003

-------------------------------------------------------------------------------------------------------------------------

Total Ar                                -0.1646779931E+004  -0.1644806147E+004     -0.1646115245E+004  -0.1644561834E+004
 Ideal gas                              -0.1581690758E+004  -0.1562283494E+004     -0.1581026071E+004  -0.1562039181E+004
 Excess                                 -0.6508917374E+002  -0.8252265324E+002     -0.6508917374E+002  -0.8252265324E+002

-------------------------------------------------------------------------------------------------------------------------

#########################################################################################################################
#########################################   PROPERTIES FROM UMBRELLA SAMPLING   #########################################
#########################################################################################################################

Excess Partial Molar Enthalpy
=========================================================================================================================


Partial Molar Volume
=========================================================================================================================


#########################################################################################################################
##################################################   AVERAGE ENERGIES   #################################################
#########################################################################################################################
                                                       Boltzmann                                    Biased
                                               Box 1               Box 2                  Box 1               Box 2      
-------------------------------------------------------------------------------------------------------------------------
Lennard Jones        
 Intermolecular                         -0.4654907478E+006  -0.8055154539E+005     -0.4652777017E+006  -0.8043978767E+005
 Tailcorrection                         -0.1149133600E+005  -0.1908769208E+004     -0.1148833567E+005  -0.1906195119E+004
Total Intermolecular                    -0.4769820838E+006  -0.8246031460E+005     -0.4767660374E+006  -0.8234598279E+005

Electrostatic        
 Real                                   -0.1240201337E+006  -0.8321846953E+004     -0.1238118488E+006  -0.8319298234E+004
 Exclusion                               0.7853268938E+007   0.2461700461E+007      0.7854624424E+007   0.2458682451E+007
 Selfterm                               -0.7878493283E+007  -0.2464182919E+007     -0.7879852921E+007  -0.2461161838E+007
 Fourier                                 0.1289816420E+005   0.2396597644E+004      0.1292055788E+005   0.2394117305E+004
Total Intermolecular                    -0.1363463149E+006  -0.8407706717E+004     -0.1361197874E+006  -0.8404567988E+004

Intramolecular       
 Lennard Jones                           0.0000000000E+000   0.0000000000E+000      0.0000000000E+000   0.0000000000E+000
 Electrostatic                           0.0000000000E+000   0.0000000000E+000      0.0000000000E+000   0.0000000000E+000
 Bending                                 0.0000000000E+000   0.0000000000E+000      0.0000000000E+000   0.0000000000E+000
 Torsion                                 0.0000000000E+000   0.0000000000E+000      0.0000000000E+000   0.0000000000E+000

Total                                   -0.6133283988E+006  -0.9086802131E+005     -0.6128858248E+006  -0.9075055078E+005

#########################################################################################################################

No errors found in bookkeeping.

Total simulation time:  15 hours and  44 minutes

Simulation finished.

