 0.0000000   0.1468630854E+000   0.1071316547E+001   0.6736552288E+000   0.1018313057E+001
 0.0101010   0.1451968006E+000   0.1080539580E+001   0.6710171102E+000   0.1047370036E+001
 0.0202020   0.1439674110E+000   0.1118616318E+001   0.6773745671E+000   0.1069353127E+001
 0.0303030   0.1405230448E+000   0.1042503033E+001   0.6815797854E+000   0.1027663665E+001
 0.0404040   0.1324997623E+000   0.1079409970E+001   0.6725603778E+000   0.1034862253E+001
 0.0505051   0.1225663331E+000   0.1071822122E+001   0.6635533740E+000   0.1013402524E+001
 0.0606061   0.1165965201E+000   0.1077400364E+001   0.6741069474E+000   0.1009920373E+001
 0.0707071   0.1049483751E+000   0.1038124208E+001   0.6669453830E+000   0.1001274509E+001
 0.0808081   0.9717866444E-001   0.1026868301E+001   0.6704135066E+000   0.1000685018E+001
 0.0909091   0.8990048793E-001   0.1042352841E+001   0.6766069503E+000   0.1017451494E+001
 0.1010101   0.8140379188E-001   0.1013740287E+001   0.6770347586E+000   0.1040726930E+001
 0.1111111   0.7465585855E-001   0.1017880075E+001   0.6760624870E+000   0.9962241609E+000
 0.1212121   0.7039229376E-001   0.1009056848E+001   0.6734546867E+000   0.9987540585E+000
 0.1313131   0.6617398844E-001   0.1043124953E+001   0.6777840173E+000   0.1021449450E+001
 0.1414141   0.6374909523E-001   0.1006074171E+001   0.6823380774E+000   0.1007791026E+001
 0.1515152   0.6126572978E-001   0.1049441461E+001   0.6920630168E+000   0.1033851428E+001
 0.1616162   0.6040414070E-001   0.9780200756E+000   0.6921656060E+000   0.1004853020E+001
 0.1717172   0.5985979312E-001   0.9714539535E+000   0.7070063791E+000   0.1033643594E+001
 0.1818182   0.6081355792E-001   0.1023210818E+001   0.7091434936E+000   0.1013502662E+001
 0.1919192   0.6239335640E-001   0.9690572343E+000   0.7170783607E+000   0.1015562101E+001
 0.2020202   0.6385880865E-001   0.1022574091E+001   0.7240193949E+000   0.1004467584E+001
 0.2121212   0.6683290753E-001   0.1009682999E+001   0.7349358861E+000   0.1039776565E+001
 0.2222222   0.7005575692E-001   0.1015794316E+001   0.7403725591E+000   0.9888007348E+000
 0.2323232   0.7395541940E-001   0.1000806888E+001   0.7467217946E+000   0.1018893101E+001
 0.2424242   0.7805101868E-001   0.9703899202E+000   0.7500236209E+000   0.9946049509E+000
 0.2525253   0.8446438131E-001   0.9570947922E+000   0.7662908315E+000   0.9965982608E+000
 0.2626263   0.9044878269E-001   0.9670476287E+000   0.7767096617E+000   0.1007925173E+001
 0.2727273   0.9614775474E-001   0.9626413038E+000   0.7886055113E+000   0.9896679663E+000
 0.2828283   0.1054909048E+000   0.9793464153E+000   0.8016151986E+000   0.1020449961E+001
 0.2929293   0.1144858934E+000   0.9893436746E+000   0.8102058906E+000   0.1004926706E+001
 0.3030303   0.1258410339E+000   0.9911417429E+000   0.8182653192E+000   0.1016482235E+001
 0.3131313   0.1375876532E+000   0.9952053770E+000   0.8256009028E+000   0.1003071322E+001
 0.3232323   0.1522768431E+000   0.1007806662E+001   0.8454861470E+000   0.9988371918E+000
 0.3333333   0.1636770506E+000   0.9929101958E+000   0.8509989881E+000   0.9870983915E+000
 0.3434343   0.1806883232E+000   0.9844317753E+000   0.8662553381E+000   0.9946049509E+000
 0.3535354   0.2011186410E+000   0.9918017397E+000   0.8810460681E+000   0.9906447827E+000
 0.3636364   0.2210981152E+000   0.9849881188E+000   0.8971642065E+000   0.1009217518E+001
 0.3737374   0.2472389837E+000   0.9726406785E+000   0.9139025749E+000   0.9870813870E+000
 0.3838384   0.2713786496E+000   0.9751939354E+000   0.9380877139E+000   0.1005181774E+001
 0.3939394   0.3035592580E+000   0.1008102815E+001   0.9431590538E+000   0.9650208313E+000
 0.4040404   0.3411053923E+000   0.9944861498E+000   0.9594707089E+000   0.9877313383E+000
 0.4141414   0.3786715075E+000   0.1003762066E+001   0.9721396215E+000   0.1023240595E+001
 0.4242424   0.4219516474E+000   0.1012600101E+001   0.9929455946E+000   0.1020166552E+001
 0.4343434   0.4676343876E+000   0.9940461519E+000   0.9998479072E+000   0.9806593393E+000
 0.4444444   0.5303521938E+000   0.9719129897E+000   0.1027145692E+001   0.1002956069E+001
 0.4545455   0.5782963819E+000   0.9607163131E+000   0.1057343624E+001   0.1022777694E+001
 0.4646465   0.6592525769E+000   0.1006732052E+001   0.1058933538E+001   0.1009281758E+001
 0.4747475   0.7280587619E+000   0.9327256794E+000   0.1090125088E+001   0.1036912245E+001
 0.4848485   0.8298790731E+000   0.9540253840E+000   0.1100378931E+001   0.9687240421E+000
 0.4949495   0.9342566236E+000   0.9656324432E+000   0.1110407860E+001   0.1010776268E+001
 0.5050505   0.9949685166E+000   0.9585395929E+000   0.1142008143E+001   0.1011154146E+001
 0.5151515   0.9981726536E+000   0.9850558108E+000   0.1135312035E+001   0.9960201065E+000
 0.5252525   0.9987593353E+000   0.9800783349E+000   0.1133279239E+001   0.9949393735E+000
 0.5353535   0.1020735300E+001   0.9735227896E+000   0.1141459875E+001   0.9938510830E+000
 0.5454545   0.1016217174E+001   0.9787668027E+000   0.1140149840E+001   0.1012697781E+001
 0.5555556   0.1003792102E+001   0.9997809318E+000   0.1143407844E+001   0.1017198315E+001
 0.5656566   0.1025674302E+001   0.9735249050E+000   0.1136014985E+001   0.9935468907E+000
 0.5757576   0.1047981054E+001   0.9882225262E+000   0.1152063320E+001   0.1007505728E+001
 0.5858586   0.1044128422E+001   0.9685664675E+000   0.1139490288E+001   0.9911360249E+000
 0.5959596   0.1047280407E+001   0.9798287207E+000   0.1138963083E+001   0.9726180816E+000
 0.6060606   0.1064910604E+001   0.9806389091E+000   0.1142695721E+001   0.1001204602E+001
 0.6161616   0.1088920752E+001   0.9795367990E+000   0.1144665941E+001   0.1021525026E+001
 0.6262626   0.1105337886E+001   0.9961742185E+000   0.1151876855E+001   0.1010532536E+001
 0.6363636   0.1119755634E+001   0.9823206317E+000   0.1153832937E+001   0.9961051292E+000
 0.6464646   0.1144456356E+001   0.9808250620E+000   0.1154999094E+001   0.1018921442E+001
 0.6565657   0.1147933376E+001   0.9866402262E+000   0.1147962167E+001   0.9871701885E+000
 0.6666667   0.1180617721E+001   0.1003028032E+001   0.1153774589E+001   0.1005085415E+001
 0.6767677   0.1205724172E+001   0.9751981662E+000   0.1149742425E+001   0.9963658654E+000
 0.6868687   0.1230381648E+001   0.9957215284E+000   0.1166903331E+001   0.1001512573E+001
 0.6969697   0.1237934137E+001   0.9870061859E+000   0.1162960312E+001   0.9730167436E+000
 0.7070707   0.1288425005E+001   0.1004405140E+001   0.1155753698E+001   0.9948581296E+000
 0.7171717   0.1315155583E+001   0.9863715736E+000   0.1155924955E+001   0.9846100606E+000
 0.7272727   0.1350185004E+001   0.1029597134E+001   0.1163293105E+001   0.9958746232E+000
 0.7373737   0.1384733701E+001   0.9820879405E+000   0.1168384821E+001   0.9797070851E+000
 0.7474747   0.1418978357E+001   0.9810260226E+000   0.1169192292E+001   0.9696441766E+000
 0.7575758   0.1458310022E+001   0.9999099697E+000   0.1177607270E+001   0.1003434086E+001
 0.7676768   0.1506415670E+001   0.9906319376E+000   0.1177488094E+001   0.9730243011E+000
 0.7777778   0.1538075575E+001   0.9843873525E+000   0.1183715863E+001   0.9895016997E+000
 0.7878788   0.1602182663E+001   0.1009255694E+001   0.1192156350E+001   0.9926569865E+000
 0.7979798   0.1671963424E+001   0.9877994513E+000   0.1198210612E+001   0.9717961955E+000
 0.8080808   0.1728415525E+001   0.1005613019E+001   0.1199349413E+001   0.9959558671E+000
 0.8181818   0.1795153280E+001   0.1002725533E+001   0.1200518002E+001   0.9744092264E+000
 0.8282828   0.1864124719E+001   0.9963455638E+000   0.1214990624E+001   0.9723630135E+000
 0.8383838   0.1932860850E+001   0.1023511202E+001   0.1213003107E+001   0.1010938756E+001
 0.8484848   0.2007015200E+001   0.1006947820E+001   0.1215154515E+001   0.9981740148E+000
 0.8585859   0.2092887391E+001   0.1001824383E+001   0.1220022221E+001   0.9746378430E+000
 0.8686869   0.2164255991E+001   0.1018533726E+001   0.1226321499E+001   0.1010062077E+001
 0.8787879   0.2262183600E+001   0.9943190352E+000   0.1223685155E+001   0.9719908030E+000
 0.8888889   0.2360614197E+001   0.9882500261E+000   0.1239562315E+001   0.9740880296E+000
 0.8989899   0.2465368769E+001   0.1010478380E+001   0.1245952861E+001   0.9938945391E+000
 0.9090909   0.2555944824E+001   0.9954147991E+000   0.1237060178E+001   0.9827452295E+000
 0.9191919   0.2695596289E+001   0.1011973950E+001   0.1243790286E+001   0.9826998840E+000
 0.9292929   0.2829825594E+001   0.9730404843E+000   0.1247166325E+001   0.9577183264E+000
 0.9393939   0.2978572630E+001   0.1020454486E+001   0.1261780795E+001   0.9996023961E+000
 0.9494949   0.3104757293E+001   0.9942238433E+000   0.1265840366E+001   0.9767955301E+000
 0.9595960   0.3281220909E+001   0.9814469821E+000   0.1274592035E+001   0.9567944131E+000
 0.9696970   0.3480446571E+001   0.1018434303E+001   0.1290209063E+001   0.9949771614E+000
 0.9797980   0.3646941033E+001   0.1005985325E+001   0.1278118725E+001   0.9507748062E+000
 0.9898990   0.3875623461E+001   0.1015593355E+001   0.1303703614E+001   0.9836313549E+000
 1.0000000   0.4001018503E+001   0.1020837368E+001   0.1305740481E+001   0.9873005566E+000


 0.0000000   0.1101653987E+001   0.1029458321E+001   0.8618797848E+000   0.9707960149E+000
 0.0101010   0.1070166271E+001   0.1014933340E+001   0.8389122001E+000   0.9541101899E+000
 0.0202020   0.1101054370E+001   0.1031140793E+001   0.8667857838E+000   0.9640835843E+000
 0.0303030   0.1079548227E+001   0.1061054496E+001   0.8678520402E+000   0.9832104629E+000
 0.0404040   0.1015439634E+001   0.1053900240E+001   0.8428790409E+000   0.9670606612E+000
 0.0505051   0.9904184737E+000   0.1063384237E+001   0.8574192330E+000   0.9774318707E+000
 0.0606061   0.9323804425E+000   0.1043383185E+001   0.8515777378E+000   0.9758966404E+000
 0.0707071   0.8806944690E+000   0.1029593347E+001   0.8566609277E+000   0.9713955392E+000
 0.0808081   0.8047760300E+000   0.1024194435E+001   0.8361903473E+000   0.9426725369E+000
 0.0909091   0.7481307740E+000   0.1060019293E+001   0.8513968890E+000   0.9916094057E+000
 0.1010101   0.6873826182E+000   0.1016581519E+001   0.8498429358E+000   0.9754091767E+000
 0.1111111   0.6337306035E+000   0.1020162933E+001   0.8501847547E+000   0.9724526443E+000
 0.1212121   0.5763023137E+000   0.1041795018E+001   0.8446168572E+000   0.9825082164E+000
 0.1313131   0.5312782993E+000   0.1047371822E+001   0.8447718054E+000   0.9876069742E+000
 0.1414141   0.4878803855E+000   0.1031890939E+001   0.8374326491E+000   0.9910042784E+000
 0.1515152   0.4613804030E+000   0.1006595996E+001   0.8557351072E+000   0.9944426715E+000
 0.1616162   0.4355264265E+000   0.1042712340E+001   0.8414633462E+000   0.9745388393E+000
 0.1717172   0.4164115778E+000   0.1051242578E+001   0.8414600722E+000   0.9792304436E+000
 0.1818182   0.3971092091E+000   0.1021408176E+001   0.8633374169E+000   0.9837670306E+000
 0.1919192   0.3880502911E+000   0.1026624910E+001   0.8664515266E+000   0.1003386976E+001
 0.2020202   0.3837614360E+000   0.1016729405E+001   0.8616204693E+000   0.9820338265E+000
 0.2121212   0.3804210878E+000   0.1042212956E+001   0.8614494537E+000   0.9760834081E+000
 0.2222222   0.3778578603E+000   0.1013439476E+001   0.8635617722E+000   0.9828612073E+000
 0.2323232   0.3810538109E+000   0.1025707588E+001   0.8719248322E+000   0.9929597361E+000
 0.2424242   0.3900013830E+000   0.1014337509E+001   0.8841709826E+000   0.9798224971E+000
 0.2525253   0.4020950266E+000   0.1025169626E+001   0.8920887726E+000   0.9941120927E+000
 0.2626263   0.4090942871E+000   0.1040590497E+001   0.8879000452E+000   0.9947639119E+000
 0.2727273   0.4176977770E+000   0.1012039917E+001   0.8955023521E+000   0.1014975911E+001
 0.2828283   0.4314570304E+000   0.1018823386E+001   0.9115369527E+000   0.1005865383E+001
 0.2929293   0.4449986849E+000   0.9936956180E+000   0.9133426661E+000   0.9881093793E+000
 0.3030303   0.4709772651E+000   0.9941735685E+000   0.9121698083E+000   0.9899322319E+000
 0.3131313   0.4784021451E+000   0.9932305271E+000   0.9302550945E+000   0.1007477188E+001
 0.3232323   0.5027670151E+000   0.9962846954E+000   0.9348392014E+000   0.9882886763E+000
 0.3333333   0.5284827272E+000   0.1013673093E+001   0.9407005290E+000   0.9770359233E+000
 0.3434343   0.5583639492E+000   0.1025746167E+001   0.9496822106E+000   0.1001354944E+001
 0.3535354   0.5815732474E+000   0.9968290875E+000   0.9564149798E+000   0.1001487549E+001
 0.3636364   0.6007790528E+000   0.1002976003E+001   0.9506278998E+000   0.1002824805E+001
 0.3737374   0.6444392285E+000   0.9994738900E+000   0.9714041058E+000   0.9954213342E+000
 0.3838384   0.6734102228E+000   0.9875808516E+000   0.9753074187E+000   0.9965643524E+000
 0.3939394   0.7043590526E+000   0.9817597140E+000   0.9957682571E+000   0.1016178695E+001
 0.4040404   0.7577756809E+000   0.9867492605E+000   0.9892580116E+000   0.9970947726E+000
 0.4141414   0.7891751072E+000   0.9835086272E+000   0.9965602813E+000   0.9556099344E+000
 0.4242424   0.8318678168E+000   0.9875551323E+000   0.1005171159E+001   0.9941811967E+000
 0.4343434   0.8863127976E+000   0.1007969836E+001   0.1030432806E+001   0.9991492172E+000
 0.4444444   0.9333833253E+000   0.9562847357E+000   0.1029947633E+001   0.9782275011E+000
 0.4545455   0.1009986146E+001   0.1009840916E+001   0.1052178203E+001   0.1022233703E+001
 0.4646465   0.1052761746E+001   0.9978985822E+000   0.1047851556E+001   0.9965027191E+000
 0.4747475   0.1127625700E+001   0.9856626196E+000   0.1072874844E+001   0.1002391504E+001
 0.4848485   0.1199360494E+001   0.9503178553E+000   0.1080978819E+001   0.1041452098E+001
 0.4949495   0.1275280539E+001   0.9593560502E+000   0.1084566537E+001   0.1002621228E+001
 0.5050505   0.1317136615E+001   0.9933591237E+000   0.1084077038E+001   0.1010357146E+001
 0.5151515   0.1314722853E+001   0.9820361966E+000   0.1088644078E+001   0.9978399757E+000
 0.5252525   0.1320104661E+001   0.9639405175E+000   0.1094804998E+001   0.1026622744E+001
 0.5353535   0.1303368217E+001   0.9690522307E+000   0.1089046336E+001   0.1006324832E+001
 0.5454545   0.1317280222E+001   0.9866420967E+000   0.1096003635E+001   0.1005140725E+001
 0.5555556   0.1301100692E+001   0.9758271261E+000   0.1086201516E+001   0.1014260591E+001
 0.5656566   0.1308047828E+001   0.9717334690E+000   0.1075216613E+001   0.9893625905E+000
 0.5757576   0.1297036880E+001   0.9605691444E+000   0.1082804513E+001   0.1005206093E+001
 0.5858586   0.1318681353E+001   0.9915587718E+000   0.1083155840E+001   0.1001988086E+001
 0.5959596   0.1305704981E+001   0.9616150630E+000   0.1072017287E+001   0.9931091502E+000
 0.6060606   0.1319003863E+001   0.9762043427E+000   0.1087430592E+001   0.9916971865E+000
 0.6161616   0.1327667016E+001   0.1010968279E+001   0.1078211963E+001   0.1021299865E+001
 0.6262626   0.1320719172E+001   0.9783497619E+000   0.1081763393E+001   0.9949189291E+000
 0.6363636   0.1304703701E+001   0.9890704284E+000   0.1088544377E+001   0.1041364317E+001
 0.6464646   0.1314126595E+001   0.9911086839E+000   0.1095717382E+001   0.1009462529E+001
 0.6565657   0.1316464155E+001   0.9924975267E+000   0.1079389645E+001   0.1006203433E+001
 0.6666667   0.1307354752E+001   0.9897562767E+000   0.1092437690E+001   0.1028787381E+001
 0.6767677   0.1315672782E+001   0.9890489957E+000   0.1075816250E+001   0.1019392967E+001
 0.6868687   0.1293075902E+001   0.9791942127E+000   0.1077879190E+001   0.1005267727E+001
 0.6969697   0.1311955838E+001   0.9913272980E+000   0.1097304176E+001   0.1022130981E+001
 0.7070707   0.1311992329E+001   0.9964368680E+000   0.1079481014E+001   0.1016255269E+001
 0.7171717   0.1317629454E+001   0.9812367547E+000   0.1083868048E+001   0.1004643922E+001
 0.7272727   0.1312086201E+001   0.9991909776E+000   0.1080499997E+001   0.1022814551E+001
 0.7373737   0.1313589918E+001   0.9926089771E+000   0.1079308332E+001   0.1002815467E+001
 0.7474747   0.1307251934E+001   0.1000832727E+001   0.1089990585E+001   0.1031600102E+001
 0.7575758   0.1307830689E+001   0.9771966795E+000   0.1083657077E+001   0.1007327774E+001
 0.7676768   0.1311909545E+001   0.9757778308E+000   0.1089471752E+001   0.1005368581E+001
 0.7777778   0.1308843495E+001   0.9904056894E+000   0.1080132879E+001   0.1005506789E+001
 0.7878788   0.1317189144E+001   0.9887017849E+000   0.1083818988E+001   0.1007465982E+001
 0.7979798   0.1316387552E+001   0.9871521964E+000   0.1084854589E+001   0.1014268061E+001
 0.8080808   0.1310899494E+001   0.9735295342E+000   0.1087425706E+001   0.1011662652E+001
 0.8181818   0.1305761458E+001   0.9813031962E+000   0.1083209767E+001   0.1018238742E+001
 0.8282828   0.1311140066E+001   0.9853904235E+000   0.1084661918E+001   0.1013255780E+001
 0.8383838   0.1306132673E+001   0.9671061361E+000   0.1083252397E+001   0.1012546063E+001
 0.8484848   0.1317298072E+001   0.9868135588E+000   0.1082898037E+001   0.1011294720E+001
 0.8585859   0.1310605783E+001   0.9975063627E+000   0.1084573112E+001   0.1032007256E+001
 0.8686869   0.1321743117E+001   0.9946408027E+000   0.1091199603E+001   0.1018277963E+001
 0.8787879   0.1308096701E+001   0.9638440701E+000   0.1087740003E+001   0.9903580622E+000
 0.8888889   0.1320095548E+001   0.9918802632E+000   0.1086603298E+001   0.1022287866E+001
 0.8989899   0.1308576707E+001   0.9710219013E+000   0.1083917719E+001   0.1018879355E+001
 0.9090909   0.1310770056E+001   0.9933205447E+000   0.1086026939E+001   0.9964410857E+000
 0.9191919   0.1315091163E+001   0.9903435343E+000   0.1090264460E+001   0.1013537800E+001
 0.9292929   0.1317185854E+001   0.9853046925E+000   0.1083103736E+001   0.1002186060E+001
 0.9393939   0.1322155418E+001   0.9958517536E+000   0.1084487575E+001   0.1010314189E+001
 0.9494949   0.1321668816E+001   0.9966661985E+000   0.1090138652E+001   0.1022418603E+001
 0.9595960   0.1306943333E+001   0.9879859308E+000   0.1079372305E+001   0.1017006076E+001
 0.9696970   0.1327571464E+001   0.1009780904E+001   0.1078566298E+001   0.1025756142E+001
 0.9797980   0.1313073535E+001   0.9960596514E+000   0.1077739188E+001   0.1016837985E+001
 0.9898990   0.1303469811E+001   0.9642277165E+000   0.1080016387E+001   0.9919157047E+000
 1.0000000   0.1318246143E+001   0.9969576840E+000   0.1076315022E+001   0.1025743068E+001


