 0.0000000   0.1502155905E+000   0.9960912307E+000   0.5055791084E+000   0.9542577002E+000
 0.0101010   0.1509092691E+000   0.1035533024E+001   0.5031525791E+000   0.9690529312E+000
 0.0202020   0.1483270977E+000   0.9993791472E+000   0.5060246068E+000   0.9481548044E+000
 0.0303030   0.1446964927E+000   0.9992955188E+000   0.5085455911E+000   0.9637370935E+000
 0.0404040   0.1389016801E+000   0.1024797778E+001   0.5055123992E+000   0.9733497935E+000
 0.0505051   0.1338447895E+000   0.1043284055E+001   0.5063032828E+000   0.9697304220E+000
 0.0606061   0.1236128756E+000   0.1032212096E+001   0.4976987821E+000   0.9758661880E+000
 0.0707071   0.1162228617E+000   0.1024029717E+001   0.5006952123E+000   0.9703038240E+000
 0.0808081   0.1069762914E+000   0.1014788780E+001   0.5005821385E+000   0.9826721403E+000
 0.0909091   0.1003059048E+000   0.1018268161E+001   0.5019799629E+000   0.9906248965E+000
 0.1010101   0.9416097935E-001   0.1028138513E+001   0.4991483653E+000   0.9796243447E+000
 0.1111111   0.8685872725E-001   0.9891456723E+000   0.4957493372E+000   0.9685142255E+000
 0.1212121   0.8214882556E-001   0.9923345551E+000   0.5063297348E+000   0.9820183891E+000
 0.1313131   0.7966749998E-001   0.1018651091E+001   0.5056079629E+000   0.9815107275E+000
 0.1414141   0.7652292693E-001   0.9954926275E+000   0.5153351431E+000   0.9843686066E+000
 0.1515152   0.7623041097E-001   0.1026564978E+001   0.5155633628E+000   0.9885759890E+000
 0.1616162   0.7516799932E-001   0.9997642780E+000   0.5191118136E+000   0.9875314479E+000
 0.1717172   0.7585175282E-001   0.1009696250E+001   0.5259916788E+000   0.9820220413E+000
 0.1818182   0.7594729746E-001   0.9737558466E+000   0.5389084861E+000   0.9842937356E+000
 0.1919192   0.7809518971E-001   0.9944780830E+000   0.5497534381E+000   0.9794252975E+000
 0.2020202   0.8113801463E-001   0.1012286530E+001   0.5598888790E+000   0.9657476525E+000
 0.2121212   0.8419483963E-001   0.1000895462E+001   0.5704106824E+000   0.9849000077E+000
 0.2222222   0.8999239080E-001   0.1016197258E+001   0.5835749529E+000   0.1007136681E+001
 0.2323232   0.9523625605E-001   0.9934415310E+000   0.5973128862E+000   0.1007069115E+001
 0.2424242   0.9939071861E-001   0.9623735816E+000   0.6042156775E+000   0.9787368499E+000
 0.2525253   0.1058701292E+000   0.9561190579E+000   0.6108505432E+000   0.9705266107E+000
 0.2626263   0.1147030116E+000   0.9980917100E+000   0.6327915509E+000   0.1001021002E+001
 0.2727273   0.1236703995E+000   0.9769029152E+000   0.6470501259E+000   0.1014558036E+001
 0.2828283   0.1326657802E+000   0.9882235592E+000   0.6599849142E+000   0.1002323027E+001
 0.2929293   0.1434855250E+000   0.1001108935E+001   0.6704566570E+000   0.9667154965E+000
 0.3030303   0.1577737114E+000   0.9976713673E+000   0.7020739616E+000   0.9869543937E+000
 0.3131313   0.1692275229E+000   0.1003263466E+001   0.7047042580E+000   0.9850552280E+000
 0.3232323   0.1842423264E+000   0.9920286513E+000   0.7323082854E+000   0.1008789320E+001
 0.3333333   0.2028165819E+000   0.9840179312E+000   0.7493771227E+000   0.9842426042E+000
 0.3434343   0.2192533349E+000   0.9776489685E+000   0.7707127113E+000   0.9852615797E+000
 0.3535354   0.2384809750E+000   0.9822749393E+000   0.7884411810E+000   0.1001167092E+001
 0.3636364   0.2619620783E+000   0.9695106051E+000   0.8110568020E+000   0.1001483011E+001
 0.3737374   0.2890112116E+000   0.9767246547E+000   0.8324108246E+000   0.9796407798E+000
 0.3838384   0.3178640734E+000   0.9917183459E+000   0.8655761537E+000   0.9973943265E+000
 0.3939394   0.3550634442E+000   0.9927879091E+000   0.8789314170E+000   0.1004169235E+001
 0.4040404   0.3909874434E+000   0.9819778384E+000   0.9051023420E+000   0.1008257919E+001
 0.4141414   0.4315994812E+000   0.9988861798E+000   0.9397643199E+000   0.1009101587E+001
 0.4242424   0.4766925071E+000   0.9799135375E+000   0.9615585974E+000   0.9995436707E+000
 0.4343434   0.5284604753E+000   0.9724023870E+000   0.1000725392E+001   0.1007326598E+001
 0.4444444   0.5867350307E+000   0.9889674118E+000   0.1021108034E+001   0.1003121041E+001
 0.4545455   0.6524484353E+000   0.9779680769E+000   0.1057722352E+001   0.9977887685E+000
 0.4646465   0.7357647011E+000   0.1006527174E+001   0.1090253844E+001   0.1011227192E+001
 0.4747475   0.8121606365E+000   0.9864607606E+000   0.1113194285E+001   0.9964136996E+000
 0.4848485   0.8980707070E+000   0.9896628479E+000   0.1152577230E+001   0.1003310958E+001
 0.4949495   0.1015085764E+001   0.1019280505E+001   0.1202139277E+001   0.1026676174E+001
 0.5050505   0.1074364944E+001   0.9878934471E+000   0.1221282160E+001   0.1022297136E+001
 0.5151515   0.1072236667E+001   0.1001476459E+001   0.1219237288E+001   0.1011267366E+001
 0.5252525   0.1076201954E+001   0.9940137253E+000   0.1213900664E+001   0.9981722539E+000
 0.5353535   0.1081630365E+001   0.1005510429E+001   0.1220378873E+001   0.9985319997E+000
 0.5454545   0.1086872592E+001   0.9982193534E+000   0.1224862007E+001   0.1010091345E+001
 0.5555556   0.1083826898E+001   0.9957897284E+000   0.1233122301E+001   0.1029669186E+001
 0.5656566   0.1084510357E+001   0.9942139933E+000   0.1221481687E+001   0.1015498488E+001
 0.5757576   0.1100879940E+001   0.9789077960E+000   0.1222526963E+001   0.1019305950E+001
 0.5858586   0.1120187550E+001   0.1008826955E+001   0.1220035636E+001   0.9876921465E+000
 0.5959596   0.1132048331E+001   0.9924269865E+000   0.1220045956E+001   0.1001167092E+001
 0.6060606   0.1144681049E+001   0.9989962172E+000   0.1228933202E+001   0.1010058474E+001
 0.6161616   0.1148232671E+001   0.9961440487E+000   0.1221324521E+001   0.1008484358E+001
 0.6262626   0.1162084623E+001   0.9817599645E+000   0.1221582587E+001   0.9909882946E+000
 0.6363636   0.1168615618E+001   0.9961176397E+000   0.1238283102E+001   0.1014285944E+001
 0.6464646   0.1199793590E+001   0.9990424329E+000   0.1229194230E+001   0.1000856652E+001
 0.6565657   0.1228268703E+001   0.1004564108E+001   0.1243150584E+001   0.1019468475E+001
 0.6666667   0.1251024893E+001   0.1021413029E+001   0.1236554222E+001   0.1002416159E+001
 0.6767677   0.1266624261E+001   0.1015842938E+001   0.1267702531E+001   0.1018047753E+001
 0.6868687   0.1288211941E+001   0.1007495503E+001   0.1249191950E+001   0.9967131834E+000
 0.6969697   0.1304032692E+001   0.1000880057E+001   0.1260070904E+001   0.1020182488E+001
 0.7070707   0.1326069879E+001   0.9977549957E+000   0.1258165041E+001   0.1014936043E+001
 0.7171717   0.1366304434E+001   0.1012658456E+001   0.1268309185E+001   0.1017089040E+001
 0.7272727   0.1391491083E+001   0.9964719600E+000   0.1275488030E+001   0.1017492612E+001
 0.7373737   0.1431087666E+001   0.1017931447E+001   0.1289450871E+001   0.1028436554E+001
 0.7474747   0.1469137037E+001   0.9985230565E+000   0.1282480499E+001   0.1015863713E+001
 0.7575758   0.1487864538E+001   0.9994517718E+000   0.1286237511E+001   0.1025408846E+001
 0.7676768   0.1551679814E+001   0.1009005216E+001   0.1301843029E+001   0.1019081337E+001
 0.7777778   0.1573037710E+001   0.9974799023E+000   0.1291186687E+001   0.1004455936E+001
 0.7878788   0.1618776258E+001   0.9847881927E+000   0.1300356516E+001   0.9946441885E+000
 0.7979798   0.1683953893E+001   0.9968614923E+000   0.1301923909E+001   0.1002138588E+001
 0.8080808   0.1710154652E+001   0.9906267752E+000   0.1300327734E+001   0.9992496652E+000
 0.8181818   0.1780852110E+001   0.1010316861E+001   0.1325286966E+001   0.1008732711E+001
 0.8282828   0.1860277911E+001   0.1010682185E+001   0.1339119577E+001   0.1010891185E+001
 0.8383838   0.1899778715E+001   0.1001650318E+001   0.1344169826E+001   0.1013676020E+001
 0.8484848   0.1948978900E+001   0.1010365278E+001   0.1351296469E+001   0.1024532308E+001
 0.8585859   0.2022414276E+001   0.9978210181E+000   0.1359261588E+001   0.1015129612E+001
 0.8686869   0.2107745061E+001   0.1002389769E+001   0.1365326750E+001   0.1017151128E+001
 0.8787879   0.2189006586E+001   0.1006731844E+001   0.1368471187E+001   0.1013287056E+001
 0.8888889   0.2271232774E+001   0.1021718933E+001   0.1369926710E+001   0.1019194557E+001
 0.8989899   0.2345090412E+001   0.9991590725E+000   0.1378118467E+001   0.1004461414E+001
 0.9090909   0.2451280716E+001   0.1016104827E+001   0.1398467391E+001   0.1025721113E+001
 0.9191919   0.2531119897E+001   0.1004473877E+001   0.1402914011E+001   0.1014161768E+001
 0.9292929   0.2639080756E+001   0.1009722659E+001   0.1417757293E+001   0.1025929291E+001
 0.9393939   0.2761217012E+001   0.1003549563E+001   0.1419437243E+001   0.1004196627E+001
 0.9494949   0.2868971477E+001   0.9988069529E+000   0.1437308947E+001   0.1016899123E+001
 0.9595960   0.3020272687E+001   0.1015305955E+001   0.1440421378E+001   0.1012268081E+001
 0.9696970   0.3164886069E+001   0.1011236774E+001   0.1450155749E+001   0.1004421239E+001
 0.9797980   0.3316877529E+001   0.9982633683E+000   0.1475038125E+001   0.1013208533E+001
 0.9898990   0.3474126699E+001   0.1004773179E+001   0.1475201813E+001   0.1012441562E+001
 1.0000000   0.3554191842E+001   0.1004803989E+001   0.1489841884E+001   0.1018411151E+001


 0.0000000   0.9812392852E+000   0.1017046398E+001   0.8014955424E+000   0.9686513607E+000
 0.0101010   0.9753622251E+000   0.1029883217E+001   0.7961074548E+000   0.9843280215E+000
 0.0202020   0.9551268242E+000   0.1019701241E+001   0.7867815873E+000   0.9631818578E+000
 0.0303030   0.9411835978E+000   0.1034420387E+001   0.7896249749E+000   0.1000177966E+001
 0.0404040   0.9209025184E+000   0.1026640827E+001   0.7953738430E+000   0.9806024181E+000
 0.0505051   0.8821743516E+000   0.1068559056E+001   0.7791094339E+000   0.1011638667E+001
 0.0606061   0.8349368578E+000   0.9706715147E+000   0.7821613091E+000   0.9496915234E+000
 0.0707071   0.7944201445E+000   0.1029106349E+001   0.7762875379E+000   0.9817324502E+000
 0.0808081   0.7362921997E+000   0.1004209580E+001   0.7587647527E+000   0.9748766763E+000
 0.0909091   0.6959877264E+000   0.1016204247E+001   0.7648324158E+000   0.9674641818E+000
 0.1010101   0.6516544187E+000   0.1029069355E+001   0.7667931146E+000   0.9845289571E+000
 0.1111111   0.6025661964E+000   0.1024549594E+001   0.7582709448E+000   0.9827721535E+000
 0.1212121   0.5597612329E+000   0.9946673780E+000   0.7548689730E+000   0.9564330037E+000
 0.1313131   0.5184176184E+000   0.1005406435E+001   0.7551950201E+000   0.1009505801E+001
 0.1414141   0.4924689917E+000   0.1007245241E+001   0.7591443723E+000   0.9679010784E+000
 0.1515152   0.4577641864E+000   0.9886983335E+000   0.7578448797E+000   0.9729373716E+000
 0.1616162   0.4433130588E+000   0.1003715605E+001   0.7608062300E+000   0.9868166730E+000
 0.1717172   0.4230130433E+000   0.9894447361E+000   0.7533989709E+000   0.9796051141E+000
 0.1818182   0.4089911251E+000   0.9957880699E+000   0.7463075422E+000   0.9725576218E+000
 0.1919192   0.4031516983E+000   0.9987410387E+000   0.7605256990E+000   0.9529175530E+000
 0.2020202   0.4021512098E+000   0.9823745847E+000   0.7707673890E+000   0.9503293555E+000
 0.2121212   0.4034448896E+000   0.9837498804E+000   0.7734566069E+000   0.9541545050E+000
 0.2222222   0.3999635237E+000   0.9506883812E+000   0.7822094743E+000   0.9680743622E+000
 0.2323232   0.4111833192E+000   0.9927088873E+000   0.7894144637E+000   0.9872130138E+000
 0.2424242   0.4183340832E+000   0.9677707723E+000   0.7971348458E+000   0.9737724524E+000
 0.2525253   0.4281990797E+000   0.1000403580E+001   0.8103132410E+000   0.9871484932E+000
 0.2626263   0.4360090578E+000   0.9733176532E+000   0.8057188860E+000   0.9736544719E+000
 0.2727273   0.4469132572E+000   0.9919080822E+000   0.8134545469E+000   0.9594857495E+000
 0.2828283   0.4666175299E+000   0.9998704350E+000   0.8291790642E+000   0.1014731969E+001
 0.2929293   0.4865306740E+000   0.9985691267E+000   0.8370319741E+000   0.9454626593E+000
 0.3030303   0.4931901130E+000   0.9919516042E+000   0.8550488100E+000   0.9664134178E+000
 0.3131313   0.5133881441E+000   0.9566596017E+000   0.8666371942E+000   0.9954145030E+000
 0.3232323   0.5366955651E+000   0.9776742070E+000   0.8794495426E+000   0.9909754861E+000
 0.3333333   0.5572919107E+000   0.9662583823E+000   0.8853696477E+000   0.9868904108E+000
 0.3434343   0.5835442031E+000   0.1001176095E+001   0.8872952816E+000   0.9770519420E+000
 0.3535354   0.6047881831E+000   0.9753958295E+000   0.9207830439E+000   0.1005260346E+001
 0.3636364   0.6416973275E+000   0.9804596160E+000   0.9211041776E+000   0.9857364139E+000
 0.3737374   0.6643334894E+000   0.9806881066E+000   0.9429930898E+000   0.9960855171E+000
 0.3838384   0.7091235625E+000   0.9854211258E+000   0.9484638370E+000   0.1013703326E+001
 0.3939394   0.7333029149E+000   0.9535151361E+000   0.9545022682E+000   0.9726626982E+000
 0.4040404   0.7731436718E+000   0.9775632258E+000   0.9630284262E+000   0.9698661913E+000
 0.4141414   0.8227880080E+000   0.1021030839E+001   0.9931520595E+000   0.9798871612E+000
 0.4242424   0.8709451766E+000   0.1019450990E+001   0.1007542845E+001   0.1005197668E+001
 0.4343434   0.9149284898E+000   0.1007414976E+001   0.1028083185E+001   0.1005382013E+001
 0.4444444   0.9575396223E+000   0.1018140977E+001   0.1039470959E+001   0.1010744596E+001
 0.4545455   0.1014766347E+001   0.9979250009E+000   0.1058802676E+001   0.1000662792E+001
 0.4646465   0.1066543279E+001   0.9784750121E+000   0.1073844592E+001   0.9777985374E+000
 0.4747475   0.1154260406E+001   0.1012668084E+001   0.1093866045E+001   0.9952817749E+000
 0.4848485   0.1221230977E+001   0.1009245077E+001   0.1100825716E+001   0.9941517428E+000
 0.4949495   0.1280937262E+001   0.9846768993E+000   0.1116324840E+001   0.9878895583E+000
 0.5050505   0.1341911894E+001   0.1006479253E+001   0.1139346684E+001   0.1001639819E+001
 0.5151515   0.1300874424E+001   0.9848118176E+000   0.1150111835E+001   0.1053840666E+001
 0.5252525   0.1301360059E+001   0.9820111758E+000   0.1123787848E+001   0.9891652226E+000
 0.5353535   0.1315826245E+001   0.1011749769E+001   0.1141376588E+001   0.1001064664E+001
 0.5454545   0.1307396991E+001   0.9963516800E+000   0.1131359627E+001   0.9894638608E+000
 0.5555556   0.1318044700E+001   0.9909310129E+000   0.1151647680E+001   0.1014540250E+001
 0.5656566   0.1309590032E+001   0.9892097172E+000   0.1131075296E+001   0.9961297598E+000
 0.5757576   0.1313683075E+001   0.9783313894E+000   0.1147874614E+001   0.1028025054E+001
 0.5858586   0.1314592552E+001   0.1000614661E+001   0.1132513971E+001   0.1000640671E+001
 0.5959596   0.1323396141E+001   0.9946826107E+000   0.1136369440E+001   0.1001355928E+001
 0.6060606   0.1328966130E+001   0.9918689124E+000   0.1140868844E+001   0.9934143646E+000
 0.6161616   0.1320046137E+001   0.9972569379E+000   0.1147131167E+001   0.9939139383E+000
 0.6262626   0.1332672331E+001   0.9987671519E+000   0.1135291648E+001   0.1011550182E+001
 0.6363636   0.1323376044E+001   0.1000344825E+001   0.1143699828E+001   0.1037627562E+001
 0.6464646   0.1344400100E+001   0.1026399280E+001   0.1141640727E+001   0.1009662494E+001
 0.6565657   0.1314579990E+001   0.9678491120E+000   0.1154564754E+001   0.1037116928E+001
 0.6666667   0.1320680950E+001   0.9997420450E+000   0.1137846252E+001   0.1030757041E+001
 0.6767677   0.1308899054E+001   0.1010296134E+001   0.1145269024E+001   0.9965795605E+000
 0.6868687   0.1313788427E+001   0.1006396561E+001   0.1128061780E+001   0.1028767963E+001
 0.6969697   0.1323678446E+001   0.1004747077E+001   0.1140857949E+001   0.1014695100E+001
 0.7070707   0.1311137522E+001   0.1010766172E+001   0.1144828546E+001   0.1019464093E+001
 0.7171717   0.1324004242E+001   0.1012870461E+001   0.1140587671E+001   0.1029000237E+001
 0.7272727   0.1315196631E+001   0.1017048575E+001   0.1141916479E+001   0.1033854029E+001
 0.7373737   0.1319166810E+001   0.1020123405E+001   0.1141603699E+001   0.1038130823E+001
 0.7474747   0.1321090329E+001   0.9936816043E+000   0.1148499885E+001   0.1016330236E+001
 0.7575758   0.1311976828E+001   0.1006692511E+001   0.1139931885E+001   0.1030063905E+001
 0.7676768   0.1311182917E+001   0.1007269178E+001   0.1134816670E+001   0.1022974014E+001
 0.7777778   0.1320347436E+001   0.1008352876E+001   0.1148120259E+001   0.1013871080E+001
 0.7878788   0.1321101080E+001   0.9919233149E+000   0.1146642544E+001   0.1021283574E+001
 0.7979798   0.1322240931E+001   0.9941646987E+000   0.1142999282E+001   0.1009544513E+001
 0.8080808   0.1315127232E+001   0.9929482584E+000   0.1142227826E+001   0.1010611868E+001
 0.8181818   0.1326750109E+001   0.9838847986E+000   0.1139017892E+001   0.9989852570E+000
 0.8282828   0.1329881041E+001   0.1033360626E+001   0.1145421928E+001   0.1042464763E+001
 0.8383838   0.1318848941E+001   0.9965562335E+000   0.1137235843E+001   0.1015266568E+001
 0.8484848   0.1318577149E+001   0.1019168097E+001   0.1138541115E+001   0.1025866380E+001
 0.8585859   0.1316383175E+001   0.1002514397E+001   0.1144178877E+001   0.1019563639E+001
 0.8686869   0.1311797341E+001   0.1015074851E+001   0.1148550964E+001   0.1045570969E+001
 0.8787879   0.1310603114E+001   0.9964887743E+000   0.1136506204E+001   0.1017449207E+001
 0.8888889   0.1312779287E+001   0.1000325240E+001   0.1144587410E+001   0.1024236774E+001
 0.8989899   0.1316870036E+001   0.9953767868E+000   0.1145772971E+001   0.1036197049E+001
 0.9090909   0.1322361763E+001   0.1020393241E+001   0.1136432120E+001   0.1026249816E+001
 0.9191919   0.1322050845E+001   0.1025204600E+001   0.1135732371E+001   0.1020925946E+001
 0.9292929   0.1314945525E+001   0.1010050234E+001   0.1134961894E+001   0.1026777042E+001
 0.9393939   0.1329026670E+001   0.1004392372E+001   0.1156957561E+001   0.1022651411E+001
 0.9494949   0.1313796671E+001   0.1013965040E+001   0.1139304461E+001   0.1028095105E+001
 0.9595960   0.1313269440E+001   0.1003654674E+001   0.1127273149E+001   0.1017351505E+001
 0.9696970   0.1316776147E+001   0.1003347844E+001   0.1148843504E+001   0.1034725979E+001
 0.9797980   0.1320254592E+001   0.9994482714E+000   0.1133694014E+001   0.1005323023E+001
 0.9898990   0.1327024620E+001   0.1013732197E+001   0.1149461371E+001   0.1030532140E+001
 1.0000000   0.1295155274E+001   0.9774587730E+000   0.1135692727E+001   0.1007284449E+001


