#   100 bins for weightfunction of cd                      
 0.0000000    0.3199406433E+001    0.1828120422E+001
 0.0101010    0.3206248474E+001    0.1826695251E+001
 0.0202020    0.3181987000E+001    0.1797541809E+001
 0.0303030    0.3234228516E+001    0.1808291626E+001
 0.0404040    0.3253216553E+001    0.1809788513E+001
 0.0505051    0.3342358398E+001    0.1840841675E+001
 0.0606061    0.3354061890E+001    0.1809887695E+001
 0.0707071    0.3452075195E+001    0.1812918091E+001
 0.0808081    0.3498580933E+001    0.1794720459E+001
 0.0909091    0.3611798096E+001    0.1812629700E+001
 0.1010101    0.3672476196E+001    0.1813357544E+001
 0.1111111    0.3717271423E+001    0.1810105896E+001
 0.1212121    0.3790464783E+001    0.1804379272E+001
 0.1313131    0.3815129089E+001    0.1788377380E+001
 0.1414141    0.3850808716E+001    0.1792352295E+001
 0.1515152    0.3883839417E+001    0.1782640076E+001
 0.1616162    0.3876502991E+001    0.1776982117E+001
 0.1717172    0.3873298645E+001    0.1762689209E+001
 0.1818182    0.3866226196E+001    0.1736824036E+001
 0.1919192    0.3824276733E+001    0.1710823059E+001
 0.2020202    0.3827189636E+001    0.1714642334E+001
 0.2121212    0.3741735840E+001    0.1710632324E+001
 0.2222222    0.3684921265E+001    0.1670350647E+001
 0.2323232    0.3640312195E+001    0.1685112000E+001
 0.2424242    0.3579475403E+001    0.1611624146E+001
 0.2525253    0.3541580200E+001    0.1600709534E+001
 0.2626263    0.3451463318E+001    0.1560844421E+001
 0.2727273    0.3374729919E+001    0.1538685608E+001
 0.2828283    0.3290959167E+001    0.1494941711E+001
 0.2929293    0.3229417419E+001    0.1478204346E+001
 0.3030303    0.3112626648E+001    0.1478993225E+001
 0.3131313    0.3074563599E+001    0.1441337585E+001
 0.3232323    0.2964511108E+001    0.1421330261E+001
 0.3333333    0.2876564026E+001    0.1384777832E+001
 0.3434343    0.2769076538E+001    0.1376242065E+001
 0.3535354    0.2715075684E+001    0.1378950500E+001
 0.3636364    0.2581248474E+001    0.1272569275E+001
 0.3737374    0.2512066650E+001    0.1288574219E+001
 0.3838384    0.2374787903E+001    0.1241627502E+001
 0.3939394    0.2317272949E+001    0.1237631226E+001
 0.4040404    0.2229968262E+001    0.1165928650E+001
 0.4141414    0.2108242798E+001    0.1205343628E+001
 0.4242424    0.2008009338E+001    0.1136886597E+001
 0.4343434    0.1887197876E+001    0.1104374695E+001
 0.4444444    0.1789007568E+001    0.1094367981E+001
 0.4545455    0.1669351196E+001    0.1050489807E+001
 0.4646465    0.1577023315E+001    0.1036190796E+001
 0.4747475    0.1467306519E+001    0.9866775513E+000
 0.4848485    0.1357887268E+001    0.9359024048E+000
 0.4949495    0.1247634888E+001    0.9109039307E+000
 0.5050505    0.1204559326E+001    0.9134552002E+000
 0.5151515    0.1184034729E+001    0.8964996338E+000
 0.5252525    0.1193666077E+001    0.8775634766E+000
 0.5353535    0.1173620605E+001    0.8835708618E+000
 0.5454545    0.1166642761E+001    0.9023925781E+000
 0.5555556    0.1187509155E+001    0.9109100342E+000
 0.5656566    0.1173298645E+001    0.8691864014E+000
 0.5757576    0.1165898132E+001    0.9011398315E+000
 0.5858586    0.1117437744E+001    0.8792358398E+000
 0.5959596    0.1133975220E+001    0.9242446899E+000
 0.6060606    0.1096350098E+001    0.8830581665E+000
 0.6161616    0.1110453796E+001    0.9188964844E+000
 0.6262626    0.1102310181E+001    0.8969299316E+000
 0.6363636    0.1107777405E+001    0.8970016479E+000
 0.6464646    0.1078987122E+001    0.8626358032E+000
 0.6565657    0.1052435303E+001    0.8959259033E+000
 0.6666667    0.1057438660E+001    0.8784378052E+000
 0.6767677    0.1022270203E+001    0.8640548706E+000
 0.6868687    0.1029153442E+001    0.8771377563E+000
 0.6969697    0.9719589233E+000    0.8643661499E+000
 0.7070707    0.9714553833E+000    0.8737442017E+000
 0.7171717    0.9360900879E+000    0.8593505859E+000
 0.7272727    0.8910049438E+000    0.8441741943E+000
 0.7373737    0.9047164917E+000    0.8374359131E+000
 0.7474747    0.8745941162E+000    0.8615707397E+000
 0.7575758    0.8514083862E+000    0.8372253418E+000
 0.7676768    0.8283050537E+000    0.8181076050E+000
 0.7777778    0.7992279053E+000    0.8347869873E+000
 0.7878788    0.7620849609E+000    0.8335403442E+000
 0.7979798    0.7545761108E+000    0.8378417969E+000
 0.8080808    0.7273147583E+000    0.8378723145E+000
 0.8181818    0.6911407471E+000    0.8158432007E+000
 0.8282828    0.6455795288E+000    0.8047851562E+000
 0.8383838    0.6025863647E+000    0.7864120483E+000
 0.8484848    0.5983123779E+000    0.7968978882E+000
 0.8585859    0.5530578613E+000    0.8066848755E+000
 0.8686869    0.5127090454E+000    0.7831344604E+000
 0.8787879    0.4759536743E+000    0.7842407227E+000
 0.8888889    0.4213302612E+000    0.7569610596E+000
 0.8989899    0.4010147095E+000    0.7724609375E+000
 0.9090909    0.3505783081E+000    0.7332855225E+000
 0.9191919    0.3400543213E+000    0.7678390503E+000
 0.9292929    0.2714965820E+000    0.7463211060E+000
 0.9393939    0.2397354126E+000    0.7423736572E+000
 0.9494949    0.1956863403E+000    0.7530273437E+000
 0.9595960    0.1654449463E+000    0.7289581299E+000
 0.9696970    0.1086746216E+000    0.7381851196E+000
 0.9797980    0.7525939941E-001    0.7177261353E+000
 0.9898990    0.1168518066E-001    0.6896697998E+000
 1.0000000    0.0000000000E+000    0.7062042236E+000


#   100 bins for weightfunction of Ar                      
 0.0000000    0.1776066589E+001    0.4215850830E+000
 0.0101010    0.1790431213E+001    0.4173919678E+000
 0.0202020    0.1806489563E+001    0.4148468018E+000
 0.0303030    0.1826983643E+001    0.4353820801E+000
 0.0404040    0.1876551819E+001    0.4433761597E+000
 0.0505051    0.1875390625E+001    0.4147399902E+000
 0.0606061    0.1944810486E+001    0.4444671631E+000
 0.0707071    0.1975984192E+001    0.4236221313E+000
 0.0808081    0.2075587463E+001    0.4559280396E+000
 0.0909091    0.2137696838E+001    0.4575210571E+000
 0.1010101    0.2174578857E+001    0.4492385864E+000
 0.1111111    0.2276174927E+001    0.4582382202E+000
 0.1212121    0.2314317322E+001    0.4309020996E+000
 0.1313131    0.2367672729E+001    0.4517440796E+000
 0.1414141    0.2463912964E+001    0.4705856323E+000
 0.1515152    0.2486195374E+001    0.4833679199E+000
 0.1616162    0.2560804749E+001    0.4895828247E+000
 0.1717172    0.2585691833E+001    0.4453201294E+000
 0.1818182    0.2615971375E+001    0.4483596802E+000
 0.1919192    0.2622210693E+001    0.4363098145E+000
 0.2020202    0.2645063782E+001    0.4338775635E+000
 0.2121212    0.2659309387E+001    0.4483871460E+000
 0.2222222    0.2628210449E+001    0.3780624390E+000
 0.2323232    0.2631797791E+001    0.3993194580E+000
 0.2424242    0.2597886658E+001    0.3973632813E+000
 0.2525253    0.2584977722E+001    0.3881790161E+000
 0.2626263    0.2557492065E+001    0.3321685791E+000
 0.2727273    0.2522062683E+001    0.3624069214E+000
 0.2828283    0.2469519043E+001    0.3540557861E+000
 0.2929293    0.2451043701E+001    0.3389358521E+000
 0.3030303    0.2432188416E+001    0.3120239258E+000
 0.3131313    0.2366534424E+001    0.3134307861E+000
 0.3232323    0.2355178833E+001    0.2848373413E+000
 0.3333333    0.2315945435E+001    0.2689041138E+000
 0.3434343    0.2250500488E+001    0.2804412842E+000
 0.3535354    0.2247625732E+001    0.2733474731E+000
 0.3636364    0.2165856934E+001    0.2243301392E+000
 0.3737374    0.2147468567E+001    0.2336914062E+000
 0.3838384    0.2049327087E+001    0.2144607544E+000
 0.3939394    0.2002740479E+001    0.1936996460E+000
 0.4040404    0.2021084595E+001    0.2095138550E+000
 0.4141414    0.1909960937E+001    0.1686355591E+000
 0.4242424    0.1819721985E+001    0.1473464966E+000
 0.4343434    0.1843882751E+001    0.1206207275E+000
 0.4444444    0.1754739380E+001    0.1485885620E+000
 0.4545455    0.1676943970E+001    0.9444885254E-001
 0.4646465    0.1609913635E+001    0.8846588135E-001
 0.4747475    0.1580526733E+001    0.6517181396E-001
 0.4848485    0.1525776672E+001    0.5090484619E-001
 0.4949495    0.1476657104E+001    0.3752441406E-001
 0.5050505    0.1456994629E+001    0.1556701660E-001
 0.5151515    0.1427001953E+001    0.4221343994E-001
 0.5252525    0.1423934937E+001    0.2142639160E-001
 0.5353535    0.1439549255E+001    0.3430480957E-001
 0.5454545    0.1422679138E+001    0.2574768066E-001
 0.5555556    0.1426997375E+001    0.2088928223E-001
 0.5656566    0.1410359192E+001    0.4716949463E-001
 0.5757576    0.1448165894E+001    0.2796936035E-001
 0.5858586    0.1457514954E+001    0.2022705078E-001
 0.5959596    0.1460800171E+001    0.3967895508E-001
 0.6060606    0.1430326843E+001    0.1938781738E-001
 0.6161616    0.1426850891E+001    0.1051025391E-001
 0.6262626    0.1441831970E+001    0.3360443115E-001
 0.6363636    0.1429615784E+001    0.1005401611E-001
 0.6464646    0.1440917969E+001    0.2924346924E-001
 0.6565657    0.1463908386E+001    0.5468902588E-001
 0.6666667    0.1443914795E+001    0.2122802734E-001
 0.6767677    0.1453074646E+001    0.3853912354E-001
 0.6868687    0.1423701477E+001    0.2565460205E-001
 0.6969697    0.1441818237E+001    0.4348754883E-003
 0.7070707    0.1425053406E+001    0.1606750488E-001
 0.7171717    0.1451322937E+001    0.2386322021E-001
 0.7272727    0.1451724243E+001    0.2985229492E-001
 0.7373737    0.1437551880E+001    0.1598510742E-001
 0.7474747    0.1442131042E+001    0.2491912842E-001
 0.7575758    0.1454129028E+001    0.2916870117E-001
 0.7676768    0.1430235291E+001    0.2000274658E-001
 0.7777778    0.1445529175E+001    0.2416687012E-001
 0.7878788    0.1441612244E+001    0.2575225830E-001
 0.7979798    0.1452142334E+001    0.3419952393E-001
 0.8080808    0.1451565552E+001    0.1556396484E-001
 0.8181818    0.1459915161E+001    0.3536376953E-001
 0.8282828    0.1449761963E+001    0.2136688232E-001
 0.8383838    0.1446672058E+001    0.3128967285E-001
 0.8484848    0.1449118042E+001    0.2949829102E-001
 0.8585859    0.1456364441E+001    0.3580169678E-001
 0.8686869    0.1447225952E+001    0.2795715332E-001
 0.8787879    0.1451225281E+001    0.3231353760E-001
 0.8888889    0.1415043640E+001    0.0000000000E+000
 0.8989899    0.1462350464E+001    0.4037475586E-001
 0.9090909    0.1439929199E+001    0.1681518555E-001
 0.9191919    0.1460031128E+001    0.5341644287E-001
 0.9292929    0.1421821594E+001    0.7804870605E-002
 0.9393939    0.1430427551E+001    0.1917114258E-001
 0.9494949    0.1457548523E+001    0.4283294678E-001
 0.9595960    0.1450091553E+001    0.1586608887E-001
 0.9696970    0.1462800598E+001    0.4165039062E-001
 0.9797980    0.1458200073E+001    0.2631225586E-001
 0.9898990    0.1456925964E+001    0.2214813232E-001
 1.0000000    0.1474946594E+001    0.6042327881E-001


