#   100 bins for weightfunction of cd                      
 0.0000000    0.3330606079E+001    0.1058099365E+001
 0.0101010    0.3306063843E+001    0.1041325378E+001
 0.0202020    0.3366653442E+001    0.1086914062E+001
 0.0303030    0.3367468262E+001    0.1057626343E+001
 0.0404040    0.3457196045E+001    0.1074349976E+001
 0.0505051    0.3479248047E+001    0.1065902710E+001
 0.0606061    0.3565791321E+001    0.1048292542E+001
 0.0707071    0.3673197937E+001    0.1068849182E+001
 0.0808081    0.3763333130E+001    0.1094468689E+001
 0.0909091    0.3834228516E+001    0.1071652222E+001
 0.1010101    0.3938812256E+001    0.1080906677E+001
 0.1111111    0.4064624023E+001    0.1071073914E+001
 0.1212121    0.4103799438E+001    0.1050444031E+001
 0.1313131    0.4200238037E+001    0.1059277344E+001
 0.1414141    0.4201531982E+001    0.1052693176E+001
 0.1515152    0.4238357544E+001    0.1038534546E+001
 0.1616162    0.4303897095E+001    0.1058741760E+001
 0.1717172    0.4298779297E+001    0.1050151062E+001
 0.1818182    0.4265377808E+001    0.1038963318E+001
 0.1919192    0.4271890259E+001    0.1004869080E+001
 0.2020202    0.4227621460E+001    0.9860626221E+000
 0.2121212    0.4202763367E+001    0.9935333252E+000
 0.2222222    0.4171199036E+001    0.9906799316E+000
 0.2323232    0.4074395752E+001    0.1004064941E+001
 0.2424242    0.4045027161E+001    0.9637664795E+000
 0.2525253    0.3971485901E+001    0.9729461670E+000
 0.2626263    0.3901165771E+001    0.9822418213E+000
 0.2727273    0.3801593018E+001    0.9617477417E+000
 0.2828283    0.3690664673E+001    0.9137329102E+000
 0.2929293    0.3614234924E+001    0.9212799072E+000
 0.3030303    0.3562713623E+001    0.9144256592E+000
 0.3131313    0.3472952271E+001    0.8938781738E+000
 0.3232323    0.3377732849E+001    0.8942169189E+000
 0.3333333    0.3268765259E+001    0.8747573853E+000
 0.3434343    0.3184353638E+001    0.8674957275E+000
 0.3535354    0.3096475220E+001    0.8498947144E+000
 0.3636364    0.2982437134E+001    0.8651031494E+000
 0.3737374    0.2878274536E+001    0.8242660522E+000
 0.3838384    0.2733093262E+001    0.8046569824E+000
 0.3939394    0.2665603638E+001    0.7745086670E+000
 0.4040404    0.2523744202E+001    0.7726486206E+000
 0.4141414    0.2427043152E+001    0.7480224609E+000
 0.4242424    0.2331390381E+001    0.7443756104E+000
 0.4343434    0.2223739624E+001    0.7472259521E+000
 0.4444444    0.2082723999E+001    0.7234786987E+000
 0.4545455    0.2008648682E+001    0.6859939575E+000
 0.4646465    0.1852478027E+001    0.6668838501E+000
 0.4747475    0.1728715515E+001    0.6902832031E+000
 0.4848485    0.1631680298E+001    0.6788894653E+000
 0.4949495    0.1512765503E+001    0.6380767822E+000
 0.5050505    0.1441902161E+001    0.6327117920E+000
 0.5151515    0.1417230225E+001    0.6437850952E+000
 0.5252525    0.1410017395E+001    0.6383224487E+000
 0.5353535    0.1442881775E+001    0.6300186157E+000
 0.5454545    0.1419107056E+001    0.6321166992E+000
 0.5555556    0.1410966492E+001    0.6432769775E+000
 0.5656566    0.1395257568E+001    0.6460647583E+000
 0.5757576    0.1409014893E+001    0.6375396729E+000
 0.5858586    0.1392507935E+001    0.6237701416E+000
 0.5959596    0.1360002136E+001    0.6217132568E+000
 0.6060606    0.1380335999E+001    0.6313125610E+000
 0.6161616    0.1346032715E+001    0.6289825439E+000
 0.6262626    0.1344085693E+001    0.6253402710E+000
 0.6363636    0.1305308533E+001    0.5988281250E+000
 0.6464646    0.1290518188E+001    0.6243682861E+000
 0.6565657    0.1254051208E+001    0.6151062012E+000
 0.6666667    0.1256219482E+001    0.6081863403E+000
 0.6767677    0.1220339966E+001    0.5964965820E+000
 0.6868687    0.1188153076E+001    0.6214599609E+000
 0.6969697    0.1209327698E+001    0.6407348633E+000
 0.7070707    0.1162353516E+001    0.6228317261E+000
 0.7171717    0.1139671326E+001    0.5897628784E+000
 0.7272727    0.1114187622E+001    0.6048980713E+000
 0.7373737    0.1099829102E+001    0.6177276611E+000
 0.7474747    0.1069094849E+001    0.5896362305E+000
 0.7575758    0.1006616211E+001    0.5846923828E+000
 0.7676768    0.9949142456E+000    0.6032943726E+000
 0.7777778    0.9409118652E+000    0.5708740234E+000
 0.7878788    0.9061340332E+000    0.5649230957E+000
 0.7979798    0.8633468628E+000    0.5540176392E+000
 0.8080808    0.8512527466E+000    0.5680786133E+000
 0.8181818    0.8132141113E+000    0.5656204224E+000
 0.8282828    0.7903503418E+000    0.5616058350E+000
 0.8383838    0.7626541138E+000    0.5774429321E+000
 0.8484848    0.7100051880E+000    0.5646057129E+000
 0.8585859    0.6585540771E+000    0.5478988647E+000
 0.8686869    0.5877471924E+000    0.5175720215E+000
 0.8787879    0.5769729614E+000    0.5369064331E+000
 0.8888889    0.5227005005E+000    0.5428039551E+000
 0.8989899    0.5001312256E+000    0.5567077637E+000
 0.9090909    0.4257995605E+000    0.5338760376E+000
 0.9191919    0.3841461182E+000    0.5109451294E+000
 0.9292929    0.3305160522E+000    0.5142913818E+000
 0.9393939    0.2996414185E+000    0.5290527344E+000
 0.9494949    0.2376312256E+000    0.5067687988E+000
 0.9595960    0.1841323853E+000    0.5009033203E+000
 0.9696970    0.1044586182E+000    0.4736907959E+000
 0.9797980    0.8149871826E-001    0.4938156128E+000
 0.9898990    0.3443298340E-001    0.4871368408E+000
 1.0000000    0.0000000000E+000    0.4894485474E+000


#   100 bins for weightfunction of Ar                      
 0.0000000    0.2443852234E+001    0.1922546387E+000
 0.0101010    0.2478175354E+001    0.2253265381E+000
 0.0202020    0.2469924927E+001    0.2169204712E+000
 0.0303030    0.2498570251E+001    0.2119110107E+000
 0.0404040    0.2543229675E+001    0.2206665039E+000
 0.0505051    0.2588621521E+001    0.2193267822E+000
 0.0606061    0.2648010254E+001    0.2210494995E+000
 0.0707071    0.2706982422E+001    0.2304199219E+000
 0.0808081    0.2776412964E+001    0.2208465576E+000
 0.0909091    0.2874804688E+001    0.2195373535E+000
 0.1010101    0.2956658936E+001    0.2242034912E+000
 0.1111111    0.3032275391E+001    0.2183609009E+000
 0.1212121    0.3121679688E+001    0.2322982788E+000
 0.1313131    0.3214929199E+001    0.2337234497E+000
 0.1414141    0.3316139221E+001    0.2307495117E+000
 0.1515152    0.3399310303E+001    0.2354385376E+000
 0.1616162    0.3444934082E+001    0.2194808960E+000
 0.1717172    0.3487861633E+001    0.2283737183E+000
 0.1818182    0.3563578796E+001    0.2201446533E+000
 0.1919192    0.3542709351E+001    0.2289352417E+000
 0.2020202    0.3602223206E+001    0.2115447998E+000
 0.2121212    0.3582183838E+001    0.2170669556E+000
 0.2222222    0.3553663635E+001    0.1921279907E+000
 0.2323232    0.3572061157E+001    0.2083633423E+000
 0.2424242    0.3551280212E+001    0.2080902100E+000
 0.2525253    0.3541911316E+001    0.1941696167E+000
 0.2626263    0.3486286926E+001    0.1651733398E+000
 0.2727273    0.3500857544E+001    0.1829345703E+000
 0.2828283    0.3446377563E+001    0.1686096191E+000
 0.2929293    0.3399890137E+001    0.1875991821E+000
 0.3030303    0.3375724792E+001    0.1702041626E+000
 0.3131313    0.3309838867E+001    0.1675277710E+000
 0.3232323    0.3274365234E+001    0.1475921631E+000
 0.3333333    0.3210290527E+001    0.1405883789E+000
 0.3434343    0.3190550232E+001    0.1360580444E+000
 0.3535354    0.3144485474E+001    0.1326034546E+000
 0.3636364    0.3064558411E+001    0.1071548462E+000
 0.3737374    0.3065063477E+001    0.1056167603E+000
 0.3838384    0.2979098511E+001    0.1312377930E+000
 0.3939394    0.2941778564E+001    0.1006744385E+000
 0.4040404    0.2873388672E+001    0.9500579834E-001
 0.4141414    0.2806976318E+001    0.8679504395E-001
 0.4242424    0.2771766663E+001    0.8526458740E-001
 0.4343434    0.2691230774E+001    0.6898803711E-001
 0.4444444    0.2652714539E+001    0.7958831787E-001
 0.4545455    0.2590032959E+001    0.4705657959E-001
 0.4646465    0.2503932190E+001    0.6226501465E-001
 0.4747475    0.2401501465E+001    0.6214141846E-001
 0.4848485    0.2380360413E+001    0.3928985596E-001
 0.4949495    0.2335081482E+001    0.2826538086E-001
 0.5050505    0.2303028870E+001    0.2515563965E-001
 0.5151515    0.2310090637E+001    0.2505340576E-001
 0.5252525    0.2290861511E+001    0.1721954346E-001
 0.5353535    0.2285595703E+001    0.1231842041E-001
 0.5454545    0.2301414490E+001    0.1433258057E-001
 0.5555556    0.2282435608E+001    0.1224517822E-001
 0.5656566    0.2276916504E+001    0.2671203613E-001
 0.5757576    0.2284820557E+001    0.2900238037E-001
 0.5858586    0.2287913513E+001    0.2789916992E-001
 0.5959596    0.2291317749E+001    0.2073364258E-001
 0.6060606    0.2280641174E+001    0.4050750732E-001
 0.6161616    0.2283883667E+001    0.1148376465E-001
 0.6262626    0.2300186157E+001    0.1605834961E-001
 0.6363636    0.2295446777E+001    0.2448730469E-001
 0.6464646    0.2293109131E+001    0.2780914307E-001
 0.6565657    0.2291146851E+001    0.2996368408E-001
 0.6666667    0.2296868896E+001    0.0000000000E+000
 0.6767677    0.2289468384E+001    0.2594146729E-001
 0.6868687    0.2288763428E+001    0.3647460937E-001
 0.6969697    0.2294894409E+001    0.1113433838E-001
 0.7070707    0.2278883362E+001    0.1401062012E-001
 0.7171717    0.2285713196E+001    0.2010192871E-001
 0.7272727    0.2294746399E+001    0.2691955566E-001
 0.7373737    0.2288754272E+001    0.1799774170E-001
 0.7474747    0.2300044250E+001    0.3225555420E-001
 0.7575758    0.2281690979E+001    0.2205657959E-001
 0.7676768    0.2296072388E+001    0.3996582031E-001
 0.7777778    0.2290447998E+001    0.2325744629E-001
 0.7878788    0.2284356689E+001    0.1595764160E-001
 0.7979798    0.2288430786E+001    0.1954345703E-001
 0.8080808    0.2292831421E+001    0.2017974854E-001
 0.8181818    0.2286058044E+001    0.2790679932E-001
 0.8282828    0.2299563599E+001    0.2718353271E-001
 0.8383838    0.2283836365E+001    0.1340026855E-001
 0.8484848    0.2307893372E+001    0.3807830811E-001
 0.8585859    0.2297288513E+001    0.3149108887E-001
 0.8686869    0.2309478760E+001    0.3415679932E-001
 0.8787879    0.2288592529E+001    0.5051422119E-001
 0.8888889    0.2289282227E+001    0.1418609619E-001
 0.8989899    0.2289550781E+001    0.2601318359E-001
 0.9090909    0.2293829346E+001    0.2706604004E-001
 0.9191919    0.2313854980E+001    0.4342193604E-001
 0.9292929    0.2284365845E+001    0.2109680176E-001
 0.9393939    0.2301954651E+001    0.3200683594E-001
 0.9494949    0.2284208679E+001    0.1615600586E-001
 0.9595960    0.2293673706E+001    0.2393798828E-001
 0.9696970    0.2310983276E+001    0.5566864014E-001
 0.9797980    0.2286122131E+001    0.2437438965E-001
 0.9898990    0.2290620422E+001    0.2694854736E-001
 1.0000000    0.2302574158E+001    0.1784210205E-001


