Compiled using GNU Fortran (Ubuntu 9.4.0-1ubuntu1~20.04.2) 9.4.0 with all optimizations
Last Brick update unknown
Compiled at 18:43:37 on Sep  2 2023
Starting at 16:56:20 on Sep 11 2023

Settings
OK                      

Forcefield
OK                      

Topology
OK                      

Configuration
OK                      Read from ./INPUT/restart.in

 F
Monte Carlo Simulation initialized.

#########################################################################################################################
###########################################   ENERGY STARTING CONFIGURATION   ###########################################
#########################################################################################################################
                                               Box 1               Box 2
-------------------------------------------------------------------------------------------------------------------------
Lennard Jones        
 Intermolecular                         -0.5342216184E+006  -0.4531737500E+005
 Tailcorrection                         -0.1332556022E+005  -0.9639329950E+003
Total Intermolecular                    -0.5475471786E+006  -0.4628130799E+005

Electrostatic        
 Real                                   -0.1601582854E+006  -0.1023273755E+005
 Exclusion                               0.9190594786E+007   0.3162511332E+007
 Selfterm                               -0.9220114054E+007  -0.3165700350E+007
 Fourier                                 0.1358439880E+005   0.2737663226E+004
Total Intermolecular                    -0.1760931545E+006  -0.1068409277E+005

Intramolecular       
 Lennard Jones                           0.0000000000E+000   0.0000000000E+000
 Electrostatic                           0.0000000000E+000   0.0000000000E+000
 Bending                                 0.0000000000E+000   0.0000000000E+000
 Torsion                                 0.0000000000E+000   0.0000000000E+000

Total                                   -0.7236403331E+006  -0.5696540076E+005

#########################################################################################################################

Simulation is running...



#########################################################################################################################
###############################################   RELATIVE ENERGY DRIFTS   ##############################################
#########################################################################################################################
                                               Box 1               Box 2                                                 
-------------------------------------------------------------------------------------------------------------------------

Lennard Jones        
 Intermolecular                          0.1717849201E-013   0.5434649864E-014
 Tailcorrection                          0.0000000000E+000   0.0000000000E+000

Electrostatic        
 Real                                    0.8021163847E-014   0.1520591293E-015
 Exclusion                               0.0000000000E+000   0.1191246060E-015
 Selfterm                                0.0000000000E+000   0.0000000000E+000
 Fourier                                 0.0000000000E+000   0.2728002120E-015

Intramolecular       
 Lennard Jones                           0.0000000000E+000   0.0000000000E+000
 Electrostatic                           0.0000000000E+000   0.0000000000E+000
 Bending                                 0.0000000000E+000   0.0000000000E+000
 Torsion                                 0.0000000000E+000   0.0000000000E+000

Total                                    0.1580015585E-013   0.1167083656E-013

#########################################################################################################################
############################################   TRIAL MOVE ACCEPTANCE RATES   ############################################
#########################################################################################################################
                                               Box 1               Box 2
-------------------------------------------------------------------------------------------------------------------------
Translation
 CO2                                          0.50256             0.50014
 AR                                           0.51873             0.63658
-------------------------------------------------------------------------------------------------------------------------
Rotation
 CO2                                          0.50733             0.74129
 AR                                           0.00000             0.00000
-------------------------------------------------------------------------------------------------------------------------
Lambda Move
 cd                                           0.74075             0.94502
 Ar                                           0.81988             0.96714
-------------------------------------------------------------------------------------------------------------------------
GE Swap Fractional
 cd                                           0.40561             0.32579
 Ar                                           0.50228             0.41085
-------------------------------------------------------------------------------------------------------------------------
GE Identity Change
 cd                                           0.87532             0.67288
 Ar                                           0.97861             0.75320
-------------------------------------------------------------------------------------------------------------------------
Volume                                        0.49044             0.50247

#########################################################################################################################
######################################################   AVERAGES   #####################################################
#########################################################################################################################
                                                       Boltzmann                                    Biased
                                               Box 1               Box 2                  Box 1               Box 2      
-------------------------------------------------------------------------------------------------------------------------
Density
 CO2                                     0.9754555937E+003   0.6489016961E+002      0.9739983250E+003   0.6495124824E+002
 AR                                      0.4323094213E+002   0.4722735226E+002      0.4343243647E+002   0.4731989275E+002
 Total                                   0.1018686536E+004   0.1121175219E+003      0.1017430761E+004   0.1122711410E+003

Number of molecules
 CO2                                     0.4304723506E+003   0.3045276494E+003      0.4309740300E+003   0.3040259700E+003
 AR                                      0.2109749943E+002   0.2439025006E+003      0.2125419000E+002   0.2437458100E+003
 Total                                   0.4515698500E+003   0.5484301500E+003      0.4522282200E+003   0.5477717800E+003

Mole fractions
 CO2                                          0.95328             0.55527                 0.95300             0.55502
 AR                                           0.04672             0.44473                 0.04700             0.44498

Volume                                   0.3226831619E+005   0.3437886951E+006      0.3235419144E+005   0.3428978707E+006

#########################################################################################################################
#######################################   PROPERTIES FROM THE CFC GIBBS ENSEMBLE   ######################################
#########################################################################################################################
                                                       Boltzmann                                    Biased
                                               Box 1               Box 2                  Box 1               Box 2      
Chemical Potentials (as an indication)
=========================================================================================================================

Total cd                                -0.1931072156E+004  -0.1932667902E+004     -0.1931450404E+004  -0.1932429874E+004
 Ideal gas                              -0.1092051678E+004  -0.1777734427E+004     -0.1092429927E+004  -0.1777496400E+004
 Excess                                 -0.8390204776E+003  -0.1549334743E+003     -0.8390204776E+003  -0.1549334743E+003

-------------------------------------------------------------------------------------------------------------------------

Total Ar                                -0.1886897833E+004  -0.1886188086E+004     -0.1885721369E+004  -0.1885692826E+004
 Ideal gas                              -0.1855987676E+004  -0.1833618243E+004     -0.1854811212E+004  -0.1833122983E+004
 Excess                                 -0.3091015650E+002  -0.5256984257E+002     -0.3091015650E+002  -0.5256984257E+002

-------------------------------------------------------------------------------------------------------------------------

#########################################################################################################################
#########################################   PROPERTIES FROM UMBRELLA SAMPLING   #########################################
#########################################################################################################################

Excess Partial Molar Enthalpy
=========================================================================================================================


Partial Molar Volume
=========================================================================================================================


#########################################################################################################################
##################################################   AVERAGE ENERGIES   #################################################
#########################################################################################################################
                                                       Boltzmann                                    Biased
                                               Box 1               Box 2                  Box 1               Box 2      
-------------------------------------------------------------------------------------------------------------------------
Lennard Jones        
 Intermolecular                         -0.4667402239E+006  -0.5789674353E+005     -0.4671042089E+006  -0.5781591693E+005
 Tailcorrection                         -0.1140524898E+005  -0.1196564915E+004     -0.1141712338E+005  -0.1194817454E+004
Total Intermolecular                    -0.4781454729E+006  -0.5909330845E+005     -0.4785213323E+006  -0.5901073439E+005

Electrostatic        
 Real                                   -0.1404936188E+006  -0.1049543390E+005     -0.1404036067E+006  -0.1048293095E+005
 Exclusion                               0.7883554866E+007   0.4135355763E+007      0.7891646680E+007   0.4127904475E+007
 Selfterm                               -0.7908876331E+007  -0.4139525935E+007     -0.7916994067E+007  -0.4132067085E+007
 Fourier                                 0.1160721157E+005   0.3466088015E+004      0.1163143605E+005   0.3462830588E+004
Total Intermolecular                    -0.1542078722E+006  -0.1119951743E+005     -0.1541195571E+006  -0.1118271089E+005

Intramolecular       
 Lennard Jones                           0.0000000000E+000   0.0000000000E+000      0.0000000000E+000   0.0000000000E+000
 Electrostatic                           0.0000000000E+000   0.0000000000E+000      0.0000000000E+000   0.0000000000E+000
 Bending                                 0.0000000000E+000   0.0000000000E+000      0.0000000000E+000   0.0000000000E+000
 Torsion                                 0.0000000000E+000   0.0000000000E+000      0.0000000000E+000   0.0000000000E+000

Total                                   -0.6323533451E+006  -0.7029282587E+005     -0.6326408894E+006  -0.7019344528E+005

#########################################################################################################################

No errors found in bookkeeping.

Total simulation time:  17 hours and  28 minutes

Simulation finished.

