#   100 bins for weightfunction of cd                      
 0.0000000    0.3246191406E+001    0.1630371094E+001
 0.0101010    0.3239843750E+001    0.1625122070E+001
 0.0202020    0.3254614258E+001    0.1639160156E+001
 0.0303030    0.3247143555E+001    0.1591235352E+001
 0.0404040    0.3301855469E+001    0.1617163086E+001
 0.0505051    0.3402246094E+001    0.1650512695E+001
 0.0606061    0.3448193359E+001    0.1630444336E+001
 0.0707071    0.3543994141E+001    0.1649707031E+001
 0.0808081    0.3634667969E+001    0.1621875000E+001
 0.0909091    0.3690747070E+001    0.1630078125E+001
 0.1010101    0.3784423828E+001    0.1616333008E+001
 0.1111111    0.3893627930E+001    0.1633544922E+001
 0.1212121    0.3968359375E+001    0.1625830078E+001
 0.1313131    0.3996264648E+001    0.1640942383E+001
 0.1414141    0.4067138672E+001    0.1617260742E+001
 0.1515152    0.4070654297E+001    0.1606591797E+001
 0.1616162    0.4054321289E+001    0.1576806641E+001
 0.1717172    0.4103662109E+001    0.1568066406E+001
 0.1818182    0.4070312500E+001    0.1563476563E+001
 0.1919192    0.4052197266E+001    0.1528979492E+001
 0.2020202    0.4000122070E+001    0.1541992188E+001
 0.2121212    0.4014648438E+001    0.1521655273E+001
 0.2222222    0.3913623047E+001    0.1514965820E+001
 0.2323232    0.3872924805E+001    0.1493066406E+001
 0.2424242    0.3828393555E+001    0.1476147461E+001
 0.2525253    0.3741430664E+001    0.1446093750E+001
 0.2626263    0.3676464844E+001    0.1409375000E+001
 0.2727273    0.3592944336E+001    0.1392651367E+001
 0.2828283    0.3504345703E+001    0.1381835938E+001
 0.2929293    0.3439648438E+001    0.1313037109E+001
 0.3030303    0.3341674805E+001    0.1355541992E+001
 0.3131313    0.3283642578E+001    0.1311669922E+001
 0.3232323    0.3183496094E+001    0.1297509766E+001
 0.3333333    0.3117187500E+001    0.1259594727E+001
 0.3434343    0.2988793945E+001    0.1258300781E+001
 0.3535354    0.2896557617E+001    0.1203247070E+001
 0.3636364    0.2776196289E+001    0.1189355469E+001
 0.3737374    0.2669458008E+001    0.1177221680E+001
 0.3838384    0.2589501953E+001    0.1143969727E+001
 0.3939394    0.2481323242E+001    0.1133349609E+001
 0.4040404    0.2384814453E+001    0.1083178711E+001
 0.4141414    0.2228955078E+001    0.1057006836E+001
 0.4242424    0.2127783203E+001    0.1040551758E+001
 0.4343434    0.2055810547E+001    0.1024023438E+001
 0.4444444    0.1924707031E+001    0.9986083984E+000
 0.4545455    0.1825830078E+001    0.9649414063E+000
 0.4646465    0.1704858398E+001    0.9507324219E+000
 0.4747475    0.1579687500E+001    0.9150146484E+000
 0.4848485    0.1474316406E+001    0.8702392578E+000
 0.4949495    0.1366406250E+001    0.8531005859E+000
 0.5050505    0.1320532227E+001    0.8444091797E+000
 0.5151515    0.1321801758E+001    0.8230957031E+000
 0.5252525    0.1315112305E+001    0.8374023438E+000
 0.5353535    0.1277514648E+001    0.8357666016E+000
 0.5454545    0.1288769531E+001    0.8299804688E+000
 0.5555556    0.1292187500E+001    0.8614746094E+000
 0.5656566    0.1283081055E+001    0.7981445313E+000
 0.5757576    0.1252612305E+001    0.8638671875E+000
 0.5858586    0.1240112305E+001    0.8257080078E+000
 0.5959596    0.1261523438E+001    0.8384033203E+000
 0.6060606    0.1213891602E+001    0.8125488281E+000
 0.6161616    0.1204711914E+001    0.8089843750E+000
 0.6262626    0.1206054687E+001    0.8105712891E+000
 0.6363636    0.1166381836E+001    0.8375488281E+000
 0.6464646    0.1171972656E+001    0.8132812500E+000
 0.6565657    0.1167114258E+001    0.8126220703E+000
 0.6666667    0.1135913086E+001    0.8161132813E+000
 0.6767677    0.1120019531E+001    0.7973876953E+000
 0.6868687    0.1097827148E+001    0.7938964844E+000
 0.6969697    0.1079296875E+001    0.7954833984E+000
 0.7070707    0.1041723633E+001    0.7774902344E+000
 0.7171717    0.1033740234E+001    0.7946533203E+000
 0.7272727    0.1024072266E+001    0.8090332031E+000
 0.7373737    0.9766357422E+000    0.7865234375E+000
 0.7474747    0.9646972656E+000    0.7793212891E+000
 0.7575758    0.9316650391E+000    0.7835205078E+000
 0.7676768    0.8898193359E+000    0.7716796875E+000
 0.7777778    0.8815185547E+000    0.7727294922E+000
 0.7878788    0.8340576172E+000    0.7501708984E+000
 0.7979798    0.8122802734E+000    0.7659912109E+000
 0.8080808    0.7761962891E+000    0.7643066406E+000
 0.8181818    0.7286132813E+000    0.7494873047E+000
 0.8282828    0.7226806641E+000    0.7605957031E+000
 0.8383838    0.6734130859E+000    0.7301513672E+000
 0.8484848    0.6063232422E+000    0.7124267578E+000
 0.8585859    0.5972900391E+000    0.7211181641E+000
 0.8686869    0.5550537109E+000    0.7235839844E+000
 0.8787879    0.5096679688E+000    0.7156494141E+000
 0.8888889    0.4708984375E+000    0.7028320313E+000
 0.8989899    0.4176269531E+000    0.6882324219E+000
 0.9090909    0.3881347656E+000    0.6932861328E+000
 0.9191919    0.3541992188E+000    0.7063964844E+000
 0.9292929    0.3146972656E+000    0.7054687500E+000
 0.9393939    0.2447509766E+000    0.6683105469E+000
 0.9494949    0.2049316406E+000    0.6715087891E+000
 0.9595960    0.1569091797E+000    0.6695312500E+000
 0.9696970    0.1176757812E+000    0.6690673828E+000
 0.9797980    0.5949707031E-001    0.6551269531E+000
 0.9898990    0.1196289063E-001    0.6547119141E+000
 1.0000000    0.0000000000E+000    0.6668945313E+000


#   100 bins for weightfunction of Ar                      
 0.0000000    0.1953906250E+001    0.3555908203E+000
 0.0101010    0.1990429688E+001    0.3780517578E+000
 0.0202020    0.1940917969E+001    0.3335449219E+000
 0.0303030    0.1995410156E+001    0.3763183594E+000
 0.0404040    0.2006323242E+001    0.3522705078E+000
 0.0505051    0.2105541992E+001    0.3944335938E+000
 0.0606061    0.2151733398E+001    0.4084228516E+000
 0.0707071    0.2190844727E+001    0.3916503906E+000
 0.0808081    0.2260522461E+001    0.3909912109E+000
 0.0909091    0.2361474609E+001    0.4184814453E+000
 0.1010101    0.2440454102E+001    0.4167480469E+000
 0.1111111    0.2517797852E+001    0.4235107422E+000
 0.1212121    0.2620434570E+001    0.4306884766E+000
 0.1313131    0.2693823242E+001    0.4121582031E+000
 0.1414141    0.2783544922E+001    0.4274658203E+000
 0.1515152    0.2830615234E+001    0.4200439453E+000
 0.1616162    0.2920849609E+001    0.4082763672E+000
 0.1717172    0.2927539063E+001    0.4301025391E+000
 0.1818182    0.2991430664E+001    0.3985839844E+000
 0.1919192    0.3008300781E+001    0.4164062500E+000
 0.2020202    0.3007324219E+001    0.3807861328E+000
 0.2121212    0.3021899414E+001    0.3820556641E+000
 0.2222222    0.3017749023E+001    0.3939208984E+000
 0.2323232    0.3027563477E+001    0.3918945313E+000
 0.2424242    0.3005664063E+001    0.3806640625E+000
 0.2525253    0.2974316406E+001    0.3509765625E+000
 0.2626263    0.3027905273E+001    0.3621582031E+000
 0.2727273    0.2955371094E+001    0.3518310547E+000
 0.2828283    0.2916308594E+001    0.3575439453E+000
 0.2929293    0.2850732422E+001    0.3250732422E+000
 0.3030303    0.2816992188E+001    0.3055664063E+000
 0.3131313    0.2828076172E+001    0.3447021484E+000
 0.3232323    0.2798608398E+001    0.2809326172E+000
 0.3333333    0.2752954102E+001    0.2887939453E+000
 0.3434343    0.2723242188E+001    0.2744873047E+000
 0.3535354    0.2652880859E+001    0.2479736328E+000
 0.3636364    0.2604443359E+001    0.2219970703E+000
 0.3737374    0.2554956055E+001    0.2281982422E+000
 0.3838384    0.2500292969E+001    0.2266601563E+000
 0.3939394    0.2487011719E+001    0.2113037109E+000
 0.4040404    0.2398510742E+001    0.2037109375E+000
 0.4141414    0.2330908203E+001    0.1900390625E+000
 0.4242424    0.2322412109E+001    0.1610839844E+000
 0.4343434    0.2250634766E+001    0.1270996094E+000
 0.4444444    0.2180102539E+001    0.1124755859E+000
 0.4545455    0.2154931641E+001    0.1248535156E+000
 0.4646465    0.2074633789E+001    0.1155761719E+000
 0.4747475    0.1993481445E+001    0.7871093750E-001
 0.4848485    0.1961254883E+001    0.8054199219E-001
 0.4949495    0.1890283203E+001    0.5126953125E-001
 0.5050505    0.1852001953E+001    0.3713378906E-001
 0.5151515    0.1880126953E+001    0.4479980469E-001
 0.5252525    0.1852001953E+001    0.4829101563E-001
 0.5353535    0.1848852539E+001    0.4252929688E-001
 0.5454545    0.1835913086E+001    0.4040527344E-001
 0.5555556    0.1847265625E+001    0.3232421875E-001
 0.5656566    0.1854296875E+001    0.3903808594E-001
 0.5757576    0.1856396484E+001    0.2521972656E-001
 0.5858586    0.1844799805E+001    0.2668457031E-001
 0.5959596    0.1830615234E+001    0.2062988281E-001
 0.6060606    0.1852905273E+001    0.3747558594E-001
 0.6161616    0.1820825195E+001    0.4758300781E-001
 0.6262626    0.1853393555E+001    0.3334960938E-001
 0.6363636    0.1837988281E+001    0.4672851563E-001
 0.6464646    0.1837158203E+001    0.1362304688E-001
 0.6565657    0.1855981445E+001    0.0000000000E+000
 0.6666667    0.1821142578E+001    0.5012207031E-001
 0.6767677    0.1847119141E+001    0.3139648438E-001
 0.6868687    0.1858837891E+001    0.2558593750E-001
 0.6969697    0.1847802734E+001    0.1708984375E-002
 0.7070707    0.1861962891E+001    0.4096679688E-001
 0.7171717    0.1834863281E+001    0.2524414063E-001
 0.7272727    0.1861816406E+001    0.5485839844E-001
 0.7373737    0.1845141602E+001    0.1665039063E-001
 0.7474747    0.1819824219E+001    0.1005859375E-001
 0.7575758    0.1852246094E+001    0.3166503906E-001
 0.7676768    0.1866430664E+001    0.4101562500E-001
 0.7777778    0.1860400391E+001    0.3276367188E-001
 0.7878788    0.1857836914E+001    0.4458007813E-001
 0.7979798    0.1837426758E+001    0.2175292969E-001
 0.8080808    0.1839282227E+001    0.2985839844E-001
 0.8181818    0.1856005859E+001    0.3391113281E-001
 0.8282828    0.1841113281E+001    0.1425781250E-001
 0.8383838    0.1858520508E+001    0.3881835938E-001
 0.8484848    0.1838989258E+001    0.1635742188E-001
 0.8585859    0.1849365234E+001    0.2531738281E-001
 0.8686869    0.1867675781E+001    0.5346679688E-001
 0.8787879    0.1850219727E+001    0.3049316406E-001
 0.8888889    0.1861328125E+001    0.2165527344E-001
 0.8989899    0.1845288086E+001    0.3725585938E-001
 0.9090909    0.1849707031E+001    0.2929687500E-001
 0.9191919    0.1869970703E+001    0.4958496094E-001
 0.9292929    0.1853784180E+001    0.5905761719E-001
 0.9393939    0.1849511719E+001    0.3586425781E-001
 0.9494949    0.1828344727E+001    0.7714843750E-002
 0.9595960    0.1823559570E+001    0.1391601563E-002
 0.9696970    0.1867724609E+001    0.4052734375E-001
 0.9797980    0.1860815430E+001    0.4960937500E-001
 0.9898990    0.1840917969E+001    0.3232421875E-001
 1.0000000    0.1838256836E+001    0.2097167969E-001


