Compiled using GNU Fortran (Ubuntu 9.4.0-1ubuntu1~20.04.2) 9.4.0 with all optimizations
Last Brick update unknown
Compiled at 18:43:37 on Sep  2 2023
Starting at 16:56:20 on Sep 11 2023

Settings
OK                      

Forcefield
OK                      

Topology
OK                      

Configuration
OK                      Read from ./INPUT/restart.in

 F
Monte Carlo Simulation initialized.

#########################################################################################################################
###########################################   ENERGY STARTING CONFIGURATION   ###########################################
#########################################################################################################################
                                               Box 1               Box 2
-------------------------------------------------------------------------------------------------------------------------
Lennard Jones        
 Intermolecular                         -0.4891697698E+006  -0.7899743123E+005
 Tailcorrection                         -0.1200513949E+005  -0.1787605540E+004
Total Intermolecular                    -0.5011749093E+006  -0.8078503677E+005

Electrostatic        
 Real                                   -0.1182944451E+006  -0.6471769496E+004
 Exclusion                               0.7982628700E+007   0.1954513441E+007
 Selfterm                               -0.8008268243E+007  -0.1956484337E+007
 Fourier                                 0.1412628406E+005   0.1940616650E+004
Total Intermolecular                    -0.1298077038E+006  -0.6502048368E+004

Intramolecular       
 Lennard Jones                           0.0000000000E+000   0.0000000000E+000
 Electrostatic                           0.0000000000E+000   0.0000000000E+000
 Bending                                 0.0000000000E+000   0.0000000000E+000
 Torsion                                 0.0000000000E+000   0.0000000000E+000

Total                                   -0.6309826131E+006  -0.8728708514E+005

#########################################################################################################################

Simulation is running...



#########################################################################################################################
###############################################   RELATIVE ENERGY DRIFTS   ##############################################
#########################################################################################################################
                                               Box 1               Box 2                                                 
-------------------------------------------------------------------------------------------------------------------------

Lennard Jones        
 Intermolecular                          0.2455981979E-014   0.1318142760E-015
 Tailcorrection                          0.0000000000E+000   0.0000000000E+000

Electrostatic        
 Real                                    0.7464447570E-015   0.3839306568E-015
 Exclusion                               0.1378585996E-015   0.1625966187E-015
 Selfterm                                0.0000000000E+000   0.0000000000E+000
 Fourier                                 0.7908989254E-015   0.1642245773E-015

Intramolecular       
 Lennard Jones                           0.0000000000E+000   0.0000000000E+000
 Electrostatic                           0.0000000000E+000   0.0000000000E+000
 Bending                                 0.0000000000E+000   0.0000000000E+000
 Torsion                                 0.0000000000E+000   0.0000000000E+000

Total                                    0.3579159954E-014   0.5711185200E-015

#########################################################################################################################
############################################   TRIAL MOVE ACCEPTANCE RATES   ############################################
#########################################################################################################################
                                               Box 1               Box 2
-------------------------------------------------------------------------------------------------------------------------
Translation
 CO2                                          0.48045             0.48350
 AR                                           0.49393             0.48952
-------------------------------------------------------------------------------------------------------------------------
Rotation
 CO2                                          0.48328             0.62767
 AR                                           0.00000             0.00000
-------------------------------------------------------------------------------------------------------------------------
Lambda Move
 cd                                           0.76181             0.91562
 Ar                                           0.84079             0.94934
-------------------------------------------------------------------------------------------------------------------------
GE Swap Fractional
 cd                                           0.36242             0.38263
 Ar                                           0.43181             0.48422
-------------------------------------------------------------------------------------------------------------------------
GE Identity Change
 cd                                           0.78543             0.80306
 Ar                                           0.84473             0.96003
-------------------------------------------------------------------------------------------------------------------------
Volume                                        0.49201             0.50716

#########################################################################################################################
######################################################   AVERAGES   #####################################################
#########################################################################################################################
                                                       Boltzmann                                    Biased
                                               Box 1               Box 2                  Box 1               Box 2      
-------------------------------------------------------------------------------------------------------------------------
Density
 CO2                                     0.7920583417E+003   0.9208098819E+002      0.7892541872E+003   0.9196378703E+002
 AR                                      0.1577190681E+003   0.1628280639E+003      0.1584553155E+003   0.1628978169E+003
 Total                                   0.9497774098E+003   0.2549090521E+003      0.9477095027E+003   0.2548616039E+003

Number of molecules
 CO2                                     0.4107926345E+003   0.1692073655E+003      0.4115534000E+003   0.1684466000E+003
 AR                                      0.9081035572E+002   0.3291896443E+003      0.9171883000E+002   0.3282811700E+003
 Total                                   0.5016029902E+003   0.4983970098E+003      0.5032722300E+003   0.4967277700E+003

Mole fractions
 CO2                                          0.81896             0.33950                 0.81776             0.33911
 AR                                           0.18104             0.66050                 0.18224             0.66089

Volume                                   0.3801673614E+005   0.1345883064E+006      0.3822226875E+005   0.1341640248E+006

#########################################################################################################################
#######################################   PROPERTIES FROM THE CFC GIBBS ENSEMBLE   ######################################
#########################################################################################################################
                                                       Boltzmann                                    Biased
                                               Box 1               Box 2                  Box 1               Box 2      
Chemical Potentials (as an indication)
=========================================================================================================================

Total cd                                -0.1949961380E+004  -0.1947407203E+004     -0.1950858675E+004  -0.1947729427E+004
 Ideal gas                              -0.1144743883E+004  -0.1689191422E+004     -0.1145641178E+004  -0.1689513647E+004
 Excess                                 -0.8052174972E+003  -0.2582157808E+003     -0.8052174972E+003  -0.2582157808E+003

-------------------------------------------------------------------------------------------------------------------------

Total Ar                                -0.1615842267E+004  -0.1609805233E+004     -0.1614663988E+004  -0.1609696875E+004
 Ideal gas                              -0.1528540172E+004  -0.1520474679E+004     -0.1527361892E+004  -0.1520366321E+004
 Excess                                 -0.8730209514E+002  -0.8933055482E+002     -0.8730209514E+002  -0.8933055482E+002

-------------------------------------------------------------------------------------------------------------------------

#########################################################################################################################
#########################################   PROPERTIES FROM UMBRELLA SAMPLING   #########################################
#########################################################################################################################

Excess Partial Molar Enthalpy
=========================================================================================================================


Partial Molar Volume
=========================================================================================================================


#########################################################################################################################
##################################################   AVERAGE ENERGIES   #################################################
#########################################################################################################################
                                                       Boltzmann                                    Biased
                                               Box 1               Box 2                  Box 1               Box 2      
-------------------------------------------------------------------------------------------------------------------------
Lennard Jones        
 Intermolecular                         -0.4413700299E+006  -0.8748118736E+005     -0.4415745902E+006  -0.8704350871E+005
 Tailcorrection                         -0.1092964575E+005  -0.2123732837E+004     -0.1093669096E+005  -0.2112685399E+004
Total Intermolecular                    -0.4522996756E+006  -0.8960492020E+005     -0.4525112812E+006  -0.8915619411E+005

Electrostatic        
 Real                                   -0.1114999564E+006  -0.8116442370E+004     -0.1112870650E+006  -0.8065218033E+004
 Exclusion                               0.7524548035E+007   0.2298250697E+007      0.7536290731E+007   0.2287490487E+007
 Selfterm                               -0.7548716579E+007  -0.2300568332E+007     -0.7560496781E+007  -0.2289797242E+007
 Fourier                                 0.1302139441E+005   0.2247168355E+004      0.1308004059E+005   0.2237343883E+004
Total Intermolecular                    -0.1226471066E+006  -0.8186909026E+004     -0.1224130747E+006  -0.8134629035E+004

Intramolecular       
 Lennard Jones                           0.0000000000E+000   0.0000000000E+000      0.0000000000E+000   0.0000000000E+000
 Electrostatic                           0.0000000000E+000   0.0000000000E+000      0.0000000000E+000   0.0000000000E+000
 Bending                                 0.0000000000E+000   0.0000000000E+000      0.0000000000E+000   0.0000000000E+000
 Torsion                                 0.0000000000E+000   0.0000000000E+000      0.0000000000E+000   0.0000000000E+000

Total                                   -0.5749467822E+006  -0.9779182923E+005     -0.5749243560E+006  -0.9729082315E+005

#########################################################################################################################

No errors found in bookkeeping.

Total simulation time:  14 hours and  50 minutes

Simulation finished.

