Compiled using GNU Fortran (Ubuntu 9.4.0-1ubuntu1~20.04.2) 9.4.0 with all optimizations
Last Brick update unknown
Compiled at 18:43:37 on Sep  2 2023
Starting at 16:56:20 on Sep 11 2023

Settings
OK                      

Forcefield
OK                      

Topology
OK                      

Configuration
OK                      Read from ./INPUT/restart.in

 F
Monte Carlo Simulation initialized.

#########################################################################################################################
###########################################   ENERGY STARTING CONFIGURATION   ###########################################
#########################################################################################################################
                                               Box 1               Box 2
-------------------------------------------------------------------------------------------------------------------------
Lennard Jones        
 Intermolecular                         -0.5342216184E+006  -0.4531737500E+005
 Tailcorrection                         -0.1332556022E+005  -0.9639329950E+003
Total Intermolecular                    -0.5475471786E+006  -0.4628130799E+005

Electrostatic        
 Real                                   -0.1601582854E+006  -0.1023273755E+005
 Exclusion                               0.9190594786E+007   0.3162511332E+007
 Selfterm                               -0.9220114054E+007  -0.3165700350E+007
 Fourier                                 0.1358439880E+005   0.2737663226E+004
Total Intermolecular                    -0.1760931545E+006  -0.1068409277E+005

Intramolecular       
 Lennard Jones                           0.0000000000E+000   0.0000000000E+000
 Electrostatic                           0.0000000000E+000   0.0000000000E+000
 Bending                                 0.0000000000E+000   0.0000000000E+000
 Torsion                                 0.0000000000E+000   0.0000000000E+000

Total                                   -0.7236403331E+006  -0.5696540076E+005

#########################################################################################################################

Simulation is running...



#########################################################################################################################
###############################################   RELATIVE ENERGY DRIFTS   ##############################################
#########################################################################################################################
                                               Box 1               Box 2                                                 
-------------------------------------------------------------------------------------------------------------------------

Lennard Jones        
 Intermolecular                          0.1795041088E-013   0.3092627612E-014
 Tailcorrection                          0.0000000000E+000   0.0000000000E+000

Electrostatic        
 Real                                    0.2442492393E-013   0.5592105362E-015
 Exclusion                               0.2076319317E-015   0.2800643799E-015
 Selfterm                                0.0000000000E+000   0.0000000000E+000
 Fourier                                 0.2706367198E-015   0.3421501066E-015

Intramolecular       
 Lennard Jones                           0.0000000000E+000   0.0000000000E+000
 Electrostatic                           0.0000000000E+000   0.0000000000E+000
 Bending                                 0.0000000000E+000   0.0000000000E+000
 Torsion                                 0.0000000000E+000   0.0000000000E+000

Total                                    0.9883400451E-014   0.2209820407E-013

#########################################################################################################################
############################################   TRIAL MOVE ACCEPTANCE RATES   ############################################
#########################################################################################################################
                                               Box 1               Box 2
-------------------------------------------------------------------------------------------------------------------------
Translation
 CO2                                          0.49364             0.49362
 AR                                           0.48500             0.64801
-------------------------------------------------------------------------------------------------------------------------
Rotation
 CO2                                          0.49259             0.75567
 AR                                           0.00000             0.00000
-------------------------------------------------------------------------------------------------------------------------
Lambda Move
 cd                                           0.74312             0.94721
 Ar                                           0.82768             0.97205
-------------------------------------------------------------------------------------------------------------------------
GE Swap Fractional
 cd                                           0.38072             0.36428
 Ar                                           0.46394             0.46185
-------------------------------------------------------------------------------------------------------------------------
GE Identity Change
 cd                                           0.82781             0.77162
 Ar                                           0.90298             0.91402
-------------------------------------------------------------------------------------------------------------------------
Volume                                        0.48102             0.49314

#########################################################################################################################
######################################################   AVERAGES   #####################################################
#########################################################################################################################
                                                       Boltzmann                                    Biased
                                               Box 1               Box 2                  Box 1               Box 2      
-------------------------------------------------------------------------------------------------------------------------
Density
 CO2                                     0.9585739913E+003   0.5824151170E+002      0.9571343209E+003   0.5831516708E+002
 AR                                      0.4948764500E+002   0.5062567638E+002      0.4965777207E+002   0.5069576235E+002
 Total                                   0.1008061636E+004   0.1088671881E+003      0.1006792093E+004   0.1090109294E+003

Number of molecules
 CO2                                     0.4871569381E+003   0.2478430619E+003      0.4873440300E+003   0.2476559700E+003
 AR                                      0.2778738166E+002   0.2372126183E+003      0.2793534000E+002   0.2370646600E+003
 Total                                   0.5149443198E+003   0.4850556802E+003      0.5152793700E+003   0.4847206300E+003

Mole fractions
 CO2                                          0.94604             0.51096                 0.94579             0.51093
 AR                                           0.05396             0.48904                 0.05421             0.48907

Volume                                   0.3715967067E+005   0.3118402269E+006      0.3723001276E+005   0.3112144141E+006

#########################################################################################################################
#######################################   PROPERTIES FROM THE CFC GIBBS ENSEMBLE   ######################################
#########################################################################################################################
                                                       Boltzmann                                    Biased
                                               Box 1               Box 2                  Box 1               Box 2      
Chemical Potentials (as an indication)
=========================================================================================================================

Total cd                                -0.1941607359E+004  -0.1944211723E+004     -0.1941987622E+004  -0.1943891967E+004
 Ideal gas                              -0.1096468523E+004  -0.1805083166E+004     -0.1096848786E+004  -0.1804763411E+004
 Excess                                 -0.8451388365E+003  -0.1391285562E+003     -0.8451388365E+003  -0.1391285562E+003

-------------------------------------------------------------------------------------------------------------------------

Total Ar                                -0.1864709126E+004  -0.1861604199E+004     -0.1863840862E+004  -0.1861254190E+004
 Ideal gas                              -0.1821790539E+004  -0.1816038370E+004     -0.1820922275E+004  -0.1815688360E+004
 Excess                                 -0.4291858740E+002  -0.4556582910E+002     -0.4291858740E+002  -0.4556582910E+002

-------------------------------------------------------------------------------------------------------------------------

#########################################################################################################################
#########################################   PROPERTIES FROM UMBRELLA SAMPLING   #########################################
#########################################################################################################################

Excess Partial Molar Enthalpy
=========================================================================================================================


Partial Molar Volume
=========================================================================================================================


#########################################################################################################################
##################################################   AVERAGE ENERGIES   #################################################
#########################################################################################################################
                                                       Boltzmann                                    Biased
                                               Box 1               Box 2                  Box 1               Box 2      
-------------------------------------------------------------------------------------------------------------------------
Lennard Jones        
 Intermolecular                         -0.5244258851E+006  -0.4699687172E+005     -0.5243450638E+006  -0.4696202475E+005
 Tailcorrection                         -0.1281951218E+005  -0.9971704205E+003     -0.1281959631E+005  -0.9961447978E+003
Total Intermolecular                    -0.5372453972E+006  -0.4799404214E+005     -0.5371646601E+006  -0.4795816955E+005

Electrostatic        
 Real                                   -0.1560914840E+006  -0.7676952808E+004     -0.1558828042E+006  -0.7674206331E+004
 Exclusion                               0.8921916613E+007   0.3365719070E+007      0.8923818184E+007   0.3362652207E+007
 Selfterm                               -0.8950573262E+007  -0.3369113135E+007     -0.8952480823E+007  -0.3366043140E+007
 Fourier                                 0.1331005698E+005   0.2913390282E+004      0.1333317578E+005   0.2912458142E+004
Total Intermolecular                    -0.1714380767E+006  -0.8157627254E+004     -0.1712122674E+006  -0.8152681288E+004

Intramolecular       
 Lennard Jones                           0.0000000000E+000   0.0000000000E+000      0.0000000000E+000   0.0000000000E+000
 Electrostatic                           0.0000000000E+000   0.0000000000E+000      0.0000000000E+000   0.0000000000E+000
 Bending                                 0.0000000000E+000   0.0000000000E+000      0.0000000000E+000   0.0000000000E+000
 Torsion                                 0.0000000000E+000   0.0000000000E+000      0.0000000000E+000   0.0000000000E+000

Total                                   -0.7086834740E+006  -0.5615166939E+005     -0.7083769275E+006  -0.5611085084E+005

#########################################################################################################################

No errors found in bookkeeping.

Total simulation time:  17 hours and  45 minutes

Simulation finished.

