#   100 bins for weightfunction of cd                      
 0.0000000    0.2832934570E+001    0.2422460937E+001
 0.0101010    0.2813525391E+001    0.2395898437E+001
 0.0202020    0.2823217773E+001    0.2407861328E+001
 0.0303030    0.2821093750E+001    0.2416040039E+001
 0.0404040    0.2876855469E+001    0.2406250000E+001
 0.0505051    0.2870629883E+001    0.2393774414E+001
 0.0606061    0.2935278320E+001    0.2404589844E+001
 0.0707071    0.2967651367E+001    0.2417700195E+001
 0.0808081    0.3022924805E+001    0.2430541992E+001
 0.0909091    0.3044750977E+001    0.2442211914E+001
 0.1010101    0.3112451172E+001    0.2444116211E+001
 0.1111111    0.3124853516E+001    0.2466381836E+001
 0.1212121    0.3141772461E+001    0.2441748047E+001
 0.1313131    0.3128149414E+001    0.2428735352E+001
 0.1414141    0.3138208008E+001    0.2419018555E+001
 0.1515152    0.3109155273E+001    0.2377465820E+001
 0.1616162    0.3100732422E+001    0.2395825195E+001
 0.1717172    0.3082666016E+001    0.2361303711E+001
 0.1818182    0.3097460937E+001    0.2370898437E+001
 0.1919192    0.3028759766E+001    0.2324853516E+001
 0.2020202    0.2980346680E+001    0.2300439453E+001
 0.2121212    0.2958593750E+001    0.2309204102E+001
 0.2222222    0.2920117187E+001    0.2288867187E+001
 0.2323232    0.2844213867E+001    0.2227343750E+001
 0.2424242    0.2795629883E+001    0.2224096680E+001
 0.2525253    0.2753320312E+001    0.2229272461E+001
 0.2626263    0.2684252930E+001    0.2175488281E+001
 0.2727273    0.2622241211E+001    0.2142285156E+001
 0.2828283    0.2535717773E+001    0.2107641602E+001
 0.2929293    0.2476416016E+001    0.2085400391E+001
 0.3030303    0.2401879883E+001    0.2036499023E+001
 0.3131313    0.2366967773E+001    0.2030688477E+001
 0.3232323    0.2298974609E+001    0.1976977539E+001
 0.3333333    0.2188500977E+001    0.1980419922E+001
 0.3434343    0.2130078125E+001    0.1920727539E+001
 0.3535354    0.2037084961E+001    0.1885424805E+001
 0.3636364    0.1979077148E+001    0.1862353516E+001
 0.3737374    0.1891821289E+001    0.1817456055E+001
 0.3838384    0.1829370117E+001    0.1811743164E+001
 0.3939394    0.1758520508E+001    0.1747778320E+001
 0.4040404    0.1672436523E+001    0.1722363281E+001
 0.4141414    0.1555444336E+001    0.1680004883E+001
 0.4242424    0.1455493164E+001    0.1686035156E+001
 0.4343434    0.1419628906E+001    0.1633740234E+001
 0.4444444    0.1317333984E+001    0.1593505859E+001
 0.4545455    0.1238720703E+001    0.1529003906E+001
 0.4646465    0.1141406250E+001    0.1507299805E+001
 0.4747475    0.1061596680E+001    0.1468066406E+001
 0.4848485    0.9790283203E+000    0.1425097656E+001
 0.4949495    0.8927246094E+000    0.1381005859E+001
 0.5050505    0.8056152344E+000    0.1361108398E+001
 0.5151515    0.8259033203E+000    0.1367016602E+001
 0.5252525    0.8328613281E+000    0.1379321289E+001
 0.5353535    0.8092773437E+000    0.1366699219E+001
 0.5454545    0.8358642578E+000    0.1364770508E+001
 0.5555556    0.8074951172E+000    0.1359326172E+001
 0.5656566    0.8022705078E+000    0.1388378906E+001
 0.5757576    0.7906738281E+000    0.1360961914E+001
 0.5858586    0.8120117187E+000    0.1374780273E+001
 0.5959596    0.7774414062E+000    0.1356787109E+001
 0.6060606    0.7881103516E+000    0.1368066406E+001
 0.6161616    0.7795898437E+000    0.1358959961E+001
 0.6262626    0.7760742187E+000    0.1355932617E+001
 0.6363636    0.7629150391E+000    0.1386376953E+001
 0.6464646    0.7460205078E+000    0.1346582031E+001
 0.6565657    0.7228027344E+000    0.1347998047E+001
 0.6666667    0.7502685547E+000    0.1340209961E+001
 0.6767677    0.7122070312E+000    0.1389990234E+001
 0.6868687    0.7069091797E+000    0.1362158203E+001
 0.6969697    0.6890136719E+000    0.1365234375E+001
 0.7070707    0.6710205078E+000    0.1324682617E+001
 0.7171717    0.6557373047E+000    0.1330859375E+001
 0.7272727    0.6570800781E+000    0.1348657227E+001
 0.7373737    0.6259277344E+000    0.1324047852E+001
 0.7474747    0.5971923828E+000    0.1325366211E+001
 0.7575758    0.5760498047E+000    0.1309863281E+001
 0.7676768    0.5711181641E+000    0.1316333008E+001
 0.7777778    0.5388916016E+000    0.1291040039E+001
 0.7878788    0.5239990234E+000    0.1291210937E+001
 0.7979798    0.5198974609E+000    0.1316186523E+001
 0.8080808    0.5131347656E+000    0.1313818359E+001
 0.8181818    0.4785644531E+000    0.1299267578E+001
 0.8282828    0.4517578125E+000    0.1283300781E+001
 0.8383838    0.4033447266E+000    0.1250000000E+001
 0.8484848    0.4077880859E+000    0.1271508789E+001
 0.8585859    0.3979248047E+000    0.1277636719E+001
 0.8686869    0.3555664062E+000    0.1266601562E+001
 0.8787879    0.3234130859E+000    0.1245751953E+001
 0.8888889    0.2882812500E+000    0.1230419922E+001
 0.8989899    0.2938476562E+000    0.1235180664E+001
 0.9090909    0.2490234375E+000    0.1233496094E+001
 0.9191919    0.2224365234E+000    0.1218994141E+001
 0.9292929    0.1891357422E+000    0.1205981445E+001
 0.9393939    0.1659912109E+000    0.1210742187E+001
 0.9494949    0.1372802734E+000    0.1195068359E+001
 0.9595960    0.9467773437E-001    0.1187939453E+001
 0.9696970    0.7673339844E-001    0.1195800781E+001
 0.9797980    0.7480468750E-001    0.1204833984E+001
 0.9898990    0.0000000000E+000    0.1178149414E+001
 1.0000000    0.1611328125E-002    0.1175805664E+001


#   100 bins for weightfunction of Ar                      
 0.0000000    0.1255493164E+001    0.4031005859E+000
 0.0101010    0.1281542969E+001    0.4180664062E+000
 0.0202020    0.1275170898E+001    0.4120605469E+000
 0.0303030    0.1302392578E+001    0.4196777344E+000
 0.0404040    0.1317211914E+001    0.4279785156E+000
 0.0505051    0.1359545898E+001    0.4401611328E+000
 0.0606061    0.1393017578E+001    0.4400634766E+000
 0.0707071    0.1436059570E+001    0.4490966797E+000
 0.0808081    0.1476733398E+001    0.4580322266E+000
 0.0909091    0.1525830078E+001    0.4658203125E+000
 0.1010101    0.1588745117E+001    0.4807617187E+000
 0.1111111    0.1635498047E+001    0.4790771484E+000
 0.1212121    0.1692700195E+001    0.4953369141E+000
 0.1313131    0.1740356445E+001    0.4953125000E+000
 0.1414141    0.1777172852E+001    0.5003173828E+000
 0.1515152    0.1824023437E+001    0.4949218750E+000
 0.1616162    0.1847338867E+001    0.5042724609E+000
 0.1717172    0.1862475586E+001    0.4920654297E+000
 0.1818182    0.1873144531E+001    0.4885742187E+000
 0.1919192    0.1877490234E+001    0.4730468750E+000
 0.2020202    0.1895410156E+001    0.4795654297E+000
 0.2121212    0.1885229492E+001    0.4795410156E+000
 0.2222222    0.1858813477E+001    0.4591308594E+000
 0.2323232    0.1842504883E+001    0.4408935547E+000
 0.2424242    0.1816870117E+001    0.4451416016E+000
 0.2525253    0.1796557617E+001    0.4259033203E+000
 0.2626263    0.1761547852E+001    0.4114257812E+000
 0.2727273    0.1731396484E+001    0.4070800781E+000
 0.2828283    0.1727758789E+001    0.3912841797E+000
 0.2929293    0.1673144531E+001    0.3705078125E+000
 0.3030303    0.1644091797E+001    0.3654541016E+000
 0.3131313    0.1607568359E+001    0.3538085937E+000
 0.3232323    0.1577343750E+001    0.3312500000E+000
 0.3333333    0.1521948242E+001    0.3157714844E+000
 0.3434343    0.1484082031E+001    0.2964843750E+000
 0.3535354    0.1464648437E+001    0.2980224609E+000
 0.3636364    0.1414111328E+001    0.2714111328E+000
 0.3737374    0.1369775391E+001    0.2555664062E+000
 0.3838384    0.1324731445E+001    0.2270751953E+000
 0.3939394    0.1279589844E+001    0.2144775391E+000
 0.4040404    0.1240771484E+001    0.1856689453E+000
 0.4141414    0.1189111328E+001    0.1755371094E+000
 0.4242424    0.1140771484E+001    0.1606933594E+000
 0.4343434    0.1095019531E+001    0.1419677734E+000
 0.4444444    0.1059497070E+001    0.1213134766E+000
 0.4545455    0.9989990234E+000    0.1004150391E+000
 0.4646465    0.9519042969E+000    0.9565429687E-001
 0.4747475    0.8967041015E+000    0.6027832031E-001
 0.4848485    0.8452148437E+000    0.5551757812E-001
 0.4949495    0.7964599609E+000    0.2087402344E-001
 0.5050505    0.7891357422E+000    0.1762695312E-001
 0.5151515    0.7694091797E+000    0.1909179687E-001
 0.5252525    0.7692382812E+000    0.1960449219E-001
 0.5353535    0.7821044922E+000    0.2407226562E-001
 0.5454545    0.7743408203E+000    0.2111816406E-001
 0.5555556    0.7724121094E+000    0.1647949219E-001
 0.5656566    0.7750488281E+000    0.1391601562E-001
 0.5757576    0.7754882812E+000    0.1447753906E-001
 0.5858586    0.7762695312E+000    0.1601562500E-001
 0.5959596    0.7600830078E+000    0.1960449219E-001
 0.6060606    0.7652832031E+000    0.2868652344E-001
 0.6161616    0.7772216797E+000    0.2275390625E-001
 0.6262626    0.7720214844E+000    0.1623535156E-001
 0.6363636    0.7793457031E+000    0.1240234375E-001
 0.6464646    0.7644775391E+000    0.8935546875E-002
 0.6565657    0.7631591797E+000    0.1386718750E-001
 0.6666667    0.7579589844E+000    0.1906738281E-001
 0.6767677    0.7767822266E+000    0.1992187500E-001
 0.6868687    0.7622802734E+000    0.1357421875E-001
 0.6969697    0.7646972656E+000    0.1313476562E-001
 0.7070707    0.7746337891E+000    0.1882324219E-001
 0.7171717    0.7747802734E+000    0.1718750000E-001
 0.7272727    0.7828125000E+000    0.1984863281E-001
 0.7373737    0.7692871094E+000    0.1296386719E-001
 0.7474747    0.7801513672E+000    0.1867675781E-001
 0.7575758    0.7744384766E+000    0.1594238281E-001
 0.7676768    0.7670166016E+000    0.1042480469E-001
 0.7777778    0.7748779297E+000    0.1259765625E-001
 0.7878788    0.7687988281E+000    0.8496093750E-002
 0.7979798    0.7640136719E+000    0.5126953125E-002
 0.8080808    0.7792480469E+000    0.1459960937E-001
 0.8181818    0.7705322266E+000    0.1201171875E-001
 0.8282828    0.7775634766E+000    0.2026367187E-001
 0.8383838    0.7754882812E+000    0.1323242187E-001
 0.8484848    0.7767578125E+000    0.1369628906E-001
 0.8585859    0.7702148437E+000    0.7788085937E-002
 0.8686869    0.7657226562E+000    0.8935546875E-002
 0.8787879    0.7772705078E+000    0.1635742187E-001
 0.8888889    0.7761474609E+000    0.1635742187E-001
 0.8989899    0.7639648437E+000    0.1440429687E-002
 0.9090909    0.7766845703E+000    0.1677246094E-001
 0.9191919    0.7708984375E+000    0.5395507812E-002
 0.9292929    0.7695312500E+000    0.0000000000E+000
 0.9393939    0.7832763672E+000    0.1420898437E-001
 0.9494949    0.7700195312E+000    0.1086425781E-001
 0.9595960    0.7784912109E+000    0.1867675781E-001
 0.9696970    0.7717773437E+000    0.1435546875E-001
 0.9797980    0.7693603516E+000    0.6811523437E-002
 0.9898990    0.7722656250E+000    0.6152343750E-002
 1.0000000    0.7635498047E+000    0.4345703125E-002


