 0.0000000   0.1407204649E+000   0.9700189842E+000   0.6984625371E+000   0.9563142494E+000
 0.0101010   0.1430395109E+000   0.9773587279E+000   0.7223457685E+000   0.9902058734E+000
 0.0202020   0.1400682262E+000   0.1005593325E+001   0.7167987863E+000   0.1005357423E+001
 0.0303030   0.1364576939E+000   0.1012842230E+001   0.7204635415E+000   0.1018081093E+001
 0.0404040   0.1305626924E+000   0.9879504866E+000   0.7171463347E+000   0.9948168712E+000
 0.0505051   0.1216551555E+000   0.1023034300E+001   0.7168954253E+000   0.1010979050E+001
 0.0606061   0.1151031408E+000   0.9939660081E+000   0.7241773222E+000   0.1004502730E+001
 0.0707071   0.1038947967E+000   0.1021966444E+001   0.7144647137E+000   0.9934331771E+000
 0.0808081   0.9409205009E-001   0.1037215185E+001   0.7118952179E+000   0.1008353782E+001
 0.0909091   0.8628629526E-001   0.9940568465E+000   0.7142775591E+000   0.9821879481E+000
 0.1010101   0.7920458411E-001   0.1015587569E+001   0.7153114499E+000   0.9746931027E+000
 0.1111111   0.7320385151E-001   0.1007274845E+001   0.7152752359E+000   0.1008669604E+001
 0.1212121   0.6694840755E-001   0.9835397771E+000   0.7142641526E+000   0.9902670638E+000
 0.1313131   0.6370994385E-001   0.1039132885E+001   0.7261360176E+000   0.1019762844E+001
 0.1414141   0.6151549016E-001   0.1021415357E+001   0.7260152023E+000   0.1021815685E+001
 0.1515152   0.5896354661E-001   0.1049678215E+001   0.7286265170E+000   0.9985672548E+000
 0.1616162   0.5846486666E-001   0.1045544058E+001   0.7333518945E+000   0.9974243747E+000
 0.1717172   0.5714415169E-001   0.1017154027E+001   0.7544951691E+000   0.1010981024E+001
 0.1818182   0.5874529780E-001   0.1061733482E+001   0.7445901906E+000   0.1029087481E+001
 0.1919192   0.5936793028E-001   0.1008276086E+001   0.7614421642E+000   0.1032354263E+001
 0.2020202   0.6133670824E-001   0.1039540648E+001   0.7473405742E+000   0.9862166496E+000
 0.2121212   0.6308049274E-001   0.1026883830E+001   0.7757028366E+000   0.1018106753E+001
 0.2222222   0.6776454804E-001   0.1016483841E+001   0.7698695348E+000   0.9909263418E+000
 0.2323232   0.7082991306E-001   0.1009299532E+001   0.7847421902E+000   0.1004015180E+001
 0.2424242   0.7532188319E-001   0.1036173571E+001   0.7913603950E+000   0.1007108260E+001
 0.2525253   0.8028788172E-001   0.1028369542E+001   0.7955938385E+000   0.1034420922E+001
 0.2626263   0.8797624245E-001   0.1045489555E+001   0.8022102624E+000   0.9833031937E+000
 0.2727273   0.9500922452E-001   0.1042376825E+001   0.8253002479E+000   0.1024960086E+001
 0.2828283   0.1014767563E+000   0.1049924488E+001   0.8274030424E+000   0.1012315371E+001
 0.2929293   0.1112340983E+000   0.1007438354E+001   0.8428239040E+000   0.1018481791E+001
 0.3030303   0.1200469165E+000   0.1062367332E+001   0.8542301504E+000   0.1000237162E+001
 0.3131313   0.1340122291E+000   0.1020125452E+001   0.8590760143E+000   0.9989166326E+000
 0.3232323   0.1460733704E+000   0.1027705413E+001   0.8672564397E+000   0.1015874288E+001
 0.3333333   0.1581135728E+000   0.1021223587E+001   0.8852639940E+000   0.1023923795E+001
 0.3434343   0.1765578634E+000   0.1046044679E+001   0.8904784303E+000   0.9925844061E+000
 0.3535354   0.1962592307E+000   0.1004192395E+001   0.8978823249E+000   0.1000035826E+001
 0.3636364   0.2155290800E+000   0.1023371411E+001   0.9129267971E+000   0.1003217730E+001
 0.3737374   0.2412301453E+000   0.1014893159E+001   0.9195526009E+000   0.9927383692E+000
 0.3838384   0.2671608947E+000   0.9868584070E+000   0.9471233573E+000   0.9855731627E+000
 0.3939394   0.2942160397E+000   0.9901709811E+000   0.9484713966E+000   0.9956340601E+000
 0.4040404   0.3309729646E+000   0.1008778725E+001   0.9572030952E+000   0.9862423101E+000
 0.4141414   0.3620426191E+000   0.9870542143E+000   0.9814698629E+000   0.1007299727E+001
 0.4242424   0.4055418699E+000   0.9832309265E+000   0.9765888263E+000   0.9801962970E+000
 0.4343434   0.4555803734E+000   0.9732730180E+000   0.1003716773E+001   0.9957742060E+000
 0.4444444   0.5183884913E+000   0.1024221255E+001   0.1032929606E+001   0.1057420642E+001
 0.4545455   0.5722420511E+000   0.9872197421E+000   0.1035848673E+001   0.9986442363E+000
 0.4646465   0.6405155864E+000   0.9869855808E+000   0.1062759028E+001   0.1000578645E+001
 0.4747475   0.7187297843E+000   0.1014679184E+001   0.1077600698E+001   0.1002398568E+001
 0.4848485   0.8198446778E+000   0.9845188133E+000   0.1085788937E+001   0.1004830395E+001
 0.4949495   0.9003412315E+000   0.9472205616E+000   0.1105043322E+001   0.9877582546E+000
 0.5050505   0.9779651321E+000   0.9950419386E+000   0.1106465968E+001   0.9782026721E+000
 0.5151515   0.9722720657E+000   0.9878737786E+000   0.1119971250E+001   0.9951741446E+000
 0.5252525   0.9780967950E+000   0.9560762974E+000   0.1118160458E+001   0.1008083360E+001
 0.5353535   0.9919086600E+000   0.9910793652E+000   0.1109273092E+001   0.9994179997E+000
 0.5454545   0.9962578480E+000   0.9750373018E+000   0.1126338716E+001   0.9655283496E+000
 0.5555556   0.9969880961E+000   0.1009511488E+001   0.1126159665E+001   0.1030297474E+001
 0.5656566   0.1001793174E+001   0.9532825116E+000   0.1101701686E+001   0.9654809763E+000
 0.5757576   0.1007191026E+001   0.9544654296E+000   0.1119418370E+001   0.9873654513E+000
 0.5858586   0.1025366974E+001   0.9783640063E+000   0.1106667757E+001   0.1000022009E+001
 0.5959596   0.1041008475E+001   0.9756146304E+000   0.1114614757E+001   0.9774071960E+000
 0.6060606   0.1059152964E+001   0.9636340532E+000   0.1109474101E+001   0.9686451157E+000
 0.6161616   0.1068922433E+001   0.9912045204E+000   0.1117274736E+001   0.9847757128E+000
 0.6262626   0.1087159723E+001   0.9993537352E+000   0.1121726335E+001   0.1007621470E+001
 0.6363636   0.1098106752E+001   0.9689410351E+000   0.1120511444E+001   0.9892031392E+000
 0.6464646   0.1118913019E+001   0.9960916269E+000   0.1124267840E+001   0.9991002040E+000
 0.6565657   0.1135011296E+001   0.9672554779E+000   0.1126584695E+001   0.9924620251E+000
 0.6666667   0.1152611895E+001   0.9816523568E+000   0.1146194979E+001   0.1027115569E+001
 0.6767677   0.1187694137E+001   0.9577012956E+000   0.1132772678E+001   0.9888912652E+000
 0.6868687   0.1218912273E+001   0.9816765803E+000   0.1134708715E+001   0.1006762830E+001
 0.6969697   0.1249093016E+001   0.9712059395E+000   0.1134955980E+001   0.9948997745E+000
 0.7070707   0.1273143739E+001   0.9866202085E+000   0.1149262892E+001   0.9866824867E+000
 0.7171717   0.1304403089E+001   0.9910389926E+000   0.1139053078E+001   0.9823063813E+000
 0.7272727   0.1337089676E+001   0.9784609006E+000   0.1143959231E+001   0.9967828618E+000
 0.7373737   0.1384048369E+001   0.9856391537E+000   0.1157118598E+001   0.1021464333E+001
 0.7474747   0.1416112091E+001   0.1005197673E+001   0.1155867934E+001   0.9935516103E+000
 0.7575758   0.1464246642E+001   0.1001596435E+001   0.1156498487E+001   0.1010892199E+001
 0.7676768   0.1511643152E+001   0.9951166279E+000   0.1167681762E+001   0.1011166570E+001
 0.7777778   0.1560061145E+001   0.9959947326E+000   0.1162154175E+001   0.1006379896E+001
 0.7878788   0.1597359089E+001   0.9866888420E+000   0.1151970993E+001   0.9703150233E+000
 0.7979798   0.1649576968E+001   0.9669183664E+000   0.1163426933E+001   0.9822234781E+000
 0.8080808   0.1720364676E+001   0.9969596384E+000   0.1162583024E+001   0.1001466893E+001
 0.8181818   0.1801581177E+001   0.1000677957E+001   0.1184409641E+001   0.1002163675E+001
 0.8282828   0.1854765217E+001   0.9884006414E+000   0.1181907097E+001   0.1008146524E+001
 0.8383838   0.1944742905E+001   0.9912226880E+000   0.1175475188E+001   0.9842802673E+000
 0.8484848   0.1999027860E+001   0.9940427161E+000   0.1180490077E+001   0.9893018335E+000
 0.8585859   0.2097969096E+001   0.9873590276E+000   0.1195868188E+001   0.9948030540E+000
 0.8686869   0.2178822432E+001   0.9905948937E+000   0.1193396247E+001   0.9951445363E+000
 0.8787879   0.2279957102E+001   0.9806390038E+000   0.1195117936E+001   0.9817990925E+000
 0.8888889   0.2377136130E+001   0.9819006484E+000   0.1210114939E+001   0.1007988613E+001
 0.8989899   0.2492630958E+001   0.9839535965E+000   0.1208503630E+001   0.9838618035E+000
 0.9090909   0.2618957670E+001   0.1003952177E+001   0.1221592570E+001   0.1010092776E+001
 0.9191919   0.2744652613E+001   0.9986795123E+000   0.1226337801E+001   0.1010063167E+001
 0.9292929   0.2865677336E+001   0.9960754778E+000   0.1218760761E+001   0.9965380999E+000
 0.9393939   0.3017520071E+001   0.9925368171E+000   0.1223346867E+001   0.9995739367E+000
 0.9494949   0.3180786590E+001   0.9978760970E+000   0.1241345000E+001   0.1006417400E+001
 0.9595960   0.3369011308E+001   0.1007470652E+001   0.1251515298E+001   0.1016634234E+001
 0.9696970   0.3535713849E+001   0.1035852609E+001   0.1257187084E+001   0.1039772127E+001
 0.9797980   0.3735155684E+001   0.9746335755E+000   0.1255625868E+001   0.9822392691E+000
 0.9898990   0.3925823539E+001   0.9991619652E+000   0.1256974212E+001   0.1014387952E+001
 1.0000000   0.4060729234E+001   0.9802211471E+000   0.1255218912E+001   0.9895150132E+000


 0.0000000   0.1094214876E+001   0.9538165829E+000   0.8660206096E+000   0.9330104863E+000
 0.0101010   0.1089093938E+001   0.9464382693E+000   0.8671165847E+000   0.9551039159E+000
 0.0202020   0.1092681809E+001   0.1008894279E+001   0.8762924079E+000   0.9950752338E+000
 0.0303030   0.1069629148E+001   0.9790388890E+000   0.8711998993E+000   0.9463460013E+000
 0.0404040   0.1034283680E+001   0.9930114560E+000   0.8777503523E+000   0.9799372518E+000
 0.0505051   0.9722726248E+000   0.9996220014E+000   0.8616049312E+000   0.9813483036E+000
 0.0606061   0.9341168002E+000   0.9606918761E+000   0.8733785555E+000   0.9490311095E+000
 0.0707071   0.8644049423E+000   0.9798718259E+000   0.8675815866E+000   0.1003396720E+001
 0.0808081   0.8110411319E+000   0.9945795767E+000   0.8694663624E+000   0.9965019421E+000
 0.0909091   0.7422308509E+000   0.9973390620E+000   0.8613638854E+000   0.9736276392E+000
 0.1010101   0.6837917925E+000   0.1031961947E+001   0.8669854818E+000   0.1019656107E+001
 0.1111111   0.6354950824E+000   0.1021541071E+001   0.8739195533E+000   0.1006244266E+001
 0.1212121   0.5776401312E+000   0.1011097794E+001   0.8684323610E+000   0.9933823632E+000
 0.1313131   0.5250603215E+000   0.1004652207E+001   0.8520761199E+000   0.9670420788E+000
 0.1414141   0.4869906373E+000   0.9948178496E+000   0.8788460610E+000   0.1000999303E+001
 0.1515152   0.4516784819E+000   0.1023080681E+001   0.8580031061E+000   0.9751248022E+000
 0.1616162   0.4236867498E+000   0.9860506290E+000   0.8699495897E+000   0.9787845341E+000
 0.1717172   0.4004365697E+000   0.9911419302E+000   0.8739264547E+000   0.1000055992E+001
 0.1818182   0.3918460579E+000   0.9859284378E+000   0.8811104261E+000   0.9751952570E+000
 0.1919192   0.3760758475E+000   0.1008953338E+001   0.8725408581E+000   0.9915290123E+000
 0.2020202   0.3744406244E+000   0.1034257105E+001   0.8834611353E+000   0.1024137811E+001
 0.2121212   0.3700778624E+000   0.9949135661E+000   0.8825216002E+000   0.9732831938E+000
 0.2222222   0.3709397033E+000   0.1003481208E+001   0.8901952242E+000   0.1010403052E+001
 0.2323232   0.3742675957E+000   0.9999783925E+000   0.8889866598E+000   0.9826986859E+000
 0.2424242   0.3757135241E+000   0.9820101724E+000   0.8899697705E+000   0.1001709721E+001
 0.2525253   0.3914228168E+000   0.1013838951E+001   0.9000316210E+000   0.9986449402E+000
 0.2626263   0.3989638323E+000   0.1005947434E+001   0.9126068065E+000   0.1006074000E+001
 0.2727273   0.4094482554E+000   0.1016724700E+001   0.9121762091E+000   0.1005034793E+001
 0.2828283   0.4225063943E+000   0.1012773851E+001   0.9179648922E+000   0.1000065777E+001
 0.2929293   0.4362870317E+000   0.1015981370E+001   0.9253209513E+000   0.9982359114E+000
 0.3030303   0.4603107624E+000   0.1026432793E+001   0.9249294366E+000   0.1013837720E+001
 0.3131313   0.4720615435E+000   0.9919606114E+000   0.9366964086E+000   0.1009510626E+001
 0.3232323   0.4975138971E+000   0.1022475834E+001   0.9407822566E+000   0.9762090223E+000
 0.3333333   0.5144355586E+000   0.1025595784E+001   0.9466600203E+000   0.9945213813E+000
 0.3434343   0.5425466589E+000   0.1030116859E+001   0.9574497408E+000   0.9699522507E+000
 0.3535354   0.5705389633E+000   0.1006904599E+001   0.9599199150E+000   0.1035389040E+001
 0.3636364   0.5965470146E+000   0.9992330260E+000   0.9853177527E+000   0.1006353862E+001
 0.3737374   0.6258923860E+000   0.1007476861E+001   0.9805740542E+000   0.1035729571E+001
 0.3838384   0.6604429916E+000   0.9688766518E+000   0.9882922928E+000   0.1018305725E+001
 0.3939394   0.7026825850E+000   0.9863316688E+000   0.1002146782E+001   0.1023585915E+001
 0.4040404   0.7434250415E+000   0.1006185707E+001   0.9989398667E+000   0.9740327539E+000
 0.4141414   0.7846207799E+000   0.9813462667E+000   0.1012775526E+001   0.1019368417E+001
 0.4242424   0.8289520194E+000   0.1015881581E+001   0.1014321002E+001   0.1001868244E+001
 0.4343434   0.8855773023E+000   0.1005491253E+001   0.1019800344E+001   0.9693455572E+000
 0.4444444   0.9318863811E+000   0.9918506393E+000   0.1035868013E+001   0.1017904524E+001
 0.4545455   0.9940173209E+000   0.9984550752E+000   0.1042254896E+001   0.1026175127E+001
 0.4646465   0.1055094757E+001   0.9965325999E+000   0.1046318985E+001   0.1036443904E+001
 0.4747475   0.1127336529E+001   0.1021787490E+001   0.1043478209E+001   0.1000697913E+001
 0.4848485   0.1194671170E+001   0.9911826606E+000   0.1063874064E+001   0.9799900929E+000
 0.4949495   0.1278187662E+001   0.9647078944E+000   0.1065150426E+001   0.9979286505E+000
 0.5050505   0.1319044338E+001   0.1005656212E+001   0.1060066712E+001   0.9544130681E+000
 0.5151515   0.1317806877E+001   0.1003165547E+001   0.1063125078E+001   0.9925780050E+000
 0.5252525   0.1312820007E+001   0.9972413090E+000   0.1079468142E+001   0.1013869034E+001
 0.5353535   0.1303048922E+001   0.9894475451E+000   0.1079194118E+001   0.1016473902E+001
 0.5454545   0.1316773983E+001   0.9863540705E+000   0.1070868205E+001   0.9973297852E+000
 0.5555556   0.1321257933E+001   0.9908975477E+000   0.1079913846E+001   0.1024901070E+001
 0.5656566   0.1334115723E+001   0.1004381350E+001   0.1074867488E+001   0.1009461699E+001
 0.5757576   0.1315786715E+001   0.1009018507E+001   0.1081919582E+001   0.1005169831E+001
 0.5858586   0.1326593554E+001   0.1002422217E+001   0.1074664652E+001   0.1000744883E+001
 0.5959596   0.1314752705E+001   0.1032440529E+001   0.1084282674E+001   0.9955410179E+000
 0.6060606   0.1316775584E+001   0.9765074941E+000   0.1071591833E+001   0.9985490435E+000
 0.6161616   0.1323622056E+001   0.1007132689E+001   0.1075139338E+001   0.9983220227E+000
 0.6262626   0.1326448297E+001   0.1002522007E+001   0.1065448025E+001   0.1005651272E+001
 0.6363636   0.1322979992E+001   0.9828227440E+000   0.1067711050E+001   0.9859963588E+000
 0.6464646   0.1322045190E+001   0.1008393295E+001   0.1080315766E+001   0.9896326058E+000
 0.6565657   0.1306899947E+001   0.1004601294E+001   0.1070689111E+001   0.1013031405E+001
 0.6666667   0.1325818627E+001   0.1015001804E+001   0.1073239907E+001   0.1006894015E+001
 0.6767677   0.1319255439E+001   0.1026984691E+001   0.1072315368E+001   0.1004549438E+001
 0.6868687   0.1329791006E+001   0.1011564157E+001   0.1073642086E+001   0.9922120318E+000
 0.6969697   0.1305109853E+001   0.9882113772E+000   0.1077114921E+001   0.1026865974E+001
 0.7070707   0.1318983509E+001   0.9704529187E+000   0.1074668931E+001   0.9754477198E+000
 0.7171717   0.1337143969E+001   0.1011645618E+001   0.1078210368E+001   0.1014986524E+001
 0.7272727   0.1313288223E+001   0.9907916487E+000   0.1075221791E+001   0.9967622332E+000
 0.7373737   0.1324947808E+001   0.1018239872E+001   0.1071618086E+001   0.1029308405E+001
 0.7474747   0.1329105011E+001   0.9956182022E+000   0.1082219235E+001   0.9973924117E+000
 0.7575758   0.1318095440E+001   0.1022149991E+001   0.1075313715E+001   0.1029564782E+001
 0.7676768   0.1333254001E+001   0.1014195342E+001   0.1071901518E+001   0.1002263574E+001
 0.7777778   0.1319483797E+001   0.9954369519E+000   0.1071548628E+001   0.1006847045E+001
 0.7878788   0.1319915098E+001   0.9660438519E+000   0.1076945655E+001   0.9762442496E+000
 0.7979798   0.1323930650E+001   0.9980436981E+000   0.1076191761E+001   0.1006230566E+001
 0.8080808   0.1321617081E+001   0.1007248771E+001   0.1076212597E+001   0.1021029974E+001
 0.8181818   0.1310810371E+001   0.9726401417E+000   0.1074520208E+001   0.1005322483E+001
 0.8282828   0.1316507815E+001   0.1000143351E+001   0.1076633249E+001   0.1018110017E+001
 0.8383838   0.1321536650E+001   0.9981516337E+000   0.1076269722E+001   0.1013812278E+001
 0.8484848   0.1315532136E+001   0.1005075803E+001   0.1067867487E+001   0.1011015617E+001
 0.8585859   0.1312176326E+001   0.9940093510E+000   0.1064444973E+001   0.9963140628E+000
 0.8686869   0.1319117765E+001   0.1003434368E+001   0.1076362004E+001   0.1014538353E+001
 0.8787879   0.1308056646E+001   0.9723163349E+000   0.1068075756E+001   0.1004314589E+001
 0.8888889   0.1306993693E+001   0.9972535281E+000   0.1063226091E+001   0.9969970823E+000
 0.8989899   0.1314566418E+001   0.9827311006E+000   0.1071844414E+001   0.1000445450E+001
 0.9090909   0.1323188431E+001   0.1008150949E+001   0.1073278826E+001   0.1020442851E+001
 0.9191919   0.1315519266E+001   0.9921825921E+000   0.1072638871E+001   0.9982261260E+000
 0.9292929   0.1324886546E+001   0.1004267305E+001   0.1070502299E+001   0.1002676517E+001
 0.9393939   0.1332295099E+001   0.1029251338E+001   0.1081710525E+001   0.1031380949E+001
 0.9494949   0.1313736579E+001   0.1000180008E+001   0.1065688809E+001   0.9968757436E+000
 0.9595960   0.1320629060E+001   0.1008806709E+001   0.1068211200E+001   0.1030410239E+001
 0.9696970   0.1314836004E+001   0.1025223100E+001   0.1073311347E+001   0.1060508109E+001
 0.9797980   0.1323851303E+001   0.1010725111E+001   0.1072201732E+001   0.1006406703E+001
 0.9898990   0.1300555808E+001   0.9729517293E+000   0.1057925786E+001   0.9818003881E+000
 1.0000000   0.1317212315E+001   0.9966099877E+000   0.1063306465E+001   0.9933079943E+000


