 0.0000000   0.1479199314E+000   0.9417454214E+000   0.6428939927E+000   0.1007010869E+001
 0.0101010   0.1458386479E+000   0.9432085154E+000   0.6359928242E+000   0.1024179285E+001
 0.0202020   0.1424357430E+000   0.9642936588E+000   0.6299690222E+000   0.1042165355E+001
 0.0303030   0.1392955775E+000   0.9454393366E+000   0.6387233778E+000   0.1010481301E+001
 0.0404040   0.1318661350E+000   0.9423631329E+000   0.6314387169E+000   0.9980166862E+000
 0.0505051   0.1235362355E+000   0.9727368936E+000   0.6235692873E+000   0.1026719522E+001
 0.0606061   0.1159147871E+000   0.9666780255E+000   0.6276547129E+000   0.1009144576E+001
 0.0707071   0.1080720861E+000   0.9660285459E+000   0.6275382469E+000   0.9979362990E+000
 0.0808081   0.9903553818E-001   0.9586866026E+000   0.6303102808E+000   0.1019962401E+001
 0.0909091   0.8988001623E-001   0.9408859198E+000   0.6352098667E+000   0.1038963646E+001
 0.1010101   0.8362240428E-001   0.1002337632E+001   0.6470895539E+000   0.1064680670E+001
 0.1111111   0.7839296895E-001   0.9813795610E+000   0.6392961464E+000   0.1046846188E+001
 0.1212121   0.7371686581E-001   0.1019111149E+001   0.6416748476E+000   0.1044514959E+001
 0.1313131   0.6853100980E-001   0.9583742170E+000   0.6398489301E+000   0.1005651177E+001
 0.1414141   0.6542638207E-001   0.9914659086E+000   0.6444510730E+000   0.9987815133E+000
 0.1515152   0.6573799255E-001   0.1008904789E+001   0.6576760289E+000   0.1033469753E+001
 0.1616162   0.6333305584E-001   0.1000615100E+001   0.6471162568E+000   0.9860504723E+000
 0.1717172   0.6359778025E-001   0.1042640665E+001   0.6624574043E+000   0.1031855118E+001
 0.1818182   0.6358067979E-001   0.1017150356E+001   0.6722445998E+000   0.1024340060E+001
 0.1919192   0.6680010707E-001   0.1048339496E+001   0.6795305917E+000   0.1018981677E+001
 0.2020202   0.6855106132E-001   0.1032714923E+001   0.6975572515E+000   0.1013359164E+001
 0.2121212   0.7076710790E-001   0.1055289634E+001   0.6932890815E+000   0.1004532646E+001
 0.2222222   0.7572724825E-001   0.1038143725E+001   0.7032217353E+000   0.1019797033E+001
 0.2323232   0.7892346318E-001   0.1062945727E+001   0.7051906134E+000   0.9842061595E+000
 0.2424242   0.8346031544E-001   0.1028867462E+001   0.7223723011E+000   0.1022498044E+001
 0.2525253   0.8901360089E-001   0.1070301790E+001   0.7242809088E+000   0.9990180814E+000
 0.2626263   0.9630239956E-001   0.1062054458E+001   0.7400206907E+000   0.9879269400E+000
 0.2727273   0.1031042093E+000   0.1002627074E+001   0.7512603587E+000   0.9778440842E+000
 0.2828283   0.1122953376E+000   0.9970959084E+000   0.7636039238E+000   0.1019105703E+001
 0.2929293   0.1214453647E+000   0.1042594778E+001   0.7764816245E+000   0.9988182617E+000
 0.3030303   0.1328842349E+000   0.1021218428E+001   0.7961221581E+000   0.1014732637E+001
 0.3131313   0.1442628352E+000   0.1027736168E+001   0.8126247411E+000   0.1007001682E+001
 0.3232323   0.1600453392E+000   0.1035976440E+001   0.8214450635E+000   0.1014395011E+001
 0.3333333   0.1740192198E+000   0.1011665077E+001   0.8467371044E+000   0.1008770201E+001
 0.3434343   0.1917460701E+000   0.1028383882E+001   0.8527736565E+000   0.1002274913E+001
 0.3535354   0.2123437917E+000   0.1031970139E+001   0.8568591054E+000   0.1000304277E+001
 0.3636364   0.2336607300E+000   0.1031883660E+001   0.8776336005E+000   0.9991260300E+000
 0.3737374   0.2600335489E+000   0.1085333360E+001   0.8988522726E+000   0.9954741528E+000
 0.3838384   0.2874081907E+000   0.1029591067E+001   0.9150074158E+000   0.9892269164E+000
 0.3939394   0.3169083357E+000   0.1047389985E+001   0.9507177411E+000   0.1035075201E+001
 0.4040404   0.3523146445E+000   0.1039665061E+001   0.9637187380E+000   0.9824123758E+000
 0.4141414   0.3900474256E+000   0.1067585624E+001   0.9654890212E+000   0.9855199166E+000
 0.4242424   0.4446532904E+000   0.1046578136E+001   0.9884160050E+000   0.9752050862E+000
 0.4343434   0.4902684712E+000   0.1029545180E+001   0.1015715292E+001   0.1006997089E+001
 0.4444444   0.5350308939E+000   0.9793870000E+000   0.1028850944E+001   0.1023827878E+001
 0.4545455   0.6017657028E+000   0.1011772736E+001   0.1060417299E+001   0.1007419696E+001
 0.4646465   0.6767903933E+000   0.1002459410E+001   0.1072518957E+001   0.9897023495E+000
 0.4747475   0.7726455456E+000   0.1047254088E+001   0.1102298790E+001   0.9891993551E+000
 0.4848485   0.8613282383E+000   0.1044131998E+001   0.1110125888E+001   0.9821321689E+000
 0.4949495   0.9537533139E+000   0.1041839405E+001   0.1138172126E+001   0.1003014475E+001
 0.5050505   0.1012064535E+001   0.9841592631E+000   0.1158788184E+001   0.9861744984E+000
 0.5151515   0.1012485798E+001   0.9952904257E+000   0.1160219199E+001   0.9748307114E+000
 0.5252525   0.1020547225E+001   0.1005052034E+001   0.1167472789E+001   0.1013464816E+001
 0.5353535   0.1010649629E+001   0.9755430691E+000   0.1137342808E+001   0.9684939006E+000
 0.5454545   0.1035509877E+001   0.9891980247E+000   0.1167089192E+001   0.9887675608E+000
 0.5555556   0.1038965429E+001   0.9907846610E+000   0.1165068793E+001   0.9900032274E+000
 0.5656566   0.1049112379E+001   0.1007694074E+001   0.1153655568E+001   0.9707056979E+000
 0.5757576   0.1053488431E+001   0.9964799618E+000   0.1163597036E+001   0.9933634138E+000
 0.5858586   0.1056807720E+001   0.9708431664E+000   0.1162944606E+001   0.9729978825E+000
 0.5959596   0.1078298890E+001   0.1025833616E+001   0.1161235533E+001   0.1001057620E+001
 0.6060606   0.1091016271E+001   0.9953680809E+000   0.1171896832E+001   0.1003370476E+001
 0.6161616   0.1109001021E+001   0.1001940532E+001   0.1173442082E+001   0.9799548233E+000
 0.6262626   0.1114547088E+001   0.9950786389E+000   0.1161616223E+001   0.1011925974E+001
 0.6363636   0.1132802640E+001   0.9964376044E+000   0.1162589329E+001   0.9939353115E+000
 0.6464646   0.1157343382E+001   0.1037838399E+001   0.1168764183E+001   0.9921300439E+000
 0.6565657   0.1168936953E+001   0.9771085267E+000   0.1174564266E+001   0.9918957726E+000
 0.6666667   0.1184637042E+001   0.1009570153E+001   0.1176395357E+001   0.9935770141E+000
 0.6767677   0.1218617917E+001   0.9887603319E+000   0.1168306567E+001   0.1004544130E+001
 0.6868687   0.1229367562E+001   0.1000592156E+001   0.1184334141E+001   0.9910919002E+000
 0.6969697   0.1249963736E+001   0.9685170411E+000   0.1188548211E+001   0.1000660278E+001
 0.7070707   0.1310001532E+001   0.9970182533E+000   0.1184788700E+001   0.9851340579E+000
 0.7171717   0.1327039224E+001   0.1028525073E+001   0.1187800399E+001   0.1014473101E+001
 0.7272727   0.1353835477E+001   0.1004695526E+001   0.1186171657E+001   0.9894841556E+000
 0.7373737   0.1394983199E+001   0.9978036294E+000   0.1197877613E+001   0.1001344718E+001
 0.7474747   0.1443148390E+001   0.1011744497E+001   0.1198468166E+001   0.1017945830E+001
 0.7575758   0.1481411925E+001   0.9839210029E+000   0.1197349961E+001   0.9878580367E+000
 0.7676768   0.1519470911E+001   0.9819160877E+000   0.1208648526E+001   0.9807586956E+000
 0.7777778   0.1566499484E+001   0.9769532164E+000   0.1211984920E+001   0.9786502533E+000
 0.7878788   0.1608712608E+001   0.9829785516E+000   0.1207416742E+001   0.9825318083E+000
 0.7979798   0.1673077268E+001   0.1006253924E+001   0.1217991475E+001   0.9915030235E+000
 0.8080808   0.1726940289E+001   0.1003903090E+001   0.1219833902E+001   0.1012603524E+001
 0.8181818   0.1794225102E+001   0.9855923540E+000   0.1228707483E+001   0.1000281309E+001
 0.8282828   0.1849905108E+001   0.9644189660E+000   0.1238466162E+001   0.9679220029E+000
 0.8383838   0.1906271917E+001   0.9778586050E+000   0.1234148162E+001   0.9867280219E+000
 0.8484848   0.1989013379E+001   0.9586477750E+000   0.1243555046E+001   0.9894106587E+000
 0.8585859   0.2107920987E+001   0.9781021599E+000   0.1246666641E+001   0.9862479953E+000
 0.8686869   0.2161511238E+001   0.9939949963E+000   0.1256951555E+001   0.9966524000E+000
 0.8787879   0.2232380637E+001   0.9880755545E+000   0.1251497564E+001   0.9914364170E+000
 0.8888889   0.2344219461E+001   0.9527689257E+000   0.1261161225E+001   0.9781977881E+000
 0.8989899   0.2416979803E+001   0.9802359122E+000   0.1254379675E+001   0.9993534110E+000
 0.9090909   0.2523626857E+001   0.9563728315E+000   0.1270033645E+001   0.9751775249E+000
 0.9191919   0.2682151665E+001   0.9695883295E+000   0.1291341958E+001   0.9984117320E+000
 0.9292929   0.2790281561E+001   0.9767008371E+000   0.1287206581E+001   0.9830646608E+000
 0.9393939   0.2930091910E+001   0.9596096402E+000   0.1295534266E+001   0.9928213741E+000
 0.9494949   0.3056595738E+001   0.9550385745E+000   0.1303832158E+001   0.9778739423E+000
 0.9595960   0.3216194342E+001   0.9688117778E+000   0.1304189925E+001   0.9871023967E+000
 0.9696970   0.3394466995E+001   0.9718668027E+000   0.1318781062E+001   0.9939330147E+000
 0.9797980   0.3565171530E+001   0.9645089754E+000   0.1317889489E+001   0.9835814359E+000
 0.9898990   0.3735788456E+001   0.9737764140E+000   0.1325171947E+001   0.9858690269E+000
 1.0000000   0.3845885212E+001   0.9698407088E+000   0.1317822327E+001   0.9920335793E+000


 0.0000000   0.1047576922E+001   0.9342404953E+000   0.8401824292E+000   0.1028890201E+001
 0.0101010   0.1061311185E+001   0.9370219532E+000   0.8496011557E+000   0.1022108326E+001
 0.0202020   0.1038583868E+001   0.9398190961E+000   0.8410598404E+000   0.1031342325E+001
 0.0303030   0.1032432442E+001   0.9200996745E+000   0.8386654328E+000   0.9913353382E+000
 0.0404040   0.9944479640E+000   0.9332976577E+000   0.8476079842E+000   0.1042885990E+001
 0.0505051   0.9442734237E+000   0.9303610934E+000   0.8317012961E+000   0.1020333456E+001
 0.0606061   0.9050077213E+000   0.9528096899E+000   0.8344654655E+000   0.1028226960E+001
 0.0707071   0.8529998285E+000   0.9422798848E+000   0.8393534326E+000   0.1026865447E+001
 0.0808081   0.7867570872E+000   0.9382122639E+000   0.8317280628E+000   0.1032589405E+001
 0.0909091   0.7274558725E+000   0.9786427423E+000   0.8239356760E+000   0.1036344658E+001
 0.1010101   0.6819559908E+000   0.9471265230E+000   0.8310017791E+000   0.1046470762E+001
 0.1111111   0.6312056404E+000   0.9338135171E+000   0.8386308766E+000   0.1017953728E+001
 0.1212121   0.5771249505E+000   0.9518964794E+000   0.8387636033E+000   0.1036365676E+001
 0.1313131   0.5252183251E+000   0.9592858164E+000   0.8263664804E+000   0.1008259664E+001
 0.1414141   0.4928626563E+000   0.9437420672E+000   0.8372177094E+000   0.1014156439E+001
 0.1515152   0.4559262451E+000   0.9700630947E+000   0.8261417374E+000   0.1045296078E+001
 0.1616162   0.4355410051E+000   0.9635991676E+000   0.8286900750E+000   0.1018098520E+001
 0.1717172   0.4090409635E+000   0.9280153274E+000   0.8253695439E+000   0.9828089528E+000
 0.1818182   0.3986752254E+000   0.9867013022E+000   0.8416440091E+000   0.1016839763E+001
 0.1919192   0.3925847448E+000   0.9720428793E+000   0.8299181781E+000   0.1022561385E+001
 0.2020202   0.3813930374E+000   0.9535294532E+000   0.8382050740E+000   0.1020945319E+001
 0.2121212   0.3848827279E+000   0.9731512798E+000   0.8418800679E+000   0.1012077972E+001
 0.2222222   0.3883215234E+000   0.1027259003E+001   0.8577935777E+000   0.1021972876E+001
 0.2323232   0.3940885448E+000   0.9913562359E+000   0.8548994613E+000   0.1009002308E+001
 0.2424242   0.3917990012E+000   0.9739477249E+000   0.8541762227E+000   0.9843923243E+000
 0.2525253   0.4045409695E+000   0.1005542369E+001   0.8617780722E+000   0.1037213410E+001
 0.2626263   0.4101165318E+000   0.1007076005E+001   0.8725337822E+000   0.9852330525E+000
 0.2727273   0.4222406984E+000   0.9796866604E+000   0.8831915135E+000   0.1001512820E+001
 0.2828283   0.4388996977E+000   0.9602269112E+000   0.8829103472E+000   0.1013100858E+001
 0.2929293   0.4575606399E+000   0.9890888946E+000   0.8944374603E+000   0.1004457704E+001
 0.3030303   0.4694258935E+000   0.9653070804E+000   0.8999628158E+000   0.1021010709E+001
 0.3131313   0.4906630806E+000   0.1001016400E+001   0.9066173700E+000   0.9892171702E+000
 0.3232323   0.5082127755E+000   0.1029838300E+001   0.9205055895E+000   0.1001970550E+001
 0.3333333   0.5331122845E+000   0.1010287926E+001   0.9345214801E+000   0.9711601963E+000
 0.3434343   0.5557541060E+000   0.1000498798E+001   0.9333430517E+000   0.1006267606E+001
 0.3535354   0.5858988897E+000   0.1054496726E+001   0.9589779362E+000   0.1004305906E+001
 0.3636364   0.6153477641E+000   0.1002222395E+001   0.9458379651E+000   0.9857982087E+000
 0.3737374   0.6415116550E+000   0.1018050216E+001   0.9604370924E+000   0.1002897687E+001
 0.3838384   0.6789781901E+000   0.9995716450E+000   0.9805490642E+000   0.1032332516E+001
 0.3939394   0.7165535404E+000   0.1010256557E+001   0.9881540846E+000   0.9952587366E+000
 0.4040404   0.7530461536E+000   0.1013273288E+001   0.9846131837E+000   0.9838668692E+000
 0.4141414   0.7997527944E+000   0.1040671346E+001   0.1003341994E+001   0.9928019419E+000
 0.4242424   0.8405377172E+000   0.1016330104E+001   0.1013051538E+001   0.1019233503E+001
 0.4343434   0.8954081415E+000   0.1021054748E+001   0.1020069265E+001   0.9872484649E+000
 0.4444444   0.9302997159E+000   0.9871073672E+000   0.1015976288E+001   0.9431452638E+000
 0.4545455   0.1000938023E+001   0.1012391448E+001   0.1047237723E+001   0.1004698246E+001
 0.4646465   0.1057954632E+001   0.9921056262E+000   0.1062365357E+001   0.1001659948E+001
 0.4747475   0.1133996858E+001   0.1013430137E+001   0.1064466647E+001   0.9959523373E+000
 0.4848485   0.1191321861E+001   0.9975343490E+000   0.1069395464E+001   0.9980144568E+000
 0.4949495   0.1283931065E+001   0.1032077757E+001   0.1091287112E+001   0.9852867657E+000
 0.5050505   0.1308334006E+001   0.1024676220E+001   0.1087005132E+001   0.9738248377E+000
 0.5151515   0.1319995588E+001   0.1045638236E+001   0.1106500253E+001   0.1014382968E+001
 0.5252525   0.1308471986E+001   0.9909902546E+000   0.1087124625E+001   0.9884301551E+000
 0.5353535   0.1318716905E+001   0.1007726057E+001   0.1101160539E+001   0.9929700875E+000
 0.5454545   0.1312681629E+001   0.9802478317E+000   0.1098295541E+001   0.1026062084E+001
 0.5555556   0.1336369475E+001   0.1002429785E+001   0.1086655811E+001   0.9896515464E+000
 0.5656566   0.1331339481E+001   0.1011823305E+001   0.1094541036E+001   0.1010055553E+001
 0.5757576   0.1302615355E+001   0.1012591866E+001   0.1088578511E+001   0.9856767702E+000
 0.5858586   0.1306108639E+001   0.1019474057E+001   0.1088069165E+001   0.9883414116E+000
 0.5959596   0.1320662648E+001   0.1034489748E+001   0.1104914517E+001   0.9996445354E+000
 0.6060606   0.1324884936E+001   0.1056026877E+001   0.1099841373E+001   0.9918047448E+000
 0.6161616   0.1309817053E+001   0.1013292459E+001   0.1090583307E+001   0.9978159516E+000
 0.6262626   0.1320713560E+001   0.1018372628E+001   0.1099275575E+001   0.9818467861E+000
 0.6363636   0.1313869161E+001   0.9877138505E+000   0.1093567121E+001   0.9864357610E+000
 0.6464646   0.1337768979E+001   0.1006847702E+001   0.1083573420E+001   0.9922437918E+000
 0.6565657   0.1322027555E+001   0.1017924736E+001   0.1093003083E+001   0.9948126835E+000
 0.6666667   0.1315543032E+001   0.1023259350E+001   0.1097318363E+001   0.9798593980E+000
 0.6767677   0.1311290795E+001   0.1018036274E+001   0.1090302650E+001   0.1000522629E+001
 0.6868687   0.1331073960E+001   0.1069366024E+001   0.1090218278E+001   0.9754642577E+000
 0.6969697   0.1309745358E+001   0.1004824348E+001   0.1110232279E+001   0.1001627253E+001
 0.7070707   0.1323557009E+001   0.1023097272E+001   0.1099777103E+001   0.9885679412E+000
 0.7171717   0.1306178289E+001   0.1005101448E+001   0.1098556059E+001   0.9928066126E+000
 0.7272727   0.1321148023E+001   0.1027004559E+001   0.1098186506E+001   0.9947286107E+000
 0.7373737   0.1328368074E+001   0.1028283750E+001   0.1103628916E+001   0.9853801800E+000
 0.7474747   0.1312416155E+001   0.1004264920E+001   0.1089284129E+001   0.9679000391E+000
 0.7575758   0.1308757414E+001   0.1003839684E+001   0.1089667416E+001   0.9667230196E+000
 0.7676768   0.1325621389E+001   0.1026915677E+001   0.1102645061E+001   0.9991634521E+000
 0.7777778   0.1308407770E+001   0.9975744327E+000   0.1091588314E+001   0.9643573038E+000
 0.7878788   0.1312542361E+001   0.1026047779E+001   0.1109087408E+001   0.1012061624E+001
 0.7979798   0.1310723667E+001   0.1032177094E+001   0.1100039057E+001   0.9950088535E+000
 0.8080808   0.1311705543E+001   0.1029048826E+001   0.1106192938E+001   0.1015228367E+001
 0.8181818   0.1318360264E+001   0.1003562584E+001   0.1099676854E+001   0.9677155460E+000
 0.8282828   0.1316949040E+001   0.1004883602E+001   0.1109991770E+001   0.9783857883E+000
 0.8383838   0.1319268241E+001   0.1021476498E+001   0.1087591347E+001   0.9759570179E+000
 0.8484848   0.1315904677E+001   0.9942318034E+000   0.1096262448E+001   0.9607328310E+000
 0.8585859   0.1328256600E+001   0.1015951923E+001   0.1101973569E+001   0.9830378178E+000
 0.8686869   0.1325146228E+001   0.1040380304E+001   0.1105642619E+001   0.9967136635E+000
 0.8787879   0.1327585152E+001   0.1024158618E+001   0.1106852563E+001   0.1003098527E+001
 0.8888889   0.1314366588E+001   0.1003862340E+001   0.1094437088E+001   0.9723185330E+000
 0.8989899   0.1316315346E+001   0.1019669247E+001   0.1102577757E+001   0.9952680780E+000
 0.9090909   0.1321727868E+001   0.1012168373E+001   0.1104548677E+001   0.9784908793E+000
 0.9191919   0.1310425053E+001   0.1028194869E+001   0.1084596482E+001   0.9809149790E+000
 0.9292929   0.1308656996E+001   0.1029066253E+001   0.1097601980E+001   0.9877575726E+000
 0.9393939   0.1312908266E+001   0.1039097627E+001   0.1098521381E+001   0.9960527577E+000
 0.9494949   0.1314388270E+001   0.1015216475E+001   0.1096358265E+001   0.9758402501E+000
 0.9595960   0.1302309868E+001   0.1010169418E+001   0.1099540821E+001   0.9888201596E+000
 0.9696970   0.1313126824E+001   0.1038363921E+001   0.1096171558E+001   0.1006540842E+001
 0.9797980   0.1313322966E+001   0.1035866535E+001   0.1085738667E+001   0.1007752892E+001
 0.9898990   0.1316960780E+001   0.1033613135E+001   0.1101119131E+001   0.1000683769E+001
 1.0000000   0.1325094606E+001   0.1039501949E+001   0.1106822169E+001   0.1008750089E+001


