 0.0000000   0.1439535068E+000   0.9989300453E+000   0.7498723764E+000   0.9796796109E+000
 0.0101010   0.1439361195E+000   0.1030865718E+001   0.7453071065E+000   0.1017000179E+001
 0.0202020   0.1417875047E+000   0.1037055521E+001   0.7521253683E+000   0.1021256616E+001
 0.0303030   0.1374924123E+000   0.1031976762E+001   0.7552352731E+000   0.1003671811E+001
 0.0404040   0.1288818304E+000   0.9962567926E+000   0.7435551532E+000   0.9858046339E+000
 0.0505051   0.1206235852E+000   0.9985020719E+000   0.7451984828E+000   0.9864167571E+000
 0.0606061   0.1128105652E+000   0.1050282641E+001   0.7547759941E+000   0.1036188254E+001
 0.0707071   0.1023320317E+000   0.9960607259E+000   0.7485157666E+000   0.1007151249E+001
 0.0808081   0.9453530304E-001   0.1010350400E+001   0.7503173468E+000   0.1004884687E+001
 0.0909091   0.8578960206E-001   0.1090754591E+001   0.7543226041E+000   0.1060311217E+001
 0.1010101   0.7786796135E-001   0.1013687750E+001   0.7541282459E+000   0.9989074831E+000
 0.1111111   0.7104185987E-001   0.1035706245E+001   0.7530626798E+000   0.9978537973E+000
 0.1212121   0.6678655399E-001   0.1039572764E+001   0.7645799393E+000   0.1007249795E+001
 0.1313131   0.6312951175E-001   0.1061833707E+001   0.7641818016E+000   0.1028895838E+001
 0.1414141   0.5964579915E-001   0.1074171148E+001   0.7720570860E+000   0.1039091576E+001
 0.1515152   0.5747630863E-001   0.1062177350E+001   0.7775564473E+000   0.1024394932E+001
 0.1616162   0.5655997300E-001   0.1054636163E+001   0.7756176912E+000   0.1009749456E+001
 0.1717172   0.5622909478E-001   0.1049161055E+001   0.7844514561E+000   0.1017934473E+001
 0.1818182   0.5722299060E-001   0.1061639748E+001   0.7927350234E+000   0.1027245190E+001
 0.1919192   0.5739916436E-001   0.1029545958E+001   0.7929100978E+000   0.9996769012E+000
 0.2020202   0.5981159327E-001   0.1089428506E+001   0.7973000871E+000   0.9963774999E+000
 0.2121212   0.6344410274E-001   0.1118161757E+001   0.8094696279E+000   0.1015885850E+001
 0.2222222   0.6557111602E-001   0.1018943601E+001   0.8102691688E+000   0.1018061446E+001
 0.2323232   0.6978924292E-001   0.1050626284E+001   0.8120431045E+000   0.1008246627E+001
 0.2424242   0.7346300090E-001   0.1080088987E+001   0.8189629398E+000   0.9946605226E+000
 0.2525253   0.7783629491E-001   0.1038158132E+001   0.8292001323E+000   0.1014288265E+001
 0.2626263   0.8329993477E-001   0.1009098104E+001   0.8396063337E+000   0.1017699478E+001
 0.2727273   0.8951362264E-001   0.1013053169E+001   0.8446099003E+000   0.1025168140E+001
 0.2828283   0.9788338490E-001   0.1004217520E+001   0.8488162316E+000   0.1023657731E+001
 0.2929293   0.1067757236E+000   0.1040650076E+001   0.8611383102E+000   0.9716841060E+000
 0.3030303   0.1153621882E+000   0.1024049767E+001   0.8686071568E+000   0.9914274504E+000
 0.3131313   0.1270789833E+000   0.9986918138E+000   0.8711579386E+000   0.1001335130E+001
 0.3232323   0.1392747623E+000   0.1008172585E+001   0.8913249380E+000   0.1040454166E+001
 0.3333333   0.1540394326E+000   0.1012943540E+001   0.8954039513E+000   0.9854976247E+000
 0.3434343   0.1684891926E+000   0.9875518551E+000   0.9009746655E+000   0.1008095018E+001
 0.3535354   0.1861016422E+000   0.1030378714E+001   0.9261159035E+000   0.9971488132E+000
 0.3636364   0.2056866270E+000   0.1000679887E+001   0.9297363484E+000   0.1017782863E+001
 0.3737374   0.2281777324E+000   0.9744364723E+000   0.9549308853E+000   0.1025937558E+001
 0.3838384   0.2536255006E+000   0.9856607607E+000   0.9510767875E+000   0.1020064586E+001
 0.3939394   0.2821429795E+000   0.9657884575E+000   0.9619682713E+000   0.1014854905E+001
 0.4040404   0.3125559037E+000   0.9790366596E+000   0.9772645368E+000   0.1009520147E+001
 0.4141414   0.3582565777E+000   0.9917514762E+000   0.9802612927E+000   0.1001988946E+001
 0.4242424   0.3927822786E+000   0.9815054128E+000   0.9858738173E+000   0.9809512354E+000
 0.4343434   0.4433341520E+000   0.9439871114E+000   0.1001941117E+001   0.1049713715E+001
 0.4444444   0.4995541305E+000   0.9871892373E+000   0.1017549000E+001   0.9779247312E+000
 0.4545455   0.5631858078E+000   0.9717189464E+000   0.1024594222E+001   0.1022804927E+001
 0.4646465   0.6323732238E+000   0.9606907247E+000   0.1044047937E+001   0.9962808489E+000
 0.4747475   0.7138824805E+000   0.9746451884E+000   0.1068625286E+001   0.1003813945E+001
 0.4848485   0.7974461849E+000   0.1015414401E+001   0.1064249446E+001   0.9880219225E+000
 0.4949495   0.9080189515E+000   0.9952490522E+000   0.1080965313E+001   0.1004041359E+001
 0.5050505   0.9660086087E+000   0.9848385458E+000   0.1096170289E+001   0.1011470224E+001
 0.5151515   0.9537619984E+000   0.9683288909E+000   0.1087129068E+001   0.1012539070E+001
 0.5252525   0.9576777411E+000   0.9818595977E+000   0.1096249034E+001   0.9854123443E+000
 0.5353535   0.9718797219E+000   0.1010392565E+001   0.1094161652E+001   0.9925228289E+000
 0.5454545   0.9847564873E+000   0.9859032087E+000   0.1087474942E+001   0.9869947683E+000
 0.5555556   0.9754915685E+000   0.9746177813E+000   0.1095411135E+001   0.1003578950E+001
 0.5656566   0.9797008799E+000   0.9680147626E+000   0.1096944547E+001   0.9989889732E+000
 0.5757576   0.1001092524E+001   0.9659191686E+000   0.1089535614E+001   0.1004854365E+001
 0.5858586   0.1010160118E+001   0.9397179183E+000   0.1093333895E+001   0.9655154953E+000
 0.5959596   0.1019735929E+001   0.9937374416E+000   0.1089079784E+001   0.9893219738E+000
 0.6060606   0.1036658528E+001   0.9935835398E+000   0.1085229638E+001   0.9762665025E+000
 0.6161616   0.1059798313E+001   0.9674455368E+000   0.1107181590E+001   0.9927597187E+000
 0.6262626   0.1062565707E+001   0.9659381427E+000   0.1108650408E+001   0.9841293491E+000
 0.6363636   0.1070906590E+001   0.9485936234E+000   0.1104521203E+001   0.9941412601E+000
 0.6464646   0.1110040474E+001   0.9770064211E+000   0.1106879253E+001   0.1017267391E+001
 0.6565657   0.1125041332E+001   0.9773226577E+000   0.1110570107E+001   0.9986023691E+000
 0.6666667   0.1147255834E+001   0.9916418475E+000   0.1107205542E+001   0.9900989724E+000
 0.6767677   0.1165990497E+001   0.9795679370E+000   0.1113632105E+001   0.1019712094E+001
 0.6868687   0.1205723761E+001   0.9964760499E+000   0.1117509368E+001   0.9946472568E+000
 0.6969697   0.1227613482E+001   0.9775145078E+000   0.1112081563E+001   0.9772803909E+000
 0.7070707   0.1255001254E+001   0.9778370691E+000   0.1117355023E+001   0.1002273214E+001
 0.7171717   0.1301253170E+001   0.9993748847E+000   0.1125668811E+001   0.9947211664E+000
 0.7272727   0.1320408953E+001   0.9460047004E+000   0.1117101963E+001   0.9486299895E+000
 0.7373737   0.1363790084E+001   0.9639100125E+000   0.1118565436E+001   0.9834148894E+000
 0.7474747   0.1411086010E+001   0.9934317463E+000   0.1125662734E+001   0.9980073019E+000
 0.7575758   0.1447023470E+001   0.9777042497E+000   0.1132867785E+001   0.9926270604E+000
 0.7676768   0.1491480039E+001   0.9671018932E+000   0.1122867453E+001   0.9497954873E+000
 0.7777778   0.1542952773E+001   0.9773121164E+000   0.1139867285E+001   0.9901956234E+000
 0.7878788   0.1602462560E+001   0.9737428602E+000   0.1145709702E+001   0.9764958118E+000
 0.7979798   0.1657241084E+001   0.9822960041E+000   0.1144043115E+001   0.1007846757E+001
 0.8080808   0.1731786566E+001   0.9821737260E+000   0.1146713544E+001   0.9796985621E+000
 0.8181818   0.1783004891E+001   0.9912939874E+000   0.1146395828E+001   0.9993528360E+000
 0.8282828   0.1850051581E+001   0.9997269614E+000   0.1155678742E+001   0.9872013362E+000
 0.8383838   0.1939643794E+001   0.9894429496E+000   0.1160437136E+001   0.9756581694E+000
 0.8484848   0.2005149871E+001   0.9710021436E+000   0.1161946388E+001   0.9773296640E+000
 0.8585859   0.2095847587E+001   0.9815349282E+000   0.1165163524E+001   0.9728022259E+000
 0.8686869   0.2202712966E+001   0.9977789444E+000   0.1178366007E+001   0.9985208790E+000
 0.8787879   0.2295239852E+001   0.9864893004E+000   0.1173097304E+001   0.9981418553E+000
 0.8888889   0.2420383953E+001   0.9926685621E+000   0.1187325021E+001   0.9936523196E+000
 0.8989899   0.2530788882E+001   0.9697329811E+000   0.1201245940E+001   0.9761092076E+000
 0.9090909   0.2628945879E+001   0.9795194474E+000   0.1190777577E+001   0.9882948196E+000
 0.9191919   0.2757929883E+001   0.1007890080E+001   0.1192590052E+001   0.1006700210E+001
 0.9292929   0.2908924927E+001   0.9861688474E+000   0.1194415728E+001   0.9867521931E+000
 0.9393939   0.3082628740E+001   0.1014368713E+001   0.1208185964E+001   0.1014799947E+001
 0.9494949   0.3227049915E+001   0.9609289562E+000   0.1216880303E+001   0.9878949496E+000
 0.9595960   0.3400097206E+001   0.9963748542E+000   0.1215999765E+001   0.1002995254E+001
 0.9696970   0.3607602381E+001   0.9993959672E+000   0.1222850665E+001   0.1004151276E+001
 0.9797980   0.3840333879E+001   0.9743690085E+000   0.1232496345E+001   0.9887117456E+000
 0.9898990   0.4012871610E+001   0.9505142333E+000   0.1228893169E+001   0.9502332597E+000
 1.0000000   0.4150187719E+001   0.9863543728E+000   0.1233290361E+001   0.9941336796E+000


 0.0000000   0.1115288101E+001   0.9583589720E+000   0.8929573566E+000   0.1020454695E+001
 0.0101010   0.1134106753E+001   0.9960580961E+000   0.8969034840E+000   0.1034800044E+001
 0.0202020   0.1131685936E+001   0.9709697677E+000   0.9054799078E+000   0.1025981262E+001
 0.0303030   0.1098308943E+001   0.9596526498E+000   0.8982013349E+000   0.9846156287E+000
 0.0404040   0.1051752420E+001   0.9873344843E+000   0.9006265255E+000   0.1030586086E+001
 0.0505051   0.1013726176E+001   0.9627300038E+000   0.8920113607E+000   0.9932302279E+000
 0.0606061   0.9495975569E+000   0.9733582537E+000   0.8905738367E+000   0.1006420482E+001
 0.0707071   0.8932853171E+000   0.9983071683E+000   0.8929770603E+000   0.1017703079E+001
 0.0808081   0.8226214476E+000   0.9496435610E+000   0.8849797832E+000   0.9973800145E+000
 0.0909091   0.7481351644E+000   0.9400506634E+000   0.8869639517E+000   0.9817473367E+000
 0.1010101   0.6928444684E+000   0.9886835176E+000   0.8912450470E+000   0.1000456379E+001
 0.1111111   0.6369102536E+000   0.9558085200E+000   0.8946771330E+000   0.9902530380E+000
 0.1212121   0.5733324314E+000   0.9767226360E+000   0.8830339344E+000   0.1003101042E+001
 0.1313131   0.5268073645E+000   0.1026634817E+001   0.8899439567E+000   0.1041454482E+001
 0.1414141   0.4781910420E+000   0.9508941846E+000   0.8892168157E+000   0.1025790690E+001
 0.1515152   0.4504248368E+000   0.9949407357E+000   0.8958057448E+000   0.1002375704E+001
 0.1616162   0.4151946582E+000   0.9743772043E+000   0.8898993733E+000   0.1024231117E+001
 0.1717172   0.3962996335E+000   0.9672835036E+000   0.9038066011E+000   0.9977844923E+000
 0.1818182   0.3852529667E+000   0.1004051836E+001   0.8984429440E+000   0.1018484810E+001
 0.1919192   0.3733406120E+000   0.1017843548E+001   0.9057278074E+000   0.1032847661E+001
 0.2020202   0.3688295309E+000   0.1000726407E+001   0.9083649983E+000   0.9987548501E+000
 0.2121212   0.3673015947E+000   0.9766283267E+000   0.9000877659E+000   0.1017848924E+001
 0.2222222   0.3673871917E+000   0.9963902289E+000   0.9056080831E+000   0.1015639853E+001
 0.2323232   0.3719921502E+000   0.1020287390E+001   0.9099487389E+000   0.9801333147E+000
 0.2424242   0.3778733406E+000   0.1002423975E+001   0.9190875993E+000   0.9952448385E+000
 0.2525253   0.3773662230E+000   0.1011168089E+001   0.9151072409E+000   0.1010904741E+001
 0.2626263   0.3941071438E+000   0.1017361751E+001   0.9271832715E+000   0.1025475664E+001
 0.2727273   0.4035936089E+000   0.9957362143E+000   0.9292876235E+000   0.9886759635E+000
 0.2828283   0.4179753163E+000   0.1006778605E+001   0.9391823525E+000   0.9950873255E+000
 0.2929293   0.4299727585E+000   0.9934522887E+000   0.9362264978E+000   0.1017944210E+001
 0.3030303   0.4503728181E+000   0.1008919017E+001   0.9559598742E+000   0.1034286669E+001
 0.3131313   0.4714069817E+000   0.1051583731E+001   0.9546358401E+000   0.1001582305E+001
 0.3232323   0.4901800104E+000   0.9833242882E+000   0.9431858120E+000   0.9902277581E+000
 0.3333333   0.5105635710E+000   0.1006495677E+001   0.9523292453E+000   0.9926915724E+000
 0.3434343   0.5418765778E+000   0.1010456668E+001   0.9658265807E+000   0.1025174251E+001
 0.3535354   0.5700029101E+000   0.9674167667E+000   0.9639095967E+000   0.1005623194E+001
 0.3636364   0.5937447029E+000   0.9677222469E+000   0.9698663203E+000   0.9736986175E+000
 0.3737374   0.6259862269E+000   0.9967449139E+000   0.9731140617E+000   0.1008394256E+001
 0.3838384   0.6673353491E+000   0.1045342915E+001   0.9892018201E+000   0.9968316360E+000
 0.3939394   0.6985065561E+000   0.9966157512E+000   0.9967196895E+000   0.1013557182E+001
 0.4040404   0.7457335275E+000   0.1017322797E+001   0.9992590999E+000   0.9932127265E+000
 0.4141414   0.7823944970E+000   0.1018272041E+001   0.1007587649E+001   0.1016036553E+001
 0.4242424   0.8081160119E+000   0.9884948990E+000   0.1017567941E+001   0.1016147395E+001
 0.4343434   0.8813121303E+000   0.1031471244E+001   0.1015984177E+001   0.9952156694E+000
 0.4444444   0.9297887209E+000   0.9932657203E+000   0.1018263676E+001   0.9936735978E+000
 0.4545455   0.9904834152E+000   0.9993240687E+000   0.1032802194E+001   0.9973586239E+000
 0.4646465   0.1053827033E+001   0.9899751452E+000   0.1032014518E+001   0.9811950689E+000
 0.4747475   0.1131189471E+001   0.1026725026E+001   0.1041865188E+001   0.1005714591E+001
 0.4848485   0.1193901279E+001   0.1003994430E+001   0.1053172117E+001   0.9896074292E+000
 0.4949495   0.1266731635E+001   0.9793735479E+000   0.1060564103E+001   0.9906691834E+000
 0.5050505   0.1317099110E+001   0.1003424474E+001   0.1061632597E+001   0.1011534793E+001
 0.5151515   0.1312596642E+001   0.9994573319E+000   0.1064317724E+001   0.9995113014E+000
 0.5252525   0.1318460457E+001   0.9766836822E+000   0.1061565866E+001   0.9907216878E+000
 0.5353535   0.1320076060E+001   0.1019793291E+001   0.1057700289E+001   0.1011108924E+001
 0.5454545   0.1317757280E+001   0.1008533578E+001   0.1053031379E+001   0.9683801234E+000
 0.5555556   0.1320817270E+001   0.9955906499E+000   0.1056951335E+001   0.9907216878E+000
 0.5656566   0.1310215646E+001   0.1020986509E+001   0.1071621799E+001   0.1007779761E+001
 0.5757576   0.1321259745E+001   0.1012373608E+001   0.1066046494E+001   0.1003066039E+001
 0.5858586   0.1297605515E+001   0.9982579634E+000   0.1063501227E+001   0.9861693680E+000
 0.5959596   0.1317524496E+001   0.1030774176E+001   0.1071506683E+001   0.1003657199E+001
 0.6060606   0.1315457395E+001   0.1017173132E+001   0.1057617305E+001   0.9891504471E+000
 0.6161616   0.1305292326E+001   0.9668980655E+000   0.1062845845E+001   0.9907469676E+000
 0.6262626   0.1308524849E+001   0.1021894748E+001   0.1059299772E+001   0.9845572906E+000
 0.6363636   0.1300174612E+001   0.9984076282E+000   0.1057496426E+001   0.9663032855E+000
 0.6464646   0.1317585411E+001   0.1014001469E+001   0.1059568940E+001   0.9797832859E+000
 0.6565657   0.1320885610E+001   0.1048824159E+001   0.1056135257E+001   0.1007126374E+001
 0.6666667   0.1321449590E+001   0.1013517621E+001   0.1049057749E+001   0.9764210642E+000
 0.6767677   0.1303493068E+001   0.1016102926E+001   0.1071135571E+001   0.1000182190E+001
 0.6868687   0.1311919125E+001   0.9986823553E+000   0.1064472467E+001   0.1031892860E+001
 0.6969697   0.1303596501E+001   0.1011047127E+001   0.1052726553E+001   0.1018233956E+001
 0.7070707   0.1318466508E+001   0.1010159389E+001   0.1053723437E+001   0.9929638171E+000
 0.7171717   0.1312843582E+001   0.9891304617E+000   0.1064263099E+001   0.1006659669E+001
 0.7272727   0.1321208099E+001   0.1006811408E+001   0.1056987511E+001   0.1011147816E+001
 0.7373737   0.1308032408E+001   0.9960457949E+000   0.1056858462E+001   0.9943328188E+000
 0.7474747   0.1310489619E+001   0.1014842052E+001   0.1055832672E+001   0.1013012692E+001
 0.7575758   0.1310121569E+001   0.1018757939E+001   0.1056090901E+001   0.1001568693E+001
 0.7676768   0.1313415201E+001   0.1003826313E+001   0.1053306792E+001   0.9941733612E+000
 0.7777778   0.1321644339E+001   0.1019200782E+001   0.1057956870E+001   0.9988443019E+000
 0.7878788   0.1313608401E+001   0.9945799001E+000   0.1057441267E+001   0.9765260728E+000
 0.7979798   0.1310154490E+001   0.1000211806E+001   0.1052595302E+001   0.9821654267E+000
 0.8080808   0.1322526739E+001   0.1005331162E+001   0.1056618873E+001   0.9906322359E+000
 0.8181818   0.1320385030E+001   0.1003067739E+001   0.1064002493E+001   0.1007219715E+001
 0.8282828   0.1330286551E+001   0.1025611766E+001   0.1065249330E+001   0.1006068509E+001
 0.8383838   0.1310073086E+001   0.9951170531E+000   0.1054760157E+001   0.9785445726E+000
 0.8484848   0.1333448942E+001   0.1004644344E+001   0.1064676164E+001   0.9891271118E+000
 0.8585859   0.1314995271E+001   0.1013279797E+001   0.1065283161E+001   0.9839000142E+000
 0.8686869   0.1324285565E+001   0.1016398155E+001   0.1056151147E+001   0.9796063268E+000
 0.8787879   0.1322853648E+001   0.1031128861E+001   0.1054501876E+001   0.9997290971E+000
 0.8888889   0.1321158585E+001   0.1011309553E+001   0.1057531345E+001   0.9867410818E+000
 0.8989899   0.1327189208E+001   0.1004597190E+001   0.1059765165E+001   0.9983037018E+000
 0.9090909   0.1311465472E+001   0.9939381867E+000   0.1058873343E+001   0.9900819128E+000
 0.9191919   0.1321664928E+001   0.1004824762E+001   0.1060590987E+001   0.9852476253E+000
 0.9292929   0.1328687532E+001   0.9996008461E+000   0.1058759553E+001   0.9880770253E+000
 0.9393939   0.1313234104E+001   0.1002663849E+001   0.1053849210E+001   0.9831493967E+000
 0.9494949   0.1324565749E+001   0.1005304510E+001   0.1064383185E+001   0.9920770773E+000
 0.9595960   0.1306080848E+001   0.9838040356E+000   0.1047050323E+001   0.9796277175E+000
 0.9696970   0.1319387733E+001   0.1013786197E+001   0.1060464733E+001   0.9857648902E+000
 0.9797980   0.1334518547E+001   0.1011047127E+001   0.1071317255E+001   0.1003233275E+001
 0.9898990   0.1319080884E+001   0.9871315143E+000   0.1067783439E+001   0.9771677924E+000
 1.0000000   0.1325378282E+001   0.1003924723E+001   0.1057713037E+001   0.1010951411E+001


