#   100 bins for weightfunction of cd                      
 0.0000000    0.3335519409E+001    0.8119964600E+000
 0.0101010    0.3364117432E+001    0.8309967041E+000
 0.0202020    0.3376150513E+001    0.8333419800E+000
 0.0303030    0.3403361511E+001    0.8288787842E+000
 0.0404040    0.3460437012E+001    0.8397460937E+000
 0.0505051    0.3501638794E+001    0.8197860718E+000
 0.0606061    0.3594895935E+001    0.8307067871E+000
 0.0707071    0.3669027710E+001    0.8187179565E+000
 0.0808081    0.3789898682E+001    0.8462265015E+000
 0.0909091    0.3898248291E+001    0.8375686646E+000
 0.1010101    0.4000126648E+001    0.8478179932E+000
 0.1111111    0.4066911316E+001    0.8391983032E+000
 0.1212121    0.4128018188E+001    0.8040267944E+000
 0.1313131    0.4224377441E+001    0.8230102539E+000
 0.1414141    0.4257859802E+001    0.8151321411E+000
 0.1515152    0.4273942566E+001    0.8195465088E+000
 0.1616162    0.4279338074E+001    0.8098449707E+000
 0.1717172    0.4323155212E+001    0.8081237793E+000
 0.1818182    0.4297200012E+001    0.7874526978E+000
 0.1919192    0.4275225830E+001    0.7922912598E+000
 0.2020202    0.4231002808E+001    0.7612350464E+000
 0.2121212    0.4199702454E+001    0.7879470825E+000
 0.2222222    0.4169091797E+001    0.7823287964E+000
 0.2323232    0.4102830505E+001    0.7616760254E+000
 0.2424242    0.4056988525E+001    0.7509399414E+000
 0.2525253    0.3967735291E+001    0.7484893799E+000
 0.2626263    0.3898396301E+001    0.7406234741E+000
 0.2727273    0.3836616516E+001    0.7358306885E+000
 0.2828283    0.3727613831E+001    0.7257873535E+000
 0.2929293    0.3658876038E+001    0.7139343262E+000
 0.3030303    0.3569427490E+001    0.7073242187E+000
 0.3131313    0.3475251770E+001    0.6661560059E+000
 0.3232323    0.3372996521E+001    0.6797683716E+000
 0.3333333    0.3268702698E+001    0.6896865845E+000
 0.3434343    0.3194451904E+001    0.6710449219E+000
 0.3535354    0.3076942444E+001    0.6682479858E+000
 0.3636364    0.2991888428E+001    0.6386291504E+000
 0.3737374    0.2866127014E+001    0.6255218506E+000
 0.3838384    0.2779670715E+001    0.6041671753E+000
 0.3939394    0.2657752991E+001    0.6216873169E+000
 0.4040404    0.2549150085E+001    0.5851928711E+000
 0.4141414    0.2429093933E+001    0.5874694824E+000
 0.4242424    0.2313850403E+001    0.5681243896E+000
 0.4343434    0.2202404785E+001    0.5498626709E+000
 0.4444444    0.2115008545E+001    0.5544281006E+000
 0.4545455    0.1980688477E+001    0.5329193115E+000
 0.4646465    0.1881916809E+001    0.5293182373E+000
 0.4747475    0.1725402832E+001    0.4955245972E+000
 0.4848485    0.1614019775E+001    0.4992599487E+000
 0.4949495    0.1493815613E+001    0.4852630615E+000
 0.5050505    0.1418132019E+001    0.4663116455E+000
 0.5151515    0.1435105896E+001    0.4754028320E+000
 0.5252525    0.1423107910E+001    0.4768844604E+000
 0.5353535    0.1440463257E+001    0.4893859863E+000
 0.5454545    0.1421606445E+001    0.4709915161E+000
 0.5555556    0.1417012024E+001    0.4799407959E+000
 0.5656566    0.1406542969E+001    0.4839111328E+000
 0.5757576    0.1417098999E+001    0.4838562012E+000
 0.5858586    0.1396745300E+001    0.4696502686E+000
 0.5959596    0.1397964478E+001    0.4681182861E+000
 0.6060606    0.1355297852E+001    0.4655227661E+000
 0.6161616    0.1331912231E+001    0.4729949951E+000
 0.6262626    0.1328346252E+001    0.4822631836E+000
 0.6363636    0.1345280457E+001    0.4613830566E+000
 0.6464646    0.1309898376E+001    0.4763351440E+000
 0.6565657    0.1277114868E+001    0.4731765747E+000
 0.6666667    0.1262638855E+001    0.4480468750E+000
 0.6767677    0.1245835876E+001    0.4743148804E+000
 0.6868687    0.1211988831E+001    0.4661514282E+000
 0.6969697    0.1203820801E+001    0.4586456299E+000
 0.7070707    0.1172264099E+001    0.4638137817E+000
 0.7171717    0.1148368835E+001    0.4439224243E+000
 0.7272727    0.1111755371E+001    0.4560302734E+000
 0.7373737    0.1087759399E+001    0.4493270874E+000
 0.7474747    0.1067878723E+001    0.4477722168E+000
 0.7575758    0.1056887817E+001    0.4619644165E+000
 0.7676768    0.1010798645E+001    0.4404418945E+000
 0.7777778    0.9735290527E+000    0.4460494995E+000
 0.7878788    0.9376678467E+000    0.4460113525E+000
 0.7979798    0.9132873535E+000    0.4545654297E+000
 0.8080808    0.8608367920E+000    0.4378295898E+000
 0.8181818    0.8329742432E+000    0.4354675293E+000
 0.8282828    0.7879196167E+000    0.4285491943E+000
 0.8383838    0.7671020508E+000    0.4364456177E+000
 0.8484848    0.7070526123E+000    0.4190200806E+000
 0.8585859    0.6813064575E+000    0.4280044556E+000
 0.8686869    0.6216339111E+000    0.4025054932E+000
 0.8787879    0.5802505493E+000    0.4137878418E+000
 0.8888889    0.5310668945E+000    0.4087799072E+000
 0.8989899    0.4883087158E+000    0.4052520752E+000
 0.9090909    0.4412582397E+000    0.3927093506E+000
 0.9191919    0.4020324707E+000    0.3958740234E+000
 0.9292929    0.3387847900E+000    0.3821182251E+000
 0.9393939    0.2946289062E+000    0.3828216553E+000
 0.9494949    0.2725921631E+000    0.4013702393E+000
 0.9595960    0.1757888794E+000    0.3758666992E+000
 0.9696970    0.1399688721E+000    0.3883544922E+000
 0.9797980    0.8682250977E-001    0.3708801270E+000
 0.9898990    0.2430725098E-001    0.3738449097E+000
 1.0000000    0.0000000000E+000    0.3666046143E+000


#   100 bins for weightfunction of Ar                      
 0.0000000    0.2696472168E+001    0.1803085327E+000
 0.0101010    0.2716781616E+001    0.1895706177E+000
 0.0202020    0.2713952637E+001    0.1740600586E+000
 0.0303030    0.2741308594E+001    0.1888076782E+000
 0.0404040    0.2769740295E+001    0.1784545898E+000
 0.0505051    0.2834069824E+001    0.2014358521E+000
 0.0606061    0.2869160461E+001    0.1902648926E+000
 0.0707071    0.2935278320E+001    0.1836318970E+000
 0.0808081    0.3015890503E+001    0.1921401978E+000
 0.0909091    0.3125148010E+001    0.1992935181E+000
 0.1010101    0.3203149414E+001    0.2034561157E+000
 0.1111111    0.3278894043E+001    0.1773101807E+000
 0.1212121    0.3398837280E+001    0.2014999390E+000
 0.1313131    0.3496060181E+001    0.2172409058E+000
 0.1414141    0.3567353821E+001    0.1912506104E+000
 0.1515152    0.3637979126E+001    0.1844070435E+000
 0.1616162    0.3709043884E+001    0.1980819702E+000
 0.1717172    0.3772802734E+001    0.1970458984E+000
 0.1818182    0.3791645813E+001    0.1961318970E+000
 0.1919192    0.3833100891E+001    0.1825195312E+000
 0.2020202    0.3839741516E+001    0.1888763428E+000
 0.2121212    0.3845860291E+001    0.1532211304E+000
 0.2222222    0.3841812134E+001    0.1581695557E+000
 0.2323232    0.3827738953E+001    0.1754486084E+000
 0.2424242    0.3833605957E+001    0.1669738770E+000
 0.2525253    0.3816210937E+001    0.1648956299E+000
 0.2626263    0.3794050598E+001    0.1484436035E+000
 0.2727273    0.3743119812E+001    0.1470352173E+000
 0.2828283    0.3708023071E+001    0.1546066284E+000
 0.2929293    0.3676637268E+001    0.1479171753E+000
 0.3030303    0.3670069885E+001    0.1583084106E+000
 0.3131313    0.3620515442E+001    0.1212921143E+000
 0.3232323    0.3582217407E+001    0.1216857910E+000
 0.3333333    0.3542131042E+001    0.1155776978E+000
 0.3434343    0.3487025452E+001    0.1116424561E+000
 0.3535354    0.3446647644E+001    0.1017105103E+000
 0.3636364    0.3388064575E+001    0.1048934937E+000
 0.3737374    0.3359248352E+001    0.9672546387E-001
 0.3838384    0.3274310303E+001    0.7510833740E-001
 0.3939394    0.3231394958E+001    0.7395172119E-001
 0.4040404    0.3174702454E+001    0.6781005859E-001
 0.4141414    0.3120208740E+001    0.6815643311E-001
 0.4242424    0.3047557068E+001    0.5789947510E-001
 0.4343434    0.3005168152E+001    0.5379638672E-001
 0.4444444    0.2930105591E+001    0.5924530029E-001
 0.4545455    0.2858551025E+001    0.6091613770E-001
 0.4646465    0.2795800781E+001    0.2685699463E-001
 0.4747475    0.2746025085E+001    0.3643646240E-001
 0.4848485    0.2674777222E+001    0.3600311279E-001
 0.4949495    0.2600749207E+001    0.1580352783E-001
 0.5050505    0.2580007935E+001    0.2109527588E-001
 0.5151515    0.2581164551E+001    0.6108093262E-002
 0.5252525    0.2588679504E+001    0.2707061768E-001
 0.5353535    0.2590461731E+001    0.3944396973E-002
 0.5454545    0.2610684204E+001    0.6179809570E-003
 0.5555556    0.2575811768E+001    0.2451629639E-001
 0.5656566    0.2598498535E+001    0.8927917480E-002
 0.5757576    0.2585597229E+001    0.2618865967E-001
 0.5858586    0.2574470520E+001    0.4200744629E-002
 0.5959596    0.2574243164E+001    0.1680145264E-001
 0.6060606    0.2592248535E+001    0.2521057129E-001
 0.6161616    0.2576820374E+001    0.7164001465E-002
 0.6262626    0.2564962769E+001    0.2938385010E-001
 0.6363636    0.2571075439E+001    0.1466674805E-001
 0.6464646    0.2593632507E+001    0.5679321289E-002
 0.6565657    0.2599293518E+001    0.5175781250E-002
 0.6666667    0.2597486877E+001    0.1001434326E-001
 0.6767677    0.2593548584E+001    0.1414337158E-001
 0.6868687    0.2577488708E+001    0.1168518066E-001
 0.6969697    0.2593818665E+001    0.1364593506E-001
 0.7070707    0.2591720581E+001    0.1773834229E-001
 0.7171717    0.2587838745E+001    0.5339050293E-002
 0.7272727    0.2597874451E+001    0.6428527832E-002
 0.7373737    0.2599913025E+001    0.9378051758E-002
 0.7474747    0.2594738770E+001    0.1593170166E-001
 0.7575758    0.2595483398E+001    0.1582794189E-001
 0.7676768    0.2597915649E+001    0.1112670898E-001
 0.7777778    0.2588522339E+001    0.5943298340E-002
 0.7878788    0.2598466492E+001    0.5433654785E-002
 0.7979798    0.2596980286E+001    0.1443023682E-001
 0.8080808    0.2591319275E+001    0.6224060059E-002
 0.8181818    0.2604183960E+001    0.2931976318E-001
 0.8282828    0.2585409546E+001    0.2674865723E-002
 0.8383838    0.2595478821E+001    0.9773254395E-002
 0.8484848    0.2596784973E+001    0.1079559326E-001
 0.8585859    0.2599996948E+001    0.1698455811E-001
 0.8686869    0.2591792297E+001    0.5097961426E-002
 0.8787879    0.2590420532E+001    0.1029815674E-001
 0.8888889    0.2588180542E+001    0.8183288574E-002
 0.8989899    0.2600711060E+001    0.1528625488E-001
 0.9090909    0.2603343201E+001    0.1161041260E-001
 0.9191919    0.2594613647E+001    0.2334594727E-003
 0.9292929    0.2607600403E+001    0.2267456055E-001
 0.9393939    0.2606767273E+001    0.2711029053E-001
 0.9494949    0.2596611023E+001    0.1330566406E-001
 0.9595960    0.2597268677E+001    0.1737823486E-001
 0.9696970    0.2585502625E+001    0.0000000000E+000
 0.9797980    0.2621627808E+001    0.2483367920E-001
 0.9898990    0.2603512573E+001    0.8811950684E-002
 1.0000000    0.2591963196E+001    0.2322998047E-001


