 0.0000000   0.1471516939E+000   0.1044157761E+001   0.7289744005E+000   0.1045703520E+001
 0.0101010   0.1464517334E+000   0.1013010679E+001   0.7260040699E+000   0.1007386661E+001
 0.0202020   0.1413379759E+000   0.1010611864E+001   0.7133573379E+000   0.1015449226E+001
 0.0303030   0.1362668791E+000   0.9968645810E+000   0.7115424477E+000   0.9943533592E+000
 0.0404040   0.1296093373E+000   0.1000293998E+001   0.7212798521E+000   0.1008139436E+001
 0.0505051   0.1222408670E+000   0.1010179485E+001   0.7069950289E+000   0.9893079496E+000
 0.0606061   0.1158334041E+000   0.1028564477E+001   0.7288129071E+000   0.1037422994E+001
 0.0707071   0.1035833466E+000   0.9952397047E+000   0.7170161829E+000   0.1006742867E+001
 0.0808081   0.9541265497E-001   0.1004005745E+001   0.7196208681E+000   0.1004466378E+001
 0.0909091   0.8775713992E-001   0.1037032392E+001   0.7212931629E+000   0.1011810476E+001
 0.1010101   0.7867470044E-001   0.1014290047E+001   0.7186827692E+000   0.1005316025E+001
 0.1111111   0.7318071884E-001   0.1038517091E+001   0.7270825006E+000   0.1020040549E+001
 0.1212121   0.6801224733E-001   0.1002189358E+001   0.7214380159E+000   0.1009291808E+001
 0.1313131   0.6271052754E-001   0.9988764267E+000   0.7188888034E+000   0.9992595155E+000
 0.1414141   0.6096995259E-001   0.1014714528E+001   0.7328873713E+000   0.1029132377E+001
 0.1515152   0.5812849663E-001   0.1010576326E+001   0.7377239844E+000   0.1005376570E+001
 0.1616162   0.5760192917E-001   0.1012331508E+001   0.7439003645E+000   0.1014781214E+001
 0.1717172   0.5733430553E-001   0.1002793504E+001   0.7459707901E+000   0.1023037522E+001
 0.1818182   0.5713929570E-001   0.1002169615E+001   0.7553837800E+000   0.1030474456E+001
 0.1919192   0.5926747860E-001   0.1008900117E+001   0.7557448903E+000   0.1016809468E+001
 0.2020202   0.6058501989E-001   0.1001269319E+001   0.7635644261E+000   0.9944805035E+000
 0.2121212   0.6291247044E-001   0.9919307221E+000   0.7736073686E+000   0.1007271626E+001
 0.2222222   0.6560912376E-001   0.1003916900E+001   0.7738280936E+000   0.1002339234E+001
 0.2323232   0.6981886045E-001   0.9997214413E+000   0.7857545783E+000   0.9991303530E+000
 0.2424242   0.7405028735E-001   0.9809455315E+000   0.7985411316E+000   0.1006347307E+001
 0.2525253   0.7926934679E-001   0.9902979484E+000   0.8068105433E+000   0.1007523896E+001
 0.2626263   0.8556504388E-001   0.1003853721E+001   0.8170873403E+000   0.1013422989E+001
 0.2727273   0.9315324454E-001   0.1009257471E+001   0.8214800355E+000   0.1005965874E+001
 0.2828283   0.9970283387E-001   0.9995950840E+000   0.8330982716E+000   0.9992938243E+000
 0.2929293   0.1090818513E+000   0.1004617788E+001   0.8428492001E+000   0.1009634896E+001
 0.3030303   0.1170210770E+000   0.9756641899E+000   0.8517018244E+000   0.1014478489E+001
 0.3131313   0.1295688174E+000   0.9827954818E+000   0.8510761070E+000   0.9976954385E+000
 0.3232323   0.1451185280E+000   0.1021954409E+001   0.8558872451E+000   0.9849325704E+000
 0.3333333   0.1575826312E+000   0.1002489457E+001   0.8806844016E+000   0.1011961839E+001
 0.3434343   0.1725491717E+000   0.9999050543E+000   0.8876298278E+000   0.9818185436E+000
 0.3535354   0.1890922601E+000   0.9789909415E+000   0.9073294896E+000   0.1010042565E+001
 0.3636364   0.2095303263E+000   0.9945684314E+000   0.9076945825E+000   0.9810254052E+000
 0.3737374   0.2333498066E+000   0.9843828458E+000   0.9303734742E+000   0.9956248024E+000
 0.3838384   0.2619638418E+000   0.9835496772E+000   0.9414664324E+000   0.1008595541E+001
 0.3939394   0.2921182220E+000   0.1003168627E+001   0.9558974868E+000   0.1003689385E+001
 0.4040404   0.3241773189E+000   0.9979761307E+000   0.9623054244E+000   0.9881777779E+000
 0.4141414   0.3601196602E+000   0.9897767244E+000   0.9710637097E+000   0.9808538613E+000
 0.4242424   0.4037384783E+000   0.9964183817E+000   0.9916541960E+000   0.9980909986E+000
 0.4343434   0.4522439426E+000   0.9882742568E+000   0.9980298821E+000   0.9923674860E+000
 0.4444444   0.4982610467E+000   0.9877510584E+000   0.1025409387E+001   0.9977418563E+000
 0.4545455   0.5705248578E+000   0.9942564867E+000   0.1034637814E+001   0.9843614301E+000
 0.4646465   0.6366288667E+000   0.9908566847E+000   0.1058216696E+001   0.1005527932E+001
 0.4747475   0.7218237262E+000   0.9882782054E+000   0.1071657967E+001   0.9970314626E+000
 0.4848485   0.8027469095E+000   0.9881478994E+000   0.1083166480E+001   0.9907852456E+000
 0.4949495   0.8975865011E+000   0.9691153263E+000   0.1094336272E+001   0.9874250028E+000
 0.5050505   0.9741854176E+000   0.9830225302E+000   0.1112092310E+001   0.9958851456E+000
 0.5151515   0.9771578496E+000   0.9996227246E+000   0.1121463441E+001   0.1006619759E+001
 0.5252525   0.9732626580E+000   0.9872870901E+000   0.1108848647E+001   0.9896934189E+000
 0.5353535   0.9858768035E+000   0.9938004157E+000   0.1105764707E+001   0.9802665756E+000
 0.5454545   0.9929942914E+000   0.1001711569E+001   0.1123643524E+001   0.1012165673E+001
 0.5555556   0.9777557656E+000   0.9760432619E+000   0.1115747874E+001   0.9901858509E+000
 0.5656566   0.1004149604E+001   0.9910422721E+000   0.1102931914E+001   0.9902019962E+000
 0.5757576   0.1009721269E+001   0.9985763280E+000   0.1125868400E+001   0.1006813503E+001
 0.5858586   0.1016322610E+001   0.9966197637E+000   0.1121931042E+001   0.1003758003E+001
 0.5959596   0.1039096744E+001   0.1003749081E+001   0.1105991902E+001   0.9740143041E+000
 0.6060606   0.1052152611E+001   0.9870481958E+000   0.1122691689E+001   0.9924865577E+000
 0.6161616   0.1043717448E+001   0.9896523414E+000   0.1121688735E+001   0.9995037133E+000
 0.6262626   0.1078473226E+001   0.9889020948E+000   0.1114523809E+001   0.9889184440E+000
 0.6363636   0.1087567711E+001   0.9920491821E+000   0.1106800234E+001   0.9840768690E+000
 0.6464646   0.1101231570E+001   0.9822861038E+000   0.1138198998E+001   0.1014220164E+001
 0.6565657   0.1126507922E+001   0.9922683331E+000   0.1126499880E+001   0.9830698052E+000
 0.6666667   0.1167225297E+001   0.1005460828E+001   0.1125215774E+001   0.9949729355E+000
 0.6767677   0.1179689702E+001   0.1000110385E+001   0.1130689465E+001   0.1001332170E+001
 0.6868687   0.1200413130E+001   0.9833403978E+000   0.1135930298E+001   0.9957398378E+000
 0.6969697   0.1238610357E+001   0.1004949476E+001   0.1141231660E+001   0.9882463954E+000
 0.7070707   0.1270692907E+001   0.9979524387E+000   0.1131684319E+001   0.9893362039E+000
 0.7171717   0.1305799643E+001   0.9985704050E+000   0.1154381564E+001   0.1002456287E+001
 0.7272727   0.1345323413E+001   0.1003640493E+001   0.1156198203E+001   0.1004579395E+001
 0.7373737   0.1374802668E+001   0.1000080770E+001   0.1149889530E+001   0.1000460323E+001
 0.7474747   0.1418850072E+001   0.9969889640E+000   0.1149022857E+001   0.9893160223E+000
 0.7575758   0.1440634038E+001   0.9848843265E+000   0.1141225734E+001   0.9845612283E+000
 0.7676768   0.1515671601E+001   0.1019174547E+001   0.1153994997E+001   0.9987408474E+000
 0.7777778   0.1548526198E+001   0.9834371402E+000   0.1152504187E+001   0.9788599154E+000
 0.7878788   0.1596272954E+001   0.9945467137E+000   0.1163532868E+001   0.9950677892E+000
 0.7979798   0.1676490672E+001   0.9981636923E+000   0.1167280757E+001   0.9969547724E+000
 0.8080808   0.1736399395E+001   0.1013160728E+001   0.1168409564E+001   0.9938145095E+000
 0.8181818   0.1802748408E+001   0.1015525979E+001   0.1171740459E+001   0.1001879092E+001
 0.8282828   0.1847181322E+001   0.9943473060E+000   0.1173519132E+001   0.9844805017E+000
 0.8383838   0.1923909409E+001   0.9953858054E+000   0.1173502200E+001   0.9843251031E+000
 0.8484848   0.2011408288E+001   0.1007352240E+001   0.1184958988E+001   0.1002787266E+001
 0.8585859   0.2107937102E+001   0.1017796463E+001   0.1188048848E+001   0.1005188881E+001
 0.8686869   0.2195035521E+001   0.1011614825E+001   0.1197611883E+001   0.1000286761E+001
 0.8787879   0.2286136745E+001   0.1003796465E+001   0.1207141326E+001   0.9971263163E+000
 0.8888889   0.2413083148E+001   0.1015859642E+001   0.1211360544E+001   0.9969386271E+000
 0.8989899   0.2523247328E+001   0.1004570404E+001   0.1212386929E+001   0.9981031076E+000
 0.9090909   0.2637366497E+001   0.1013160728E+001   0.1218864345E+001   0.1008101091E+001
 0.9191919   0.2709171146E+001   0.9915398041E+000   0.1193801644E+001   0.9826722269E+000
 0.9292929   0.2876628308E+001   0.9926493794E+000   0.1201885687E+001   0.9818447797E+000
 0.9393939   0.3023519693E+001   0.9986651730E+000   0.1223160113E+001   0.9861313597E+000
 0.9494949   0.3197435828E+001   0.1006621736E+001   0.1237104230E+001   0.1003307952E+001
 0.9595960   0.3374269222E+001   0.1003194294E+001   0.1246250175E+001   0.1000754975E+001
 0.9696970   0.3579022498E+001   0.1014183433E+001   0.1249285806E+001   0.1005657095E+001
 0.9797980   0.3747736756E+001   0.9916918277E+000   0.1257524914E+001   0.9903331769E+000
 0.9898990   0.3986281730E+001   0.1016353225E+001   0.1258161764E+001   0.1002746903E+001
 1.0000000   0.4068146743E+001   0.1008503276E+001   0.1268372915E+001   0.1009075864E+001


 0.0000000   0.1135518256E+001   0.1073446903E+001   0.8831383501E+000   0.1015482113E+001
 0.0101010   0.1129731676E+001   0.1074042888E+001   0.8763779162E+000   0.1009875913E+001
 0.0202020   0.1112229890E+001   0.1046616712E+001   0.8808131114E+000   0.9947963393E+000
 0.0303030   0.1087247317E+001   0.1084846743E+001   0.8772546138E+000   0.1028787619E+001
 0.0404040   0.1069406235E+001   0.1056752803E+001   0.8787878731E+000   0.9836318857E+000
 0.0505051   0.1011384387E+001   0.1045489996E+001   0.8761795637E+000   0.9936787874E+000
 0.0606061   0.9509904006E+000   0.1055982808E+001   0.8729010976E+000   0.1002584163E+001
 0.0707071   0.8869649695E+000   0.1086134418E+001   0.8729502769E+000   0.1032726713E+001
 0.0808081   0.8270743549E+000   0.1081014169E+001   0.8752457876E+000   0.1016208706E+001
 0.0909091   0.7654522990E+000   0.1040885252E+001   0.8649462964E+000   0.9855239784E+000
 0.1010101   0.6894836063E+000   0.1018231305E+001   0.8591690318E+000   0.9822450886E+000
 0.1111111   0.6396698723E+000   0.1030620828E+001   0.8771078466E+000   0.1001383625E+001
 0.1212121   0.5818717161E+000   0.1042616653E+001   0.8670311308E+000   0.1002207958E+001
 0.1313131   0.5249831970E+000   0.1006031018E+001   0.8648180369E+000   0.1003439847E+001
 0.1414141   0.4888818287E+000   0.1056135067E+001   0.8638359905E+000   0.1017239583E+001
 0.1515152   0.4524909620E+000   0.1048008793E+001   0.8727504833E+000   0.1014598768E+001
 0.1616162   0.4252978182E+000   0.1008706424E+001   0.8700051535E+000   0.1005792976E+001
 0.1717172   0.4073984035E+000   0.1032874260E+001   0.8713709557E+000   0.1003738598E+001
 0.1818182   0.3942411842E+000   0.1038318603E+001   0.8802086324E+000   0.1007330993E+001
 0.1919192   0.3764443695E+000   0.1000956447E+001   0.8799329868E+000   0.9831118368E+000
 0.2020202   0.3722564471E+000   0.9819501875E+000   0.8765332598E+000   0.9850684746E+000
 0.2121212   0.3663474365E+000   0.1014100739E+001   0.8827148966E+000   0.1013608462E+001
 0.2222222   0.3733741369E+000   0.1019168785E+001   0.8862968692E+000   0.1020632810E+001
 0.2323232   0.3719073936E+000   0.9950683782E+000   0.8972020364E+000   0.9993513773E+000
 0.2424242   0.3811134151E+000   0.1002470335E+001   0.8954772427E+000   0.9896198244E+000
 0.2525253   0.3860794357E+000   0.9523293087E+000   0.9024677055E+000   0.9849559817E+000
 0.2626263   0.3944818114E+000   0.9894891775E+000   0.9060801088E+000   0.9738523849E+000
 0.2727273   0.4081680999E+000   0.9749571543E+000   0.9096028616E+000   0.9913385675E+000
 0.2828283   0.4184601948E+000   0.9932891243E+000   0.9120958423E+000   0.9928913375E+000
 0.2929293   0.4359002694E+000   0.1010668389E+001   0.9220067625E+000   0.1001403911E+001
 0.3030303   0.4574295100E+000   0.1030266283E+001   0.9253241549E+000   0.9842939337E+000
 0.3131313   0.4685188820E+000   0.9710441010E+000   0.9289511244E+000   0.1028167987E+001
 0.3232323   0.4903004119E+000   0.1001411048E+001   0.9456987354E+000   0.9917258379E+000
 0.3333333   0.5075790285E+000   0.9940939213E+000   0.9490540355E+000   0.1009486798E+001
 0.3434343   0.5299348477E+000   0.9869225277E+000   0.9528755690E+000   0.9936566577E+000
 0.3535354   0.5599487661E+000   0.9790877204E+000   0.9644074111E+000   0.1002960369E+001
 0.3636364   0.5976663603E+000   0.9933674289E+000   0.9671974042E+000   0.1010711310E+001
 0.3737374   0.6219070369E+000   0.1030331536E+001   0.9789953246E+000   0.1028876138E+001
 0.3838384   0.6601368981E+000   0.9965257132E+000   0.9800277894E+000   0.9963491093E+000
 0.3939394   0.6987501701E+000   0.1002000508E+001   0.9868313902E+000   0.9803843464E+000
 0.4040404   0.7329081595E+000   0.9887300582E+000   0.9958574858E+000   0.1019561362E+001
 0.4141414   0.7715772539E+000   0.9838904007E+000   0.9986328021E+000   0.1008125819E+001
 0.4242424   0.8271488252E+000   0.9803340682E+000   0.1008375295E+001   0.9969078853E+000
 0.4343434   0.8650398607E+000   0.9638553064E+000   0.1014062724E+001   0.1002261438E+001
 0.4444444   0.9305452933E+000   0.9730974208E+000   0.1030903405E+001   0.9979553596E+000
 0.4545455   0.9811589102E+000   0.9693366263E+000   0.1028134056E+001   0.9943758742E+000
 0.4646465   0.1032740714E+001   0.9627720932E+000   0.1051933385E+001   0.1030895477E+001
 0.4747475   0.1107546270E+001   0.9656998140E+000   0.1052184465E+001   0.9860864426E+000
 0.4848485   0.1179171721E+001   0.9866180099E+000   0.1055146368E+001   0.9861620525E+000
 0.4949495   0.1272969814E+001   0.1004582383E+001   0.1060506690E+001   0.9945897950E+000
 0.5050505   0.1300025016E+001   0.9727581010E+000   0.1076142224E+001   0.1007530160E+001
 0.5151515   0.1312701434E+001   0.9744329488E+000   0.1075312512E+001   0.1039878307E+001
 0.5252525   0.1302561303E+001   0.9811258144E+000   0.1075972104E+001   0.1035498463E+001
 0.5353535   0.1314188490E+001   0.9810540352E+000   0.1073142512E+001   0.1009984717E+001
 0.5454545   0.1295993362E+001   0.9771801341E+000   0.1072847256E+001   0.9960448254E+000
 0.5555556   0.1293319097E+001   0.9747352914E+000   0.1074913159E+001   0.9912850873E+000
 0.5656566   0.1323238042E+001   0.9788789082E+000   0.1072348497E+001   0.1002680059E+001
 0.5757576   0.1316864036E+001   0.9746156594E+000   0.1069105043E+001   0.9977211532E+000
 0.5858586   0.1305768390E+001   0.9481052121E+000   0.1076386320E+001   0.1002115751E+001
 0.5959596   0.1318208183E+001   0.1009459018E+001   0.1079030928E+001   0.1024341386E+001
 0.6060606   0.1312919118E+001   0.9978525407E+000   0.1075821793E+001   0.1011172347E+001
 0.6161616   0.1313313190E+001   0.9832530885E+000   0.1067186865E+001   0.9818559740E+000
 0.6262626   0.1314984646E+001   0.9776064590E+000   0.1069166972E+001   0.9862026237E+000
 0.6363636   0.1314122279E+001   0.9780153828E+000   0.1074684863E+001   0.9909051934E+000
 0.6464646   0.1328709883E+001   0.9854978196E+000   0.1071774606E+001   0.1006606244E+001
 0.6565657   0.1321941332E+001   0.9536583112E+000   0.1070524730E+001   0.1010674427E+001
 0.6666667   0.1320992450E+001   0.9932369213E+000   0.1070972941E+001   0.1001149419E+001
 0.6767677   0.1310600152E+001   0.9926670380E+000   0.1072780183E+001   0.1029305824E+001
 0.6868687   0.1316896489E+001   0.9926017842E+000   0.1084990369E+001   0.9853303432E+000
 0.6969697   0.1307600958E+001   0.9884146648E+000   0.1079420720E+001   0.1008406129E+001
 0.7070707   0.1325187564E+001   0.9943984391E+000   0.1071971186E+001   0.9946727816E+000
 0.7171717   0.1319524593E+001   0.9853020581E+000   0.1071975454E+001   0.9967917041E+000
 0.7272727   0.1311562077E+001   0.9994773605E+000   0.1067432198E+001   0.9991558980E+000
 0.7373737   0.1326908960E+001   0.9913967639E+000   0.1084964279E+001   0.1001116224E+001
 0.7474747   0.1322850002E+001   0.9852803069E+000   0.1080591254E+001   0.1009770796E+001
 0.7575758   0.1329762059E+001   0.1004601960E+001   0.1069393777E+001   0.9838624038E+000
 0.7676768   0.1316392826E+001   0.9974196904E+000   0.1071475585E+001   0.9970812349E+000
 0.7777778   0.1338475665E+001   0.1004173460E+001   0.1076311664E+001   0.9982614877E+000
 0.7878788   0.1308389893E+001   0.9839774058E+000   0.1069570680E+001   0.1002331516E+001
 0.7979798   0.1325000135E+001   0.1013744018E+001   0.1070626877E+001   0.9933283999E+000
 0.8080808   0.1321405426E+001   0.9934261573E+000   0.1074611506E+001   0.1004599814E+001
 0.8181818   0.1324060542E+001   0.9838012205E+000   0.1070696534E+001   0.9966238869E+000
 0.8282828   0.1323050511E+001   0.1008158292E+001   0.1075995913E+001   0.9912666458E+000
 0.8383838   0.1326307278E+001   0.1007068554E+001   0.1072796242E+001   0.9970922998E+000
 0.8484848   0.1310018329E+001   0.1004412724E+001   0.1065539358E+001   0.9927198320E+000
 0.8585859   0.1321728116E+001   0.1022886077E+001   0.1078467726E+001   0.1015070869E+001
 0.8686869   0.1310479612E+001   0.9916795304E+000   0.1063908362E+001   0.9775738694E+000
 0.8787879   0.1326371297E+001   0.9840035073E+000   0.1086862739E+001   0.9902892490E+000
 0.8888889   0.1313014147E+001   0.9764275402E+000   0.1066178160E+001   0.9850076178E+000
 0.8989899   0.1327358365E+001   0.1017161143E+001   0.1094018362E+001   0.1019924659E+001
 0.9090909   0.1319889120E+001   0.9805102535E+000   0.1077880175E+001   0.9926147158E+000
 0.9191919   0.1332383330E+001   0.9924778020E+000   0.1073222592E+001   0.9787209276E+000
 0.9292929   0.1317587424E+001   0.9767951366E+000   0.1069098024E+001   0.9891772296E+000
 0.9393939   0.1310207377E+001   0.9891041801E+000   0.1062782362E+001   0.9811035629E+000
 0.9494949   0.1309846688E+001   0.9856022257E+000   0.1064808634E+001   0.9838384299E+000
 0.9595960   0.1328518532E+001   0.1006115848E+001   0.1076851119E+001   0.1002034608E+001
 0.9696970   0.1306285025E+001   0.9582326032E+000   0.1067153767E+001   0.9789532899E+000
 0.9797980   0.1305690357E+001   0.9851889515E+000   0.1068217806E+001   0.9958714758E+000
 0.9898990   0.1336438521E+001   0.9877273247E+000   0.1071248850E+001   0.9772788062E+000
 1.0000000   0.1302528266E+001   0.9491296969E+000   0.1072421882E+001   0.9745347185E+000


