Compiled using GNU Fortran (Ubuntu 9.4.0-1ubuntu1~20.04.2) 9.4.0 with all optimizations
Last Brick update unknown
Compiled at 18:43:37 on Sep  2 2023
Starting at 16:56:20 on Sep 11 2023

Settings
OK                      

Forcefield
OK                      

Topology
OK                      

Configuration
OK                      Read from ./INPUT/restart.in

 F
Monte Carlo Simulation initialized.

#########################################################################################################################
###########################################   ENERGY STARTING CONFIGURATION   ###########################################
#########################################################################################################################
                                               Box 1               Box 2
-------------------------------------------------------------------------------------------------------------------------
Lennard Jones        
 Intermolecular                         -0.4785948839E+006  -0.6376877030E+005
 Tailcorrection                         -0.1184858278E+005  -0.1445970445E+004
Total Intermolecular                    -0.4904434667E+006  -0.6521474075E+005

Electrostatic        
 Real                                   -0.1391887897E+006  -0.9561690639E+004
 Exclusion                               0.8330120773E+007   0.3054885698E+007
 Selfterm                               -0.8356876284E+007  -0.3057966376E+007
 Fourier                                 0.1292337885E+005   0.3033552015E+004
Total Intermolecular                    -0.1530209226E+006  -0.9608816993E+004

Intramolecular       
 Lennard Jones                           0.0000000000E+000   0.0000000000E+000
 Electrostatic                           0.0000000000E+000   0.0000000000E+000
 Bending                                 0.0000000000E+000   0.0000000000E+000
 Torsion                                 0.0000000000E+000   0.0000000000E+000

Total                                   -0.6434643893E+006  -0.7482355774E+005

#########################################################################################################################

Simulation is running...



#########################################################################################################################
###############################################   RELATIVE ENERGY DRIFTS   ##############################################
#########################################################################################################################
                                               Box 1               Box 2                                                 
-------------------------------------------------------------------------------------------------------------------------

Lennard Jones        
 Intermolecular                          0.1530567588E-014   0.3539836620E-014
 Tailcorrection                          0.0000000000E+000   0.0000000000E+000

Electrostatic        
 Real                                    0.9849086186E-015   0.2658862760E-014
 Exclusion                               0.4077158517E-015   0.0000000000E+000
 Selfterm                                0.0000000000E+000   0.0000000000E+000
 Fourier                                 0.1170781668E-015   0.2054379308E-015

Intramolecular       
 Lennard Jones                           0.0000000000E+000   0.0000000000E+000
 Electrostatic                           0.0000000000E+000   0.0000000000E+000
 Bending                                 0.0000000000E+000   0.0000000000E+000
 Torsion                                 0.0000000000E+000   0.0000000000E+000

Total                                    0.5267880585E-014   0.0000000000E+000

#########################################################################################################################
############################################   TRIAL MOVE ACCEPTANCE RATES   ############################################
#########################################################################################################################
                                               Box 1               Box 2
-------------------------------------------------------------------------------------------------------------------------
Translation
 CO2                                          0.51070             0.50270
 AR                                           0.51016             0.56215
-------------------------------------------------------------------------------------------------------------------------
Rotation
 CO2                                          0.49717             0.70623
 AR                                           0.00000             0.00000
-------------------------------------------------------------------------------------------------------------------------
Lambda Move
 cd                                           0.75022             0.93501
 Ar                                           0.83634             0.96060
-------------------------------------------------------------------------------------------------------------------------
GE Swap Fractional
 cd                                           0.28246             0.42129
 Ar                                           0.34664             0.52281
-------------------------------------------------------------------------------------------------------------------------
GE Identity Change
 cd                                           0.59997             0.90794
 Ar                                           0.57864             0.99988
-------------------------------------------------------------------------------------------------------------------------
Volume                                        0.50482             0.51753

#########################################################################################################################
######################################################   AVERAGES   #####################################################
#########################################################################################################################
                                                       Boltzmann                                    Biased
                                               Box 1               Box 2                  Box 1               Box 2      
-------------------------------------------------------------------------------------------------------------------------
Density
 CO2                                     0.8830664230E+003   0.6778453045E+002      0.8806051579E+003   0.6783532481E+002
 AR                                      0.9857810221E+002   0.9369999975E+002      0.9919971654E+002   0.9390114248E+002
 Total                                   0.9816445252E+003   0.1614845302E+003      0.9798048745E+003   0.1617364673E+003

Number of molecules
 CO2                                     0.5111106208E+003   0.1688893792E+003      0.5118022900E+003   0.1681977100E+003
 AR                                      0.6314088108E+002   0.2568591189E+003      0.6381175000E+002   0.2561882500E+003
 Total                                   0.5742515019E+003   0.4257484981E+003      0.5756140400E+003   0.4243859600E+003

Mole fractions
 CO2                                          0.89005             0.39669                 0.88914             0.39633
 AR                                           0.10995             0.60331                 0.11086             0.60367

Volume                                   0.4234830744E+005   0.1826206878E+006      0.4252630128E+005   0.1817538949E+006

#########################################################################################################################
#######################################   PROPERTIES FROM THE CFC GIBBS ENSEMBLE   ######################################
#########################################################################################################################
                                                       Boltzmann                                    Biased
                                               Box 1               Box 2                  Box 1               Box 2      
Chemical Potentials (as an indication)
=========================================================================================================================

Total cd                                -0.1945150104E+004  -0.1943235057E+004     -0.1945856245E+004  -0.1943045543E+004
 Ideal gas                              -0.1117226245E+004  -0.1766694048E+004     -0.1117932386E+004  -0.1766504534E+004
 Excess                                 -0.8279238597E+003  -0.1765410089E+003     -0.8279238597E+003  -0.1765410089E+003

-------------------------------------------------------------------------------------------------------------------------

Total Ar                                -0.1720387145E+004  -0.1717537820E+004     -0.1718796785E+004  -0.1716995295E+004
 Ideal gas                              -0.1647441634E+004  -0.1660281627E+004     -0.1645851274E+004  -0.1659739103E+004
 Excess                                 -0.7294551169E+002  -0.5725619239E+002     -0.7294551169E+002  -0.5725619239E+002

-------------------------------------------------------------------------------------------------------------------------

#########################################################################################################################
#########################################   PROPERTIES FROM UMBRELLA SAMPLING   #########################################
#########################################################################################################################

Excess Partial Molar Enthalpy
=========================================================================================================================


Partial Molar Volume
=========================================================================================================================


#########################################################################################################################
##################################################   AVERAGE ENERGIES   #################################################
#########################################################################################################################
                                                       Boltzmann                                    Biased
                                               Box 1               Box 2                  Box 1               Box 2      
-------------------------------------------------------------------------------------------------------------------------
Lennard Jones        
 Intermolecular                         -0.5489271409E+006  -0.5228176591E+005     -0.5491229675E+006  -0.5206236785E+005
 Tailcorrection                         -0.1348608733E+005  -0.1198338570E+004     -0.1349424650E+005  -0.1193575631E+004
Total Intermolecular                    -0.5624132283E+006  -0.5348010448E+005     -0.5626172140E+006  -0.5325594348E+005

Electrostatic        
 Real                                   -0.1520118622E+006  -0.6116869791E+004     -0.1518176279E+006  -0.6083728451E+004
 Exclusion                               0.9361432309E+007   0.2293770101E+007      0.9371898813E+007   0.2283863837E+007
 Selfterm                               -0.9391500756E+007  -0.2296083207E+007     -0.9402000692E+007  -0.2286166917E+007
 Fourier                                 0.1493563629E+005   0.2211041912E+004      0.1498541294E+005   0.2202842892E+004
Total Intermolecular                    -0.1671446735E+006  -0.6218934343E+004     -0.1669340937E+006  -0.6183964698E+004

Intramolecular       
 Lennard Jones                           0.0000000000E+000   0.0000000000E+000      0.0000000000E+000   0.0000000000E+000
 Electrostatic                           0.0000000000E+000   0.0000000000E+000      0.0000000000E+000   0.0000000000E+000
 Bending                                 0.0000000000E+000   0.0000000000E+000      0.0000000000E+000   0.0000000000E+000
 Torsion                                 0.0000000000E+000   0.0000000000E+000      0.0000000000E+000   0.0000000000E+000

Total                                   -0.7295579017E+006  -0.5969903882E+005     -0.7295513077E+006  -0.5943990818E+005

#########################################################################################################################

No errors found in bookkeeping.

Total simulation time:  17 hours and  27 minutes

Simulation finished.

