#   100 bins for weightfunction of cd                      
 0.0000000    0.3309852600E+001    0.6233932495E+000
 0.0101010    0.3321647644E+001    0.6556594849E+000
 0.0202020    0.3330722046E+001    0.6499160767E+000
 0.0303030    0.3363073730E+001    0.6447219849E+000
 0.0404040    0.3404212952E+001    0.6416091919E+000
 0.0505051    0.3505345154E+001    0.6614730835E+000
 0.0606061    0.3573982239E+001    0.6521072388E+000
 0.0707071    0.3666436768E+001    0.6485778809E+000
 0.0808081    0.3734410095E+001    0.6366668701E+000
 0.0909091    0.3833786011E+001    0.6371078491E+000
 0.1010101    0.3940121460E+001    0.6444122314E+000
 0.1111111    0.4012843323E+001    0.6085891724E+000
 0.1212121    0.4102340698E+001    0.6356750488E+000
 0.1313131    0.4171125793E+001    0.6028610229E+000
 0.1414141    0.4206924438E+001    0.6234191895E+000
 0.1515152    0.4260862732E+001    0.6166946411E+000
 0.1616162    0.4283015442E+001    0.6279968262E+000
 0.1717172    0.4293370056E+001    0.6006118774E+000
 0.1818182    0.4284570312E+001    0.5966247559E+000
 0.1919192    0.4289663696E+001    0.6125350952E+000
 0.2020202    0.4249418640E+001    0.5994323730E+000
 0.2121212    0.4252658081E+001    0.5648193359E+000
 0.2222222    0.4119915771E+001    0.5852584839E+000
 0.2323232    0.4132789612E+001    0.5823089600E+000
 0.2424242    0.4098223877E+001    0.5670089722E+000
 0.2525253    0.4010755920E+001    0.5659225464E+000
 0.2626263    0.3972091675E+001    0.5211395264E+000
 0.2727273    0.3858052063E+001    0.5230224609E+000
 0.2828283    0.3780415344E+001    0.5357711792E+000
 0.2929293    0.3678259277E+001    0.4885284424E+000
 0.3030303    0.3603796387E+001    0.4786499023E+000
 0.3131313    0.3501954651E+001    0.5044937134E+000
 0.3232323    0.3432810974E+001    0.4778518677E+000
 0.3333333    0.3306906128E+001    0.4771377563E+000
 0.3434343    0.3193289185E+001    0.4650207520E+000
 0.3535354    0.3062548828E+001    0.4532333374E+000
 0.3636364    0.3012724304E+001    0.4248352051E+000
 0.3737374    0.2885729980E+001    0.4394943237E+000
 0.3838384    0.2803208923E+001    0.4064575195E+000
 0.3939394    0.2669743347E+001    0.4178817749E+000
 0.4040404    0.2562286377E+001    0.3816650391E+000
 0.4141414    0.2477813721E+001    0.3902969360E+000
 0.4242424    0.2357411194E+001    0.3643890381E+000
 0.4343434    0.2248551941E+001    0.3527236938E+000
 0.4444444    0.2144430542E+001    0.3394805908E+000
 0.4545455    0.2002867126E+001    0.3592788696E+000
 0.4646465    0.1869192505E+001    0.3385192871E+000
 0.4747475    0.1776731873E+001    0.3310821533E+000
 0.4848485    0.1629493713E+001    0.3079208374E+000
 0.4949495    0.1531225586E+001    0.2630004883E+000
 0.5050505    0.1474336243E+001    0.2735900879E+000
 0.5151515    0.1464556885E+001    0.3125137329E+000
 0.5252525    0.1465669250E+001    0.2897308350E+000
 0.5353535    0.1500054932E+001    0.2873428345E+000
 0.5454545    0.1458374023E+001    0.2891571045E+000
 0.5555556    0.1425108337E+001    0.2636337280E+000
 0.5656566    0.1426812744E+001    0.2824691772E+000
 0.5757576    0.1422830200E+001    0.2620635986E+000
 0.5858586    0.1381237793E+001    0.2719345093E+000
 0.5959596    0.1393655396E+001    0.2773651123E+000
 0.6060606    0.1421475220E+001    0.2800354004E+000
 0.6161616    0.1385441589E+001    0.2817687988E+000
 0.6262626    0.1354711914E+001    0.2894607544E+000
 0.6363636    0.1314747620E+001    0.2871185303E+000
 0.6464646    0.1323960876E+001    0.2680984497E+000
 0.6565657    0.1287307739E+001    0.2801986694E+000
 0.6666667    0.1251499939E+001    0.2660766602E+000
 0.6767677    0.1233471680E+001    0.2789566040E+000
 0.6868687    0.1211708069E+001    0.2641891479E+000
 0.6969697    0.1175938416E+001    0.2444381714E+000
 0.7070707    0.1172575378E+001    0.2727981567E+000
 0.7171717    0.1170349121E+001    0.2679611206E+000
 0.7272727    0.1147273254E+001    0.2583984375E+000
 0.7373737    0.1114779663E+001    0.2870925903E+000
 0.7474747    0.1067237854E+001    0.2444534302E+000
 0.7575758    0.1034817505E+001    0.2674575806E+000
 0.7676768    0.1000756836E+001    0.2315017700E+000
 0.7777778    0.9744522095E+000    0.2403564453E+000
 0.7878788    0.9178039551E+000    0.2273742676E+000
 0.7979798    0.9106857300E+000    0.2490829468E+000
 0.8080808    0.8715225220E+000    0.2509017944E+000
 0.8181818    0.8285568237E+000    0.2547805786E+000
 0.8282828    0.7928573608E+000    0.2365310669E+000
 0.8383838    0.7476348877E+000    0.2361053467E+000
 0.8484848    0.7274627686E+000    0.2544967651E+000
 0.8585859    0.6705795288E+000    0.2283477783E+000
 0.8686869    0.6146789551E+000    0.2090957642E+000
 0.8787879    0.5966659546E+000    0.2431533813E+000
 0.8888889    0.5522277832E+000    0.2254745483E+000
 0.8989899    0.4781066895E+000    0.1884017944E+000
 0.9090909    0.4557769775E+000    0.2228073120E+000
 0.9191919    0.3929916382E+000    0.2085159302E+000
 0.9292929    0.3259796143E+000    0.1875762939E+000
 0.9393939    0.3110076904E+000    0.2069534302E+000
 0.9494949    0.2665603638E+000    0.2124771118E+000
 0.9595960    0.1922271729E+000    0.1977081299E+000
 0.9696970    0.1670776367E+000    0.2177978516E+000
 0.9797980    0.7728881836E-001    0.1790481567E+000
 0.9898990    0.2651062012E-001    0.1833908081E+000
 1.0000000    0.0000000000E+000    0.1629089355E+000


#   100 bins for weightfunction of Ar                      
 0.0000000    0.2871487427E+001    0.1767929077E+000
 0.0101010    0.2901496887E+001    0.2162750244E+000
 0.0202020    0.2890364075E+001    0.1862182617E+000
 0.0303030    0.2898947144E+001    0.1758270264E+000
 0.0404040    0.2912669373E+001    0.1595443726E+000
 0.0505051    0.2990008545E+001    0.1837524414E+000
 0.0606061    0.3009837341E+001    0.1662185669E+000
 0.0707071    0.3123771667E+001    0.1946441650E+000
 0.0808081    0.3182708740E+001    0.1908813477E+000
 0.0909091    0.3286262512E+001    0.2109390259E+000
 0.1010101    0.3351119995E+001    0.1795532227E+000
 0.1111111    0.3439660645E+001    0.1638000488E+000
 0.1212121    0.3537167358E+001    0.1698318481E+000
 0.1313131    0.3665310669E+001    0.1874679565E+000
 0.1414141    0.3704118347E+001    0.2019470215E+000
 0.1515152    0.3811921692E+001    0.2026092529E+000
 0.1616162    0.3865405273E+001    0.1781158447E+000
 0.1717172    0.3937741089E+001    0.1792037964E+000
 0.1818182    0.3973275757E+001    0.1695419312E+000
 0.1919192    0.3985032654E+001    0.1760330200E+000
 0.2020202    0.4042965698E+001    0.2003402710E+000
 0.2121212    0.4053871155E+001    0.1894058228E+000
 0.2222222    0.4010829163E+001    0.1460861206E+000
 0.2323232    0.4022505188E+001    0.1749084473E+000
 0.2424242    0.3984507751E+001    0.1277175903E+000
 0.2525253    0.3947059631E+001    0.1498962402E+000
 0.2626263    0.3930671692E+001    0.1424850464E+000
 0.2727273    0.3904061890E+001    0.1601867676E+000
 0.2828283    0.3877764893E+001    0.1183761597E+000
 0.2929293    0.3847016907E+001    0.1401794434E+000
 0.3030303    0.3782380676E+001    0.1112167358E+000
 0.3131313    0.3758303833E+001    0.1339538574E+000
 0.3232323    0.3718405151E+001    0.1061523438E+000
 0.3333333    0.3661048889E+001    0.1368225098E+000
 0.3434343    0.3619670105E+001    0.1065780640E+000
 0.3535354    0.3557585144E+001    0.1084030151E+000
 0.3636364    0.3532823181E+001    0.9180297852E-001
 0.3737374    0.3462101746E+001    0.9650115967E-001
 0.3838384    0.3419886780E+001    0.7613830566E-001
 0.3939394    0.3362359619E+001    0.6554565430E-001
 0.4040404    0.3284365845E+001    0.5517730713E-001
 0.4141414    0.3263073730E+001    0.6861114502E-001
 0.4242424    0.3197499084E+001    0.4519042969E-001
 0.4343434    0.3122621155E+001    0.6392669678E-001
 0.4444444    0.3066241455E+001    0.8602600098E-001
 0.4545455    0.3002224731E+001    0.1992340088E-001
 0.4646465    0.2945724487E+001    0.2666015625E-001
 0.4747475    0.2871556091E+001    0.2332763672E-001
 0.4848485    0.2810209656E+001    0.6381225586E-001
 0.4949495    0.2737583923E+001    0.2908477783E-001
 0.5050505    0.2733474731E+001    0.1302337646E-001
 0.5151515    0.2690588379E+001    0.5802917481E-002
 0.5252525    0.2709088135E+001    0.6420898437E-002
 0.5353535    0.2733634949E+001    0.2765808105E-001
 0.5454545    0.2708506775E+001    0.8958435059E-002
 0.5555556    0.2734376526E+001    0.1950683594E-001
 0.5656566    0.2704846191E+001    0.1825866699E-001
 0.5757576    0.2702760315E+001    0.3292846680E-002
 0.5858586    0.2722621155E+001    0.0000000000E+000
 0.5959596    0.2724581909E+001    0.1706695557E-001
 0.6060606    0.2714047241E+001    0.1510620117E-002
 0.6161616    0.2688238525E+001    0.4058074951E-001
 0.6262626    0.2699649048E+001    0.4500427246E-001
 0.6363636    0.2697143555E+001    0.2449798584E-001
 0.6464646    0.2697595215E+001    0.1654510498E-001
 0.6565657    0.2734165955E+001    0.2047729492E-001
 0.6666667    0.2716110229E+001    0.3815002441E-001
 0.6767677    0.2701022339E+001    0.3026428223E-001
 0.6868687    0.2712467957E+001    0.4450988770E-001
 0.6969697    0.2721578979E+001    0.3002014160E-001
 0.7070707    0.2700793457E+001    0.1751861572E-001
 0.7171717    0.2713867187E+001    0.2693328857E-001
 0.7272727    0.2705789185E+001    0.2119445801E-001
 0.7373737    0.2697492981E+001    0.1840057373E-001
 0.7474747    0.2701591492E+001    0.2361755371E-001
 0.7575758    0.2708427429E+001    0.2090911865E-001
 0.7676768    0.2698820496E+001    0.1937866211E-001
 0.7777778    0.2713731384E+001    0.3335723877E-001
 0.7878788    0.2716996765E+001    0.4456481934E-001
 0.7979798    0.2703764343E+001    0.3634033203E-001
 0.8080808    0.2719783020E+001    0.4075927734E-001
 0.8181818    0.2721005249E+001    0.3365478516E-001
 0.8282828    0.2713951111E+001    0.3681640625E-001
 0.8383838    0.2701498413E+001    0.1707458496E-001
 0.8484848    0.2722470093E+001    0.3354187012E-001
 0.8585859    0.2712930298E+001    0.3515777588E-001
 0.8686869    0.2714944458E+001    0.4288482666E-001
 0.8787879    0.2711099243E+001    0.3782501221E-001
 0.8888889    0.2707768250E+001    0.3440551758E-001
 0.8989899    0.2710403442E+001    0.2638244629E-001
 0.9090909    0.2681115723E+001    0.1236267090E-001
 0.9191919    0.2693968201E+001    0.2678527832E-001
 0.9292929    0.2702754211E+001    0.1764831543E-001
 0.9393939    0.2718579102E+001    0.3997650146E-001
 0.9494949    0.2709350586E+001    0.2157287598E-001
 0.9595960    0.2719160461E+001    0.3841094971E-001
 0.9696970    0.2736689758E+001    0.4725189209E-001
 0.9797980    0.2705654907E+001    0.3494567871E-001
 0.9898990    0.2692547607E+001    0.2336883545E-001
 1.0000000    0.2717800903E+001    0.4974212646E-001


