#   100 bins for weightfunction of cd                      
 0.0000000    0.3380924988E+001    0.8884933472E+000
 0.0101010    0.3371307373E+001    0.8767608643E+000
 0.0202020    0.3387483215E+001    0.8822845459E+000
 0.0303030    0.3460745239E+001    0.9083099365E+000
 0.0404040    0.3475424194E+001    0.8904571533E+000
 0.0505051    0.3547851562E+001    0.8939788818E+000
 0.0606061    0.3641049194E+001    0.9027236938E+000
 0.0707071    0.3730090332E+001    0.8956481934E+000
 0.0808081    0.3818046570E+001    0.9016510010E+000
 0.0909091    0.3920947266E+001    0.9085189819E+000
 0.1010101    0.3993269348E+001    0.8926223755E+000
 0.1111111    0.4076945496E+001    0.8883850098E+000
 0.1212121    0.4146954346E+001    0.8807861328E+000
 0.1313131    0.4215887451E+001    0.8870620728E+000
 0.1414141    0.4270777893E+001    0.8713287354E+000
 0.1515152    0.4309480286E+001    0.8642166138E+000
 0.1616162    0.4336981201E+001    0.8677139282E+000
 0.1717172    0.4336709595E+001    0.8690277100E+000
 0.1818182    0.4323963928E+001    0.8595397949E+000
 0.1919192    0.4292852783E+001    0.8439544678E+000
 0.2020202    0.4286189270E+001    0.8478546143E+000
 0.2121212    0.4206495667E+001    0.8213027954E+000
 0.2222222    0.4190200806E+001    0.8274719238E+000
 0.2323232    0.4124426270E+001    0.8230957031E+000
 0.2424242    0.4074707031E+001    0.8057174683E+000
 0.2525253    0.3987915039E+001    0.7955764771E+000
 0.2626263    0.3903121948E+001    0.7861282349E+000
 0.2727273    0.3831239319E+001    0.7710998535E+000
 0.2828283    0.3769560242E+001    0.7691238403E+000
 0.2929293    0.3674412537E+001    0.7402832031E+000
 0.3030303    0.3581549072E+001    0.7574172974E+000
 0.3131313    0.3502635193E+001    0.7397186279E+000
 0.3232323    0.3401858521E+001    0.7217208862E+000
 0.3333333    0.3316961670E+001    0.7260131836E+000
 0.3434343    0.3222837830E+001    0.6932098389E+000
 0.3535354    0.3129862976E+001    0.6848709106E+000
 0.3636364    0.3005722046E+001    0.7029510498E+000
 0.3737374    0.2892440796E+001    0.6849349976E+000
 0.3838384    0.2809387207E+001    0.6644973755E+000
 0.3939394    0.2689675903E+001    0.6610168457E+000
 0.4040404    0.2582229614E+001    0.6450332642E+000
 0.4141414    0.2447032166E+001    0.6309448242E+000
 0.4242424    0.2369523621E+001    0.6278732300E+000
 0.4343434    0.2230032349E+001    0.6113510132E+000
 0.4444444    0.2143415833E+001    0.6013214111E+000
 0.4545455    0.2030567932E+001    0.5742279053E+000
 0.4646465    0.1872801208E+001    0.5662460327E+000
 0.4747475    0.1771983337E+001    0.5743499756E+000
 0.4848485    0.1652697754E+001    0.5396896362E+000
 0.4949495    0.1544889832E+001    0.5348220825E+000
 0.5050505    0.1478308105E+001    0.5349182129E+000
 0.5151515    0.1466883850E+001    0.5429473877E+000
 0.5252525    0.1468215942E+001    0.5415817261E+000
 0.5353535    0.1454370117E+001    0.5307098389E+000
 0.5454545    0.1451623535E+001    0.5211196899E+000
 0.5555556    0.1448568726E+001    0.5135604858E+000
 0.5656566    0.1448771667E+001    0.5229232788E+000
 0.5757576    0.1424340820E+001    0.5210144043E+000
 0.5858586    0.1427088928E+001    0.5412445068E+000
 0.5959596    0.1407360840E+001    0.5451156616E+000
 0.6060606    0.1390782166E+001    0.5354400635E+000
 0.6161616    0.1377459717E+001    0.5365753174E+000
 0.6262626    0.1357968140E+001    0.5221450806E+000
 0.6363636    0.1345300293E+001    0.5351394653E+000
 0.6464646    0.1320669556E+001    0.5018432617E+000
 0.6565657    0.1316320801E+001    0.5191818237E+000
 0.6666667    0.1286466980E+001    0.5231521606E+000
 0.6767677    0.1258148193E+001    0.5348220825E+000
 0.6868687    0.1255352783E+001    0.5187683105E+000
 0.6969697    0.1211219788E+001    0.4989227295E+000
 0.7070707    0.1187959290E+001    0.5049362183E+000
 0.7171717    0.1162408447E+001    0.4997406006E+000
 0.7272727    0.1149327087E+001    0.5034622192E+000
 0.7373737    0.1120127869E+001    0.5093261719E+000
 0.7474747    0.1092155457E+001    0.5033569336E+000
 0.7575758    0.1050140381E+001    0.4916076660E+000
 0.7676768    0.1026147461E+001    0.4992019653E+000
 0.7777778    0.9778808594E+000    0.4784484863E+000
 0.7878788    0.9380065918E+000    0.4770065308E+000
 0.7979798    0.9083740234E+000    0.4887680054E+000
 0.8080808    0.8856323242E+000    0.4798141479E+000
 0.8181818    0.8455139160E+000    0.4735260010E+000
 0.8282828    0.8039733887E+000    0.4721038818E+000
 0.8383838    0.7708374023E+000    0.4854705811E+000
 0.8484848    0.7210830688E+000    0.4735748291E+000
 0.8585859    0.6957946777E+000    0.4725906372E+000
 0.8686869    0.6368118286E+000    0.4601516724E+000
 0.8787879    0.5968048096E+000    0.4636215210E+000
 0.8888889    0.5593521118E+000    0.4571136475E+000
 0.8989899    0.4954040527E+000    0.4478530884E+000
 0.9090909    0.4557662964E+000    0.4450225830E+000
 0.9191919    0.3941741943E+000    0.4317382812E+000
 0.9292929    0.3668701172E+000    0.4468566895E+000
 0.9393939    0.3125488281E+000    0.4457946777E+000
 0.9494949    0.2400177002E+000    0.4133071899E+000
 0.9595960    0.1888092041E+000    0.4204650879E+000
 0.9696970    0.1501007080E+000    0.4227645874E+000
 0.9797980    0.8518981934E-001    0.4121353149E+000
 0.9898990    0.3439178467E-001    0.4115158081E+000
 1.0000000    0.0000000000E+000    0.4106323242E+000


#   100 bins for weightfunction of Ar                      
 0.0000000    0.2586053467E+001    0.1706802368E+000
 0.0101010    0.2587483215E+001    0.1614013672E+000
 0.0202020    0.2589472961E+001    0.1521972656E+000
 0.0303030    0.2637411499E+001    0.1787643433E+000
 0.0404040    0.2673451233E+001    0.1831054687E+000
 0.0505051    0.2683099365E+001    0.1651290894E+000
 0.0606061    0.2750323486E+001    0.1638656616E+000
 0.0707071    0.2834228516E+001    0.1784942627E+000
 0.0808081    0.2895002747E+001    0.1706390381E+000
 0.0909091    0.2998866272E+001    0.1882263184E+000
 0.1010101    0.3083483887E+001    0.1878295898E+000
 0.1111111    0.3169766235E+001    0.1944107056E+000
 0.1212121    0.3263069153E+001    0.1823806763E+000
 0.1313131    0.3339794922E+001    0.1795578003E+000
 0.1414141    0.3436318970E+001    0.1965576172E+000
 0.1515152    0.3459555054E+001    0.1728973389E+000
 0.1616162    0.3548429871E+001    0.1818206787E+000
 0.1717172    0.3592755127E+001    0.1719848633E+000
 0.1818182    0.3648043823E+001    0.1606689453E+000
 0.1919192    0.3661651611E+001    0.1649810791E+000
 0.2020202    0.3689459229E+001    0.1697875977E+000
 0.2121212    0.3708799744E+001    0.1830154419E+000
 0.2222222    0.3652253723E+001    0.1543350220E+000
 0.2323232    0.3668695068E+001    0.1555191040E+000
 0.2424242    0.3682594299E+001    0.1344161987E+000
 0.2525253    0.3637442017E+001    0.1369598389E+000
 0.2626263    0.3610382080E+001    0.1295349121E+000
 0.2727273    0.3564933777E+001    0.1385772705E+000
 0.2828283    0.3534294128E+001    0.1154541016E+000
 0.2929293    0.3518026733E+001    0.1310760498E+000
 0.3030303    0.3486242676E+001    0.1335723877E+000
 0.3131313    0.3451083374E+001    0.9828643799E-001
 0.3232323    0.3391656494E+001    0.1186019897E+000
 0.3333333    0.3352197266E+001    0.9115295410E-001
 0.3434343    0.3293786621E+001    0.1005889893E+000
 0.3535354    0.3248271179E+001    0.9812316895E-001
 0.3636364    0.3211718750E+001    0.1017089844E+000
 0.3737374    0.3156816101E+001    0.1022644043E+000
 0.3838384    0.3124307251E+001    0.8009033203E-001
 0.3939394    0.3023197937E+001    0.6290283203E-001
 0.4040404    0.3001596069E+001    0.8211059570E-001
 0.4141414    0.2938702393E+001    0.7259979248E-001
 0.4242424    0.2881016541E+001    0.5210876465E-001
 0.4343434    0.2807546997E+001    0.4844207764E-001
 0.4444444    0.2777062988E+001    0.5105438232E-001
 0.4545455    0.2693739319E+001    0.4678192139E-001
 0.4646465    0.2647384644E+001    0.3488159180E-001
 0.4747475    0.2574833679E+001    0.3094635010E-001
 0.4848485    0.2510655212E+001    0.3919677734E-001
 0.4949495    0.2458457947E+001    0.1188049316E-001
 0.5050505    0.2424172974E+001    0.2378540039E-001
 0.5151515    0.2436605835E+001    0.0000000000E+000
 0.5252525    0.2402304077E+001    0.6074523926E-002
 0.5353535    0.2413938904E+001    0.1731262207E-001
 0.5454545    0.2426220703E+001    0.1587982178E-001
 0.5555556    0.2406819153E+001    0.3257446289E-001
 0.5656566    0.2418502808E+001    0.1556396484E-001
 0.5757576    0.2433377075E+001    0.3345336914E-001
 0.5858586    0.2430934143E+001    0.2171783447E-001
 0.5959596    0.2419210815E+001    0.3902740479E-001
 0.6060606    0.2429801941E+001    0.1939239502E-001
 0.6161616    0.2432696533E+001    0.2641906738E-001
 0.6262626    0.2409190369E+001    0.2629699707E-001
 0.6363636    0.2416178894E+001    0.2193603516E-001
 0.6464646    0.2417120361E+001    0.3627471924E-001
 0.6565657    0.2414146423E+001    0.2878570557E-001
 0.6666667    0.2410208130E+001    0.2492370605E-001
 0.6767677    0.2412316895E+001    0.1771240234E-001
 0.6868687    0.2409265137E+001    0.1573791504E-001
 0.6969697    0.2435092163E+001    0.2369537354E-001
 0.7070707    0.2421722412E+001    0.1618804932E-001
 0.7171717    0.2419985962E+001    0.1767425537E-001
 0.7272727    0.2412887573E+001    0.1208496094E-001
 0.7373737    0.2415068054E+001    0.2651824951E-001
 0.7474747    0.2419923401E+001    0.2441406250E-001
 0.7575758    0.2416218567E+001    0.1834716797E-001
 0.7676768    0.2423344421E+001    0.2873229980E-001
 0.7777778    0.2432829285E+001    0.2411956787E-001
 0.7878788    0.2423481750E+001    0.1962585449E-001
 0.7979798    0.2412661743E+001    0.1179504395E-001
 0.8080808    0.2435514832E+001    0.2944488525E-001
 0.8181818    0.2426553345E+001    0.3030395508E-001
 0.8282828    0.2426028442E+001    0.3873443604E-001
 0.8383838    0.2419897461E+001    0.1144714355E-001
 0.8484848    0.2435333252E+001    0.3555755615E-001
 0.8585859    0.2416250610E+001    0.2151031494E-001
 0.8686869    0.2409555054E+001    0.1685791016E-001
 0.8787879    0.2429130554E+001    0.2370910645E-001
 0.8888889    0.2412776184E+001    0.2084197998E-001
 0.8989899    0.2426069641E+001    0.2772827148E-001
 0.9090909    0.2407879639E+001    0.8992004395E-002
 0.9191919    0.2425086975E+001    0.1235198975E-001
 0.9292929    0.2441239929E+001    0.2827606201E-001
 0.9393939    0.2426414490E+001    0.2279815674E-001
 0.9494949    0.2433724976E+001    0.1896057129E-001
 0.9595960    0.2424821472E+001    0.1826782227E-001
 0.9696970    0.2426014709E+001    0.2897186279E-001
 0.9797980    0.2426623535E+001    0.2858276367E-001
 0.9898990    0.2439085388E+001    0.3540344238E-001
 1.0000000    0.2414231873E+001    0.6385803223E-002


