Compiled using GNU Fortran (Ubuntu 9.4.0-1ubuntu1~20.04.2) 9.4.0 with all optimizations
Last Brick update unknown
Compiled at 18:43:37 on Sep  2 2023
Starting at 16:56:21 on Sep 11 2023

Settings
OK                      

Forcefield
OK                      

Topology
OK                      

Configuration
OK                      Read from ./INPUT/restart.in

 F
Monte Carlo Simulation initialized.

#########################################################################################################################
###########################################   ENERGY STARTING CONFIGURATION   ###########################################
#########################################################################################################################
                                               Box 1               Box 2
-------------------------------------------------------------------------------------------------------------------------
Lennard Jones        
 Intermolecular                         -0.4891697698E+006  -0.7899743123E+005
 Tailcorrection                         -0.1200513949E+005  -0.1787605540E+004
Total Intermolecular                    -0.5011749093E+006  -0.8078503677E+005

Electrostatic        
 Real                                   -0.1182944451E+006  -0.6471769496E+004
 Exclusion                               0.7982628700E+007   0.1954513441E+007
 Selfterm                               -0.8008268243E+007  -0.1956484337E+007
 Fourier                                 0.1412628406E+005   0.1940616650E+004
Total Intermolecular                    -0.1298077038E+006  -0.6502048368E+004

Intramolecular       
 Lennard Jones                           0.0000000000E+000   0.0000000000E+000
 Electrostatic                           0.0000000000E+000   0.0000000000E+000
 Bending                                 0.0000000000E+000   0.0000000000E+000
 Torsion                                 0.0000000000E+000   0.0000000000E+000

Total                                   -0.6309826131E+006  -0.8728708514E+005

#########################################################################################################################

Simulation is running...



#########################################################################################################################
###############################################   RELATIVE ENERGY DRIFTS   ##############################################
#########################################################################################################################
                                               Box 1               Box 2                                                 
-------------------------------------------------------------------------------------------------------------------------

Lennard Jones        
 Intermolecular                          0.1499179699E-014   0.1427479276E-014
 Tailcorrection                          0.0000000000E+000   0.0000000000E+000

Electrostatic        
 Real                                    0.3220525344E-014   0.3987167252E-015
 Exclusion                               0.0000000000E+000   0.0000000000E+000
 Selfterm                                0.0000000000E+000   0.0000000000E+000
 Fourier                                 0.2744008449E-015   0.1111784638E-015

Intramolecular       
 Lennard Jones                           0.0000000000E+000   0.0000000000E+000
 Electrostatic                           0.0000000000E+000   0.0000000000E+000
 Bending                                 0.0000000000E+000   0.0000000000E+000
 Torsion                                 0.0000000000E+000   0.0000000000E+000

Total                                    0.0000000000E+000   0.2576455648E-014

#########################################################################################################################
############################################   TRIAL MOVE ACCEPTANCE RATES   ############################################
#########################################################################################################################
                                               Box 1               Box 2
-------------------------------------------------------------------------------------------------------------------------
Translation
 CO2                                          0.51451             0.51993
 AR                                           0.51658             0.49866
-------------------------------------------------------------------------------------------------------------------------
Rotation
 CO2                                          0.51645             0.62334
 AR                                           0.00000             0.00000
-------------------------------------------------------------------------------------------------------------------------
Lambda Move
 cd                                           0.76218             0.91509
 Ar                                           0.83663             0.94691
-------------------------------------------------------------------------------------------------------------------------
GE Swap Fractional
 cd                                           0.42076             0.33082
 Ar                                           0.52029             0.41521
-------------------------------------------------------------------------------------------------------------------------
GE Identity Change
 cd                                           0.89029             0.66251
 Ar                                           0.99523             0.77275
-------------------------------------------------------------------------------------------------------------------------
Volume                                        0.52657             0.50225

#########################################################################################################################
######################################################   AVERAGES   #####################################################
#########################################################################################################################
                                                       Boltzmann                                    Biased
                                               Box 1               Box 2                  Box 1               Box 2      
-------------------------------------------------------------------------------------------------------------------------
Density
 CO2                                     0.7995525517E+003   0.9571263636E+002      0.7984379066E+003   0.9577005539E+002
 AR                                      0.1564291101E+003   0.1618019782E+003      0.1566957316E+003   0.1618956164E+003
 Total                                   0.9559816619E+003   0.2575146146E+003      0.9551336382E+003   0.2576656718E+003

Number of molecules
 CO2                                     0.4010627170E+003   0.1789372830E+003      0.4012132300E+003   0.1787867700E+003
 AR                                      0.8680552723E+002   0.3331944728E+003      0.8710739000E+002   0.3328926100E+003
 Total                                   0.4878682442E+003   0.5121317558E+003      0.4883206200E+003   0.5116793800E+003

Mole fractions
 CO2                                          0.82207             0.34940                 0.82162             0.34941
 AR                                           0.17793             0.65060                 0.17838             0.65059

Volume                                   0.3671957159E+005   0.1371311440E+006      0.3678489894E+005   0.1369301252E+006

#########################################################################################################################
#######################################   PROPERTIES FROM THE CFC GIBBS ENSEMBLE   ######################################
#########################################################################################################################
                                                       Boltzmann                                    Biased
                                               Box 1               Box 2                  Box 1               Box 2      
Chemical Potentials (as an indication)
=========================================================================================================================

Total cd                                -0.1941393535E+004  -0.1941492179E+004     -0.1941746485E+004  -0.1941340447E+004
 Ideal gas                              -0.1142361329E+004  -0.1679404918E+004     -0.1142714279E+004  -0.1679253186E+004
 Excess                                 -0.7990322055E+003  -0.2620872609E+003     -0.7990322055E+003  -0.2620872609E+003

-------------------------------------------------------------------------------------------------------------------------

Total Ar                                -0.1610610754E+004  -0.1608156505E+004     -0.1610179902E+004  -0.1608010131E+004
 Ideal gas                              -0.1530617925E+004  -0.1522074041E+004     -0.1530187073E+004  -0.1521927667E+004
 Excess                                 -0.7999282861E+002  -0.8608246381E+002     -0.7999282861E+002  -0.8608246381E+002

-------------------------------------------------------------------------------------------------------------------------

#########################################################################################################################
#########################################   PROPERTIES FROM UMBRELLA SAMPLING   #########################################
#########################################################################################################################

Excess Partial Molar Enthalpy
=========================================================================================================================


Partial Molar Volume
=========================================================================================================================


#########################################################################################################################
##################################################   AVERAGE ENERGIES   #################################################
#########################################################################################################################
                                                       Boltzmann                                    Biased
                                               Box 1               Box 2                  Box 1               Box 2      
-------------------------------------------------------------------------------------------------------------------------
Lennard Jones        
 Intermolecular                         -0.4328142089E+006  -0.9183977324E+005     -0.4325973851E+006  -0.9174873602E+005
 Tailcorrection                         -0.1072361669E+005  -0.2218175763E+004     -0.1071965969E+005  -0.2215724301E+004
Total Intermolecular                    -0.4435378256E+006  -0.9405794901E+005     -0.4433170448E+006  -0.9396446032E+005

Electrostatic        
 Real                                   -0.1097838801E+006  -0.8848766962E+004     -0.1096551661E+006  -0.8845247355E+004
 Exclusion                               0.7346340013E+007   0.2430360371E+007      0.7346796660E+007   0.2428042848E+007
 Selfterm                               -0.7369936150E+007  -0.2432811229E+007     -0.7370394040E+007  -0.2430491351E+007
 Fourier                                 0.1269495649E+005   0.2374318360E+004      0.1270894259E+005   0.2372960582E+004
Total Intermolecular                    -0.1206850607E+006  -0.8925306345E+004     -0.1205436044E+006  -0.8920789478E+004

Intramolecular       
 Lennard Jones                           0.0000000000E+000   0.0000000000E+000      0.0000000000E+000   0.0000000000E+000
 Electrostatic                           0.0000000000E+000   0.0000000000E+000      0.0000000000E+000   0.0000000000E+000
 Bending                                 0.0000000000E+000   0.0000000000E+000      0.0000000000E+000   0.0000000000E+000
 Torsion                                 0.0000000000E+000   0.0000000000E+000      0.0000000000E+000   0.0000000000E+000

Total                                   -0.5642228863E+006  -0.1029832554E+006     -0.5638606492E+006  -0.1028852498E+006

#########################################################################################################################

No errors found in bookkeeping.

Total simulation time:  14 hours and  48 minutes

Simulation finished.

