#   100 bins for weightfunction of cd                      
 0.0000000    0.3109536743E+001    0.1902871704E+001
 0.0101010    0.3088398743E+001    0.1872277832E+001
 0.0202020    0.3124717712E+001    0.1894242859E+001
 0.0303030    0.3094453430E+001    0.1844821167E+001
 0.0404040    0.3183471680E+001    0.1899028015E+001
 0.0505051    0.3214559937E+001    0.1903558350E+001
 0.0606061    0.3271620178E+001    0.1901310730E+001
 0.0707071    0.3329997253E+001    0.1904057312E+001
 0.0808081    0.3396319580E+001    0.1924327087E+001
 0.0909091    0.3453637695E+001    0.1912799072E+001
 0.1010101    0.3537406921E+001    0.1919172668E+001
 0.1111111    0.3610635376E+001    0.1919726563E+001
 0.1212121    0.3607530212E+001    0.1890719604E+001
 0.1313131    0.3625642395E+001    0.1881275940E+001
 0.1414141    0.3642884827E+001    0.1885888672E+001
 0.1515152    0.3661656189E+001    0.1862135315E+001
 0.1616162    0.3637992859E+001    0.1854618835E+001
 0.1717172    0.3629014587E+001    0.1849653625E+001
 0.1818182    0.3605580139E+001    0.1848675537E+001
 0.1919192    0.3604533386E+001    0.1832234192E+001
 0.2020202    0.3569821167E+001    0.1802316284E+001
 0.2121212    0.3496025085E+001    0.1773547363E+001
 0.2222222    0.3493769836E+001    0.1768769836E+001
 0.2323232    0.3430697632E+001    0.1729278564E+001
 0.2424242    0.3352297974E+001    0.1700480652E+001
 0.2525253    0.3287190247E+001    0.1699742126E+001
 0.2626263    0.3208044434E+001    0.1701368713E+001
 0.2727273    0.3183372498E+001    0.1670748901E+001
 0.2828283    0.3100752258E+001    0.1617112732E+001
 0.2929293    0.3019383240E+001    0.1579588318E+001
 0.3030303    0.2901744080E+001    0.1570684814E+001
 0.3131313    0.2843746948E+001    0.1538452148E+001
 0.3232323    0.2785911560E+001    0.1514279175E+001
 0.3333333    0.2686669922E+001    0.1505522156E+001
 0.3434343    0.2614695740E+001    0.1460215759E+001
 0.3535354    0.2494689941E+001    0.1441400146E+001
 0.3636364    0.2414859009E+001    0.1411705017E+001
 0.3737374    0.2345671082E+001    0.1393493652E+001
 0.3838384    0.2241239929E+001    0.1368637085E+001
 0.3939394    0.2143771362E+001    0.1314730835E+001
 0.4040404    0.2059381104E+001    0.1288237000E+001
 0.4141414    0.1990858459E+001    0.1268946838E+001
 0.4242424    0.1880085754E+001    0.1210459900E+001
 0.4343434    0.1780331421E+001    0.1184483337E+001
 0.4444444    0.1655859375E+001    0.1148155212E+001
 0.4545455    0.1615373230E+001    0.1129582214E+001
 0.4646465    0.1474095154E+001    0.1103985596E+001
 0.4747475    0.1384400940E+001    0.1044073486E+001
 0.4848485    0.1279118347E+001    0.1029386902E+001
 0.4949495    0.1167788696E+001    0.9895599365E+000
 0.5050505    0.1126989746E+001    0.9718292236E+000
 0.5151515    0.1109156799E+001    0.9689743042E+000
 0.5252525    0.1120245361E+001    0.9872299194E+000
 0.5353535    0.1110643005E+001    0.9625930786E+000
 0.5454545    0.1112753296E+001    0.9879318237E+000
 0.5555556    0.1105784607E+001    0.9631805420E+000
 0.5656566    0.1077375793E+001    0.9741928101E+000
 0.5757576    0.1092460632E+001    0.9723419189E+000
 0.5858586    0.1067279053E+001    0.9836364746E+000
 0.5959596    0.1075808716E+001    0.9539413452E+000
 0.6060606    0.1041011047E+001    0.9506698608E+000
 0.6161616    0.1075430298E+001    0.9508224487E+000
 0.6262626    0.1034608459E+001    0.9615646362E+000
 0.6363636    0.1020368958E+001    0.9593444824E+000
 0.6464646    0.1006976318E+001    0.9651779175E+000
 0.6565657    0.9843765259E+000    0.9525344849E+000
 0.6666667    0.9692626953E+000    0.9358505249E+000
 0.6767677    0.9593109131E+000    0.9644577026E+000
 0.6868687    0.9548858643E+000    0.9459625244E+000
 0.6969697    0.9339172363E+000    0.9336303711E+000
 0.7070707    0.9030059814E+000    0.9347351074E+000
 0.7171717    0.8833435059E+000    0.9292297363E+000
 0.7272727    0.8540679932E+000    0.9290115356E+000
 0.7373737    0.8494552612E+000    0.9339202881E+000
 0.7474747    0.7976486206E+000    0.9296905518E+000
 0.7575758    0.7899642944E+000    0.9208374023E+000
 0.7676768    0.7776855469E+000    0.9211563110E+000
 0.7777778    0.7372390747E+000    0.9155090332E+000
 0.7878788    0.7123611450E+000    0.9065551758E+000
 0.7979798    0.6938613892E+000    0.8995880127E+000
 0.8080808    0.6545440674E+000    0.9012115479E+000
 0.8181818    0.6276382446E+000    0.8862213135E+000
 0.8282828    0.6137924194E+000    0.9031219482E+000
 0.8383838    0.5805770874E+000    0.8870803833E+000
 0.8484848    0.5531677246E+000    0.8845031738E+000
 0.8585859    0.5333602905E+000    0.8972610474E+000
 0.8686869    0.4692749023E+000    0.8506790161E+000
 0.8787879    0.4561706543E+000    0.8742095947E+000
 0.8888889    0.4162261963E+000    0.8483947754E+000
 0.8989899    0.3682937622E+000    0.8384948730E+000
 0.9090909    0.3436889648E+000    0.8533554077E+000
 0.9191919    0.2944839478E+000    0.8178237915E+000
 0.9292929    0.2568542480E+000    0.8192337036E+000
 0.9393939    0.2294403076E+000    0.8197082520E+000
 0.9494949    0.1888839722E+000    0.8105285645E+000
 0.9595960    0.1505783081E+000    0.8115554810E+000
 0.9696970    0.9413146973E-001    0.7997314453E+000
 0.9797980    0.5699462891E-001    0.7800170898E+000
 0.9898990    0.4033355713E-001    0.8028182983E+000
 1.0000000    0.0000000000E+000    0.7858566284E+000


#   100 bins for weightfunction of Ar                      
 0.0000000    0.1586203003E+001    0.4207000732E+000
 0.0101010    0.1591830444E+001    0.4350158691E+000
 0.0202020    0.1577799988E+001    0.4002059937E+000
 0.0303030    0.1616436768E+001    0.4302536011E+000
 0.0404040    0.1628140259E+001    0.4186721802E+000
 0.0505051    0.1664025879E+001    0.4227493286E+000
 0.0606061    0.1706022644E+001    0.4269271851E+000
 0.0707071    0.1753169250E+001    0.4408187866E+000
 0.0808081    0.1810379028E+001    0.4426727295E+000
 0.0909091    0.1873403931E+001    0.4510101318E+000
 0.1010101    0.1941065979E+001    0.4659729004E+000
 0.1111111    0.1981564331E+001    0.4647628784E+000
 0.1212121    0.2050781250E+001    0.4825897217E+000
 0.1313131    0.2098008728E+001    0.4664916992E+000
 0.1414141    0.2156712341E+001    0.4825592041E+000
 0.1515152    0.2195819092E+001    0.4780715942E+000
 0.1616162    0.2229753113E+001    0.4856369019E+000
 0.1717172    0.2257789612E+001    0.4649444580E+000
 0.1818182    0.2283567810E+001    0.4689498901E+000
 0.1919192    0.2282331848E+001    0.4495269775E+000
 0.2020202    0.2299446106E+001    0.4537536621E+000
 0.2121212    0.2287826538E+001    0.4555709839E+000
 0.2222222    0.2279499817E+001    0.4484817505E+000
 0.2323232    0.2238484192E+001    0.4024612427E+000
 0.2424242    0.2243341064E+001    0.4172073364E+000
 0.2525253    0.2205072021E+001    0.4106628418E+000
 0.2626263    0.2202128601E+001    0.3961303711E+000
 0.2727273    0.2156124878E+001    0.3821228027E+000
 0.2828283    0.2121443176E+001    0.3658370972E+000
 0.2929293    0.2107786560E+001    0.3626693726E+000
 0.3030303    0.2065667725E+001    0.3425048828E+000
 0.3131313    0.2021234131E+001    0.3115066528E+000
 0.3232323    0.1996406555E+001    0.3115127563E+000
 0.3333333    0.1974279785E+001    0.3083694458E+000
 0.3434343    0.1898789978E+001    0.2828613281E+000
 0.3535354    0.1868353271E+001    0.2699874878E+000
 0.3636364    0.1826756287E+001    0.2581787109E+000
 0.3737374    0.1794909668E+001    0.2474578857E+000
 0.3838384    0.1714669800E+001    0.2058929443E+000
 0.3939394    0.1667160034E+001    0.2058959961E+000
 0.4040404    0.1644860840E+001    0.1837478638E+000
 0.4141414    0.1581663513E+001    0.1535049438E+000
 0.4242424    0.1525238037E+001    0.1565124512E+000
 0.4343434    0.1491218567E+001    0.1403045654E+000
 0.4444444    0.1426332092E+001    0.1233688354E+000
 0.4545455    0.1395515442E+001    0.1065567017E+000
 0.4646465    0.1322938538E+001    0.7602844238E-001
 0.4747475    0.1305670166E+001    0.6355895996E-001
 0.4848485    0.1216294861E+001    0.6496124268E-001
 0.4949495    0.1168334961E+001    0.4317016602E-001
 0.5050505    0.1138948059E+001    0.3293304443E-001
 0.5151515    0.1151058960E+001    0.2506866455E-001
 0.5252525    0.1123088074E+001    0.2368011475E-001
 0.5353535    0.1136843872E+001    0.2610473633E-001
 0.5454545    0.1141891479E+001    0.2110900879E-001
 0.5555556    0.1125961304E+001    0.2518005371E-001
 0.5656566    0.1144297791E+001    0.1174774170E-001
 0.5757576    0.1136946106E+001    0.2720642090E-001
 0.5858586    0.1139067078E+001    0.0000000000E+000
 0.5959596    0.1153967285E+001    0.1741333008E-001
 0.6060606    0.1155479431E+001    0.1331939697E-001
 0.6161616    0.1124737549E+001    0.1847534180E-001
 0.6262626    0.1148510742E+001    0.1546173096E-001
 0.6363636    0.1138893127E+001    0.1692657471E-001
 0.6464646    0.1149699402E+001    0.2625427246E-001
 0.6565657    0.1128221130E+001    0.2794342041E-001
 0.6666667    0.1122264099E+001    0.2859344482E-001
 0.6767677    0.1164578247E+001    0.1325988770E-001
 0.6868687    0.1141064453E+001    0.1814575195E-001
 0.6969697    0.1134635925E+001    0.1957397461E-001
 0.7070707    0.1134698486E+001    0.1452331543E-001
 0.7171717    0.1139175415E+001    0.1837615967E-001
 0.7272727    0.1133587646E+001    0.1664276123E-001
 0.7373737    0.1129959106E+001    0.1216278076E-001
 0.7474747    0.1146055603E+001    0.2888336182E-001
 0.7575758    0.1137638855E+001    0.1993103027E-001
 0.7676768    0.1144226074E+001    0.3022155762E-001
 0.7777778    0.1144892883E+001    0.2650909424E-001
 0.7878788    0.1143972778E+001    0.1382446289E-001
 0.7979798    0.1145530701E+001    0.1667327881E-001
 0.8080808    0.1138218689E+001    0.2193908691E-001
 0.8181818    0.1151194763E+001    0.3375549316E-001
 0.8282828    0.1148931885E+001    0.2361450195E-001
 0.8383838    0.1142930603E+001    0.2010345459E-001
 0.8484848    0.1140409851E+001    0.2156219482E-001
 0.8585859    0.1144590759E+001    0.3183593750E-001
 0.8686869    0.1142987061E+001    0.1604766846E-001
 0.8787879    0.1138117981E+001    0.1155548096E-001
 0.8888889    0.1142044067E+001    0.2209167480E-001
 0.8989899    0.1137858582E+001    0.1013488770E-001
 0.9090909    0.1154710388E+001    0.2989959717E-001
 0.9191919    0.1157124329E+001    0.3663635254E-001
 0.9292929    0.1145301819E+001    0.9178161621E-002
 0.9393939    0.1159085083E+001    0.2900543213E-001
 0.9494949    0.1144001770E+001    0.2463531494E-001
 0.9595960    0.1137168884E+001    0.1721496582E-001
 0.9696970    0.1154338074E+001    0.3240966797E-001
 0.9797980    0.1138468933E+001    0.1745147705E-001
 0.9898990    0.1144509888E+001    0.1862335205E-001
 1.0000000    0.1138447571E+001    0.1096801758E-001


