#   100 bins for weightfunction of cd                      
 0.0000000    0.3099342346E+001    0.1917135620E+001
 0.0101010    0.3111351013E+001    0.1927746582E+001
 0.0202020    0.3124905396E+001    0.1943640137E+001
 0.0303030    0.3161184692E+001    0.1945707703E+001
 0.0404040    0.3173509216E+001    0.1925485229E+001
 0.0505051    0.3210588074E+001    0.1912651062E+001
 0.0606061    0.3283294678E+001    0.1939927673E+001
 0.0707071    0.3353244019E+001    0.1947299194E+001
 0.0808081    0.3394622803E+001    0.1944505310E+001
 0.0909091    0.3475885010E+001    0.1948808289E+001
 0.1010101    0.3528009033E+001    0.1953309631E+001
 0.1111111    0.3563940430E+001    0.1931568909E+001
 0.1212121    0.3618753052E+001    0.1946275330E+001
 0.1313131    0.3669238281E+001    0.1941287231E+001
 0.1414141    0.3663169861E+001    0.1919592285E+001
 0.1515152    0.3688926697E+001    0.1912030029E+001
 0.1616162    0.3664546204E+001    0.1913943481E+001
 0.1717172    0.3652543640E+001    0.1888461304E+001
 0.1818182    0.3659201050E+001    0.1884420776E+001
 0.1919192    0.3607281494E+001    0.1854084778E+001
 0.2020202    0.3590618896E+001    0.1848602295E+001
 0.2121212    0.3544813538E+001    0.1837187195E+001
 0.2222222    0.3491156006E+001    0.1795046997E+001
 0.2323232    0.3414802551E+001    0.1782632446E+001
 0.2424242    0.3382568359E+001    0.1762355042E+001
 0.2525253    0.3277075195E+001    0.1734410095E+001
 0.2626263    0.3214881897E+001    0.1710823059E+001
 0.2727273    0.3147515869E+001    0.1695668030E+001
 0.2828283    0.3101229858E+001    0.1670823669E+001
 0.2929293    0.3023825073E+001    0.1646441650E+001
 0.3030303    0.2925936890E+001    0.1611729431E+001
 0.3131313    0.2841252136E+001    0.1585336304E+001
 0.3232323    0.2788496399E+001    0.1555068970E+001
 0.3333333    0.2673745728E+001    0.1538880920E+001
 0.3434343    0.2593283081E+001    0.1489843750E+001
 0.3535354    0.2481462097E+001    0.1486798096E+001
 0.3636364    0.2402430725E+001    0.1457856750E+001
 0.3737374    0.2311695862E+001    0.1425143433E+001
 0.3838384    0.2237739563E+001    0.1387109375E+001
 0.3939394    0.2151667786E+001    0.1375921631E+001
 0.4040404    0.2045219421E+001    0.1338336182E+001
 0.4141414    0.1947294617E+001    0.1299731445E+001
 0.4242424    0.1843424988E+001    0.1278788757E+001
 0.4343434    0.1740339661E+001    0.1238706970E+001
 0.4444444    0.1672346497E+001    0.1213146973E+001
 0.4545455    0.1550102234E+001    0.1185098267E+001
 0.4646465    0.1446458435E+001    0.1143853760E+001
 0.4747475    0.1347651672E+001    0.1115002441E+001
 0.4848485    0.1237669373E+001    0.1075187683E+001
 0.4949495    0.1140426636E+001    0.1045973206E+001
 0.5050505    0.1082504272E+001    0.1042715454E+001
 0.5151515    0.1079615784E+001    0.1024026489E+001
 0.5252525    0.1069252014E+001    0.1045277405E+001
 0.5353535    0.1066973877E+001    0.1027485657E+001
 0.5454545    0.1083926392E+001    0.1034017944E+001
 0.5555556    0.1055354309E+001    0.1031573486E+001
 0.5656566    0.1073764038E+001    0.1030055237E+001
 0.5757576    0.1045976257E+001    0.1020188904E+001
 0.5858586    0.1052464294E+001    0.1041857910E+001
 0.5959596    0.1034260559E+001    0.1013827515E+001
 0.6060606    0.1021200562E+001    0.1023988342E+001
 0.6161616    0.1013766479E+001    0.1011987305E+001
 0.6262626    0.1006634521E+001    0.1029927063E+001
 0.6363636    0.9952072144E+000    0.1023060608E+001
 0.6464646    0.9618469238E+000    0.1006915283E+001
 0.6565657    0.9573532104E+000    0.1008409119E+001
 0.6666667    0.9501113892E+000    0.1011585999E+001
 0.6767677    0.9279602051E+000    0.1019422913E+001
 0.6868687    0.9108993530E+000    0.1007450867E+001
 0.6969697    0.8937149048E+000    0.9983856201E+000
 0.7070707    0.8741348267E+000    0.9957565308E+000
 0.7171717    0.8626892090E+000    0.1009036255E+001
 0.7272727    0.8475433350E+000    0.9898941040E+000
 0.7373737    0.8121887207E+000    0.9727783203E+000
 0.7474747    0.8054336548E+000    0.9823959351E+000
 0.7575758    0.7737899780E+000    0.9804794312E+000
 0.7676768    0.7684478760E+000    0.9813858032E+000
 0.7777778    0.7375946045E+000    0.9677658081E+000
 0.7878788    0.7123413086E+000    0.9718215942E+000
 0.7979798    0.6843933105E+000    0.9568405151E+000
 0.8080808    0.6565750122E+000    0.9498336792E+000
 0.8181818    0.6238769531E+000    0.9515274048E+000
 0.8282828    0.5838272095E+000    0.9414627075E+000
 0.8383838    0.5665557861E+000    0.9393890381E+000
 0.8484848    0.5397598267E+000    0.9376358032E+000
 0.8585859    0.5014205933E+000    0.9216476440E+000
 0.8686869    0.4761611938E+000    0.9214263916E+000
 0.8787879    0.4452606201E+000    0.9191864014E+000
 0.8888889    0.4179916382E+000    0.9143447876E+000
 0.8989899    0.3680984497E+000    0.9031173706E+000
 0.9090909    0.3309951782E+000    0.9060699463E+000
 0.9191919    0.2826889038E+000    0.8755172729E+000
 0.9292929    0.2545135498E+000    0.8839645386E+000
 0.9393939    0.2225082397E+000    0.8690261841E+000
 0.9494949    0.2045181274E+000    0.8867828369E+000
 0.9595960    0.1431015015E+000    0.8553298950E+000
 0.9696970    0.9036865234E-001    0.8446640015E+000
 0.9797980    0.5575561523E-001    0.8390686035E+000
 0.9898990    0.2304382324E-001    0.8422592163E+000
 1.0000000    0.0000000000E+000    0.8483779907E+000


#   100 bins for weightfunction of Ar                      
 0.0000000    0.1568098450E+001    0.3966873169E+000
 0.0101010    0.1561914062E+001    0.3757324219E+000
 0.0202020    0.1581446838E+001    0.3914398193E+000
 0.0303030    0.1586070251E+001    0.3880645752E+000
 0.0404040    0.1616978455E+001    0.3892440796E+000
 0.0505051    0.1662324524E+001    0.4013671875E+000
 0.0606061    0.1703677368E+001    0.4111648560E+000
 0.0707071    0.1748663330E+001    0.4061294556E+000
 0.0808081    0.1813969421E+001    0.4328186035E+000
 0.0909091    0.1877011108E+001    0.4271789551E+000
 0.1010101    0.1961009216E+001    0.4492828369E+000
 0.1111111    0.2002548218E+001    0.4408325195E+000
 0.1212121    0.2074212646E+001    0.4487915039E+000
 0.1313131    0.2118927002E+001    0.4344207764E+000
 0.1414141    0.2176750183E+001    0.4618576050E+000
 0.1515152    0.2225962830E+001    0.4498489380E+000
 0.1616162    0.2264288330E+001    0.4387893677E+000
 0.1717172    0.2306835937E+001    0.4464630127E+000
 0.1818182    0.2310876465E+001    0.4380004883E+000
 0.1919192    0.2334765625E+001    0.4312667847E+000
 0.2020202    0.2348477173E+001    0.4488082886E+000
 0.2121212    0.2345146179E+001    0.4184600830E+000
 0.2222222    0.2329064941E+001    0.4097320557E+000
 0.2323232    0.2315336609E+001    0.4093353271E+000
 0.2424242    0.2291064453E+001    0.3908584595E+000
 0.2525253    0.2282528687E+001    0.3978363037E+000
 0.2626263    0.2230513000E+001    0.3687225342E+000
 0.2727273    0.2208538818E+001    0.3699630737E+000
 0.2828283    0.2177551270E+001    0.3368316650E+000
 0.2929293    0.2153930664E+001    0.3420837402E+000
 0.3030303    0.2135220337E+001    0.3002868652E+000
 0.3131313    0.2090653992E+001    0.3211929321E+000
 0.3232323    0.2018588257E+001    0.2965850830E+000
 0.3333333    0.2022683716E+001    0.2766967773E+000
 0.3434343    0.1963676453E+001    0.2622100830E+000
 0.3535354    0.1894442749E+001    0.2523330688E+000
 0.3636364    0.1874319458E+001    0.2277252197E+000
 0.3737374    0.1824771118E+001    0.2141799927E+000
 0.3838384    0.1784751892E+001    0.2125701904E+000
 0.3939394    0.1716261292E+001    0.2009307861E+000
 0.4040404    0.1682798767E+001    0.1618087769E+000
 0.4141414    0.1627415466E+001    0.1438888550E+000
 0.4242424    0.1575016785E+001    0.1675445557E+000
 0.4343434    0.1536029053E+001    0.1256591797E+000
 0.4444444    0.1478077698E+001    0.8890533447E-001
 0.4545455    0.1426100159E+001    0.9119110107E-001
 0.4646465    0.1347079468E+001    0.8025665283E-001
 0.4747475    0.1308105469E+001    0.6482086182E-001
 0.4848485    0.1253707886E+001    0.4228057861E-001
 0.4949495    0.1207011414E+001    0.2979888916E-001
 0.5050505    0.1184458923E+001    0.4710388184E-002
 0.5151515    0.1187893677E+001    0.1594238281E-001
 0.5252525    0.1175834656E+001    0.1969604492E-001
 0.5353535    0.1160276794E+001    0.0000000000E+000
 0.5454545    0.1177192688E+001    0.1384277344E-001
 0.5555556    0.1190905762E+001    0.2112274170E-001
 0.5656566    0.1174014282E+001    0.2489624023E-001
 0.5757576    0.1180258179E+001    0.9803771973E-002
 0.5858586    0.1171585083E+001    0.1009979248E-001
 0.5959596    0.1159863281E+001    0.1788482666E-001
 0.6060606    0.1185993958E+001    0.8351135254E-002
 0.6161616    0.1173954773E+001    0.1970977783E-001
 0.6262626    0.1177952576E+001    0.2674102783E-001
 0.6363636    0.1170506287E+001    0.6236267090E-002
 0.6464646    0.1172132874E+001    0.2880249023E-001
 0.6565657    0.1179576111E+001    0.1717376709E-001
 0.6666667    0.1172268677E+001    0.1706390381E-001
 0.6767677    0.1186215210E+001    0.2637634277E-001
 0.6868687    0.1176181030E+001    0.2312011719E-001
 0.6969697    0.1167446899E+001    0.2627258301E-001
 0.7070707    0.1173200989E+001    0.3138580322E-001
 0.7171717    0.1168971252E+001    0.1829071045E-001
 0.7272727    0.1156848145E+001    0.7913208008E-002
 0.7373737    0.1163235474E+001    0.2751922607E-001
 0.7474747    0.1159877014E+001    0.1304016113E-001
 0.7575758    0.1164453125E+001    0.2143859863E-001
 0.7676768    0.1166918945E+001    0.2798309326E-001
 0.7777778    0.1160179138E+001    0.1507720947E-001
 0.7878788    0.1164956665E+001    0.1665649414E-001
 0.7979798    0.1168865967E+001    0.2518615723E-001
 0.8080808    0.1164938354E+001    0.2125701904E-001
 0.8181818    0.1168417358E+001    0.2155456543E-001
 0.8282828    0.1170056152E+001    0.3515167236E-001
 0.8383838    0.1177687073E+001    0.3462371826E-001
 0.8484848    0.1166545105E+001    0.2659606934E-001
 0.8585859    0.1163934326E+001    0.2403717041E-001
 0.8686869    0.1173587036E+001    0.2517852783E-001
 0.8787879    0.1164109802E+001    0.1333923340E-001
 0.8888889    0.1177859497E+001    0.3053894043E-001
 0.8989899    0.1170048523E+001    0.1916656494E-001
 0.9090909    0.1168063354E+001    0.3127746582E-001
 0.9191919    0.1175199890E+001    0.2178649902E-001
 0.9292929    0.1171366882E+001    0.3030853271E-001
 0.9393939    0.1169326782E+001    0.2134246826E-001
 0.9494949    0.1174128723E+001    0.3355712891E-001
 0.9595960    0.1171728516E+001    0.3929595947E-001
 0.9696970    0.1170095825E+001    0.2560272217E-001
 0.9797980    0.1167750549E+001    0.2170562744E-001
 0.9898990    0.1171864319E+001    0.2829437256E-001
 1.0000000    0.1156936646E+001    0.2410125732E-001


