#   100 bins for weightfunction of cd                      
 0.0000000    0.3079450989E+001    0.1783085632E+001
 0.0101010    0.3093045044E+001    0.1788453674E+001
 0.0202020    0.3097138977E+001    0.1780772400E+001
 0.0303030    0.3141232300E+001    0.1805870056E+001
 0.0404040    0.3167831421E+001    0.1795880127E+001
 0.0505051    0.3228454590E+001    0.1809925842E+001
 0.0606061    0.3283868408E+001    0.1809028625E+001
 0.0707071    0.3336004639E+001    0.1797889709E+001
 0.0808081    0.3396229553E+001    0.1805473328E+001
 0.0909091    0.3462452698E+001    0.1811357117E+001
 0.1010101    0.3529475403E+001    0.1803042603E+001
 0.1111111    0.3581292725E+001    0.1801403809E+001
 0.1212121    0.3630010986E+001    0.1807641602E+001
 0.1313131    0.3661599731E+001    0.1793580627E+001
 0.1414141    0.3697734070E+001    0.1787615967E+001
 0.1515152    0.3706919861E+001    0.1791972351E+001
 0.1616162    0.3697557068E+001    0.1767642212E+001
 0.1717172    0.3687792969E+001    0.1756158447E+001
 0.1818182    0.3660600281E+001    0.1730827332E+001
 0.1919192    0.3635563660E+001    0.1712406921E+001
 0.2020202    0.3600645447E+001    0.1701937866E+001
 0.2121212    0.3587667847E+001    0.1687426758E+001
 0.2222222    0.3519941711E+001    0.1657057190E+001
 0.2323232    0.3481774902E+001    0.1642677307E+001
 0.2424242    0.3416532898E+001    0.1618017578E+001
 0.2525253    0.3341630554E+001    0.1596208191E+001
 0.2626263    0.3291210937E+001    0.1575581360E+001
 0.2727273    0.3221272278E+001    0.1550093079E+001
 0.2828283    0.3133666992E+001    0.1526295471E+001
 0.2929293    0.3065299988E+001    0.1497831726E+001
 0.3030303    0.2974095154E+001    0.1466224670E+001
 0.3131313    0.2898429871E+001    0.1428825378E+001
 0.3232323    0.2832389832E+001    0.1416600037E+001
 0.3333333    0.2744975281E+001    0.1371916199E+001
 0.3434343    0.2655625916E+001    0.1365402222E+001
 0.3535354    0.2562333679E+001    0.1317842102E+001
 0.3636364    0.2470861816E+001    0.1291107178E+001
 0.3737374    0.2388638306E+001    0.1266639709E+001
 0.3838384    0.2288540649E+001    0.1218768311E+001
 0.3939394    0.2187855530E+001    0.1211743164E+001
 0.4040404    0.2090232849E+001    0.1180645752E+001
 0.4141414    0.2006929016E+001    0.1134898376E+001
 0.4242424    0.1907749939E+001    0.1110023499E+001
 0.4343434    0.1795570374E+001    0.1071244812E+001
 0.4444444    0.1694329834E+001    0.1040515137E+001
 0.4545455    0.1596856689E+001    0.1002931213E+001
 0.4646465    0.1495921326E+001    0.9731979370E+000
 0.4747475    0.1398295593E+001    0.9408874512E+000
 0.4848485    0.1277989197E+001    0.9107727051E+000
 0.4949495    0.1194058228E+001    0.8801162720E+000
 0.5050505    0.1131344604E+001    0.8537109375E+000
 0.5151515    0.1134684753E+001    0.8530822754E+000
 0.5252525    0.1114688110E+001    0.8567687988E+000
 0.5353535    0.1105317688E+001    0.8617340088E+000
 0.5454545    0.1111003113E+001    0.8453475952E+000
 0.5555556    0.1115623474E+001    0.8571441650E+000
 0.5656566    0.1112673950E+001    0.8480697632E+000
 0.5757576    0.1098754883E+001    0.8573196411E+000
 0.5858586    0.1081054688E+001    0.8524703980E+000
 0.5959596    0.1063830566E+001    0.8619628906E+000
 0.6060606    0.1062477112E+001    0.8454711914E+000
 0.6161616    0.1061457825E+001    0.8548416138E+000
 0.6262626    0.1042675781E+001    0.8327392578E+000
 0.6363636    0.1036016846E+001    0.8426757813E+000
 0.6464646    0.1009991455E+001    0.8418258667E+000
 0.6565657    0.1005183411E+001    0.8421936035E+000
 0.6666667    0.9973861694E+000    0.8316940308E+000
 0.6767677    0.9784957886E+000    0.8280624390E+000
 0.6868687    0.9701202393E+000    0.8183013916E+000
 0.6969697    0.9274002075E+000    0.8269622803E+000
 0.7070707    0.9140319824E+000    0.8271942139E+000
 0.7171717    0.8973983765E+000    0.8216537476E+000
 0.7272727    0.8735519409E+000    0.8182327271E+000
 0.7373737    0.8482986450E+000    0.8140594482E+000
 0.7474747    0.8336105347E+000    0.8131286621E+000
 0.7575758    0.8129882813E+000    0.8092117310E+000
 0.7676768    0.7860412598E+000    0.8064758301E+000
 0.7777778    0.7620529175E+000    0.8059234619E+000
 0.7878788    0.7452636719E+000    0.8087081909E+000
 0.7979798    0.7151550293E+000    0.7928131104E+000
 0.8080808    0.6826019287E+000    0.7885314941E+000
 0.8181818    0.6414596558E+000    0.7771408081E+000
 0.8282828    0.6245758057E+000    0.7794387817E+000
 0.8383838    0.5817504883E+000    0.7580841064E+000
 0.8484848    0.5545364380E+000    0.7630920410E+000
 0.8585859    0.5290359497E+000    0.7572784424E+000
 0.8686869    0.4888259888E+000    0.7523117065E+000
 0.8787879    0.4600128174E+000    0.7453430176E+000
 0.8888889    0.4250946045E+000    0.7271179199E+000
 0.8989899    0.4011138916E+000    0.7471771240E+000
 0.9090909    0.3549377441E+000    0.7309707642E+000
 0.9191919    0.3108062744E+000    0.7075500488E+000
 0.9292929    0.2757003784E+000    0.7069763184E+000
 0.9393939    0.2280334473E+000    0.7031799316E+000
 0.9494949    0.1893539429E+000    0.6974243164E+000
 0.9595960    0.1544296265E+000    0.6930755615E+000
 0.9696970    0.1207336426E+000    0.6923995972E+000
 0.9797980    0.7458648682E-001    0.6775985718E+000
 0.9898990    0.2233734131E-001    0.6606887817E+000
 1.0000000    0.0000000000E+000    0.6645248413E+000


#   100 bins for weightfunction of Ar                      
 0.0000000    0.1766990662E+001    0.4179718018E+000
 0.0101010    0.1770857239E+001    0.4085617065E+000
 0.0202020    0.1755955505E+001    0.3834869385E+000
 0.0303030    0.1799815369E+001    0.4260711670E+000
 0.0404040    0.1825639343E+001    0.4118942261E+000
 0.0505051    0.1878056335E+001    0.4389480591E+000
 0.0606061    0.1902534485E+001    0.4132583618E+000
 0.0707071    0.1937118530E+001    0.4345382690E+000
 0.0808081    0.2017034912E+001    0.4416351318E+000
 0.0909091    0.2065930176E+001    0.4457839966E+000
 0.1010101    0.2139373779E+001    0.4645141602E+000
 0.1111111    0.2207214355E+001    0.4584976196E+000
 0.1212121    0.2287518311E+001    0.4841110229E+000
 0.1313131    0.2355038452E+001    0.4862289429E+000
 0.1414141    0.2397216797E+001    0.4578094482E+000
 0.1515152    0.2450692749E+001    0.4596725464E+000
 0.1616162    0.2511067200E+001    0.4540847778E+000
 0.1717172    0.2539222717E+001    0.4766983032E+000
 0.1818182    0.2562751770E+001    0.4566436768E+000
 0.1919192    0.2569459534E+001    0.4459259033E+000
 0.2020202    0.2569792175E+001    0.4475234985E+000
 0.2121212    0.2576121521E+001    0.4480453491E+000
 0.2222222    0.2562779236E+001    0.4310546875E+000
 0.2323232    0.2558206177E+001    0.4491577148E+000
 0.2424242    0.2530142212E+001    0.4097351074E+000
 0.2525253    0.2522236633E+001    0.4132812500E+000
 0.2626263    0.2508326721E+001    0.3905532837E+000
 0.2727273    0.2463665771E+001    0.4130889893E+000
 0.2828283    0.2442279053E+001    0.3663162231E+000
 0.2929293    0.2419284058E+001    0.3421859741E+000
 0.3030303    0.2377954102E+001    0.3404098511E+000
 0.3131313    0.2337968445E+001    0.3416030884E+000
 0.3232323    0.2310389709E+001    0.3082977295E+000
 0.3333333    0.2261338806E+001    0.2729003906E+000
 0.3434343    0.2195773315E+001    0.2932281494E+000
 0.3535354    0.2167413330E+001    0.2614532471E+000
 0.3636364    0.2116641235E+001    0.2403305054E+000
 0.3737374    0.2068705750E+001    0.2572906494E+000
 0.3838384    0.2053759766E+001    0.2244979858E+000
 0.3939394    0.1995783997E+001    0.1908462524E+000
 0.4040404    0.1960459900E+001    0.1777343750E+000
 0.4141414    0.1900575256E+001    0.1717071533E+000
 0.4242424    0.1841798401E+001    0.1585647583E+000
 0.4343434    0.1783015442E+001    0.1347991943E+000
 0.4444444    0.1732734680E+001    0.1167175293E+000
 0.4545455    0.1676239014E+001    0.1094055176E+000
 0.4646465    0.1639845276E+001    0.1077407837E+000
 0.4747475    0.1569203186E+001    0.8526763916E-001
 0.4848485    0.1532963562E+001    0.4225463867E-001
 0.4949495    0.1457214355E+001    0.2616729736E-001
 0.5050505    0.1418704224E+001    0.3582763672E-001
 0.5151515    0.1450704956E+001    0.1400604248E-001
 0.5252525    0.1438455200E+001    0.3030548096E-001
 0.5353535    0.1446687317E+001    0.1587829590E-001
 0.5454545    0.1428976440E+001    0.2896270752E-001
 0.5555556    0.1398316956E+001    0.2894287109E-001
 0.5656566    0.1441896057E+001    0.2432403564E-001
 0.5757576    0.1445594788E+001    0.3567199707E-001
 0.5858586    0.1453221130E+001    0.8456420899E-002
 0.5959596    0.1444659424E+001    0.3548126221E-001
 0.6060606    0.1431562805E+001    0.2687072754E-002
 0.6161616    0.1428433228E+001    0.2462158203E-001
 0.6262626    0.1433029175E+001    0.2342681885E-001
 0.6363636    0.1435585022E+001    0.3471069336E-001
 0.6464646    0.1437504578E+001    0.1625976563E-001
 0.6565657    0.1419868469E+001    0.2896270752E-001
 0.6666667    0.1432391357E+001    0.3817138672E-001
 0.6767677    0.1444984436E+001    0.2411346436E-001
 0.6868687    0.1419979858E+001    0.2039184570E-001
 0.6969697    0.1428877258E+001    0.2649841309E-001
 0.7070707    0.1434341431E+001    0.3027648926E-001
 0.7171717    0.1432981873E+001    0.1539764404E-001
 0.7272727    0.1436756897E+001    0.1661834717E-001
 0.7373737    0.1432585144E+001    0.2589416504E-001
 0.7474747    0.1421128845E+001    0.2722778320E-001
 0.7575758    0.1445510864E+001    0.2880554199E-001
 0.7676768    0.1436976624E+001    0.3310852051E-001
 0.7777778    0.1429100037E+001    0.1238555908E-001
 0.7878788    0.1444334412E+001    0.3913116455E-001
 0.7979798    0.1441192627E+001    0.2500915527E-001
 0.8080808    0.1434725952E+001    0.2521972656E-001
 0.8181818    0.1423393250E+001    0.9568786621E-002
 0.8282828    0.1432028198E+001    0.2072296143E-001
 0.8383838    0.1442346191E+001    0.1975860596E-001
 0.8484848    0.1430326843E+001    0.2233581543E-001
 0.8585859    0.1439164734E+001    0.2426910400E-001
 0.8686869    0.1427809143E+001    0.1538543701E-001
 0.8787879    0.1439303589E+001    0.1337432861E-001
 0.8888889    0.1447631836E+001    0.3028564453E-001
 0.8989899    0.1448605347E+001    0.3298645020E-001
 0.9090909    0.1436930847E+001    0.3163757324E-001
 0.9191919    0.1451417542E+001    0.3574371338E-001
 0.9292929    0.1431628418E+001    0.2357025146E-001
 0.9393939    0.1427728271E+001    0.1259918213E-001
 0.9494949    0.1453970337E+001    0.3841247559E-001
 0.9595960    0.1418768311E+001    0.1247863770E-001
 0.9696970    0.1413574219E+001    0.0000000000E+000
 0.9797980    0.1448715210E+001    0.3015594482E-001
 0.9898990    0.1446015930E+001    0.2811126709E-001
 1.0000000    0.1439613342E+001    0.1997680664E-001


