 0.0000000   0.1397272490E+000   0.9968334692E+000   0.6839780682E+000   0.9716967107E+000
 0.0101010   0.1400131357E+000   0.9893772113E+000   0.6821275659E+000   0.9683701001E+000
 0.0202020   0.1391930079E+000   0.1010348200E+001   0.6927866185E+000   0.9962316504E+000
 0.0303030   0.1342317512E+000   0.9932926940E+000   0.6887986206E+000   0.9653812742E+000
 0.0404040   0.1264800924E+000   0.9840260517E+000   0.6834673511E+000   0.9751106141E+000
 0.0505051   0.1198188750E+000   0.9787169940E+000   0.6824294826E+000   0.9689583769E+000
 0.0606061   0.1117871067E+000   0.1031367605E+001   0.6795645974E+000   0.1001987275E+001
 0.0707071   0.1025274363E+000   0.9827419418E+000   0.6836438531E+000   0.9547182820E+000
 0.0808081   0.9345321426E-001   0.1000462658E+001   0.6826429924E+000   0.9735184713E+000
 0.0909091   0.8603421620E-001   0.1007361065E+001   0.6830231651E+000   0.9847849216E+000
 0.1010101   0.7986526068E-001   0.1028199432E+001   0.6875160832E+000   0.9752814041E+000
 0.1111111   0.7420949050E-001   0.1053637439E+001   0.6916487970E+000   0.1012010753E+001
 0.1212121   0.6829534696E-001   0.1009489320E+001   0.6961525482E+000   0.1007194474E+001
 0.1313131   0.6493928532E-001   0.1021004207E+001   0.6950085642E+000   0.1004275862E+001
 0.1414141   0.6226946299E-001   0.1009748247E+001   0.7048956862E+000   0.9841264311E+000
 0.1515152   0.5984349380E-001   0.1011958600E+001   0.7091930470E+000   0.9921042241E+000
 0.1616162   0.5990277520E-001   0.1024982842E+001   0.7161316515E+000   0.9792551193E+000
 0.1717172   0.5936191018E-001   0.1000353193E+001   0.7120902651E+000   0.9702582790E+000
 0.1818182   0.6063461858E-001   0.1027134253E+001   0.7243555424E+000   0.1002622994E+001
 0.1919192   0.6110040172E-001   0.1053224840E+001   0.7299743112E+000   0.9714670930E+000
 0.2020202   0.6372641544E-001   0.1030350843E+001   0.7297480390E+000   0.1013242339E+001
 0.2121212   0.6561303048E-001   0.9910907613E+000   0.7427159817E+000   0.9814146646E+000
 0.2222222   0.6959214190E-001   0.1014404724E+001   0.7551964150E+000   0.9932333361E+000
 0.2323232   0.7290103014E-001   0.1017440276E+001   0.7551822054E+000   0.9929600721E+000
 0.2424242   0.7916177550E-001   0.1022500932E+001   0.7700026437E+000   0.9754332175E+000
 0.2525253   0.8402892839E-001   0.1014741540E+001   0.7805186924E+000   0.9910870745E+000
 0.2626263   0.9123400878E-001   0.1002506709E+001   0.7840358189E+000   0.9897549121E+000
 0.2727273   0.9716516127E-001   0.1003856077E+001   0.7899927309E+000   0.9847602519E+000
 0.2828283   0.1046458111E+000   0.1013143770E+001   0.8169345124E+000   0.1009464084E+001
 0.2929293   0.1165827884E+000   0.1030016132E+001   0.8175701817E+000   0.1007638528E+001
 0.3030303   0.1232487283E+000   0.1010013489E+001   0.8376241074E+000   0.9932542105E+000
 0.3131313   0.1362699908E+000   0.9849922918E+000   0.8382944006E+000   0.9889294269E+000
 0.3232323   0.1508125413E+000   0.9995532561E+000   0.8582545779E+000   0.9960191116E+000
 0.3333333   0.1643131474E+000   0.1008851475E+001   0.8641573229E+000   0.9904115050E+000
 0.3434343   0.1818889459E+000   0.1000620541E+001   0.8722380216E+000   0.1010302853E+001
 0.3535354   0.1990622189E+000   0.1002300409E+001   0.8868126261E+000   0.1002575552E+001
 0.3636364   0.2232500556E+000   0.9926590594E+000   0.9152041128E+000   0.1004499786E+001
 0.3737374   0.2424021602E+000   0.1000279515E+001   0.9277177462E+000   0.1010137756E+001
 0.3838384   0.2727222585E+000   0.9963766629E+000   0.9251802181E+000   0.9776990322E+000
 0.3939394   0.3043319878E+000   0.1004256045E+001   0.9365645044E+000   0.9932636988E+000
 0.4040404   0.3343872461E+000   0.9864595452E+000   0.9696786514E+000   0.9917664394E+000
 0.4141414   0.3712578665E+000   0.9699408396E+000   0.9808619111E+000   0.1008342563E+001
 0.4242424   0.4197529433E+000   0.1006632701E+001   0.1004226676E+001   0.9958046752E+000
 0.4343434   0.4662368260E+000   0.9814894083E+000   0.1007317896E+001   0.1009004849E+001
 0.4444444   0.5201166285E+000   0.9763298126E+000   0.1033666933E+001   0.1001015669E+001
 0.4545455   0.5895404888E+000   0.9984375540E+000   0.1038944299E+001   0.9888364412E+000
 0.4646465   0.6518181145E+000   0.9927811551E+000   0.1065312222E+001   0.1001239594E+001
 0.4747475   0.7311470185E+000   0.9792516890E+000   0.1088035203E+001   0.1002345934E+001
 0.4848485   0.8269771955E+000   0.1008592548E+001   0.1092222539E+001   0.1012845727E+001
 0.4949495   0.9352852511E+000   0.9881162575E+000   0.1131471975E+001   0.9924818599E+000
 0.5050505   0.1006710702E+001   0.9964882331E+000   0.1117830220E+001   0.9837108420E+000
 0.5151515   0.1005156773E+001   0.9991490772E+000   0.1139069367E+001   0.1004385926E+001
 0.5252525   0.9827156255E+000   0.9768539821E+000   0.1129127000E+001   0.1003960849E+001
 0.5353535   0.1001205871E+001   0.9992206505E+000   0.1132567339E+001   0.9814013809E+000
 0.5454545   0.1004347517E+001   0.9855459326E+000   0.1132944412E+001   0.9999795431E+000
 0.5555556   0.1012270568E+001   0.9947767882E+000   0.1131973352E+001   0.9897511168E+000
 0.5656566   0.1034032867E+001   0.1013400592E+001   0.1131513366E+001   0.1005923037E+001
 0.5757576   0.1026719862E+001   0.9726058939E+000   0.1134941579E+001   0.1005558685E+001
 0.5858586   0.1049993134E+001   0.1006125373E+001   0.1133410709E+001   0.9826538413E+000
 0.5959596   0.1059437144E+001   0.9908234138E+000   0.1138906438E+001   0.1019166857E+001
 0.6060606   0.1058740381E+001   0.9738036948E+000   0.1137403232E+001   0.9958046752E+000
 0.6161616   0.1086666008E+001   0.9760856212E+000   0.1129378397E+001   0.9982811310E+000
 0.6262626   0.1102141537E+001   0.9749236070E+000   0.1133852596E+001   0.1007393729E+001
 0.6363636   0.1123928905E+001   0.9816662366E+000   0.1139901619E+001   0.1011896893E+001
 0.6464646   0.1138083125E+001   0.9684630606E+000   0.1137306218E+001   0.1020876655E+001
 0.6565657   0.1163324255E+001   0.9859143248E+000   0.1144639115E+001   0.1001607742E+001
 0.6666667   0.1173874995E+001   0.1008089429E+001   0.1153900400E+001   0.9922996839E+000
 0.6767677   0.1210188036E+001   0.1013162716E+001   0.1149645160E+001   0.9995373867E+000
 0.6868687   0.1229854112E+001   0.1005843290E+001   0.1158778626E+001   0.1018328088E+001
 0.6969697   0.1250265307E+001   0.9907076334E+000   0.1157650647E+001   0.9858741826E+000
 0.7070707   0.1300786643E+001   0.1013615312E+001   0.1154200960E+001   0.1007733411E+001
 0.7171717   0.1331423990E+001   0.9957114518E+000   0.1158683014E+001   0.9979888902E+000
 0.7272727   0.1352751945E+001   0.9826030053E+000   0.1153673811E+001   0.1001321194E+001
 0.7373737   0.1386154501E+001   0.9700797761E+000   0.1160139399E+001   0.9963018641E+000
 0.7474747   0.1429010139E+001   0.1003483474E+001   0.1167479120E+001   0.1023391064E+001
 0.7575758   0.1479187367E+001   0.9918485966E+000   0.1174418729E+001   0.1015141904E+001
 0.7676768   0.1517837520E+001   0.9933453214E+000   0.1169160236E+001   0.1005496062E+001
 0.7777778   0.1573998027E+001   0.9874194700E+000   0.1183473164E+001   0.1027712052E+001
 0.7878788   0.1624871952E+001   0.9998016576E+000   0.1180280676E+001   0.1007234325E+001
 0.7979798   0.1673861111E+001   0.1000050059E+001   0.1193055693E+001   0.1025495577E+001
 0.8080808   0.1729318474E+001   0.9746878360E+000   0.1190523029E+001   0.9965675375E+000
 0.8181818   0.1791598549E+001   0.9830029740E+000   0.1185408192E+001   0.1002017638E+001
 0.8282828   0.1851296482E+001   0.1014735224E+001   0.1190643993E+001   0.1022267645E+001
 0.8383838   0.1917449002E+001   0.9794495682E+000   0.1193244249E+001   0.1005623205E+001
 0.8484848   0.2016776548E+001   0.1000437397E+001   0.1211331692E+001   0.1025907371E+001
 0.8585859   0.2084186300E+001   0.1006468504E+001   0.1207329735E+001   0.1018886002E+001
 0.8686869   0.2183667839E+001   0.1006643227E+001   0.1203652004E+001   0.1020654628E+001
 0.8787879   0.2264388381E+001   0.1010072432E+001   0.1207690160E+001   0.1018667770E+001
 0.8888889   0.2377982807E+001   0.1005708563E+001   0.1224979602E+001   0.1021400411E+001
 0.8989899   0.2460559574E+001   0.9874784127E+000   0.1225274998E+001   0.1001837359E+001
 0.9090909   0.2571436820E+001   0.1007123189E+001   0.1228217624E+001   0.1017620258E+001
 0.9191919   0.2710099861E+001   0.1007043195E+001   0.1243180900E+001   0.1027926488E+001
 0.9292929   0.2850298953E+001   0.1010261891E+001   0.1245587341E+001   0.1017290064E+001
 0.9393939   0.2953446062E+001   0.9793127368E+000   0.1239686078E+001   0.1005272137E+001
 0.9494949   0.3131004333E+001   0.1023153512E+001   0.1263871781E+001   0.1046815868E+001
 0.9595960   0.3263963483E+001   0.9910381338E+000   0.1267652705E+001   0.1019054894E+001
 0.9696970   0.3467183313E+001   0.9845628517E+000   0.1264467765E+001   0.1007968722E+001
 0.9797980   0.3647022590E+001   0.1009106192E+001   0.1271107616E+001   0.1013304962E+001
 0.9898990   0.3839568961E+001   0.1007127399E+001   0.1266851704E+001   0.1001484393E+001
 1.0000000   0.3966050914E+001   0.1018732806E+001   0.1284882261E+001   0.1024104587E+001


 0.0000000   0.1082088537E+001   0.9877980579E+000   0.8662046405E+000   0.9720448640E+000
 0.0101010   0.1082399206E+001   0.1004150243E+001   0.8668207428E+000   0.9850439068E+000
 0.0202020   0.1079853458E+001   0.9970610374E+000   0.8751485917E+000   0.9918100851E+000
 0.0303030   0.1035181332E+001   0.9719804751E+000   0.8610041496E+000   0.9671529574E+000
 0.0404040   0.1007949636E+001   0.9780462394E+000   0.8615063007E+000   0.9606668647E+000
 0.0505051   0.9736311520E+000   0.9839164680E+000   0.8634238241E+000   0.9713638338E+000
 0.0606061   0.9185101892E+000   0.1007289214E+001   0.8646812810E+000   0.9781607064E+000
 0.0707071   0.8549833035E+000   0.9597282970E+000   0.8502102487E+000   0.9634120876E+000
 0.0808081   0.8035956307E+000   0.9889567104E+000   0.8587544065E+000   0.9750260494E+000
 0.0909091   0.7513258332E+000   0.9920499173E+000   0.8602112580E+000   0.9744888989E+000
 0.1010101   0.6799522240E+000   0.9926677266E+000   0.8572905382E+000   0.9698118525E+000
 0.1111111   0.6261613778E+000   0.9899947133E+000   0.8527840083E+000   0.9762941083E+000
 0.1212121   0.5723954594E+000   0.9916442849E+000   0.8549573564E+000   0.9829969796E+000
 0.1313131   0.5312331799E+000   0.1000366421E+001   0.8599768403E+000   0.1002881141E+001
 0.1414141   0.4859758256E+000   0.9909370285E+000   0.8567379988E+000   0.9720659663E+000
 0.1515152   0.4555876124E+000   0.1006534114E+001   0.8521259933E+000   0.9794306837E+000
 0.1616162   0.4272422747E+000   0.9904481895E+000   0.8538036184E+000   0.9775986168E+000
 0.1717172   0.4119011386E+000   0.1009512911E+001   0.8550230342E+000   0.9720582927E+000
 0.1818182   0.3951399747E+000   0.1022520190E+001   0.8638591534E+000   0.9725359730E+000
 0.1919192   0.3823517690E+000   0.9795730813E+000   0.8662642364E+000   0.9832885756E+000
 0.2020202   0.3769811226E+000   0.1010904543E+001   0.8606971918E+000   0.9770768134E+000
 0.2121212   0.3809398260E+000   0.1020417142E+001   0.8852146151E+000   0.1004339121E+001
 0.2222222   0.3766823171E+000   0.1002132482E+001   0.8797730978E+000   0.1030523291E+001
 0.2323232   0.3789299991E+000   0.9729123895E+000   0.8820243505E+000   0.9965504385E+000
 0.2424242   0.3940719790E+000   0.1010068316E+001   0.8884873558E+000   0.9991824761E+000
 0.2525253   0.3935718721E+000   0.9969424679E+000   0.8906896344E+000   0.9685744879E+000
 0.2626263   0.4066330402E+000   0.9895100346E+000   0.8951383976E+000   0.9650062736E+000
 0.2727273   0.4154838423E+000   0.9686958929E+000   0.9011044646E+000   0.9556828752E+000
 0.2828283   0.4278249356E+000   0.1031679161E+001   0.9091329979E+000   0.1010982522E+001
 0.2929293   0.4441644902E+000   0.9896514859E+000   0.9161003433E+000   0.9895291137E+000
 0.3030303   0.4574183393E+000   0.9892375328E+000   0.9211995083E+000   0.9687413882E+000
 0.3131313   0.4794739485E+000   0.9728458242E+000   0.9310573896E+000   0.9938531755E+000
 0.3232323   0.5009688716E+000   0.9924035456E+000   0.9415100772E+000   0.9804244122E+000
 0.3333333   0.5242531514E+000   0.9985545966E+000   0.9487324509E+000   0.9819936591E+000
 0.3434343   0.5498091975E+000   0.1028136638E+001   0.9571650823E+000   0.1003416373E+001
 0.3535354   0.5753469662E+000   0.1003478350E+001   0.9567622675E+000   0.1003508456E+001
 0.3636364   0.5991272787E+000   0.9867496542E+000   0.9780105162E+000   0.9801654289E+000
 0.3737374   0.6376793745E+000   0.9907768557E+000   0.9780308677E+000   0.9938243995E+000
 0.3838384   0.6705433058E+000   0.1002005592E+001   0.9811682281E+000   0.1006311231E+001
 0.3939394   0.6995891784E+000   0.1014576036E+001   0.9924195206E+000   0.9746903303E+000
 0.4040404   0.7435010481E+000   0.1007584597E+001   0.9950602390E+000   0.9999344868E+000
 0.4141414   0.7835166364E+000   0.9908309400E+000   0.9950264712E+000   0.9777041285E+000
 0.4242424   0.8382390572E+000   0.1017900141E+001   0.1014894077E+001   0.1029452827E+001
 0.4343434   0.8830789388E+000   0.1017775331E+001   0.1029597494E+001   0.9928690390E+000
 0.4444444   0.9405784719E+000   0.1002596359E+001   0.1037163405E+001   0.1001845208E+001
 0.4545455   0.1010057511E+001   0.1021089036E+001   0.1045246635E+001   0.1000830377E+001
 0.4646465   0.1055526556E+001   0.1036120316E+001   0.1056401461E+001   0.1005288727E+001
 0.4747475   0.1128417531E+001   0.1024053272E+001   0.1069345142E+001   0.1009083311E+001
 0.4848485   0.1207331628E+001   0.1012666443E+001   0.1074407583E+001   0.1010690926E+001
 0.4949495   0.1288393934E+001   0.1016003030E+001   0.1083951342E+001   0.1012783895E+001
 0.5050505   0.1329645445E+001   0.1020281931E+001   0.1086263879E+001   0.1008620978E+001
 0.5151515   0.1325158636E+001   0.1012689325E+001   0.1078444917E+001   0.9624528902E+000
 0.5252525   0.1325626879E+001   0.1008691246E+001   0.1097691942E+001   0.1003387597E+001
 0.5353535   0.1315368988E+001   0.1017355137E+001   0.1095484598E+001   0.1008158645E+001
 0.5454545   0.1327609578E+001   0.1016527231E+001   0.1089833791E+001   0.1014211181E+001
 0.5555556   0.1314862178E+001   0.9893269800E+000   0.1077227454E+001   0.9949696812E+000
 0.5656566   0.1337194016E+001   0.1041183440E+001   0.1088863187E+001   0.1034012851E+001
 0.5757576   0.1325162156E+001   0.1008639242E+001   0.1080582014E+001   0.1009839159E+001
 0.5858586   0.1318613610E+001   0.9976268425E+000   0.1092056708E+001   0.1020238777E+001
 0.5959596   0.1318570391E+001   0.1026181282E+001   0.1087503236E+001   0.1030561659E+001
 0.6060606   0.1312925970E+001   0.1008541474E+001   0.1073405194E+001   0.1014857680E+001
 0.6161616   0.1316804005E+001   0.1018775891E+001   0.1073633546E+001   0.1005350115E+001
 0.6262626   0.1324853305E+001   0.1009654363E+001   0.1083222314E+001   0.9921937640E+000
 0.6363636   0.1311550917E+001   0.1003557396E+001   0.1088752489E+001   0.1009476582E+001
 0.6464646   0.1312026006E+001   0.1011590997E+001   0.1082915621E+001   0.1013002592E+001
 0.6565657   0.1324162763E+001   0.9896702074E+000   0.1078874424E+001   0.1020825806E+001
 0.6666667   0.1338913354E+001   0.1008370900E+001   0.1071828494E+001   0.1015813040E+001
 0.6767677   0.1324015102E+001   0.1011031433E+001   0.1078843353E+001   0.1005185133E+001
 0.6868687   0.1311989969E+001   0.1010396982E+001   0.1074057674E+001   0.1009511113E+001
 0.6969697   0.1321473626E+001   0.9820880020E+000   0.1077879154E+001   0.1013232799E+001
 0.7070707   0.1310844761E+001   0.9919791917E+000   0.1077270337E+001   0.1009772015E+001
 0.7171717   0.1319143098E+001   0.1000405944E+001   0.1081303660E+001   0.1013422720E+001
 0.7272727   0.1313913272E+001   0.9814285894E+000   0.1080137125E+001   0.1008062725E+001
 0.7373737   0.1315891939E+001   0.1000605640E+001   0.1071802523E+001   0.1011747962E+001
 0.7474747   0.1317466186E+001   0.9791695291E+000   0.1079956743E+001   0.9996237069E+000
 0.7575758   0.1318559151E+001   0.1002113761E+001   0.1081407118E+001   0.1020988869E+001
 0.7676768   0.1320705933E+001   0.1014784052E+001   0.1071412596E+001   0.1042739629E+001
 0.7777778   0.1317258583E+001   0.9839934342E+000   0.1067276748E+001   0.1001363691E+001
 0.7878788   0.1325877028E+001   0.1005028073E+001   0.1077276519E+001   0.1009864098E+001
 0.7979798   0.1306412705E+001   0.9749925556E+000   0.1078754847E+001   0.1011861147E+001
 0.8080808   0.1317397457E+001   0.9936454047E+000   0.1076039128E+001   0.1013171411E+001
 0.8181818   0.1322438132E+001   0.9985254743E+000   0.1075588979E+001   0.1026801605E+001
 0.8282828   0.1311240625E+001   0.1006656843E+001   0.1077728488E+001   0.1032921285E+001
 0.8383838   0.1320671558E+001   0.9839331093E+000   0.1080475852E+001   0.1018840267E+001
 0.8484848   0.1320807197E+001   0.1003748771E+001   0.1074242897E+001   0.1025798285E+001
 0.8585859   0.1310694858E+001   0.9786661289E+000   0.1076318197E+001   0.1014882619E+001
 0.8686869   0.1302809213E+001   0.9831821694E+000   0.1075732388E+001   0.1012758956E+001
 0.8787879   0.1320050875E+001   0.1004957348E+001   0.1083174180E+001   0.1026822708E+001
 0.8888889   0.1313297415E+001   0.1001079918E+001   0.1073261966E+001   0.1024723984E+001
 0.8989899   0.1313429045E+001   0.9845821212E+000   0.1074495486E+001   0.1001024135E+001
 0.9090909   0.1307674337E+001   0.9711567294E+000   0.1071709429E+001   0.1004718963E+001
 0.9191919   0.1317541498E+001   0.1010124480E+001   0.1073695200E+001   0.1010976767E+001
 0.9292929   0.1314081676E+001   0.9873466619E+000   0.1073920046E+001   0.1013610723E+001
 0.9393939   0.1301626768E+001   0.9924139464E+000   0.1061783791E+001   0.1012145069E+001
 0.9494949   0.1311311379E+001   0.9821670484E+000   0.1076687413E+001   0.1022182111E+001
 0.9595960   0.1306197449E+001   0.9931066417E+000   0.1073333469E+001   0.1017015874E+001
 0.9696970   0.1308911773E+001   0.1010650762E+001   0.1066536933E+001   0.1017365022E+001
 0.9797980   0.1314687956E+001   0.9857303728E+000   0.1071373702E+001   0.9990117389E+000
 0.9898990   0.1330035894E+001   0.1034655879E+001   0.1070763063E+001   0.1030356391E+001
 1.0000000   0.1306901887E+001   0.1003515793E+001   0.1072876761E+001   0.1006531846E+001


