#   100 bins for weightfunction of cd                      
 0.0000000    0.3245513916E+001    0.1562524414E+001
 0.0101010    0.3266003418E+001    0.1571911621E+001
 0.0202020    0.3265185547E+001    0.1560382080E+001
 0.0303030    0.3297955322E+001    0.1568328857E+001
 0.0404040    0.3353881836E+001    0.1580316162E+001
 0.0505051    0.3411444092E+001    0.1570617676E+001
 0.0606061    0.3471539307E+001    0.1566571045E+001
 0.0707071    0.3563189697E+001    0.1571771240E+001
 0.0808081    0.3632885742E+001    0.1566210938E+001
 0.0909091    0.3736853027E+001    0.1566925049E+001
 0.1010101    0.3833801270E+001    0.1578656006E+001
 0.1111111    0.3881286621E+001    0.1572241211E+001
 0.1212121    0.3951232910E+001    0.1564398193E+001
 0.1313131    0.4008477783E+001    0.1562237549E+001
 0.1414141    0.4069226074E+001    0.1549462891E+001
 0.1515152    0.4079077148E+001    0.1531304932E+001
 0.1616162    0.4107421875E+001    0.1531909180E+001
 0.1717172    0.4115289307E+001    0.1530596924E+001
 0.1818182    0.4073535156E+001    0.1510937500E+001
 0.1919192    0.4095947266E+001    0.1505017090E+001
 0.2020202    0.4006640625E+001    0.1483020020E+001
 0.2121212    0.3984179688E+001    0.1477087402E+001
 0.2222222    0.3960021973E+001    0.1455969238E+001
 0.2323232    0.3889062500E+001    0.1448419189E+001
 0.2424242    0.3831250000E+001    0.1416320801E+001
 0.2525253    0.3774066162E+001    0.1417388916E+001
 0.2626263    0.3697998047E+001    0.1396826172E+001
 0.2727273    0.3620623779E+001    0.1373724365E+001
 0.2828283    0.3533984375E+001    0.1354693604E+001
 0.2929293    0.3451281738E+001    0.1348504639E+001
 0.3030303    0.3377673340E+001    0.1319110107E+001
 0.3131313    0.3274926758E+001    0.1315197754E+001
 0.3232323    0.3206903076E+001    0.1286285400E+001
 0.3333333    0.3106793213E+001    0.1280584717E+001
 0.3434343    0.3020483398E+001    0.1272283936E+001
 0.3535354    0.2909167480E+001    0.1240368652E+001
 0.3636364    0.2801239014E+001    0.1214605713E+001
 0.3737374    0.2716107178E+001    0.1197644043E+001
 0.3838384    0.2621716309E+001    0.1178289795E+001
 0.3939394    0.2507714844E+001    0.1166668701E+001
 0.4040404    0.2415625000E+001    0.1152856445E+001
 0.4141414    0.2303356934E+001    0.1122814941E+001
 0.4242424    0.2194891357E+001    0.1117657471E+001
 0.4343434    0.2093267822E+001    0.1089703369E+001
 0.4444444    0.1987445068E+001    0.1063806152E+001
 0.4545455    0.1850848389E+001    0.1047009277E+001
 0.4646465    0.1769195557E+001    0.1022351074E+001
 0.4747475    0.1629510498E+001    0.1014617920E+001
 0.4848485    0.1508380127E+001    0.9738769531E+000
 0.4949495    0.1403747559E+001    0.9435913086E+000
 0.5050505    0.1351293945E+001    0.9406066895E+000
 0.5151515    0.1327368164E+001    0.9491088867E+000
 0.5252525    0.1338031006E+001    0.9176391602E+000
 0.5353535    0.1328808594E+001    0.9335998535E+000
 0.5454545    0.1342041016E+001    0.9378173828E+000
 0.5555556    0.1343634033E+001    0.9233276367E+000
 0.5656566    0.1325024414E+001    0.9294921875E+000
 0.5757576    0.1326965332E+001    0.9229003906E+000
 0.5858586    0.1298236084E+001    0.9355895996E+000
 0.5959596    0.1271270752E+001    0.9402832031E+000
 0.6060606    0.1275811768E+001    0.9352905273E+000
 0.6161616    0.1255102539E+001    0.9267639160E+000
 0.6262626    0.1240179443E+001    0.9435241699E+000
 0.6363636    0.1231915283E+001    0.9212768555E+000
 0.6464646    0.1211914063E+001    0.9226684570E+000
 0.6565657    0.1199450684E+001    0.9211608887E+000
 0.6666667    0.1159283447E+001    0.9199035645E+000
 0.6767677    0.1148565674E+001    0.9187927246E+000
 0.6868687    0.1133398438E+001    0.9127380371E+000
 0.6969697    0.1124536133E+001    0.8957214355E+000
 0.7070707    0.1113140869E+001    0.9172546387E+000
 0.7171717    0.1073913574E+001    0.9077087402E+000
 0.7272727    0.1051556396E+001    0.9034729004E+000
 0.7373737    0.1023431396E+001    0.8992797852E+000
 0.7474747    0.1011798096E+001    0.8979797363E+000
 0.7575758    0.9664733887E+000    0.8947021484E+000
 0.7676768    0.9489990234E+000    0.9084960937E+000
 0.7777778    0.8991271973E+000    0.8802673340E+000
 0.7878788    0.8739624023E+000    0.8759094238E+000
 0.7979798    0.8532348633E+000    0.8840332031E+000
 0.8080808    0.8238647461E+000    0.8852111816E+000
 0.8181818    0.7789978027E+000    0.8729553223E+000
 0.8282828    0.7497924805E+000    0.8777099609E+000
 0.8383838    0.7260375977E+000    0.8715576172E+000
 0.8484848    0.6672729492E+000    0.8600036621E+000
 0.8585859    0.6159606934E+000    0.8518615723E+000
 0.8686869    0.5952331543E+000    0.8538818359E+000
 0.8787879    0.5516357422E+000    0.8457824707E+000
 0.8888889    0.5109558105E+000    0.8460205078E+000
 0.8989899    0.4752014160E+000    0.8372680664E+000
 0.9090909    0.4131286621E+000    0.8210327148E+000
 0.9191919    0.3796630859E+000    0.8292602539E+000
 0.9292929    0.3363708496E+000    0.8219726562E+000
 0.9393939    0.2881286621E+000    0.8172851562E+000
 0.9494949    0.2373596191E+000    0.8097412109E+000
 0.9595960    0.2019165039E+000    0.8132202148E+000
 0.9696970    0.1359802246E+000    0.7911254883E+000
 0.9797980    0.6793212891E-001    0.7855773926E+000
 0.9898990    0.2702636719E-001    0.7806579590E+000
 1.0000000    0.0000000000E+000    0.7802062988E+000


#   100 bins for weightfunction of Ar                      
 0.0000000    0.1972372437E+001    0.2924819946E+000
 0.0101010    0.1965904236E+001    0.2894866943E+000
 0.0202020    0.1982101440E+001    0.2848510742E+000
 0.0303030    0.2000439453E+001    0.2937194824E+000
 0.0404040    0.2038240051E+001    0.2842910767E+000
 0.0505051    0.2081246948E+001    0.2986343384E+000
 0.0606061    0.2144793701E+001    0.3009536743E+000
 0.0707071    0.2208476257E+001    0.3212219238E+000
 0.0808081    0.2265354919E+001    0.3033523560E+000
 0.0909091    0.2334761047E+001    0.3014968872E+000
 0.1010101    0.2437101746E+001    0.3266464233E+000
 0.1111111    0.2535145569E+001    0.3225296021E+000
 0.1212121    0.2602752686E+001    0.3040405273E+000
 0.1313131    0.2684503174E+001    0.3233688354E+000
 0.1414141    0.2741184998E+001    0.3024765015E+000
 0.1515152    0.2825178528E+001    0.3132873535E+000
 0.1616162    0.2883277893E+001    0.3120086670E+000
 0.1717172    0.2927087402E+001    0.3005630493E+000
 0.1818182    0.2980158997E+001    0.3183547974E+000
 0.1919192    0.2993934631E+001    0.3031677246E+000
 0.2020202    0.2991609192E+001    0.2947280884E+000
 0.2121212    0.3028637695E+001    0.2773391724E+000
 0.2222222    0.3010205078E+001    0.2827484131E+000
 0.2323232    0.2995468140E+001    0.2715728760E+000
 0.2424242    0.2977270508E+001    0.2735031128E+000
 0.2525253    0.2945423889E+001    0.2291992187E+000
 0.2626263    0.2936627197E+001    0.2443695068E+000
 0.2727273    0.2918791199E+001    0.2375213623E+000
 0.2828283    0.2865357971E+001    0.2213867187E+000
 0.2929293    0.2855479431E+001    0.2146011353E+000
 0.3030303    0.2825079346E+001    0.2226455688E+000
 0.3131313    0.2753581238E+001    0.2184570312E+000
 0.3232323    0.2748243713E+001    0.2040161133E+000
 0.3333333    0.2707075500E+001    0.1797958374E+000
 0.3434343    0.2644712830E+001    0.1701156616E+000
 0.3535354    0.2579853821E+001    0.1584442139E+000
 0.3636364    0.2536291504E+001    0.1651245117E+000
 0.3737374    0.2508412170E+001    0.1452194214E+000
 0.3838384    0.2440705872E+001    0.1478836060E+000
 0.3939394    0.2412867737E+001    0.1226181030E+000
 0.4040404    0.2353826904E+001    0.1200210571E+000
 0.4141414    0.2303138733E+001    0.1023666382E+000
 0.4242424    0.2231451416E+001    0.8453063965E-001
 0.4343434    0.2183168030E+001    0.8764190674E-001
 0.4444444    0.2136077881E+001    0.7486572266E-001
 0.4545455    0.2049079895E+001    0.6537322998E-001
 0.4646465    0.2001727295E+001    0.4743652344E-001
 0.4747475    0.1958578491E+001    0.3952178955E-001
 0.4848485    0.1889799500E+001    0.3113403320E-001
 0.4949495    0.1853640747E+001    0.3074951172E-001
 0.5050505    0.1805772400E+001    0.1669311523E-002
 0.5151515    0.1811605835E+001    0.1074066162E-001
 0.5252525    0.1797323608E+001    0.2144470215E-001
 0.5353535    0.1794181824E+001    0.2636413574E-001
 0.5454545    0.1808905029E+001    0.1139221191E-001
 0.5555556    0.1782769775E+001    0.2095031738E-001
 0.5656566    0.1786808777E+001    0.1758728027E-001
 0.5757576    0.1815513611E+001    0.1490173340E-001
 0.5858586    0.1812220764E+001    0.0000000000E+000
 0.5959596    0.1794177246E+001    0.5287170410E-002
 0.6060606    0.1808856201E+001    0.1533508301E-002
 0.6161616    0.1811015320E+001    0.1472778320E-001
 0.6262626    0.1819296265E+001    0.2485656738E-002
 0.6363636    0.1788438416E+001    0.2945556641E-001
 0.6464646    0.1800419617E+001    0.1007385254E-001
 0.6565657    0.1804789734E+001    0.6848144531E-002
 0.6666667    0.1786236572E+001    0.1085968018E-001
 0.6767677    0.1812464905E+001    0.2084808350E-001
 0.6868687    0.1820036316E+001    0.1251678467E-001
 0.6969697    0.1807809448E+001    0.1925506592E-001
 0.7070707    0.1813761902E+001    0.2461700439E-001
 0.7171717    0.1795223999E+001    0.1064758301E-001
 0.7272727    0.1806295776E+001    0.2131500244E-001
 0.7373737    0.1800131226E+001    0.1726531982E-001
 0.7474747    0.1784954834E+001    0.1056976318E-001
 0.7575758    0.1804209900E+001    0.1507568359E-001
 0.7676768    0.1812147522E+001    0.3013610840E-001
 0.7777778    0.1803179932E+001    0.1956481934E-001
 0.7878788    0.1799685669E+001    0.1620025635E-001
 0.7979798    0.1784741211E+001    0.4190063477E-002
 0.8080808    0.1799543762E+001    0.1168670654E-001
 0.8181818    0.1798246765E+001    0.6437683105E-002
 0.8282828    0.1790609741E+001    0.1258239746E-001
 0.8383838    0.1802027893E+001    0.1618194580E-001
 0.8484848    0.1797758484E+001    0.1749420166E-001
 0.8585859    0.1798367310E+001    0.2096099854E-001
 0.8686869    0.1789785767E+001    0.9513854980E-002
 0.8787879    0.1796020508E+001    0.1941070557E-001
 0.8888889    0.1800050354E+001    0.1823577881E-001
 0.8989899    0.1784809875E+001    0.3465270996E-002
 0.9090909    0.1790052795E+001    0.3138732910E-002
 0.9191919    0.1781741333E+001    0.5775451660E-002
 0.9292929    0.1802066040E+001    0.1665191650E-001
 0.9393939    0.1793832397E+001    0.1568603516E-001
 0.9494949    0.1801823425E+001    0.2887878418E-001
 0.9595960    0.1792190552E+001    0.1302490234E-001
 0.9696970    0.1805093384E+001    0.2757263184E-001
 0.9797980    0.1798144531E+001    0.1729736328E-001
 0.9898990    0.1791722107E+001    0.1372375488E-001
 1.0000000    0.1789991760E+001    0.1036071777E-002


