#   100 bins for weightfunction of cd                      
 0.0000000    0.3314208984E+001    0.1725537109E+001
 0.0101010    0.3350463867E+001    0.1754858398E+001
 0.0202020    0.3388647461E+001    0.1777880859E+001
 0.0303030    0.3404248047E+001    0.1762280273E+001
 0.0404040    0.3482299805E+001    0.1797998047E+001
 0.0505051    0.3495727539E+001    0.1751660156E+001
 0.0606061    0.3617016602E+001    0.1771337891E+001
 0.0707071    0.3679125977E+001    0.1786865234E+001
 0.0808081    0.3757885742E+001    0.1742358398E+001
 0.0909091    0.3874462891E+001    0.1807055664E+001
 0.1010101    0.3883471680E+001    0.1734545898E+001
 0.1111111    0.3978540039E+001    0.1775878906E+001
 0.1212121    0.4054003906E+001    0.1778051758E+001
 0.1313131    0.4099047852E+001    0.1754199219E+001
 0.1414141    0.4136474609E+001    0.1782421875E+001
 0.1515152    0.4151879883E+001    0.1758081055E+001
 0.1616162    0.4185205078E+001    0.1766796875E+001
 0.1717172    0.4160473633E+001    0.1747900391E+001
 0.1818182    0.4221630859E+001    0.1731323242E+001
 0.1919192    0.4151440430E+001    0.1729296875E+001
 0.2020202    0.4139404297E+001    0.1721704102E+001
 0.2121212    0.4081445313E+001    0.1698046875E+001
 0.2222222    0.4032226563E+001    0.1726904297E+001
 0.2323232    0.3982446289E+001    0.1668017578E+001
 0.2424242    0.3935546875E+001    0.1674877930E+001
 0.2525253    0.3827172852E+001    0.1674829102E+001
 0.2626263    0.3760400391E+001    0.1593164063E+001
 0.2727273    0.3695800781E+001    0.1643432617E+001
 0.2828283    0.3600317383E+001    0.1621069336E+001
 0.2929293    0.3517675781E+001    0.1616210938E+001
 0.3030303    0.3443261719E+001    0.1609204102E+001
 0.3131313    0.3342846680E+001    0.1565673828E+001
 0.3232323    0.3243164062E+001    0.1535595703E+001
 0.3333333    0.3165771484E+001    0.1545996094E+001
 0.3434343    0.3058911133E+001    0.1559667969E+001
 0.3535354    0.2936523437E+001    0.1527929688E+001
 0.3636364    0.2848950195E+001    0.1524511719E+001
 0.3737374    0.2726538086E+001    0.1521801758E+001
 0.3838384    0.2635913086E+001    0.1461059570E+001
 0.3939394    0.2534545898E+001    0.1452880859E+001
 0.4040404    0.2431542969E+001    0.1454467773E+001
 0.4141414    0.2350000000E+001    0.1463281250E+001
 0.4242424    0.2211572266E+001    0.1424487305E+001
 0.4343434    0.2120434570E+001    0.1389843750E+001
 0.4444444    0.1979711914E+001    0.1403588867E+001
 0.4545455    0.1840649414E+001    0.1389038086E+001
 0.4646465    0.1747949219E+001    0.1413891602E+001
 0.4747475    0.1623388672E+001    0.1315869141E+001
 0.4848485    0.1514233398E+001    0.1332324219E+001
 0.4949495    0.1432275391E+001    0.1298803711E+001
 0.5050505    0.1348974609E+001    0.1296899414E+001
 0.5151515    0.1333447266E+001    0.1303149414E+001
 0.5252525    0.1332080078E+001    0.1315820312E+001
 0.5353535    0.1308789063E+001    0.1286718750E+001
 0.5454545    0.1318554688E+001    0.1271435547E+001
 0.5555556    0.1336059570E+001    0.1282763672E+001
 0.5656566    0.1325732422E+001    0.1273217773E+001
 0.5757576    0.1296289062E+001    0.1311425781E+001
 0.5858586    0.1283740234E+001    0.1300292969E+001
 0.5959596    0.1273852539E+001    0.1301245117E+001
 0.6060606    0.1283569336E+001    0.1279882812E+001
 0.6161616    0.1237475586E+001    0.1290454102E+001
 0.6262626    0.1238256836E+001    0.1296289062E+001
 0.6363636    0.1250122070E+001    0.1280346680E+001
 0.6464646    0.1201806641E+001    0.1313769531E+001
 0.6565657    0.1210131836E+001    0.1277563477E+001
 0.6666667    0.1191748047E+001    0.1300146484E+001
 0.6767677    0.1148461914E+001    0.1273217773E+001
 0.6868687    0.1179199219E+001    0.1273608398E+001
 0.6969697    0.1127734375E+001    0.1273242187E+001
 0.7070707    0.1090063477E+001    0.1294213867E+001
 0.7171717    0.1089599609E+001    0.1275024414E+001
 0.7272727    0.1037890625E+001    0.1281420898E+001
 0.7373737    0.1031518555E+001    0.1284741211E+001
 0.7474747    0.9855468750E+000    0.1262500000E+001
 0.7575758    0.9686523438E+000    0.1275610352E+001
 0.7676768    0.9323730469E+000    0.1251733398E+001
 0.7777778    0.9099365234E+000    0.1265478516E+001
 0.7878788    0.8741943359E+000    0.1263037109E+001
 0.7979798    0.8405517578E+000    0.1274340820E+001
 0.8080808    0.8305175781E+000    0.1276342773E+001
 0.8181818    0.7681396484E+000    0.1257348633E+001
 0.8282828    0.7401367188E+000    0.1260864258E+001
 0.8383838    0.7099609375E+000    0.1253613281E+001
 0.8484848    0.6729736328E+000    0.1280590820E+001
 0.8585859    0.6128662109E+000    0.1248852539E+001
 0.8686869    0.5941894531E+000    0.1260107422E+001
 0.8787879    0.5698730469E+000    0.1258471680E+001
 0.8888889    0.5172851563E+000    0.1254809570E+001
 0.8989899    0.4846679688E+000    0.1254443359E+001
 0.9090909    0.4289062500E+000    0.1247534180E+001
 0.9191919    0.3559814453E+000    0.1230200195E+001
 0.9292929    0.3335693359E+000    0.1237231445E+001
 0.9393939    0.2658447266E+000    0.1200878906E+001
 0.9494949    0.1820312500E+000    0.1193139648E+001
 0.9595960    0.1978027344E+000    0.1226806641E+001
 0.9696970    0.1545898438E+000    0.1221020508E+001
 0.9797980    0.7075195313E-001    0.1198608398E+001
 0.9898990    0.4306640625E-001    0.1208959961E+001
 1.0000000    0.0000000000E+000    0.1197045898E+001


#   100 bins for weightfunction of Ar                      
 0.0000000    0.1839282227E+001    0.2549316406E+000
 0.0101010    0.1839721680E+001    0.2472656250E+000
 0.0202020    0.1853417969E+001    0.2652099609E+000
 0.0303030    0.1854858398E+001    0.2426757813E+000
 0.0404040    0.1873803711E+001    0.2244873047E+000
 0.0505051    0.1918261719E+001    0.2328125000E+000
 0.0606061    0.1989648437E+001    0.2440673828E+000
 0.0707071    0.2079711914E+001    0.2809326172E+000
 0.0808081    0.2151220703E+001    0.2839111328E+000
 0.0909091    0.2199438477E+001    0.2597900391E+000
 0.1010101    0.2305395508E+001    0.2906738281E+000
 0.1111111    0.2359545898E+001    0.2647949219E+000
 0.1212121    0.2454785156E+001    0.2686035156E+000
 0.1313131    0.2517749023E+001    0.2754638672E+000
 0.1414141    0.2589501953E+001    0.2429931641E+000
 0.1515152    0.2634326172E+001    0.2350097656E+000
 0.1616162    0.2667773437E+001    0.2516357422E+000
 0.1717172    0.2756933594E+001    0.2785400391E+000
 0.1818182    0.2759814453E+001    0.2474365234E+000
 0.1919192    0.2817895508E+001    0.2625000000E+000
 0.2020202    0.2804150391E+001    0.2554687500E+000
 0.2121212    0.2835717773E+001    0.2663818359E+000
 0.2222222    0.2812817383E+001    0.2433349609E+000
 0.2323232    0.2816430664E+001    0.2435791016E+000
 0.2424242    0.2798193359E+001    0.2287353516E+000
 0.2525253    0.2743994141E+001    0.2096191406E+000
 0.2626263    0.2727539062E+001    0.2084472656E+000
 0.2727273    0.2697924805E+001    0.2009765625E+000
 0.2828283    0.2701879883E+001    0.2085449219E+000
 0.2929293    0.2619824219E+001    0.1942138672E+000
 0.3030303    0.2583837891E+001    0.2176269531E+000
 0.3131313    0.2572949219E+001    0.1788085938E+000
 0.3232323    0.2521997070E+001    0.1820800781E+000
 0.3333333    0.2472290039E+001    0.1684570313E+000
 0.3434343    0.2437646484E+001    0.1772949219E+000
 0.3535354    0.2389257812E+001    0.1489013672E+000
 0.3636364    0.2329931641E+001    0.1676269531E+000
 0.3737374    0.2285961914E+001    0.1766845703E+000
 0.3838384    0.2218798828E+001    0.1238525391E+000
 0.3939394    0.2172583008E+001    0.1104003906E+000
 0.4040404    0.2095996094E+001    0.1166015625E+000
 0.4141414    0.2073730469E+001    0.9230957031E-001
 0.4242424    0.2027490234E+001    0.9541015625E-001
 0.4343434    0.1962939453E+001    0.9318847656E-001
 0.4444444    0.1887011719E+001    0.9858398438E-001
 0.4545455    0.1808129883E+001    0.7644042969E-001
 0.4646465    0.1758569336E+001    0.5480957031E-001
 0.4747475    0.1705371094E+001    0.6730957031E-001
 0.4848485    0.1618408203E+001    0.8527832031E-001
 0.4949495    0.1580541992E+001    0.4699707031E-001
 0.5050505    0.1566259766E+001    0.5424804688E-001
 0.5151515    0.1560107422E+001    0.2543945313E-001
 0.5252525    0.1572460937E+001    0.7324218750E-003
 0.5353535    0.1573706055E+001    0.0000000000E+000
 0.5454545    0.1547705078E+001    0.3195800781E-001
 0.5555556    0.1562353516E+001    0.2656250000E-001
 0.5656566    0.1545849609E+001    0.2355957031E-001
 0.5757576    0.1542504883E+001    0.1970214844E-001
 0.5858586    0.1533251953E+001    0.2436523437E-001
 0.5959596    0.1528320312E+001    0.5898437500E-001
 0.6060606    0.1589843750E+001    0.6103515625E-002
 0.6161616    0.1553686523E+001    0.2270507813E-001
 0.6262626    0.1570751953E+001    0.2392578125E-001
 0.6363636    0.1555200195E+001    0.3198242188E-002
 0.6464646    0.1519531250E+001    0.4296875000E-002
 0.6565657    0.1555029297E+001    0.3635253906E-001
 0.6666667    0.1532714844E+001    0.3613281250E-001
 0.6767677    0.1574291992E+001    0.3979492188E-001
 0.6868687    0.1536743164E+001    0.4602050781E-001
 0.6969697    0.1541845703E+001    0.4025878906E-001
 0.7070707    0.1534228516E+001    0.3044433594E-001
 0.7171717    0.1551611328E+001    0.2836914063E-001
 0.7272727    0.1545483398E+001    0.2614746094E-001
 0.7373737    0.1523120117E+001    0.1579589844E-001
 0.7474747    0.1549487305E+001    0.3105468750E-001
 0.7575758    0.1556347656E+001    0.4106445313E-001
 0.7676768    0.1542358398E+001    0.2900390625E-001
 0.7777778    0.1566479492E+001    0.4968261719E-001
 0.7878788    0.1561083984E+001    0.3752441406E-001
 0.7979798    0.1546386719E+001    0.3925781250E-001
 0.8080808    0.1538037109E+001    0.1816406250E-001
 0.8181818    0.1547021484E+001    0.4055175781E-001
 0.8282828    0.1546508789E+001    0.3393554688E-001
 0.8383838    0.1562084961E+001    0.5859375000E-001
 0.8484848    0.1552539062E+001    0.3955078125E-001
 0.8585859    0.1555834961E+001    0.3999023438E-001
 0.8686869    0.1568969727E+001    0.5451660156E-001
 0.8787879    0.1543823242E+001    0.2805175781E-001
 0.8888889    0.1572460937E+001    0.5737304688E-001
 0.8989899    0.1561254883E+001    0.5158691406E-001
 0.9090909    0.1571899414E+001    0.5239257813E-001
 0.9191919    0.1546411133E+001    0.3366699219E-001
 0.9292929    0.1544506836E+001    0.2326660156E-001
 0.9393939    0.1565991211E+001    0.4265136719E-001
 0.9494949    0.1579345703E+001    0.5280761719E-001
 0.9595960    0.1538891602E+001    0.3305664063E-001
 0.9696970    0.1557885742E+001    0.6166992188E-001
 0.9797980    0.1555297852E+001    0.4514160156E-001
 0.9898990    0.1548608398E+001    0.2634277344E-001
 1.0000000    0.1570361328E+001    0.6433105469E-001


