#   100 bins for weightfunction of cd                      
 0.0000000    0.3205049133E+001    0.1632102966E+001
 0.0101010    0.3281498718E+001    0.1702400208E+001
 0.0202020    0.3231965637E+001    0.1633015442E+001
 0.0303030    0.3245594788E+001    0.1622918701E+001
 0.0404040    0.3313525391E+001    0.1627378845E+001
 0.0505051    0.3350056458E+001    0.1634266663E+001
 0.0606061    0.3455992126E+001    0.1652424622E+001
 0.0707071    0.3508480835E+001    0.1639373779E+001
 0.0808081    0.3559172058E+001    0.1635905457E+001
 0.0909091    0.3663108826E+001    0.1641847229E+001
 0.1010101    0.3795610046E+001    0.1659692383E+001
 0.1111111    0.3816712952E+001    0.1623509216E+001
 0.1212121    0.3915258789E+001    0.1609651184E+001
 0.1313131    0.3970693970E+001    0.1655514526E+001
 0.1414141    0.3989889526E+001    0.1625735474E+001
 0.1515152    0.3994892883E+001    0.1592446899E+001
 0.1616162    0.4016383362E+001    0.1627435303E+001
 0.1717172    0.4078030396E+001    0.1603030396E+001
 0.1818182    0.4043472290E+001    0.1558976746E+001
 0.1919192    0.3963069153E+001    0.1582719421E+001
 0.2020202    0.3966009521E+001    0.1536160278E+001
 0.2121212    0.3926246643E+001    0.1518391418E+001
 0.2222222    0.3849575806E+001    0.1540341187E+001
 0.2323232    0.3808718872E+001    0.1480691528E+001
 0.2424242    0.3751905823E+001    0.1493403625E+001
 0.2525253    0.3694250488E+001    0.1477409363E+001
 0.2626263    0.3605271912E+001    0.1464637756E+001
 0.2727273    0.3538746643E+001    0.1414463806E+001
 0.2828283    0.3486476135E+001    0.1409950256E+001
 0.2929293    0.3383390808E+001    0.1386764526E+001
 0.3030303    0.3291136169E+001    0.1351913452E+001
 0.3131313    0.3220173645E+001    0.1354679871E+001
 0.3232323    0.3094946289E+001    0.1341471863E+001
 0.3333333    0.3037980652E+001    0.1313941956E+001
 0.3434343    0.2942900085E+001    0.1282504272E+001
 0.3535354    0.2838479614E+001    0.1237641907E+001
 0.3636364    0.2726496887E+001    0.1246742249E+001
 0.3737374    0.2636398315E+001    0.1197219849E+001
 0.3838384    0.2560705566E+001    0.1170486450E+001
 0.3939394    0.2478903198E+001    0.1178796387E+001
 0.4040404    0.2320680237E+001    0.1136358643E+001
 0.4141414    0.2232768250E+001    0.1100291443E+001
 0.4242424    0.2114508057E+001    0.1066159058E+001
 0.4343434    0.2031570435E+001    0.1072814941E+001
 0.4444444    0.1914027405E+001    0.1046694946E+001
 0.4545455    0.1786697388E+001    0.1007521057E+001
 0.4646465    0.1691163635E+001    0.9865570068E+000
 0.4747475    0.1580999756E+001    0.9406631470E+000
 0.4848485    0.1449775696E+001    0.9424606323E+000
 0.4949495    0.1368505859E+001    0.9177307129E+000
 0.5050505    0.1308605957E+001    0.8933807373E+000
 0.5151515    0.1291236877E+001    0.9015686035E+000
 0.5252525    0.1300398254E+001    0.8931716919E+000
 0.5353535    0.1285739136E+001    0.8961822510E+000
 0.5454545    0.1295388794E+001    0.9054168701E+000
 0.5555556    0.1251884460E+001    0.9182830811E+000
 0.5656566    0.1281581116E+001    0.9127059937E+000
 0.5757576    0.1269833374E+001    0.8980377197E+000
 0.5858586    0.1247259521E+001    0.8889511108E+000
 0.5959596    0.1252221680E+001    0.8712829590E+000
 0.6060606    0.1220809937E+001    0.8732086182E+000
 0.6161616    0.1209652710E+001    0.8807891846E+000
 0.6262626    0.1202479553E+001    0.8621261597E+000
 0.6363636    0.1202127075E+001    0.8741455078E+000
 0.6464646    0.1175080872E+001    0.8693557739E+000
 0.6565657    0.1158227539E+001    0.8733978271E+000
 0.6666667    0.1153463745E+001    0.8812133789E+000
 0.6767677    0.1109938049E+001    0.8692993164E+000
 0.6868687    0.1119470215E+001    0.8598541260E+000
 0.6969697    0.1073562622E+001    0.8609680176E+000
 0.7070707    0.1067906189E+001    0.8622039795E+000
 0.7171717    0.1016957092E+001    0.8583526611E+000
 0.7272727    0.9957992554E+000    0.8476684570E+000
 0.7373737    0.9904998779E+000    0.8589813232E+000
 0.7474747    0.9455932617E+000    0.8398529053E+000
 0.7575758    0.9378585815E+000    0.8542114258E+000
 0.7676768    0.9068603516E+000    0.8459274292E+000
 0.7777778    0.8787597656E+000    0.8165679932E+000
 0.7878788    0.8439895630E+000    0.8487350464E+000
 0.7979798    0.8078201294E+000    0.8130279541E+000
 0.8080808    0.7670028687E+000    0.8253707886E+000
 0.8181818    0.7360061646E+000    0.8166076660E+000
 0.8282828    0.7168167114E+000    0.8052825928E+000
 0.8383838    0.6717514038E+000    0.7938323975E+000
 0.8484848    0.6361389160E+000    0.8074737549E+000
 0.8585859    0.5809173584E+000    0.7847396851E+000
 0.8686869    0.5749298096E+000    0.8029205322E+000
 0.8787879    0.5123504639E+000    0.7754379272E+000
 0.8888889    0.4886459351E+000    0.7874145508E+000
 0.8989899    0.4425949097E+000    0.7727630615E+000
 0.9090909    0.3852157593E+000    0.7657699585E+000
 0.9191919    0.3587509155E+000    0.7703460693E+000
 0.9292929    0.3226242065E+000    0.7874496460E+000
 0.9393939    0.2709411621E+000    0.7601196289E+000
 0.9494949    0.2430099487E+000    0.7566452026E+000
 0.9595960    0.1717346191E+000    0.7572662354E+000
 0.9696970    0.1083847046E+000    0.7262619019E+000
 0.9797980    0.6318206787E-001    0.7227935791E+000
 0.9898990    0.3493957520E-001    0.7391494751E+000
 1.0000000    0.0000000000E+000    0.7216598511E+000


#   100 bins for weightfunction of Ar                      
 0.0000000    0.1925898743E+001    0.3541564941E+000
 0.0101010    0.1962812805E+001    0.3754959106E+000
 0.0202020    0.1943368530E+001    0.3595764160E+000
 0.0303030    0.1983517456E+001    0.3655273438E+000
 0.0404040    0.1973896790E+001    0.3298858643E+000
 0.0505051    0.2069689941E+001    0.3856002808E+000
 0.0606061    0.2116938782E+001    0.3992965698E+000
 0.0707071    0.2144491577E+001    0.3604782104E+000
 0.0808081    0.2239407349E+001    0.3883895874E+000
 0.0909091    0.2275459290E+001    0.3652755737E+000
 0.1010101    0.2378607178E+001    0.3927993774E+000
 0.1111111    0.2459359741E+001    0.3957519531E+000
 0.1212121    0.2505049133E+001    0.3712615967E+000
 0.1313131    0.2630081177E+001    0.4049804688E+000
 0.1414141    0.2687799072E+001    0.3872741699E+000
 0.1515152    0.2745960999E+001    0.3887237549E+000
 0.1616162    0.2795809937E+001    0.3689575195E+000
 0.1717172    0.2854055786E+001    0.3737304688E+000
 0.1818182    0.2896255493E+001    0.3821319580E+000
 0.1919192    0.2924829102E+001    0.3747436523E+000
 0.2020202    0.2942387390E+001    0.3930618286E+000
 0.2121212    0.2915151978E+001    0.3586242676E+000
 0.2222222    0.2917915344E+001    0.3567214966E+000
 0.2323232    0.2958091736E+001    0.3354125977E+000
 0.2424242    0.2902052307E+001    0.3248703003E+000
 0.2525253    0.2857118225E+001    0.3288284302E+000
 0.2626263    0.2822543335E+001    0.3235610962E+000
 0.2727273    0.2795149231E+001    0.3260192871E+000
 0.2828283    0.2772738647E+001    0.2774276733E+000
 0.2929293    0.2754965210E+001    0.2824081421E+000
 0.3030303    0.2734619141E+001    0.2838546753E+000
 0.3131313    0.2706805420E+001    0.2765167236E+000
 0.3232323    0.2650462341E+001    0.2547363281E+000
 0.3333333    0.2598919678E+001    0.2202316284E+000
 0.3434343    0.2527058411E+001    0.2421524048E+000
 0.3535354    0.2478967285E+001    0.2252731323E+000
 0.3636364    0.2422222900E+001    0.2202346802E+000
 0.3737374    0.2396745300E+001    0.1851379395E+000
 0.3838384    0.2351734924E+001    0.2059860229E+000
 0.3939394    0.2277227783E+001    0.2087753296E+000
 0.4040404    0.2244003296E+001    0.1837600708E+000
 0.4141414    0.2179293823E+001    0.1574249268E+000
 0.4242424    0.2149559021E+001    0.1174209595E+000
 0.4343434    0.2065917969E+001    0.1431869507E+000
 0.4444444    0.1978527832E+001    0.1164230347E+000
 0.4545455    0.1930532837E+001    0.9073944092E-001
 0.4646465    0.1893122864E+001    0.7501831055E-001
 0.4747475    0.1798951721E+001    0.4745788574E-001
 0.4848485    0.1733670044E+001    0.6395568848E-001
 0.4949495    0.1707730103E+001    0.5787353516E-001
 0.5050505    0.1660368347E+001    0.4572296143E-001
 0.5151515    0.1640014648E+001    0.2418975830E-001
 0.5252525    0.1650425720E+001    0.4612274170E-001
 0.5353535    0.1650830078E+001    0.5746154785E-001
 0.5454545    0.1650041199E+001    0.5130462646E-001
 0.5555556    0.1644628906E+001    0.5660247803E-001
 0.5656566    0.1673765564E+001    0.4163665771E-001
 0.5757576    0.1639616394E+001    0.2287139893E-001
 0.5858586    0.1656063843E+001    0.5002593994E-001
 0.5959596    0.1662292480E+001    0.3444061279E-001
 0.6060606    0.1661238098E+001    0.3849182129E-001
 0.6161616    0.1669215393E+001    0.4390869141E-001
 0.6262626    0.1660693359E+001    0.2062377930E-001
 0.6363636    0.1655404663E+001    0.6363372803E-001
 0.6464646    0.1629397583E+001    0.3634643555E-001
 0.6565657    0.1651374817E+001    0.5605773926E-001
 0.6666667    0.1652676392E+001    0.0000000000E+000
 0.6767677    0.1634307861E+001    0.7922668457E-001
 0.6868687    0.1642187500E+001    0.6043853760E-001
 0.6969697    0.1651271057E+001    0.2461090088E-001
 0.7070707    0.1651948547E+001    0.5567321777E-001
 0.7171717    0.1654759216E+001    0.4612579346E-001
 0.7272727    0.1648040771E+001    0.3170318604E-001
 0.7373737    0.1646372986E+001    0.3592834473E-001
 0.7474747    0.1638246155E+001    0.2950897217E-001
 0.7575758    0.1642752075E+001    0.3281250000E-001
 0.7676768    0.1650064087E+001    0.4641723633E-001
 0.7777778    0.1647010803E+001    0.4003295898E-001
 0.7878788    0.1654469299E+001    0.5748596191E-001
 0.7979798    0.1651579285E+001    0.3590850830E-001
 0.8080808    0.1651599121E+001    0.4118804932E-001
 0.8181818    0.1659219360E+001    0.4184570313E-001
 0.8282828    0.1636743164E+001    0.2179260254E-001
 0.8383838    0.1637335205E+001    0.3280639648E-001
 0.8484848    0.1629852295E+001    0.1655883789E-001
 0.8585859    0.1644595337E+001    0.3585968018E-001
 0.8686869    0.1653555298E+001    0.3078765869E-001
 0.8787879    0.1660958862E+001    0.4847717285E-001
 0.8888889    0.1644178772E+001    0.4850921631E-001
 0.8989899    0.1638909912E+001    0.3248291016E-001
 0.9090909    0.1661712646E+001    0.5551910400E-001
 0.9191919    0.1617280579E+001    0.2127838135E-001
 0.9292929    0.1646327209E+001    0.2319793701E-001
 0.9393939    0.1655999756E+001    0.4256439209E-001
 0.9494949    0.1640608215E+001    0.4974517822E-001
 0.9595960    0.1646087646E+001    0.2664031982E-001
 0.9696970    0.1642558289E+001    0.2944641113E-001
 0.9797980    0.1647883606E+001    0.4880065918E-001
 0.9898990    0.1673547363E+001    0.5928344727E-001
 1.0000000    0.1602404785E+001    0.1971282959E-001


