Compiled using GNU Fortran (Ubuntu 9.4.0-1ubuntu1~20.04.2) 9.4.0 with all optimizations
Last Brick update unknown
Compiled at 18:43:37 on Sep  2 2023
Starting at 16:56:20 on Sep 11 2023

Settings
OK                      

Forcefield
OK                      

Topology
OK                      

Configuration
OK                      Read from ./INPUT/restart.in

 F
Monte Carlo Simulation initialized.

#########################################################################################################################
###########################################   ENERGY STARTING CONFIGURATION   ###########################################
#########################################################################################################################
                                               Box 1               Box 2
-------------------------------------------------------------------------------------------------------------------------
Lennard Jones        
 Intermolecular                         -0.4785948839E+006  -0.6376877030E+005
 Tailcorrection                         -0.1184858278E+005  -0.1445970445E+004
Total Intermolecular                    -0.4904434667E+006  -0.6521474075E+005

Electrostatic        
 Real                                   -0.1391887897E+006  -0.9561690639E+004
 Exclusion                               0.8330120773E+007   0.3054885698E+007
 Selfterm                               -0.8356876284E+007  -0.3057966376E+007
 Fourier                                 0.1292337885E+005   0.3033552015E+004
Total Intermolecular                    -0.1530209226E+006  -0.9608816993E+004

Intramolecular       
 Lennard Jones                           0.0000000000E+000   0.0000000000E+000
 Electrostatic                           0.0000000000E+000   0.0000000000E+000
 Bending                                 0.0000000000E+000   0.0000000000E+000
 Torsion                                 0.0000000000E+000   0.0000000000E+000

Total                                   -0.6434643893E+006  -0.7482355774E+005

#########################################################################################################################

Simulation is running...



#########################################################################################################################
###############################################   RELATIVE ENERGY DRIFTS   ##############################################
#########################################################################################################################
                                               Box 1               Box 2                                                 
-------------------------------------------------------------------------------------------------------------------------

Lennard Jones        
 Intermolecular                          0.1553225522E-013   0.5003738827E-014
 Tailcorrection                          0.0000000000E+000   0.0000000000E+000

Electrostatic        
 Real                                    0.1303214054E-014   0.2088032999E-014
 Exclusion                               0.2060943843E-015   0.1834646339E-015
 Selfterm                                0.0000000000E+000   0.0000000000E+000
 Fourier                                 0.4127620955E-015   0.0000000000E+000

Intramolecular       
 Lennard Jones                           0.0000000000E+000   0.0000000000E+000
 Electrostatic                           0.0000000000E+000   0.0000000000E+000
 Bending                                 0.0000000000E+000   0.0000000000E+000
 Torsion                                 0.0000000000E+000   0.0000000000E+000

Total                                    0.7626367968E-014   0.1156108092E-013

#########################################################################################################################
############################################   TRIAL MOVE ACCEPTANCE RATES   ############################################
#########################################################################################################################
                                               Box 1               Box 2
-------------------------------------------------------------------------------------------------------------------------
Translation
 CO2                                          0.49965             0.51108
 AR                                           0.51149             0.55424
-------------------------------------------------------------------------------------------------------------------------
Rotation
 CO2                                          0.49744             0.69762
 AR                                           0.00000             0.00000
-------------------------------------------------------------------------------------------------------------------------
Lambda Move
 cd                                           0.75000             0.93431
 Ar                                           0.83193             0.96243
-------------------------------------------------------------------------------------------------------------------------
GE Swap Fractional
 cd                                           0.32005             0.40152
 Ar                                           0.40070             0.49930
-------------------------------------------------------------------------------------------------------------------------
GE Identity Change
 cd                                           0.66890             0.87177
 Ar                                           0.75650             0.98748
-------------------------------------------------------------------------------------------------------------------------
Volume                                        0.53773             0.51691

#########################################################################################################################
######################################################   AVERAGES   #####################################################
#########################################################################################################################
                                                       Boltzmann                                    Biased
                                               Box 1               Box 2                  Box 1               Box 2      
-------------------------------------------------------------------------------------------------------------------------
Density
 CO2                                     0.9028388324E+003   0.7267029204E+002      0.9008040629E+003   0.7257611549E+002
 AR                                      0.8906718752E+002   0.9202356221E+002      0.8954193169E+002   0.9225151000E+002
 Total                                   0.9919060199E+003   0.1646938542E+003      0.9903459945E+003   0.1648276255E+003

Number of molecules
 CO2                                     0.4882131324E+003   0.1917868676E+003      0.4893194500E+003   0.1906805500E+003
 AR                                      0.5332434745E+002   0.2666756525E+003      0.5385983000E+002   0.2661401700E+003
 Total                                   0.5415374798E+003   0.4584625202E+003      0.5431792800E+003   0.4568207200E+003

Mole fractions
 CO2                                          0.90153             0.41833                 0.90084             0.41741
 AR                                           0.09847             0.58167                 0.09916             0.58259

Volume                                   0.3955936961E+005   0.1930809347E+006      0.3973954467E+005   0.1922183290E+006

#########################################################################################################################
#######################################   PROPERTIES FROM THE CFC GIBBS ENSEMBLE   ######################################
#########################################################################################################################
                                                       Boltzmann                                    Biased
                                               Box 1               Box 2                  Box 1               Box 2      
Chemical Potentials (as an indication)
=========================================================================================================================

Total cd                                -0.1936393950E+004  -0.1938325808E+004     -0.1936964792E+004  -0.1938653895E+004
 Ideal gas                              -0.1111623905E+004  -0.1749085588E+004     -0.1112194746E+004  -0.1749413674E+004
 Excess                                 -0.8247700456E+003  -0.1892402209E+003     -0.8247700456E+003  -0.1892402209E+003

-------------------------------------------------------------------------------------------------------------------------

Total Ar                                -0.1730259490E+004  -0.1729445220E+004     -0.1728914536E+004  -0.1728819299E+004
 Ideal gas                              -0.1673110545E+004  -0.1664849171E+004     -0.1671765591E+004  -0.1664223250E+004
 Excess                                 -0.5714894467E+002  -0.6459604926E+002     -0.5714894467E+002  -0.6459604926E+002

-------------------------------------------------------------------------------------------------------------------------

#########################################################################################################################
#########################################   PROPERTIES FROM UMBRELLA SAMPLING   #########################################
#########################################################################################################################

Excess Partial Molar Enthalpy
=========================================================================================================================


Partial Molar Volume
=========================================================================================================================


#########################################################################################################################
##################################################   AVERAGE ENERGIES   #################################################
#########################################################################################################################
                                                       Boltzmann                                    Biased
                                               Box 1               Box 2                  Box 1               Box 2      
-------------------------------------------------------------------------------------------------------------------------
Lennard Jones        
 Intermolecular                         -0.5264709964E+006  -0.5897842920E+005     -0.5272687889E+006  -0.5861682676E+005
 Tailcorrection                         -0.1293586700E+005  -0.1337712117E+004     -0.1295805899E+005  -0.1330634608E+004
Total Intermolecular                    -0.5394068634E+006  -0.6031614132E+005     -0.5402268479E+006  -0.5994746137E+005

Electrostatic        
 Real                                   -0.1484538169E+006  -0.7390262800E+004     -0.1483801370E+006  -0.7322243895E+004
 Exclusion                               0.8941859503E+007   0.2604722481E+007      0.8960202422E+007   0.2589130122E+007
 Selfterm                               -0.8970580285E+007  -0.2607349157E+007     -0.8988981961E+007  -0.2591741033E+007
 Fourier                                 0.1401897159E+005   0.2491252818E+004      0.1407750042E+005   0.2477596469E+004
Total Intermolecular                    -0.1631556275E+006  -0.7525686073E+004     -0.1630821754E+006  -0.7455559136E+004

Intramolecular       
 Lennard Jones                           0.0000000000E+000   0.0000000000E+000      0.0000000000E+000   0.0000000000E+000
 Electrostatic                           0.0000000000E+000   0.0000000000E+000      0.0000000000E+000   0.0000000000E+000
 Bending                                 0.0000000000E+000   0.0000000000E+000      0.0000000000E+000   0.0000000000E+000
 Torsion                                 0.0000000000E+000   0.0000000000E+000      0.0000000000E+000   0.0000000000E+000

Total                                   -0.7025624910E+006  -0.6784182739E+005     -0.7033090232E+006  -0.6740302050E+005

#########################################################################################################################

No errors found in bookkeeping.

Total simulation time:  16 hours and  59 minutes

Simulation finished.

