#   100 bins for weightfunction of cd                      
 0.0000000    0.3374282837E+001    0.1642961121E+001
 0.0101010    0.3352877808E+001    0.1615823364E+001
 0.0202020    0.3356199646E+001    0.1611528015E+001
 0.0303030    0.3433221436E+001    0.1645976257E+001
 0.0404040    0.3452894592E+001    0.1627940369E+001
 0.0505051    0.3543568420E+001    0.1657971191E+001
 0.0606061    0.3605375671E+001    0.1618385315E+001
 0.0707071    0.3663961792E+001    0.1621450806E+001
 0.0808081    0.3771794128E+001    0.1640916443E+001
 0.0909091    0.3850476074E+001    0.1625395203E+001
 0.1010101    0.3906401062E+001    0.1599357605E+001
 0.1111111    0.3980769348E+001    0.1618801880E+001
 0.1212121    0.4068289185E+001    0.1645968628E+001
 0.1313131    0.4127378845E+001    0.1621319580E+001
 0.1414141    0.4165072632E+001    0.1625476074E+001
 0.1515152    0.4183329773E+001    0.1610775757E+001
 0.1616162    0.4213911438E+001    0.1589144897E+001
 0.1717172    0.4226560974E+001    0.1609191895E+001
 0.1818182    0.4173858643E+001    0.1597911072E+001
 0.1919192    0.4154663086E+001    0.1561872864E+001
 0.2020202    0.4119642639E+001    0.1541613770E+001
 0.2121212    0.4063516235E+001    0.1572155762E+001
 0.2222222    0.4044493103E+001    0.1555302429E+001
 0.2323232    0.3975213623E+001    0.1543591309E+001
 0.2424242    0.3934837341E+001    0.1538887024E+001
 0.2525253    0.3823214722E+001    0.1522200012E+001
 0.2626263    0.3748391724E+001    0.1507958984E+001
 0.2727273    0.3707211304E+001    0.1500111389E+001
 0.2828283    0.3614141846E+001    0.1468647766E+001
 0.2929293    0.3499449158E+001    0.1447937012E+001
 0.3030303    0.3406108093E+001    0.1423489380E+001
 0.3131313    0.3301785278E+001    0.1430828857E+001
 0.3232323    0.3258422852E+001    0.1428221130E+001
 0.3333333    0.3159310913E+001    0.1399150085E+001
 0.3434343    0.3053994751E+001    0.1416809082E+001
 0.3535354    0.2974212646E+001    0.1390527344E+001
 0.3636364    0.2848168945E+001    0.1352702332E+001
 0.3737374    0.2742330933E+001    0.1339610291E+001
 0.3838384    0.2635093689E+001    0.1331475830E+001
 0.3939394    0.2528140259E+001    0.1300477600E+001
 0.4040404    0.2405480957E+001    0.1298388672E+001
 0.4141414    0.2327595520E+001    0.1295794678E+001
 0.4242424    0.2218673706E+001    0.1290412903E+001
 0.4343434    0.2145684814E+001    0.1239315796E+001
 0.4444444    0.2003475952E+001    0.1243821716E+001
 0.4545455    0.1868153381E+001    0.1236347961E+001
 0.4646465    0.1752952576E+001    0.1207742310E+001
 0.4747475    0.1653242493E+001    0.1204072571E+001
 0.4848485    0.1541987610E+001    0.1150878906E+001
 0.4949495    0.1418725586E+001    0.1156669617E+001
 0.5050505    0.1340805054E+001    0.1146499634E+001
 0.5151515    0.1332136536E+001    0.1133261108E+001
 0.5252525    0.1354824829E+001    0.1158856201E+001
 0.5353535    0.1344216919E+001    0.1142222595E+001
 0.5454545    0.1328358459E+001    0.1148417664E+001
 0.5555556    0.1336445618E+001    0.1141954041E+001
 0.5656566    0.1343478394E+001    0.1158432007E+001
 0.5757576    0.1333027649E+001    0.1164378357E+001
 0.5858586    0.1322775269E+001    0.1129112244E+001
 0.5959596    0.1316336060E+001    0.1156730652E+001
 0.6060606    0.1286509705E+001    0.1134446716E+001
 0.6161616    0.1305484009E+001    0.1114169312E+001
 0.6262626    0.1256283569E+001    0.1107839966E+001
 0.6363636    0.1241801453E+001    0.1121308899E+001
 0.6464646    0.1229319763E+001    0.1116809082E+001
 0.6565657    0.1197045898E+001    0.1127291870E+001
 0.6666667    0.1175927734E+001    0.1116050720E+001
 0.6767677    0.1163993835E+001    0.1106773376E+001
 0.6868687    0.1155024719E+001    0.1123408508E+001
 0.6969697    0.1149586487E+001    0.1108326721E+001
 0.7070707    0.1124433899E+001    0.1137059021E+001
 0.7171717    0.1091593933E+001    0.1129542542E+001
 0.7272727    0.1075479126E+001    0.1123968506E+001
 0.7373737    0.1022482300E+001    0.1093890381E+001
 0.7474747    0.1007604980E+001    0.1118655396E+001
 0.7575758    0.9909362793E+000    0.1111607361E+001
 0.7676768    0.9584396362E+000    0.1084262085E+001
 0.7777778    0.9363769531E+000    0.1111907959E+001
 0.7878788    0.9032623291E+000    0.1099565125E+001
 0.7979798    0.8672439575E+000    0.1112417603E+001
 0.8080808    0.8471298218E+000    0.1096582031E+001
 0.8181818    0.7920608521E+000    0.1093444824E+001
 0.8282828    0.7347015381E+000    0.1081317139E+001
 0.8383838    0.6902893066E+000    0.1071015930E+001
 0.8484848    0.6712936401E+000    0.1068444824E+001
 0.8585859    0.6291366577E+000    0.1072090149E+001
 0.8686869    0.6194839478E+000    0.1086460876E+001
 0.8787879    0.5718597412E+000    0.1076559448E+001
 0.8888889    0.5244308472E+000    0.1077928162E+001
 0.8989899    0.5013549805E+000    0.1079394531E+001
 0.9090909    0.4400009155E+000    0.1074465942E+001
 0.9191919    0.3887283325E+000    0.1078359985E+001
 0.9292929    0.3412078857E+000    0.1060081482E+001
 0.9393939    0.2802352905E+000    0.1048991394E+001
 0.9494949    0.2902282715E+000    0.1079838562E+001
 0.9595960    0.1801589966E+000    0.1044108582E+001
 0.9696970    0.1364547729E+000    0.1028962708E+001
 0.9797980    0.9796905518E-001    0.1037925720E+001
 0.9898990    0.7270660400E-001    0.1067907715E+001
 1.0000000    0.0000000000E+000    0.1019140625E+001


#   100 bins for weightfunction of Ar                      
 0.0000000    0.1979809570E+001    0.2306640625E+000
 0.0101010    0.1977323914E+001    0.2438064575E+000
 0.0202020    0.2049732971E+001    0.2964050293E+000
 0.0303030    0.2018850708E+001    0.2551147461E+000
 0.0404040    0.2070671082E+001    0.2744415283E+000
 0.0505051    0.2101306152E+001    0.2749206543E+000
 0.0606061    0.2171990967E+001    0.2574188232E+000
 0.0707071    0.2212524414E+001    0.2693206787E+000
 0.0808081    0.2280047607E+001    0.2567443848E+000
 0.0909091    0.2351988220E+001    0.2556411743E+000
 0.1010101    0.2453562927E+001    0.2857269287E+000
 0.1111111    0.2553251648E+001    0.2801620483E+000
 0.1212121    0.2655485535E+001    0.3016052246E+000
 0.1313131    0.2689315796E+001    0.2582443237E+000
 0.1414141    0.2819029236E+001    0.2922882080E+000
 0.1515152    0.2857731628E+001    0.2706558228E+000
 0.1616162    0.2905970764E+001    0.2695266724E+000
 0.1717172    0.2957807922E+001    0.2580627441E+000
 0.1818182    0.2995213318E+001    0.2700561523E+000
 0.1919192    0.3003915405E+001    0.2436355591E+000
 0.2020202    0.3016879272E+001    0.2464645386E+000
 0.2121212    0.2994769287E+001    0.2723052979E+000
 0.2222222    0.3023110962E+001    0.2613830566E+000
 0.2323232    0.3019114685E+001    0.2535018921E+000
 0.2424242    0.2982069397E+001    0.2729476929E+000
 0.2525253    0.2974148560E+001    0.2556900024E+000
 0.2626263    0.2931446838E+001    0.2231323242E+000
 0.2727273    0.2892837524E+001    0.2357604980E+000
 0.2828283    0.2905125427E+001    0.2327774048E+000
 0.2929293    0.2860925293E+001    0.1954391479E+000
 0.3030303    0.2796368408E+001    0.2149459839E+000
 0.3131313    0.2756047058E+001    0.1876663208E+000
 0.3232323    0.2722717285E+001    0.1899765015E+000
 0.3333333    0.2678561401E+001    0.1497512817E+000
 0.3434343    0.2603158569E+001    0.1655944824E+000
 0.3535354    0.2557893372E+001    0.1584808350E+000
 0.3636364    0.2519038391E+001    0.1486618042E+000
 0.3737374    0.2479728699E+001    0.1819732666E+000
 0.3838384    0.2400296021E+001    0.1407516479E+000
 0.3939394    0.2345462036E+001    0.1502716064E+000
 0.4040404    0.2282586670E+001    0.1121505737E+000
 0.4141414    0.2267720032E+001    0.1379486084E+000
 0.4242424    0.2178166199E+001    0.1069778442E+000
 0.4343434    0.2150827026E+001    0.9294433594E-001
 0.4444444    0.2051481628E+001    0.8852844238E-001
 0.4545455    0.2041752625E+001    0.9241485596E-001
 0.4646465    0.1965275574E+001    0.9569549561E-001
 0.4747475    0.1875553894E+001    0.6884765625E-001
 0.4848485    0.1829815674E+001    0.7248687744E-001
 0.4949495    0.1777406311E+001    0.2959289551E-001
 0.5050505    0.1754786682E+001    0.9585571289E-002
 0.5151515    0.1746987915E+001    0.6260223389E-001
 0.5252525    0.1748759460E+001    0.4324951172E-001
 0.5353535    0.1740405273E+001    0.3181610107E-001
 0.5454545    0.1734407043E+001    0.2929534912E-001
 0.5555556    0.1734626770E+001    0.3882751465E-001
 0.5656566    0.1765437317E+001    0.2556610107E-001
 0.5757576    0.1753784180E+001    0.1184539795E-001
 0.5858586    0.1731089783E+001    0.4190368652E-001
 0.5959596    0.1746681213E+001    0.2654876709E-001
 0.6060606    0.1759518433E+001    0.4166107178E-001
 0.6161616    0.1745620728E+001    0.2154846191E-001
 0.6262626    0.1746003723E+001    0.3059844971E-001
 0.6363636    0.1722082520E+001    0.4984893799E-001
 0.6464646    0.1740559387E+001    0.1391296387E-001
 0.6565657    0.1726416016E+001    0.2183074951E-001
 0.6666667    0.1751133728E+001    0.4290161133E-001
 0.6767677    0.1745828247E+001    0.3156280518E-001
 0.6868687    0.1736759949E+001    0.3002319336E-001
 0.6969697    0.1716635132E+001    0.3400268555E-001
 0.7070707    0.1756611633E+001    0.3548431396E-001
 0.7171717    0.1744300842E+001    0.2560424805E-001
 0.7272727    0.1728819275E+001    0.1548309326E-001
 0.7373737    0.1745567322E+001    0.1063995361E-001
 0.7474747    0.1738981628E+001    0.2360687256E-001
 0.7575758    0.1742066956E+001    0.2187805176E-001
 0.7676768    0.1745826721E+001    0.2777252197E-001
 0.7777778    0.1717028809E+001    0.7824707031E-002
 0.7878788    0.1753170776E+001    0.2664642334E-001
 0.7979798    0.1738027954E+001    0.3257446289E-001
 0.8080808    0.1735673523E+001    0.2343597412E-001
 0.8181818    0.1747247314E+001    0.2612609863E-001
 0.8282828    0.1726292419E+001    0.5198669434E-002
 0.8383838    0.1752558899E+001    0.2309722900E-001
 0.8484848    0.1725584412E+001    0.9552001953E-002
 0.8585859    0.1736448669E+001    0.1825866699E-001
 0.8686869    0.1740283203E+001    0.4412841797E-002
 0.8787879    0.1750088501E+001    0.2953491211E-001
 0.8888889    0.1737535095E+001    0.1073760986E-001
 0.8989899    0.1726155090E+001    0.4414367676E-002
 0.9090909    0.1746049500E+001    0.2499084473E-001
 0.9191919    0.1743861389E+001    0.2266693115E-001
 0.9292929    0.1747262573E+001    0.3201599121E-001
 0.9393939    0.1738331604E+001    0.1153869629E-001
 0.9494949    0.1715112305E+001    0.6407165527E-002
 0.9595960    0.1728976440E+001    0.0000000000E+000
 0.9696970    0.1738461304E+001    0.9681701660E-002
 0.9797980    0.1788783264E+001    0.7124786377E-001
 0.9898990    0.1784759521E+001    0.6714935303E-001
 1.0000000    0.1761273193E+001    0.4321136475E-001


