 0.0000000   0.1421656808E+000   0.9955180262E+000   0.6450043928E+000   0.9427310332E+000
 0.0101010   0.1403873841E+000   0.9850595389E+000   0.6381154799E+000   0.9541330907E+000
 0.0202020   0.1394547342E+000   0.9905273167E+000   0.6436420992E+000   0.9567858143E+000
 0.0303030   0.1350177804E+000   0.1010122072E+001   0.6428328196E+000   0.9720835748E+000
 0.0404040   0.1297536716E+000   0.9883578900E+000   0.6462139945E+000   0.9762546335E+000
 0.0505051   0.1216587592E+000   0.1008915007E+001   0.6447101374E+000   0.9727351209E+000
 0.0606061   0.1121170445E+000   0.9870911916E+000   0.6358147343E+000   0.9577049597E+000
 0.0707071   0.1069508492E+000   0.1027315035E+001   0.6523369242E+000   0.9918044803E+000
 0.0808081   0.9618621376E-001   0.1009194668E+001   0.6399234199E+000   0.9821612096E+000
 0.0909091   0.8909768550E-001   0.9770686460E+000   0.6403064041E+000   0.9843698734E+000
 0.1010101   0.8233019055E-001   0.1014016758E+001   0.6431831960E+000   0.9912518296E+000
 0.1111111   0.7643765527E-001   0.1017524855E+001   0.6435560669E+000   0.9830454508E+000
 0.1212121   0.7208854696E-001   0.1032402392E+001   0.6461892102E+000   0.9978681255E+000
 0.1313131   0.6882049878E-001   0.1024886511E+001   0.6446245606E+000   0.9821146706E+000
 0.1414141   0.6562256315E-001   0.1002766584E+001   0.6542189621E+000   0.9889151834E+000
 0.1515152   0.6552461120E-001   0.1002211376E+001   0.6519285763E+000   0.9707436391E+000
 0.1616162   0.6346350679E-001   0.1002618529E+001   0.6696670062E+000   0.1021913281E+001
 0.1717172   0.6422080752E-001   0.9680269692E+000   0.6672368860E+000   0.9977129955E+000
 0.1818182   0.6484981293E-001   0.1008106870E+001   0.6742049746E+000   0.9797489376E+000
 0.1919192   0.6565235367E-001   0.1011726008E+001   0.6940207992E+000   0.1014998359E+001
 0.2020202   0.6943405098E-001   0.1003924297E+001   0.6917422268E+000   0.9715270458E+000
 0.2121212   0.7129290252E-001   0.9986230824E+000   0.7026118350E+000   0.9892836173E+000
 0.2222222   0.7680199115E-001   0.1050498084E+001   0.7176641220E+000   0.1010458867E+001
 0.2323232   0.7945057170E-001   0.1033233149E+001   0.7242497263E+000   0.1006836581E+001
 0.2424242   0.8378554947E-001   0.1003157287E+001   0.7275193153E+000   0.1008521681E+001
 0.2525253   0.9095943525E-001   0.1023992008E+001   0.7449361832E+000   0.1011771655E+001
 0.2626263   0.9773400116E-001   0.1006085499E+001   0.7553524845E+000   0.9905265967E+000
 0.2727273   0.1042772019E+000   0.1017537193E+001   0.7579865670E+000   0.9791381130E+000
 0.2828283   0.1137699091E+000   0.1014948275E+001   0.7825512353E+000   0.1035056673E+001
 0.2929293   0.1206001366E+000   0.9863324063E+000   0.7927890260E+000   0.1014829656E+001
 0.3030303   0.1351287831E+000   0.1012922791E+001   0.7984531435E+000   0.9889908093E+000
 0.3131313   0.1463512498E+000   0.1007800477E+001   0.8066185618E+000   0.9817617497E+000
 0.3232323   0.1619012844E+000   0.1035795334E+001   0.8303460302E+000   0.1003970553E+001
 0.3333333   0.1761326108E+000   0.9764044519E+000   0.8357465605E+000   0.9839762310E+000
 0.3434343   0.1941795858E+000   0.9676712243E+000   0.8525447046E+000   0.1005746792E+001
 0.3535354   0.2132792150E+000   0.9919091695E+000   0.8671016069E+000   0.9589343653E+000
 0.3636364   0.2317655211E+000   0.9995731062E+000   0.8827916611E+000   0.9996210949E+000
 0.3737374   0.2619898368E+000   0.9858100989E+000   0.8996556859E+000   0.9983121852E+000
 0.3838384   0.2897925698E+000   0.9951067605E+000   0.9167836740E+000   0.1015655723E+001
 0.3939394   0.3222461820E+000   0.9644592390E+000   0.9348914090E+000   0.9981686900E+000
 0.4040404   0.3552118102E+000   0.9948908460E+000   0.9594940084E+000   0.1000900918E+001
 0.4141414   0.3953291267E+000   0.1003928410E+001   0.9650660338E+000   0.9847984202E+000
 0.4242424   0.4450628558E+000   0.1022764380E+001   0.9937550408E+000   0.9708425345E+000
 0.4343434   0.4846255048E+000   0.1003311512E+001   0.1012858474E+001   0.1005898044E+001
 0.4444444   0.5467312109E+000   0.1009453765E+001   0.1038379285E+001   0.9891498176E+000
 0.4545455   0.6161385818E+000   0.9719339935E+000   0.1047009387E+001   0.9978700646E+000
 0.4646465   0.6880545523E+000   0.1009124753E+001   0.1071262668E+001   0.1016489547E+001
 0.4747475   0.7594093091E+000   0.9916171708E+000   0.1102516794E+001   0.1031153213E+001
 0.4848485   0.8480787379E+000   0.9708379704E+000   0.1126546027E+001   0.1046838799E+001
 0.4949495   0.9690569397E+000   0.1025785127E+001   0.1129924970E+001   0.1007181745E+001
 0.5050505   0.1022888490E+001   0.9999247384E+000   0.1157673772E+001   0.1010278528E+001
 0.5151515   0.1017371178E+001   0.9940518639E+000   0.1154531794E+001   0.9990858963E+000
 0.5252525   0.1022475003E+001   0.1010802717E+001   0.1139991482E+001   0.9822794962E+000
 0.5353535   0.1032846242E+001   0.9848024979E+000   0.1161438045E+001   0.9885506279E+000
 0.5454545   0.1036597450E+001   0.9821971295E+000   0.1152274504E+001   0.9744085861E+000
 0.5555556   0.1044718323E+001   0.1018886144E+001   0.1156128446E+001   0.1015013873E+001
 0.5656566   0.1057115319E+001   0.1007370704E+001   0.1162717324E+001   0.1003997701E+001
 0.5757576   0.1054260088E+001   0.9897747004E+000   0.1158541489E+001   0.9789849221E+000
 0.5858586   0.1069355259E+001   0.1020597010E+001   0.1164114808E+001   0.1007753787E+001
 0.5959596   0.1077603342E+001   0.1020465405E+001   0.1158312038E+001   0.1011569986E+001
 0.6060606   0.1096510588E+001   0.9810291349E+000   0.1161624504E+001   0.1003966675E+001
 0.6161616   0.1108859636E+001   0.9976031434E+000   0.1167498853E+001   0.1010930074E+001
 0.6262626   0.1119709408E+001   0.9585329000E+000   0.1164739470E+001   0.1020821553E+001
 0.6363636   0.1146252114E+001   0.1001793941E+001   0.1160218859E+001   0.1010264954E+001
 0.6464646   0.1174799437E+001   0.1000171498E+001   0.1182898891E+001   0.9988842272E+000
 0.6565657   0.1174781480E+001   0.9815720056E+000   0.1175090227E+001   0.1029101619E+001
 0.6666667   0.1208769415E+001   0.1015737905E+001   0.1181749692E+001   0.1012460044E+001
 0.6767677   0.1238942130E+001   0.9857525217E+000   0.1182382334E+001   0.1033133060E+001
 0.6868687   0.1237047610E+001   0.9803361521E+000   0.1175637473E+001   0.9835728929E+000
 0.6969697   0.1268932143E+001   0.9965975987E+000   0.1194998276E+001   0.1007544361E+001
 0.7070707   0.1302748507E+001   0.9524708433E+000   0.1180264279E+001   0.9807107438E+000
 0.7171717   0.1326425336E+001   0.9945926783E+000   0.1188610407E+001   0.1023809745E+001
 0.7272727   0.1367843285E+001   0.9636963411E+000   0.1183312705E+001   0.1006861789E+001
 0.7373737   0.1407360109E+001   0.1024993440E+001   0.1191491772E+001   0.1031252109E+001
 0.7474747   0.1449114789E+001   0.1003159343E+001   0.1189080339E+001   0.1008015569E+001
 0.7575758   0.1477145398E+001   0.1011076208E+001   0.1200071194E+001   0.1024880143E+001
 0.7676768   0.1514018624E+001   0.1005302038E+001   0.1193693069E+001   0.1010999883E+001
 0.7777778   0.1568902676E+001   0.1001286028E+001   0.1195915109E+001   0.1003951162E+001
 0.7878788   0.1625507478E+001   0.1014450644E+001   0.1210179008E+001   0.1019347818E+001
 0.7979798   0.1674302496E+001   0.9949072966E+000   0.1201558232E+001   0.9982947331E+000
 0.8080808   0.1736867569E+001   0.1012369639E+001   0.1214010244E+001   0.1018246395E+001
 0.8181818   0.1792243523E+001   0.9999165131E+000   0.1212761648E+001   0.1008802854E+001
 0.8282828   0.1859602113E+001   0.1010578577E+001   0.1216126953E+001   0.9954325840E+000
 0.8383838   0.1917362845E+001   0.9824294947E+000   0.1230999085E+001   0.9992216351E+000
 0.8484848   0.1997256390E+001   0.1001057775E+001   0.1235197951E+001   0.1007555996E+001
 0.8585859   0.2067459510E+001   0.9693471321E+000   0.1240291196E+001   0.9925238958E+000
 0.8686869   0.2152736650E+001   0.1006856622E+001   0.1248265229E+001   0.1013348164E+001
 0.8787879   0.2228901586E+001   0.9909899906E+000   0.1245000541E+001   0.9978564908E+000
 0.8888889   0.2331933097E+001   0.1016056636E+001   0.1251515456E+001   0.1032250758E+001
 0.8989899   0.2422688451E+001   0.9975023833E+000   0.1249589720E+001   0.1007635500E+001
 0.9090909   0.2532563494E+001   0.1003541820E+001   0.1260676586E+001   0.1025430854E+001
 0.9191919   0.2639726939E+001   0.9797809434E+000   0.1272115475E+001   0.9918994975E+000
 0.9292929   0.2752409297E+001   0.9860362950E+000   0.1267359056E+001   0.9965979984E+000
 0.9393939   0.2927580815E+001   0.1036356712E+001   0.1281853472E+001   0.1033261043E+001
 0.9494949   0.3042735795E+001   0.1020376983E+001   0.1289551553E+001   0.1024519465E+001
 0.9595960   0.3194064114E+001   0.9888041133E+000   0.1300707025E+001   0.9957855048E+000
 0.9696970   0.3403852625E+001   0.9977491427E+000   0.1307511140E+001   0.1016528329E+001
 0.9797980   0.3546152281E+001   0.9965873171E+000   0.1310651410E+001   0.1014377839E+001
 0.9898990   0.3691115246E+001   0.9725056528E+000   0.1315466942E+001   0.9975966480E+000
 1.0000000   0.3789172739E+001   0.9943335809E+000   0.1316731831E+001   0.1017113945E+001


 0.0000000   0.1030214583E+001   0.9858321771E+000   0.8446996766E+000   0.9641903670E+000
 0.0101010   0.1034772176E+001   0.1037359174E+001   0.8508636111E+000   0.1016942179E+001
 0.0202020   0.1013506428E+001   0.9807730670E+000   0.8377279117E+000   0.9631911978E+000
 0.0303030   0.9974552998E+000   0.1004058779E+001   0.8489734117E+000   0.9856518919E+000
 0.0404040   0.9677707072E+000   0.9871781603E+000   0.8466642704E+000   0.9638409522E+000
 0.0505051   0.9306149441E+000   0.9970953967E+000   0.8474225890E+000   0.9880879801E+000
 0.0606061   0.8792174971E+000   0.9976293237E+000   0.8362699507E+000   0.9767280748E+000
 0.0707071   0.8261969807E+000   0.9957392629E+000   0.8404370283E+000   0.9965661953E+000
 0.0808081   0.7763613810E+000   0.9999457140E+000   0.8331400466E+000   0.9742134664E+000
 0.0909091   0.7135708315E+000   0.1001939312E+001   0.8283424413E+000   0.9702128639E+000
 0.1010101   0.6698381160E+000   0.9962914611E+000   0.8445201001E+000   0.1000015194E+001
 0.1111111   0.6036958419E+000   0.1016278195E+001   0.8243268884E+000   0.9713494433E+000
 0.1212121   0.5614434755E+000   0.1017195818E+001   0.8176491440E+000   0.9818122557E+000
 0.1313131   0.5244639018E+000   0.1002189019E+001   0.8292688088E+000   0.9823874159E+000
 0.1414141   0.4873287872E+000   0.1028940181E+001   0.8381603664E+000   0.1002101867E+001
 0.1515152   0.4523251156E+000   0.1002578806E+001   0.8317676597E+000   0.9806678242E+000
 0.1616162   0.4311683184E+000   0.1015807202E+001   0.8369716252E+000   0.9892638196E+000
 0.1717172   0.4139542322E+000   0.1017250632E+001   0.8356977301E+000   0.9844839044E+000
 0.1818182   0.4030754801E+000   0.1035800026E+001   0.8354186478E+000   0.9928188202E+000
 0.1919192   0.3865235777E+000   0.1000347682E+001   0.8382734280E+000   0.9737521604E+000
 0.2020202   0.3889155854E+000   0.1002418425E+001   0.8489057253E+000   0.9938611755E+000
 0.2121212   0.3825623011E+000   0.1017691172E+001   0.8456880552E+000   0.9754344550E+000
 0.2222222   0.3885634603E+000   0.1048831498E+001   0.8525621314E+000   0.9872360363E+000
 0.2323232   0.3911836235E+000   0.1028150456E+001   0.8651899912E+000   0.9840893406E+000
 0.2424242   0.3985317052E+000   0.1012563037E+001   0.8662501666E+000   0.9832766568E+000
 0.2525253   0.4009118861E+000   0.1006669539E+001   0.8743467091E+000   0.9827741277E+000
 0.2626263   0.4115476219E+000   0.1002609258E+001   0.8866680592E+000   0.9934410926E+000
 0.2727273   0.4232663422E+000   0.1000849127E+001   0.8819371127E+000   0.9953314656E+000
 0.2828283   0.4377519320E+000   0.9886175299E+000   0.8971926690E+000   0.9847076869E+000
 0.2929293   0.4539972077E+000   0.1022106728E+001   0.9021943790E+000   0.9818201077E+000
 0.3030303   0.4730352067E+000   0.1028203240E+001   0.9079501820E+000   0.9939632517E+000
 0.3131313   0.4899874427E+000   0.1020107040E+001   0.9079906930E+000   0.9883451337E+000
 0.3232323   0.5135837516E+000   0.1021739273E+001   0.9244563272E+000   0.9918530222E+000
 0.3333333   0.5308464602E+000   0.9895574850E+000   0.9257385127E+000   0.9924772575E+000
 0.3434343   0.5577661758E+000   0.9632225021E+000   0.9396464486E+000   0.9837634819E+000
 0.3535354   0.5877779632E+000   0.9754500385E+000   0.9408663997E+000   0.9837909639E+000
 0.3636364   0.6207175178E+000   0.1006596454E+001   0.9575517721E+000   0.1014822134E+001
 0.3737374   0.6480022431E+000   0.1012512284E+001   0.9698447474E+000   0.1008683820E+001
 0.3838384   0.6902491918E+000   0.1008121090E+001   0.9685599451E+000   0.9948583816E+000
 0.3939394   0.7163062571E+000   0.9904771386E+000   0.9828846304E+000   0.1015827193E+001
 0.4040404   0.7623143881E+000   0.9926270575E+000   0.9932516001E+000   0.1001538485E+001
 0.4141414   0.7954580929E+000   0.9850038798E+000   0.1020328556E+001   0.9974063611E+000
 0.4242424   0.8463980446E+000   0.9995254750E+000   0.1004713090E+001   0.9858894154E+000
 0.4343434   0.9031340967E+000   0.9988311669E+000   0.1019633830E+001   0.9818495528E+000
 0.4444444   0.9430228076E+000   0.9900731407E+000   0.1023048124E+001   0.9767791129E+000
 0.4545455   0.1006012006E+001   0.1004521651E+001   0.1046341989E+001   0.9857186340E+000
 0.4646465   0.1072269697E+001   0.9977409814E+000   0.1058914688E+001   0.1014311753E+001
 0.4747475   0.1130978260E+001   0.9905177415E+000   0.1057613507E+001   0.9983093430E+000
 0.4848485   0.1206572606E+001   0.9849267345E+000   0.1095507645E+001   0.1001236182E+001
 0.4949495   0.1282289614E+001   0.9977288006E+000   0.1093925095E+001   0.9947013413E+000
 0.5050505   0.1336711730E+001   0.1001206431E+001   0.1103693451E+001   0.1010393597E+001
 0.5151515   0.1307275649E+001   0.9829189255E+000   0.1093301180E+001   0.1000635503E+001
 0.5252525   0.1336820755E+001   0.9945638115E+000   0.1093368358E+001   0.1004834369E+001
 0.5353535   0.1323427527E+001   0.1007087748E+001   0.1104046123E+001   0.1004394656E+001
 0.5454545   0.1325028745E+001   0.1024059723E+001   0.1097713906E+001   0.1024964977E+001
 0.5555556   0.1315906826E+001   0.9858159360E+000   0.1105247009E+001   0.9943067774E+000
 0.5656566   0.1323380882E+001   0.9968761416E+000   0.1102678741E+001   0.1032067126E+001
 0.5757576   0.1317563195E+001   0.1006598485E+001   0.1097850618E+001   0.9902845818E+000
 0.5858586   0.1317480903E+001   0.9883454911E+000   0.1097604646E+001   0.9886376213E+000
 0.5959596   0.1321282614E+001   0.9987032680E+000   0.1086151714E+001   0.1005711832E+001
 0.6060606   0.1338512419E+001   0.1013927292E+001   0.1089353501E+001   0.1017680268E+001
 0.6161616   0.1316061506E+001   0.1005745826E+001   0.1083149000E+001   0.1004818665E+001
 0.6262626   0.1321036078E+001   0.9929742115E+000   0.1091372715E+001   0.1000456870E+001
 0.6363636   0.1322543124E+001   0.9797945392E+000   0.1091902185E+001   0.1004614512E+001
 0.6464646   0.1322958245E+001   0.9764955609E+000   0.1089346266E+001   0.9985017174E+000
 0.6565657   0.1331692550E+001   0.9930006033E+000   0.1087676783E+001   0.1018324134E+001
 0.6666667   0.1325927032E+001   0.9931528639E+000   0.1101275726E+001   0.1038052326E+001
 0.6767677   0.1326662673E+001   0.1000593329E+001   0.1094644516E+001   0.1006080877E+001
 0.6868687   0.1319242834E+001   0.9953372951E+000   0.1092327832E+001   0.1012641237E+001
 0.6969697   0.1327588537E+001   0.9959037043E+000   0.1098213362E+001   0.9926696319E+000
 0.7070707   0.1319917674E+001   0.9792829438E+000   0.1088660264E+001   0.9945894500E+000
 0.7171717   0.1329758351E+001   0.9988717697E+000   0.1100884512E+001   0.1021146934E+001
 0.7272727   0.1324751928E+001   0.1006718263E+001   0.1096107073E+001   0.1020346028E+001
 0.7373737   0.1324201620E+001   0.1005538751E+001   0.1092729134E+001   0.1015687819E+001
 0.7474747   0.1320441482E+001   0.1000043161E+001   0.1102268407E+001   0.1028288343E+001
 0.7575758   0.1330222979E+001   0.9963706366E+000   0.1102660193E+001   0.1023068715E+001
 0.7676768   0.1323447759E+001   0.9894823698E+000   0.1091995154E+001   0.1012085706E+001
 0.7777778   0.1307767772E+001   0.9796707007E+000   0.1089118396E+001   0.1004600771E+001
 0.7878788   0.1309660481E+001   0.9926290876E+000   0.1093429957E+001   0.1023060863E+001
 0.7979798   0.1316307279E+001   0.1005540781E+001   0.1093033988E+001   0.1029177584E+001
 0.8080808   0.1317761345E+001   0.1010122808E+001   0.1086379674E+001   0.1021788836E+001
 0.8181818   0.1324526599E+001   0.9863559534E+000   0.1093896211E+001   0.9957927716E+000
 0.8282828   0.1319636957E+001   0.9838670011E+000   0.1094701622E+001   0.1003018590E+001
 0.8383838   0.1322852858E+001   0.1011627143E+001   0.1099150634E+001   0.1027560069E+001
 0.8484848   0.1327550974E+001   0.1007073537E+001   0.1095808987E+001   0.1018575398E+001
 0.8585859   0.1318317677E+001   0.1002073301E+001   0.1086969642E+001   0.1020548218E+001
 0.8686869   0.1316637822E+001   0.1012593489E+001   0.1094245267E+001   0.1027479585E+001
 0.8787879   0.1332662508E+001   0.1007944468E+001   0.1093844674E+001   0.1004830443E+001
 0.8888889   0.1312180898E+001   0.9785947262E+000   0.1094325217E+001   0.1000350867E+001
 0.8989899   0.1332738025E+001   0.9917926697E+000   0.1090602662E+001   0.1004031500E+001
 0.9090909   0.1309788406E+001   0.9852170446E+000   0.1078794033E+001   0.1001487447E+001
 0.9191919   0.1329366612E+001   0.1004568344E+001   0.1093634871E+001   0.1009382650E+001
 0.9292929   0.1313870758E+001   0.9697169217E+000   0.1095124044E+001   0.1010140369E+001
 0.9393939   0.1295518222E+001   0.9829656187E+000   0.1090235986E+001   0.1019649162E+001
 0.9494949   0.1292611195E+001   0.9762925468E+000   0.1084732031E+001   0.1013214434E+001
 0.9595960   0.1328955332E+001   0.1009838589E+001   0.1098477134E+001   0.1024101255E+001
 0.9696970   0.1314547111E+001   0.1014570846E+001   0.1086713120E+001   0.1026278227E+001
 0.9797980   0.1305690186E+001   0.9859783473E+000   0.1091667847E+001   0.1001118402E+001
 0.9898990   0.1315973141E+001   0.9721226382E+000   0.1098868897E+001   0.1000539316E+001
 1.0000000   0.1327781059E+001   0.1011215024E+001   0.1093724618E+001   0.1021614129E+001


