Compiled using GNU Fortran (Ubuntu 9.4.0-1ubuntu1~20.04.2) 9.4.0 with all optimizations
Last Brick update unknown
Compiled at 18:43:37 on Sep  2 2023
Starting at 16:56:20 on Sep 11 2023

Settings
OK                      

Forcefield
OK                      

Topology
OK                      

Configuration
OK                      Read from ./INPUT/restart.in

 F
Monte Carlo Simulation initialized.

#########################################################################################################################
###########################################   ENERGY STARTING CONFIGURATION   ###########################################
#########################################################################################################################
                                               Box 1               Box 2
-------------------------------------------------------------------------------------------------------------------------
Lennard Jones        
 Intermolecular                         -0.4798634952E+006  -0.6732361784E+005
 Tailcorrection                         -0.1203449897E+005  -0.1681165655E+004
Total Intermolecular                    -0.4918979942E+006  -0.6900478350E+005

Electrostatic        
 Real                                   -0.1249751031E+006  -0.7888260908E+004
 Exclusion                               0.8220273026E+007   0.2194042745E+007
 Selfterm                               -0.8246675718E+007  -0.2196255828E+007
 Fourier                                 0.1454251500E+005   0.2077846726E+004
Total Intermolecular                    -0.1368352799E+006  -0.8023496827E+004

Intramolecular       
 Lennard Jones                           0.0000000000E+000   0.0000000000E+000
 Electrostatic                           0.0000000000E+000   0.0000000000E+000
 Bending                                 0.0000000000E+000   0.0000000000E+000
 Torsion                                 0.0000000000E+000   0.0000000000E+000

Total                                   -0.6287332740E+006  -0.7702828032E+005

#########################################################################################################################

Simulation is running...



#########################################################################################################################
###############################################   RELATIVE ENERGY DRIFTS   ##############################################
#########################################################################################################################
                                               Box 1               Box 2                                                 
-------------------------------------------------------------------------------------------------------------------------

Lennard Jones        
 Intermolecular                          0.4278526940E-014   0.3744137805E-014
 Tailcorrection                          0.0000000000E+000   0.0000000000E+000

Electrostatic        
 Real                                    0.1361856035E-013   0.2291269367E-014
 Exclusion                               0.1243760960E-015   0.0000000000E+000
 Selfterm                                0.0000000000E+000   0.0000000000E+000
 Fourier                                 0.3026175168E-015   0.3341977018E-015

Intramolecular       
 Lennard Jones                           0.0000000000E+000   0.0000000000E+000
 Electrostatic                           0.0000000000E+000   0.0000000000E+000
 Bending                                 0.0000000000E+000   0.0000000000E+000
 Torsion                                 0.0000000000E+000   0.0000000000E+000

Total                                    0.5640091315E-014   0.4863971899E-014

#########################################################################################################################
############################################   TRIAL MOVE ACCEPTANCE RATES   ############################################
#########################################################################################################################
                                               Box 1               Box 2
-------------------------------------------------------------------------------------------------------------------------
Translation
 CO2                                          0.50337             0.50224
 AR                                           0.50114             0.49575
-------------------------------------------------------------------------------------------------------------------------
Rotation
 CO2                                          0.49757             0.64108
 AR                                           0.00000             0.00000
-------------------------------------------------------------------------------------------------------------------------
Lambda Move
 cd                                           0.75632             0.92019
 Ar                                           0.83230             0.95212
-------------------------------------------------------------------------------------------------------------------------
GE Swap Fractional
 cd                                           0.38812             0.36039
 Ar                                           0.48078             0.45149
-------------------------------------------------------------------------------------------------------------------------
GE Identity Change
 cd                                           0.81221             0.77796
 Ar                                           0.95054             0.88743
-------------------------------------------------------------------------------------------------------------------------
Volume                                        0.47811             0.51015

#########################################################################################################################
######################################################   AVERAGES   #####################################################
#########################################################################################################################
                                                       Boltzmann                                    Biased
                                               Box 1               Box 2                  Box 1               Box 2      
-------------------------------------------------------------------------------------------------------------------------
Density
 CO2                                     0.8535491494E+003   0.8999888675E+002      0.8519197246E+003   0.8991882249E+002
 AR                                      0.1264385493E+003   0.1370623284E+003      0.1268066853E+003   0.1372315285E+003
 Total                                   0.9799876987E+003   0.2270612152E+003      0.9787264099E+003   0.2271503510E+003

Number of molecules
 CO2                                     0.4182800020E+003   0.1917199980E+003      0.4189527700E+003   0.1910472300E+003
 AR                                      0.6863771914E+002   0.3213622809E+003      0.6908941000E+002   0.3209105900E+003
 Total                                   0.4869177211E+003   0.5130822789E+003      0.4880421800E+003   0.5119578200E+003

Mole fractions
 CO2                                          0.85904             0.37366                 0.85844             0.37317
 AR                                           0.14096             0.62634                 0.14156             0.62683

Volume                                   0.3587313484E+005   0.1561096801E+006      0.3600139415E+005   0.1556963580E+006

#########################################################################################################################
#######################################   PROPERTIES FROM THE CFC GIBBS ENSEMBLE   ######################################
#########################################################################################################################
                                                       Boltzmann                                    Biased
                                               Box 1               Box 2                  Box 1               Box 2      
Chemical Potentials (as an indication)
=========================================================================================================================

Total cd                                -0.1930661898E+004  -0.1934288610E+004     -0.1931145336E+004  -0.1934513782E+004
 Ideal gas                              -0.1125827560E+004  -0.1694977834E+004     -0.1126310999E+004  -0.1695203007E+004
 Excess                                 -0.8048343374E+003  -0.2393107754E+003     -0.8048343374E+003  -0.2393107754E+003

-------------------------------------------------------------------------------------------------------------------------

Total Ar                                -0.1645620450E+004  -0.1646384896E+004     -0.1644884891E+004  -0.1646072766E+004
 Ideal gas                              -0.1584468096E+004  -0.1564056218E+004     -0.1583732536E+004  -0.1563744088E+004
 Excess                                 -0.6115235441E+002  -0.8232867847E+002     -0.6115235441E+002  -0.8232867847E+002

-------------------------------------------------------------------------------------------------------------------------

#########################################################################################################################
#########################################   PROPERTIES FROM UMBRELLA SAMPLING   #########################################
#########################################################################################################################

Excess Partial Molar Enthalpy
=========================================================================================================================


Partial Molar Volume
=========================================================================================================================


#########################################################################################################################
##################################################   AVERAGE ENERGIES   #################################################
#########################################################################################################################
                                                       Boltzmann                                    Biased
                                               Box 1               Box 2                  Box 1               Box 2      
-------------------------------------------------------------------------------------------------------------------------
Lennard Jones        
 Intermolecular                         -0.4537201744E+006  -0.8478112907E+005     -0.4540669690E+006  -0.8447172987E+005
 Tailcorrection                         -0.1121059693E+005  -0.1996117618E+004     -0.1122147294E+005  -0.1989260924E+004
Total Intermolecular                    -0.4649307713E+006  -0.8677724669E+005     -0.4652884419E+006  -0.8646099079E+005

Electrostatic        
 Real                                   -0.1212533689E+006  -0.9159874033E+004     -0.1211624517E+006  -0.9112253234E+004
 Exclusion                               0.7661422181E+007   0.2603901146E+007      0.7671756242E+007   0.2594291570E+007
 Selfterm                               -0.7686030317E+007  -0.2606527001E+007     -0.7696397391E+007  -0.2596907701E+007
 Fourier                                 0.1260891414E+005   0.2531187033E+004      0.1264493776E+005   0.2522730361E+004
Total Intermolecular                    -0.1332525913E+006  -0.9254542103E+004     -0.1331586626E+006  -0.9205654011E+004

Intramolecular       
 Lennard Jones                           0.0000000000E+000   0.0000000000E+000      0.0000000000E+000   0.0000000000E+000
 Electrostatic                           0.0000000000E+000   0.0000000000E+000      0.0000000000E+000   0.0000000000E+000
 Bending                                 0.0000000000E+000   0.0000000000E+000      0.0000000000E+000   0.0000000000E+000
 Torsion                                 0.0000000000E+000   0.0000000000E+000      0.0000000000E+000   0.0000000000E+000

Total                                   -0.5981833626E+006  -0.9603178879E+005     -0.5984471045E+006  -0.9566664480E+005

#########################################################################################################################

No errors found in bookkeeping.

Total simulation time:  15 hours and  33 minutes

Simulation finished.

