Compiled using GNU Fortran (Ubuntu 9.4.0-1ubuntu1~20.04.2) 9.4.0 with all optimizations
Last Brick update unknown
Compiled at 18:43:37 on Sep  2 2023
Starting at 16:56:20 on Sep 11 2023

Settings
OK                      

Forcefield
OK                      

Topology
OK                      

Configuration
OK                      Read from ./INPUT/restart.in

 F
Monte Carlo Simulation initialized.

#########################################################################################################################
###########################################   ENERGY STARTING CONFIGURATION   ###########################################
#########################################################################################################################
                                               Box 1               Box 2
-------------------------------------------------------------------------------------------------------------------------
Lennard Jones        
 Intermolecular                         -0.4785948839E+006  -0.6376877030E+005
 Tailcorrection                         -0.1184858278E+005  -0.1445970445E+004
Total Intermolecular                    -0.4904434667E+006  -0.6521474075E+005

Electrostatic        
 Real                                   -0.1391887897E+006  -0.9561690639E+004
 Exclusion                               0.8330120773E+007   0.3054885698E+007
 Selfterm                               -0.8356876284E+007  -0.3057966376E+007
 Fourier                                 0.1292337885E+005   0.3033552015E+004
Total Intermolecular                    -0.1530209226E+006  -0.9608816993E+004

Intramolecular       
 Lennard Jones                           0.0000000000E+000   0.0000000000E+000
 Electrostatic                           0.0000000000E+000   0.0000000000E+000
 Bending                                 0.0000000000E+000   0.0000000000E+000
 Torsion                                 0.0000000000E+000   0.0000000000E+000

Total                                   -0.6434643893E+006  -0.7482355774E+005

#########################################################################################################################

Simulation is running...



#########################################################################################################################
###############################################   RELATIVE ENERGY DRIFTS   ##############################################
#########################################################################################################################
                                               Box 1               Box 2                                                 
-------------------------------------------------------------------------------------------------------------------------

Lennard Jones        
 Intermolecular                          0.4510342767E-014   0.2380855812E-015
 Tailcorrection                          0.0000000000E+000   0.0000000000E+000

Electrostatic        
 Real                                    0.2418256284E-014   0.1037898944E-014
 Exclusion                               0.0000000000E+000   0.2117770774E-015
 Selfterm                                0.0000000000E+000   0.0000000000E+000
 Fourier                                 0.2276052647E-015   0.0000000000E+000

Intramolecular       
 Lennard Jones                           0.0000000000E+000   0.0000000000E+000
 Electrostatic                           0.0000000000E+000   0.0000000000E+000
 Bending                                 0.0000000000E+000   0.0000000000E+000
 Torsion                                 0.0000000000E+000   0.0000000000E+000

Total                                    0.2564755960E-014   0.6603798387E-014

#########################################################################################################################
############################################   TRIAL MOVE ACCEPTANCE RATES   ############################################
#########################################################################################################################
                                               Box 1               Box 2
-------------------------------------------------------------------------------------------------------------------------
Translation
 CO2                                          0.49211             0.49942
 AR                                           0.49538             0.55677
-------------------------------------------------------------------------------------------------------------------------
Rotation
 CO2                                          0.49273             0.70044
 AR                                           0.00000             0.00000
-------------------------------------------------------------------------------------------------------------------------
Lambda Move
 cd                                           0.74847             0.93444
 Ar                                           0.83122             0.96098
-------------------------------------------------------------------------------------------------------------------------
GE Swap Fractional
 cd                                           0.31524             0.40421
 Ar                                           0.39801             0.50328
-------------------------------------------------------------------------------------------------------------------------
GE Identity Change
 cd                                           0.67735             0.87392
 Ar                                           0.72004             0.99609
-------------------------------------------------------------------------------------------------------------------------
Volume                                        0.50020             0.50563

#########################################################################################################################
######################################################   AVERAGES   #####################################################
#########################################################################################################################
                                                       Boltzmann                                    Biased
                                               Box 1               Box 2                  Box 1               Box 2      
-------------------------------------------------------------------------------------------------------------------------
Density
 CO2                                     0.9024452012E+003   0.7154209355E+002      0.9012408127E+003   0.7150057542E+002
 AR                                      0.8871273760E+002   0.9290626448E+002      0.8892327573E+002   0.9306842154E+002
 Total                                   0.9911579388E+003   0.1644483580E+003      0.9901640884E+003   0.1645689970E+003

Number of molecules
 CO2                                     0.4934177875E+003   0.1865822125E+003      0.4940402300E+003   0.1859597700E+003
 AR                                      0.5356984655E+002   0.2664301535E+003      0.5383687000E+002   0.2661631300E+003
 Total                                   0.5469876341E+003   0.4530123659E+003      0.5478771000E+003   0.4521229000E+003

Mole fractions
 CO2                                          0.90206             0.41187                 0.90174             0.41130
 AR                                           0.09794             0.58813                 0.09826             0.58870

Volume                                   0.3998432331E+005   0.1910564150E+006      0.4008854741E+005   0.1905328763E+006

#########################################################################################################################
#######################################   PROPERTIES FROM THE CFC GIBBS ENSEMBLE   ######################################
#########################################################################################################################
                                                       Boltzmann                                    Biased
                                               Box 1               Box 2                  Box 1               Box 2      
Chemical Potentials (as an indication)
=========================================================================================================================

Total cd                                -0.1936030488E+004  -0.1934636476E+004     -0.1936368363E+004  -0.1934783342E+004
 Ideal gas                              -0.1111734235E+004  -0.1753044194E+004     -0.1112072110E+004  -0.1753191061E+004
 Excess                                 -0.8242962530E+003  -0.1815922817E+003     -0.8242962530E+003  -0.1815922817E+003

-------------------------------------------------------------------------------------------------------------------------

Total Ar                                -0.1733575413E+004  -0.1732168122E+004     -0.1732975691E+004  -0.1731726925E+004
 Ideal gas                              -0.1674119387E+004  -0.1662433926E+004     -0.1673519665E+004  -0.1661992729E+004
 Excess                                 -0.5945602574E+002  -0.6973419567E+002     -0.5945602574E+002  -0.6973419567E+002

-------------------------------------------------------------------------------------------------------------------------

#########################################################################################################################
#########################################   PROPERTIES FROM UMBRELLA SAMPLING   #########################################
#########################################################################################################################

Excess Partial Molar Enthalpy
=========================================================================================================================


Partial Molar Volume
=========================================================================================================================


#########################################################################################################################
##################################################   AVERAGE ENERGIES   #################################################
#########################################################################################################################
                                                       Boltzmann                                    Biased
                                               Box 1               Box 2                  Box 1               Box 2      
-------------------------------------------------------------------------------------------------------------------------
Lennard Jones        
 Intermolecular                         -0.5316806130E+006  -0.5761965232E+005     -0.5321244855E+006  -0.5741010718E+005
 Tailcorrection                         -0.1306059053E+005  -0.1312817872E+004     -0.1307436939E+005  -0.1308175877E+004
Total Intermolecular                    -0.5447412035E+006  -0.5893247020E+005     -0.5451988549E+006  -0.5871828305E+005

Electrostatic        
 Real                                   -0.1497636533E+006  -0.7009331440E+004     -0.1497297194E+006  -0.6981512241E+004
 Exclusion                               0.9037313531E+007   0.2534034674E+007      0.9046640718E+007   0.2525041070E+007
 Selfterm                               -0.9066340915E+007  -0.2536590067E+007     -0.9075697889E+007  -0.2527587355E+007
 Fourier                                 0.1416700742E+005   0.2422477821E+004      0.1420674695E+005   0.2414703886E+004
Total Intermolecular                    -0.1646240298E+006  -0.7142247252E+004     -0.1645801433E+006  -0.7113093659E+004

Intramolecular       
 Lennard Jones                           0.0000000000E+000   0.0000000000E+000      0.0000000000E+000   0.0000000000E+000
 Electrostatic                           0.0000000000E+000   0.0000000000E+000      0.0000000000E+000   0.0000000000E+000
 Bending                                 0.0000000000E+000   0.0000000000E+000      0.0000000000E+000   0.0000000000E+000
 Torsion                                 0.0000000000E+000   0.0000000000E+000      0.0000000000E+000   0.0000000000E+000

Total                                   -0.7093652333E+006  -0.6607471745E+005     -0.7097789982E+006  -0.6583137671E+005

#########################################################################################################################

No errors found in bookkeeping.

Total simulation time:  17 hours and   7 minutes

Simulation finished.

