Compiled using GNU Fortran (Ubuntu 9.4.0-1ubuntu1~20.04.2) 9.4.0 with all optimizations
Last Brick update unknown
Compiled at 18:43:37 on Sep  2 2023
Starting at 16:56:21 on Sep 11 2023

Settings
OK                      

Forcefield
OK                      

Topology
OK                      

Configuration
OK                      Read from ./INPUT/restart.in

 F
Monte Carlo Simulation initialized.

#########################################################################################################################
###########################################   ENERGY STARTING CONFIGURATION   ###########################################
#########################################################################################################################
                                               Box 1               Box 2
-------------------------------------------------------------------------------------------------------------------------
Lennard Jones        
 Intermolecular                         -0.4531918727E+006  -0.8222469845E+005
 Tailcorrection                         -0.1123668440E+005  -0.2000990985E+004
Total Intermolecular                    -0.4644285571E+006  -0.8422568944E+005

Electrostatic        
 Real                                   -0.1234893639E+006  -0.9225069843E+004
 Exclusion                               0.7725958167E+007   0.3026781232E+007
 Selfterm                               -0.7750773169E+007  -0.3029833382E+007
 Fourier                                 0.1228334967E+005   0.2970068650E+004
Total Intermolecular                    -0.1360210163E+006  -0.9307151899E+004

Intramolecular       
 Lennard Jones                           0.0000000000E+000   0.0000000000E+000
 Electrostatic                           0.0000000000E+000   0.0000000000E+000
 Bending                                 0.0000000000E+000   0.0000000000E+000
 Torsion                                 0.0000000000E+000   0.0000000000E+000

Total                                   -0.6004495734E+006  -0.9353284134E+005

#########################################################################################################################

Simulation is running...



#########################################################################################################################
###############################################   RELATIVE ENERGY DRIFTS   ##############################################
#########################################################################################################################
                                               Box 1               Box 2                                                 
-------------------------------------------------------------------------------------------------------------------------

Lennard Jones        
 Intermolecular                          0.2276808732E-015   0.0000000000E+000
 Tailcorrection                          0.0000000000E+000   0.0000000000E+000

Electrostatic        
 Real                                    0.6189652793E-014   0.1371367374E-014
 Exclusion                               0.0000000000E+000   0.1844510029E-015
 Selfterm                                0.0000000000E+000   0.0000000000E+000
 Fourier                                 0.1346585887E-015   0.1901790471E-015

Intramolecular       
 Lennard Jones                           0.0000000000E+000   0.0000000000E+000
 Electrostatic                           0.0000000000E+000   0.0000000000E+000
 Bending                                 0.0000000000E+000   0.0000000000E+000
 Torsion                                 0.0000000000E+000   0.0000000000E+000

Total                                    0.6911713310E-015   0.5717075440E-014

#########################################################################################################################
############################################   TRIAL MOVE ACCEPTANCE RATES   ############################################
#########################################################################################################################
                                               Box 1               Box 2
-------------------------------------------------------------------------------------------------------------------------
Translation
 CO2                                          0.47874             0.50703
 AR                                           0.48386             0.51960
-------------------------------------------------------------------------------------------------------------------------
Rotation
 CO2                                          0.47966             0.67884
 AR                                           0.00000             0.00000
-------------------------------------------------------------------------------------------------------------------------
Lambda Move
 cd                                           0.75459             0.92912
 Ar                                           0.83375             0.95796
-------------------------------------------------------------------------------------------------------------------------
GE Swap Fractional
 cd                                           0.36005             0.38089
 Ar                                           0.43585             0.48218
-------------------------------------------------------------------------------------------------------------------------
GE Identity Change
 cd                                           0.75638             0.81827
 Ar                                           0.84717             0.95768
-------------------------------------------------------------------------------------------------------------------------
Volume                                        0.46163             0.51606

#########################################################################################################################
######################################################   AVERAGES   #####################################################
#########################################################################################################################
                                                       Boltzmann                                    Biased
                                               Box 1               Box 2                  Box 1               Box 2      
-------------------------------------------------------------------------------------------------------------------------
Density
 CO2                                     0.8635339650E+003   0.7611012108E+002      0.8613291228E+003   0.7596820413E+002
 AR                                      0.1148824511E+003   0.1157634906E+003      0.1154959133E+003   0.1159165041E+003
 Total                                   0.9784164161E+003   0.1918736117E+003      0.9768250361E+003   0.1918847082E+003

Number of molecules
 CO2                                     0.4743052898E+003   0.1706947102E+003      0.4752792900E+003   0.1697207100E+003
 AR                                      0.6994985842E+002   0.2850501416E+003      0.7062468000E+002   0.2843753200E+003
 Total                                   0.5442551482E+003   0.4557448518E+003      0.5459039700E+003   0.4540960300E+003

Mole fractions
 CO2                                          0.87148             0.37454                 0.87063             0.37376
 AR                                           0.12852             0.62546                 0.12937             0.62624

Volume                                   0.4021071212E+005   0.1640541852E+006      0.4039381016E+005   0.1634491729E+006

#########################################################################################################################
#######################################   PROPERTIES FROM THE CFC GIBBS ENSEMBLE   ######################################
#########################################################################################################################
                                                       Boltzmann                                    Biased
                                               Box 1               Box 2                  Box 1               Box 2      
Chemical Potentials (as an indication)
=========================================================================================================================

Total cd                                -0.1944919120E+004  -0.1944367152E+004     -0.1945565926E+004  -0.1944839343E+004
 Ideal gas                              -0.1122885144E+004  -0.1737384694E+004     -0.1123531949E+004  -0.1737856885E+004
 Excess                                 -0.8220339765E+003  -0.2069824573E+003     -0.8220339765E+003  -0.2069824573E+003

-------------------------------------------------------------------------------------------------------------------------

Total Ar                                -0.1674347238E+004  -0.1674878831E+004     -0.1672999834E+004  -0.1674544642E+004
 Ideal gas                              -0.1608717380E+004  -0.1606784512E+004     -0.1607369976E+004  -0.1606450323E+004
 Excess                                 -0.6562985791E+002  -0.6809431913E+002     -0.6562985791E+002  -0.6809431913E+002

-------------------------------------------------------------------------------------------------------------------------

#########################################################################################################################
#########################################   PROPERTIES FROM UMBRELLA SAMPLING   #########################################
#########################################################################################################################

Excess Partial Molar Enthalpy
=========================================================================================================================


Partial Molar Volume
=========================================================================================================================


#########################################################################################################################
##################################################   AVERAGE ENERGIES   #################################################
#########################################################################################################################
                                                       Boltzmann                                    Biased
                                               Box 1               Box 2                  Box 1               Box 2      
-------------------------------------------------------------------------------------------------------------------------
Lennard Jones        
 Intermolecular                         -0.5110762611E+006  -0.6415933625E+005     -0.5116238041E+006  -0.6375970041E+005
 Tailcorrection                         -0.1260033331E+005  -0.1500809394E+004     -0.1261531160E+005  -0.1492475530E+004
Total Intermolecular                    -0.5236765944E+006  -0.6566014564E+005     -0.5242391157E+006  -0.6525217594E+005

Electrostatic        
 Real                                   -0.1379323833E+006  -0.6943609302E+004     -0.1378341273E+006  -0.6882625354E+004
 Exclusion                               0.8687524956E+007   0.2318350841E+007      0.8703051908E+007   0.2304749755E+007
 Selfterm                               -0.8715428869E+007  -0.2320688739E+007     -0.8731005485E+007  -0.2307073913E+007
 Fourier                                 0.1413248440E+005   0.2253555178E+004      0.1418733045E+005   0.2241155744E+004
Total Intermolecular                    -0.1517038126E+006  -0.7027952659E+004     -0.1516003736E+006  -0.6965627067E+004

Intramolecular       
 Lennard Jones                           0.0000000000E+000   0.0000000000E+000      0.0000000000E+000   0.0000000000E+000
 Electrostatic                           0.0000000000E+000   0.0000000000E+000      0.0000000000E+000   0.0000000000E+000
 Bending                                 0.0000000000E+000   0.0000000000E+000      0.0000000000E+000   0.0000000000E+000
 Torsion                                 0.0000000000E+000   0.0000000000E+000      0.0000000000E+000   0.0000000000E+000

Total                                   -0.6753804069E+006  -0.7268809830E+005     -0.6758394893E+006  -0.7221780301E+005

#########################################################################################################################

No errors found in bookkeeping.

Total simulation time:  16 hours and  28 minutes

Simulation finished.

