 0.0000000   0.1442109654E+000   0.1015095228E+001   0.7142137694E+000   0.1010516014E+001
 0.0101010   0.1442773620E+000   0.1032219829E+001   0.7076956659E+000   0.1004942813E+001
 0.0202020   0.1426760393E+000   0.1028423958E+001   0.7084503850E+000   0.1005284108E+001
 0.0303030   0.1387238464E+000   0.1018860255E+001   0.7116741611E+000   0.9919716427E+000
 0.0404040   0.1298555068E+000   0.9842758827E+000   0.7059115514E+000   0.9618697629E+000
 0.0505051   0.1234654973E+000   0.1015833428E+001   0.7115429594E+000   0.9949521612E+000
 0.0606061   0.1148992289E+000   0.1000199623E+001   0.7075072074E+000   0.9729521724E+000
 0.0707071   0.1048627308E+000   0.1024850164E+001   0.7080148841E+000   0.9917137318E+000
 0.0808081   0.9533513990E-001   0.1008823611E+001   0.7076119016E+000   0.9847695309E+000
 0.0909091   0.8729929232E-001   0.9927764948E+000   0.7097146316E+000   0.9827004266E+000
 0.1010101   0.7932194542E-001   0.1006107281E+001   0.7142084405E+000   0.9969786036E+000
 0.1111111   0.7206143017E-001   0.1015475638E+001   0.7138344979E+000   0.9998408322E+000
 0.1212121   0.6832542288E-001   0.1031148513E+001   0.7245027966E+000   0.9840287644E+000
 0.1313131   0.6481020891E-001   0.1040171417E+001   0.7248190530E+000   0.1009426195E+001
 0.1414141   0.6153830337E-001   0.1027496581E+001   0.7281152547E+000   0.9796714286E+000
 0.1515152   0.5956238538E-001   0.1014743606E+001   0.7354299791E+000   0.1004399843E+001
 0.1616162   0.5829401341E-001   0.1046093469E+001   0.7436661152E+000   0.1019124031E+001
 0.1717172   0.5824401131E-001   0.1040340031E+001   0.7460961013E+000   0.9917816031E+000
 0.1818182   0.5919471051E-001   0.1029351335E+001   0.7443756254E+000   0.1014989701E+001
 0.1919192   0.5956131596E-001   0.1009668737E+001   0.7551554545E+000   0.9887952670E+000
 0.2020202   0.6217316243E-001   0.1036817644E+001   0.7612839355E+000   0.9939340921E+000
 0.2121212   0.6434092269E-001   0.1014801182E+001   0.7754005723E+000   0.1012011121E+001
 0.2222222   0.6763957480E-001   0.1033250019E+001   0.7792682980E+000   0.9953516322E+000
 0.2323232   0.7083752109E-001   0.1014920445E+001   0.7743200039E+000   0.9934977768E+000
 0.2424242   0.7491363031E-001   0.1031138232E+001   0.7893228196E+000   0.9772901164E+000
 0.2525253   0.7986399954E-001   0.1022347686E+001   0.8013599548E+000   0.9954951314E+000
 0.2626263   0.8749757038E-001   0.1039496961E+001   0.8114555920E+000   0.9898947817E+000
 0.2727273   0.9302391877E-001   0.1015212436E+001   0.8167075884E+000   0.9747323390E+000
 0.2828283   0.1001590216E+000   0.9989267926E+000   0.8289843726E+000   0.9913006867E+000
 0.2929293   0.1082922243E+000   0.1004408803E+001   0.8364555482E+000   0.9808136052E+000
 0.3030303   0.1210877270E+000   0.1033443308E+001   0.8484375046E+000   0.1006810242E+001
 0.3131313   0.1318680451E+000   0.9974812361E+000   0.8685856992E+000   0.1006604689E+001
 0.3232323   0.1418363012E+000   0.1002971472E+001   0.8664997158E+000   0.9881165543E+000
 0.3333333   0.1590584147E+000   0.1015029428E+001   0.8826681107E+000   0.1005456695E+001
 0.3434343   0.1724959391E+000   0.1007700888E+001   0.8911355963E+000   0.9895709387E+000
 0.3535354   0.1883034116E+000   0.9746628296E+000   0.9067205360E+000   0.1020209971E+001
 0.3636364   0.2122394373E+000   0.9786622710E+000   0.9123253146E+000   0.1004043034E+001
 0.3737374   0.2349110334E+000   0.9722199832E+000   0.9329907231E+000   0.1017487364E+001
 0.3838384   0.2639844437E+000   0.1010228042E+001   0.9418179374E+000   0.9940543212E+000
 0.3939394   0.2922164962E+000   0.9779919276E+000   0.9598116871E+000   0.9982507052E+000
 0.4040404   0.3214331475E+000   0.9954085180E+000   0.9612529401E+000   0.1009226460E+001
 0.4141414   0.3586361192E+000   0.9711980180E+000   0.9847800384E+000   0.9920938110E+000
 0.4242424   0.4074844856E+000   0.1016191219E+001   0.9885095771E+000   0.1004196229E+001
 0.4343434   0.4496666197E+000   0.9910595110E+000   0.1006679809E+001   0.1033373120E+001
 0.4444444   0.5059341546E+000   0.9663143813E+000   0.1029016795E+001   0.1025709484E+001
 0.4545455   0.5604753592E+000   0.9788946293E+000   0.1028787768E+001   0.1003335233E+001
 0.4646465   0.6316131363E+000   0.9734372939E+000   0.1064005866E+001   0.1013469384E+001
 0.4747475   0.7132981719E+000   0.9852402725E+000   0.1078263136E+001   0.1007696447E+001
 0.4848485   0.8096964131E+000   0.9912075623E+000   0.1086052738E+001   0.1007262071E+001
 0.4949495   0.9124344464E+000   0.9668263921E+000   0.1106892958E+001   0.1000348897E+001
 0.5050505   0.9726572093E+000   0.9948697757E+000   0.1107833236E+001   0.1006507730E+001
 0.5151515   0.9620040317E+000   0.9764887956E+000   0.1100180601E+001   0.9972287577E+000
 0.5252525   0.9842730350E+000   0.9788020972E+000   0.1126106093E+001   0.1016129938E+001
 0.5353535   0.9773314352E+000   0.9810968923E+000   0.1114045021E+001   0.1008543869E+001
 0.5454545   0.9842082521E+000   0.9961199867E+000   0.1109273308E+001   0.1004277674E+001
 0.5555556   0.9903223952E+000   0.9939938055E+000   0.1115231026E+001   0.1009053873E+001
 0.5656566   0.1000077262E+001   0.9811997057E+000   0.1120702910E+001   0.1012199222E+001
 0.5757576   0.1001255346E+001   0.9828488327E+000   0.1114394914E+001   0.1006856783E+001
 0.5858586   0.1019750297E+001   0.9864144015E+000   0.1127068480E+001   0.1009274939E+001
 0.5959596   0.1024094468E+001   0.9811153987E+000   0.1123561906E+001   0.1001597729E+001
 0.6060606   0.1053155131E+001   0.1003469089E+001   0.1118372061E+001   0.9947117030E+000
 0.6161616   0.1048542961E+001   0.9635754323E+000   0.1124095794E+001   0.1006393319E+001
 0.6262626   0.1082197770E+001   0.9860052042E+000   0.1114651346E+001   0.9838658733E+000
 0.6363636   0.1099152149E+001   0.9900375458E+000   0.1136059024E+001   0.1008968549E+001
 0.6464646   0.1116158180E+001   0.9934591758E+000   0.1130980918E+001   0.1008871590E+001
 0.6565657   0.1131820422E+001   0.9939341738E+000   0.1114588771E+001   0.9839337446E+000
 0.6666667   0.1164020102E+001   0.1001143450E+001   0.1128610055E+001   0.9945449336E+000
 0.6767677   0.1180247083E+001   0.9871587705E+000   0.1122447147E+001   0.1002968728E+001
 0.6868687   0.1212311497E+001   0.1001398427E+001   0.1137415411E+001   0.1002908614E+001
 0.6969697   0.1232317670E+001   0.1003703503E+001   0.1134202785E+001   0.9849964148E+000
 0.7070707   0.1263625918E+001   0.9714982331E+000   0.1128586778E+001   0.9821477605E+000
 0.7171717   0.1304430233E+001   0.9875638553E+000   0.1146112238E+001   0.9965655584E+000
 0.7272727   0.1352897300E+001   0.1001879593E+001   0.1154861119E+001   0.1023258361E+001
 0.7373737   0.1391027637E+001   0.9879093084E+000   0.1149278372E+001   0.9924409241E+000
 0.7474747   0.1424485033E+001   0.1002414223E+001   0.1146878774E+001   0.1006304117E+001
 0.7575758   0.1450032478E+001   0.9783620558E+000   0.1151251829E+001   0.9933717301E+000
 0.7676768   0.1501764199E+001   0.9857892960E+000   0.1149923122E+001   0.9892335216E+000
 0.7777778   0.1550514740E+001   0.9949931518E+000   0.1155860386E+001   0.9979617675E+000
 0.7878788   0.1608671898E+001   0.1002019420E+001   0.1160446803E+001   0.1006752067E+001
 0.7979798   0.1666798884E+001   0.9874569294E+000   0.1162353820E+001   0.9857294246E+000
 0.8080808   0.1724671295E+001   0.9890484809E+000   0.1174419464E+001   0.1007684812E+001
 0.8181818   0.1784989276E+001   0.9950939089E+000   0.1174104138E+001   0.1005660309E+001
 0.8282828   0.1863812838E+001   0.1001400483E+001   0.1174437235E+001   0.9975021820E+000
 0.8383838   0.1941376368E+001   0.1021854181E+001   0.1189276378E+001   0.1025325526E+001
 0.8484848   0.2004895473E+001   0.9759459409E+000   0.1189438840E+001   0.9994083952E+000
 0.8585859   0.2106797311E+001   0.9921226016E+000   0.1191162814E+001   0.9962630464E+000
 0.8686869   0.2178732822E+001   0.9954167430E+000   0.1195448283E+001   0.1006108260E+001
 0.8787879   0.2296391655E+001   0.9992167264E+000   0.1208076417E+001   0.1008640828E+001
 0.8888889   0.2395426463E+001   0.9921123203E+000   0.1201011117E+001   0.9724693168E+000
 0.8989899   0.2523171122E+001   0.1007110739E+001   0.1219819391E+001   0.9982332525E+000
 0.9090909   0.2620947498E+001   0.9836795650E+000   0.1217480328E+001   0.9947407907E+000
 0.9191919   0.2740065810E+001   0.1001793230E+001   0.1215150669E+001   0.1014070530E+001
 0.9292929   0.2871302179E+001   0.9766060029E+000   0.1219949009E+001   0.1004068243E+001
 0.9393939   0.3039331306E+001   0.1001803512E+001   0.1244519469E+001   0.1010547041E+001
 0.9494949   0.3193013926E+001   0.9827048940E+000   0.1239323819E+001   0.9777419452E+000
 0.9595960   0.3388437400E+001   0.1014087657E+001   0.1246270349E+001   0.1008400369E+001
 0.9696970   0.3540177615E+001   0.9906749889E+000   0.1242713603E+001   0.9998020486E+000
 0.9797980   0.3725712373E+001   0.9938478105E+000   0.1254194126E+001   0.1010042854E+001
 0.9898990   0.3980344539E+001   0.1016207669E+001   0.1271526422E+001   0.1022199569E+001
 1.0000000   0.4066323509E+001   0.9931075540E+000   0.1263970508E+001   0.1001145900E+001


 0.0000000   0.1142586254E+001   0.1022601111E+001   0.8748123425E+000   0.9974633077E+000
 0.0101010   0.1134693883E+001   0.1013905580E+001   0.8751914301E+000   0.9883758442E+000
 0.0202020   0.1122764763E+001   0.1012161461E+001   0.8737836194E+000   0.9930772449E+000
 0.0303030   0.1093337783E+001   0.1013780255E+001   0.8711185723E+000   0.9886051808E+000
 0.0404040   0.1075245780E+001   0.1034448589E+001   0.8869553683E+000   0.1014432306E+001
 0.0505051   0.1014844564E+001   0.1006835109E+001   0.8677112059E+000   0.9740308387E+000
 0.0606061   0.9609443269E+000   0.1009997500E+001   0.8675311706E+000   0.9925631486E+000
 0.0707071   0.8971691005E+000   0.1015323852E+001   0.8692948581E+000   0.1000844112E+001
 0.0808081   0.8353364167E+000   0.1024503977E+001   0.8688802604E+000   0.1004653011E+001
 0.0909091   0.7604630993E+000   0.1001955753E+001   0.8671598450E+000   0.9996802283E+000
 0.1010101   0.7093190163E+000   0.1017276848E+001   0.8699561721E+000   0.1001585633E+001
 0.1111111   0.6320516276E+000   0.1017364576E+001   0.8598291914E+000   0.9919706957E+000
 0.1212121   0.5836148093E+000   0.1004253395E+001   0.8665134984E+000   0.9900156010E+000
 0.1313131   0.5349332132E+000   0.9961427185E+000   0.8659120406E+000   0.9811861412E+000
 0.1414141   0.4908468600E+000   0.1007869048E+001   0.8610910989E+000   0.9834871520E+000
 0.1515152   0.4590408986E+000   0.1010874782E+001   0.8725432822E+000   0.9977022000E+000
 0.1616162   0.4325742262E+000   0.1017293558E+001   0.8715776635E+000   0.9959535083E+000
 0.1717172   0.4060765764E+000   0.1000184480E+001   0.8638053394E+000   0.9883681996E+000
 0.1818182   0.3924662214E+000   0.1004911356E+001   0.8737593476E+000   0.9983749207E+000
 0.1919192   0.3884732698E+000   0.1006480019E+001   0.8808387252E+000   0.9930791560E+000
 0.2020202   0.3738786409E+000   0.9837250075E+000   0.8792224180E+000   0.9853619788E+000
 0.2121212   0.3764924926E+000   0.1008167742E+001   0.8857529385E+000   0.1000523040E+001
 0.2222222   0.3732641896E+000   0.9938367214E+000   0.8865325340E+000   0.9919821625E+000
 0.2323232   0.3769614614E+000   0.1007455473E+001   0.8955351585E+000   0.9899582669E+000
 0.2424242   0.3840070803E+000   0.1014177120E+001   0.8955746068E+000   0.9957528387E+000
 0.2525253   0.3899458692E+000   0.1006037201E+001   0.8988078217E+000   0.9859582540E+000
 0.2626263   0.3978666824E+000   0.1009274787E+001   0.9055170050E+000   0.1000503929E+001
 0.2727273   0.4163561701E+000   0.1022659597E+001   0.9039132591E+000   0.9980997168E+000
 0.2828283   0.4186787667E+000   0.9951505549E+000   0.9190348651E+000   0.1004807813E+001
 0.2929293   0.4415806974E+000   0.1000301451E+001   0.9211284591E+000   0.9954852793E+000
 0.3030303   0.4574532258E+000   0.9981688210E+000   0.9378514510E+000   0.1005736626E+001
 0.3131313   0.4828107528E+000   0.1027511799E+001   0.9288190534E+000   0.9881407742E+000
 0.3232323   0.4990024197E+000   0.1004880025E+001   0.9394040976E+000   0.9968173429E+000
 0.3333333   0.5109171556E+000   0.9934565660E+000   0.9529763624E+000   0.1000211525E+001
 0.3434343   0.5450900079E+000   0.9969907573E+000   0.9567688016E+000   0.1006592816E+001
 0.3535354   0.5678908488E+000   0.9869291738E+000   0.9579356583E+000   0.9846605910E+000
 0.3636364   0.5936314380E+000   0.1003039822E+001   0.9550347475E+000   0.9835349304E+000
 0.3737374   0.6238909016E+000   0.9877354373E+000   0.9790293873E+000   0.9979066918E+000
 0.3838384   0.6640934920E+000   0.9840445886E+000   0.9826067395E+000   0.9977442450E+000
 0.3939394   0.7065557148E+000   0.1006252344E+001   0.9789264085E+000   0.9798636334E+000
 0.4040404   0.7372694860E+000   0.9917082693E+000   0.9983946955E+000   0.1004698878E+001
 0.4141414   0.7750747687E+000   0.9883077590E+000   0.1010489374E+001   0.1003489127E+001
 0.4242424   0.8205554179E+000   0.9855171683E+000   0.1002540117E+001   0.9891594110E+000
 0.4343434   0.8731626559E+000   0.9967589043E+000   0.1017421797E+001   0.9982717192E+000
 0.4444444   0.9449753010E+000   0.1011386529E+001   0.1022926511E+001   0.9933428931E+000
 0.4545455   0.9895838331E+000   0.1001343745E+001   0.1038853443E+001   0.9906233430E+000
 0.4646465   0.1046741544E+001   0.1001613195E+001   0.1047706583E+001   0.1006669262E+001
 0.4747475   0.1125042743E+001   0.9974586408E+000   0.1047624762E+001   0.9952081643E+000
 0.4848485   0.1192731589E+001   0.1013235087E+001   0.1060100502E+001   0.1002082529E+001
 0.4949495   0.1263488913E+001   0.9777323392E+000   0.1068149847E+001   0.1010921545E+001
 0.5050505   0.1289301725E+001   0.9663590110E+000   0.1074814670E+001   0.1005973607E+001
 0.5151515   0.1306473505E+001   0.9937218393E+000   0.1080044739E+001   0.1010615763E+001
 0.5252525   0.1305347936E+001   0.9839088189E+000   0.1079107393E+001   0.1008534533E+001
 0.5353535   0.1307870069E+001   0.9979829209E+000   0.1076885443E+001   0.1006625306E+001
 0.5454545   0.1313021295E+001   0.9867537175E+000   0.1074439089E+001   0.1016647316E+001
 0.5555556   0.1296627314E+001   0.9929991264E+000   0.1070377665E+001   0.1013299001E+001
 0.5656566   0.1305313866E+001   0.9991818723E+000   0.1066321031E+001   0.1005346754E+001
 0.5757576   0.1308421546E+001   0.9896007049E+000   0.1075465278E+001   0.1004014690E+001
 0.5858586   0.1310602881E+001   0.9859286551E+000   0.1080965297E+001   0.9956133256E+000
 0.5959596   0.1311939945E+001   0.1002221026E+001   0.1073264808E+001   0.1009247388E+001
 0.6060606   0.1315251158E+001   0.9955056450E+000   0.1091407600E+001   0.1008739025E+001
 0.6161616   0.1318351104E+001   0.9919526549E+000   0.1078383824E+001   0.1012674059E+001
 0.6262626   0.1304482728E+001   0.9763078012E+000   0.1074452607E+001   0.9966797409E+000
 0.6363636   0.1320455732E+001   0.1001913978E+001   0.1074835936E+001   0.1008421776E+001
 0.6464646   0.1309889007E+001   0.9921719753E+000   0.1065094529E+001   0.9951298076E+000
 0.6565657   0.1313647972E+001   0.1000148971E+001   0.1069008462E+001   0.9920700749E+000
 0.6666667   0.1315190910E+001   0.9991045880E+000   0.1072593921E+001   0.1008410309E+001
 0.6767677   0.1306558159E+001   0.9917124468E+000   0.1084061307E+001   0.1019854206E+001
 0.6868687   0.1313114135E+001   0.9828247496E+000   0.1078078487E+001   0.1006575616E+001
 0.6969697   0.1311090707E+001   0.9925020002E+000   0.1070684834E+001   0.9953572331E+000
 0.7070707   0.1319122836E+001   0.1010302460E+001   0.1074561252E+001   0.1011915337E+001
 0.7171717   0.1330045106E+001   0.1011369819E+001   0.1082577171E+001   0.1013583761E+001
 0.7272727   0.1309604609E+001   0.9914012208E+000   0.1069821196E+001   0.9940825037E+000
 0.7373737   0.1315208231E+001   0.1001375076E+001   0.1081336717E+001   0.1016695094E+001
 0.7474747   0.1304972011E+001   0.9886753818E+000   0.1077871407E+001   0.1009167120E+001
 0.7575758   0.1312465882E+001   0.9917980862E+000   0.1075133906E+001   0.9957987061E+000
 0.7676768   0.1310554941E+001   0.9929051319E+000   0.1067691488E+001   0.9855702929E+000
 0.7777778   0.1313252480E+001   0.9993155533E+000   0.1078804177E+001   0.1005537868E+001
 0.7878788   0.1312309363E+001   0.1005030416E+001   0.1071373372E+001   0.1009025695E+001
 0.7979798   0.1307886052E+001   0.9986638585E+000   0.1069077793E+001   0.1005728982E+001
 0.8080808   0.1325570853E+001   0.1010860160E+001   0.1083512037E+001   0.1019844650E+001
 0.8181818   0.1306992981E+001   0.9907369933E+000   0.1073654784E+001   0.1008440887E+001
 0.8282828   0.1297951269E+001   0.9843516372E+000   0.1065839609E+001   0.9939162346E+000
 0.8383838   0.1314454029E+001   0.9905155842E+000   0.1078750817E+001   0.1008316663E+001
 0.8484848   0.1313089363E+001   0.1006415267E+001   0.1074930790E+001   0.1007703188E+001
 0.8585859   0.1314696145E+001   0.9918294177E+000   0.1069180223E+001   0.9869023564E+000
 0.8686869   0.1316390409E+001   0.1001425206E+001   0.1080573243E+001   0.1009696505E+001
 0.8787879   0.1309301848E+001   0.9974105992E+000   0.1076427766E+001   0.1007892390E+001
 0.8888889   0.1308136991E+001   0.9878106329E+000   0.1061413831E+001   0.9847064583E+000
 0.8989899   0.1319161507E+001   0.9945636118E+000   0.1077420179E+001   0.9965574280E+000
 0.9090909   0.1311136788E+001   0.9992779555E+000   0.1063387169E+001   0.9956744821E+000
 0.9191919   0.1304779232E+001   0.9778284225E+000   0.1069995128E+001   0.9895129716E+000
 0.9292929   0.1304751234E+001   0.9943338476E+000   0.1073774806E+001   0.1000714154E+001
 0.9393939   0.1313606265E+001   0.1003083686E+001   0.1076478819E+001   0.1024133245E+001
 0.9494949   0.1312065249E+001   0.9979536782E+000   0.1071316416E+001   0.1004261227E+001
 0.9595960   0.1308424929E+001   0.9999004077E+000   0.1064901719E+001   0.9996305387E+000
 0.9696970   0.1315232682E+001   0.1000472729E+001   0.1071554976E+001   0.9927504402E+000
 0.9797980   0.1313447037E+001   0.1001675858E+001   0.1070871786E+001   0.9976219322E+000
 0.9898990   0.1326299811E+001   0.1020765086E+001   0.1084194789E+001   0.1035105091E+001
 1.0000000   0.1310361225E+001   0.1002129120E+001   0.1070441276E+001   0.1010126511E+001


