Compiled using GNU Fortran (Ubuntu 9.4.0-1ubuntu1~20.04.2) 9.4.0 with all optimizations
Last Brick update unknown
Compiled at 18:43:37 on Sep  2 2023
Starting at 16:56:20 on Sep 11 2023

Settings
OK                      

Forcefield
OK                      

Topology
OK                      

Configuration
OK                      Read from ./INPUT/restart.in

 F
Monte Carlo Simulation initialized.

#########################################################################################################################
###########################################   ENERGY STARTING CONFIGURATION   ###########################################
#########################################################################################################################
                                               Box 1               Box 2
-------------------------------------------------------------------------------------------------------------------------
Lennard Jones        
 Intermolecular                         -0.4531918727E+006  -0.8222469845E+005
 Tailcorrection                         -0.1123668440E+005  -0.2000990985E+004
Total Intermolecular                    -0.4644285571E+006  -0.8422568944E+005

Electrostatic        
 Real                                   -0.1234893639E+006  -0.9225069843E+004
 Exclusion                               0.7725958167E+007   0.3026781232E+007
 Selfterm                               -0.7750773169E+007  -0.3029833382E+007
 Fourier                                 0.1228334967E+005   0.2970068650E+004
Total Intermolecular                    -0.1360210163E+006  -0.9307151899E+004

Intramolecular       
 Lennard Jones                           0.0000000000E+000   0.0000000000E+000
 Electrostatic                           0.0000000000E+000   0.0000000000E+000
 Bending                                 0.0000000000E+000   0.0000000000E+000
 Torsion                                 0.0000000000E+000   0.0000000000E+000

Total                                   -0.6004495734E+006  -0.9353284134E+005

#########################################################################################################################

Simulation is running...



#########################################################################################################################
###############################################   RELATIVE ENERGY DRIFTS   ##############################################
#########################################################################################################################
                                               Box 1               Box 2                                                 
-------------------------------------------------------------------------------------------------------------------------

Lennard Jones        
 Intermolecular                          0.1527839539E-014   0.3947585806E-014
 Tailcorrection                          0.0000000000E+000   0.0000000000E+000

Electrostatic        
 Real                                    0.1115728589E-014   0.4218272812E-014
 Exclusion                               0.0000000000E+000   0.0000000000E+000
 Selfterm                                0.0000000000E+000   0.0000000000E+000
 Fourier                                 0.1288074828E-015   0.1978213683E-015

Intramolecular       
 Lennard Jones                           0.0000000000E+000   0.0000000000E+000
 Electrostatic                           0.0000000000E+000   0.0000000000E+000
 Bending                                 0.0000000000E+000   0.0000000000E+000
 Torsion                                 0.0000000000E+000   0.0000000000E+000

Total                                    0.1968514172E-014   0.1614786715E-014

#########################################################################################################################
############################################   TRIAL MOVE ACCEPTANCE RATES   ############################################
#########################################################################################################################
                                               Box 1               Box 2
-------------------------------------------------------------------------------------------------------------------------
Translation
 CO2                                          0.50936             0.49456
 AR                                           0.51651             0.52359
-------------------------------------------------------------------------------------------------------------------------
Rotation
 CO2                                          0.51591             0.68813
 AR                                           0.00000             0.00000
-------------------------------------------------------------------------------------------------------------------------
Lambda Move
 cd                                           0.75510             0.92994
 Ar                                           0.83518             0.95956
-------------------------------------------------------------------------------------------------------------------------
GE Swap Fractional
 cd                                           0.34066             0.39161
 Ar                                           0.41396             0.49487
-------------------------------------------------------------------------------------------------------------------------
GE Identity Change
 cd                                           0.71678             0.85338
 Ar                                           0.77877             0.97508
-------------------------------------------------------------------------------------------------------------------------
Volume                                        0.52027             0.49827

#########################################################################################################################
######################################################   AVERAGES   #####################################################
#########################################################################################################################
                                                       Boltzmann                                    Biased
                                               Box 1               Box 2                  Box 1               Box 2      
-------------------------------------------------------------------------------------------------------------------------
Density
 CO2                                     0.8622767677E+003   0.7186964088E+002      0.8589384963E+003   0.7181367920E+002
 AR                                      0.1150275282E+003   0.1173222620E+003      0.1161177285E+003   0.1174750354E+003
 Total                                   0.9773042959E+003   0.1891919029E+003      0.9750562247E+003   0.1892887146E+003

Number of molecules
 CO2                                     0.4874961765E+003   0.1575038235E+003      0.4884270600E+003   0.1565729400E+003
 AR                                      0.7230146541E+002   0.2826985346E+003      0.7341176000E+002   0.2815882400E+003
 Total                                   0.5597976419E+003   0.4402023581E+003      0.5618388200E+003   0.4381611800E+003

Mole fractions
 CO2                                          0.87084             0.35780                 0.86934             0.35734
 AR                                           0.12916             0.64220                 0.13066             0.64266

Volume                                   0.4142232416E+005   0.1605439754E+006      0.4166366658E+005   0.1597174229E+006

#########################################################################################################################
#######################################   PROPERTIES FROM THE CFC GIBBS ENSEMBLE   ######################################
#########################################################################################################################
                                                       Boltzmann                                    Biased
                                               Box 1               Box 2                  Box 1               Box 2      
Chemical Potentials (as an indication)
=========================================================================================================================

Total cd                                -0.1942223277E+004  -0.1941777254E+004     -0.1943204657E+004  -0.1941974330E+004
 Ideal gas                              -0.1123253749E+004  -0.1751888506E+004     -0.1124235129E+004  -0.1752085582E+004
 Excess                                 -0.8189695281E+003  -0.1898887478E+003     -0.8189695281E+003  -0.1898887478E+003

-------------------------------------------------------------------------------------------------------------------------

Total Ar                                -0.1675319241E+004  -0.1670870272E+004     -0.1672932666E+004  -0.1670541038E+004
 Ideal gas                              -0.1608398085E+004  -0.1603400564E+004     -0.1606011510E+004  -0.1603071329E+004
 Excess                                 -0.6692115598E+002  -0.6746970828E+002     -0.6692115598E+002  -0.6746970828E+002

-------------------------------------------------------------------------------------------------------------------------

#########################################################################################################################
#########################################   PROPERTIES FROM UMBRELLA SAMPLING   #########################################
#########################################################################################################################

Excess Partial Molar Enthalpy
=========================================================================================================================


Partial Molar Volume
=========================================================================================================================


#########################################################################################################################
##################################################   AVERAGE ENERGIES   #################################################
#########################################################################################################################
                                                       Boltzmann                                    Biased
                                               Box 1               Box 2                  Box 1               Box 2      
-------------------------------------------------------------------------------------------------------------------------
Lennard Jones        
 Intermolecular                         -0.5254323857E+006  -0.5944448171E+005     -0.5256974784E+006  -0.5909681387E+005
 Tailcorrection                         -0.1293965976E+005  -0.1410183839E+004     -0.1294901961E+005  -0.1401800238E+004
Total Intermolecular                    -0.5383720455E+006  -0.6085466555E+005     -0.5386464980E+006  -0.6049861411E+005

Electrostatic        
 Real                                   -0.1425803784E+006  -0.5912452151E+004     -0.1423171610E+006  -0.5873989921E+004
 Exclusion                               0.8929135603E+007   0.2139181613E+007      0.8943798891E+007   0.2126205290E+007
 Selfterm                               -0.8957815567E+007  -0.2141338832E+007     -0.8972525732E+007  -0.2128349399E+007
 Fourier                                 0.1453335360E+005   0.2079497930E+004      0.1460767454E+005   0.2068512612E+004
Total Intermolecular                    -0.1567269885E+006  -0.5990173042E+004     -0.1564363277E+006  -0.5949586679E+004

Intramolecular       
 Lennard Jones                           0.0000000000E+000   0.0000000000E+000      0.0000000000E+000   0.0000000000E+000
 Electrostatic                           0.0000000000E+000   0.0000000000E+000      0.0000000000E+000   0.0000000000E+000
 Bending                                 0.0000000000E+000   0.0000000000E+000      0.0000000000E+000   0.0000000000E+000
 Torsion                                 0.0000000000E+000   0.0000000000E+000      0.0000000000E+000   0.0000000000E+000

Total                                   -0.6950990339E+006  -0.6684483859E+005     -0.6950828257E+006  -0.6644820079E+005

#########################################################################################################################

No errors found in bookkeeping.

Total simulation time:  16 hours and  32 minutes

Simulation finished.

