#   100 bins for weightfunction of cd                      
 0.0000000    0.3175668335E+001    0.1721293640E+001
 0.0101010    0.3154600525E+001    0.1708378601E+001
 0.0202020    0.3166986084E+001    0.1703213501E+001
 0.0303030    0.3193907166E+001    0.1720039368E+001
 0.0404040    0.3249615479E+001    0.1731129456E+001
 0.0505051    0.3312173462E+001    0.1716728210E+001
 0.0606061    0.3361689758E+001    0.1737428284E+001
 0.0707071    0.3458766174E+001    0.1747859192E+001
 0.0808081    0.3529751587E+001    0.1741831970E+001
 0.0909091    0.3611820984E+001    0.1748376465E+001
 0.1010101    0.3663842773E+001    0.1720596313E+001
 0.1111111    0.3743374634E+001    0.1730075073E+001
 0.1212121    0.3819688416E+001    0.1732449341E+001
 0.1313131    0.3871473694E+001    0.1730174255E+001
 0.1414141    0.3886862183E+001    0.1703868103E+001
 0.1515152    0.3926046753E+001    0.1699545288E+001
 0.1616162    0.3922485352E+001    0.1692776489E+001
 0.1717172    0.3907708740E+001    0.1677893066E+001
 0.1818182    0.3915429688E+001    0.1668325806E+001
 0.1919192    0.3894265747E+001    0.1669361877E+001
 0.2020202    0.3852983093E+001    0.1631726074E+001
 0.2121212    0.3824368286E+001    0.1645965576E+001
 0.2222222    0.3776945496E+001    0.1603363037E+001
 0.2323232    0.3716644287E+001    0.1600462341E+001
 0.2424242    0.3666026306E+001    0.1575027466E+001
 0.2525253    0.3593295288E+001    0.1562283325E+001
 0.2626263    0.3515383911E+001    0.1541323853E+001
 0.2727273    0.3446144104E+001    0.1507078552E+001
 0.2828283    0.3362207031E+001    0.1492674255E+001
 0.2929293    0.3322714233E+001    0.1478833008E+001
 0.3030303    0.3217231750E+001    0.1454692078E+001
 0.3131313    0.3115266418E+001    0.1426618958E+001
 0.3232323    0.3053187561E+001    0.1404310608E+001
 0.3333333    0.2949560547E+001    0.1369387817E+001
 0.3434343    0.2856431580E+001    0.1364888000E+001
 0.3535354    0.2759043884E+001    0.1313665771E+001
 0.3636364    0.2670974731E+001    0.1314570618E+001
 0.3737374    0.2585743713E+001    0.1278430176E+001
 0.3838384    0.2481953430E+001    0.1242468262E+001
 0.3939394    0.2375689697E+001    0.1235581970E+001
 0.4040404    0.2264776611E+001    0.1209107971E+001
 0.4141414    0.2167169189E+001    0.1193095398E+001
 0.4242424    0.2069329834E+001    0.1140017700E+001
 0.4343434    0.1955335999E+001    0.1119868469E+001
 0.4444444    0.1842623901E+001    0.1089555359E+001
 0.4545455    0.1749661255E+001    0.1073997498E+001
 0.4646465    0.1623098755E+001    0.1041883850E+001
 0.4747475    0.1517840576E+001    0.1016203308E+001
 0.4848485    0.1396420288E+001    0.9797622681E+000
 0.4949495    0.1320964050E+001    0.9361282349E+000
 0.5050505    0.1242980957E+001    0.9494934082E+000
 0.5151515    0.1215359497E+001    0.9351058960E+000
 0.5252525    0.1224723816E+001    0.9448364258E+000
 0.5353535    0.1234674072E+001    0.9467803955E+000
 0.5454545    0.1214047241E+001    0.9564422607E+000
 0.5555556    0.1193875122E+001    0.9453063965E+000
 0.5656566    0.1212202454E+001    0.9355133057E+000
 0.5757576    0.1194361877E+001    0.9359329224E+000
 0.5858586    0.1189288330E+001    0.9478500366E+000
 0.5959596    0.1185987854E+001    0.9515213013E+000
 0.6060606    0.1156399536E+001    0.9292221069E+000
 0.6161616    0.1158767700E+001    0.9277511597E+000
 0.6262626    0.1138510132E+001    0.9421310425E+000
 0.6363636    0.1129179382E+001    0.9390090942E+000
 0.6464646    0.1118547058E+001    0.9448562622E+000
 0.6565657    0.1101196289E+001    0.9193145752E+000
 0.6666667    0.1099194336E+001    0.9346221924E+000
 0.6767677    0.1064627075E+001    0.9307174683E+000
 0.6868687    0.1051742554E+001    0.9141326904E+000
 0.6969697    0.1025469971E+001    0.9272033691E+000
 0.7070707    0.1009965515E+001    0.9246307373E+000
 0.7171717    0.1003138733E+001    0.9206924438E+000
 0.7272727    0.9632110596E+000    0.9197463989E+000
 0.7373737    0.9326934814E+000    0.8948562622E+000
 0.7474747    0.9230346680E+000    0.9074401855E+000
 0.7575758    0.8878280640E+000    0.8939743042E+000
 0.7676768    0.8679458618E+000    0.8992507935E+000
 0.7777778    0.8381378174E+000    0.8977890015E+000
 0.7878788    0.7985107422E+000    0.8885971069E+000
 0.7979798    0.7713317871E+000    0.8723236084E+000
 0.8080808    0.7310409546E+000    0.8564651489E+000
 0.8181818    0.7247940063E+000    0.8856033325E+000
 0.8282828    0.6878646851E+000    0.8690902710E+000
 0.8383838    0.6524536133E+000    0.8757919312E+000
 0.8484848    0.6076675415E+000    0.8600372314E+000
 0.8585859    0.5636962891E+000    0.8480850220E+000
 0.8686869    0.5430282593E+000    0.8559555054E+000
 0.8787879    0.5017135620E+000    0.8443023682E+000
 0.8888889    0.4605407715E+000    0.8305923462E+000
 0.8989899    0.4265197754E+000    0.8307403564E+000
 0.9090909    0.3655395508E+000    0.8289611816E+000
 0.9191919    0.3487533569E+000    0.8193557739E+000
 0.9292929    0.2841171265E+000    0.8036514282E+000
 0.9393939    0.2398284912E+000    0.8052383423E+000
 0.9494949    0.1997192383E+000    0.7905075073E+000
 0.9595960    0.1427047729E+000    0.7888137817E+000
 0.9696970    0.1021423340E+000    0.7829971313E+000
 0.9797980    0.6572113037E-001    0.7860534668E+000
 0.9898990    0.6877136231E-002    0.7742782593E+000
 1.0000000    0.0000000000E+000    0.7775833130E+000


#   100 bins for weightfunction of Ar                      
 0.0000000    0.1721459961E+001    0.3260986328E+000
 0.0101010    0.1740283203E+001    0.3399169922E+000
 0.0202020    0.1740795898E+001    0.3419433594E+000
 0.0303030    0.1774658203E+001    0.3492187500E+000
 0.0404040    0.1826611328E+001    0.3902587891E+000
 0.0505051    0.1853271484E+001    0.3684326172E+000
 0.0606061    0.1914477539E+001    0.3856933594E+000
 0.0707071    0.1970629883E+001    0.3989257813E+000
 0.0808081    0.2054516602E+001    0.3981689453E+000
 0.0909091    0.2079492187E+001    0.3753662109E+000
 0.1010101    0.2185961914E+001    0.4031494141E+000
 0.1111111    0.2234082031E+001    0.3927490234E+000
 0.1212121    0.2341479492E+001    0.3963134766E+000
 0.1313131    0.2373486328E+001    0.3620605469E+000
 0.1414141    0.2486108398E+001    0.4137207031E+000
 0.1515152    0.2560302734E+001    0.4273193359E+000
 0.1616162    0.2606567383E+001    0.4108642578E+000
 0.1717172    0.2596020508E+001    0.3833251953E+000
 0.1818182    0.2642016602E+001    0.3851318359E+000
 0.1919192    0.2672875977E+001    0.4163085938E+000
 0.2020202    0.2678759766E+001    0.3730957031E+000
 0.2121212    0.2675708008E+001    0.3749755859E+000
 0.2222222    0.2677734375E+001    0.3540283203E+000
 0.2323232    0.2656738281E+001    0.3739501953E+000
 0.2424242    0.2629492187E+001    0.3674804688E+000
 0.2525253    0.2609863281E+001    0.3398681641E+000
 0.2626263    0.2600244141E+001    0.3528076172E+000
 0.2727273    0.2521313477E+001    0.3366455078E+000
 0.2828283    0.2514453125E+001    0.3023437500E+000
 0.2929293    0.2467480469E+001    0.2977050781E+000
 0.3030303    0.2454516602E+001    0.3019287109E+000
 0.3131313    0.2389086914E+001    0.2760986328E+000
 0.3232323    0.2347460937E+001    0.2790527344E+000
 0.3333333    0.2319824219E+001    0.2770507813E+000
 0.3434343    0.2268603516E+001    0.2271972656E+000
 0.3535354    0.2211059570E+001    0.2270996094E+000
 0.3636364    0.2183056641E+001    0.2300537109E+000
 0.3737374    0.2104736328E+001    0.2216064453E+000
 0.3838384    0.2070922852E+001    0.2108886719E+000
 0.3939394    0.2002343750E+001    0.1695800781E+000
 0.4040404    0.1952001953E+001    0.1918701172E+000
 0.4141414    0.1952563477E+001    0.1462890625E+000
 0.4242424    0.1874780273E+001    0.1601562500E+000
 0.4343434    0.1807446289E+001    0.1425048828E+000
 0.4444444    0.1724072266E+001    0.9836425781E-001
 0.4545455    0.1721484375E+001    0.1159912109E+000
 0.4646465    0.1624511719E+001    0.8051757813E-001
 0.4747475    0.1587158203E+001    0.9890136719E-001
 0.4848485    0.1517333984E+001    0.6972656250E-001
 0.4949495    0.1434594727E+001    0.7668457031E-001
 0.5050505    0.1412744141E+001    0.6237792969E-001
 0.5151515    0.1431933594E+001    0.2819824219E-001
 0.5252525    0.1428979492E+001    0.4323730469E-001
 0.5353535    0.1437573242E+001    0.3659667969E-001
 0.5454545    0.1416259766E+001    0.0000000000E+000
 0.5555556    0.1402368164E+001    0.7724609375E-001
 0.5656566    0.1411987305E+001    0.4436035156E-001
 0.5757576    0.1413891602E+001    0.3718261719E-001
 0.5858586    0.1445141602E+001    0.2421875000E-001
 0.5959596    0.1431958008E+001    0.3840332031E-001
 0.6060606    0.1416772461E+001    0.4003906250E-001
 0.6161616    0.1436865234E+001    0.2543945312E-001
 0.6262626    0.1431689453E+001    0.3247070313E-001
 0.6363636    0.1429736328E+001    0.2453613281E-001
 0.6464646    0.1423291016E+001    0.2075195312E-001
 0.6565657    0.1422973633E+001    0.2185058594E-001
 0.6666667    0.1431713867E+001    0.4052734375E-001
 0.6767677    0.1386645508E+001    0.2343750000E-001
 0.6868687    0.1452294922E+001    0.3344726563E-001
 0.6969697    0.1414819336E+001    0.4616699219E-001
 0.7070707    0.1440087891E+001    0.2658691406E-001
 0.7171717    0.1439257812E+001    0.3276367188E-001
 0.7272727    0.1453393555E+001    0.4929199219E-001
 0.7373737    0.1431396484E+001    0.1750488281E-001
 0.7474747    0.1447363281E+001    0.4057617188E-001
 0.7575758    0.1435302734E+001    0.2575683594E-001
 0.7676768    0.1424633789E+001    0.1262207031E-001
 0.7777778    0.1439282227E+001    0.3127441406E-001
 0.7878788    0.1429858398E+001    0.1455078125E-001
 0.7979798    0.1433227539E+001    0.3022460938E-001
 0.8080808    0.1434985352E+001    0.2004394531E-001
 0.8181818    0.1432836914E+001    0.3559570313E-001
 0.8282828    0.1439648437E+001    0.4130859375E-001
 0.8383838    0.1437768555E+001    0.4013671875E-001
 0.8484848    0.1429833984E+001    0.2424316406E-001
 0.8585859    0.1449511719E+001    0.3806152344E-001
 0.8686869    0.1438720703E+001    0.2773437500E-001
 0.8787879    0.1440112305E+001    0.2421875000E-001
 0.8888889    0.1433398437E+001    0.7055664062E-002
 0.8989899    0.1469653320E+001    0.5568847656E-001
 0.9090909    0.1438989258E+001    0.1579589844E-001
 0.9191919    0.1439160156E+001    0.1791992187E-001
 0.9292929    0.1440161133E+001    0.3117675781E-001
 0.9393939    0.1455249023E+001    0.3635253906E-001
 0.9494949    0.1410375977E+001    0.1667480469E-001
 0.9595960    0.1459936523E+001    0.5009765625E-001
 0.9696970    0.1445483398E+001    0.2465820313E-001
 0.9797980    0.1430908203E+001    0.2727050781E-001
 0.9898990    0.1447192383E+001    0.3989257813E-001
 1.0000000    0.1426538086E+001    0.2709960938E-001


