Compiled using GNU Fortran (Ubuntu 9.4.0-1ubuntu1~20.04.2) 9.4.0 with all optimizations
Last Brick update unknown
Compiled at 18:43:37 on Sep  2 2023
Starting at 16:56:21 on Sep 11 2023

Settings
OK                      

Forcefield
OK                      

Topology
OK                      

Configuration
OK                      Read from ./INPUT/restart.in

 F
Monte Carlo Simulation initialized.

#########################################################################################################################
###########################################   ENERGY STARTING CONFIGURATION   ###########################################
#########################################################################################################################
                                               Box 1               Box 2
-------------------------------------------------------------------------------------------------------------------------
Lennard Jones        
 Intermolecular                         -0.3833889739E+006  -0.1098200141E+006
 Tailcorrection                         -0.9389288826E+004  -0.2674350548E+004
Total Intermolecular                    -0.3927782627E+006  -0.1124943646E+006

Electrostatic        
 Real                                   -0.8704436025E+005  -0.1159972585E+005
 Exclusion                               0.6535940914E+007   0.2494917704E+007
 Selfterm                               -0.6556933700E+007  -0.2497433963E+007
 Fourier                                 0.1239258341E+005   0.2421410945E+004
Total Intermolecular                    -0.9564456298E+005  -0.1169457387E+005

Intramolecular       
 Lennard Jones                           0.0000000000E+000   0.0000000000E+000
 Electrostatic                           0.0000000000E+000   0.0000000000E+000
 Bending                                 0.0000000000E+000   0.0000000000E+000
 Torsion                                 0.0000000000E+000   0.0000000000E+000

Total                                   -0.4884228257E+006  -0.1241889385E+006

#########################################################################################################################

Simulation is running...



#########################################################################################################################
###############################################   RELATIVE ENERGY DRIFTS   ##############################################
#########################################################################################################################
                                               Box 1               Box 2                                                 
-------------------------------------------------------------------------------------------------------------------------

Lennard Jones        
 Intermolecular                          0.9733912040E-015   0.0000000000E+000
 Tailcorrection                          0.0000000000E+000   0.0000000000E+000

Electrostatic        
 Real                                    0.6003763983E-014   0.4989574630E-014
 Exclusion                               0.0000000000E+000   0.0000000000E+000
 Selfterm                                0.0000000000E+000   0.0000000000E+000
 Fourier                                 0.1578276345E-015   0.2063452471E-015

Intramolecular       
 Lennard Jones                           0.0000000000E+000   0.0000000000E+000
 Electrostatic                           0.0000000000E+000   0.0000000000E+000
 Bending                                 0.0000000000E+000   0.0000000000E+000
 Torsion                                 0.0000000000E+000   0.0000000000E+000

Total                                    0.6426159643E-015   0.0000000000E+000

#########################################################################################################################
############################################   TRIAL MOVE ACCEPTANCE RATES   ############################################
#########################################################################################################################
                                               Box 1               Box 2
-------------------------------------------------------------------------------------------------------------------------
Translation
 CO2                                          0.48667             0.53792
 AR                                           0.50736             0.52771
-------------------------------------------------------------------------------------------------------------------------
Rotation
 CO2                                          0.48984             0.59002
 AR                                           0.00000             0.00000
-------------------------------------------------------------------------------------------------------------------------
Lambda Move
 cd                                           0.76588             0.90636
 Ar                                           0.84171             0.94237
-------------------------------------------------------------------------------------------------------------------------
GE Swap Fractional
 cd                                           0.36884             0.38071
 Ar                                           0.45311             0.47115
-------------------------------------------------------------------------------------------------------------------------
GE Identity Change
 cd                                           0.78223             0.80982
 Ar                                           0.91729             0.94220
-------------------------------------------------------------------------------------------------------------------------
Volume                                        0.53752             0.51376

#########################################################################################################################
######################################################   AVERAGES   #####################################################
#########################################################################################################################
                                                       Boltzmann                                    Biased
                                               Box 1               Box 2                  Box 1               Box 2      
-------------------------------------------------------------------------------------------------------------------------
Density
 CO2                                     0.7626239755E+003   0.1076583663E+003      0.7602745418E+003   0.1075775694E+003
 AR                                      0.1792069478E+003   0.1868495309E+003      0.1797967638E+003   0.1870008358E+003
 Total                                   0.9418309233E+003   0.2945078973E+003      0.9400713056E+003   0.2945784052E+003

Number of molecules
 CO2                                     0.3465125185E+003   0.1934874815E+003      0.3472200800E+003   0.1927799200E+003
 AR                                      0.9016376142E+002   0.3698362386E+003      0.9095982000E+002   0.3690401800E+003
 Total                                   0.4366762799E+003   0.5633237201E+003      0.4381799000E+003   0.5618201000E+003

Mole fractions
 CO2                                          0.79352             0.34347                 0.79241             0.34313
 AR                                           0.20648             0.65653                 0.20759             0.65687

Volume                                   0.3327686650E+005   0.1317424137E+006      0.3345368272E+005   0.1313564874E+006

#########################################################################################################################
#######################################   PROPERTIES FROM THE CFC GIBBS ENSEMBLE   ######################################
#########################################################################################################################
                                                       Boltzmann                                    Biased
                                               Box 1               Box 2                  Box 1               Box 2      
Chemical Potentials (as an indication)
=========================================================================================================================

Total cd                                -0.1939918715E+004  -0.1940720507E+004     -0.1940699341E+004  -0.1940910453E+004
 Ideal gas                              -0.1154324985E+004  -0.1649648928E+004     -0.1155105611E+004  -0.1649838874E+004
 Excess                                 -0.7855937304E+003  -0.2910715789E+003     -0.7855937304E+003  -0.2910715789E+003

-------------------------------------------------------------------------------------------------------------------------

Total Ar                                -0.1584497823E+004  -0.1583597638E+004     -0.1583666502E+004  -0.1583392850E+004
 Ideal gas                              -0.1496225527E+004  -0.1485659646E+004     -0.1495394206E+004  -0.1485454858E+004
 Excess                                 -0.8827229594E+002  -0.9793799207E+002     -0.8827229594E+002  -0.9793799207E+002

-------------------------------------------------------------------------------------------------------------------------

#########################################################################################################################
#########################################   PROPERTIES FROM UMBRELLA SAMPLING   #########################################
#########################################################################################################################

Excess Partial Molar Enthalpy
=========================================================================================================================


Partial Molar Volume
=========================================================================================================================


#########################################################################################################################
##################################################   AVERAGE ENERGIES   #################################################
#########################################################################################################################
                                                       Boltzmann                                    Biased
                                               Box 1               Box 2                  Box 1               Box 2      
-------------------------------------------------------------------------------------------------------------------------
Lennard Jones        
 Intermolecular                         -0.3743467726E+006  -0.1140401370E+006     -0.3747788415E+006  -0.1135939380E+006
 Tailcorrection                         -0.9297516846E+004  -0.2779431315E+004     -0.9310426856E+004  -0.2768141022E+004
Total Intermolecular                    -0.3836442894E+006  -0.1168195683E+006     -0.3840892683E+006  -0.1163620791E+006

Electrostatic        
 Real                                   -0.9121912626E+005  -0.1085590629E+005     -0.9109155430E+005  -0.1081643492E+005
 Exclusion                               0.6347225618E+007   0.2628053880E+007      0.6358497554E+007   0.2617746372E+007
 Selfterm                               -0.6367612666E+007  -0.2630704100E+007     -0.6378920653E+007  -0.2620386150E+007
 Fourier                                 0.1132799804E+005   0.2559405991E+004      0.1137471752E+005   0.2550181272E+004
Total Intermolecular                    -0.1002781767E+006  -0.1094672115E+005     -0.1001399351E+006  -0.1090603155E+005

Intramolecular       
 Lennard Jones                           0.0000000000E+000   0.0000000000E+000      0.0000000000E+000   0.0000000000E+000
 Electrostatic                           0.0000000000E+000   0.0000000000E+000      0.0000000000E+000   0.0000000000E+000
 Bending                                 0.0000000000E+000   0.0000000000E+000      0.0000000000E+000   0.0000000000E+000
 Torsion                                 0.0000000000E+000   0.0000000000E+000      0.0000000000E+000   0.0000000000E+000

Total                                   -0.4839224661E+006  -0.1277662895E+006     -0.4842292034E+006  -0.1272681106E+006

#########################################################################################################################

No errors found in bookkeeping.

Total simulation time:  13 hours and  52 minutes

Simulation finished.

