Compiled using GNU Fortran (Ubuntu 9.4.0-1ubuntu1~20.04.2) 9.4.0 with all optimizations
Last Brick update unknown
Compiled at 18:43:37 on Sep  2 2023
Starting at 16:56:21 on Sep 11 2023

Settings
OK                      

Forcefield
OK                      

Topology
OK                      

Configuration
OK                      Read from ./INPUT/restart.in

 F
Monte Carlo Simulation initialized.

#########################################################################################################################
###########################################   ENERGY STARTING CONFIGURATION   ###########################################
#########################################################################################################################
                                               Box 1               Box 2
-------------------------------------------------------------------------------------------------------------------------
Lennard Jones        
 Intermolecular                         -0.3833889739E+006  -0.1098200141E+006
 Tailcorrection                         -0.9389288826E+004  -0.2674350548E+004
Total Intermolecular                    -0.3927782627E+006  -0.1124943646E+006

Electrostatic        
 Real                                   -0.8704436025E+005  -0.1159972585E+005
 Exclusion                               0.6535940914E+007   0.2494917704E+007
 Selfterm                               -0.6556933700E+007  -0.2497433963E+007
 Fourier                                 0.1239258341E+005   0.2421410945E+004
Total Intermolecular                    -0.9564456298E+005  -0.1169457387E+005

Intramolecular       
 Lennard Jones                           0.0000000000E+000   0.0000000000E+000
 Electrostatic                           0.0000000000E+000   0.0000000000E+000
 Bending                                 0.0000000000E+000   0.0000000000E+000
 Torsion                                 0.0000000000E+000   0.0000000000E+000

Total                                   -0.4884228257E+006  -0.1241889385E+006

#########################################################################################################################

Simulation is running...



#########################################################################################################################
###############################################   RELATIVE ENERGY DRIFTS   ##############################################
#########################################################################################################################
                                               Box 1               Box 2                                                 
-------------------------------------------------------------------------------------------------------------------------

Lennard Jones        
 Intermolecular                          0.2505715942E-013   0.2573706212E-014
 Tailcorrection                          0.0000000000E+000   0.0000000000E+000

Electrostatic        
 Real                                    0.2762317433E-014   0.3750794514E-015
 Exclusion                               0.5624597501E-015   0.0000000000E+000
 Selfterm                                0.0000000000E+000   0.0000000000E+000
 Fourier                                 0.3441491214E-015   0.1937492874E-015

Intramolecular       
 Lennard Jones                           0.0000000000E+000   0.0000000000E+000
 Electrostatic                           0.0000000000E+000   0.0000000000E+000
 Bending                                 0.0000000000E+000   0.0000000000E+000
 Torsion                                 0.0000000000E+000   0.0000000000E+000

Total                                    0.1196571620E-013   0.1148911157E-014

#########################################################################################################################
############################################   TRIAL MOVE ACCEPTANCE RATES   ############################################
#########################################################################################################################
                                               Box 1               Box 2
-------------------------------------------------------------------------------------------------------------------------
Translation
 CO2                                          0.50557             0.50561
 AR                                           0.51078             0.50859
-------------------------------------------------------------------------------------------------------------------------
Rotation
 CO2                                          0.50796             0.59944
 AR                                           0.00000             0.00000
-------------------------------------------------------------------------------------------------------------------------
Lambda Move
 cd                                           0.77038             0.90713
 Ar                                           0.84371             0.94259
-------------------------------------------------------------------------------------------------------------------------
GE Swap Fractional
 cd                                           0.35305             0.38610
 Ar                                           0.44214             0.48087
-------------------------------------------------------------------------------------------------------------------------
GE Identity Change
 cd                                           0.75811             0.82398
 Ar                                           0.85271             0.89836
-------------------------------------------------------------------------------------------------------------------------
Volume                                        0.57147             0.48023

#########################################################################################################################
######################################################   AVERAGES   #####################################################
#########################################################################################################################
                                                       Boltzmann                                    Biased
                                               Box 1               Box 2                  Box 1               Box 2      
-------------------------------------------------------------------------------------------------------------------------
Density
 CO2                                     0.7355590619E+003   0.1033094241E+003      0.7301455311E+003   0.1032177984E+003
 AR                                      0.1858760095E+003   0.1866998086E+003      0.1875243609E+003   0.1868718735E+003
 Total                                   0.9214350715E+003   0.2900092327E+003      0.9176698920E+003   0.2900896719E+003

Number of molecules
 CO2                                     0.3600698180E+003   0.1799301820E+003      0.3613996400E+003   0.1786003600E+003
 AR                                      0.1020436125E+003   0.3579563875E+003      0.1040855400E+003   0.3559144600E+003
 Total                                   0.4621134305E+003   0.5378865695E+003      0.4654851800E+003   0.5345148200E+003

Mole fractions
 CO2                                          0.77918             0.33451                 0.77639             0.33414
 AR                                           0.22082             0.66549                 0.22361             0.66586

Volume                                   0.3604141001E+005   0.1276583718E+006      0.3644657422E+005   0.1268164781E+006

#########################################################################################################################
#######################################   PROPERTIES FROM THE CFC GIBBS ENSEMBLE   ######################################
#########################################################################################################################
                                                       Boltzmann                                    Biased
                                               Box 1               Box 2                  Box 1               Box 2      
Chemical Potentials (as an indication)
=========================================================================================================================

Total cd                                -0.1937922099E+004  -0.1940121151E+004     -0.1939791001E+004  -0.1940345637E+004
 Ideal gas                              -0.1163466949E+004  -0.1660081215E+004     -0.1165335852E+004  -0.1660305702E+004
 Excess                                 -0.7744551494E+003  -0.2800399357E+003     -0.7744551494E+003  -0.2800399357E+003

-------------------------------------------------------------------------------------------------------------------------

Total Ar                                -0.1579545424E+004  -0.1577358224E+004     -0.1577311705E+004  -0.1577125164E+004
 Ideal gas                              -0.1486981270E+004  -0.1485862456E+004     -0.1484747552E+004  -0.1485629395E+004
 Excess                                 -0.9256415368E+002  -0.9149576842E+002     -0.9256415368E+002  -0.9149576842E+002

-------------------------------------------------------------------------------------------------------------------------

#########################################################################################################################
#########################################   PROPERTIES FROM UMBRELLA SAMPLING   #########################################
#########################################################################################################################

Excess Partial Molar Enthalpy
=========================================================================================================================


Partial Molar Volume
=========================================================================================================================


#########################################################################################################################
##################################################   AVERAGE ENERGIES   #################################################
#########################################################################################################################
                                                       Boltzmann                                    Biased
                                               Box 1               Box 2                  Box 1               Box 2      
-------------------------------------------------------------------------------------------------------------------------
Lennard Jones        
 Intermolecular                         -0.3841666960E+006  -0.1053990973E+006     -0.3847583225E+006  -0.1045902723E+006
 Tailcorrection                         -0.9530364529E+004  -0.2595567683E+004     -0.9547223759E+004  -0.2575960442E+004
Total Intermolecular                    -0.3936970605E+006  -0.1079946650E+006     -0.3943055462E+006  -0.1071662327E+006

Electrostatic        
 Real                                   -0.9189508429E+005  -0.9485447213E+004     -0.9158652450E+005  -0.9408085531E+004
 Exclusion                               0.6595626281E+007   0.2443910895E+007      0.6618106033E+007   0.2425251780E+007
 Selfterm                               -0.6616811189E+007  -0.2446375421E+007     -0.6639362970E+007  -0.2427697448E+007
 Fourier                                 0.1208333783E+005   0.2385817643E+004      0.1218271434E+005   0.2368668500E+004
Total Intermolecular                    -0.1009966538E+006  -0.9564156326E+004     -0.1006607464E+006  -0.9485084668E+004

Intramolecular       
 Lennard Jones                           0.0000000000E+000   0.0000000000E+000      0.0000000000E+000   0.0000000000E+000
 Electrostatic                           0.0000000000E+000   0.0000000000E+000      0.0000000000E+000   0.0000000000E+000
 Bending                                 0.0000000000E+000   0.0000000000E+000      0.0000000000E+000   0.0000000000E+000
 Torsion                                 0.0000000000E+000   0.0000000000E+000      0.0000000000E+000   0.0000000000E+000

Total                                   -0.4946937142E+006  -0.1175588213E+006     -0.4949662926E+006  -0.1166513174E+006

#########################################################################################################################

No errors found in bookkeeping.

Total simulation time:  13 hours and  52 minutes

Simulation finished.

