#   100 bins for weightfunction of cd                      
 0.0000000    0.3117207336E+001    0.1654350281E+001
 0.0101010    0.3117971802E+001    0.1656565857E+001
 0.0202020    0.3122230530E+001    0.1645693970E+001
 0.0303030    0.3151905823E+001    0.1651374817E+001
 0.0404040    0.3199301147E+001    0.1664950562E+001
 0.0505051    0.3236787415E+001    0.1651724243E+001
 0.0606061    0.3288365173E+001    0.1659660339E+001
 0.0707071    0.3372000122E+001    0.1677078247E+001
 0.0808081    0.3436045837E+001    0.1670454407E+001
 0.0909091    0.3511126709E+001    0.1687980652E+001
 0.1010101    0.3575576782E+001    0.1671907043E+001
 0.1111111    0.3635707092E+001    0.1677122498E+001
 0.1212121    0.3701206970E+001    0.1679577637E+001
 0.1313131    0.3734938049E+001    0.1678520203E+001
 0.1414141    0.3753439331E+001    0.1624475098E+001
 0.1515152    0.3762414551E+001    0.1642825317E+001
 0.1616162    0.3777839661E+001    0.1630705261E+001
 0.1717172    0.3748330688E+001    0.1610186768E+001
 0.1818182    0.3750315857E+001    0.1579820251E+001
 0.1919192    0.3722750854E+001    0.1576417542E+001
 0.2020202    0.3678112793E+001    0.1555532837E+001
 0.2121212    0.3625726318E+001    0.1521313477E+001
 0.2222222    0.3573538208E+001    0.1524400330E+001
 0.2323232    0.3528428650E+001    0.1500315857E+001
 0.2424242    0.3471348572E+001    0.1468710327E+001
 0.2525253    0.3408456421E+001    0.1455261230E+001
 0.2626263    0.3345179749E+001    0.1421505737E+001
 0.2727273    0.3261958313E+001    0.1393997192E+001
 0.2828283    0.3212023926E+001    0.1371350098E+001
 0.2929293    0.3138650513E+001    0.1344932556E+001
 0.3030303    0.3059712219E+001    0.1319967651E+001
 0.3131313    0.2972052002E+001    0.1293751526E+001
 0.3232323    0.2889257812E+001    0.1243858337E+001
 0.3333333    0.2812060547E+001    0.1250994873E+001
 0.3434343    0.2715544128E+001    0.1180386353E+001
 0.3535354    0.2593806458E+001    0.1166125488E+001
 0.3636364    0.2531909180E+001    0.1129644775E+001
 0.3737374    0.2422108459E+001    0.1105085754E+001
 0.3838384    0.2335488892E+001    0.1081744385E+001
 0.3939394    0.2221469116E+001    0.1044728088E+001
 0.4040404    0.2120733643E+001    0.1012260437E+001
 0.4141414    0.2020150757E+001    0.9799880981E+000
 0.4242424    0.1930865479E+001    0.9416595459E+000
 0.4343434    0.1822421265E+001    0.9064605713E+000
 0.4444444    0.1739002991E+001    0.8759841919E+000
 0.4545455    0.1599206543E+001    0.8446578979E+000
 0.4646465    0.1499560547E+001    0.7949340820E+000
 0.4747475    0.1412666321E+001    0.7682693481E+000
 0.4848485    0.1296800232E+001    0.7384674072E+000
 0.4949495    0.1219569397E+001    0.6979263306E+000
 0.5050505    0.1139985657E+001    0.6817550659E+000
 0.5151515    0.1134112549E+001    0.6544647217E+000
 0.5252525    0.1137535095E+001    0.6807693481E+000
 0.5353535    0.1134988403E+001    0.6777709961E+000
 0.5454545    0.1111727905E+001    0.6729156494E+000
 0.5555556    0.1152799988E+001    0.6918792725E+000
 0.5656566    0.1119453430E+001    0.6892776489E+000
 0.5757576    0.1109735107E+001    0.6690414429E+000
 0.5858586    0.1100973511E+001    0.6727874756E+000
 0.5959596    0.1083311462E+001    0.6688262939E+000
 0.6060606    0.1093920898E+001    0.6683410645E+000
 0.6161616    0.1071540833E+001    0.6736251831E+000
 0.6262626    0.1069430542E+001    0.6619827271E+000
 0.6363636    0.1051623535E+001    0.6521057129E+000
 0.6464646    0.1048526001E+001    0.6449951172E+000
 0.6565657    0.1030035400E+001    0.6431594849E+000
 0.6666667    0.1014521790E+001    0.6601028442E+000
 0.6767677    0.1003045654E+001    0.6477447510E+000
 0.6868687    0.9757720947E+000    0.6635147095E+000
 0.6969697    0.9498855591E+000    0.6526535034E+000
 0.7070707    0.9491470337E+000    0.6445465088E+000
 0.7171717    0.9200637817E+000    0.6304534912E+000
 0.7272727    0.9021728516E+000    0.6398345947E+000
 0.7373737    0.8855560303E+000    0.6380493164E+000
 0.7474747    0.8601531982E+000    0.6284118652E+000
 0.7575758    0.8331939697E+000    0.6188385010E+000
 0.7676768    0.8048004150E+000    0.6162353516E+000
 0.7777778    0.7846374512E+000    0.6118896484E+000
 0.7878788    0.7594985962E+000    0.6034362793E+000
 0.7979798    0.7261505127E+000    0.5948745728E+000
 0.8080808    0.7125885010E+000    0.6047790527E+000
 0.8181818    0.6817962646E+000    0.5975631714E+000
 0.8282828    0.6486114502E+000    0.5933532715E+000
 0.8383838    0.6218215942E+000    0.5789657593E+000
 0.8484848    0.5891952515E+000    0.5782302856E+000
 0.8585859    0.5535659790E+000    0.5697967529E+000
 0.8686869    0.5201248169E+000    0.5602569580E+000
 0.8787879    0.4779861450E+000    0.5529479980E+000
 0.8888889    0.4246658325E+000    0.5356231689E+000
 0.8989899    0.3924972534E+000    0.5243789673E+000
 0.9090909    0.3468597412E+000    0.5061340332E+000
 0.9191919    0.3345016479E+000    0.5275238037E+000
 0.9292929    0.2856689453E+000    0.5175430298E+000
 0.9393939    0.2542037964E+000    0.5028350830E+000
 0.9494949    0.2172073364E+000    0.5083404541E+000
 0.9595960    0.1553039551E+000    0.4876846313E+000
 0.9696970    0.1197723389E+000    0.4807067871E+000
 0.9797980    0.7835693359E-001    0.4607513428E+000
 0.9898990    0.3509216309E-001    0.4719970703E+000
 1.0000000    0.0000000000E+000    0.4570541382E+000


#   100 bins for weightfunction of Ar                      
 0.0000000    0.1885314941E+001    0.4120605469E+000
 0.0101010    0.1874951172E+001    0.4122741699E+000
 0.0202020    0.1908184814E+001    0.4355758667E+000
 0.0303030    0.1899085999E+001    0.4091751099E+000
 0.0404040    0.1923838806E+001    0.4097030640E+000
 0.0505051    0.1967036438E+001    0.4230300903E+000
 0.0606061    0.2031410217E+001    0.4448455811E+000
 0.0707071    0.2070260620E+001    0.4384078979E+000
 0.0808081    0.2131875610E+001    0.4427978516E+000
 0.0909091    0.2184335327E+001    0.4443557739E+000
 0.1010101    0.2254991150E+001    0.4452301025E+000
 0.1111111    0.2323052979E+001    0.4544113159E+000
 0.1212121    0.2394369507E+001    0.4916000366E+000
 0.1313131    0.2475294495E+001    0.4735794067E+000
 0.1414141    0.2536129761E+001    0.4849777222E+000
 0.1515152    0.2576753235E+001    0.4875198364E+000
 0.1616162    0.2653053284E+001    0.4765625000E+000
 0.1717172    0.2664967346E+001    0.4789642334E+000
 0.1818182    0.2714550781E+001    0.4930374146E+000
 0.1919192    0.2684973145E+001    0.4664810181E+000
 0.2020202    0.2722969055E+001    0.4626815796E+000
 0.2121212    0.2716006470E+001    0.4596298218E+000
 0.2222222    0.2716969299E+001    0.4470108032E+000
 0.2323232    0.2695057678E+001    0.4246215820E+000
 0.2424242    0.2682641602E+001    0.4239105225E+000
 0.2525253    0.2676449585E+001    0.4126266479E+000
 0.2626263    0.2636184692E+001    0.4005645752E+000
 0.2727273    0.2599459839E+001    0.3874191284E+000
 0.2828283    0.2557185364E+001    0.3773300171E+000
 0.2929293    0.2542169189E+001    0.3594940186E+000
 0.3030303    0.2511462402E+001    0.3289367676E+000
 0.3131313    0.2466719055E+001    0.3193740845E+000
 0.3232323    0.2422253418E+001    0.3041748047E+000
 0.3333333    0.2397106934E+001    0.2858184814E+000
 0.3434343    0.2340792847E+001    0.2757659912E+000
 0.3535354    0.2311381531E+001    0.2726348877E+000
 0.3636364    0.2254466248E+001    0.2548080444E+000
 0.3737374    0.2198674011E+001    0.2351470947E+000
 0.3838384    0.2161395264E+001    0.2319686890E+000
 0.3939394    0.2100292969E+001    0.2001602173E+000
 0.4040404    0.2062438965E+001    0.1922729492E+000
 0.4141414    0.2011019897E+001    0.1657043457E+000
 0.4242424    0.1941912842E+001    0.1702239990E+000
 0.4343434    0.1915838623E+001    0.1407669067E+000
 0.4444444    0.1859080505E+001    0.1096343994E+000
 0.4545455    0.1785665894E+001    0.1109130859E+000
 0.4646465    0.1735377502E+001    0.8040771484E-001
 0.4747475    0.1684355164E+001    0.5074920654E-001
 0.4848485    0.1621022034E+001    0.5405120850E-001
 0.4949495    0.1580688477E+001    0.4439544678E-001
 0.5050505    0.1539640808E+001    0.1300506592E-001
 0.5151515    0.1543836975E+001    0.1267242432E-001
 0.5252525    0.1547883606E+001    0.2192840576E-001
 0.5353535    0.1541886902E+001    0.9602355957E-002
 0.5454545    0.1544189453E+001    0.2654876709E-001
 0.5555556    0.1539730835E+001    0.3107299805E-001
 0.5656566    0.1532673645E+001    0.2573547363E-001
 0.5757576    0.1552035522E+001    0.3193206787E-001
 0.5858586    0.1543035889E+001    0.1828613281E-001
 0.5959596    0.1540304565E+001    0.2001647949E-001
 0.6060606    0.1541975403E+001    0.1474304199E-001
 0.6161616    0.1538301086E+001    0.2786254883E-001
 0.6262626    0.1544276428E+001    0.2398834229E-001
 0.6363636    0.1553343201E+001    0.2732543945E-001
 0.6464646    0.1552473450E+001    0.1480102539E-001
 0.6565657    0.1533346558E+001    0.2619476318E-001
 0.6666667    0.1535957336E+001    0.1714324951E-001
 0.6767677    0.1546575928E+001    0.0000000000E+000
 0.6868687    0.1542141724E+001    0.2755279541E-001
 0.6969697    0.1549255371E+001    0.2189941406E-001
 0.7070707    0.1546827698E+001    0.2658386230E-001
 0.7171717    0.1558319092E+001    0.2986297607E-001
 0.7272727    0.1543615723E+001    0.3028106689E-001
 0.7373737    0.1537094116E+001    0.1903533936E-001
 0.7474747    0.1539918518E+001    0.1346588135E-001
 0.7575758    0.1549848938E+001    0.3429260254E-001
 0.7676768    0.1545388794E+001    0.2698364258E-001
 0.7777778    0.1542469788E+001    0.2434539795E-001
 0.7878788    0.1538827515E+001    0.2095031738E-001
 0.7979798    0.1537481689E+001    0.2527160645E-001
 0.8080808    0.1555694580E+001    0.3811187744E-001
 0.8181818    0.1542617798E+001    0.2488555908E-001
 0.8282828    0.1543371582E+001    0.2801208496E-001
 0.8383838    0.1544277954E+001    0.2705535889E-001
 0.8484848    0.1535537720E+001    0.2308654785E-001
 0.8585859    0.1548439026E+001    0.2999572754E-001
 0.8686869    0.1550135803E+001    0.3465576172E-001
 0.8787879    0.1539987183E+001    0.3475189209E-001
 0.8888889    0.1541392517E+001    0.2932739258E-001
 0.8989899    0.1554077148E+001    0.2916717529E-001
 0.9090909    0.1540158081E+001    0.2499389648E-001
 0.9191919    0.1559611511E+001    0.3436126709E-001
 0.9292929    0.1551283264E+001    0.3067474365E-001
 0.9393939    0.1548257446E+001    0.3543548584E-001
 0.9494949    0.1538403320E+001    0.1930236816E-001
 0.9595960    0.1550813293E+001    0.3248138428E-001
 0.9696970    0.1543696594E+001    0.1983337402E-001
 0.9797980    0.1545022583E+001    0.3233337402E-001
 0.9898990    0.1551365662E+001    0.4344940186E-001
 1.0000000    0.1557388306E+001    0.3784637451E-001


