Compiled using GNU Fortran (Ubuntu 9.4.0-1ubuntu1~20.04.2) 9.4.0 with all optimizations
Last Brick update unknown
Compiled at 18:43:37 on Sep  2 2023
Starting at 16:56:20 on Sep 11 2023

Settings
OK                      

Forcefield
OK                      

Topology
OK                      

Configuration
OK                      Read from ./INPUT/restart.in

 F
Monte Carlo Simulation initialized.

#########################################################################################################################
###########################################   ENERGY STARTING CONFIGURATION   ###########################################
#########################################################################################################################
                                               Box 1               Box 2
-------------------------------------------------------------------------------------------------------------------------
Lennard Jones        
 Intermolecular                         -0.5617464218E+006  -0.3838382935E+005
 Tailcorrection                         -0.1401532460E+005  -0.9376096182E+003
Total Intermolecular                    -0.5757617464E+006  -0.3932143897E+005

Electrostatic        
 Real                                   -0.1627493259E+006  -0.5293933713E+004
 Exclusion                               0.9886297181E+007   0.2171681601E+007
 Selfterm                               -0.9918050975E+007  -0.2173871485E+007
 Fourier                                 0.1640041328E+005   0.2088874415E+004
Total Intermolecular                    -0.1781027068E+006  -0.5394943212E+004

Intramolecular       
 Lennard Jones                           0.0000000000E+000   0.0000000000E+000
 Electrostatic                           0.0000000000E+000   0.0000000000E+000
 Bending                                 0.0000000000E+000   0.0000000000E+000
 Torsion                                 0.0000000000E+000   0.0000000000E+000

Total                                   -0.7538644532E+006  -0.4471638218E+005

#########################################################################################################################

Simulation is running...



#########################################################################################################################
###############################################   RELATIVE ENERGY DRIFTS   ##############################################
#########################################################################################################################
                                               Box 1               Box 2                                                 
-------------------------------------------------------------------------------------------------------------------------

Lennard Jones        
 Intermolecular                          0.7137000670E-015   0.2671874661E-014
 Tailcorrection                          0.0000000000E+000   0.0000000000E+000

Electrostatic        
 Real                                    0.4706100649E-014   0.3619603830E-014
 Exclusion                               0.2192664796E-015   0.0000000000E+000
 Selfterm                                0.0000000000E+000   0.0000000000E+000
 Fourier                                 0.1320519402E-015   0.7698705409E-015

Intramolecular       
 Lennard Jones                           0.0000000000E+000   0.0000000000E+000
 Electrostatic                           0.0000000000E+000   0.0000000000E+000
 Bending                                 0.0000000000E+000   0.0000000000E+000
 Torsion                                 0.0000000000E+000   0.0000000000E+000

Total                                    0.2281481298E-014   0.4548454299E-014

#########################################################################################################################
############################################   TRIAL MOVE ACCEPTANCE RATES   ############################################
#########################################################################################################################
                                               Box 1               Box 2
-------------------------------------------------------------------------------------------------------------------------
Translation
 CO2                                          0.48951             0.50786
 AR                                           0.48016             0.60398
-------------------------------------------------------------------------------------------------------------------------
Rotation
 CO2                                          0.49411             0.73064
 AR                                           0.00000             0.00000
-------------------------------------------------------------------------------------------------------------------------
Lambda Move
 cd                                           0.74572             0.94252
 Ar                                           0.83015             0.96657
-------------------------------------------------------------------------------------------------------------------------
GE Swap Fractional
 cd                                           0.37795             0.36342
 Ar                                           0.48390             0.44008
-------------------------------------------------------------------------------------------------------------------------
GE Identity Change
 cd                                           0.82728             0.75933
 Ar                                           0.96959             0.87550
-------------------------------------------------------------------------------------------------------------------------
Volume                                        0.47702             0.51582

#########################################################################################################################
######################################################   AVERAGES   #####################################################
#########################################################################################################################
                                                       Boltzmann                                    Biased
                                               Box 1               Box 2                  Box 1               Box 2      
-------------------------------------------------------------------------------------------------------------------------
Density
 CO2                                     0.9264046654E+003   0.6315403690E+002      0.9254599200E+003   0.6318296544E+002
 AR                                      0.7056024785E+002   0.7162164245E+002      0.7063652419E+002   0.7172636283E+002
 Total                                   0.9969649132E+003   0.1347756794E+003      0.9960964442E+003   0.1349093283E+003

Number of molecules
 CO2                                     0.4925893912E+003   0.2074106088E+003      0.4928956100E+003   0.2071043900E+003
 AR                                      0.4140661715E+002   0.2585933829E+003      0.4151980000E+002   0.2584802000E+003
 Total                                   0.5339960083E+003   0.4660039917E+003      0.5344154100E+003   0.4655845900E+003

Mole fractions
 CO2                                          0.92246             0.44508                 0.92231             0.44483
 AR                                           0.07754             0.55492                 0.07769             0.55517

Volume                                   0.3887913588E+005   0.2404837855E+006      0.3894286375E+005   0.2400244039E+006

#########################################################################################################################
#######################################   PROPERTIES FROM THE CFC GIBBS ENSEMBLE   ######################################
#########################################################################################################################
                                                       Boltzmann                                    Biased
                                               Box 1               Box 2                  Box 1               Box 2      
Chemical Potentials (as an indication)
=========================================================================================================================

Total cd                                -0.1945465410E+004  -0.1946800498E+004     -0.1945723551E+004  -0.1946684634E+004
 Ideal gas                              -0.1105104832E+004  -0.1784595628E+004     -0.1105362973E+004  -0.1784479765E+004
 Excess                                 -0.8403605780E+003  -0.1622048695E+003     -0.8403605780E+003  -0.1622048695E+003

-------------------------------------------------------------------------------------------------------------------------

Total Ar                                -0.1784421430E+004  -0.1783527698E+004     -0.1784148083E+004  -0.1783158049E+004
 Ideal gas                              -0.1732040337E+004  -0.1728262952E+004     -0.1731766989E+004  -0.1727893303E+004
 Excess                                 -0.5238109388E+002  -0.5526474605E+002     -0.5238109388E+002  -0.5526474605E+002

-------------------------------------------------------------------------------------------------------------------------

#########################################################################################################################
#########################################   PROPERTIES FROM UMBRELLA SAMPLING   #########################################
#########################################################################################################################

Excess Partial Molar Enthalpy
=========================================================================================================================


Partial Molar Volume
=========================================================================================================================


#########################################################################################################################
##################################################   AVERAGE ENERGIES   #################################################
#########################################################################################################################
                                                       Boltzmann                                    Biased
                                               Box 1               Box 2                  Box 1               Box 2      
-------------------------------------------------------------------------------------------------------------------------
Lennard Jones        
 Intermolecular                         -0.5294859012E+006  -0.5113756277E+005     -0.5295818666E+006  -0.5104263831E+005
 Tailcorrection                         -0.1297484692E+005  -0.1133117805E+004     -0.1297824052E+005  -0.1131425597E+004
Total Intermolecular                    -0.5424607481E+006  -0.5227068057E+005     -0.5425601072E+006  -0.5217406390E+005

Electrostatic        
 Real                                   -0.1531232903E+006  -0.6972235401E+004     -0.1530196760E+006  -0.6962763684E+004
 Exclusion                               0.9021781387E+007   0.2816829941E+007      0.9025406129E+007   0.2812256625E+007
 Selfterm                               -0.9050758836E+007  -0.2819670507E+007     -0.9054395052E+007  -0.2815092550E+007
 Fourier                                 0.1388529831E+005   0.2601012380E+004      0.1390727102E+005   0.2597363098E+004
Total Intermolecular                    -0.1682154410E+006  -0.7211788564E+004     -0.1681013276E+006  -0.7201325419E+004

Intramolecular       
 Lennard Jones                           0.0000000000E+000   0.0000000000E+000      0.0000000000E+000   0.0000000000E+000
 Electrostatic                           0.0000000000E+000   0.0000000000E+000      0.0000000000E+000   0.0000000000E+000
 Bending                                 0.0000000000E+000   0.0000000000E+000      0.0000000000E+000   0.0000000000E+000
 Torsion                                 0.0000000000E+000   0.0000000000E+000      0.0000000000E+000   0.0000000000E+000

Total                                   -0.7106761892E+006  -0.5948246913E+005     -0.7106614347E+006  -0.5937538932E+005

#########################################################################################################################

No errors found in bookkeeping.

Total simulation time:  17 hours and  26 minutes

Simulation finished.

