#   100 bins for weightfunction of cd                      
 0.0000000    0.3078027344E+001    0.1750195312E+001
 0.0101010    0.3076660156E+001    0.1754687500E+001
 0.0202020    0.3130615234E+001    0.1770092773E+001
 0.0303030    0.3108349609E+001    0.1722680664E+001
 0.0404040    0.3110009766E+001    0.1726220703E+001
 0.0505051    0.3242651367E+001    0.1767968750E+001
 0.0606061    0.3258520508E+001    0.1750756836E+001
 0.0707071    0.3336816406E+001    0.1768383789E+001
 0.0808081    0.3385375977E+001    0.1755273437E+001
 0.0909091    0.3446777344E+001    0.1773828125E+001
 0.1010101    0.3510424805E+001    0.1783276367E+001
 0.1111111    0.3572973633E+001    0.1802465820E+001
 0.1212121    0.3633422852E+001    0.1803588867E+001
 0.1313131    0.3625097656E+001    0.1778222656E+001
 0.1414141    0.3681005859E+001    0.1766430664E+001
 0.1515152    0.3691601562E+001    0.1755468750E+001
 0.1616162    0.3700537109E+001    0.1710986328E+001
 0.1717172    0.3676953125E+001    0.1723657227E+001
 0.1818182    0.3676586914E+001    0.1714306641E+001
 0.1919192    0.3629516602E+001    0.1705615234E+001
 0.2020202    0.3614648437E+001    0.1693261719E+001
 0.2121212    0.3536718750E+001    0.1648608398E+001
 0.2222222    0.3512500000E+001    0.1648461914E+001
 0.2323232    0.3476660156E+001    0.1591552734E+001
 0.2424242    0.3346484375E+001    0.1625683594E+001
 0.2525253    0.3316625977E+001    0.1576220703E+001
 0.2626263    0.3249145508E+001    0.1526000977E+001
 0.2727273    0.3170971680E+001    0.1525952148E+001
 0.2828283    0.3114038086E+001    0.1438989258E+001
 0.2929293    0.3038647461E+001    0.1527319336E+001
 0.3030303    0.2980346680E+001    0.1471923828E+001
 0.3131313    0.2834375000E+001    0.1361962891E+001
 0.3232323    0.2797436523E+001    0.1365844727E+001
 0.3333333    0.2649121094E+001    0.1314135742E+001
 0.3434343    0.2651562500E+001    0.1372656250E+001
 0.3535354    0.2529492187E+001    0.1253491211E+001
 0.3636364    0.2483935547E+001    0.1289160156E+001
 0.3737374    0.2412402344E+001    0.1250683594E+001
 0.3838384    0.2284570312E+001    0.1204858398E+001
 0.3939394    0.2139892578E+001    0.1124560547E+001
 0.4040404    0.2101586914E+001    0.1136865234E+001
 0.4141414    0.1971386719E+001    0.1100610352E+001
 0.4242424    0.1884204102E+001    0.1103100586E+001
 0.4343434    0.1781713867E+001    0.1046655273E+001
 0.4444444    0.1659692383E+001    0.1001660156E+001
 0.4545455    0.1569189453E+001    0.9791503906E+000
 0.4646465    0.1484912109E+001    0.9726074219E+000
 0.4747475    0.1371386719E+001    0.9357666016E+000
 0.4848485    0.1260766602E+001    0.8338623047E+000
 0.4949495    0.1154394531E+001    0.8536132813E+000
 0.5050505    0.1070312500E+001    0.8356689453E+000
 0.5151515    0.1096630859E+001    0.8122070313E+000
 0.5252525    0.1083178711E+001    0.8188720703E+000
 0.5353535    0.1145996094E+001    0.8473632813E+000
 0.5454545    0.1094531250E+001    0.7909667969E+000
 0.5555556    0.1116503906E+001    0.8582519531E+000
 0.5656566    0.1121191406E+001    0.8130126953E+000
 0.5757576    0.1082836914E+001    0.7923339844E+000
 0.5858586    0.1083911133E+001    0.8014892578E+000
 0.5959596    0.1054199219E+001    0.8076171875E+000
 0.6060606    0.1052661133E+001    0.8200927734E+000
 0.6161616    0.1043237305E+001    0.8051269531E+000
 0.6262626    0.1032446289E+001    0.7979492188E+000
 0.6363636    0.1025170898E+001    0.7677001953E+000
 0.6464646    0.1030908203E+001    0.8188232422E+000
 0.6565657    0.9774169922E+000    0.8302490234E+000
 0.6666667    0.9742187500E+000    0.7939697266E+000
 0.6767677    0.9765625000E+000    0.7524658203E+000
 0.6868687    0.9502685547E+000    0.8036132813E+000
 0.6969697    0.9517333984E+000    0.7608886719E+000
 0.7070707    0.9330810547E+000    0.8138183594E+000
 0.7171717    0.9005859375E+000    0.7866699219E+000
 0.7272727    0.8862304688E+000    0.7893310547E+000
 0.7373737    0.8344238281E+000    0.7465820313E+000
 0.7474747    0.8189941406E+000    0.7763427734E+000
 0.7575758    0.8393798828E+000    0.7869628906E+000
 0.7676768    0.7639404297E+000    0.7444824219E+000
 0.7777778    0.7730712891E+000    0.7607421875E+000
 0.7878788    0.7019042969E+000    0.7428955078E+000
 0.7979798    0.7189453125E+000    0.7488281250E+000
 0.8080808    0.6921875000E+000    0.7589843750E+000
 0.8181818    0.6562744141E+000    0.7317871094E+000
 0.8282828    0.6178222656E+000    0.7177978516E+000
 0.8383838    0.6193115234E+000    0.7468505859E+000
 0.8484848    0.5563232422E+000    0.7218994141E+000
 0.8585859    0.5194335938E+000    0.7004882813E+000
 0.8686869    0.5174072266E+000    0.7355957031E+000
 0.8787879    0.4707275391E+000    0.7016113281E+000
 0.8888889    0.4613525391E+000    0.7195800781E+000
 0.8989899    0.3822509766E+000    0.6828857422E+000
 0.9090909    0.3639160156E+000    0.6853515625E+000
 0.9191919    0.3196289063E+000    0.6781250000E+000
 0.9292929    0.2888671875E+000    0.6421630859E+000
 0.9393939    0.2726562500E+000    0.6940917969E+000
 0.9494949    0.2350585938E+000    0.6570068359E+000
 0.9595960    0.2301269531E+000    0.6717041016E+000
 0.9696970    0.1313232422E+000    0.6443603516E+000
 0.9797980    0.9035644531E-001    0.6166015625E+000
 0.9898990    0.4582519531E-001    0.6219482422E+000
 1.0000000    0.0000000000E+000    0.5891845703E+000


#   100 bins for weightfunction of Ar                      
 0.0000000    0.1767749023E+001    0.4519287109E+000
 0.0101010    0.1778637695E+001    0.4496582031E+000
 0.0202020    0.1774682617E+001    0.4325439453E+000
 0.0303030    0.1803515625E+001    0.4461425781E+000
 0.0404040    0.1842553711E+001    0.4590332031E+000
 0.0505051    0.1880224609E+001    0.4791015625E+000
 0.0606061    0.1931713867E+001    0.4906250000E+000
 0.0707071    0.1968164062E+001    0.4646240234E+000
 0.0808081    0.2050756836E+001    0.5038574219E+000
 0.0909091    0.2127197266E+001    0.5269287109E+000
 0.1010101    0.2158618164E+001    0.4854492188E+000
 0.1111111    0.2199365234E+001    0.5049316406E+000
 0.1212121    0.2316796875E+001    0.5257080078E+000
 0.1313131    0.2367211914E+001    0.5119384766E+000
 0.1414141    0.2395556641E+001    0.5336425781E+000
 0.1515152    0.2453491211E+001    0.5178222656E+000
 0.1616162    0.2500097656E+001    0.5240234375E+000
 0.1717172    0.2539990234E+001    0.5299072266E+000
 0.1818182    0.2552563477E+001    0.4998535156E+000
 0.1919192    0.2579321289E+001    0.5250488281E+000
 0.2020202    0.2601416016E+001    0.5259277344E+000
 0.2121212    0.2570166016E+001    0.5041015625E+000
 0.2222222    0.2578442383E+001    0.4881591797E+000
 0.2323232    0.2555151367E+001    0.4600341797E+000
 0.2424242    0.2536596680E+001    0.4937988281E+000
 0.2525253    0.2487329102E+001    0.4758056641E+000
 0.2626263    0.2451635742E+001    0.4474365234E+000
 0.2727273    0.2430078125E+001    0.4203125000E+000
 0.2828283    0.2411450195E+001    0.4082763672E+000
 0.2929293    0.2370629883E+001    0.3942382813E+000
 0.3030303    0.2346630859E+001    0.3868164063E+000
 0.3131313    0.2315234375E+001    0.3505859375E+000
 0.3232323    0.2259155273E+001    0.3409423828E+000
 0.3333333    0.2173828125E+001    0.3387695313E+000
 0.3434343    0.2197192383E+001    0.3401123047E+000
 0.3535354    0.2134228516E+001    0.3271484375E+000
 0.3636364    0.2051879883E+001    0.2962158203E+000
 0.3737374    0.2030493164E+001    0.2890625000E+000
 0.3838384    0.1982128906E+001    0.2327636719E+000
 0.3939394    0.1912475586E+001    0.2547607422E+000
 0.4040404    0.1895874023E+001    0.2303710938E+000
 0.4141414    0.1835473633E+001    0.2226318359E+000
 0.4242424    0.1794287109E+001    0.2007080078E+000
 0.4343434    0.1723437500E+001    0.1869873047E+000
 0.4444444    0.1689404297E+001    0.1618896484E+000
 0.4545455    0.1626708984E+001    0.1111816406E+000
 0.4646465    0.1597241211E+001    0.1321533203E+000
 0.4747475    0.1524731445E+001    0.1311035156E+000
 0.4848485    0.1456518555E+001    0.8059082031E-001
 0.4949495    0.1398583984E+001    0.6057128906E-001
 0.5050505    0.1399731445E+001    0.4248046875E-001
 0.5151515    0.1389257812E+001    0.2612304688E-001
 0.5252525    0.1378466797E+001    0.3923339844E-001
 0.5353535    0.1395141602E+001    0.7290039063E-001
 0.5454545    0.1378906250E+001    0.4487304688E-001
 0.5555556    0.1375219727E+001    0.5297851563E-001
 0.5656566    0.1377856445E+001    0.6323242188E-001
 0.5757576    0.1388964844E+001    0.6484375000E-001
 0.5858586    0.1399536133E+001    0.7700195313E-001
 0.5959596    0.1399096680E+001    0.5847167969E-001
 0.6060606    0.1389208984E+001    0.2902832031E-001
 0.6161616    0.1380444336E+001    0.5827636719E-001
 0.6262626    0.1383544922E+001    0.0000000000E+000
 0.6363636    0.1373608398E+001    0.1022949219E-001
 0.6464646    0.1363085937E+001    0.3845214844E-001
 0.6565657    0.1382714844E+001    0.3515625000E-001
 0.6666667    0.1385351562E+001    0.4655761719E-001
 0.6767677    0.1376904297E+001    0.3657226563E-001
 0.6868687    0.1373291016E+001    0.5119628906E-001
 0.6969697    0.1387963867E+001    0.4404296875E-001
 0.7070707    0.1388476562E+001    0.4289550781E-001
 0.7171717    0.1392089844E+001    0.5437011719E-001
 0.7272727    0.1375830078E+001    0.3801269531E-001
 0.7373737    0.1377001953E+001    0.2675781250E-001
 0.7474747    0.1386572266E+001    0.5036621094E-001
 0.7575758    0.1400683594E+001    0.5749511719E-001
 0.7676768    0.1374829102E+001    0.2121582031E-001
 0.7777778    0.1367846680E+001    0.3266601563E-001
 0.7878788    0.1385253906E+001    0.5664062500E-001
 0.7979798    0.1372583008E+001    0.2995605469E-001
 0.8080808    0.1386181641E+001    0.3674316406E-001
 0.8181818    0.1366650391E+001    0.3066406250E-001
 0.8282828    0.1367700195E+001    0.4028320313E-001
 0.8383838    0.1374511719E+001    0.3605957031E-001
 0.8484848    0.1372924805E+001    0.4572753906E-001
 0.8585859    0.1365380859E+001    0.2573242188E-001
 0.8686869    0.1370288086E+001    0.3115234375E-001
 0.8787879    0.1399389648E+001    0.5275878906E-001
 0.8888889    0.1387939453E+001    0.4907226563E-001
 0.8989899    0.1394921875E+001    0.5307617188E-001
 0.9090909    0.1392431641E+001    0.4802246094E-001
 0.9191919    0.1372460937E+001    0.3818359375E-001
 0.9292929    0.1380541992E+001    0.3884277344E-001
 0.9393939    0.1366772461E+001    0.2880859375E-001
 0.9494949    0.1378955078E+001    0.3366699219E-001
 0.9595960    0.1398486328E+001    0.6149902344E-001
 0.9696970    0.1365502930E+001    0.2775878906E-001
 0.9797980    0.1362451172E+001    0.2429199219E-001
 0.9898990    0.1385205078E+001    0.3464355469E-001
 1.0000000    0.1373803711E+001    0.4484863281E-001


