#   100 bins for weightfunction of cd                      
 0.0000000    0.3356958008E+001    0.1626629639E+001
 0.0101010    0.3312243652E+001    0.1567700195E+001
 0.0202020    0.3390509033E+001    0.1630090332E+001
 0.0303030    0.3413635254E+001    0.1632928467E+001
 0.0404040    0.3449682617E+001    0.1605407715E+001
 0.0505051    0.3539508057E+001    0.1635632324E+001
 0.0606061    0.3565118408E+001    0.1618273926E+001
 0.0707071    0.3675036621E+001    0.1631384277E+001
 0.0808081    0.3749096680E+001    0.1614166260E+001
 0.0909091    0.3835314941E+001    0.1626843262E+001
 0.1010101    0.3924932861E+001    0.1637707520E+001
 0.1111111    0.4026446533E+001    0.1646844482E+001
 0.1212121    0.4068475342E+001    0.1623571777E+001
 0.1313131    0.4099908447E+001    0.1632763672E+001
 0.1414141    0.4140881348E+001    0.1606616211E+001
 0.1515152    0.4167535400E+001    0.1594635010E+001
 0.1616162    0.4149768066E+001    0.1566479492E+001
 0.1717172    0.4158239746E+001    0.1578839111E+001
 0.1818182    0.4156738281E+001    0.1571246338E+001
 0.1919192    0.4171838379E+001    0.1556945801E+001
 0.2020202    0.4104455566E+001    0.1551629639E+001
 0.2121212    0.4067517090E+001    0.1530499268E+001
 0.2222222    0.3991320801E+001    0.1512670898E+001
 0.2323232    0.3933093262E+001    0.1510449219E+001
 0.2424242    0.3913818359E+001    0.1501824951E+001
 0.2525253    0.3834851074E+001    0.1503881836E+001
 0.2626263    0.3729669189E+001    0.1474670410E+001
 0.2727273    0.3693572998E+001    0.1455920410E+001
 0.2828283    0.3623834229E+001    0.1434796143E+001
 0.2929293    0.3518615723E+001    0.1434899902E+001
 0.3030303    0.3440179443E+001    0.1425231934E+001
 0.3131313    0.3331848145E+001    0.1419055176E+001
 0.3232323    0.3210345459E+001    0.1392370605E+001
 0.3333333    0.3146148682E+001    0.1376226807E+001
 0.3434343    0.3041809082E+001    0.1372967529E+001
 0.3535354    0.2942706299E+001    0.1353222656E+001
 0.3636364    0.2837316895E+001    0.1348004150E+001
 0.3737374    0.2716430664E+001    0.1311804199E+001
 0.3838384    0.2644964600E+001    0.1296807861E+001
 0.3939394    0.2521911621E+001    0.1292614746E+001
 0.4040404    0.2429199219E+001    0.1282025146E+001
 0.4141414    0.2318426514E+001    0.1261309814E+001
 0.4242424    0.2208630371E+001    0.1252117920E+001
 0.4343434    0.2090167236E+001    0.1230718994E+001
 0.4444444    0.1979620361E+001    0.1201580811E+001
 0.4545455    0.1889428711E+001    0.1187091064E+001
 0.4646465    0.1762457275E+001    0.1169128418E+001
 0.4747475    0.1660620117E+001    0.1148046875E+001
 0.4848485    0.1516143799E+001    0.1139221191E+001
 0.4949495    0.1434588623E+001    0.1107843018E+001
 0.5050505    0.1342474365E+001    0.1123791504E+001
 0.5151515    0.1335559082E+001    0.1112219238E+001
 0.5252525    0.1369592285E+001    0.1096948242E+001
 0.5353535    0.1345324707E+001    0.1134667969E+001
 0.5454545    0.1349353027E+001    0.1116674805E+001
 0.5555556    0.1333447266E+001    0.1124114990E+001
 0.5656566    0.1314086914E+001    0.1111688232E+001
 0.5757576    0.1326849365E+001    0.1113769531E+001
 0.5858586    0.1290612793E+001    0.1102838135E+001
 0.5959596    0.1289245605E+001    0.1114630127E+001
 0.6060606    0.1290100098E+001    0.1102972412E+001
 0.6161616    0.1298382568E+001    0.1100659180E+001
 0.6262626    0.1274450684E+001    0.1117071533E+001
 0.6363636    0.1255700684E+001    0.1114007568E+001
 0.6464646    0.1243048096E+001    0.1094366455E+001
 0.6565657    0.1222222900E+001    0.1102502441E+001
 0.6666667    0.1190338135E+001    0.1086285400E+001
 0.6767677    0.1174890137E+001    0.1106994629E+001
 0.6868687    0.1172656250E+001    0.1076922607E+001
 0.6969697    0.1155218506E+001    0.1098443604E+001
 0.7070707    0.1121972656E+001    0.1099011230E+001
 0.7171717    0.1080712891E+001    0.1066259766E+001
 0.7272727    0.1070300293E+001    0.1103601074E+001
 0.7373737    0.1034002686E+001    0.1072003174E+001
 0.7474747    0.1035064697E+001    0.1098510742E+001
 0.7575758    0.9639587402E+000    0.1059490967E+001
 0.7676768    0.9709533691E+000    0.1077001953E+001
 0.7777778    0.9329101563E+000    0.1086694336E+001
 0.7878788    0.8962280273E+000    0.1072595215E+001
 0.7979798    0.8821594238E+000    0.1079858398E+001
 0.8080808    0.8354858398E+000    0.1067950439E+001
 0.8181818    0.8001525879E+000    0.1069604492E+001
 0.8282828    0.7601318359E+000    0.1046630859E+001
 0.8383838    0.7191894531E+000    0.1058575439E+001
 0.8484848    0.6918884277E+000    0.1057025146E+001
 0.8585859    0.6574401855E+000    0.1048889160E+001
 0.8686869    0.6087951660E+000    0.1053692627E+001
 0.8787879    0.5673339844E+000    0.1054620361E+001
 0.8888889    0.5265869141E+000    0.1036621094E+001
 0.8989899    0.4961975098E+000    0.1026013184E+001
 0.9090909    0.4353210449E+000    0.1023468018E+001
 0.9191919    0.3838195801E+000    0.1024426270E+001
 0.9292929    0.3524169922E+000    0.1016925049E+001
 0.9393939    0.3096435547E+000    0.1025817871E+001
 0.9494949    0.2546569824E+000    0.1007092285E+001
 0.9595960    0.2136474609E+000    0.1016448975E+001
 0.9696970    0.1364807129E+000    0.9861755371E+000
 0.9797980    0.1037109375E+000    0.9919860840E+000
 0.9898990    0.6915893555E-001    0.1002416992E+001
 1.0000000    0.0000000000E+000    0.9611999512E+000


#   100 bins for weightfunction of Ar                      
 0.0000000    0.1956637573E+001    0.2256530762E+000
 0.0101010    0.1963830566E+001    0.2227569580E+000
 0.0202020    0.1971372986E+001    0.2077178955E+000
 0.0303030    0.2027433777E+001    0.2493545532E+000
 0.0404040    0.2031805420E+001    0.2443740845E+000
 0.0505051    0.2073559570E+001    0.2364639282E+000
 0.0606061    0.2104844666E+001    0.2157028198E+000
 0.0707071    0.2188691711E+001    0.2258697510E+000
 0.0808081    0.2264744568E+001    0.2493591309E+000
 0.0909091    0.2330442810E+001    0.2449447632E+000
 0.1010101    0.2428541565E+001    0.2391586304E+000
 0.1111111    0.2495332336E+001    0.2182373047E+000
 0.1212121    0.2610971069E+001    0.2711715698E+000
 0.1313131    0.2680012512E+001    0.2422988892E+000
 0.1414141    0.2739305115E+001    0.2350296021E+000
 0.1515152    0.2798722839E+001    0.2267578125E+000
 0.1616162    0.2879096985E+001    0.2586105347E+000
 0.1717172    0.2880386353E+001    0.2270248413E+000
 0.1818182    0.2958947754E+001    0.2382369995E+000
 0.1919192    0.2984819031E+001    0.2656539917E+000
 0.2020202    0.2975657654E+001    0.2177429199E+000
 0.2121212    0.3007331848E+001    0.2078155518E+000
 0.2222222    0.3007763672E+001    0.2051422119E+000
 0.2323232    0.2995252991E+001    0.1787872314E+000
 0.2424242    0.2977517700E+001    0.2201477051E+000
 0.2525253    0.2949343872E+001    0.1870864868E+000
 0.2626263    0.2928486633E+001    0.1976776123E+000
 0.2727273    0.2870901489E+001    0.1708663940E+000
 0.2828283    0.2847879028E+001    0.1693679810E+000
 0.2929293    0.2836224365E+001    0.1813430786E+000
 0.3030303    0.2789006042E+001    0.1517105103E+000
 0.3131313    0.2723297119E+001    0.1715576172E+000
 0.3232323    0.2691011047E+001    0.1575683594E+000
 0.3333333    0.2644972229E+001    0.1280288696E+000
 0.3434343    0.2618905640E+001    0.1165710449E+000
 0.3535354    0.2573974609E+001    0.1359939575E+000
 0.3636364    0.2527787781E+001    0.1257766724E+000
 0.3737374    0.2465797424E+001    0.1009506226E+000
 0.3838384    0.2390470886E+001    0.9437255859E-001
 0.3939394    0.2367021179E+001    0.1301193237E+000
 0.4040404    0.2339862061E+001    0.1060195923E+000
 0.4141414    0.2281521606E+001    0.8401336670E-001
 0.4242424    0.2179110718E+001    0.1064010620E+000
 0.4343434    0.2133885193E+001    0.7023773193E-001
 0.4444444    0.2083877563E+001    0.6641235352E-001
 0.4545455    0.2015599060E+001    0.5309295654E-001
 0.4646465    0.1969561768E+001    0.3239593506E-001
 0.4747475    0.1906346130E+001    0.3614807129E-001
 0.4848485    0.1853660583E+001    0.1565704346E-001
 0.4949495    0.1777606201E+001    0.2125549316E-001
 0.5050505    0.1724174500E+001    0.1305084229E-001
 0.5151515    0.1733522034E+001    0.1718139648E-002
 0.5252525    0.1746934509E+001    0.2793884277E-001
 0.5353535    0.1742532349E+001    0.2075195313E-001
 0.5454545    0.1733781433E+001    0.1162567139E-001
 0.5555556    0.1751977539E+001    0.3894042969E-002
 0.5656566    0.1750410461E+001    0.2019042969E-001
 0.5757576    0.1733166504E+001    0.2584381104E-001
 0.5858586    0.1746578979E+001    0.2563018799E-001
 0.5959596    0.1725410461E+001    0.3249053955E-001
 0.6060606    0.1760568237E+001    0.1219482422E-001
 0.6161616    0.1758682251E+001    0.5763244629E-002
 0.6262626    0.1740463257E+001    0.2806396484E-001
 0.6363636    0.1724194336E+001    0.0000000000E+000
 0.6464646    0.1740644836E+001    0.3694152832E-001
 0.6565657    0.1722486877E+001    0.3610076904E-001
 0.6666667    0.1746408081E+001    0.1108245850E-001
 0.6767677    0.1728945923E+001    0.6066894531E-002
 0.6868687    0.1731555176E+001    0.8743286133E-002
 0.6969697    0.1736808777E+001    0.2713165283E-001
 0.7070707    0.1726435852E+001    0.1948242188E-001
 0.7171717    0.1736540222E+001    0.2602233887E-001
 0.7272727    0.1733363342E+001    0.3354492188E-001
 0.7373737    0.1749209595E+001    0.4798126221E-001
 0.7474747    0.1731851196E+001    0.2866668701E-001
 0.7575758    0.1747007751E+001    0.2074584961E-001
 0.7676768    0.1735707092E+001    0.3061981201E-001
 0.7777778    0.1739073181E+001    0.3544311523E-001
 0.7878788    0.1744168091E+001    0.4539031982E-001
 0.7979798    0.1739508057E+001    0.4739685059E-001
 0.8080808    0.1736524963E+001    0.2671203613E-001
 0.8181818    0.1735787964E+001    0.3990478516E-001
 0.8282828    0.1740394592E+001    0.3339385986E-001
 0.8383838    0.1756056213E+001    0.3099517822E-001
 0.8484848    0.1741537476E+001    0.3373260498E-001
 0.8585859    0.1734347534E+001    0.2731781006E-001
 0.8686869    0.1731684875E+001    0.2857971191E-001
 0.8787879    0.1714462280E+001    0.1757659912E-001
 0.8888889    0.1716676331E+001    0.2259216309E-001
 0.8989899    0.1753181458E+001    0.4534912109E-001
 0.9090909    0.1730963135E+001    0.2677154541E-001
 0.9191919    0.1754452515E+001    0.5700073242E-001
 0.9292929    0.1732133484E+001    0.2654266357E-001
 0.9393939    0.1730163574E+001    0.2759246826E-001
 0.9494949    0.1708969116E+001    0.1644134521E-001
 0.9595960    0.1749438477E+001    0.4811859131E-001
 0.9696970    0.1730448914E+001    0.3426971436E-001
 0.9797980    0.1734048462E+001    0.3547973633E-001
 0.9898990    0.1736622620E+001    0.3477172852E-001
 1.0000000    0.1718550110E+001    0.3636779785E-001


