 0.0000000   0.1463989066E+000   0.1059577392E+001   0.6752927101E+000   0.1000573707E+001
 0.0101010   0.1454505053E+000   0.1037740669E+001   0.6804290543E+000   0.9810260487E+000
 0.0202020   0.1422371839E+000   0.1043118283E+001   0.6624065698E+000   0.9598042307E+000
 0.0303030   0.1378007992E+000   0.1059114602E+001   0.6728841456E+000   0.9885158956E+000
 0.0404040   0.1327439561E+000   0.1054074825E+001   0.6722202458E+000   0.9686821913E+000
 0.0505051   0.1241604551E+000   0.1089193606E+001   0.6657686906E+000   0.9967691173E+000
 0.0606061   0.1160860000E+000   0.1065371516E+001   0.6732847892E+000   0.1008200435E+001
 0.0707071   0.1058658065E+000   0.1055544181E+001   0.6739368225E+000   0.1002154858E+001
 0.0808081   0.9779498229E-001   0.1078484657E+001   0.6767133362E+000   0.1011406609E+001
 0.0909091   0.8750154970E-001   0.1049754685E+001   0.6645645702E+000   0.9895460128E+000
 0.1010101   0.8139280871E-001   0.1056522981E+001   0.6742454710E+000   0.1011069671E+001
 0.1111111   0.7470463256E-001   0.1055791774E+001   0.6738296032E+000   0.9802609190E+000
 0.1212121   0.7041112529E-001   0.1044390954E+001   0.6750600167E+000   0.1000845714E+001
 0.1313131   0.6483875470E-001   0.1017528338E+001   0.6844762584E+000   0.9719883936E+000
 0.1414141   0.6259508847E-001   0.9868430796E+000   0.6801515552E+000   0.9829809900E+000
 0.1515152   0.6175039176E-001   0.1012597315E+001   0.7001962324E+000   0.9886352277E+000
 0.1616162   0.6022333536E-001   0.1033996702E+001   0.7003652550E+000   0.1013165003E+001
 0.1717172   0.5976521622E-001   0.1014145346E+001   0.7005766303E+000   0.9824334660E+000
 0.1818182   0.6093292635E-001   0.1007004504E+001   0.7118978054E+000   0.9974201794E+000
 0.1919192   0.6169823736E-001   0.9871415788E+000   0.7134541581E+000   0.9602745397E+000
 0.2020202   0.6480212544E-001   0.1028790320E+001   0.7209971413E+000   0.9788324431E+000
 0.2121212   0.6630155698E-001   0.1016896630E+001   0.7342763951E+000   0.9882158104E+000
 0.2222222   0.7068130166E-001   0.9925006812E+000   0.7412044183E+000   0.9868452456E+000
 0.2323232   0.7301204670E-001   0.1002048029E+001   0.7451524654E+000   0.9873717109E+000
 0.2424242   0.7844909264E-001   0.9750604588E+000   0.7542432080E+000   0.9869242154E+000
 0.2525253   0.8390884826E-001   0.1007316887E+001   0.7618340882E+000   0.9634543904E+000
 0.2626263   0.9003979955E-001   0.9870929859E+000   0.7779910990E+000   0.9905515616E+000
 0.2727273   0.9657270719E-001   0.9897841068E+000   0.7851514253E+000   0.1006826360E+001
 0.2828283   0.1042966301E+000   0.9548180460E+000   0.7976324570E+000   0.9833530255E+000
 0.2929293   0.1132310278E+000   0.9945045598E+000   0.8104488368E+000   0.9909183324E+000
 0.3030303   0.1253239679E+000   0.9957263241E+000   0.8191872963E+000   0.9907919808E+000
 0.3131313   0.1326136009E+000   0.9462633820E+000   0.8322141888E+000   0.9862784179E+000
 0.3232323   0.1496519957E+000   0.9596865915E+000   0.8494129630E+000   0.9902742898E+000
 0.3333333   0.1636441715E+000   0.9628566996E+000   0.8577026705E+000   0.9947159025E+000
 0.3434343   0.1778182838E+000   0.9400805143E+000   0.8736724195E+000   0.1017090680E+001
 0.3535354   0.1995744847E+000   0.9615770867E+000   0.8774255841E+000   0.1008962055E+001
 0.3636364   0.2206304059E+000   0.9596796497E+000   0.8999001925E+000   0.9729886778E+000
 0.3737374   0.2400765014E+000   0.9678640821E+000   0.9194158682E+000   0.1047759041E+001
 0.3838384   0.2673148295E+000   0.9709277486E+000   0.9239293027E+000   0.9832477324E+000
 0.3939394   0.3025411644E+000   0.9718810949E+000   0.9391584276E+000   0.9863345742E+000
 0.4040404   0.3336386362E+000   0.9808754089E+000   0.9523504192E+000   0.1000763234E+001
 0.4141414   0.3686948708E+000   0.9761179328E+000   0.9790415404E+000   0.1002203995E+001
 0.4242424   0.4156809632E+000   0.9743523909E+000   0.9965072005E+000   0.1024162864E+001
 0.4343434   0.4658274928E+000   0.9885970518E+000   0.1011124265E+001   0.1012785948E+001
 0.4444444   0.5140493420E+000   0.9661494469E+000   0.1033883424E+001   0.1014530303E+001
 0.4545455   0.5875823625E+000   0.1016056667E+001   0.1050515595E+001   0.9808452956E+000
 0.4646465   0.6617831160E+000   0.9907953019E+000   0.1061679634E+001   0.9755315054E+000
 0.4747475   0.7347791089E+000   0.9932712257E+000   0.1082751384E+001   0.1005736577E+001
 0.4848485   0.8382607638E+000   0.1001265914E+001   0.1105273252E+001   0.1004908271E+001
 0.4949495   0.9303132516E+000   0.9965824846E+000   0.1120709127E+001   0.1006241984E+001
 0.5050505   0.9857928430E+000   0.9851006771E+000   0.1134279638E+001   0.1018103248E+001
 0.5151515   0.1009275255E+001   0.1023799135E+001   0.1144918097E+001   0.1003209543E+001
 0.5252525   0.9894860167E+000   0.9555307418E+000   0.1133972649E+001   0.1013909074E+001
 0.5353535   0.1006063325E+001   0.1017530651E+001   0.1144079591E+001   0.9998594689E+000
 0.5454545   0.1016593118E+001   0.9916260091E+000   0.1130205614E+001   0.9895688263E+000
 0.5555556   0.1010451507E+001   0.1015954853E+001   0.1134370793E+001   0.9865697287E+000
 0.5656566   0.1015493303E+001   0.9759582705E+000   0.1132658014E+001   0.9867469721E+000
 0.5757576   0.1027093988E+001   0.9766617105E+000   0.1137332052E+001   0.1001758254E+001
 0.5858586   0.1034623897E+001   0.9840200636E+000   0.1141551520E+001   0.1012680655E+001
 0.5959596   0.1052273198E+001   0.9900826061E+000   0.1154437404E+001   0.1010378246E+001
 0.6060606   0.1080956768E+001   0.9935650971E+000   0.1141721734E+001   0.1015040974E+001
 0.6161616   0.1072292354E+001   0.9656357506E+000   0.1132465022E+001   0.9901198600E+000
 0.6262626   0.1112362638E+001   0.1019291566E+001   0.1152565310E+001   0.1032781102E+001
 0.6363636   0.1110772502E+001   0.9805699678E+000   0.1140211337E+001   0.9913588085E+000
 0.6464646   0.1126191947E+001   0.9831153101E+000   0.1157901714E+001   0.1005118858E+001
 0.6565657   0.1131196881E+001   0.9718070486E+000   0.1142655372E+001   0.9965567763E+000
 0.6666667   0.1185357831E+001   0.9997988717E+000   0.1141451217E+001   0.1010850310E+001
 0.6767677   0.1190227363E+001   0.9808661531E+000   0.1145692234E+001   0.1001305494E+001
 0.6868687   0.1223368405E+001   0.9973021223E+000   0.1143318981E+001   0.1013301884E+001
 0.6969697   0.1255541841E+001   0.9799613997E+000   0.1165897502E+001   0.1020345990E+001
 0.7070707   0.1283229839E+001   0.9913969283E+000   0.1166254310E+001   0.1010406325E+001
 0.7171717   0.1311621590E+001   0.9861072442E+000   0.1161174586E+001   0.1002193465E+001
 0.7272727   0.1354546252E+001   0.1005826705E+001   0.1161317853E+001   0.1002525138E+001
 0.7373737   0.1396983804E+001   0.1013698754E+001   0.1178114394E+001   0.1007012378E+001
 0.7474747   0.1433707363E+001   0.1015651726E+001   0.1193031204E+001   0.1027779681E+001
 0.7575758   0.1463962797E+001   0.9869333235E+000   0.1175360697E+001   0.1000998389E+001
 0.7676768   0.1510929016E+001   0.1005660101E+001   0.1177377753E+001   0.9955143749E+000
 0.7777778   0.1559538536E+001   0.9789525185E+000   0.1184341956E+001   0.9893073485E+000
 0.7878788   0.1607252941E+001   0.9828654038E+000   0.1188663445E+001   0.1012364776E+001
 0.7979798   0.1665525590E+001   0.9990445248E+000   0.1189212298E+001   0.1006859703E+001
 0.8080808   0.1732119880E+001   0.1001837459E+001   0.1201882871E+001   0.9997892735E+000
 0.8181818   0.1782553804E+001   0.9811021758E+000   0.1204686984E+001   0.9976728828E+000
 0.8282828   0.1854878108E+001   0.1001254345E+001   0.1198138217E+001   0.1000831675E+001
 0.8383838   0.1925070745E+001   0.9854223158E+000   0.1215103386E+001   0.1007393188E+001
 0.8484848   0.1994816358E+001   0.1017882371E+001   0.1211842455E+001   0.1005266268E+001
 0.8585859   0.2064198034E+001   0.9778348819E+000   0.1217550583E+001   0.1008282914E+001
 0.8686869   0.2172082507E+001   0.1001492681E+001   0.1223201349E+001   0.1007444080E+001
 0.8787879   0.2267598918E+001   0.9718648973E+000   0.1227570986E+001   0.9959759095E+000
 0.8888889   0.2391036938E+001   0.1004322639E+001   0.1239609853E+001   0.1010376492E+001
 0.8989899   0.2454478645E+001   0.1000245464E+001   0.1237173294E+001   0.1016007916E+001
 0.9090909   0.2573412914E+001   0.9881620296E+000   0.1247049777E+001   0.1031005159E+001
 0.9191919   0.2740327128E+001   0.9947058732E+000   0.1256249100E+001   0.9953897781E+000
 0.9292929   0.2846058116E+001   0.1015809075E+001   0.1253176078E+001   0.1025187716E+001
 0.9393939   0.2968519186E+001   0.1003878361E+001   0.1272691446E+001   0.1030078580E+001
 0.9494949   0.3122569464E+001   0.1012858791E+001   0.1259446877E+001   0.1007249287E+001
 0.9595960   0.3309755280E+001   0.9905708490E+000   0.1289792120E+001   0.1024159354E+001
 0.9696970   0.3486644085E+001   0.9980865505E+000   0.1284821450E+001   0.1000766744E+001
 0.9797980   0.3688299168E+001   0.1011671736E+001   0.1291715031E+001   0.1013433500E+001
 0.9898990   0.3880251088E+001   0.1015249099E+001   0.1299304660E+001   0.1011578587E+001
 1.0000000   0.3957169813E+001   0.9940764795E+000   0.1295918984E+001   0.9923854159E+000


 0.0000000   0.1118472646E+001   0.1075965669E+001   0.8579056922E+000   0.1019830824E+001
 0.0101010   0.1119857806E+001   0.1086350754E+001   0.8540176993E+000   0.9925697476E+000
 0.0202020   0.1114585125E+001   0.1069408984E+001   0.8511057130E+000   0.9927538848E+000
 0.0303030   0.1086797574E+001   0.1066791868E+001   0.8564348748E+000   0.9823545163E+000
 0.0404040   0.1056075961E+001   0.1057636596E+001   0.8574783661E+000   0.9755519614E+000
 0.0505051   0.1006947814E+001   0.1071451723E+001   0.8523868752E+000   0.9980482683E+000
 0.0606061   0.9522164193E+000   0.1063882933E+001   0.8529552108E+000   0.9868614939E+000
 0.0707071   0.8809583801E+000   0.1024220895E+001   0.8457483082E+000   0.9532397917E+000
 0.0808081   0.8250159441E+000   0.1071514256E+001   0.8505571311E+000   0.9999562806E+000
 0.0909091   0.7619568380E+000   0.1086633309E+001   0.8473587396E+000   0.1023911656E+001
 0.1010101   0.7075595940E+000   0.1062477102E+001   0.8493322657E+000   0.9818424395E+000
 0.1111111   0.6471317822E+000   0.1078633737E+001   0.8477188450E+000   0.1009592795E+001
 0.1212121   0.5923757086E+000   0.1072084000E+001   0.8421711546E+000   0.1005725913E+001
 0.1313131   0.5417944499E+000   0.1047534067E+001   0.8448152831E+000   0.9837399296E+000
 0.1414141   0.4936455290E+000   0.1029668200E+001   0.8412801804E+000   0.9942550416E+000
 0.1515152   0.4643237823E+000   0.1044729353E+001   0.8426680611E+000   0.9919278979E+000
 0.1616162   0.4402796177E+000   0.1095096088E+001   0.8481997396E+000   0.1017442301E+001
 0.1717172   0.4119229181E+000   0.1007056786E+001   0.8491001286E+000   0.9932536859E+000
 0.1818182   0.4042863405E+000   0.1023340803E+001   0.8529130857E+000   0.9562824400E+000
 0.1919192   0.3957416013E+000   0.1052891048E+001   0.8597376924E+000   0.1002192232E+001
 0.2020202   0.3880692309E+000   0.1038837369E+001   0.8557274667E+000   0.9860284922E+000
 0.2121212   0.3907755993E+000   0.1049023275E+001   0.8606134782E+000   0.1022999738E+001
 0.2222222   0.3898422111E+000   0.1030840112E+001   0.8703593896E+000   0.1004873621E+001
 0.2323232   0.3903052756E+000   0.1061490472E+001   0.8655460134E+000   0.9926416488E+000
 0.2424242   0.3904347614E+000   0.1005375347E+001   0.8818155927E+000   0.1022035210E+001
 0.2525253   0.4009116723E+000   0.1037818315E+001   0.8901018014E+000   0.1009452500E+001
 0.2626263   0.4084856803E+000   0.1011721273E+001   0.8875373336E+000   0.1014890686E+001
 0.2727273   0.4199275985E+000   0.1040822208E+001   0.8941402942E+000   0.9845571482E+000
 0.2828283   0.4361297732E+000   0.1003239966E+001   0.9093984996E+000   0.1014517150E+001
 0.2929293   0.4476987113E+000   0.1008916559E+001   0.9065924222E+000   0.9869333951E+000
 0.3030303   0.4695483879E+000   0.1001340820E+001   0.9094907146E+000   0.9871017491E+000
 0.3131313   0.4892359151E+000   0.1050591228E+001   0.9287598378E+000   0.1020214882E+001
 0.3232323   0.5138649028E+000   0.1010553993E+001   0.9249772520E+000   0.1000356121E+001
 0.3333333   0.5304019396E+000   0.1014537567E+001   0.9372961349E+000   0.9918665188E+000
 0.3434343   0.5579433100E+000   0.9944529426E+000   0.9421023763E+000   0.9965997221E+000
 0.3535354   0.5869724054E+000   0.9980590035E+000   0.9574753178E+000   0.1051488396E+001
 0.3636364   0.6089474265E+000   0.1011346076E+001   0.9578685941E+000   0.1010646761E+001
 0.3737374   0.6455183673E+000   0.9960764806E+000   0.9643039119E+000   0.1023546889E+001
 0.3838384   0.6753698955E+000   0.1006869187E+001   0.9728234641E+000   0.1006744806E+001
 0.3939394   0.7042922741E+000   0.1014018776E+001   0.9852736749E+000   0.9930169380E+000
 0.4040404   0.7477643333E+000   0.9708317381E+000   0.9934763643E+000   0.9793258975E+000
 0.4141414   0.7912647152E+000   0.9782268264E+000   0.1000582371E+001   0.1010318822E+001
 0.4242424   0.8495023213E+000   0.1006459250E+001   0.1019789039E+001   0.1043256586E+001
 0.4343434   0.8881976135E+000   0.9971835437E+000   0.1019739684E+001   0.9954159829E+000
 0.4444444   0.9511229312E+000   0.1044520910E+001   0.1029872517E+001   0.1013587696E+001
 0.4545455   0.9993272841E+000   0.9821478676E+000   0.1041903163E+001   0.1000036950E+001
 0.4646465   0.1061026722E+001   0.9762350394E+000   0.1054744047E+001   0.1024320265E+001
 0.4747475   0.1125358549E+001   0.9967990824E+000   0.1067248346E+001   0.1032120668E+001
 0.4848485   0.1198533385E+001   0.9857539286E+000   0.1070189351E+001   0.1008235441E+001
 0.4949495   0.1267073204E+001   0.9766588731E+000   0.1079865170E+001   0.1020628752E+001
 0.5050505   0.1336342102E+001   0.1006681589E+001   0.1081879874E+001   0.1032580134E+001
 0.5151515   0.1320270284E+001   0.1003844450E+001   0.1076981395E+001   0.1005964415E+001
 0.5252525   0.1317054435E+001   0.1001912880E+001   0.1088833485E+001   0.1009773425E+001
 0.5353535   0.1306630204E+001   0.9662043073E+000   0.1095010428E+001   0.1004424677E+001
 0.5454545   0.1312728821E+001   0.9761562943E+000   0.1104350388E+001   0.1018901370E+001
 0.5555556   0.1311070046E+001   0.9844361067E+000   0.1095885134E+001   0.1003314593E+001
 0.5656566   0.1304249633E+001   0.9634320177E+000   0.1090149090E+001   0.1028997350E+001
 0.5757576   0.1337682399E+001   0.9988672985E+000   0.1093535227E+001   0.1030135494E+001
 0.5858586   0.1301212678E+001   0.9538366994E+000   0.1080657345E+001   0.9951143486E+000
 0.5959596   0.1315742996E+001   0.9927321313E+000   0.1081964446E+001   0.1023143540E+001
 0.6060606   0.1302223155E+001   0.9542628492E+000   0.1094089663E+001   0.1015571117E+001
 0.6161616   0.1296110916E+001   0.9441024194E+000   0.1086173390E+001   0.9836539989E+000
 0.6262626   0.1295323083E+001   0.9543068538E+000   0.1082310216E+001   0.9935570738E+000
 0.6363636   0.1315353896E+001   0.9624917089E+000   0.1083313032E+001   0.9995283807E+000
 0.6464646   0.1309949016E+001   0.9875766453E+000   0.1075786675E+001   0.9913369051E+000
 0.6565657   0.1297418371E+001   0.9656785681E+000   0.1095572440E+001   0.1018929429E+001
 0.6666667   0.1303053360E+001   0.9493158061E+000   0.1084053463E+001   0.9914228358E+000
 0.6767677   0.1288758088E+001   0.9663548493E+000   0.1084253363E+001   0.1011144809E+001
 0.6868687   0.1300164379E+001   0.9862009226E+000   0.1083980811E+001   0.1017743936E+001
 0.6969697   0.1300720466E+001   0.9553166435E+000   0.1079828307E+001   0.1000108851E+001
 0.7070707   0.1305084580E+001   0.9893229330E+000   0.1085134876E+001   0.1006060868E+001
 0.7171717   0.1290220775E+001   0.9680895569E+000   0.1081248597E+001   0.9968627753E+000
 0.7272727   0.1299925828E+001   0.9694838078E+000   0.1081478866E+001   0.9825579441E+000
 0.7373737   0.1306729674E+001   0.9735414948E+000   0.1091116078E+001   0.1000687568E+001
 0.7474747   0.1294639896E+001   0.9673229505E+000   0.1085409572E+001   0.9875927817E+000
 0.7575758   0.1312306301E+001   0.9715334956E+000   0.1089272898E+001   0.9878768791E+000
 0.7676768   0.1296782922E+001   0.9695926613E+000   0.1085394033E+001   0.9818389321E+000
 0.7777778   0.1307165313E+001   0.9734025330E+000   0.1088897946E+001   0.9959263060E+000
 0.7878788   0.1300604213E+001   0.9629641793E+000   0.1088659879E+001   0.1001125990E+001
 0.7979798   0.1302340162E+001   0.9764735906E+000   0.1090070011E+001   0.1004321209E+001
 0.8080808   0.1300713077E+001   0.9647567876E+000   0.1083731270E+001   0.1003521528E+001
 0.8181818   0.1294943440E+001   0.9654261207E+000   0.1081476451E+001   0.9952791952E+000
 0.8282828   0.1298413056E+001   0.9610719816E+000   0.1078639365E+001   0.9713553865E+000
 0.8383838   0.1312099223E+001   0.9749380618E+000   0.1088049997E+001   0.1006285340E+001
 0.8484848   0.1309801008E+001   0.9730759725E+000   0.1088435474E+001   0.1000333323E+001
 0.8585859   0.1306888096E+001   0.9815595956E+000   0.1086206924E+001   0.9984253111E+000
 0.8686869   0.1292814843E+001   0.9513608619E+000   0.1085327622E+001   0.9755011044E+000
 0.8787879   0.1284478697E+001   0.9498878659E+000   0.1081449577E+001   0.9900742499E+000
 0.8888889   0.1300484426E+001   0.9755286498E+000   0.1081646809E+001   0.9973029509E+000
 0.8989899   0.1314758192E+001   0.9705723426E+000   0.1087314929E+001   0.9834084827E+000
 0.9090909   0.1303537939E+001   0.9801375523E+000   0.1089828599E+001   0.1008607222E+001
 0.9191919   0.1312093932E+001   0.9835166422E+000   0.1092321634E+001   0.1002013356E+001
 0.9292929   0.1295960155E+001   0.9451052610E+000   0.1084957019E+001   0.9794030598E+000
 0.9393939   0.1306329838E+001   0.9601687294E+000   0.1089336864E+001   0.9752696177E+000
 0.9494949   0.1305931742E+001   0.9541285194E+000   0.1086555788E+001   0.9720971965E+000
 0.9595960   0.1294937294E+001   0.9227648218E+000   0.1075142172E+001   0.9298368283E+000
 0.9696970   0.1313978095E+001   0.9720708149E+000   0.1082034044E+001   0.9815215146E+000
 0.9797980   0.1302239769E+001   0.9987723412E+000   0.1086916404E+001   0.1010743214E+001
 0.9898990   0.1300322133E+001   0.9581769423E+000   0.1085907326E+001   0.9986252315E+000
 1.0000000   0.1315624824E+001   0.9734256933E+000   0.1095932138E+001   0.9911054183E+000


