Compiled using GNU Fortran (Ubuntu 9.4.0-1ubuntu1~20.04.2) 9.4.0 with all optimizations
Last Brick update unknown
Compiled at 18:43:37 on Sep  2 2023
Starting at 16:56:21 on Sep 11 2023

Settings
OK                      

Forcefield
OK                      

Topology
OK                      

Configuration
OK                      Read from ./INPUT/restart.in

 F
Monte Carlo Simulation initialized.

#########################################################################################################################
###########################################   ENERGY STARTING CONFIGURATION   ###########################################
#########################################################################################################################
                                               Box 1               Box 2
-------------------------------------------------------------------------------------------------------------------------
Lennard Jones        
 Intermolecular                         -0.4798634952E+006  -0.6732361784E+005
 Tailcorrection                         -0.1203449897E+005  -0.1681165655E+004
Total Intermolecular                    -0.4918979942E+006  -0.6900478350E+005

Electrostatic        
 Real                                   -0.1249751031E+006  -0.7888260908E+004
 Exclusion                               0.8220273026E+007   0.2194042745E+007
 Selfterm                               -0.8246675718E+007  -0.2196255828E+007
 Fourier                                 0.1454251500E+005   0.2077846726E+004
Total Intermolecular                    -0.1368352799E+006  -0.8023496827E+004

Intramolecular       
 Lennard Jones                           0.0000000000E+000   0.0000000000E+000
 Electrostatic                           0.0000000000E+000   0.0000000000E+000
 Bending                                 0.0000000000E+000   0.0000000000E+000
 Torsion                                 0.0000000000E+000   0.0000000000E+000

Total                                   -0.6287332740E+006  -0.7702828032E+005

#########################################################################################################################

Simulation is running...



#########################################################################################################################
###############################################   RELATIVE ENERGY DRIFTS   ##############################################
#########################################################################################################################
                                               Box 1               Box 2                                                 
-------------------------------------------------------------------------------------------------------------------------

Lennard Jones        
 Intermolecular                          0.7775413446E-014   0.3154796613E-014
 Tailcorrection                          0.0000000000E+000   0.0000000000E+000

Electrostatic        
 Real                                    0.7733257935E-014   0.6234607294E-015
 Exclusion                               0.0000000000E+000   0.4183888602E-015
 Selfterm                                0.0000000000E+000   0.0000000000E+000
 Fourier                                 0.3640724166E-015   0.3947319295E-015

Intramolecular       
 Lennard Jones                           0.0000000000E+000   0.0000000000E+000
 Electrostatic                           0.0000000000E+000   0.0000000000E+000
 Bending                                 0.0000000000E+000   0.0000000000E+000
 Torsion                                 0.0000000000E+000   0.0000000000E+000

Total                                    0.3158233790E-014   0.8787770410E-014

#########################################################################################################################
############################################   TRIAL MOVE ACCEPTANCE RATES   ############################################
#########################################################################################################################
                                               Box 1               Box 2
-------------------------------------------------------------------------------------------------------------------------
Translation
 CO2                                          0.51092             0.47649
 AR                                           0.52112             0.49202
-------------------------------------------------------------------------------------------------------------------------
Rotation
 CO2                                          0.51002             0.63432
 AR                                           0.00000             0.00000
-------------------------------------------------------------------------------------------------------------------------
Lambda Move
 cd                                           0.75510             0.91986
 Ar                                           0.83228             0.95245
-------------------------------------------------------------------------------------------------------------------------
GE Swap Fractional
 cd                                           0.40586             0.33896
 Ar                                           0.51081             0.41634
-------------------------------------------------------------------------------------------------------------------------
GE Identity Change
 cd                                           0.85395             0.68234
 Ar                                           0.97381             0.75583
-------------------------------------------------------------------------------------------------------------------------
Volume                                        0.50665             0.48918

#########################################################################################################################
######################################################   AVERAGES   #####################################################
#########################################################################################################################
                                                       Boltzmann                                    Biased
                                               Box 1               Box 2                  Box 1               Box 2      
-------------------------------------------------------------------------------------------------------------------------
Density
 CO2                                     0.8535046127E+003   0.9360968635E+002      0.8515350192E+003   0.9330637658E+002
 AR                                      0.1248601956E+003   0.1365683588E+003      0.1254527678E+003   0.1367196509E+003
 Total                                   0.9783648083E+003   0.2301780452E+003      0.9769877869E+003   0.2300260275E+003

Number of molecules
 CO2                                     0.4078219624E+003   0.2021780376E+003      0.4091115100E+003   0.2008884900E+003
 AR                                      0.6633181527E+002   0.3236681847E+003      0.6705054000E+002   0.3229494600E+003
 Total                                   0.4741537777E+003   0.5258462223E+003      0.4761620500E+003   0.5238379500E+003

Mole fractions
 CO2                                          0.86010             0.38448                 0.85919             0.38349
 AR                                           0.13990             0.61552                 0.14081             0.61651

Volume                                   0.3500612074E+005   0.1578924460E+006      0.3520437801E+005   0.1573675540E+006

#########################################################################################################################
#######################################   PROPERTIES FROM THE CFC GIBBS ENSEMBLE   ######################################
#########################################################################################################################
                                                       Boltzmann                                    Biased
                                               Box 1               Box 2                  Box 1               Box 2      
Chemical Potentials (as an indication)
=========================================================================================================================

Total cd                                -0.1935887141E+004  -0.1932750237E+004     -0.1936471652E+004  -0.1933571327E+004
 Ideal gas                              -0.1125840762E+004  -0.1685025684E+004     -0.1126425273E+004  -0.1685846773E+004
 Excess                                 -0.8100463786E+003  -0.2477245538E+003     -0.8100463786E+003  -0.2477245538E+003

-------------------------------------------------------------------------------------------------------------------------

Total Ar                                -0.1647083626E+004  -0.1647126204E+004     -0.1645885758E+004  -0.1646846082E+004
 Ideal gas                              -0.1587646215E+004  -0.1564969671E+004     -0.1586448347E+004  -0.1564689550E+004
 Excess                                 -0.5943741109E+002  -0.8215653274E+002     -0.5943741109E+002  -0.8215653274E+002

-------------------------------------------------------------------------------------------------------------------------

#########################################################################################################################
#########################################   PROPERTIES FROM UMBRELLA SAMPLING   #########################################
#########################################################################################################################

Excess Partial Molar Enthalpy
=========================================================================================================================


Partial Molar Volume
=========================================================================================================================


#########################################################################################################################
##################################################   AVERAGE ENERGIES   #################################################
#########################################################################################################################
                                                       Boltzmann                                    Biased
                                               Box 1               Box 2                  Box 1               Box 2      
-------------------------------------------------------------------------------------------------------------------------
Lennard Jones        
 Intermolecular                         -0.4415862949E+006  -0.8966618365E+005     -0.4425355768E+006  -0.8906922834E+005
 Tailcorrection                         -0.1090304835E+005  -0.2093551973E+004     -0.1092933420E+005  -0.2080550818E+004
Total Intermolecular                    -0.4524893433E+006  -0.9175973562E+005     -0.4534649110E+006  -0.9114977915E+005

Electrostatic        
 Real                                   -0.1180517872E+006  -0.1020841901E+005     -0.1180832245E+006  -0.1011281263E+005
 Exclusion                               0.7469785265E+007   0.2745952327E+007      0.7491417512E+007   0.2728000233E+007
 Selfterm                               -0.7493777862E+007  -0.2748721433E+007     -0.7515479407E+007  -0.2730751205E+007
 Fourier                                 0.1228645282E+005   0.2664043700E+004      0.1234721496E+005   0.2647341013E+004
Total Intermolecular                    -0.1297579313E+006  -0.1031348052E+005     -0.1297979039E+006  -0.1021644314E+005

Intramolecular       
 Lennard Jones                           0.0000000000E+000   0.0000000000E+000      0.0000000000E+000   0.0000000000E+000
 Electrostatic                           0.0000000000E+000   0.0000000000E+000      0.0000000000E+000   0.0000000000E+000
 Bending                                 0.0000000000E+000   0.0000000000E+000      0.0000000000E+000   0.0000000000E+000
 Torsion                                 0.0000000000E+000   0.0000000000E+000      0.0000000000E+000   0.0000000000E+000

Total                                   -0.5822472746E+006  -0.1020732161E+006     -0.5832628149E+006  -0.1013662223E+006

#########################################################################################################################

No errors found in bookkeeping.

Total simulation time:  15 hours and  26 minutes

Simulation finished.

