 0.0000000   0.1545524599E+000   0.1004157436E+001   0.4853792401E+000   0.9958940461E+000
 0.0101010   0.1525980924E+000   0.9553282727E+000   0.4813548700E+000   0.9759057016E+000
 0.0202020   0.1482445968E+000   0.9898772094E+000   0.4742337184E+000   0.9930955526E+000
 0.0303030   0.1459961356E+000   0.9878912428E+000   0.4795613321E+000   0.1013409692E+001
 0.0404040   0.1435376369E+000   0.1015320136E+001   0.4830695741E+000   0.1024240279E+001
 0.0505051   0.1356447989E+000   0.9872967908E+000   0.4757658852E+000   0.9961550996E+000
 0.0606061   0.1268682479E+000   0.9814937163E+000   0.4715734659E+000   0.9981641674E+000
 0.0707071   0.1202226365E+000   0.9712484992E+000   0.4706936108E+000   0.9693898062E+000
 0.0808081   0.1121786434E+000   0.1001913428E+001   0.4688482776E+000   0.1005058068E+001
 0.0909091   0.1062050081E+000   0.9838275615E+000   0.4676185240E+000   0.9885114531E+000
 0.1010101   0.1022681873E+000   0.1020213374E+001   0.4735063163E+000   0.1012622354E+001
 0.1111111   0.9714947827E-001   0.1013064659E+001   0.4742680256E+000   0.1005007946E+001
 0.1212121   0.9197628815E-001   0.1035636631E+001   0.4725253506E+000   0.1025589404E+001
 0.1313131   0.8921164777E-001   0.9911999128E+000   0.4725314570E+000   0.9846958951E+000
 0.1414141   0.8683549741E-001   0.1015811371E+001   0.4815710295E+000   0.9948853354E+000
 0.1515152   0.8621356716E-001   0.9945907738E+000   0.4807727766E+000   0.9981161335E+000
 0.1616162   0.8692953140E-001   0.1015748294E+001   0.4881291696E+000   0.1012281941E+001
 0.1717172   0.8790381299E-001   0.1024839013E+001   0.5034092246E+000   0.9939309238E+000
 0.1818182   0.8821482010E-001   0.9991858302E+000   0.5016525100E+000   0.9958042437E+000
 0.1919192   0.9234004150E-001   0.1053647952E+001   0.5124383018E+000   0.9853767227E+000
 0.2020202   0.9584298433E-001   0.1025318780E+001   0.5253356122E+000   0.1033435628E+001
 0.2121212   0.9917248085E-001   0.1022470762E+001   0.5377076931E+000   0.1024524306E+001
 0.2222222   0.1059147024E+000   0.1015358364E+001   0.5522935068E+000   0.1020351627E+001
 0.2323232   0.1123220636E+000   0.1019536731E+001   0.5573196316E+000   0.1000192031E+001
 0.2424242   0.1180377550E+000   0.1043326278E+001   0.5766518660E+000   0.1016922428E+001
 0.2525253   0.1254752017E+000   0.1025957194E+001   0.5771182919E+000   0.9900694204E+000
 0.2626263   0.1327748175E+000   0.9847737150E+000   0.5928197812E+000   0.9881209171E+000
 0.2727273   0.1428688233E+000   0.1011388343E+001   0.6102236889E+000   0.9983020036E+000
 0.2828283   0.1545407099E+000   0.1018686148E+001   0.6381084963E+000   0.1012712157E+001
 0.2929293   0.1674328290E+000   0.1020429364E+001   0.6570359871E+000   0.1025182161E+001
 0.3030303   0.1813828997E+000   0.9923448540E+000   0.6610870584E+000   0.9985108464E+000
 0.3131313   0.1966359419E+000   0.1015786523E+001   0.6797510893E+000   0.9685314623E+000
 0.3232323   0.2121634956E+000   0.1023313699E+001   0.7023651914E+000   0.9828351058E+000
 0.3333333   0.2289231034E+000   0.1021331555E+001   0.7291220205E+000   0.9925609150E+000
 0.3434343   0.2521183579E+000   0.1021276124E+001   0.7407714379E+000   0.1000179500E+001
 0.3535354   0.2756235031E+000   0.1031318731E+001   0.7713469602E+000   0.1014416314E+001
 0.3636364   0.2997166979E+000   0.1019315006E+001   0.7879907417E+000   0.9940729369E+000
 0.3737374   0.3259596630E+000   0.1018500741E+001   0.8207294762E+000   0.9806192836E+000
 0.3838384   0.3602963166E+000   0.1010883727E+001   0.8427957543E+000   0.1007994398E+001
 0.3939394   0.3917741860E+000   0.9813713854E+000   0.8663969302E+000   0.9984607241E+000
 0.4040404   0.4311888695E+000   0.1010591280E+001   0.8992721338E+000   0.1019612323E+001
 0.4141414   0.4815967452E+000   0.1036592341E+001   0.9284738863E+000   0.1004143337E+001
 0.4242424   0.5285422441E+000   0.9963301670E+000   0.9716753381E+000   0.1022110083E+001
 0.4343434   0.5811876614E+000   0.9872547396E+000   0.9808638225E+000   0.9784765565E+000
 0.4444444   0.6406031629E+000   0.9908940854E+000   0.1029284130E+001   0.1009320550E+001
 0.4545455   0.7127803884E+000   0.9950476035E+000   0.1055664216E+001   0.9923541606E+000
 0.4646465   0.7912047902E+000   0.1017847035E+001   0.1100043048E+001   0.9845747663E+000
 0.4747475   0.8594805607E+000   0.9907430831E+000   0.1128140183E+001   0.9707681687E+000
 0.4848485   0.9614815527E+000   0.1001030352E+001   0.1173894895E+001   0.9938954205E+000
 0.4949495   0.1057453613E+001   0.9787317128E+000   0.1226017577E+001   0.1028623890E+001
 0.5050505   0.1132342465E+001   0.1015083120E+001   0.1249285257E+001   0.9917631355E+000
 0.5151515   0.1122414059E+001   0.9886596341E+000   0.1223974137E+001   0.9641770899E+000
 0.5252525   0.1134694070E+001   0.1003199815E+001   0.1244579287E+001   0.1016492212E+001
 0.5353535   0.1145794942E+001   0.1018793188E+001   0.1237082002E+001   0.1009445855E+001
 0.5454545   0.1136648703E+001   0.1007794871E+001   0.1233060109E+001   0.9971617219E+000
 0.5555556   0.1149236329E+001   0.9859989359E+000   0.1237487161E+001   0.1024802067E+001
 0.5656566   0.1152492940E+001   0.1012172025E+001   0.1240954452E+001   0.9808552760E+000
 0.5757576   0.1164221376E+001   0.1006617435E+001   0.1252593779E+001   0.1012981564E+001
 0.5858586   0.1172044793E+001   0.1015964285E+001   0.1241252104E+001   0.9922267665E+000
 0.5959596   0.1188054843E+001   0.1002223078E+001   0.1250862889E+001   0.1000020780E+001
 0.6060606   0.1195444732E+001   0.9884207065E+000   0.1264922976E+001   0.9974854283E+000
 0.6161616   0.1185886648E+001   0.9877287720E+000   0.1248185305E+001   0.9783345434E+000
 0.6262626   0.1214963777E+001   0.9957204237E+000   0.1248727030E+001   0.9994944960E+000
 0.6363636   0.1226776273E+001   0.1010828296E+001   0.1240841220E+001   0.9561011388E+000
 0.6464646   0.1246289522E+001   0.9983983247E+000   0.1262974423E+001   0.1003149245E+001
 0.6565657   0.1261882036E+001   0.1015941348E+001   0.1263667156E+001   0.9778834430E+000
 0.6666667   0.1274702707E+001   0.9719060280E+000   0.1275499324E+001   0.1000350751E+001
 0.6767677   0.1297771477E+001   0.1009163448E+001   0.1277153243E+001   0.9945887786E+000
 0.6868687   0.1313924932E+001   0.9757862129E+000   0.1289289177E+001   0.1008904953E+001
 0.6969697   0.1339865136E+001   0.9791426684E+000   0.1280481373E+001   0.9924460515E+000
 0.7070707   0.1361540261E+001   0.9927863923E+000   0.1292386917E+001   0.1007117258E+001
 0.7171717   0.1398644044E+001   0.9751458868E+000   0.1275135517E+001   0.9950544981E+000
 0.7272727   0.1422388593E+001   0.9887227110E+000   0.1298534758E+001   0.1004801192E+001
 0.7373737   0.1432135475E+001   0.9658315317E+000   0.1283025485E+001   0.9865859225E+000
 0.7474747   0.1483856683E+001   0.9813522712E+000   0.1301170538E+001   0.9818618983E+000
 0.7575758   0.1512643481E+001   0.9864194486E+000   0.1304042943E+001   0.9953113747E+000
 0.7676768   0.1551942911E+001   0.1000219909E+001   0.1305834576E+001   0.9948707164E+000
 0.7777778   0.1591571104E+001   0.9931591194E+000   0.1312796897E+001   0.9995968290E+000
 0.7878788   0.1634945716E+001   0.9920887236E+000   0.1330343347E+001   0.9875236266E+000
 0.7979798   0.1668776121E+001   0.9890572097E+000   0.1325763230E+001   0.9866151605E+000
 0.8080808   0.1712822523E+001   0.1007620932E+001   0.1334599162E+001   0.1020568823E+001
 0.8181818   0.1743526816E+001   0.9767419235E+000   0.1339540628E+001   0.9870328461E+000
 0.8282828   0.1817984052E+001   0.1005642611E+001   0.1348431917E+001   0.1002875661E+001
 0.8383838   0.1850316572E+001   0.9900893771E+000   0.1344036399E+001   0.9931435864E+000
 0.8484848   0.1926984662E+001   0.9834529230E+000   0.1371301949E+001   0.9917046595E+000
 0.8585859   0.1987424020E+001   0.9777243939E+000   0.1375557798E+001   0.1001651842E+001
 0.8686869   0.2038862774E+001   0.9919874183E+000   0.1375365330E+001   0.9987510156E+000
 0.8787879   0.2114269484E+001   0.9974254113E+000   0.1384354100E+001   0.1007975602E+001
 0.8888889   0.2166938893E+001   0.9741251880E+000   0.1389763685E+001   0.9929723353E+000
 0.8989899   0.2250597070E+001   0.9943633147E+000   0.1420506930E+001   0.1025846281E+001
 0.9090909   0.2327704073E+001   0.9751038356E+000   0.1412025543E+001   0.9831629890E+000
 0.9191919   0.2450140293E+001   0.1005118881E+001   0.1432725089E+001   0.1027506581E+001
 0.9292929   0.2515518667E+001   0.1000804804E+001   0.1445030277E+001   0.1037353519E+001
 0.9393939   0.2604574415E+001   0.9869833178E+000   0.1434632912E+001   0.1004924409E+001
 0.9494949   0.2687926112E+001   0.9461897684E+000   0.1449001412E+001   0.9728565967E+000
 0.9595960   0.2862666425E+001   0.9950418692E+000   0.1474885677E+001   0.1009890691E+001
 0.9696970   0.2950991206E+001   0.1004400187E+001   0.1494339882E+001   0.1038383114E+001
 0.9797980   0.3087213319E+001   0.9998127763E+000   0.1504258137E+001   0.1010368941E+001
 0.9898990   0.3212631796E+001   0.9891776292E+000   0.1514378592E+001   0.1015575392E+001
 1.0000000   0.3297423426E+001   0.9738250948E+000   0.1524154863E+001   0.1019443160E+001


 0.0000000   0.8571107595E+000   0.9260130591E+000   0.7819107720E+000   0.9831706148E+000
 0.0101010   0.8638479355E+000   0.9370718798E+000   0.7784074408E+000   0.9806700853E+000
 0.0202020   0.8653772893E+000   0.9496919894E+000   0.7868724629E+000   0.9976442937E+000
 0.0303030   0.8471835704E+000   0.9324918518E+000   0.7841280408E+000   0.9746532536E+000
 0.0404040   0.8192309204E+000   0.9241328371E+000   0.7728215440E+000   0.9675709413E+000
 0.0505051   0.7863590930E+000   0.9246538848E+000   0.7699496859E+000   0.9788719517E+000
 0.0606061   0.7601696632E+000   0.9397364548E+000   0.7731355289E+000   0.9966414884E+000
 0.0707071   0.7327879612E+000   0.9524937798E+000   0.7687250083E+000   0.9942274076E+000
 0.0808081   0.6847761845E+000   0.9393693109E+000   0.7610047424E+000   0.9967884512E+000
 0.0909091   0.6458789421E+000   0.9535488551E+000   0.7571811748E+000   0.1000404169E+001
 0.1010101   0.6041215426E+000   0.9472462174E+000   0.7496966271E+000   0.9966069089E+000
 0.1111111   0.5735001720E+000   0.9652733560E+000   0.7498716434E+000   0.9900454502E+000
 0.1212121   0.5324507877E+000   0.9655663295E+000   0.7423919861E+000   0.9958137418E+000
 0.1313131   0.5023160689E+000   0.9493545137E+000   0.7355618912E+000   0.9864383769E+000
 0.1414141   0.4863483647E+000   0.9725754412E+000   0.7395274471E+000   0.9918457450E+000
 0.1515152   0.4521370855E+000   0.9632726069E+000   0.7280057640E+000   0.9819495265E+000
 0.1616162   0.4406080894E+000   0.9780139927E+000   0.7311185340E+000   0.9853945085E+000
 0.1717172   0.4204894118E+000   0.9896976998E+000   0.7405184944E+000   0.1005748862E+001
 0.1818182   0.4241382912E+000   0.1010903044E+001   0.7473371695E+000   0.1003019244E+001
 0.1919192   0.4154679942E+000   0.9904208621E+000   0.7342170125E+000   0.9772272646E+000
 0.2020202   0.4177575055E+000   0.1012366057E+001   0.7527391338E+000   0.9889648411E+000
 0.2121212   0.4188535019E+000   0.1019147095E+001   0.7554694174E+000   0.9974087209E+000
 0.2222222   0.4186411174E+000   0.1019925885E+001   0.7657204769E+000   0.9841020999E+000
 0.2323232   0.4259763978E+000   0.1031961902E+001   0.7737401590E+000   0.9933261796E+000
 0.2424242   0.4337132551E+000   0.1033191278E+001   0.7757876716E+000   0.9941949893E+000
 0.2525253   0.4430190202E+000   0.1012896376E+001   0.7816635712E+000   0.1006537707E+001
 0.2626263   0.4548897889E+000   0.1013615830E+001   0.8068766630E+000   0.1012865754E+001
 0.2727273   0.4724109010E+000   0.1012868562E+001   0.8101067685E+000   0.9886471420E+000
 0.2828283   0.4857517432E+000   0.1039032204E+001   0.8120258430E+000   0.1001973214E+001
 0.2929293   0.5054019039E+000   0.1047888161E+001   0.8242126503E+000   0.1007041271E+001
 0.3030303   0.5242882402E+000   0.1047767634E+001   0.8388358470E+000   0.1001811123E+001
 0.3131313   0.5410157438E+000   0.1030602727E+001   0.8466171252E+000   0.9898379732E+000
 0.3232323   0.5671186223E+000   0.1033219092E+001   0.8589414479E+000   0.9888135558E+000
 0.3333333   0.5819220139E+000   0.1024978750E+001   0.8801559161E+000   0.1018117514E+001
 0.3434343   0.6068022508E+000   0.1030463658E+001   0.8996594379E+000   0.1014797883E+001
 0.3535354   0.6301315503E+000   0.1009111827E+001   0.9040029877E+000   0.1001824090E+001
 0.3636364   0.6661412120E+000   0.1039484644E+001   0.9183299175E+000   0.9922304419E+000
 0.3737374   0.6955545312E+000   0.1005598000E+001   0.9295009813E+000   0.9871775135E+000
 0.3838384   0.7274248423E+000   0.1007520870E+001   0.9435640199E+000   0.1019364537E+001
 0.3939394   0.7632837468E+000   0.1023287662E+001   0.9607088768E+000   0.1007702604E+001
 0.4040404   0.8096416632E+000   0.1030634250E+001   0.9671723697E+000   0.9958612886E+000
 0.4141414   0.8413922291E+000   0.1002204699E+001   0.9979940146E+000   0.1005068078E+001
 0.4242424   0.8893831860E+000   0.1021199763E+001   0.1010358329E+001   0.1004374327E+001
 0.4343434   0.9394070415E+000   0.1039234319E+001   0.1029424075E+001   0.1000332849E+001
 0.4444444   0.9779871639E+000   0.1002330789E+001   0.1035582649E+001   0.9946207493E+000
 0.4545455   0.1016968299E+001   0.9974021599E+000   0.1071906429E+001   0.1005344714E+001
 0.4646465   0.1088961283E+001   0.1023465672E+001   0.1085548346E+001   0.9963497239E+000
 0.4747475   0.1150713788E+001   0.1019790524E+001   0.1092211868E+001   0.9956408443E+000
 0.4848485   0.1204624049E+001   0.1001696632E+001   0.1107190166E+001   0.1000224788E+001
 0.4949495   0.1299544195E+001   0.1009456719E+001   0.1132292998E+001   0.1004071757E+001
 0.5050505   0.1331993944E+001   0.1018245923E+001   0.1145767842E+001   0.9876292082E+000
 0.5151515   0.1308940263E+001   0.1001564979E+001   0.1163772201E+001   0.1024707069E+001
 0.5252525   0.1328927273E+001   0.1007240876E+001   0.1153370485E+001   0.1013302320E+001
 0.5353535   0.1318458735E+001   0.1003949560E+001   0.1138930928E+001   0.1015869847E+001
 0.5454545   0.1332569145E+001   0.1022449536E+001   0.1146877411E+001   0.1000246400E+001
 0.5555556   0.1311320399E+001   0.9980585688E+000   0.1142114017E+001   0.1003224559E+001
 0.5656566   0.1320654032E+001   0.1003248649E+001   0.1154327069E+001   0.9870002936E+000
 0.5757576   0.1314841185E+001   0.1019089612E+001   0.1140722911E+001   0.9902745393E+000
 0.5858586   0.1323695060E+001   0.1031275825E+001   0.1142209398E+001   0.1002018599E+001
 0.5959596   0.1316706960E+001   0.9944353401E+000   0.1137197596E+001   0.9906289791E+000
 0.6060606   0.1321111776E+001   0.1005093640E+001   0.1148000012E+001   0.1002353588E+001
 0.6161616   0.1324591138E+001   0.1006784727E+001   0.1159943981E+001   0.1001205981E+001
 0.6262626   0.1319742620E+001   0.1013467489E+001   0.1152041127E+001   0.1003060307E+001
 0.6363636   0.1320685734E+001   0.1014937919E+001   0.1153220013E+001   0.1008573575E+001
 0.6464646   0.1319431954E+001   0.9890932103E+000   0.1149137701E+001   0.1000788866E+001
 0.6565657   0.1331711212E+001   0.1021546510E+001   0.1147487461E+001   0.1013267741E+001
 0.6666667   0.1315493073E+001   0.9848803262E+000   0.1154598205E+001   0.1008171588E+001
 0.6767677   0.1319513151E+001   0.1018038246E+001   0.1142589682E+001   0.1004212236E+001
 0.6868687   0.1322903392E+001   0.1013222726E+001   0.1158791469E+001   0.1015221482E+001
 0.6969697   0.1325772736E+001   0.9980530060E+000   0.1151555094E+001   0.9990101836E+000
 0.7070707   0.1327527282E+001   0.9970479958E+000   0.1146216354E+001   0.1005859084E+001
 0.7171717   0.1333130756E+001   0.1018333073E+001   0.1157402264E+001   0.1014499635E+001
 0.7272727   0.1318481353E+001   0.9990079511E+000   0.1142185382E+001   0.9955889751E+000
 0.7373737   0.1331569883E+001   0.1007329881E+001   0.1146594061E+001   0.9998573812E+000
 0.7474747   0.1319100767E+001   0.1003923601E+001   0.1145712033E+001   0.9996844837E+000
 0.7575758   0.1326077271E+001   0.9870238535E+000   0.1152644446E+001   0.9906441077E+000
 0.7676768   0.1316720595E+001   0.9954218077E+000   0.1146636962E+001   0.1003598450E+001
 0.7777778   0.1331622517E+001   0.1008944943E+001   0.1153841631E+001   0.1007763118E+001
 0.7878788   0.1326384481E+001   0.1004893380E+001   0.1148255571E+001   0.1012083393E+001
 0.7979798   0.1323055667E+001   0.1004770999E+001   0.1153551541E+001   0.1010646183E+001
 0.8080808   0.1326009858E+001   0.9966456209E+000   0.1150935145E+001   0.1008917208E+001
 0.8181818   0.1336039592E+001   0.1017743418E+001   0.1158513003E+001   0.1019394794E+001
 0.8282828   0.1323056422E+001   0.1001459286E+001   0.1149212013E+001   0.1007449741E+001
 0.8383838   0.1327856716E+001   0.1010420936E+001   0.1156923353E+001   0.1023723715E+001
 0.8484848   0.1329330046E+001   0.1000949364E+001   0.1151448609E+001   0.9977372261E+000
 0.8585859   0.1327085805E+001   0.9916799063E+000   0.1157017127E+001   0.1004130110E+001
 0.8686869   0.1324499413E+001   0.9893787667E+000   0.1153596986E+001   0.1006423162E+001
 0.8787879   0.1324350141E+001   0.9996142949E+000   0.1138545342E+001   0.9929220317E+000
 0.8888889   0.1329432771E+001   0.9941479295E+000   0.1156095812E+001   0.1005269072E+001
 0.8989899   0.1319389451E+001   0.9839253811E+000   0.1141630189E+001   0.9913162466E+000
 0.9090909   0.1332873977E+001   0.1010152068E+001   0.1144189611E+001   0.1007676669E+001
 0.9191919   0.1322224345E+001   0.9995901895E+000   0.1139573652E+001   0.9904323083E+000
 0.9292929   0.1340498449E+001   0.1005095494E+001   0.1153445838E+001   0.9981586636E+000
 0.9393939   0.1325991597E+001   0.9944854052E+000   0.1153519730E+001   0.1006280522E+001
 0.9494949   0.1338396262E+001   0.1001639149E+001   0.1151890242E+001   0.9970391526E+000
 0.9595960   0.1345272182E+001   0.1027563591E+001   0.1167146287E+001   0.1033483776E+001
 0.9696970   0.1334989293E+001   0.1010063063E+001   0.1151042586E+001   0.1005074562E+001
 0.9797980   0.1324815031E+001   0.1003183750E+001   0.1148414514E+001   0.1002450843E+001
 0.9898990   0.1343056096E+001   0.1014785870E+001   0.1156434185E+001   0.1013174808E+001
 1.0000000   0.1329077285E+001   0.1002230659E+001   0.1144007801E+001   0.9945926535E+000


