 0.0000000   0.1426173862E+000   0.9588208568E+000   0.7427380890E+000   0.9978887792E+000
 0.0101010   0.1426782556E+000   0.9757372555E+000   0.7436127038E+000   0.9912346197E+000
 0.0202020   0.1412036207E+000   0.9817698494E+000   0.7442959259E+000   0.9926496083E+000
 0.0303030   0.1371292827E+000   0.9698786787E+000   0.7490748550E+000   0.1001865599E+001
 0.0404040   0.1304849456E+000   0.1002149189E+001   0.7476946933E+000   0.1019643714E+001
 0.0505051   0.1219994137E+000   0.9895078111E+000   0.7444999878E+000   0.1007665814E+001
 0.0606061   0.1133956707E+000   0.1002025443E+001   0.7518393384E+000   0.1010654617E+001
 0.0707071   0.1013795217E+000   0.9636836689E+000   0.7483342735E+000   0.9988871094E+000
 0.0808081   0.9468755671E-001   0.9807663506E+000   0.7479486585E+000   0.9859418195E+000
 0.0909091   0.8413594759E-001   0.9884753095E+000   0.7429051475E+000   0.9933818547E+000
 0.1010101   0.7636704904E-001   0.9823885769E+000   0.7474313069E+000   0.9934829253E+000
 0.1111111   0.7054059569E-001   0.9903952985E+000   0.7454325558E+000   0.9961334507E+000
 0.1212121   0.6598474988E-001   0.1015413161E+001   0.7597928626E+000   0.9957642335E+000
 0.1313131   0.6202295011E-001   0.1008201118E+001   0.7676648335E+000   0.9914161343E+000
 0.1414141   0.5891908744E-001   0.1001820490E+001   0.7667130663E+000   0.1011993287E+001
 0.1515152   0.5602846432E-001   0.9704007301E+000   0.7649442197E+000   0.1000399043E+001
 0.1616162   0.5559597414E-001   0.9988737998E+000   0.7770623173E+000   0.9955682803E+000
 0.1717172   0.5463297406E-001   0.9837130406E+000   0.7729580422E+000   0.9674623977E+000
 0.1818182   0.5545280495E-001   0.9930732288E+000   0.7851404528E+000   0.9944338142E+000
 0.1919192   0.5711543113E-001   0.9871353776E+000   0.7885338329E+000   0.1012929737E+001
 0.2020202   0.5935417031E-001   0.1016300649E+001   0.7980342400E+000   0.1007921585E+001
 0.2121212   0.6078824320E-001   0.1001658074E+001   0.8039070492E+000   0.1002449333E+001
 0.2222222   0.6402413965E-001   0.9921470709E+000   0.8183582262E+000   0.1022564449E+001
 0.2323232   0.6735615946E-001   0.9849446952E+000   0.8202994442E+000   0.9964634772E+000
 0.2424242   0.7144068179E-001   0.9975454690E+000   0.8224428717E+000   0.1004524375E+001
 0.2525253   0.7583800757E-001   0.9856755672E+000   0.8289358765E+000   0.9899268896E+000
 0.2626263   0.8229983831E-001   0.1008398337E+001   0.8337961928E+000   0.9923608351E+000
 0.2727273   0.8908315902E-001   0.1012410399E+001   0.8534750343E+000   0.1001863536E+001
 0.2828283   0.9629246097E-001   0.1005006937E+001   0.8632651091E+000   0.1020798807E+001
 0.2929293   0.1038525499E+000   0.9904339689E+000   0.8755394291E+000   0.9956796642E+000
 0.3030303   0.1145923810E+000   0.1019454226E+001   0.8791029366E+000   0.1004309857E+001
 0.3131313   0.1257407151E+000   0.1011138140E+001   0.8837434463E+000   0.9993986504E+000
 0.3232323   0.1385692478E+000   0.9849640305E+000   0.8917974996E+000   0.1001345807E+001
 0.3333333   0.1524443631E+000   0.1024220362E+001   0.8951882352E+000   0.9955064003E+000
 0.3434343   0.1698719951E+000   0.1025633767E+001   0.9168277420E+000   0.1017306714E+001
 0.3535354   0.1868923665E+000   0.1028377438E+001   0.9273945387E+000   0.1006758242E+001
 0.3636364   0.2053143223E+000   0.1008899120E+001   0.9236435317E+000   0.1004695576E+001
 0.3737374   0.2278815655E+000   0.1020633675E+001   0.9466620522E+000   0.1015109975E+001
 0.3838384   0.2538041499E+000   0.1030519782E+001   0.9438886988E+000   0.9923793991E+000
 0.3939394   0.2824492999E+000   0.1015536907E+001   0.9479232383E+000   0.9784295911E+000
 0.4040404   0.3189359190E+000   0.1022843693E+001   0.9679479727E+000   0.9738319093E+000
 0.4141414   0.3545565256E+000   0.1029411873E+001   0.9778249351E+000   0.9829736436E+000
 0.4242424   0.3995550983E+000   0.1037089895E+001   0.9995707353E+000   0.1008765215E+001
 0.4343434   0.4476724000E+000   0.1010316393E+001   0.1011110289E+001   0.9962242080E+000
 0.4444444   0.4993263493E+000   0.1006004635E+001   0.1016969840E+001   0.1001601577E+001
 0.4545455   0.5610060329E+000   0.1005892491E+001   0.1037376577E+001   0.1017426348E+001
 0.4646465   0.6325734622E+000   0.1013317222E+001   0.1038061228E+001   0.1002356513E+001
 0.4747475   0.7051820854E+000   0.1027826383E+001   0.1069126583E+001   0.1020699799E+001
 0.4848485   0.7986347210E+000   0.1015577511E+001   0.1066912200E+001   0.9967316237E+000
 0.4949495   0.8950366452E+000   0.1000196330E+001   0.1092748044E+001   0.9997823063E+000
 0.5050505   0.9510056034E+000   0.9948250012E+000   0.1090828172E+001   0.1002630848E+001
 0.5151515   0.9569444934E+000   0.9991193573E+000   0.1084369180E+001   0.9799415251E+000
 0.5252525   0.9698255464E+000   0.9949352121E+000   0.1090031028E+001   0.9997616796E+000
 0.5353535   0.9606557608E+000   0.1015188873E+001   0.1100770705E+001   0.1008934354E+001
 0.5454545   0.9705008075E+000   0.1019823529E+001   0.1093062984E+001   0.1005479389E+001
 0.5555556   0.9796076947E+000   0.1014086764E+001   0.1094324436E+001   0.9975814420E+000
 0.5656566   0.9948734731E+000   0.1008976461E+001   0.1092489886E+001   0.9844010083E+000
 0.5757576   0.9981776831E+000   0.9823634411E+000   0.1089611376E+001   0.9873629962E+000
 0.5858586   0.1007130226E+001   0.1019280209E+001   0.1102050487E+001   0.9826724944E+000
 0.5959596   0.1017270131E+001   0.1002079582E+001   0.1093456534E+001   0.9969028250E+000
 0.6060606   0.1028936011E+001   0.1012441335E+001   0.1089442225E+001   0.9823321546E+000
 0.6161616   0.1045456917E+001   0.1000215665E+001   0.1110111764E+001   0.1001184919E+001
 0.6262626   0.1063533076E+001   0.1016521070E+001   0.1110334870E+001   0.1015423500E+001
 0.6363636   0.1076241002E+001   0.1005600529E+001   0.1108799852E+001   0.1000749696E+001
 0.6464646   0.1097594156E+001   0.9969886142E+000   0.1106679332E+001   0.1009635660E+001
 0.6565657   0.1117526107E+001   0.9831871222E+000   0.1108072723E+001   0.9938562678E+000
 0.6666667   0.1153058547E+001   0.1017166867E+001   0.1117372342E+001   0.1023861865E+001
 0.6767677   0.1185605396E+001   0.1002392813E+001   0.1123146399E+001   0.1021566119E+001
 0.6868687   0.1191920624E+001   0.1023236198E+001   0.1111495707E+001   0.1004782208E+001
 0.6969697   0.1241496927E+001   0.1040953076E+001   0.1112631719E+001   0.9981631137E+000
 0.7070707   0.1255081654E+001   0.9977581566E+000   0.1119760791E+001   0.1004103591E+001
 0.7171717   0.1295192436E+001   0.1002002241E+001   0.1124492223E+001   0.1006824247E+001
 0.7272727   0.1323984063E+001   0.9988679992E+000   0.1114709882E+001   0.9973256714E+000
 0.7373737   0.1372517138E+001   0.1001224965E+001   0.1138243263E+001   0.1013055560E+001
 0.7474747   0.1413465350E+001   0.1019458093E+001   0.1132567377E+001   0.1013647545E+001
 0.7575758   0.1445026863E+001   0.9925453768E+000   0.1129436817E+001   0.1011327046E+001
 0.7676768   0.1497352719E+001   0.9914278001E+000   0.1129673437E+001   0.9851724452E+000
 0.7777778   0.1534214650E+001   0.9873732010E+000   0.1130197497E+001   0.9958199255E+000
 0.7878788   0.1597524979E+001   0.9943822243E+000   0.1127433772E+001   0.9910139145E+000
 0.7979798   0.1664458695E+001   0.1003630268E+001   0.1141207622E+001   0.1012092295E+001
 0.8080808   0.1727793879E+001   0.9937035575E+000   0.1159765406E+001   0.1011211537E+001
 0.8181818   0.1784035056E+001   0.9940670599E+000   0.1146381272E+001   0.1006424090E+001
 0.8282828   0.1878346356E+001   0.1013413898E+001   0.1163313909E+001   0.1027320956E+001
 0.8383838   0.1918758763E+001   0.9773672159E+000   0.1152546254E+001   0.9892255833E+000
 0.8484848   0.1999297177E+001   0.9867892768E+000   0.1147717793E+001   0.1000145335E+001
 0.8585859   0.2097228866E+001   0.9903508274E+000   0.1162203862E+001   0.9994419664E+000
 0.8686869   0.2194165318E+001   0.1005101680E+001   0.1175934061E+001   0.1012725533E+001
 0.8787879   0.2307742117E+001   0.9874234726E+000   0.1175003291E+001   0.9903517988E+000
 0.8888889   0.2394837864E+001   0.9775044961E+000   0.1173134312E+001   0.9803231182E+000
 0.8989899   0.2509796890E+001   0.9776050394E+000   0.1177685236E+001   0.9754593526E+000
 0.9090909   0.2624091579E+001   0.9759731454E+000   0.1181822891E+001   0.9831902235E+000
 0.9191919   0.2809454488E+001   0.1019688182E+001   0.1206264169E+001   0.1017125199E+001
 0.9292929   0.2901886566E+001   0.9934889364E+000   0.1202301277E+001   0.1009051926E+001
 0.9393939   0.3108474037E+001   0.9984503581E+000   0.1221068757E+001   0.1007610123E+001
 0.9494949   0.3237010831E+001   0.9934173960E+000   0.1203290589E+001   0.1000000949E+001
 0.9595960   0.3398494869E+001   0.9679122852E+000   0.1215680312E+001   0.9776045249E+000
 0.9696970   0.3589954140E+001   0.9892796553E+000   0.1216869758E+001   0.9881550598E+000
 0.9797980   0.3840917040E+001   0.9824543167E+000   0.1231621276E+001   0.1001991421E+001
 0.9898990   0.4062997366E+001   0.9828661573E+000   0.1242119040E+001   0.9861790261E+000
 1.0000000   0.4145797328E+001   0.9784867261E+000   0.1237981173E+001   0.9992728278E+000


 0.0000000   0.1148344960E+001   0.9709270319E+000   0.8876462902E+000   0.9820996485E+000
 0.0101010   0.1149631923E+001   0.9747882015E+000   0.8948287774E+000   0.1010542762E+001
 0.0202020   0.1126551296E+001   0.9550910320E+000   0.8951174495E+000   0.9862548885E+000
 0.0303030   0.1106385759E+001   0.9695834297E+000   0.8876075485E+000   0.9889967674E+000
 0.0404040   0.1064993132E+001   0.9865471302E+000   0.8915360272E+000   0.1001599064E+001
 0.0505051   0.1019406844E+001   0.9532423742E+000   0.8935476586E+000   0.9904680700E+000
 0.0606061   0.9665451624E+000   0.9658533433E+000   0.8919058121E+000   0.9933175547E+000
 0.0707071   0.8957732323E+000   0.9639892640E+000   0.8893331484E+000   0.1004891388E+001
 0.0808081   0.8325981850E+000   0.9867630318E+000   0.8923468677E+000   0.1018174498E+001
 0.0909091   0.7673910511E+000   0.9851688295E+000   0.8827025581E+000   0.1009216314E+001
 0.1010101   0.7068040037E+000   0.9865259255E+000   0.8938413809E+000   0.9971789480E+000
 0.1111111   0.6360418705E+000   0.9641242025E+000   0.8820789226E+000   0.9871426364E+000
 0.1212121   0.5845142880E+000   0.9745935044E+000   0.8890871263E+000   0.1003873271E+001
 0.1313131   0.5361064014E+000   0.9878483231E+000   0.8807505041E+000   0.9942342735E+000
 0.1414141   0.4951419855E+000   0.9854676219E+000   0.8940741964E+000   0.9892326725E+000
 0.1515152   0.4569781441E+000   0.9961855963E+000   0.8853558292E+000   0.1001717016E+001
 0.1616162   0.4268035573E+000   0.1006282853E+001   0.8875970291E+000   0.1006890373E+001
 0.1717172   0.4070249803E+000   0.9949518726E+000   0.9036154315E+000   0.1021210224E+001
 0.1818182   0.3882453461E+000   0.9981903973E+000   0.8932347746E+000   0.9940707954E+000
 0.1919192   0.3745210710E+000   0.9837365534E+000   0.8880883353E+000   0.1000384360E+001
 0.2020202   0.3738723288E+000   0.1025962674E+001   0.9019259103E+000   0.1012177543E+001
 0.2121212   0.3720341406E+000   0.9996226733E+000   0.8998098247E+000   0.9829894658E+000
 0.2222222   0.3674436011E+000   0.9981749757E+000   0.9110365813E+000   0.1014433127E+001
 0.2323232   0.3718504379E+000   0.1019129001E+001   0.9218385630E+000   0.1020618392E+001
 0.2424242   0.3780592683E+000   0.1009328609E+001   0.9218684448E+000   0.1006360621E+001
 0.2525253   0.3817743686E+000   0.9989749684E+000   0.9157247831E+000   0.9808559736E+000
 0.2626263   0.3928115510E+000   0.1002782163E+001   0.9191122179E+000   0.9928084965E+000
 0.2727273   0.4040620994E+000   0.1012035090E+001   0.9284434609E+000   0.1017191560E+001
 0.2828283   0.4202563828E+000   0.1006999955E+001   0.9303008975E+000   0.9853361003E+000
 0.2929293   0.4368161780E+000   0.1016131438E+001   0.9399702550E+000   0.1008746573E+001
 0.3030303   0.4514470955E+000   0.1037752445E+001   0.9422705517E+000   0.1025884868E+001
 0.3131313   0.4696444562E+000   0.1020349231E+001   0.9493747605E+000   0.9957573097E+000
 0.3232323   0.4913596004E+000   0.1009232224E+001   0.9532960990E+000   0.9890691944E+000
 0.3333333   0.5137226203E+000   0.1036040654E+001   0.9576212173E+000   0.9903190773E+000
 0.3434343   0.5396131983E+000   0.1003746009E+001   0.9560937313E+000   0.1009499814E+001
 0.3535354   0.5665555963E+000   0.1026066769E+001   0.9680914361E+000   0.1003600118E+001
 0.3636364   0.5967088803E+000   0.1021544401E+001   0.9770501601E+000   0.1006310957E+001
 0.3737374   0.6262286088E+000   0.1028144822E+001   0.9809721602E+000   0.9971892947E+000
 0.3838384   0.6617591203E+000   0.1024784853E+001   0.9828180778E+000   0.9948488683E+000
 0.3939394   0.6968197424E+000   0.1011088593E+001   0.9865798224E+000   0.9953827586E+000
 0.4040404   0.7420696916E+000   0.1017725640E+001   0.9950469841E+000   0.9855057864E+000
 0.4141414   0.7748424698E+000   0.1014307840E+001   0.1013941459E+001   0.1016765276E+001
 0.4242424   0.8375703362E+000   0.1045943214E+001   0.1004530363E+001   0.9867763628E+000
 0.4343434   0.8662551585E+000   0.1005870327E+001   0.1020656381E+001   0.9956000396E+000
 0.4444444   0.9291853253E+000   0.1021422956E+001   0.1033958997E+001   0.1001367297E+001
 0.4545455   0.1000301621E+001   0.1006552730E+001   0.1033981534E+001   0.9964050139E+000
 0.4646465   0.1050651168E+001   0.1016509266E+001   0.1028588051E+001   0.9917552011E+000
 0.4747475   0.1108667045E+001   0.9871524258E+000   0.1046586474E+001   0.1020906030E+001
 0.4848485   0.1188007899E+001   0.9948053679E+000   0.1058468476E+001   0.9997470022E+000
 0.4949495   0.1283122993E+001   0.1018550693E+001   0.1058204317E+001   0.1002122607E+001
 0.5050505   0.1321075923E+001   0.1005716112E+001   0.1059166899E+001   0.1003949837E+001
 0.5151515   0.1316388765E+001   0.1024993044E+001   0.1078498173E+001   0.1035877724E+001
 0.5252525   0.1302941703E+001   0.9724479819E+000   0.1066129838E+001   0.1001994308E+001
 0.5353535   0.1325342448E+001   0.1017746845E+001   0.1050997896E+001   0.9904742780E+000
 0.5454545   0.1312538370E+001   0.1001743136E+001   0.1058673575E+001   0.9849429253E+000
 0.5555556   0.1319461017E+001   0.1010701126E+001   0.1064757957E+001   0.1011401540E+001
 0.5656566   0.1328081654E+001   0.1016235534E+001   0.1048967464E+001   0.9925374126E+000
 0.5757576   0.1305683135E+001   0.1013744954E+001   0.1054701037E+001   0.9807545758E+000
 0.5858586   0.1308939546E+001   0.1011173411E+001   0.1054101370E+001   0.9873557787E+000
 0.5959596   0.1306971819E+001   0.9952005451E+000   0.1065483195E+001   0.9962063570E+000
 0.6060606   0.1312351883E+001   0.1004118054E+001   0.1082263695E+001   0.1025133697E+001
 0.6161616   0.1323064734E+001   0.1008320425E+001   0.1049864897E+001   0.1007836062E+001
 0.6262626   0.1299850632E+001   0.9910868477E+000   0.1054207442E+001   0.1003461472E+001
 0.6363636   0.1313427410E+001   0.9996188179E+000   0.1073796633E+001   0.9993207176E+000
 0.6464646   0.1314414223E+001   0.1002793729E+001   0.1047558330E+001   0.9936072627E+000
 0.6565657   0.1319503396E+001   0.1004204800E+001   0.1062378028E+001   0.1000276754E+001
 0.6666667   0.1315810196E+001   0.9913432309E+000   0.1056967087E+001   0.1012003718E+001
 0.6767677   0.1319815821E+001   0.1003133003E+001   0.1052027512E+001   0.1000123623E+001
 0.6868687   0.1316846767E+001   0.1006437069E+001   0.1065794124E+001   0.1004533392E+001
 0.6969697   0.1313208883E+001   0.1002992281E+001   0.1070132503E+001   0.1008202336E+001
 0.7070707   0.1327771181E+001   0.1003165773E+001   0.1067259361E+001   0.9990020388E+000
 0.7171717   0.1310386013E+001   0.9955783729E+000   0.1063435461E+001   0.1001191403E+001
 0.7272727   0.1305315081E+001   0.9916651557E+000   0.1064235076E+001   0.9878896691E+000
 0.7373737   0.1326079503E+001   0.1008081391E+001   0.1058767799E+001   0.1003372490E+001
 0.7474747   0.1305752259E+001   0.9988246083E+000   0.1066798058E+001   0.1009481190E+001
 0.7575758   0.1306397725E+001   0.9971417321E+000   0.1053832018E+001   0.9896341249E+000
 0.7676768   0.1319610040E+001   0.1004825517E+001   0.1066597952E+001   0.1001524567E+001
 0.7777778   0.1326257074E+001   0.9989152099E+000   0.1070522111E+001   0.1003829815E+001
 0.7878788   0.1317024470E+001   0.1002728187E+001   0.1060393089E+001   0.9955752075E+000
 0.7979798   0.1313801207E+001   0.9927504470E+000   0.1064087830E+001   0.9981329150E+000
 0.8080808   0.1310585822E+001   0.9899128825E+000   0.1063276123E+001   0.1000566462E+001
 0.8181818   0.1303211632E+001   0.9916304572E+000   0.1063931138E+001   0.9990661885E+000
 0.8282828   0.1303506749E+001   0.9717925662E+000   0.1060654167E+001   0.9874633845E+000
 0.8383838   0.1314999325E+001   0.9872237505E+000   0.1065116270E+001   0.9972120575E+000
 0.8484848   0.1309741283E+001   0.9910714262E+000   0.1062038357E+001   0.9919269565E+000
 0.8585859   0.1302366437E+001   0.9961084886E+000   0.1054462394E+001   0.9975038348E+000
 0.8686869   0.1303606116E+001   0.9948227172E+000   0.1061003627E+001   0.9992006957E+000
 0.8787879   0.1303662337E+001   0.9993874948E+000   0.1056494176E+001   0.9837075277E+000
 0.8888889   0.1302869720E+001   0.9872160397E+000   0.1051067426E+001   0.9868963847E+000
 0.8989899   0.1315755106E+001   0.9982308788E+000   0.1060810408E+001   0.9993724512E+000
 0.9090909   0.1293528064E+001   0.9756537357E+000   0.1052173641E+001   0.9845911370E+000
 0.9191919   0.1309222717E+001   0.9946839233E+000   0.1061588039E+001   0.1001503874E+001
 0.9292929   0.1311230492E+001   0.1014541091E+001   0.1064578478E+001   0.1014286203E+001
 0.9393939   0.1302444688E+001   0.9923224991E+000   0.1062927321E+001   0.9960863351E+000
 0.9494949   0.1315486226E+001   0.9933808027E+000   0.1060070460E+001   0.9892719900E+000
 0.9595960   0.1301802285E+001   0.9867880918E+000   0.1061999044E+001   0.1011405678E+001
 0.9696970   0.1312425365E+001   0.1014030253E+001   0.1057296668E+001   0.1008146464E+001
 0.9797980   0.1316235741E+001   0.1003422157E+001   0.1056220323E+001   0.9937645327E+000
 0.9898990   0.1316505482E+001   0.1020900551E+001   0.1064923862E+001   0.1020812910E+001
 1.0000000   0.1313385361E+001   0.9928603255E+000   0.1064514009E+001   0.9997614876E+000


