 0.0000000   0.1561878911E+000   0.1076266911E+001   0.4571323533E+000   0.9749812437E+000
 0.0101010   0.1565090130E+000   0.1052365679E+001   0.4573241071E+000   0.9541920491E+000
 0.0202020   0.1542704441E+000   0.1032361705E+001   0.4604797547E+000   0.9454190090E+000
 0.0303030   0.1474843594E+000   0.1042630500E+001   0.4537260718E+000   0.9559751224E+000
 0.0404040   0.1430016847E+000   0.1059353132E+001   0.4528371309E+000   0.9743463737E+000
 0.0505051   0.1387108721E+000   0.1043952594E+001   0.4562265296E+000   0.9476354570E+000
 0.0606061   0.1277035774E+000   0.1035358982E+001   0.4481666287E+000   0.9512959544E+000
 0.0707071   0.1209752647E+000   0.1008194992E+001   0.4480081888E+000   0.9287492733E+000
 0.0808081   0.1131655924E+000   0.1023736235E+001   0.4541571835E+000   0.9568834503E+000
 0.0909091   0.1015288144E+000   0.1033768753E+001   0.4434089178E+000   0.9509905132E+000
 0.1010101   0.9592787518E-001   0.9916369583E+000   0.4458460871E+000   0.9430490408E+000
 0.1111111   0.9048749603E-001   0.9746568097E+000   0.4508250750E+000   0.9504196099E+000
 0.1212121   0.8447161568E-001   0.9430592913E+000   0.4475679573E+000   0.9328335504E+000
 0.1313131   0.8114416257E-001   0.9410788049E+000   0.4522755334E+000   0.9748501119E+000
 0.1414141   0.7846996151E-001   0.9265649725E+000   0.4511512476E+000   0.9367275265E+000
 0.1515152   0.7740033838E-001   0.8977470375E+000   0.4623882516E+000   0.9602465023E+000
 0.1616162   0.7738842792E-001   0.9376594129E+000   0.4640939594E+000   0.9296767912E+000
 0.1717172   0.7794778179E-001   0.9327958056E+000   0.4778077174E+000   0.9800378155E+000
 0.1818182   0.7814765178E-001   0.8993611604E+000   0.4799097728E+000   0.9495096828E+000
 0.1919192   0.7941587084E-001   0.9091494355E+000   0.4896187237E+000   0.9679624918E+000
 0.2020202   0.8362638031E-001   0.9220252517E+000   0.5018142855E+000   0.9389087928E+000
 0.2121212   0.8503897734E-001   0.8831190483E+000   0.5118051335E+000   0.9750596030E+000
 0.2222222   0.8957114490E-001   0.8699963350E+000   0.5248191587E+000   0.9387248884E+000
 0.2323232   0.9592188820E-001   0.8952886858E+000   0.5339736735E+000   0.9480368484E+000
 0.2424242   0.1003221190E+000   0.9059557021E+000   0.5505914062E+000   0.9708809749E+000
 0.2525253   0.1079744749E+000   0.8959895549E+000   0.5648466993E+000   0.9479968691E+000
 0.2626263   0.1155449997E+000   0.8898781881E+000   0.5767689734E+000   0.9433688746E+000
 0.2727273   0.1240736235E+000   0.8966160895E+000   0.5969197783E+000   0.9521291214E+000
 0.2828283   0.1341048729E+000   0.9098582691E+000   0.6063227174E+000   0.9442628100E+000
 0.2929293   0.1450609226E+000   0.9011186429E+000   0.6190772812E+000   0.9925960883E+000
 0.3030303   0.1545492856E+000   0.8764528268E+000   0.6392484683E+000   0.9626516522E+000
 0.3131313   0.1695203526E+000   0.8839128358E+000   0.6605794960E+000   0.9574127751E+000
 0.3232323   0.1823117390E+000   0.8735219194E+000   0.6832047835E+000   0.9807734332E+000
 0.3333333   0.2041821998E+000   0.9344232026E+000   0.7081838515E+000   0.9721635083E+000
 0.3434343   0.2239658161E+000   0.9325090864E+000   0.7288366112E+000   0.9781971722E+000
 0.3535354   0.2437513712E+000   0.9664295614E+000   0.7439109279E+000   0.9437254892E+000
 0.3636364   0.2717415907E+000   0.9946873320E+000   0.7755922445E+000   0.9356560834E+000
 0.3737374   0.2932542723E+000   0.9617491358E+000   0.7974441615E+000   0.9879137220E+000
 0.3838384   0.3208482637E+000   0.9395496358E+000   0.8244188782E+000   0.1000892576E+001
 0.3939394   0.3534407147E+000   0.9371390706E+000   0.8579839617E+000   0.9814994558E+000
 0.4040404   0.3956961011E+000   0.9460963910E+000   0.8796220160E+000   0.9983243110E+000
 0.4141414   0.4330319707E+000   0.9703586764E+000   0.9125079913E+000   0.9805319587E+000
 0.4242424   0.4787179728E+000   0.9509467243E+000   0.9477394932E+000   0.1027881748E+001
 0.4343434   0.5496770489E+000   0.1011226783E+001   0.9830361324E+000   0.9962997632E+000
 0.4444444   0.6004503128E+000   0.9904768074E+000   0.1014478487E+001   0.1004250831E+001
 0.4545455   0.6674661435E+000   0.9979023039E+000   0.1052187852E+001   0.1018147608E+001
 0.4646465   0.7338121772E+000   0.9542891269E+000   0.1090582031E+001   0.1006384122E+001
 0.4747475   0.8270673065E+000   0.9854512569E+000   0.1133449812E+001   0.9814210966E+000
 0.4848485   0.9054183704E+000   0.1012060392E+001   0.1164370708E+001   0.1010067008E+001
 0.4949495   0.1032657024E+001   0.9920484534E+000   0.1234232286E+001   0.1017061772E+001
 0.5050505   0.1080733396E+001   0.1024036229E+001   0.1246685153E+001   0.1038418672E+001
 0.5151515   0.1080755124E+001   0.1033500617E+001   0.1243707164E+001   0.1010262106E+001
 0.5252525   0.1083736134E+001   0.1017895659E+001   0.1238986285E+001   0.1008985969E+001
 0.5353535   0.1093287883E+001   0.1013616109E+001   0.1255068177E+001   0.1044074932E+001
 0.5454545   0.1088691901E+001   0.9840495185E+000   0.1243080632E+001   0.1047007807E+001
 0.5555556   0.1106686336E+001   0.1020940723E+001   0.1242581077E+001   0.1037124944E+001
 0.5656566   0.1102742876E+001   0.1000358001E+001   0.1254370375E+001   0.1021713754E+001
 0.5757576   0.1127453115E+001   0.9947006061E+000   0.1238558040E+001   0.1021723349E+001
 0.5858586   0.1130573935E+001   0.1001749120E+001   0.1256478072E+001   0.1031155247E+001
 0.5959596   0.1128980159E+001   0.1002096900E+001   0.1251806205E+001   0.1023915810E+001
 0.6060606   0.1140516517E+001   0.1033816539E+001   0.1263569421E+001   0.1016818698E+001
 0.6161616   0.1162898299E+001   0.1037660700E+001   0.1253311032E+001   0.1013401275E+001
 0.6262626   0.1170490801E+001   0.9975810722E+000   0.1271028876E+001   0.1053538813E+001
 0.6363636   0.1180647425E+001   0.9984067173E+000   0.1261151086E+001   0.1033677136E+001
 0.6464646   0.1183107314E+001   0.1003716332E+001   0.1268442305E+001   0.1026437699E+001
 0.6565657   0.1218054751E+001   0.1027227307E+001   0.1273483815E+001   0.1032632879E+001
 0.6666667   0.1239460579E+001   0.1016687722E+001   0.1272302060E+001   0.1018461045E+001
 0.6767677   0.1251111489E+001   0.1011025017E+001   0.1288869440E+001   0.1014240838E+001
 0.6868687   0.1285167363E+001   0.1037835918E+001   0.1273322090E+001   0.1016295770E+001
 0.6969697   0.1317074311E+001   0.1025857426E+001   0.1284953878E+001   0.1035644114E+001
 0.7070707   0.1328983928E+001   0.1012538257E+001   0.1281238406E+001   0.1004893696E+001
 0.7171717   0.1382473895E+001   0.1066852963E+001   0.1304519130E+001   0.1070581155E+001
 0.7272727   0.1396527633E+001   0.1020842495E+001   0.1304923488E+001   0.1032001207E+001
 0.7373737   0.1424074799E+001   0.1019748715E+001   0.1307886573E+001   0.1023192985E+001
 0.7474747   0.1472389585E+001   0.1058989424E+001   0.1312835154E+001   0.1040491194E+001
 0.7575758   0.1494673648E+001   0.1024086670E+001   0.1322384651E+001   0.1023981375E+001
 0.7676768   0.1553928930E+001   0.1022799088E+001   0.1325532654E+001   0.9910576879E+000
 0.7777778   0.1577407340E+001   0.1024954792E+001   0.1334198019E+001   0.1022889143E+001
 0.7878788   0.1615385564E+001   0.1043907462E+001   0.1335626018E+001   0.1018697722E+001
 0.7979798   0.1670434277E+001   0.1048826821E+001   0.1345746758E+001   0.1026116266E+001
 0.8080808   0.1718172402E+001   0.1035953659E+001   0.1349771600E+001   0.1019681210E+001
 0.8181818   0.1759608583E+001   0.1048781689E+001   0.1352883495E+001   0.1048007288E+001
 0.8282828   0.1841850011E+001   0.1060497354E+001   0.1369923422E+001   0.1042512544E+001
 0.8383838   0.1894441509E+001   0.1067593655E+001   0.1383650607E+001   0.1040996532E+001
 0.8484848   0.1950688287E+001   0.1033192660E+001   0.1375371002E+001   0.1004695400E+001
 0.8585859   0.2042057361E+001   0.1067004287E+001   0.1398983324E+001   0.1033283740E+001
 0.8686869   0.2070877639E+001   0.1056687706E+001   0.1413859302E+001   0.1052358626E+001
 0.8787879   0.2166550777E+001   0.1057253180E+001   0.1411972366E+001   0.1027310845E+001
 0.8888889   0.2258161924E+001   0.1084026913E+001   0.1428674442E+001   0.1050689094E+001
 0.8989899   0.2314934046E+001   0.1033705037E+001   0.1445009872E+001   0.1020495187E+001
 0.9090909   0.2441436571E+001   0.1090512607E+001   0.1452609788E+001   0.1042119148E+001
 0.9191919   0.2518244598E+001   0.1058426604E+001   0.1471235736E+001   0.1014848522E+001
 0.9292929   0.2600910312E+001   0.1077169545E+001   0.1469067737E+001   0.1045418233E+001
 0.9393939   0.2759739601E+001   0.1110274994E+001   0.1491311541E+001   0.1065817231E+001
 0.9494949   0.2876958832E+001   0.1074745706E+001   0.1515597222E+001   0.1032058777E+001
 0.9595960   0.3035805233E+001   0.1119123468E+001   0.1529840043E+001   0.1070531581E+001
 0.9696970   0.3119459384E+001   0.1090571013E+001   0.1518225622E+001   0.1027507543E+001
 0.9797980   0.3267494886E+001   0.1089907311E+001   0.1551767458E+001   0.1060928572E+001
 0.9898990   0.3433550527E+001   0.1142727361E+001   0.1555358648E+001   0.1078759304E+001
 1.0000000   0.3537470078E+001   0.1132763868E+001   0.1586740244E+001   0.1063544812E+001


 0.0000000   0.9898097928E+000   0.1135514534E+001   0.7687608642E+000   0.9731149561E+000
 0.0101010   0.9827938559E+000   0.1159965710E+001   0.7661616289E+000   0.9989505371E+000
 0.0202020   0.9939138679E+000   0.1177796727E+001   0.7784919294E+000   0.1004378140E+001
 0.0303030   0.9541626834E+000   0.1115011036E+001   0.7644879358E+000   0.9769164886E+000
 0.0404040   0.9262950166E+000   0.1122711040E+001   0.7593641117E+000   0.9811363791E+000
 0.0505051   0.9042147287E+000   0.1115819563E+001   0.7601246383E+000   0.9604931737E+000
 0.0606061   0.8545482682E+000   0.1123199412E+001   0.7457215622E+000   0.9699291204E+000
 0.0707071   0.8015438877E+000   0.1066054421E+001   0.7461727959E+000   0.9447992226E+000
 0.0808081   0.7573727285E+000   0.1105769946E+001   0.7415611170E+000   0.9643294378E+000
 0.0909091   0.7121036105E+000   0.1076142023E+001   0.7437736717E+000   0.9724155878E+000
 0.1010101   0.6535589840E+000   0.1057442789E+001   0.7239182028E+000   0.9511819451E+000
 0.1111111   0.6160704027E+000   0.1095077304E+001   0.7298109611E+000   0.9910080496E+000
 0.1212121   0.5738388620E+000   0.1065001708E+001   0.7234209601E+000   0.9822351609E+000
 0.1313131   0.5256894214E+000   0.1037853632E+001   0.7162876313E+000   0.9610315136E+000
 0.1414141   0.5002449374E+000   0.1064019537E+001   0.7219762288E+000   0.1002344762E+001
 0.1515152   0.4677210720E+000   0.1027022618E+001   0.7168369628E+000   0.9612051717E+000
 0.1616162   0.4447060650E+000   0.1009058656E+001   0.7277659268E+000   0.1000466098E+001
 0.1717172   0.4366261702E+000   0.1005835398E+001   0.7182488999E+000   0.9819020532E+000
 0.1818182   0.4161790258E+000   0.9742105760E+000   0.7228694509E+000   0.9852315515E+000
 0.1919192   0.4096653952E+000   0.9941497334E+000   0.7332715728E+000   0.9884410679E+000
 0.2020202   0.4084516254E+000   0.9754559254E+000   0.7369269760E+000   0.9598016989E+000
 0.2121212   0.4031883641E+000   0.9600694834E+000   0.7342155144E+000   0.9757024610E+000
 0.2222222   0.3973776862E+000   0.9557989386E+000   0.7420540691E+000   0.9674237084E+000
 0.2323232   0.4098020861E+000   0.9546105659E+000   0.7604465821E+000   0.9841675013E+000
 0.2424242   0.4184043736E+000   0.9475264538E+000   0.7650112437E+000   0.9750109862E+000
 0.2525253   0.4288115138E+000   0.9891846146E+000   0.7707041885E+000   0.9907444051E+000
 0.2626263   0.4434237514E+000   0.9945241522E+000   0.7893925466E+000   0.9858551418E+000
 0.2727273   0.4563325006E+000   0.9578121180E+000   0.7966050331E+000   0.9611514956E+000
 0.2828283   0.4632814445E+000   0.9712586365E+000   0.8052236225E+000   0.9896487807E+000
 0.2929293   0.4779587851E+000   0.9490729662E+000   0.8114545950E+000   0.9934187390E+000
 0.3030303   0.4946059622E+000   0.9737249168E+000   0.8326256184E+000   0.1001380171E+001
 0.3131313   0.5161362510E+000   0.9378241232E+000   0.8307157019E+000   0.9528664281E+000
 0.3232323   0.5352833509E+000   0.9643861523E+000   0.8561649026E+000   0.1010168847E+001
 0.3333333   0.5669872720E+000   0.9753935223E+000   0.8629053142E+000   0.9851605096E+000
 0.3434343   0.5949990287E+000   0.9914121351E+000   0.8780989803E+000   0.1003388289E+001
 0.3535354   0.6013229518E+000   0.9643183228E+000   0.9000842584E+000   0.1003410391E+001
 0.3636364   0.6317286374E+000   0.9504919592E+000   0.9168799526E+000   0.1013387835E+001
 0.3737374   0.6621332341E+000   0.9637973923E+000   0.9357594694E+000   0.1000966549E+001
 0.3838384   0.7048474751E+000   0.9609919645E+000   0.9415542904E+000   0.1021328744E+001
 0.3939394   0.7306249950E+000   0.9610679336E+000   0.9608766723E+000   0.1049437667E+001
 0.4040404   0.7850705052E+000   0.9892524441E+000   0.9833730405E+000   0.1011106600E+001
 0.4141414   0.8269403659E+000   0.9944888809E+000   0.9993349983E+000   0.1039935414E+001
 0.4242424   0.8594282196E+000   0.9573807224E+000   0.1015223832E+001   0.1001809580E+001
 0.4343434   0.9110111362E+000   0.9867943033E+000   0.1031651571E+001   0.1009210570E+001
 0.4444444   0.9588083032E+000   0.9845450774E+000   0.1050031194E+001   0.1004670202E+001
 0.4545455   0.1009503117E+001   0.9717063111E+000   0.1078896365E+001   0.1020859867E+001
 0.4646465   0.1082689961E+001   0.1012360595E+001   0.1089038994E+001   0.1006291536E+001
 0.4747475   0.1151191864E+001   0.1022616415E+001   0.1111920413E+001   0.1015662756E+001
 0.4848485   0.1208022766E+001   0.9957559358E+000   0.1122527602E+001   0.1025051341E+001
 0.4949495   0.1276677599E+001   0.9581729708E+000   0.1154136853E+001   0.1030205828E+001
 0.5050505   0.1316642664E+001   0.9861431402E+000   0.1158224200E+001   0.1025408130E+001
 0.5151515   0.1311675450E+001   0.1002582296E+001   0.1162504457E+001   0.1006436778E+001
 0.5252525   0.1301363777E+001   0.9779411980E+000   0.1162863820E+001   0.1039111328E+001
 0.5353535   0.1320053074E+001   0.9881183350E+000   0.1156117035E+001   0.1022743268E+001
 0.5454545   0.1302252315E+001   0.9912086467E+000   0.1161080297E+001   0.1020335736E+001
 0.5555556   0.1311250670E+001   0.9904842277E+000   0.1168025028E+001   0.1027441507E+001
 0.5656566   0.1312135148E+001   0.9740722038E+000   0.1163706434E+001   0.9817394461E+000
 0.5757576   0.1315161303E+001   0.9933412059E+000   0.1161270165E+001   0.1032128696E+001
 0.5858586   0.1310001546E+001   0.9888644594E+000   0.1160172397E+001   0.1027032622E+001
 0.5959596   0.1303744399E+001   0.9901179484E+000   0.1166310323E+001   0.1026233795E+001
 0.6060606   0.1315567669E+001   0.9981218285E+000   0.1166593501E+001   0.1027285215E+001
 0.6161616   0.1323735943E+001   0.1000110589E+001   0.1155814607E+001   0.9974255037E+000
 0.6262626   0.1315723127E+001   0.9799842223E+000   0.1154078601E+001   0.1006192078E+001
 0.6363636   0.1316112513E+001   0.9905710494E+000   0.1157972313E+001   0.9933524332E+000
 0.6464646   0.1331506887E+001   0.1033767583E+001   0.1157591827E+001   0.1026751611E+001
 0.6565657   0.1319521667E+001   0.1009959431E+001   0.1162397428E+001   0.9976354721E+000
 0.6666667   0.1325418528E+001   0.1013977651E+001   0.1157742825E+001   0.1017800328E+001
 0.6767677   0.1303534793E+001   0.9872555439E+000   0.1158054862E+001   0.9854036309E+000
 0.6868687   0.1325085941E+001   0.1001326094E+001   0.1161352083E+001   0.1008980079E+001
 0.6969697   0.1309131585E+001   0.9915912050E+000   0.1161783407E+001   0.1033593738E+001
 0.7070707   0.1315769621E+001   0.9892497309E+000   0.1158051540E+001   0.1010839798E+001
 0.7171717   0.1312184749E+001   0.9848218217E+000   0.1152217985E+001   0.1001533306E+001
 0.7272727   0.1322228773E+001   0.9969253163E+000   0.1162946167E+001   0.1024473534E+001
 0.7373737   0.1312353923E+001   0.9952946953E+000   0.1151587347E+001   0.1016450532E+001
 0.7474747   0.1317107545E+001   0.9910295768E+000   0.1155797517E+001   0.1018673355E+001
 0.7575758   0.1307794368E+001   0.1004508653E+001   0.1159313087E+001   0.1033614262E+001
 0.7676768   0.1308607913E+001   0.9872338384E+000   0.1155937917E+001   0.1005257482E+001
 0.7777778   0.1307707022E+001   0.9730629009E+000   0.1158098368E+001   0.9978359682E+000
 0.7878788   0.1308827108E+001   0.9735160020E+000   0.1156593945E+001   0.9903307832E+000
 0.7979798   0.1312733652E+001   0.9898629095E+000   0.1164687478E+001   0.1030928877E+001
 0.8080808   0.1328428397E+001   0.1001893148E+001   0.1152448737E+001   0.1012552698E+001
 0.8181818   0.1316302752E+001   0.9807032149E+000   0.1161751960E+001   0.1006473088E+001
 0.8282828   0.1311520341E+001   0.9687787902E+000   0.1156390770E+001   0.9893835575E+000
 0.8383838   0.1314320714E+001   0.9871958539E+000   0.1156252498E+001   0.1014407682E+001
 0.8484848   0.1312429647E+001   0.9819322853E+000   0.1161953996E+001   0.1016030595E+001
 0.8585859   0.1324429051E+001   0.9797481757E+000   0.1160160329E+001   0.1015651705E+001
 0.8686869   0.1313250658E+001   0.9796722067E+000   0.1157405508E+001   0.9923815269E+000
 0.8787879   0.1299859924E+001   0.9713888691E+000   0.1154413027E+001   0.1003931366E+001
 0.8888889   0.1311798685E+001   0.9708787913E+000   0.1158361152E+001   0.1000306649E+001
 0.8989899   0.1317260593E+001   0.9689415810E+000   0.1153064090E+001   0.9713373292E+000
 0.9090909   0.1311997991E+001   0.9871850012E+000   0.1151233587E+001   0.1000677645E+001
 0.9191919   0.1312556553E+001   0.9766714299E+000   0.1156208727E+001   0.1017146743E+001
 0.9292929   0.1315637942E+001   0.9860644580E+000   0.1156600075E+001   0.1003086756E+001
 0.9393939   0.1301106987E+001   0.9670179366E+000   0.1153363575E+001   0.9986205868E+000
 0.9494949   0.1312516603E+001   0.9941551598E+000   0.1165818643E+001   0.1016924145E+001
 0.9595960   0.1303842851E+001   0.9510508742E+000   0.1155692614E+001   0.9875317313E+000
 0.9696970   0.1324852855E+001   0.9994892711E+000   0.1165939128E+001   0.1014846563E+001
 0.9797980   0.1294145603E+001   0.9470245155E+000   0.1151838249E+001   0.9828934828E+000
 0.9898990   0.1302907292E+001   0.9564202568E+000   0.1151555755E+001   0.9928772416E+000
 1.0000000   0.1319796985E+001   0.9692915812E+000   0.1157799169E+001   0.9892351588E+000


