Compiled using GNU Fortran (Ubuntu 9.4.0-1ubuntu1~20.04.2) 9.4.0 with all optimizations
Last Brick update unknown
Compiled at 18:43:37 on Sep  2 2023
Starting at 16:56:21 on Sep 11 2023

Settings
OK                      

Forcefield
OK                      

Topology
OK                      

Configuration
OK                      Read from ./INPUT/restart.in

 F
Monte Carlo Simulation initialized.

#########################################################################################################################
###########################################   ENERGY STARTING CONFIGURATION   ###########################################
#########################################################################################################################
                                               Box 1               Box 2
-------------------------------------------------------------------------------------------------------------------------
Lennard Jones        
 Intermolecular                         -0.5342216184E+006  -0.4531737500E+005
 Tailcorrection                         -0.1332556022E+005  -0.9639329950E+003
Total Intermolecular                    -0.5475471786E+006  -0.4628130799E+005

Electrostatic        
 Real                                   -0.1601582854E+006  -0.1023273755E+005
 Exclusion                               0.9190594786E+007   0.3162511332E+007
 Selfterm                               -0.9220114054E+007  -0.3165700350E+007
 Fourier                                 0.1358439880E+005   0.2737663226E+004
Total Intermolecular                    -0.1760931545E+006  -0.1068409277E+005

Intramolecular       
 Lennard Jones                           0.0000000000E+000   0.0000000000E+000
 Electrostatic                           0.0000000000E+000   0.0000000000E+000
 Bending                                 0.0000000000E+000   0.0000000000E+000
 Torsion                                 0.0000000000E+000   0.0000000000E+000

Total                                   -0.7236403331E+006  -0.5696540076E+005

#########################################################################################################################

Simulation is running...



#########################################################################################################################
###############################################   RELATIVE ENERGY DRIFTS   ##############################################
#########################################################################################################################
                                               Box 1               Box 2                                                 
-------------------------------------------------------------------------------------------------------------------------

Lennard Jones        
 Intermolecular                          0.7186973287E-015   0.5138562421E-015
 Tailcorrection                          0.0000000000E+000   0.0000000000E+000

Electrostatic        
 Real                                    0.5113736890E-014   0.6123617446E-014
 Exclusion                               0.0000000000E+000   0.1229673353E-015
 Selfterm                                0.0000000000E+000   0.0000000000E+000
 Fourier                                 0.4113326679E-015   0.5580711776E-015

Intramolecular       
 Lennard Jones                           0.0000000000E+000   0.0000000000E+000
 Electrostatic                           0.0000000000E+000   0.0000000000E+000
 Bending                                 0.0000000000E+000   0.0000000000E+000
 Torsion                                 0.0000000000E+000   0.0000000000E+000

Total                                    0.1924951420E-014   0.4234623646E-015

#########################################################################################################################
############################################   TRIAL MOVE ACCEPTANCE RATES   ############################################
#########################################################################################################################
                                               Box 1               Box 2
-------------------------------------------------------------------------------------------------------------------------
Translation
 CO2                                          0.49523             0.48729
 AR                                           0.48204             0.64732
-------------------------------------------------------------------------------------------------------------------------
Rotation
 CO2                                          0.50058             0.75130
 AR                                           0.00000             0.00000
-------------------------------------------------------------------------------------------------------------------------
Lambda Move
 cd                                           0.74351             0.94561
 Ar                                           0.82484             0.97005
-------------------------------------------------------------------------------------------------------------------------
GE Swap Fractional
 cd                                           0.34533             0.38410
 Ar                                           0.44458             0.47125
-------------------------------------------------------------------------------------------------------------------------
GE Identity Change
 cd                                           0.72263             0.83741
 Ar                                           0.87445             0.91932
-------------------------------------------------------------------------------------------------------------------------
Volume                                        0.45178             0.50317

#########################################################################################################################
######################################################   AVERAGES   #####################################################
#########################################################################################################################
                                                       Boltzmann                                    Biased
                                               Box 1               Box 2                  Box 1               Box 2      
-------------------------------------------------------------------------------------------------------------------------
Density
 CO2                                     0.9589705867E+003   0.5986526547E+002      0.9570619172E+003   0.5974339478E+002
 AR                                      0.4907019055E+002   0.4983085104E+002      0.4934989557E+002   0.5001833482E+002
 Total                                   0.1008040777E+004   0.1096961165E+003      0.1006411813E+004   0.1097617296E+003

Number of molecules
 CO2                                     0.4739700491E+003   0.2610299509E+003      0.4758461100E+003   0.2591538900E+003
 AR                                      0.2685124402E+002   0.2381487560E+003      0.2715834000E+002   0.2378416600E+003
 Total                                   0.5008212931E+003   0.4991787069E+003      0.5030044500E+003   0.4969955500E+003

Mole fractions
 CO2                                          0.94639             0.52292                 0.94601             0.52144
 AR                                           0.05361             0.47708                 0.05399             0.47856

Volume                                   0.3614797887E+005   0.3186592658E+006      0.3636185996E+005   0.3170398015E+006

#########################################################################################################################
#######################################   PROPERTIES FROM THE CFC GIBBS ENSEMBLE   ######################################
#########################################################################################################################
                                                       Boltzmann                                    Biased
                                               Box 1               Box 2                  Box 1               Box 2      
Chemical Potentials (as an indication)
=========================================================================================================================

Total cd                                -0.1947858726E+004  -0.1945725713E+004     -0.1948362781E+004  -0.1946241283E+004
 Ideal gas                              -0.1096363869E+004  -0.1798126147E+004     -0.1096867925E+004  -0.1798641716E+004
 Excess                                 -0.8514948564E+003  -0.1475995668E+003     -0.8514948564E+003  -0.1475995668E+003

-------------------------------------------------------------------------------------------------------------------------

Total Ar                                -0.1871102916E+004  -0.1870695091E+004     -0.1869664885E+004  -0.1869744989E+004
 Ideal gas                              -0.1823933780E+004  -0.1820041993E+004     -0.1822495749E+004  -0.1819091891E+004
 Excess                                 -0.4716913636E+002  -0.5065309798E+002     -0.4716913636E+002  -0.5065309798E+002

-------------------------------------------------------------------------------------------------------------------------

#########################################################################################################################
#########################################   PROPERTIES FROM UMBRELLA SAMPLING   #########################################
#########################################################################################################################

Excess Partial Molar Enthalpy
=========================================================================================================================


Partial Molar Volume
=========================================================================================================================


#########################################################################################################################
##################################################   AVERAGE ENERGIES   #################################################
#########################################################################################################################
                                                       Boltzmann                                    Biased
                                               Box 1               Box 2                  Box 1               Box 2      
-------------------------------------------------------------------------------------------------------------------------
Lennard Jones        
 Intermolecular                         -0.5100347298E+006  -0.4963464128E+005     -0.5116869071E+006  -0.4925602072E+005
 Tailcorrection                         -0.1246857549E+005  -0.1043579238E+004     -0.1251301027E+005  -0.1036598340E+004
Total Intermolecular                    -0.5225033053E+006  -0.5067822051E+005     -0.5241999174E+006  -0.5029261906E+005

Electrostatic        
 Real                                   -0.1518148809E+006  -0.8389681001E+004     -0.1521131367E+006  -0.8300001236E+004
 Exclusion                               0.8680369910E+007   0.3544791654E+007      0.8713458984E+007   0.3518590307E+007
 Selfterm                               -0.8708250722E+007  -0.3548366296E+007     -0.8741445993E+007  -0.3522138474E+007
 Fourier                                 0.1295177573E+005   0.3043301837E+004      0.1302230716E+005   0.3025862002E+004
Total Intermolecular                    -0.1667439172E+006  -0.8921021338E+004     -0.1670778388E+006  -0.8822307031E+004

Intramolecular       
 Lennard Jones                           0.0000000000E+000   0.0000000000E+000      0.0000000000E+000   0.0000000000E+000
 Electrostatic                           0.0000000000E+000   0.0000000000E+000      0.0000000000E+000   0.0000000000E+000
 Bending                                 0.0000000000E+000   0.0000000000E+000      0.0000000000E+000   0.0000000000E+000
 Torsion                                 0.0000000000E+000   0.0000000000E+000      0.0000000000E+000   0.0000000000E+000

Total                                   -0.6892472225E+006  -0.5959924185E+005     -0.6912777562E+006  -0.5911492609E+005

#########################################################################################################################

No errors found in bookkeeping.

Total simulation time:  17 hours and  46 minutes

Simulation finished.

