 0.0000000   0.1543258046E+000   0.1073854155E+001   0.5425838037E+000   0.9069398072E+000
 0.0101010   0.1527736660E+000   0.1072652637E+001   0.5399292447E+000   0.9124307456E+000
 0.0202020   0.1507624979E+000   0.1066658221E+001   0.5388287942E+000   0.9124821528E+000
 0.0303030   0.1483619996E+000   0.1089937634E+001   0.5440142240E+000   0.9117190763E+000
 0.0404040   0.1411458473E+000   0.1085202704E+001   0.5391907048E+000   0.9202832052E+000
 0.0505051   0.1338828886E+000   0.1094345835E+001   0.5437076719E+000   0.9376058468E+000
 0.0606061   0.1255387384E+000   0.1076902744E+001   0.5394713165E+000   0.9242319257E+000
 0.0707071   0.1164717190E+000   0.1071638197E+001   0.5298305827E+000   0.9048803036E+000
 0.0808081   0.1062493040E+000   0.1068839925E+001   0.5320238443E+000   0.9129914061E+000
 0.0909091   0.9841313421E-001   0.1058645465E+001   0.5317592984E+000   0.8950840069E+000
 0.1010101   0.9268771468E-001   0.1051908005E+001   0.5345800289E+000   0.9117415669E+000
 0.1111111   0.8650199687E-001   0.1054624596E+001   0.5329703585E+000   0.9079052999E+000
 0.1212121   0.8108226725E-001   0.1011325151E+001   0.5405159191E+000   0.8998456047E+000
 0.1313131   0.7814533190E-001   0.1035711225E+001   0.5432689697E+000   0.9032979238E+000
 0.1414141   0.7592237272E-001   0.1014642500E+001   0.5450694040E+000   0.9278175824E+000
 0.1515152   0.7433038784E-001   0.1024022773E+001   0.5560589114E+000   0.9275878561E+000
 0.1616162   0.7358780276E-001   0.9939821861E+000   0.5640548100E+000   0.9331623314E+000
 0.1717172   0.7389611281E-001   0.1024225661E+001   0.5606688570E+000   0.9240487873E+000
 0.1818182   0.7451595674E-001   0.1015638496E+001   0.5732086794E+000   0.9292537728E+000
 0.1919192   0.7624964917E-001   0.1003536363E+001   0.5835250228E+000   0.9491676618E+000
 0.2020202   0.7918345267E-001   0.1010539949E+001   0.5955609994E+000   0.9362307024E+000
 0.2121212   0.8220495883E-001   0.1006408413E+001   0.6022022473E+000   0.9221161955E+000
 0.2222222   0.8765714026E-001   0.1022491892E+001   0.6085776606E+000   0.9347366788E+000
 0.2323232   0.9206110014E-001   0.9957660189E+000   0.6223284078E+000   0.9278786285E+000
 0.2424242   0.9643576404E-001   0.9923696224E+000   0.6318629998E+000   0.9283991270E+000
 0.2525253   0.1036184737E+000   0.9858798438E+000   0.6489853649E+000   0.9427642444E+000
 0.2626263   0.1126105822E+000   0.1004318931E+001   0.6616188167E+000   0.9422421394E+000
 0.2727273   0.1191360339E+000   0.9876742162E+000   0.6746855563E+000   0.9386918252E+000
 0.2828283   0.1274160872E+000   0.9897742379E+000   0.6900924017E+000   0.9571871950E+000
 0.2929293   0.1390524138E+000   0.9944775488E+000   0.7046343524E+000   0.9357069909E+000
 0.3030303   0.1510596714E+000   0.9875345660E+000   0.7202191458E+000   0.9689514261E+000
 0.3131313   0.1618625044E+000   0.1007396503E+001   0.7358356280E+000   0.9757098749E+000
 0.3232323   0.1763553375E+000   0.9570750286E+000   0.7510784671E+000   0.9659183975E+000
 0.3333333   0.1953444884E+000   0.9840722968E+000   0.7643597396E+000   0.9794352951E+000
 0.3434343   0.2165511994E+000   0.9626663035E+000   0.7943017896E+000   0.9809566288E+000
 0.3535354   0.2361141571E+000   0.9848970230E+000   0.8122383752E+000   0.9833101176E+000
 0.3636364   0.2602030921E+000   0.1015406624E+001   0.8238954394E+000   0.9549750762E+000
 0.3737374   0.2858896554E+000   0.9764784917E+000   0.8490512562E+000   0.9710526980E+000
 0.3838384   0.3131227038E+000   0.9819406562E+000   0.8793395411E+000   0.9947578727E+000
 0.3939394   0.3453933542E+000   0.9892472563E+000   0.8946374338E+000   0.9687907784E+000
 0.4040404   0.3835966574E+000   0.9844517236E+000   0.9225754304E+000   0.9834161451E+000
 0.4141414   0.4172806861E+000   0.9726262561E+000   0.9468269091E+000   0.9855623984E+000
 0.4242424   0.4666444913E+000   0.9740622810E+000   0.9703101521E+000   0.9941201014E+000
 0.4343434   0.5222008666E+000   0.9901958232E+000   0.9904620655E+000   0.9972398797E+000
 0.4444444   0.5721494626E+000   0.9680889444E+000   0.1032976843E+001   0.1009897312E+001
 0.4545455   0.6456311497E+000   0.9603660288E+000   0.1064996076E+001   0.1025102617E+001
 0.4646465   0.7155439818E+000   0.9525429867E+000   0.1077622444E+001   0.1013322321E+001
 0.4747475   0.7989456136E+000   0.9357059240E+000   0.1115918855E+001   0.1030583916E+001
 0.4848485   0.8908101845E+000   0.9752400849E+000   0.1135568061E+001   0.9925409345E+000
 0.4949495   0.1008853756E+001   0.9870945364E+000   0.1187078995E+001   0.1007702864E+001
 0.5050505   0.1043714376E+001   0.9531305712E+000   0.1201817822E+001   0.1034384841E+001
 0.5151515   0.1042465264E+001   0.9572278533E+000   0.1201183282E+001   0.1034465165E+001
 0.5252525   0.1047308793E+001   0.9664473966E+000   0.1190918954E+001   0.1023666426E+001
 0.5353535   0.1070603361E+001   0.9801041252E+000   0.1206531106E+001   0.1011298160E+001
 0.5454545   0.1061873452E+001   0.9827970013E+000   0.1197309804E+001   0.1013717514E+001
 0.5555556   0.1066826806E+001   0.9606268847E+000   0.1201075244E+001   0.1028696306E+001
 0.5656566   0.1082383684E+001   0.9794849218E+000   0.1212446982E+001   0.1042452569E+001
 0.5757576   0.1090382304E+001   0.9728212393E+000   0.1203401756E+001   0.1012088547E+001
 0.5858586   0.1094740191E+001   0.9734984107E+000   0.1210025388E+001   0.1016859783E+001
 0.5959596   0.1104870979E+001   0.9828865882E+000   0.1206939067E+001   0.1046216544E+001
 0.6060606   0.1119640773E+001   0.9698016346E+000   0.1210116506E+001   0.1013786593E+001
 0.6161616   0.1131936417E+001   0.9876320576E+000   0.1209674098E+001   0.1017907206E+001
 0.6262626   0.1135042036E+001   0.9698569677E+000   0.1226840922E+001   0.1048923458E+001
 0.6363636   0.1159997117E+001   0.9832027772E+000   0.1221946572E+001   0.1050791791E+001
 0.6464646   0.1192095692E+001   0.9801489187E+000   0.1230904581E+001   0.1036728691E+001
 0.6565657   0.1195754515E+001   0.9568616010E+000   0.1234744329E+001   0.1039467734E+001
 0.6666667   0.1215607785E+001   0.9567983632E+000   0.1233440546E+001   0.1039673363E+001
 0.6767677   0.1253492064E+001   0.9947647538E+000   0.1227105238E+001   0.1031570293E+001
 0.6868687   0.1260563091E+001   0.9678359932E+000   0.1223191075E+001   0.1023436700E+001
 0.6969697   0.1304371103E+001   0.1000548377E+001   0.1238995717E+001   0.1042047736E+001
 0.7070707   0.1329216527E+001   0.9907807728E+000   0.1244425067E+001   0.1050987781E+001
 0.7171717   0.1348604528E+001   0.9853713065E+000   0.1243813816E+001   0.1050234343E+001
 0.7272727   0.1392164326E+001   0.9918584502E+000   0.1257165217E+001   0.1040712754E+001
 0.7373737   0.1411821755E+001   0.9812397706E+000   0.1245551961E+001   0.1044658262E+001
 0.7474747   0.1453601031E+001   0.9932628562E+000   0.1254600904E+001   0.1046783631E+001
 0.7575758   0.1482586758E+001   0.9660152717E+000   0.1259963444E+001   0.1054223226E+001
 0.7676768   0.1534779826E+001   0.1002727446E+001   0.1271862138E+001   0.1054258568E+001
 0.7777778   0.1599302699E+001   0.9884752282E+000   0.1284270070E+001   0.1053362154E+001
 0.7878788   0.1645399147E+001   0.9937186953E+000   0.1288300463E+001   0.1047434254E+001
 0.7979798   0.1660617989E+001   0.9938715200E+000   0.1279642574E+001   0.1061421849E+001
 0.8080808   0.1727032307E+001   0.9844754378E+000   0.1285435764E+001   0.1043204400E+001
 0.8181818   0.1774742278E+001   0.9944248507E+000   0.1292644512E+001   0.1051519525E+001
 0.8282828   0.1822958183E+001   0.9889126230E+000   0.1303632558E+001   0.1060899744E+001
 0.8383838   0.1895209219E+001   0.9842593753E+000   0.1305891877E+001   0.1044745011E+001
 0.8484848   0.1954427534E+001   0.9907675983E+000   0.1308424969E+001   0.1048181266E+001
 0.8585859   0.2046730446E+001   0.1001702467E+001   0.1329078337E+001   0.1069806053E+001
 0.8686869   0.2106423293E+001   0.1006097493E+001   0.1333205421E+001   0.1064273346E+001
 0.8787879   0.2183132040E+001   0.9908571851E+000   0.1339376783E+001   0.1058303677E+001
 0.8888889   0.2276215495E+001   0.1010123633E+001   0.1355822831E+001   0.1078697903E+001
 0.8989899   0.2377827790E+001   0.1009335796E+001   0.1349202830E+001   0.1078545288E+001
 0.9090909   0.2461536318E+001   0.1008226499E+001   0.1353582726E+001   0.1071730612E+001
 0.9191919   0.2591727357E+001   0.1015451417E+001   0.1385933095E+001   0.1074631910E+001
 0.9292929   0.2707204023E+001   0.9987908934E+000   0.1384036102E+001   0.1069290373E+001
 0.9393939   0.2790757944E+001   0.1004669373E+001   0.1386912275E+001   0.1074879307E+001
 0.9494949   0.2953326422E+001   0.1035463544E+001   0.1401064885E+001   0.1095037380E+001
 0.9595960   0.3081290059E+001   0.1004184550E+001   0.1407377052E+001   0.1061121438E+001
 0.9696970   0.3213651662E+001   0.1022671065E+001   0.1423400168E+001   0.1091242882E+001
 0.9797980   0.3400588915E+001   0.1015701733E+001   0.1429777301E+001   0.1081721293E+001
 0.9898990   0.3538696048E+001   0.1032096132E+001   0.1429762522E+001   0.1090140839E+001
 1.0000000   0.3646984064E+001   0.1012906096E+001   0.1452131444E+001   0.1077994266E+001


 0.0000000   0.9905496587E+000   0.1102669768E+001   0.8084234413E+000   0.1006910707E+001
 0.0101010   0.9859423235E+000   0.1030240669E+001   0.8122800820E+000   0.9755189238E+000
 0.0202020   0.9738012283E+000   0.1034588067E+001   0.8059073410E+000   0.9664708797E+000
 0.0303030   0.9597462782E+000   0.1080327097E+001   0.8035878349E+000   0.9868526324E+000
 0.0404040   0.9454814947E+000   0.1109467426E+001   0.8054057551E+000   0.1006274971E+001
 0.0505051   0.9015244359E+000   0.1088261035E+001   0.8050847447E+000   0.9818264945E+000
 0.0606061   0.8570694690E+000   0.1069632548E+001   0.7950619499E+000   0.9851429488E+000
 0.0707071   0.8090293988E+000   0.1060261991E+001   0.7837240242E+000   0.9552981801E+000
 0.0808081   0.7652020367E+000   0.1083878598E+001   0.7910948972E+000   0.9807226697E+000
 0.0909091   0.6941495398E+000   0.1036395103E+001   0.7772133453E+000   0.9552616626E+000
 0.1010101   0.6558807111E+000   0.1023793406E+001   0.7766754918E+000   0.9515219371E+000
 0.1111111   0.6054410975E+000   0.1032891155E+001   0.7737099367E+000   0.9736183532E+000
 0.1212121   0.5573483420E+000   0.1024767003E+001   0.7769168098E+000   0.9787225058E+000
 0.1313131   0.5193650109E+000   0.1054855901E+001   0.7750819764E+000   0.9679614582E+000
 0.1414141   0.4883847993E+000   0.1029026802E+001   0.7701683158E+000   0.9495350524E+000
 0.1515152   0.4598297902E+000   0.1032307998E+001   0.7675061655E+000   0.9636374525E+000
 0.1616162   0.4314313802E+000   0.9978016233E+000   0.7729149475E+000   0.9486270942E+000
 0.1717172   0.4224900854E+000   0.1018965466E+001   0.7749275510E+000   0.9424639336E+000
 0.1818182   0.4035153851E+000   0.9837908388E+000   0.7803571647E+000   0.9796902199E+000
 0.1919192   0.3990284967E+000   0.1008506183E+001   0.7819306591E+000   0.9823294403E+000
 0.2020202   0.3959174790E+000   0.9700403475E+000   0.7824297535E+000   0.9572020705E+000
 0.2121212   0.3993102089E+000   0.9780543761E+000   0.7861746469E+000   0.9543454050E+000
 0.2222222   0.3966580587E+000   0.9763674756E+000   0.8078581773E+000   0.9631959226E+000
 0.2323232   0.4004430787E+000   0.9540948833E+000   0.8030494242E+000   0.9784884617E+000
 0.2424242   0.4051209885E+000   0.9535642855E+000   0.8121717594E+000   0.9730772300E+000
 0.2525253   0.4141056588E+000   0.9646317541E+000   0.8230314720E+000   0.9677124752E+000
 0.2626263   0.4223359105E+000   0.9723404387E+000   0.8262471361E+000   0.9795657284E+000
 0.2727273   0.4425178285E+000   0.1003009991E+001   0.8355612468E+000   0.9803408956E+000
 0.2828283   0.4553135567E+000   0.9852825193E+000   0.8490963197E+000   0.9750358967E+000
 0.2929293   0.4682294393E+000   0.9655678087E+000   0.8542150456E+000   0.9880477511E+000
 0.3030303   0.4836752844E+000   0.9821464862E+000   0.8648407886E+000   0.9783888685E+000
 0.3131313   0.5044937170E+000   0.9856579422E+000   0.8780870449E+000   0.9886170923E+000
 0.3232323   0.5230545563E+000   0.9621839965E+000   0.8908093204E+000   0.9817219216E+000
 0.3333333   0.5486035677E+000   0.9851974234E+000   0.8938658411E+000   0.9675033294E+000
 0.3434343   0.5841907509E+000   0.1008829047E+001   0.9001417932E+000   0.9784170866E+000
 0.3535354   0.5908319594E+000   0.9814607136E+000   0.9230962866E+000   0.1009558227E+001
 0.3636364   0.6331207896E+000   0.9990480275E+000   0.9267915474E+000   0.9976750958E+000
 0.3737374   0.6577057817E+000   0.9390529370E+000   0.9514273813E+000   0.1016846791E+001
 0.3838384   0.6831822209E+000   0.9500152872E+000   0.9554501879E+000   0.9823294403E+000
 0.3939394   0.7278322749E+000   0.9804370604E+000   0.9668716407E+000   0.9753197374E+000
 0.4040404   0.7602250725E+000   0.9708837977E+000   0.9803904987E+000   0.1001778337E+001
 0.4141414   0.8212315716E+000   0.9886312920E+000   0.9980708103E+000   0.9955935975E+000
 0.4242424   0.8571869906E+000   0.9700078108E+000   0.1014302352E+001   0.1018714164E+001
 0.4343434   0.8999775364E+000   0.9855027674E+000   0.1020509300E+001   0.1033857313E+001
 0.4444444   0.9496264326E+000   0.9538145675E+000   0.1042971919E+001   0.1013357708E+001
 0.4545455   0.1010605761E+001   0.9862811443E+000   0.1064293063E+001   0.9882054404E+000
 0.4646465   0.1082450834E+001   0.9698526360E+000   0.1073217279E+001   0.9904960845E+000
 0.4747475   0.1122847744E+001   0.9849521471E+000   0.1100506535E+001   0.1039839546E+001
 0.4848485   0.1208446866E+001   0.9951961880E+000   0.1097030535E+001   0.9741993137E+000
 0.4949495   0.1279075889E+001   0.1009669994E+001   0.1126691953E+001   0.1020309315E+001
 0.5050505   0.1302591044E+001   0.9849997007E+000   0.1134615331E+001   0.1010243760E+001
 0.5151515   0.1316207646E+001   0.1013181450E+001   0.1118177077E+001   0.1015137107E+001
 0.5252525   0.1306093949E+001   0.1001403181E+001   0.1130066388E+001   0.9981697422E+000
 0.5353535   0.1321607594E+001   0.9931864238E+000   0.1128138300E+001   0.1028134023E+001
 0.5454545   0.1314885064E+001   0.9665914619E+000   0.1124289812E+001   0.1008358129E+001
 0.5555556   0.1312645449E+001   0.9695898399E+000   0.1127001243E+001   0.1014365260E+001
 0.5656566   0.1318331197E+001   0.1000039144E+001   0.1131889614E+001   0.1010932614E+001
 0.5757576   0.1328586168E+001   0.9855828576E+000   0.1132854400E+001   0.1032443089E+001
 0.5858586   0.1329708412E+001   0.9839109741E+000   0.1133072595E+001   0.1014137855E+001
 0.5959596   0.1318668058E+001   0.1012280435E+001   0.1135318386E+001   0.1040403908E+001
 0.6060606   0.1318069871E+001   0.9927884755E+000   0.1132995671E+001   0.1008130724E+001
 0.6161616   0.1326148890E+001   0.9601517069E+000   0.1119021901E+001   0.9882303387E+000
 0.6262626   0.1333545455E+001   0.9860984385E+000   0.1135611763E+001   0.1023313711E+001
 0.6363636   0.1302304894E+001   0.9795335425E+000   0.1120651508E+001   0.9955172427E+000
 0.6464646   0.1327989662E+001   0.9840511320E+000   0.1129453302E+001   0.1009204671E+001
 0.6565657   0.1323003161E+001   0.9920726691E+000   0.1127671102E+001   0.1011281190E+001
 0.6666667   0.1314323818E+001   0.9971483874E+000   0.1126163623E+001   0.1000470346E+001
 0.6767677   0.1313378131E+001   0.9727383871E+000   0.1133731274E+001   0.1035341252E+001
 0.6868687   0.1313861411E+001   0.9932114520E+000   0.1122894496E+001   0.1005408509E+001
 0.6969697   0.1320556688E+001   0.9958719493E+000   0.1129928640E+001   0.1021320186E+001
 0.7070707   0.1301608893E+001   0.9779067097E+000   0.1117216879E+001   0.1005894856E+001
 0.7171717   0.1335086511E+001   0.1001675988E+001   0.1137459512E+001   0.1024254867E+001
 0.7272727   0.1313219648E+001   0.9944728731E+000   0.1125354046E+001   0.1018780559E+001
 0.7373737   0.1328252577E+001   0.9984223226E+000   0.1138425747E+001   0.1038873492E+001
 0.7474747   0.1322946445E+001   0.9968630659E+000   0.1122600768E+001   0.1004553668E+001
 0.7575758   0.1316792495E+001   0.9910865581E+000   0.1119520051E+001   0.1008796339E+001
 0.7676768   0.1318193457E+001   0.9965577219E+000   0.1127115106E+001   0.1014049881E+001
 0.7777778   0.1325164928E+001   0.1000161782E+001   0.1128665870E+001   0.1010406429E+001
 0.7878788   0.1325119686E+001   0.1018870359E+001   0.1133998359E+001   0.1036279088E+001
 0.7979798   0.1330611287E+001   0.9912917893E+000   0.1133453855E+001   0.1013331150E+001
 0.8080808   0.1327741826E+001   0.1004183813E+001   0.1129030128E+001   0.1024852426E+001
 0.8181818   0.1322549128E+001   0.9826670727E+000   0.1137250601E+001   0.1016109801E+001
 0.8282828   0.1320916114E+001   0.1017243527E+001   0.1113159934E+001   0.1022666355E+001
 0.8383838   0.1317468569E+001   0.9820563847E+000   0.1127022540E+001   0.1018901731E+001
 0.8484848   0.1316985200E+001   0.9699051952E+000   0.1128543216E+001   0.9930805286E+000
 0.8585859   0.1330212799E+001   0.1008361020E+001   0.1128148916E+001   0.1038664346E+001
 0.8686869   0.1327831660E+001   0.1010643591E+001   0.1125821547E+001   0.1031334285E+001
 0.8787879   0.1322851363E+001   0.1001030261E+001   0.1126635452E+001   0.1019937501E+001
 0.8888889   0.1319160195E+001   0.1028351040E+001   0.1127750054E+001   0.1033236515E+001
 0.8989899   0.1324166052E+001   0.1016975725E+001   0.1134921751E+001   0.1024394297E+001
 0.9090909   0.1328495181E+001   0.9869118549E+000   0.1125520623E+001   0.1005772025E+001
 0.9191919   0.1321059975E+001   0.1003187691E+001   0.1133052067E+001   0.1016157938E+001
 0.9292929   0.1326655466E+001   0.1008441110E+001   0.1129745881E+001   0.1014688938E+001
 0.9393939   0.1324733894E+001   0.1011859961E+001   0.1127346958E+001   0.1046799452E+001
 0.9494949   0.1310551622E+001   0.9811879063E+000   0.1116130968E+001   0.9885722754E+000
 0.9595960   0.1332092004E+001   0.1000392042E+001   0.1127136385E+001   0.1013898832E+001
 0.9696970   0.1318676642E+001   0.9967754672E+000   0.1135439068E+001   0.1037464248E+001
 0.9797980   0.1323324535E+001   0.1014360278E+001   0.1126320707E+001   0.1043006610E+001
 0.9898990   0.1330511702E+001   0.1014002375E+001   0.1124763734E+001   0.1016710680E+001
 1.0000000   0.1320984813E+001   0.1015519084E+001   0.1131729359E+001   0.1039859465E+001


