Compiled using GNU Fortran (Ubuntu 9.4.0-1ubuntu1~20.04.2) 9.4.0 with all optimizations
Last Brick update unknown
Compiled at 18:43:37 on Sep  2 2023
Starting at 16:56:20 on Sep 11 2023

Settings
OK                      

Forcefield
OK                      

Topology
OK                      

Configuration
OK                      Read from ./INPUT/restart.in

 F
Monte Carlo Simulation initialized.

#########################################################################################################################
###########################################   ENERGY STARTING CONFIGURATION   ###########################################
#########################################################################################################################
                                               Box 1               Box 2
-------------------------------------------------------------------------------------------------------------------------
Lennard Jones        
 Intermolecular                         -0.4798634952E+006  -0.6732361784E+005
 Tailcorrection                         -0.1203449897E+005  -0.1681165655E+004
Total Intermolecular                    -0.4918979942E+006  -0.6900478350E+005

Electrostatic        
 Real                                   -0.1249751031E+006  -0.7888260908E+004
 Exclusion                               0.8220273026E+007   0.2194042745E+007
 Selfterm                               -0.8246675718E+007  -0.2196255828E+007
 Fourier                                 0.1454251500E+005   0.2077846726E+004
Total Intermolecular                    -0.1368352799E+006  -0.8023496827E+004

Intramolecular       
 Lennard Jones                           0.0000000000E+000   0.0000000000E+000
 Electrostatic                           0.0000000000E+000   0.0000000000E+000
 Bending                                 0.0000000000E+000   0.0000000000E+000
 Torsion                                 0.0000000000E+000   0.0000000000E+000

Total                                   -0.6287332740E+006  -0.7702828032E+005

#########################################################################################################################

Simulation is running...



#########################################################################################################################
###############################################   RELATIVE ENERGY DRIFTS   ##############################################
#########################################################################################################################
                                               Box 1               Box 2                                                 
-------------------------------------------------------------------------------------------------------------------------

Lennard Jones        
 Intermolecular                          0.9371557671E-015   0.6620463098E-015
 Tailcorrection                          0.0000000000E+000   0.0000000000E+000

Electrostatic        
 Real                                    0.5816986692E-015   0.3380387233E-015
 Exclusion                               0.0000000000E+000   0.1174927621E-015
 Selfterm                                0.0000000000E+000   0.0000000000E+000
 Fourier                                 0.1272671171E-015   0.1170565272E-015

Intramolecular       
 Lennard Jones                           0.0000000000E+000   0.0000000000E+000
 Electrostatic                           0.0000000000E+000   0.0000000000E+000
 Bending                                 0.0000000000E+000   0.0000000000E+000
 Torsion                                 0.0000000000E+000   0.0000000000E+000

Total                                    0.5395441674E-015   0.5775419593E-014

#########################################################################################################################
############################################   TRIAL MOVE ACCEPTANCE RATES   ############################################
#########################################################################################################################
                                               Box 1               Box 2
-------------------------------------------------------------------------------------------------------------------------
Translation
 CO2                                          0.49788             0.46564
 AR                                           0.50984             0.47287
-------------------------------------------------------------------------------------------------------------------------
Rotation
 CO2                                          0.50040             0.63244
 AR                                           0.00000             0.00000
-------------------------------------------------------------------------------------------------------------------------
Lambda Move
 cd                                           0.75534             0.91981
 Ar                                           0.83396             0.95094
-------------------------------------------------------------------------------------------------------------------------
GE Swap Fractional
 cd                                           0.43887             0.29899
 Ar                                           0.54049             0.37714
-------------------------------------------------------------------------------------------------------------------------
GE Identity Change
 cd                                           0.92428             0.52931
 Ar                                           0.99792             0.64828
-------------------------------------------------------------------------------------------------------------------------
Volume                                        0.48254             0.48876

#########################################################################################################################
######################################################   AVERAGES   #####################################################
#########################################################################################################################
                                                       Boltzmann                                    Biased
                                               Box 1               Box 2                  Box 1               Box 2      
-------------------------------------------------------------------------------------------------------------------------
Density
 CO2                                     0.8421360207E+003   0.9555427028E+002      0.8403251886E+003   0.9545290529E+002
 AR                                      0.1287915552E+003   0.1365362199E+003      0.1293326388E+003   0.1366785977E+003
 Total                                   0.9709275760E+003   0.2320904902E+003      0.9696578274E+003   0.2321315030E+003

Number of molecules
 CO2                                     0.4054573906E+003   0.2045426094E+003      0.4062354100E+003   0.2037645900E+003
 AR                                      0.6908250402E+002   0.3209174960E+003      0.6966389000E+002   0.3203361100E+003
 Total                                   0.4745398946E+003   0.5254601054E+003      0.4758993000E+003   0.5241007000E+003

Mole fractions
 CO2                                          0.85442             0.38926                 0.85362             0.38879
 AR                                           0.14558             0.61074                 0.14638             0.61121

Volume                                   0.3530436849E+005   0.1565499159E+006      0.3545079800E+005   0.1561125641E+006

#########################################################################################################################
#######################################   PROPERTIES FROM THE CFC GIBBS ENSEMBLE   ######################################
#########################################################################################################################
                                                       Boltzmann                                    Biased
                                               Box 1               Box 2                  Box 1               Box 2      
Chemical Potentials (as an indication)
=========================================================================================================================

Total cd                                -0.1929368570E+004  -0.1928888505E+004     -0.1929913177E+004  -0.1929157033E+004
 Ideal gas                              -0.1129233340E+004  -0.1679823878E+004     -0.1129777948E+004  -0.1680092406E+004
 Excess                                 -0.8001352293E+003  -0.2490646274E+003     -0.8001352293E+003  -0.2490646274E+003

-------------------------------------------------------------------------------------------------------------------------

Total Ar                                -0.1652634891E+004  -0.1650142507E+004     -0.1651574206E+004  -0.1649878820E+004
 Ideal gas                              -0.1579803071E+004  -0.1565029217E+004     -0.1578742385E+004  -0.1564765530E+004
 Excess                                 -0.7283182040E+002  -0.8511328986E+002     -0.7283182040E+002  -0.8511328986E+002

-------------------------------------------------------------------------------------------------------------------------

#########################################################################################################################
#########################################   PROPERTIES FROM UMBRELLA SAMPLING   #########################################
#########################################################################################################################

Excess Partial Molar Enthalpy
=========================================================================================================================


Partial Molar Volume
=========================================================================================================================


#########################################################################################################################
##################################################   AVERAGE ENERGIES   #################################################
#########################################################################################################################
                                                       Boltzmann                                    Biased
                                               Box 1               Box 2                  Box 1               Box 2      
-------------------------------------------------------------------------------------------------------------------------
Lennard Jones        
 Intermolecular                         -0.4370163267E+006  -0.9062382180E+005     -0.4373664492E+006  -0.9030269853E+005
 Tailcorrection                         -0.1079042568E+005  -0.2115883249E+004     -0.1080032142E+005  -0.2108784856E+004
Total Intermolecular                    -0.4478067524E+006  -0.9273970504E+005     -0.4481667706E+006  -0.9241148338E+005

Electrostatic        
 Real                                   -0.1158266975E+006  -0.1042047759E+005     -0.1157639074E+006  -0.1037215628E+005
 Exclusion                               0.7426507237E+007   0.2778052814E+007      0.7438551605E+007   0.2767273901E+007
 Selfterm                               -0.7450360826E+007  -0.2780854287E+007     -0.7462443664E+007  -0.2770064491E+007
 Fourier                                 0.1234477330E+005   0.2695076408E+004      0.1238631902E+005   0.2685555347E+004
Total Intermolecular                    -0.1273355135E+006  -0.1052687421E+005     -0.1272696481E+006  -0.1047719093E+005

Intramolecular       
 Lennard Jones                           0.0000000000E+000   0.0000000000E+000      0.0000000000E+000   0.0000000000E+000
 Electrostatic                           0.0000000000E+000   0.0000000000E+000      0.0000000000E+000   0.0000000000E+000
 Bending                                 0.0000000000E+000   0.0000000000E+000      0.0000000000E+000   0.0000000000E+000
 Torsion                                 0.0000000000E+000   0.0000000000E+000      0.0000000000E+000   0.0000000000E+000

Total                                   -0.5751422659E+006  -0.1032665793E+006     -0.5754364187E+006  -0.1028886743E+006

#########################################################################################################################

No errors found in bookkeeping.

Total simulation time:  15 hours and  31 minutes

Simulation finished.

