 0.0000000   0.1553497602E+000   0.9558601237E+000   0.4952039854E+000   0.9727245571E+000
 0.0101010   0.1539835655E+000   0.9826979635E+000   0.4930588508E+000   0.1003116716E+001
 0.0202020   0.1523245100E+000   0.9747005013E+000   0.4896857226E+000   0.9841908132E+000
 0.0303030   0.1450785141E+000   0.9416653449E+000   0.4862265088E+000   0.9870693887E+000
 0.0404040   0.1422113530E+000   0.9829712340E+000   0.4840699496E+000   0.9970462222E+000
 0.0505051   0.1362090496E+000   0.9767433417E+000   0.4894096046E+000   0.1001959437E+001
 0.0606061   0.1282107258E+000   0.9836419889E+000   0.4854757401E+000   0.1002924532E+001
 0.0707071   0.1209422278E+000   0.9991438798E+000   0.4804450015E+000   0.1020394436E+001
 0.0808081   0.1138080712E+000   0.1009260622E+001   0.4781413082E+000   0.1008238826E+001
 0.0909091   0.1061753425E+000   0.9840413842E+000   0.4813759377E+000   0.1015456154E+001
 0.1010101   0.1007646119E+000   0.9986011607E+000   0.4819526636E+000   0.1010091726E+001
 0.1111111   0.9499633723E-001   0.9929962487E+000   0.4803671874E+000   0.1011054733E+001
 0.1212121   0.9208201292E-001   0.1033050444E+001   0.4843429681E+000   0.1014952717E+001
 0.1313131   0.8779640853E-001   0.9848267981E+000   0.4823368075E+000   0.1018029742E+001
 0.1414141   0.8473281112E-001   0.1000462458E+001   0.4830616126E+000   0.9654174039E+000
 0.1515152   0.8610781642E-001   0.1003332754E+001   0.4908197792E+000   0.9994882068E+000
 0.1616162   0.8586969930E-001   0.1019595216E+001   0.4950717149E+000   0.9867664907E+000
 0.1717172   0.8619034898E-001   0.1001454258E+001   0.5094620501E+000   0.1031616285E+001
 0.1818182   0.8875268428E-001   0.1035540455E+001   0.5112883484E+000   0.1011948804E+001
 0.1919192   0.9084027674E-001   0.1013388344E+001   0.5301349294E+000   0.1038647696E+001
 0.2020202   0.9304247268E-001   0.1007766233E+001   0.5335198122E+000   0.1037220942E+001
 0.2121212   0.9882672786E-001   0.1039029909E+001   0.5445069648E+000   0.1000630863E+001
 0.2222222   0.1055744228E+000   0.1043614356E+001   0.5670441622E+000   0.1013617876E+001
 0.2323232   0.1092543058E+000   0.1015870711E+001   0.5740184745E+000   0.1010398802E+001
 0.2424242   0.1159511592E+000   0.1044917646E+001   0.5737796978E+000   0.9936892768E+000
 0.2525253   0.1235371831E+000   0.1007510162E+001   0.5970058649E+000   0.1006983366E+001
 0.2626263   0.1327890777E+000   0.1027158885E+001   0.6089736132E+000   0.1046278637E+001
 0.2727273   0.1416676578E+000   0.1060981366E+001   0.6222965918E+000   0.1000206806E+001
 0.2828283   0.1539616998E+000   0.1081767124E+001   0.6399829631E+000   0.1001474800E+001
 0.2929293   0.1643774782E+000   0.1050029525E+001   0.6554498478E+000   0.1013406892E+001
 0.3030303   0.1787874447E+000   0.1061472489E+001   0.6705069993E+000   0.1010622320E+001
 0.3131313   0.1930101791E+000   0.1005111878E+001   0.6920233913E+000   0.1021954883E+001
 0.3232323   0.2082384964E+000   0.1028408667E+001   0.7170522728E+000   0.1012598468E+001
 0.3333333   0.2287709239E+000   0.1053536178E+001   0.7395295987E+000   0.1012604735E+001
 0.3434343   0.2474396610E+000   0.1028481285E+001   0.7578812958E+000   0.1013273199E+001
 0.3535354   0.2711162786E+000   0.1023445846E+001   0.7763375690E+000   0.1008178246E+001
 0.3636364   0.3017211081E+000   0.1046358527E+001   0.8006024650E+000   0.1011349275E+001
 0.3737374   0.3245879771E+000   0.1046391014E+001   0.8182446202E+000   0.1018405754E+001
 0.3838384   0.3535925923E+000   0.1043602890E+001   0.8490143887E+000   0.1005485587E+001
 0.3939394   0.3911750201E+000   0.1045550181E+001   0.8831345971E+000   0.1018925903E+001
 0.4040404   0.4262891513E+000   0.1032437019E+001   0.8953539537E+000   0.9887071269E+000
 0.4141414   0.4715605188E+000   0.1029167328E+001   0.9403103192E+000   0.1025852867E+001
 0.4242424   0.5198528795E+000   0.1008043326E+001   0.9730361162E+000   0.1006018270E+001
 0.4343434   0.5778853562E+000   0.1004206073E+001   0.9914095710E+000   0.1012924344E+001
 0.4444444   0.6367541550E+000   0.1012216912E+001   0.1017656209E+001   0.9917883307E+000
 0.4545455   0.6944582216E+000   0.9757763845E+000   0.1064006862E+001   0.9908044344E+000
 0.4646465   0.7834383287E+000   0.1000506410E+001   0.1086569786E+001   0.9942574717E+000
 0.4747475   0.8566526952E+000   0.1006665507E+001   0.1119618149E+001   0.9965720302E+000
 0.4848485   0.9552861299E+000   0.9982648278E+000   0.1170808227E+001   0.9796180978E+000
 0.4949495   0.1057503685E+001   0.9947811065E+000   0.1199942272E+001   0.1029963924E+001
 0.5050505   0.1123646023E+001   0.9951441932E+000   0.1230088740E+001   0.1005253714E+001
 0.5151515   0.1120307019E+001   0.1009264444E+001   0.1246890702E+001   0.1016847396E+001
 0.5252525   0.1116343500E+001   0.9852070836E+000   0.1233490501E+001   0.9978233123E+000
 0.5353535   0.1123864270E+001   0.9882187922E+000   0.1237896847E+001   0.9979465604E+000
 0.5454545   0.1122509872E+001   0.9772210873E+000   0.1239035272E+001   0.1003288010E+001
 0.5555556   0.1117464063E+001   0.9835751045E+000   0.1228908346E+001   0.1009377304E+001
 0.5656566   0.1128512522E+001   0.9882684778E+000   0.1229277611E+001   0.9931294377E+000
 0.5757576   0.1155430786E+001   0.9947447978E+000   0.1237145383E+001   0.9843746410E+000
 0.5858586   0.1161338961E+001   0.9925108592E+000   0.1233489389E+001   0.9913392061E+000
 0.5959596   0.1164608197E+001   0.1019704142E+001   0.1235164448E+001   0.9945290354E+000
 0.6060606   0.1177826923E+001   0.9901737274E+000   0.1246377452E+001   0.1002847241E+001
 0.6161616   0.1193247764E+001   0.9849127923E+000   0.1236996555E+001   0.9697540677E+000
 0.6262626   0.1211839077E+001   0.9817978907E+000   0.1231591559E+001   0.9799794865E+000
 0.6363636   0.1208440160E+001   0.9689618205E+000   0.1270367133E+001   0.1012364505E+001
 0.6464646   0.1232313190E+001   0.9897456673E+000   0.1260599302E+001   0.1021422200E+001
 0.6565657   0.1261377798E+001   0.9764930029E+000   0.1243040684E+001   0.9898142713E+000
 0.6666667   0.1289549780E+001   0.1001035753E+001   0.1268313302E+001   0.1039075931E+001
 0.6767677   0.1286585091E+001   0.9790823844E+000   0.1264210653E+001   0.9855632545E+000
 0.6868687   0.1321542539E+001   0.1010261977E+001   0.1246819971E+001   0.9779803597E+000
 0.6969697   0.1325569387E+001   0.9855739923E+000   0.1277699995E+001   0.1013594898E+001
 0.7070707   0.1368538262E+001   0.9931261956E+000   0.1273404872E+001   0.9876542952E+000
 0.7171717   0.1375545536E+001   0.9819679681E+000   0.1281284317E+001   0.9869231621E+000
 0.7272727   0.1418936943E+001   0.9862715009E+000   0.1292518127E+001   0.9937791017E+000
 0.7373737   0.1442305742E+001   0.9869479888E+000   0.1297346331E+001   0.1012853320E+001
 0.7474747   0.1462640755E+001   0.9779166850E+000   0.1289230388E+001   0.9811869006E+000
 0.7575758   0.1508577013E+001   0.9816870537E+000   0.1306322525E+001   0.9834763917E+000
 0.7676768   0.1548274426E+001   0.9963653111E+000   0.1303738505E+001   0.1003900073E+001
 0.7777778   0.1595291132E+001   0.9997114416E+000   0.1314900755E+001   0.9868458709E+000
 0.7878788   0.1629517430E+001   0.9926216961E+000   0.1318505678E+001   0.9886820595E+000
 0.7979798   0.1652316385E+001   0.9685891789E+000   0.1327414917E+001   0.9849198574E+000
 0.8080808   0.1729778734E+001   0.9957213099E+000   0.1334889299E+001   0.9916755273E+000
 0.8181818   0.1761305434E+001   0.9846930293E+000   0.1330385912E+001   0.9954251957E+000
 0.8282828   0.1822115963E+001   0.9957729065E+000   0.1346417012E+001   0.9986776935E+000
 0.8383838   0.1871285588E+001   0.9840432952E+000   0.1356621873E+001   0.9792963993E+000
 0.8484848   0.1929771377E+001   0.9889946512E+000   0.1358835564E+001   0.9870923672E+000
 0.8585859   0.1995328939E+001   0.9753120157E+000   0.1370391236E+001   0.9842493039E+000
 0.8686869   0.2050713343E+001   0.9886277425E+000   0.1365655380E+001   0.9856489015E+000
 0.8787879   0.2122845839E+001   0.9739418412E+000   0.1384350235E+001   0.9800797562E+000
 0.8888889   0.2206859980E+001   0.9804258051E+000   0.1391797607E+001   0.9699337176E+000
 0.8989899   0.2285992554E+001   0.9785129116E+000   0.1411001758E+001   0.9889264668E+000
 0.9090909   0.2355449345E+001   0.9905062384E+000   0.1417125031E+001   0.1005122110E+001
 0.9191919   0.2449957992E+001   0.9733265048E+000   0.1411060699E+001   0.9812955261E+000
 0.9292929   0.2522961413E+001   0.9621205027E+000   0.1427897245E+001   0.9699775855E+000
 0.9393939   0.2654715467E+001   0.9760802307E+000   0.1435511707E+001   0.9853209361E+000
 0.9494949   0.2725792465E+001   0.9798582433E+000   0.1438233520E+001   0.9762360850E+000
 0.9595960   0.2823211662E+001   0.9675763581E+000   0.1449715662E+001   0.9844143310E+000
 0.9696970   0.3005378831E+001   0.9963710440E+000   0.1501646716E+001   0.1018781765E+001
 0.9797980   0.3109304491E+001   0.9731583383E+000   0.1484906130E+001   0.9801549584E+000
 0.9898990   0.3246604776E+001   0.9864320235E+000   0.1491998514E+001   0.9855340092E+000
 1.0000000   0.3316836145E+001   0.9843777172E+000   0.1497941312E+001   0.1000683087E+001


 0.0000000   0.8990692526E+000   0.9894413054E+000   0.7930782357E+000   0.9858821560E+000
 0.0101010   0.8896592862E+000   0.1004379823E+001   0.7814955799E+000   0.1001985445E+001
 0.0202020   0.8879592200E+000   0.9934943915E+000   0.7892631943E+000   0.9922143530E+000
 0.0303030   0.8724885104E+000   0.9974393953E+000   0.7905896654E+000   0.1005757071E+001
 0.0404040   0.8382897996E+000   0.9935735232E+000   0.7734602842E+000   0.1013974047E+001
 0.0505051   0.8214796845E+000   0.1058998053E+001   0.7771111599E+000   0.1040859018E+001
 0.0606061   0.7806214829E+000   0.9901322601E+000   0.7713401288E+000   0.9854398942E+000
 0.0707071   0.7420058023E+000   0.1018069603E+001   0.7685015510E+000   0.1022645685E+001
 0.0808081   0.7024210637E+000   0.1013968266E+001   0.7606865195E+000   0.1009309632E+001
 0.0909091   0.6604517774E+000   0.1013003246E+001   0.7561783344E+000   0.9955747160E+000
 0.1010101   0.6186408813E+000   0.1006562699E+001   0.7393181048E+000   0.1008722705E+001
 0.1111111   0.5856854497E+000   0.1018322439E+001   0.7510735670E+000   0.1016402354E+001
 0.1212121   0.5445616252E+000   0.1008359567E+001   0.7409729502E+000   0.9722030397E+000
 0.1313131   0.5185407218E+000   0.1010256798E+001   0.7397673392E+000   0.1004915947E+001
 0.1414141   0.4807771259E+000   0.9763652777E+000   0.7300265534E+000   0.9827181241E+000
 0.1515152   0.4587733685E+000   0.1005991407E+001   0.7344508856E+000   0.1009158767E+001
 0.1616162   0.4474254624E+000   0.1037503186E+001   0.7361781042E+000   0.1000009734E+001
 0.1717172   0.4317018282E+000   0.1023531620E+001   0.7380954441E+000   0.9923920843E+000
 0.1818182   0.4260720822E+000   0.1024683854E+001   0.7409558834E+000   0.1006813126E+001
 0.1919192   0.4187581265E+000   0.1044186918E+001   0.7382934234E+000   0.1002161110E+001
 0.2020202   0.4105821463E+000   0.1012119287E+001   0.7471596816E+000   0.1015081768E+001
 0.2121212   0.4161832793E+000   0.1041376779E+001   0.7559484592E+000   0.1006401864E+001
 0.2222222   0.4229525721E+000   0.1030850335E+001   0.7588467420E+000   0.9723291050E+000
 0.2323232   0.4276665223E+000   0.1020302661E+001   0.7661383749E+000   0.9890151882E+000
 0.2424242   0.4340596391E+000   0.1018063813E+001   0.7731953768E+000   0.9941549316E+000
 0.2525253   0.4488281149E+000   0.1044140597E+001   0.7950552466E+000   0.1002471107E+001
 0.2626263   0.4559297941E+000   0.1015041369E+001   0.7986089202E+000   0.1012492263E+001
 0.2727273   0.4672411144E+000   0.1027916673E+001   0.8062891423E+000   0.9987201481E+000
 0.2828283   0.4904125708E+000   0.1032942499E+001   0.8149200323E+000   0.9880521321E+000
 0.2929293   0.4980806413E+000   0.1021051517E+001   0.8326181097E+000   0.9886741919E+000
 0.3030303   0.5223922887E+000   0.1029858294E+001   0.8329822524E+000   0.9962195089E+000
 0.3131313   0.5381859823E+000   0.1022068648E+001   0.8522687638E+000   0.9884199947E+000
 0.3232323   0.5620051006E+000   0.1012997456E+001   0.8567672294E+000   0.9583399922E+000
 0.3333333   0.5763919099E+000   0.9998056256E+000   0.8779312927E+000   0.9876574031E+000
 0.3434343   0.6107513339E+000   0.1009756917E+001   0.8747829263E+000   0.1001671316E+001
 0.3535354   0.6324025091E+000   0.1025849599E+001   0.9029797386E+000   0.9966080380E+000
 0.3636364   0.6592965041E+000   0.9819392361E+000   0.9170554262E+000   0.1015193367E+001
 0.3737374   0.6939048253E+000   0.1013748242E+001   0.9355648916E+000   0.1014790371E+001
 0.3838384   0.7189163157E+000   0.9999619589E+000   0.9442417937E+000   0.1012467464E+001
 0.3939394   0.7678287610E+000   0.1014688172E+001   0.9539473774E+000   0.1012729927E+001
 0.4040404   0.8003959696E+000   0.1012682859E+001   0.9812250339E+000   0.9944897279E+000
 0.4141414   0.8417029015E+000   0.9691469244E+000   0.9889781745E+000   0.9999828675E+000
 0.4242424   0.8878631423E+000   0.1022028118E+001   0.9984579350E+000   0.9794032272E+000
 0.4343434   0.9154678663E+000   0.1000649053E+001   0.1027074990E+001   0.9934481394E+000
 0.4444444   0.9848480747E+000   0.9773727591E+000   0.1036351986E+001   0.9989888118E+000
 0.4545455   0.1031527440E+001   0.1013248361E+001   0.1062307951E+001   0.9762577951E+000
 0.4646465   0.1099875803E+001   0.1042254947E+001   0.1087064568E+001   0.1016377554E+001
 0.4747475   0.1159221801E+001   0.1014495168E+001   0.1093295684E+001   0.1022515486E+001
 0.4848485   0.1204178117E+001   0.9708299201E+000   0.1111208965E+001   0.9896579144E+000
 0.4949495   0.1285129848E+001   0.9963720826E+000   0.1133017706E+001   0.9712296505E+000
 0.5050505   0.1317025965E+001   0.9695425828E+000   0.1142820567E+001   0.9767847894E+000
 0.5151515   0.1315775861E+001   0.1001855329E+001   0.1151818366E+001   0.1006591995E+001
 0.5252525   0.1321123436E+001   0.9745317388E+000   0.1147869883E+001   0.1007842314E+001
 0.5353535   0.1319044911E+001   0.9963643625E+000   0.1155186956E+001   0.1019853649E+001
 0.5454545   0.1319244528E+001   0.9817964131E+000   0.1161259100E+001   0.9879570665E+000
 0.5555556   0.1325567712E+001   0.1033309207E+001   0.1139060503E+001   0.9934336729E+000
 0.5656566   0.1318769494E+001   0.9494547161E+000   0.1146854599E+001   0.9835468483E+000
 0.5757576   0.1329949775E+001   0.1029945146E+001   0.1147618531E+001   0.1011318410E+001
 0.5858586   0.1340209221E+001   0.9972463912E+000   0.1147101591E+001   0.1000239131E+001
 0.5959596   0.1320517712E+001   0.9609635506E+000   0.1136100009E+001   0.9768364555E+000
 0.6060606   0.1323199828E+001   0.9825066681E+000   0.1156238087E+001   0.1013889315E+001
 0.6161616   0.1322822810E+001   0.9891633795E+000   0.1156914971E+001   0.1000377597E+001
 0.6262626   0.1328005189E+001   0.9955267247E+000   0.1142859719E+001   0.9813479392E+000
 0.6363636   0.1319768443E+001   0.9761799938E+000   0.1152538377E+001   0.9971164324E+000
 0.6464646   0.1317437597E+001   0.9835624006E+000   0.1137738904E+001   0.9850038323E+000
 0.6565657   0.1325519519E+001   0.9832864047E+000   0.1150639683E+001   0.1023631474E+001
 0.6666667   0.1329697081E+001   0.9973853542E+000   0.1161900538E+001   0.9946881258E+000
 0.6767677   0.1316042857E+001   0.9793240305E+000   0.1147629643E+001   0.9957462475E+000
 0.6868687   0.1316485434E+001   0.9761259526E+000   0.1147141221E+001   0.1004752682E+001
 0.6969697   0.1335425090E+001   0.9868145196E+000   0.1146470486E+001   0.9926359483E+000
 0.7070707   0.1328725057E+001   0.1015110851E+001   0.1165004261E+001   0.1030701463E+001
 0.7171717   0.1318039043E+001   0.1004528436E+001   0.1151440076E+001   0.1009090567E+001
 0.7272727   0.1312792245E+001   0.9773225780E+000   0.1147478141E+001   0.9876739362E+000
 0.7373737   0.1316663455E+001   0.9731228088E+000   0.1147774791E+001   0.9894016506E+000
 0.7474747   0.1318032614E+001   0.9804395942E+000   0.1151750066E+001   0.9973044970E+000
 0.7575758   0.1316804483E+001   0.9841163223E+000   0.1153708972E+001   0.1008662772E+001
 0.7676768   0.1324722691E+001   0.9915276798E+000   0.1165880941E+001   0.1003440363E+001
 0.7777778   0.1307829179E+001   0.9641365380E+000   0.1147105621E+001   0.9913628957E+000
 0.7878788   0.1317696107E+001   0.9847165651E+000   0.1155091590E+001   0.1009175300E+001
 0.7979798   0.1323541514E+001   0.9945694244E+000   0.1151528626E+001   0.1002898902E+001
 0.8080808   0.1331946613E+001   0.1007566320E+001   0.1150052981E+001   0.1002696371E+001
 0.8181818   0.1321259260E+001   0.9983233541E+000   0.1155050307E+001   0.1018737661E+001
 0.8282828   0.1306105248E+001   0.9829177669E+000   0.1142246098E+001   0.9879467332E+000
 0.8383838   0.1323338799E+001   0.9824719274E+000   0.1151417115E+001   0.1001731248E+001
 0.8484848   0.1322152386E+001   0.1002424691E+001   0.1151566065E+001   0.1003899158E+001
 0.8585859   0.1326329311E+001   0.9931604944E+000   0.1153037482E+001   0.1006360531E+001
 0.8686869   0.1323342720E+001   0.9736458499E+000   0.1158749277E+001   0.9960066446E+000
 0.8787879   0.1325830377E+001   0.9777471871E+000   0.1152695814E+001   0.9843177065E+000
 0.8888889   0.1332847887E+001   0.1008272715E+001   0.1167965252E+001   0.1025154591E+001
 0.8989899   0.1314123640E+001   0.9859807419E+000   0.1139394791E+001   0.9987904140E+000
 0.9090909   0.1310609977E+001   0.9816593802E+000   0.1153689591E+001   0.9965419054E+000
 0.9191919   0.1310435921E+001   0.9927474657E+000   0.1141839482E+001   0.9965687717E+000
 0.9292929   0.1313222113E+001   0.9860984744E+000   0.1140675524E+001   0.1005488407E+001
 0.9393939   0.1310628660E+001   0.9822847134E+000   0.1149584766E+001   0.1001322053E+001
 0.9494949   0.1327403758E+001   0.9930736426E+000   0.1162288900E+001   0.1025516253E+001
 0.9595960   0.1315232665E+001   0.9611333942E+000   0.1146652231E+001   0.9843941723E+000
 0.9696970   0.1321588201E+001   0.9900936593E+000   0.1164074081E+001   0.1028647219E+001
 0.9797980   0.1301471159E+001   0.9773283682E+000   0.1140395131E+001   0.1001915180E+001
 0.9898990   0.1329802814E+001   0.1020246690E+001   0.1160366646E+001   0.1033028504E+001
 1.0000000   0.1296244199E+001   0.9665239987E+000   0.1138611969E+001   0.9746499462E+000


