 0.0000000   0.1535256359E+000   0.1011942508E+001   0.4824088789E+000   0.9598735244E+000
 0.0101010   0.1537913939E+000   0.1025940715E+001   0.4868025103E+000   0.9789484244E+000
 0.0202020   0.1509308717E+000   0.1020598454E+001   0.4817631590E+000   0.9843353265E+000
 0.0303030   0.1475220970E+000   0.1034403071E+001   0.4827844415E+000   0.9884636065E+000
 0.0404040   0.1424524838E+000   0.1011242289E+001   0.4827656113E+000   0.9686374060E+000
 0.0505051   0.1385895279E+000   0.1020983575E+001   0.4813219472E+000   0.9534255072E+000
 0.0606061   0.1292757477E+000   0.1024192227E+001   0.4765853613E+000   0.9701477523E+000
 0.0707071   0.1224680342E+000   0.1040556763E+001   0.4748923985E+000   0.9738539100E+000
 0.0808081   0.1139409969E+000   0.1009005706E+001   0.4714771598E+000   0.9641528391E+000
 0.0909091   0.1078899420E+000   0.1036301901E+001   0.4745986642E+000   0.9747213910E+000
 0.1010101   0.1033471488E+000   0.1045781635E+001   0.4780535847E+000   0.9862464955E+000
 0.1111111   0.9735458365E-001   0.1021183343E+001   0.4719048466E+000   0.9526238618E+000
 0.1212121   0.9334498045E-001   0.1034291860E+001   0.4768174818E+000   0.9768010217E+000
 0.1313131   0.9058285338E-001   0.1055658846E+001   0.4832552126E+000   0.9850633909E+000
 0.1414141   0.8904373716E-001   0.1031443615E+001   0.4860052875E+000   0.9694080699E+000
 0.1515152   0.8687604892E-001   0.1032590739E+001   0.4852469178E+000   0.9606035251E+000
 0.1616162   0.8848716238E-001   0.1026408215E+001   0.4907119191E+000   0.9732826892E+000
 0.1717172   0.8942392054E-001   0.1024898624E+001   0.5004657467E+000   0.9676537445E+000
 0.1818182   0.9230059382E-001   0.1064934692E+001   0.5093456136E+000   0.9808518481E+000
 0.1919192   0.9520295918E-001   0.1042846892E+001   0.5144751360E+000   0.9611263373E+000
 0.2020202   0.9717000793E-001   0.1046805191E+001   0.5284695063E+000   0.9818723001E+000
 0.2121212   0.1015843354E+000   0.1045363563E+001   0.5354136578E+000   0.9834833362E+000
 0.2222222   0.1068000942E+000   0.1041619449E+001   0.5523558653E+000   0.9727366409E+000
 0.2323232   0.1129089420E+000   0.1020248344E+001   0.5652229388E+000   0.9831154313E+000
 0.2424242   0.1177192472E+000   0.1029973155E+001   0.5717502351E+000   0.9745064571E+000
 0.2525253   0.1268683420E+000   0.9988875369E+000   0.5875629053E+000   0.9738597190E+000
 0.2626263   0.1384611375E+000   0.1024427006E+001   0.6091760469E+000   0.9861458058E+000
 0.2727273   0.1478123159E+000   0.1022367537E+001   0.6205028604E+000   0.9893736871E+000
 0.2828283   0.1560060734E+000   0.1030234707E+001   0.6360671346E+000   0.9893039788E+000
 0.2929293   0.1685980693E+000   0.1030459189E+001   0.6565195569E+000   0.9965187872E+000
 0.3030303   0.1840268921E+000   0.1019875581E+001   0.6679992189E+000   0.9793511835E+000
 0.3131313   0.1971705264E+000   0.1003990900E+001   0.6814884959E+000   0.9731026095E+000
 0.3232323   0.2149326984E+000   0.1038194553E+001   0.7062129567E+000   0.9783423496E+000
 0.3333333   0.2341418020E+000   0.1008369330E+001   0.7224615365E+000   0.9847806850E+000
 0.3434343   0.2550190464E+000   0.1013371779E+001   0.7492951569E+000   0.9724810438E+000
 0.3535354   0.2794727725E+000   0.9930530626E+000   0.7765019282E+000   0.1004726939E+001
 0.3636364   0.3038448764E+000   0.9976127259E+000   0.7887805351E+000   0.9914997900E+000
 0.3737374   0.3327393672E+000   0.9977198182E+000   0.8142898388E+000   0.9906226273E+000
 0.3838384   0.3631850758E+000   0.1011378213E+001   0.8472740358E+000   0.9922820720E+000
 0.3939394   0.4044333459E+000   0.1033360980E+001   0.8698845235E+000   0.1007428135E+001
 0.4040404   0.4396736643E+000   0.1009963359E+001   0.8875359539E+000   0.9899545895E+000
 0.4141414   0.4817855855E+000   0.1003461616E+001   0.9229687997E+000   0.9904909561E+000
 0.4242424   0.5369354727E+000   0.1007996566E+001   0.9569732765E+000   0.1005698982E+001
 0.4343434   0.5856923594E+000   0.9918297383E+000   0.9827668828E+000   0.9922278544E+000
 0.4444444   0.6460149129E+000   0.1022070974E+001   0.1015659255E+001   0.9995588433E+000
 0.4545455   0.7151593975E+000   0.1001270342E+001   0.1048722925E+001   0.1003551579E+001
 0.4646465   0.7844445805E+000   0.9901450931E+000   0.1099850633E+001   0.1009951188E+001
 0.4747475   0.8790412594E+000   0.1005158619E+001   0.1124359481E+001   0.1003094603E+001
 0.4848485   0.9646126540E+000   0.9881288734E+000   0.1181032534E+001   0.1012528459E+001
 0.4949495   0.1077260944E+001   0.1001266223E+001   0.1216423787E+001   0.1012844082E+001
 0.5050505   0.1129686256E+001   0.9909029775E+000   0.1231963051E+001   0.1022446400E+001
 0.5151515   0.1130074257E+001   0.9883842475E+000   0.1239959032E+001   0.1010028642E+001
 0.5252525   0.1133017646E+001   0.9807415598E+000   0.1232634387E+001   0.1025627809E+001
 0.5353535   0.1134492891E+001   0.9797839070E+000   0.1237712132E+001   0.1011691959E+001
 0.5454545   0.1143271355E+001   0.1004246274E+001   0.1235958448E+001   0.1016879418E+001
 0.5555556   0.1154063274E+001   0.9851714766E+000   0.1248536083E+001   0.1024719665E+001
 0.5656566   0.1157982997E+001   0.1006884453E+001   0.1245917694E+001   0.1021019316E+001
 0.5757576   0.1185860822E+001   0.1002866430E+001   0.1241032654E+001   0.1007031185E+001
 0.5858586   0.1174780304E+001   0.9999625795E+000   0.1254881476E+001   0.1040574429E+001
 0.5959596   0.1191798271E+001   0.9961484438E+000   0.1239740305E+001   0.9996033792E+000
 0.6060606   0.1198742984E+001   0.9889526608E+000   0.1261893538E+001   0.1027856538E+001
 0.6161616   0.1200688559E+001   0.9832211599E+000   0.1250730872E+001   0.1006610999E+001
 0.6262626   0.1208945543E+001   0.9829472506E+000   0.1251335427E+001   0.1025327676E+001
 0.6363636   0.1237064498E+001   0.9943814198E+000   0.1267590482E+001   0.1031539459E+001
 0.6464646   0.1247172490E+001   0.9696142515E+000   0.1257407501E+001   0.1006864660E+001
 0.6565657   0.1273853499E+001   0.9859170042E+000   0.1273564898E+001   0.1021327194E+001
 0.6666667   0.1296966344E+001   0.9965623969E+000   0.1278661956E+001   0.1028677547E+001
 0.6767677   0.1309040029E+001   0.9838039895E+000   0.1271269070E+001   0.1030776541E+001
 0.6868687   0.1314516851E+001   0.9712082801E+000   0.1274367760E+001   0.1020992207E+001
 0.6969697   0.1356927718E+001   0.9854618617E+000   0.1264610547E+001   0.1004031792E+001
 0.7070707   0.1377624672E+001   0.9810937289E+000   0.1282107794E+001   0.1015250955E+001
 0.7171717   0.1377561494E+001   0.9698840418E+000   0.1271282426E+001   0.1020136344E+001
 0.7272727   0.1428793262E+001   0.9908329555E+000   0.1297118649E+001   0.1021133560E+001
 0.7373737   0.1457837857E+001   0.9758565005E+000   0.1309915211E+001   0.1013707691E+001
 0.7474747   0.1493592449E+001   0.9930592410E+000   0.1301753832E+001   0.1017127270E+001
 0.7575758   0.1534347153E+001   0.9883801285E+000   0.1312968676E+001   0.1023925765E+001
 0.7676768   0.1545638513E+001   0.9903489804E+000   0.1302724623E+001   0.1016858118E+001
 0.7777778   0.1591971458E+001   0.9890453369E+000   0.1317294826E+001   0.1014321511E+001
 0.7878788   0.1634933114E+001   0.9904066456E+000   0.1325464952E+001   0.1024760328E+001
 0.7979798   0.1658385499E+001   0.9769253647E+000   0.1329533385E+001   0.1012621403E+001
 0.8080808   0.1708599552E+001   0.9788921571E+000   0.1329030198E+001   0.1005170361E+001
 0.8181818   0.1737530913E+001   0.9634440838E+000   0.1340352848E+001   0.1015452334E+001
 0.8282828   0.1806369798E+001   0.9622928409E+000   0.1339239178E+001   0.1004448106E+001
 0.8383838   0.1859346559E+001   0.9735540147E+000   0.1353035070E+001   0.1012693048E+001
 0.8484848   0.1905063618E+001   0.9711176635E+000   0.1366610405E+001   0.1021061916E+001
 0.8585859   0.1975796853E+001   0.9692909149E+000   0.1373230154E+001   0.1009734318E+001
 0.8686869   0.2046226586E+001   0.9788036000E+000   0.1375359374E+001   0.1011076203E+001
 0.8787879   0.2103387240E+001   0.9755311045E+000   0.1382160594E+001   0.1013802571E+001
 0.8888889   0.2163797044E+001   0.9765526009E+000   0.1392309273E+001   0.1016314006E+001
 0.8989899   0.2259801982E+001   0.9702444488E+000   0.1405580123E+001   0.1014546126E+001
 0.9090909   0.2334027322E+001   0.9656127041E+000   0.1423716844E+001   0.1030675851E+001
 0.9191919   0.2409827126E+001   0.9499566245E+000   0.1426266797E+001   0.1001452585E+001
 0.9292929   0.2483365548E+001   0.9517483621E+000   0.1438713508E+001   0.1018761542E+001
 0.9393939   0.2582719398E+001   0.9586475816E+000   0.1450674132E+001   0.1011999837E+001
 0.9494949   0.2712284856E+001   0.9887899628E+000   0.1451287313E+001   0.1030565480E+001
 0.9595960   0.2827445742E+001   0.9693712342E+000   0.1473789110E+001   0.1014139495E+001
 0.9696970   0.2922783086E+001   0.9505847624E+000   0.1455767100E+001   0.9911105854E+000
 0.9797980   0.3006074440E+001   0.9444125353E+000   0.1482237331E+001   0.1003501235E+001
 0.9898990   0.3175880716E+001   0.9656497746E+000   0.1505515223E+001   0.1022518044E+001
 1.0000000   0.3260173043E+001   0.9686977880E+000   0.1509989400E+001   0.1031851210E+001


 0.0000000   0.8568649066E+000   0.9627953016E+000   0.7823932710E+000   0.9968058094E+000
 0.0101010   0.8520716804E+000   0.9515067902E+000   0.7894572705E+000   0.9849484185E+000
 0.0202020   0.8524426186E+000   0.9706974570E+000   0.7872930369E+000   0.9977986338E+000
 0.0303030   0.8349354988E+000   0.9551676088E+000   0.7854592003E+000   0.9921201624E+000
 0.0404040   0.8142096023E+000   0.9606963533E+000   0.7820328135E+000   0.9889580570E+000
 0.0505051   0.7767983922E+000   0.9590732719E+000   0.7743293250E+000   0.9911596250E+000
 0.0606061   0.7455930916E+000   0.9594109202E+000   0.7664628415E+000   0.9907499840E+000
 0.0707071   0.7252807162E+000   0.9762163287E+000   0.7655230561E+000   0.9845650107E+000
 0.0808081   0.6813350498E+000   0.9789550318E+000   0.7650538329E+000   0.1010576203E+001
 0.0909091   0.6330260110E+000   0.9687288291E+000   0.7576539841E+000   0.9951732993E+000
 0.1010101   0.6059866267E+000   0.1008610822E+001   0.7588708819E+000   0.1019049516E+001
 0.1111111   0.5670986695E+000   0.9839190544E+000   0.7506469796E+000   0.9995239689E+000
 0.1212121   0.5285526392E+000   0.9851728947E+000   0.7371759719E+000   0.9894302540E+000
 0.1313131   0.5040383181E+000   0.9824420899E+000   0.7376607475E+000   0.9759544786E+000
 0.1414141   0.4813399195E+000   0.9940485041E+000   0.7423526046E+000   0.1009482482E+001
 0.1515152   0.4538436031E+000   0.9845430127E+000   0.7308864856E+000   0.9820264475E+000
 0.1616162   0.4354807088E+000   0.9816167273E+000   0.7393456903E+000   0.9824663575E+000
 0.1717172   0.4232876612E+000   0.9956044507E+000   0.7417185413E+000   0.9932118657E+000
 0.1818182   0.4164487743E+000   0.9834846531E+000   0.7413304092E+000   0.9843268943E+000
 0.1919192   0.4155524181E+000   0.1005094146E+001   0.7522711380E+000   0.9921504315E+000
 0.2020202   0.4092427916E+000   0.1003498708E+001   0.7552755381E+000   0.1013740327E+001
 0.2121212   0.4191732261E+000   0.1024430929E+001   0.7679260547E+000   0.9999093947E+000
 0.2222222   0.4195192880E+000   0.1008920827E+001   0.7710324572E+000   0.9952298015E+000
 0.2323232   0.4239490254E+000   0.1005672689E+001   0.7766449649E+000   0.1002076658E+001
 0.2424242   0.4331404050E+000   0.1002837233E+001   0.7852066296E+000   0.9945759903E+000
 0.2525253   0.4445844352E+000   0.1020584503E+001   0.7799444091E+000   0.9948282323E+000
 0.2626263   0.4567367374E+000   0.9953378863E+000   0.8106471662E+000   0.1004320602E+001
 0.2727273   0.4716060303E+000   0.1005404150E+001   0.8116365787E+000   0.1006794592E+001
 0.2828283   0.4850978546E+000   0.1002612134E+001   0.8292312424E+000   0.9950986357E+000
 0.2929293   0.5082684570E+000   0.1025978978E+001   0.8309830440E+000   0.1002451994E+001
 0.3030303   0.5219511842E+000   0.1034068716E+001   0.8376798329E+000   0.9691641246E+000
 0.3131313   0.5410795966E+000   0.1025240495E+001   0.8527974648E+000   0.1007498851E+001
 0.3232323   0.5638819295E+000   0.9941571044E+000   0.8641749787E+000   0.9961237471E+000
 0.3333333   0.5863833566E+000   0.1038071132E+001   0.8848859524E+000   0.9999114126E+000
 0.3434343   0.6139242546E+000   0.1024551377E+001   0.8886828605E+000   0.9897591775E+000
 0.3535354   0.6324451955E+000   0.9848589410E+000   0.9096412422E+000   0.1003144146E+001
 0.3636364   0.6686858679E+000   0.1020548961E+001   0.9126974840E+000   0.9820486448E+000
 0.3737374   0.7022829128E+000   0.1020011883E+001   0.9359306020E+000   0.9934984126E+000
 0.3838384   0.7398764009E+000   0.1032457481E+001   0.9401898599E+000   0.9964143298E+000
 0.3939394   0.7636812928E+000   0.9951305583E+000   0.9572824213E+000   0.1002788989E+001
 0.4040404   0.8025182752E+000   0.1011323856E+001   0.9797081222E+000   0.9869058163E+000
 0.4141414   0.8478273732E+000   0.1010857862E+001   0.9893954281E+000   0.9789632209E+000
 0.4242424   0.8821403110E+000   0.9980765893E+000   0.1015899941E+001   0.1029250181E+001
 0.4343434   0.9262233748E+000   0.1007882212E+001   0.1023583541E+001   0.9944952729E+000
 0.4444444   0.9854653260E+000   0.1011969534E+001   0.1036736996E+001   0.9709257825E+000
 0.4545455   0.1047768040E+001   0.1021451331E+001   0.1068755948E+001   0.1003202666E+001
 0.4646465   0.1096032205E+001   0.9873192323E+000   0.1086944034E+001   0.1009179792E+001
 0.4747475   0.1159885272E+001   0.1004900640E+001   0.1085684236E+001   0.9925701621E+000
 0.4848485   0.1220150725E+001   0.1001145042E+001   0.1137569588E+001   0.1016825751E+001
 0.4949495   0.1290118122E+001   0.1010259573E+001   0.1137913297E+001   0.1004516342E+001
 0.5050505   0.1317901212E+001   0.1009001783E+001   0.1154179501E+001   0.9936315964E+000
 0.5151515   0.1319972316E+001   0.1014064533E+001   0.1144850765E+001   0.9967331637E+000
 0.5252525   0.1322922089E+001   0.1004148335E+001   0.1141406576E+001   0.9974717282E+000
 0.5353535   0.1330567604E+001   0.9943604832E+000   0.1152997124E+001   0.9879490891E+000
 0.5454545   0.1335027866E+001   0.1014714161E+001   0.1154427139E+001   0.1002962532E+001
 0.5555556   0.1306418774E+001   0.1006679711E+001   0.1150556752E+001   0.1006903560E+001
 0.5656566   0.1314305974E+001   0.9957940077E+000   0.1145676588E+001   0.1006423291E+001
 0.5757576   0.1326062236E+001   0.1010994106E+001   0.1147187041E+001   0.9926549154E+000
 0.5858586   0.1321737372E+001   0.9989947558E+000   0.1146320606E+001   0.9921988619E+000
 0.5959596   0.1325992629E+001   0.9905318277E+000   0.1153476223E+001   0.1006195265E+001
 0.6060606   0.1329218717E+001   0.1019229960E+001   0.1149284424E+001   0.9930262156E+000
 0.6161616   0.1309567782E+001   0.9921450363E+000   0.1151744868E+001   0.1006520152E+001
 0.6262626   0.1339727318E+001   0.1019060149E+001   0.1138580214E+001   0.1002036299E+001
 0.6363636   0.1328044148E+001   0.1002679269E+001   0.1153461189E+001   0.9945295778E+000
 0.6464646   0.1315146541E+001   0.9945579384E+000   0.1151529759E+001   0.1015524182E+001
 0.6565657   0.1319629986E+001   0.1005404150E+001   0.1148750073E+001   0.1001360291E+001
 0.6666667   0.1331376073E+001   0.1006967995E+001   0.1149457403E+001   0.1001866792E+001
 0.6767677   0.1328044170E+001   0.1018554664E+001   0.1159834223E+001   0.1020369246E+001
 0.6868687   0.1333235153E+001   0.1012326928E+001   0.1139675061E+001   0.9993746417E+000
 0.6969697   0.1330305918E+001   0.1001318803E+001   0.1141997243E+001   0.1004572844E+001
 0.7070707   0.1326567312E+001   0.1004266809E+001   0.1138875091E+001   0.1006962080E+001
 0.7171717   0.1326157972E+001   0.9997194162E+000   0.1144343688E+001   0.9986340592E+000
 0.7272727   0.1319431482E+001   0.9826632396E+000   0.1144927934E+001   0.9888289091E+000
 0.7373737   0.1327010780E+001   0.9946408695E+000   0.1154456418E+001   0.1016799517E+001
 0.7474747   0.1324174379E+001   0.9891871581E+000   0.1149663585E+001   0.9980226247E+000
 0.7575758   0.1324272420E+001   0.9937977360E+000   0.1143476327E+001   0.1001023295E+001
 0.7676768   0.1325396871E+001   0.9970972117E+000   0.1145573735E+001   0.1009444141E+001
 0.7777778   0.1328171383E+001   0.9924728119E+000   0.1145848647E+001   0.9967392175E+000
 0.7878788   0.1337162583E+001   0.1003976549E+001   0.1142449257E+001   0.9953528956E+000
 0.7979798   0.1342601859E+001   0.1012009025E+001   0.1154884066E+001   0.1014805797E+001
 0.8080808   0.1325200042E+001   0.9949765433E+000   0.1137097103E+001   0.9952580526E+000
 0.8181818   0.1324392528E+001   0.9978356940E+000   0.1141631237E+001   0.9995239689E+000
 0.8282828   0.1323605391E+001   0.9988782572E+000   0.1140035287E+001   0.1011791001E+001
 0.8383838   0.1341550130E+001   0.1020175771E+001   0.1145278147E+001   0.1015907590E+001
 0.8484848   0.1326848192E+001   0.9978159485E+000   0.1148195736E+001   0.1010352213E+001
 0.8585859   0.1329142718E+001   0.9969352985E+000   0.1140476592E+001   0.1000995044E+001
 0.8686869   0.1329710644E+001   0.1007035130E+001   0.1144753837E+001   0.1005896610E+001
 0.8787879   0.1325327262E+001   0.9942479338E+000   0.1145636504E+001   0.9948241964E+000
 0.8888889   0.1331780673E+001   0.1012921268E+001   0.1149497657E+001   0.1015493913E+001
 0.8989899   0.1337597969E+001   0.1009430261E+001   0.1155512752E+001   0.1009264545E+001
 0.9090909   0.1324982048E+001   0.9979265234E+000   0.1139820193E+001   0.1007688537E+001
 0.9191919   0.1328390303E+001   0.1007659088E+001   0.1155397375E+001   0.1011811180E+001
 0.9292929   0.1319391868E+001   0.9970044078E+000   0.1133268949E+001   0.1000926434E+001
 0.9393939   0.1329454404E+001   0.1002560796E+001   0.1139662593E+001   0.9975887685E+000
 0.9494949   0.1332034159E+001   0.1009341406E+001   0.1142439848E+001   0.1012309610E+001
 0.9595960   0.1336235588E+001   0.1010097659E+001   0.1144180657E+001   0.1019687184E+001
 0.9696970   0.1334185761E+001   0.1006902835E+001   0.1153539965E+001   0.1014047053E+001
 0.9797980   0.1316396149E+001   0.9911498623E+000   0.1142650213E+001   0.1000567242E+001
 0.9898990   0.1317325380E+001   0.9959381499E+000   0.1144022154E+001   0.1008390779E+001
 1.0000000   0.1332471703E+001   0.9924629391E+000   0.1164411685E+001   0.1022068348E+001


