 0.0000000   0.1406403601E+000   0.9824906697E+000   0.6829624118E+000   0.1037102286E+001
 0.0101010   0.1400006880E+000   0.9596045423E+000   0.6807129731E+000   0.9977321349E+000
 0.0202020   0.1394182930E+000   0.9899373369E+000   0.6857526874E+000   0.1037181493E+001
 0.0303030   0.1342145851E+000   0.9804230642E+000   0.6797594703E+000   0.1031991251E+001
 0.0404040   0.1269359100E+000   0.9785782926E+000   0.6724494110E+000   0.1023480927E+001
 0.0505051   0.1204321476E+000   0.9943008611E+000   0.6823311719E+000   0.1036730455E+001
 0.0606061   0.1111407090E+000   0.9758604508E+000   0.6747942818E+000   0.1027252048E+001
 0.0707071   0.1030971475E+000   0.9709380156E+000   0.6790662438E+000   0.1030710742E+001
 0.0808081   0.9394665181E-001   0.9496957442E+000   0.6845765826E+000   0.1025368688E+001
 0.0909091   0.8509488793E-001   0.9386106758E+000   0.6783015643E+000   0.1009923373E+001
 0.1010101   0.7939669671E-001   0.9807627944E+000   0.6859558985E+000   0.1039850320E+001
 0.1111111   0.7313368055E-001   0.9652813248E+000   0.6815521014E+000   0.1022057406E+001
 0.1212121   0.6803810336E-001   0.9486400234E+000   0.6791220931E+000   0.1008790276E+001
 0.1313131   0.6481213375E-001   0.9623150781E+000   0.6910052552E+000   0.1028250933E+001
 0.1414141   0.6247075554E-001   0.9582145708E+000   0.6959600633E+000   0.1019852818E+001
 0.1515152   0.6091865032E-001   0.9718494424E+000   0.7013183812E+000   0.1036446631E+001
 0.1616162   0.5985744378E-001   0.9583734769E+000   0.7046623388E+000   0.1020682289E+001
 0.1717172   0.6010515496E-001   0.9503532866E+000   0.7149875115E+000   0.1041801887E+001
 0.1818182   0.5984163140E-001   0.9435294580E+000   0.7103684214E+000   0.1008370041E+001
 0.1919192   0.6161751155E-001   0.9624776372E+000   0.7278790490E+000   0.1033958219E+001
 0.2020202   0.6447314943E-001   0.9625196468E+000   0.7364633427E+000   0.1021120126E+001
 0.2121212   0.6627306839E-001   0.9712065121E+000   0.7317941856E+000   0.1026365372E+001
 0.2222222   0.7060626660E-001   0.9786257818E+000   0.7456819873E+000   0.1012352380E+001
 0.2323232   0.7359760976E-001   0.9832212723E+000   0.7557686131E+000   0.1007672581E+001
 0.2424242   0.7899987226E-001   0.9690220102E+000   0.7671203841E+000   0.1024154184E+001
 0.2525253   0.8538516891E-001   0.9824267419E+000   0.7797401908E+000   0.1029551244E+001
 0.2626263   0.9095659116E-001   0.9766458486E+000   0.7862921921E+000   0.1007758388E+001
 0.2727273   0.9691556250E-001   0.9665434408E+000   0.7779684856E+000   0.1001472453E+001
 0.2828283   0.1053163064E+000   0.9467587216E+000   0.8107911791E+000   0.1021005716E+001
 0.2929293   0.1151213145E+000   0.9862971093E+000   0.8168635843E+000   0.1011544911E+001
 0.3030303   0.1255697171E+000   0.9886569558E+000   0.8212447292E+000   0.1009142306E+001
 0.3131313   0.1375114633E+000   0.9709928108E+000   0.8425664025E+000   0.1014101528E+001
 0.3232323   0.1508200520E+000   0.9732686380E+000   0.8413731260E+000   0.1011397498E+001
 0.3333333   0.1684922303E+000   0.1017676492E+001   0.8601982068E+000   0.9969114651E+000
 0.3434343   0.1831306852E+000   0.9798020520E+000   0.8872587880E+000   0.1019903422E+001
 0.3535354   0.2029309560E+000   0.1014317547E+001   0.8941059422E+000   0.1010601030E+001
 0.3636364   0.2220086779E+000   0.9781910732E+000   0.9085411385E+000   0.1008572458E+001
 0.3737374   0.2468626770E+000   0.9985913251E+000   0.9195698912E+000   0.1003547230E+001
 0.3838384   0.2720030283E+000   0.9818075562E+000   0.9337504775E+000   0.1010048783E+001
 0.3939394   0.3050770649E+000   0.9988287709E+000   0.9514016834E+000   0.1015129016E+001
 0.4040404   0.3333837642E+000   0.9719864304E+000   0.9615311208E+000   0.9988674316E+000
 0.4141414   0.3758334838E+000   0.9977657441E+000   0.9835666376E+000   0.1015181820E+001
 0.4242424   0.4173446636E+000   0.9972415367E+000   0.9931322834E+000   0.1005736416E+001
 0.4343434   0.4724565049E+000   0.9923044895E+000   0.1011095234E+001   0.9890501959E+000
 0.4444444   0.5285672206E+000   0.1014620747E+001   0.1019373291E+001   0.9885639545E+000
 0.4545455   0.5901879001E+000   0.1000574911E+001   0.1045984373E+001   0.9985880078E+000
 0.4646465   0.6536063654E+000   0.9806276330E+000   0.1061649851E+001   0.9962646100E+000
 0.4747475   0.7418506303E+000   0.1009597854E+001   0.1081715776E+001   0.9881107159E+000
 0.4848485   0.8356708335E+000   0.1022569703E+001   0.1111153259E+001   0.1007197341E+001
 0.4949495   0.9327736685E+000   0.1007953998E+001   0.1117037301E+001   0.9811405225E+000
 0.5050505   0.9912351981E+000   0.9928524414E+000   0.1123394368E+001   0.9862229552E+000
 0.5151515   0.9944558629E+000   0.1011486461E+001   0.1134948408E+001   0.9807752914E+000
 0.5252525   0.1001989152E+001   0.1017566902E+001   0.1136703931E+001   0.9905133204E+000
 0.5353535   0.1010458792E+001   0.1013523016E+001   0.1131432562E+001   0.9831316920E+000
 0.5454545   0.1006600291E+001   0.1011007917E+001   0.1139948926E+001   0.9972348926E+000
 0.5555556   0.1014681430E+001   0.1002836126E+001   0.1127768859E+001   0.1000807997E+001
 0.5656566   0.1031344004E+001   0.1013660004E+001   0.1135244825E+001   0.9983173848E+000
 0.5757576   0.1029414367E+001   0.1005866301E+001   0.1149801587E+001   0.1003591234E+001
 0.5858586   0.1040552846E+001   0.9947136516E+000   0.1125353900E+001   0.9813759426E+000
 0.5959596   0.1047900695E+001   0.9971703030E+000   0.1149613085E+001   0.9883615372E+000
 0.6060606   0.1062174760E+001   0.1002710097E+001   0.1137221185E+001   0.9795519873E+000
 0.6161616   0.1101681361E+001   0.1036277635E+001   0.1131427624E+001   0.9770899777E+000
 0.6262626   0.1107397697E+001   0.1024061959E+001   0.1125627536E+001   0.9717281213E+000
 0.6363636   0.1113056757E+001   0.1009952196E+001   0.1150184999E+001   0.9936903909E+000
 0.6464646   0.1139161734E+001   0.1009007892E+001   0.1137026685E+001   0.9844892076E+000
 0.6565657   0.1165377313E+001   0.1030873002E+001   0.1147313281E+001   0.9937717978E+000
 0.6666667   0.1194500366E+001   0.1026204451E+001   0.1147910150E+001   0.9856619074E+000
 0.6767677   0.1200528093E+001   0.1007855366E+001   0.1155991612E+001   0.9894814326E+000
 0.6868687   0.1230941644E+001   0.1021884763E+001   0.1163763212E+001   0.1020363261E+001
 0.6969697   0.1245200089E+001   0.1009610639E+001   0.1150523168E+001   0.9846564218E+000
 0.7070707   0.1302879746E+001   0.1034600902E+001   0.1165695157E+001   0.9945374630E+000
 0.7171717   0.1321705542E+001   0.1019397061E+001   0.1162490478E+001   0.9937013918E+000
 0.7272727   0.1353477609E+001   0.1028703112E+001   0.1167906391E+001   0.9948652909E+000
 0.7373737   0.1400147689E+001   0.1037117828E+001   0.1176506506E+001   0.1001393247E+001
 0.7474747   0.1414789789E+001   0.1015643590E+001   0.1170674334E+001   0.9817191718E+000
 0.7575758   0.1471773349E+001   0.1021017173E+001   0.1170353392E+001   0.9825948463E+000
 0.7676768   0.1511752602E+001   0.1025084803E+001   0.1179805556E+001   0.9926519025E+000
 0.7777778   0.1569106614E+001   0.1034074868E+001   0.1181192138E+001   0.9962250066E+000
 0.7878788   0.1602666889E+001   0.1023725882E+001   0.1165485178E+001   0.9676951780E+000
 0.7979798   0.1664051011E+001   0.1022301207E+001   0.1184583179E+001   0.9863219636E+000
 0.8080808   0.1723996995E+001   0.1024980692E+001   0.1186063274E+001   0.9798138096E+000
 0.8181818   0.1788642309E+001   0.1021716725E+001   0.1192530546E+001   0.9831756958E+000
 0.8282828   0.1851084498E+001   0.1009868177E+001   0.1204906987E+001   0.9796377946E+000
 0.8383838   0.1922232099E+001   0.1023351448E+001   0.1196178865E+001   0.9717523233E+000
 0.8484848   0.2007993792E+001   0.1029841026E+001   0.1212254685E+001   0.9835145246E+000
 0.8585859   0.2070335082E+001   0.1013166848E+001   0.1210176203E+001   0.9773694015E+000
 0.8686869   0.2174494713E+001   0.1023426335E+001   0.1225806106E+001   0.9841591795E+000
 0.8787879   0.2268932570E+001   0.1026741444E+001   0.1221913438E+001   0.9848720402E+000
 0.8888889   0.2365213778E+001   0.1025077497E+001   0.1227121284E+001   0.9722033617E+000
 0.8989899   0.2474201766E+001   0.1021873804E+001   0.1243128057E+001   0.9858863265E+000
 0.9090909   0.2583417099E+001   0.1031397210E+001   0.1236856443E+001   0.9799326197E+000
 0.9191919   0.2711407762E+001   0.1025174302E+001   0.1240893970E+001   0.9746147670E+000
 0.9292929   0.2829532936E+001   0.1028502197E+001   0.1243149195E+001   0.9812131287E+000
 0.9393939   0.2967068221E+001   0.1032310463E+001   0.1246970045E+001   0.9770569749E+000
 0.9494949   0.3157854175E+001   0.1054769188E+001   0.1268581886E+001   0.9996352970E+000
 0.9595960   0.3278699735E+001   0.1031437393E+001   0.1258011113E+001   0.9708260445E+000
 0.9696970   0.3478179203E+001   0.1035311413E+001   0.1273486612E+001   0.9712968846E+000
 0.9797980   0.3670408981E+001   0.1036610059E+001   0.1285216464E+001   0.9742429354E+000
 0.9898990   0.3822156911E+001   0.1026838249E+001   0.1274165039E+001   0.9705532213E+000
 1.0000000   0.3924304446E+001   0.1033937880E+001   0.1278446010E+001   0.9671341302E+000


 0.0000000   0.1092597999E+001   0.1031595498E+001   0.8705958939E+000   0.1003707059E+001
 0.0101010   0.1086824130E+001   0.1050580893E+001   0.8647861535E+000   0.1017368499E+001
 0.0202020   0.1085994020E+001   0.1045430503E+001   0.8723867729E+000   0.9915818130E+000
 0.0303030   0.1053122974E+001   0.1045100428E+001   0.8602784948E+000   0.1003821877E+001
 0.0404040   0.1021711043E+001   0.1065158569E+001   0.8695648766E+000   0.1018106902E+001
 0.0505051   0.9787083459E+000   0.1101621880E+001   0.8555982229E+000   0.1033831118E+001
 0.0606061   0.9345954784E+000   0.1057272978E+001   0.8632513636E+000   0.1016455889E+001
 0.0707071   0.8762168188E+000   0.1013994811E+001   0.8627696238E+000   0.9874978323E+000
 0.0808081   0.8116696853E+000   0.1010651787E+001   0.8514329537E+000   0.9774769353E+000
 0.0909091   0.7415419923E+000   0.1063683291E+001   0.8477770467E+000   0.1034458662E+001
 0.1010101   0.6899546188E+000   0.1013600330E+001   0.8502630875E+000   0.9885569354E+000
 0.1111111   0.6350417479E+000   0.1005883802E+001   0.8514353860E+000   0.9781242750E+000
 0.1212121   0.5793264682E+000   0.1038875279E+001   0.8497671866E+000   0.9844650361E+000
 0.1313131   0.5318558688E+000   0.1014962899E+001   0.8458136994E+000   0.9777580430E+000
 0.1414141   0.4842356413E+000   0.1015977278E+001   0.8479070800E+000   0.1003348745E+001
 0.1515152   0.4579717982E+000   0.1013250127E+001   0.8546136317E+000   0.9779955989E+000
 0.1616162   0.4327231610E+000   0.1052820981E+001   0.8492531983E+000   0.9809195153E+000
 0.1717172   0.4113203586E+000   0.1010025851E+001   0.8550593548E+000   0.1005213559E+001
 0.1818182   0.4020328716E+000   0.1000834045E+001   0.8577992880E+000   0.1006098454E+001
 0.1919192   0.3859074021E+000   0.1020853946E+001   0.8662781190E+000   0.1003887205E+001
 0.2020202   0.3829723110E+000   0.9887279121E+000   0.8629694528E+000   0.9982234783E+000
 0.2121212   0.3793532846E+000   0.1022534515E+001   0.8691546587E+000   0.1014476257E+001
 0.2222222   0.3805078122E+000   0.9942848586E+000   0.8761319024E+000   0.9963250112E+000
 0.2323232   0.3859794249E+000   0.1023315426E+001   0.8742668750E+000   0.9851915611E+000
 0.2424242   0.3874211529E+000   0.1004692309E+001   0.8760848699E+000   0.9934783005E+000
 0.2525253   0.4002521985E+000   0.1012561799E+001   0.8812919211E+000   0.1003515035E+001
 0.2626263   0.4102074617E+000   0.9721395915E+000   0.8909216520E+000   0.9974850756E+000
 0.2727273   0.4189000625E+000   0.1001552564E+001   0.8882986851E+000   0.9917599799E+000
 0.2828283   0.4339593007E+000   0.1017092290E+001   0.8952997676E+000   0.9934941375E+000
 0.2929293   0.4468734584E+000   0.1013674798E+001   0.9047412613E+000   0.9789200870E+000
 0.3030303   0.4646288047E+000   0.9920789863E+000   0.9224216932E+000   0.1015278008E+001
 0.3131313   0.4852504279E+000   0.1001466020E+001   0.9218424564E+000   0.9724169960E+000
 0.3232323   0.5047847477E+000   0.9938561626E+000   0.9409460691E+000   0.1039872955E+001
 0.3333333   0.5224791458E+000   0.1001606906E+001   0.9440856558E+000   0.9730960098E+000
 0.3434343   0.5445875570E+000   0.9382967607E+000   0.9411677426E+000   0.9716291025E+000
 0.3535354   0.5743983097E+000   0.9869567738E+000   0.9496984735E+000   0.9780213341E+000
 0.3636364   0.6070304262E+000   0.1002554867E+001   0.9529281707E+000   0.1004692916E+001
 0.3737374   0.6415363040E+000   0.9916140625E+000   0.9788095148E+000   0.1011180169E+001
 0.3838384   0.6653194630E+000   0.9820016117E+000   0.9768774463E+000   0.9949946985E+000
 0.3939394   0.7108413819E+000   0.9757120580E+000   0.9867920269E+000   0.1004455360E+001
 0.4040404   0.7542888670E+000   0.9983383502E+000   0.9916300112E+000   0.9986194047E+000
 0.4141414   0.7947108015E+000   0.1038519039E+001   0.1007766991E+001   0.1007587137E+001
 0.4242424   0.8381270322E+000   0.1002733994E+001   0.1012094776E+001   0.9993439500E+000
 0.4343434   0.8871747702E+000   0.9741039449E+000   0.1025271679E+001   0.1000878165E+001
 0.4444444   0.9308382924E+000   0.9853184708E+000   0.1028572598E+001   0.1000308031E+001
 0.4545455   0.9892729088E+000   0.9958587565E+000   0.1027749447E+001   0.9843719934E+000
 0.4646465   0.1056419980E+001   0.1003200930E+001   0.1042724145E+001   0.9922014378E+000
 0.4747475   0.1122641800E+001   0.9924171127E+000   0.1054877618E+001   0.1038413966E+001
 0.4848485   0.1195041324E+001   0.9831528517E+000   0.1075901405E+001   0.1012189782E+001
 0.4949495   0.1281278794E+001   0.1014584519E+001   0.1080508558E+001   0.1016548931E+001
 0.5050505   0.1308828547E+001   0.9638635451E+000   0.1080271022E+001   0.1002060005E+001
 0.5151515   0.1304379313E+001   0.9686174414E+000   0.1081095947E+001   0.1004540484E+001
 0.5252525   0.1308167819E+001   0.9890922030E+000   0.1086326855E+001   0.1002352991E+001
 0.5353535   0.1314850098E+001   0.1024851083E+001   0.1087240580E+001   0.9966536301E+000
 0.5454545   0.1321055617E+001   0.9784895249E+000   0.1082786856E+001   0.1018791854E+001
 0.5555556   0.1319019158E+001   0.9867132422E+000   0.1080250438E+001   0.1023727077E+001
 0.5656566   0.1312823072E+001   0.9864515968E+000   0.1072032935E+001   0.1019666852E+001
 0.5757576   0.1319677148E+001   0.1008890712E+001   0.1080585330E+001   0.1002400502E+001
 0.5858586   0.1295658405E+001   0.1014216203E+001   0.1078087346E+001   0.9919856580E+000
 0.5959596   0.1311933824E+001   0.1021979022E+001   0.1086581430E+001   0.1020417132E+001
 0.6060606   0.1314326846E+001   0.9962753766E+000   0.1077156376E+001   0.9815450790E+000
 0.6161616   0.1312367186E+001   0.9743112486E+000   0.1082960515E+001   0.1006322153E+001
 0.6262626   0.1306870121E+001   0.9952046430E+000   0.1073677552E+001   0.9865060367E+000
 0.6363636   0.1307313469E+001   0.9725280343E+000   0.1084713949E+001   0.9737730439E+000
 0.6464646   0.1321133592E+001   0.9542470690E+000   0.1080720083E+001   0.9870068836E+000
 0.6565657   0.1318705884E+001   0.1012044546E+001   0.1090851464E+001   0.1013308274E+001
 0.6666667   0.1320070134E+001   0.9507128429E+000   0.1085014932E+001   0.1002952819E+001
 0.6767677   0.1315627248E+001   0.9743736410E+000   0.1088932191E+001   0.1006328092E+001
 0.6868687   0.1323177753E+001   0.9734558693E+000   0.1090999143E+001   0.9936010376E+000
 0.6969697   0.1317217432E+001   0.1020922377E+001   0.1080038219E+001   0.1002259948E+001
 0.7070707   0.1306087721E+001   0.9762051590E+000   0.1077126167E+001   0.9888776358E+000
 0.7171717   0.1318245309E+001   0.1020896212E+001   0.1093996930E+001   0.1047235206E+001
 0.7272727   0.1321233742E+001   0.9843483700E+000   0.1096788703E+001   0.1000973187E+001
 0.7373737   0.1325676706E+001   0.9892028992E+000   0.1084008366E+001   0.9975068515E+000
 0.7474747   0.1321936000E+001   0.9945122889E+000   0.1082743648E+001   0.1006882388E+001
 0.7575758   0.1309653703E+001   0.9780105125E+000   0.1087351228E+001   0.1009317336E+001
 0.7676768   0.1314682941E+001   0.9900220507E+000   0.1082464561E+001   0.9970594547E+000
 0.7777778   0.1307811447E+001   0.9682068593E+000   0.1088221822E+001   0.9827110822E+000
 0.7878788   0.1311107380E+001   0.1021709326E+001   0.1087228866E+001   0.1033237229E+001
 0.7979798   0.1315212652E+001   0.9839377880E+000   0.1094809191E+001   0.1017208149E+001
 0.8080808   0.1297199410E+001   0.9685208338E+000   0.1067624043E+001   0.9777639819E+000
 0.8181818   0.1316722040E+001   0.1019318289E+001   0.1080204673E+001   0.1009980513E+001
 0.8282828   0.1326668579E+001   0.9980726795E+000   0.1086948543E+001   0.9869197798E+000
 0.8383838   0.1319429010E+001   0.9770222978E+000   0.1080425402E+001   0.9670620916E+000
 0.8484848   0.1311973826E+001   0.9589184463E+000   0.1073371083E+001   0.9734028527E+000
 0.8585859   0.1318314423E+001   0.9942848586E+000   0.1085653820E+001   0.1005603546E+001
 0.8686869   0.1317531100E+001   0.9879127859E+000   0.1089443185E+001   0.1010790182E+001
 0.8787879   0.1314893957E+001   0.9980445023E+000   0.1080826803E+001   0.1003212151E+001
 0.8888889   0.1313734186E+001   0.9820881560E+000   0.1081565767E+001   0.9970832103E+000
 0.8989899   0.1321817906E+001   0.1004108638E+001   0.1079961101E+001   0.9977938981E+000
 0.9090909   0.1320068883E+001   0.9957782503E+000   0.1082505991E+001   0.1001097904E+001
 0.9191919   0.1307604281E+001   0.9990266790E+000   0.1086631069E+001   0.1021410907E+001
 0.9292929   0.1304158082E+001   0.9600958508E+000   0.1080321798E+001   0.9855597726E+000
 0.9393939   0.1316793079E+001   0.9643224309E+000   0.1082302991E+001   0.9881629886E+000
 0.9494949   0.1318821973E+001   0.9945948078E+000   0.1085309504E+001   0.1004793877E+001
 0.9595960   0.1313865912E+001   0.1010597445E+001   0.1090522949E+001   0.1018160352E+001
 0.9696970   0.1308084854E+001   0.9769820447E+000   0.1082809010E+001   0.9903643394E+000
 0.9797980   0.1316167535E+001   0.9868903561E+000   0.1082491201E+001   0.9942642144E+000
 0.9898990   0.1309455250E+001   0.9685248591E+000   0.1080088194E+001   0.9927596941E+000
 1.0000000   0.1311415417E+001   0.1003480689E+001   0.1087471268E+001   0.9969624527E+000


