#   100 bins for weightfunction of cd                      
 0.0000000    0.3216195679E+001    0.1795907593E+001
 0.0101010    0.3232794189E+001    0.1808523560E+001
 0.0202020    0.3225267029E+001    0.1768293762E+001
 0.0303030    0.3276937866E+001    0.1798391724E+001
 0.0404040    0.3331845093E+001    0.1813816833E+001
 0.0505051    0.3398587036E+001    0.1824755859E+001
 0.0606061    0.3439794922E+001    0.1804751587E+001
 0.0707071    0.3512161255E+001    0.1803715515E+001
 0.0808081    0.3570388794E+001    0.1790391541E+001
 0.0909091    0.3684892273E+001    0.1797647095E+001
 0.1010101    0.3765109253E+001    0.1812252808E+001
 0.1111111    0.3810704041E+001    0.1806233215E+001
 0.1212121    0.3866488647E+001    0.1782200623E+001
 0.1313131    0.3920135498E+001    0.1783377075E+001
 0.1414141    0.3919528198E+001    0.1768698120E+001
 0.1515152    0.3963606262E+001    0.1794522095E+001
 0.1616162    0.3975325012E+001    0.1768043518E+001
 0.1717172    0.3989848328E+001    0.1730392456E+001
 0.1818182    0.3950476074E+001    0.1712800598E+001
 0.1919192    0.3911288452E+001    0.1739244080E+001
 0.2020202    0.3900289917E+001    0.1706755066E+001
 0.2121212    0.3855555725E+001    0.1709652710E+001
 0.2222222    0.3806755066E+001    0.1684062195E+001
 0.2323232    0.3772201538E+001    0.1689105225E+001
 0.2424242    0.3693801880E+001    0.1650340271E+001
 0.2525253    0.3617056274E+001    0.1660169983E+001
 0.2626263    0.3551849365E+001    0.1627969360E+001
 0.2727273    0.3483010864E+001    0.1591973877E+001
 0.2828283    0.3403199768E+001    0.1594432068E+001
 0.2929293    0.3322148132E+001    0.1558631897E+001
 0.3030303    0.3250663757E+001    0.1555825806E+001
 0.3131313    0.3151269531E+001    0.1521760559E+001
 0.3232323    0.3081451416E+001    0.1498692322E+001
 0.3333333    0.2970474243E+001    0.1493397522E+001
 0.3434343    0.2865350342E+001    0.1455874634E+001
 0.3535354    0.2794250488E+001    0.1456149292E+001
 0.3636364    0.2728120422E+001    0.1414915466E+001
 0.3737374    0.2613999939E+001    0.1396582031E+001
 0.3838384    0.2485380554E+001    0.1383306885E+001
 0.3939394    0.2391648865E+001    0.1353268433E+001
 0.4040404    0.2295372009E+001    0.1350314331E+001
 0.4141414    0.2194836426E+001    0.1298928833E+001
 0.4242424    0.2075645447E+001    0.1274134827E+001
 0.4343434    0.1969480896E+001    0.1265853882E+001
 0.4444444    0.1893632507E+001    0.1260115051E+001
 0.4545455    0.1764981079E+001    0.1225953674E+001
 0.4646465    0.1669242859E+001    0.1182707214E+001
 0.4747475    0.1552380371E+001    0.1180625916E+001
 0.4848485    0.1434057617E+001    0.1139849854E+001
 0.4949495    0.1332145691E+001    0.1135211182E+001
 0.5050505    0.1273448181E+001    0.1120907593E+001
 0.5151515    0.1276760864E+001    0.1105094910E+001
 0.5252525    0.1233045959E+001    0.1111122131E+001
 0.5353535    0.1268695068E+001    0.1086460876E+001
 0.5454545    0.1242741394E+001    0.1086669922E+001
 0.5555556    0.1232797241E+001    0.1111564636E+001
 0.5656566    0.1223918152E+001    0.1101710510E+001
 0.5757576    0.1211795044E+001    0.1097526550E+001
 0.5858586    0.1189402771E+001    0.1105654907E+001
 0.5959596    0.1213975525E+001    0.1101242065E+001
 0.6060606    0.1187150574E+001    0.1112673950E+001
 0.6161616    0.1169108582E+001    0.1090093994E+001
 0.6262626    0.1158459473E+001    0.1109657288E+001
 0.6363636    0.1144003296E+001    0.1113703918E+001
 0.6464646    0.1147009277E+001    0.1095985413E+001
 0.6565657    0.1117985535E+001    0.1096463013E+001
 0.6666667    0.1110035706E+001    0.1111047363E+001
 0.6767677    0.1099455261E+001    0.1092747498E+001
 0.6868687    0.1094619751E+001    0.1100148010E+001
 0.6969697    0.1052615356E+001    0.1093437195E+001
 0.7070707    0.1028453064E+001    0.1074023437E+001
 0.7171717    0.1031332397E+001    0.1090577698E+001
 0.7272727    0.9926010132E+000    0.1075811768E+001
 0.7373737    0.9528823853E+000    0.1067355347E+001
 0.7474747    0.9342514038E+000    0.1052377319E+001
 0.7575758    0.9225875854E+000    0.1081004333E+001
 0.7676768    0.8672637939E+000    0.1051390076E+001
 0.7777778    0.8518218994E+000    0.1048735046E+001
 0.7878788    0.8365875244E+000    0.1053266907E+001
 0.7979798    0.7899261475E+000    0.1061488342E+001
 0.8080808    0.7649139404E+000    0.1044860840E+001
 0.8181818    0.7400756836E+000    0.1041061401E+001
 0.8282828    0.7091552734E+000    0.1044259644E+001
 0.8383838    0.6658752441E+000    0.1027226257E+001
 0.8484848    0.6356048584E+000    0.1019360352E+001
 0.8585859    0.6038192749E+000    0.1035244751E+001
 0.8686869    0.5511535645E+000    0.1017956543E+001
 0.8787879    0.5230178833E+000    0.1029911804E+001
 0.8888889    0.4628356934E+000    0.9986572266E+000
 0.8989899    0.4356918335E+000    0.1005133057E+001
 0.9090909    0.4042984009E+000    0.1001004028E+001
 0.9191919    0.3769546509E+000    0.1011380005E+001
 0.9292929    0.3255691528E+000    0.1006901550E+001
 0.9393939    0.2509613037E+000    0.9773529053E+000
 0.9494949    0.2126632690E+000    0.9774978638E+000
 0.9595960    0.1862808228E+000    0.9825424194E+000
 0.9696970    0.1364685059E+000    0.9706039429E+000
 0.9797980    0.7739868164E-001    0.9508895874E+000
 0.9898990    0.2514038086E-001    0.9467620850E+000
 1.0000000    0.0000000000E+000    0.9409500122E+000


#   100 bins for weightfunction of Ar                      
 0.0000000    0.1710083008E+001    0.2771820068E+000
 0.0101010    0.1707795715E+001    0.2908477783E+000
 0.0202020    0.1752790833E+001    0.3254165649E+000
 0.0303030    0.1727265930E+001    0.2739959717E+000
 0.0404040    0.1778692627E+001    0.2930435181E+000
 0.0505051    0.1837718201E+001    0.3144012451E+000
 0.0606061    0.1871946716E+001    0.2999298096E+000
 0.0707071    0.1902609253E+001    0.2909622192E+000
 0.0808081    0.1970211792E+001    0.2853469849E+000
 0.0909091    0.2065242004E+001    0.3039077759E+000
 0.1010101    0.2127713013E+001    0.3201354980E+000
 0.1111111    0.2205307007E+001    0.3143005371E+000
 0.1212121    0.2299264526E+001    0.3203720093E+000
 0.1313131    0.2364080811E+001    0.3301757812E+000
 0.1414141    0.2425595093E+001    0.3148071289E+000
 0.1515152    0.2502691650E+001    0.3339843750E+000
 0.1616162    0.2555015564E+001    0.3353942871E+000
 0.1717172    0.2566131592E+001    0.3179489136E+000
 0.1818182    0.2608775330E+001    0.3228378296E+000
 0.1919192    0.2647473145E+001    0.3136810303E+000
 0.2020202    0.2650741577E+001    0.3287597656E+000
 0.2121212    0.2635234070E+001    0.3104568481E+000
 0.2222222    0.2626071167E+001    0.3011016846E+000
 0.2323232    0.2628294373E+001    0.3089324951E+000
 0.2424242    0.2620692444E+001    0.2852249146E+000
 0.2525253    0.2566023254E+001    0.2823547363E+000
 0.2626263    0.2590519714E+001    0.2777008057E+000
 0.2727273    0.2543936157E+001    0.2759201050E+000
 0.2828283    0.2493572998E+001    0.2727066040E+000
 0.2929293    0.2465721130E+001    0.2416152954E+000
 0.3030303    0.2458023071E+001    0.2469009399E+000
 0.3131313    0.2429919434E+001    0.2438049316E+000
 0.3232323    0.2382905579E+001    0.2250900269E+000
 0.3333333    0.2315541077E+001    0.1979888916E+000
 0.3434343    0.2292843628E+001    0.2058059692E+000
 0.3535354    0.2230635071E+001    0.2023696899E+000
 0.3636364    0.2226792908E+001    0.1853469849E+000
 0.3737374    0.2165251160E+001    0.1720382690E+000
 0.3838384    0.2113926697E+001    0.1568939209E+000
 0.3939394    0.2026745605E+001    0.1663299561E+000
 0.4040404    0.1970817566E+001    0.1502746582E+000
 0.4141414    0.1936816406E+001    0.1016403198E+000
 0.4242424    0.1887223816E+001    0.1023620605E+000
 0.4343434    0.1834786987E+001    0.9053802490E-001
 0.4444444    0.1783276367E+001    0.7842559814E-001
 0.4545455    0.1736834717E+001    0.6083679199E-001
 0.4646465    0.1653515625E+001    0.5963287354E-001
 0.4747475    0.1595623779E+001    0.5484924316E-001
 0.4848485    0.1562049866E+001    0.4040679932E-001
 0.4949495    0.1498214722E+001    0.3329162598E-001
 0.5050505    0.1439201355E+001    0.1653289795E-001
 0.5151515    0.1466799927E+001    0.2368469238E-001
 0.5252525    0.1440879822E+001    0.1137695313E-001
 0.5353535    0.1459510803E+001    0.1120300293E-001
 0.5454545    0.1453126526E+001    0.3142547607E-001
 0.5555556    0.1468510437E+001    0.2570037842E-001
 0.5656566    0.1451263428E+001    0.3477478027E-002
 0.5757576    0.1446343994E+001    0.1751403809E-001
 0.5858586    0.1470693970E+001    0.2423248291E-001
 0.5959596    0.1442016602E+001    0.2683563232E-001
 0.6060606    0.1464277649E+001    0.7751464844E-003
 0.6161616    0.1440815735E+001    0.2072906494E-001
 0.6262626    0.1445947266E+001    0.7432556152E-002
 0.6363636    0.1455265808E+001    0.9904479980E-002
 0.6464646    0.1448272705E+001    0.2023315430E-001
 0.6565657    0.1450160217E+001    0.7951354980E-002
 0.6666667    0.1448570251E+001    0.1025238037E-001
 0.6767677    0.1458279419E+001    0.6694030762E-002
 0.6868687    0.1440745544E+001    0.1630554199E-001
 0.6969697    0.1442886353E+001    0.3721618652E-002
 0.7070707    0.1446382141E+001    0.2122650146E-001
 0.7171717    0.1437368774E+001    0.2199401855E-001
 0.7272727    0.1443026733E+001    0.1757354736E-001
 0.7373737    0.1452890015E+001    0.2715911865E-001
 0.7474747    0.1455732727E+001    0.1510009766E-001
 0.7575758    0.1458047485E+001    0.2520141602E-001
 0.7676768    0.1433352661E+001    0.9599304199E-002
 0.7777778    0.1445936584E+001    0.1047821045E-001
 0.7878788    0.1437474060E+001    0.1295776367E-001
 0.7979798    0.1445849609E+001    0.2398986816E-001
 0.8080808    0.1441444397E+001    0.1696166992E-001
 0.8181818    0.1438783264E+001    0.1828765869E-001
 0.8282828    0.1447845459E+001    0.2293243408E-001
 0.8383838    0.1451988220E+001    0.2762908936E-001
 0.8484848    0.1454754639E+001    0.2546081543E-001
 0.8585859    0.1464389038E+001    0.2788238525E-001
 0.8686869    0.1429608154E+001    0.3030395508E-002
 0.8787879    0.1450863647E+001    0.3270874023E-001
 0.8888889    0.1468087769E+001    0.2655944824E-001
 0.8989899    0.1443659973E+001    0.3106079102E-001
 0.9090909    0.1455052185E+001    0.3646850586E-001
 0.9191919    0.1419783020E+001    0.1364135742E-001
 0.9292929    0.1441732788E+001    0.1973419189E-001
 0.9393939    0.1428730774E+001    0.6782531738E-002
 0.9494949    0.1437951660E+001    0.1741180420E-001
 0.9595960    0.1433793640E+001    0.0000000000E+000
 0.9696970    0.1448390198E+001    0.1874084473E-001
 0.9797980    0.1443142700E+001    0.1845092773E-001
 0.9898990    0.1438684082E+001    0.1203765869E-001
 1.0000000    0.1434205627E+001    0.1735992432E-001


