Compiled using GNU Fortran (Ubuntu 9.4.0-1ubuntu1~20.04.2) 9.4.0 with all optimizations
Last Brick update unknown
Compiled at 18:43:37 on Sep  2 2023
Starting at 16:56:21 on Sep 11 2023

Settings
OK                      

Forcefield
OK                      

Topology
OK                      

Configuration
OK                      Read from ./INPUT/restart.in

 F
Monte Carlo Simulation initialized.

#########################################################################################################################
###########################################   ENERGY STARTING CONFIGURATION   ###########################################
#########################################################################################################################
                                               Box 1               Box 2
-------------------------------------------------------------------------------------------------------------------------
Lennard Jones        
 Intermolecular                         -0.4891697698E+006  -0.7899743123E+005
 Tailcorrection                         -0.1200513949E+005  -0.1787605540E+004
Total Intermolecular                    -0.5011749093E+006  -0.8078503677E+005

Electrostatic        
 Real                                   -0.1182944451E+006  -0.6471769496E+004
 Exclusion                               0.7982628700E+007   0.1954513441E+007
 Selfterm                               -0.8008268243E+007  -0.1956484337E+007
 Fourier                                 0.1412628406E+005   0.1940616650E+004
Total Intermolecular                    -0.1298077038E+006  -0.6502048368E+004

Intramolecular       
 Lennard Jones                           0.0000000000E+000   0.0000000000E+000
 Electrostatic                           0.0000000000E+000   0.0000000000E+000
 Bending                                 0.0000000000E+000   0.0000000000E+000
 Torsion                                 0.0000000000E+000   0.0000000000E+000

Total                                   -0.6309826131E+006  -0.8728708514E+005

#########################################################################################################################

Simulation is running...



#########################################################################################################################
###############################################   RELATIVE ENERGY DRIFTS   ##############################################
#########################################################################################################################
                                               Box 1               Box 2                                                 
-------------------------------------------------------------------------------------------------------------------------

Lennard Jones        
 Intermolecular                          0.1679338854E-014   0.1451758287E-014
 Tailcorrection                          0.0000000000E+000   0.0000000000E+000

Electrostatic        
 Real                                    0.4778351952E-014   0.0000000000E+000
 Exclusion                               0.0000000000E+000   0.0000000000E+000
 Selfterm                                0.0000000000E+000   0.0000000000E+000
 Fourier                                 0.1666699863E-015   0.3113440922E-015

Intramolecular       
 Lennard Jones                           0.0000000000E+000   0.0000000000E+000
 Electrostatic                           0.0000000000E+000   0.0000000000E+000
 Bending                                 0.0000000000E+000   0.0000000000E+000
 Torsion                                 0.0000000000E+000   0.0000000000E+000

Total                                    0.9216942836E-015   0.3854936117E-014

#########################################################################################################################
############################################   TRIAL MOVE ACCEPTANCE RATES   ############################################
#########################################################################################################################
                                               Box 1               Box 2
-------------------------------------------------------------------------------------------------------------------------
Translation
 CO2                                          0.47906             0.48564
 AR                                           0.48712             0.47764
-------------------------------------------------------------------------------------------------------------------------
Rotation
 CO2                                          0.48202             0.61189
 AR                                           0.00000             0.00000
-------------------------------------------------------------------------------------------------------------------------
Lambda Move
 cd                                           0.76044             0.91281
 Ar                                           0.83778             0.94558
-------------------------------------------------------------------------------------------------------------------------
GE Swap Fractional
 cd                                           0.38686             0.35996
 Ar                                           0.47584             0.44716
-------------------------------------------------------------------------------------------------------------------------
GE Identity Change
 cd                                           0.81899             0.76725
 Ar                                           0.93545             0.87821
-------------------------------------------------------------------------------------------------------------------------
Volume                                        0.45325             0.48506

#########################################################################################################################
######################################################   AVERAGES   #####################################################
#########################################################################################################################
                                                       Boltzmann                                    Biased
                                               Box 1               Box 2                  Box 1               Box 2      
-------------------------------------------------------------------------------------------------------------------------
Density
 CO2                                     0.8136291720E+003   0.1007976633E+003      0.8109719790E+003   0.1006407054E+003
 AR                                      0.1500812692E+003   0.1610172707E+003      0.1508258937E+003   0.1611867174E+003
 Total                                   0.9637104412E+003   0.2618149340E+003      0.9617978726E+003   0.2618274228E+003

Number of molecules
 CO2                                     0.3861130264E+003   0.1938869736E+003      0.3871004500E+003   0.1928995500E+003
 AR                                      0.7915445033E+002   0.3408455497E+003      0.8004375000E+002   0.3399562500E+003
 Total                                   0.4652674768E+003   0.5347325232E+003      0.4671442000E+003   0.5328558000E+003

Mole fractions
 CO2                                          0.82987             0.36259                 0.82865             0.36201
 AR                                           0.17013             0.63741                 0.17135             0.63799

Volume                                   0.3478563419E+005   0.1409118281E+006      0.3499283116E+005   0.1404000727E+006

#########################################################################################################################
#######################################   PROPERTIES FROM THE CFC GIBBS ENSEMBLE   ######################################
#########################################################################################################################
                                                       Boltzmann                                    Biased
                                               Box 1               Box 2                  Box 1               Box 2      
Chemical Potentials (as an indication)
=========================================================================================================================

Total cd                                -0.1937738390E+004  -0.1935996769E+004     -0.1938566003E+004  -0.1936391037E+004
 Ideal gas                              -0.1137945862E+004  -0.1666308412E+004     -0.1138773475E+004  -0.1666702680E+004
 Excess                                 -0.7997925273E+003  -0.2696883565E+003     -0.7997925273E+003  -0.2696883565E+003

-------------------------------------------------------------------------------------------------------------------------

Total Ar                                -0.1617549879E+004  -0.1613969261E+004     -0.1616297729E+004  -0.1613703156E+004
 Ideal gas                              -0.1541098702E+004  -0.1523304026E+004     -0.1539846553E+004  -0.1523037921E+004
 Excess                                 -0.7645117681E+002  -0.9066523498E+002     -0.7645117681E+002  -0.9066523498E+002

-------------------------------------------------------------------------------------------------------------------------

#########################################################################################################################
#########################################   PROPERTIES FROM UMBRELLA SAMPLING   #########################################
#########################################################################################################################

Excess Partial Molar Enthalpy
=========================================================================================================================


Partial Molar Volume
=========================================================================================================================


#########################################################################################################################
##################################################   AVERAGE ENERGIES   #################################################
#########################################################################################################################
                                                       Boltzmann                                    Biased
                                               Box 1               Box 2                  Box 1               Box 2      
-------------------------------------------------------------------------------------------------------------------------
Lennard Jones        
 Intermolecular                         -0.4181504248E+006  -0.9976772033E+005     -0.4187682522E+006  -0.9926407092E+005
 Tailcorrection                         -0.1035125592E+005  -0.2379022782E+004     -0.1036783447E+005  -0.2366959354E+004
Total Intermolecular                    -0.4285016807E+006  -0.1021467431E+006     -0.4291360866E+006  -0.1016310303E+006

Electrostatic        
 Real                                   -0.1073016526E+006  -0.1030244706E+005     -0.1072186855E+006  -0.1023367809E+005
 Exclusion                               0.7072371602E+007   0.2633422654E+007      0.7088563345E+007   0.2619455587E+007
 Selfterm                               -0.7095087760E+007  -0.2636078286E+007     -0.7111331331E+007  -0.2622097095E+007
 Fourier                                 0.1208636008E+005   0.2566934662E+004      0.1214948197E+005   0.2554225585E+004
Total Intermolecular                    -0.1179314502E+006  -0.1039114387E+005     -0.1178371901E+006  -0.1032096052E+005

Intramolecular       
 Lennard Jones                           0.0000000000E+000   0.0000000000E+000      0.0000000000E+000   0.0000000000E+000
 Electrostatic                           0.0000000000E+000   0.0000000000E+000      0.0000000000E+000   0.0000000000E+000
 Bending                                 0.0000000000E+000   0.0000000000E+000      0.0000000000E+000   0.0000000000E+000
 Torsion                                 0.0000000000E+000   0.0000000000E+000      0.0000000000E+000   0.0000000000E+000

Total                                   -0.5464331309E+006  -0.1125378870E+006     -0.5469732768E+006  -0.1119519908E+006

#########################################################################################################################

No errors found in bookkeeping.

Total simulation time:  14 hours and  48 minutes

Simulation finished.

