 0.0000000   0.1461319297E+000   0.9289995389E+000   0.6323617407E+000   0.1052585671E+001
 0.0101010   0.1475380332E+000   0.9021773366E+000   0.6340267252E+000   0.1023086967E+001
 0.0202020   0.1415691254E+000   0.8805190097E+000   0.6281570808E+000   0.1024987973E+001
 0.0303030   0.1384008565E+000   0.9266119406E+000   0.6285909429E+000   0.1051565260E+001
 0.0404040   0.1343276537E+000   0.8977453887E+000   0.6331420058E+000   0.1015882768E+001
 0.0505051   0.1254168070E+000   0.9040971743E+000   0.6316869158E+000   0.1039320330E+001
 0.0606061   0.1164525472E+000   0.9023927084E+000   0.6262626911E+000   0.1019834407E+001
 0.0707071   0.1081883463E+000   0.9142549834E+000   0.6309837675E+000   0.1043244987E+001
 0.0808081   0.9819359164E-001   0.8966348778E+000   0.6323319056E+000   0.1021941458E+001
 0.0909091   0.9146625310E-001   0.9094612782E+000   0.6325280319E+000   0.1035255857E+001
 0.1010101   0.8386640251E-001   0.9416795538E+000   0.6296672994E+000   0.1003669726E+001
 0.1111111   0.7799659098E-001   0.9000926048E+000   0.6365049429E+000   0.1016248252E+001
 0.1212121   0.7243561208E-001   0.9242327552E+000   0.6377345960E+000   0.1019299673E+001
 0.1313131   0.6849338268E-001   0.9503600470E+000   0.6405815857E+000   0.1030659102E+001
 0.1414141   0.6705934922E-001   0.9765815639E+000   0.6391988883E+000   0.1021396912E+001
 0.1515152   0.6424820195E-001   0.9654377557E+000   0.6509770653E+000   0.1024647018E+001
 0.1616162   0.6471588989E-001   0.9636912250E+000   0.6626059434E+000   0.1001839855E+001
 0.1717172   0.6395978031E-001   0.9898286123E+000   0.6679025927E+000   0.1017222058E+001
 0.1818182   0.6494346095E-001   0.9998938789E+000   0.6606833636E+000   0.1019574399E+001
 0.1919192   0.6698505455E-001   0.1010453828E+001   0.6816198383E+000   0.1033050690E+001
 0.2020202   0.6803563667E-001   0.1000497930E+001   0.6809601618E+000   0.1005126755E+001
 0.2121212   0.7214843622E-001   0.9920058866E+000   0.6909151007E+000   0.1021259549E+001
 0.2222222   0.7463673750E-001   0.1015563860E+001   0.7126957174E+000   0.1033671277E+001
 0.2323232   0.7991111788E-001   0.1015082639E+001   0.7050588015E+000   0.1012490393E+001
 0.2424242   0.8439200891E-001   0.1030424514E+001   0.7210686547E+000   0.1022137691E+001
 0.2525253   0.9037335459E-001   0.1055331927E+001   0.7387554365E+000   0.1023231689E+001
 0.2626263   0.9636542855E-001   0.1040806108E+001   0.7489648529E+000   0.1024117189E+001
 0.2727273   0.1040268385E+000   0.1047114147E+001   0.7498412765E+000   0.1026668217E+001
 0.2828283   0.1118309005E+000   0.1032738079E+001   0.7640532556E+000   0.1024735323E+001
 0.2929293   0.1224096183E+000   0.1030557439E+001   0.7855166496E+000   0.1018487759E+001
 0.3030303   0.1334363152E+000   0.1028467660E+001   0.7866060094E+000   0.1004928069E+001
 0.3131313   0.1448157142E+000   0.1044990715E+001   0.8038849747E+000   0.1013317024E+001
 0.3232323   0.1606725527E+000   0.1063463895E+001   0.8232958932E+000   0.1022731295E+001
 0.3333333   0.1738505526E+000   0.1050561778E+001   0.8396488993E+000   0.1023133572E+001
 0.3434343   0.1914307204E+000   0.1027991486E+001   0.8697849095E+000   0.1044481254E+001
 0.3535354   0.2137935442E+000   0.1045256565E+001   0.8685843428E+000   0.1040966233E+001
 0.3636364   0.2337637366E+000   0.1037425781E+001   0.8916141050E+000   0.1023761517E+001
 0.3737374   0.2605156185E+000   0.1049202243E+001   0.9008876877E+000   0.1004648437E+001
 0.3838384   0.2864176155E+000   0.1034318033E+001   0.9140738253E+000   0.1018588329E+001
 0.3939394   0.3190205852E+000   0.1048132115E+001   0.9334364601E+000   0.1013437216E+001
 0.4040404   0.3510589071E+000   0.1036093168E+001   0.9594415005E+000   0.1014842734E+001
 0.4141414   0.3971463227E+000   0.1087486264E+001   0.9604489989E+000   0.9743574435E+000
 0.4242424   0.4387256530E+000   0.1084923676E+001   0.9861290704E+000   0.9961564607E+000
 0.4343434   0.4859356726E+000   0.1021400772E+001   0.1013956336E+001   0.1022667519E+001
 0.4444444   0.5447616490E+000   0.1000718349E+001   0.1032979019E+001   0.1033884680E+001
 0.4545455   0.6101705884E+000   0.1035051643E+001   0.1043436050E+001   0.9855721511E+000
 0.4646465   0.6771882670E+000   0.1061480119E+001   0.1081033710E+001   0.9891681182E+000
 0.4747475   0.7629826566E+000   0.1070365888E+001   0.1090797728E+001   0.1000816991E+001
 0.4848485   0.8536922255E+000   0.1036693853E+001   0.1118336854E+001   0.9972381943E+000
 0.4949495   0.9590232211E+000   0.9900591275E+000   0.1150162934E+001   0.1012772478E+001
 0.5050505   0.1014520195E+001   0.1036098215E+001   0.1177905641E+001   0.1025868568E+001
 0.5151515   0.1022548269E+001   0.1033296699E+001   0.1163052046E+001   0.1000856238E+001
 0.5252525   0.1031469406E+001   0.1024762592E+001   0.1157427472E+001   0.9697655947E+000
 0.5353535   0.1017501522E+001   0.1029251748E+001   0.1163251134E+001   0.9819835428E+000
 0.5454545   0.1023759529E+001   0.1015905426E+001   0.1168297449E+001   0.9755569168E+000
 0.5555556   0.1037984096E+001   0.1023690780E+001   0.1166588612E+001   0.9888001816E+000
 0.5656566   0.1034789917E+001   0.1027315084E+001   0.1163073456E+001   0.9844438122E+000
 0.5757576   0.1047204860E+001   0.1022804054E+001   0.1164752040E+001   0.9818412740E+000
 0.5858586   0.1059099040E+001   0.1036158789E+001   0.1150921917E+001   0.9730770241E+000
 0.5959596   0.1080665051E+001   0.9995506301E+000   0.1170373477E+001   0.9679111942E+000
 0.6060606   0.1094119228E+001   0.1042609847E+001   0.1161798530E+001   0.9654754539E+000
 0.6161616   0.1106861825E+001   0.1030042566E+001   0.1156159012E+001   0.9989282497E+000
 0.6262626   0.1114510767E+001   0.1007191281E+001   0.1175008483E+001   0.1009012166E+001
 0.6363636   0.1132005808E+001   0.1005863716E+001   0.1159951172E+001   0.9869138932E+000
 0.6464646   0.1160003523E+001   0.1038255299E+001   0.1172710471E+001   0.9954279462E+000
 0.6565657   0.1168445896E+001   0.1028391943E+001   0.1174287828E+001   0.1010611463E+001
 0.6666667   0.1184466993E+001   0.1027809766E+001   0.1174118052E+001   0.9921557634E+000
 0.6767677   0.1204544438E+001   0.1016349631E+001   0.1169726359E+001   0.9588231602E+000
 0.6868687   0.1241212002E+001   0.1020084985E+001   0.1183503367E+001   0.9650903470E+000
 0.6969697   0.1269528420E+001   0.1008451543E+001   0.1185685342E+001   0.9715488608E+000
 0.7070707   0.1288900072E+001   0.1006644439E+001   0.1177231350E+001   0.9850349637E+000
 0.7171717   0.1317006220E+001   0.9936565096E+000   0.1173892066E+001   0.9911598816E+000
 0.7272727   0.1373874492E+001   0.1013236835E+001   0.1194988596E+001   0.9835264236E+000
 0.7373737   0.1398369417E+001   0.1022857897E+001   0.1201528188E+001   0.1002570822E+001
 0.7474747   0.1435591087E+001   0.1002419450E+001   0.1192800760E+001   0.9710288437E+000
 0.7575758   0.1472180477E+001   0.9923659614E+000   0.1197651392E+001   0.9806712356E+000
 0.7676768   0.1516781002E+001   0.1003634281E+001   0.1186926892E+001   0.9745389589E+000
 0.7777778   0.1565827404E+001   0.9941663350E+000   0.1193962807E+001   0.9694982274E+000
 0.7878788   0.1600190705E+001   0.9791458344E+000   0.1205224544E+001   0.9638761562E+000
 0.7979798   0.1639116410E+001   0.9807476622E+000   0.1208282619E+001   0.9848877890E+000
 0.8080808   0.1721030857E+001   0.9876126384E+000   0.1220072352E+001   0.9833375495E+000
 0.8181818   0.1791908798E+001   0.9987985114E+000   0.1243370145E+001   0.9940371458E+000
 0.8282828   0.1853051199E+001   0.1012005178E+001   0.1226877556E+001   0.9875074976E+000
 0.8383838   0.1926676064E+001   0.1011194168E+001   0.1235702699E+001   0.9883414873E+000
 0.8484848   0.1993529012E+001   0.9929599164E+000   0.1248694935E+001   0.9739968656E+000
 0.8585859   0.2060737349E+001   0.9978781334E+000   0.1241223406E+001   0.9883979042E+000
 0.8686869   0.2135462522E+001   0.9975668539E+000   0.1246467611E+001   0.9840685169E+000
 0.8787879   0.2245687431E+001   0.9943985328E+000   0.1259901587E+001   0.9819467491E+000
 0.8888889   0.2301390733E+001   0.9759236703E+000   0.1248343031E+001   0.9768177129E+000
 0.8989899   0.2443139915E+001   0.9822148826E+000   0.1267222108E+001   0.9777915184E+000
 0.9090909   0.2503197606E+001   0.9633866758E+000   0.1258636070E+001   0.9441523014E+000
 0.9191919   0.2674599410E+001   0.9938903899E+000   0.1283318281E+001   0.9652620507E+000
 0.9292929   0.2820084601E+001   0.9936851137E+000   0.1297528409E+001   0.9813261627E+000
 0.9393939   0.2947412009E+001   0.9795059092E+000   0.1304093999E+001   0.9651982750E+000
 0.9494949   0.3046303321E+001   0.9532944878E+000   0.1298975542E+001   0.9460484014E+000
 0.9595960   0.3210006777E+001   0.9815048287E+000   0.1312349927E+001   0.9746640573E+000
 0.9696970   0.3399003850E+001   0.9842474540E+000   0.1313303202E+001   0.9685734801E+000
 0.9797980   0.3564979543E+001   0.9812137402E+000   0.1327130833E+001   0.9794766681E+000
 0.9898990   0.3774810182E+001   0.9804851778E+000   0.1347799153E+001   0.9819124084E+000
 1.0000000   0.3888989687E+001   0.9761222162E+000   0.1343990941E+001   0.9815493776E+000


 0.0000000   0.1053555369E+001   0.9269617468E+000   0.8499682553E+000   0.1016323350E+001
 0.0101010   0.1054676284E+001   0.9450034325E+000   0.8552195195E+000   0.1049334761E+001
 0.0202020   0.1049889107E+001   0.9774716650E+000   0.8437296660E+000   0.1032258894E+001
 0.0303030   0.1010555246E+001   0.9204932668E+000   0.8348211196E+000   0.1005156873E+001
 0.0404040   0.9778934448E+000   0.9184119263E+000   0.8352543179E+000   0.1007275653E+001
 0.0505051   0.9416663828E+000   0.9264465130E+000   0.8327603490E+000   0.1000010920E+001
 0.0606061   0.9035363024E+000   0.9549204081E+000   0.8392680175E+000   0.1038726366E+001
 0.0707071   0.8527513081E+000   0.9949386015E+000   0.8467701205E+000   0.1077142236E+001
 0.0808081   0.7754512540E+000   0.9374432690E+000   0.8308608892E+000   0.1007840983E+001
 0.0909091   0.7317115158E+000   0.9539256498E+000   0.8288695917E+000   0.1026733638E+001
 0.1010101   0.6740475587E+000   0.9652590932E+000   0.8336209257E+000   0.1038231099E+001
 0.1111111   0.6141061877E+000   0.9527863539E+000   0.8157737381E+000   0.1014714334E+001
 0.1212121   0.5729031647E+000   0.9672775174E+000   0.8349439822E+000   0.1029949255E+001
 0.1313131   0.5282744622E+000   0.9816734563E+000   0.8339370499E+000   0.1035460015E+001
 0.1414141   0.4911397751E+000   0.1006464195E+001   0.8359478161E+000   0.1037779318E+001
 0.1515152   0.4564541769E+000   0.9988530181E+000   0.8364993934E+000   0.1041917824E+001
 0.1616162   0.4295774985E+000   0.9952089717E+000   0.8366382687E+000   0.1043669381E+001
 0.1717172   0.4103716088E+000   0.9898423779E+000   0.8286264744E+000   0.1022880213E+001
 0.1818182   0.3957533325E+000   0.9801583628E+000   0.8369575371E+000   0.1006229551E+001
 0.1919192   0.3931905312E+000   0.9903304047E+000   0.8400245205E+000   0.1024419167E+001
 0.2020202   0.3890227483E+000   0.9811735265E+000   0.8397561965E+000   0.1007034059E+001
 0.2121212   0.3833289247E+000   0.1006062891E+001   0.8472559612E+000   0.1035182182E+001
 0.2222222   0.3835208377E+000   0.9947668569E+000   0.8479445024E+000   0.1013458045E+001
 0.2323232   0.3858511911E+000   0.9842853346E+000   0.8665876140E+000   0.1035032393E+001
 0.2424242   0.3973690622E+000   0.1014781055E+001   0.8719981292E+000   0.1017318718E+001
 0.2525253   0.4059968706E+000   0.1006486301E+001   0.8696519165E+000   0.1027970599E+001
 0.2626263   0.4096095453E+000   0.1006482900E+001   0.8857801568E+000   0.1026608009E+001
 0.2727273   0.4263503490E+000   0.1002699417E+001   0.8851483862E+000   0.1028709877E+001
 0.2828283   0.4351379094E+000   0.9983428856E+000   0.8869150095E+000   0.1036390152E+001
 0.2929293   0.4572185233E+000   0.9921821856E+000   0.9057473679E+000   0.1032768657E+001
 0.3030303   0.4695803467E+000   0.1014539592E+001   0.9109741335E+000   0.1008295180E+001
 0.3131313   0.4869320142E+000   0.9925205735E+000   0.9244884903E+000   0.1022703849E+001
 0.3232323   0.5128382967E+000   0.1000920755E+001   0.9231341680E+000   0.1005888903E+001
 0.3333333   0.5353080049E+000   0.1008683271E+001   0.9158567453E+000   0.9968146308E+000
 0.3434343   0.5590149548E+000   0.1018556035E+001   0.9497378554E+000   0.1012337048E+001
 0.3535354   0.5858980641E+000   0.9823587343E+000   0.9487113269E+000   0.1041968559E+001
 0.3636364   0.6064843343E+000   0.1014469874E+001   0.9516122908E+000   0.1009887285E+001
 0.3737374   0.6414816378E+000   0.9995450979E+000   0.9670942342E+000   0.1009000635E+001
 0.3838384   0.6847315303E+000   0.1044844863E+001   0.9724138170E+000   0.9977979186E+000
 0.3939394   0.7215999799E+000   0.1015151751E+001   0.9937553118E+000   0.1021814783E+001
 0.4040404   0.7609745459E+000   0.1017488158E+001   0.9998077007E+000   0.1023380312E+001
 0.4141414   0.8122169465E+000   0.1024499079E+001   0.1012606580E+001   0.1013880834E+001
 0.4242424   0.8409427903E+000   0.1000439530E+001   0.1008542555E+001   0.9834617277E+000
 0.4343434   0.8946038688E+000   0.9935918517E+000   0.1025770077E+001   0.1017949278E+001
 0.4444444   0.9481520258E+000   0.1007912971E+001   0.1036866127E+001   0.9862376433E+000
 0.4545455   0.1001088507E+001   0.9990026570E+000   0.1053078064E+001   0.1013366239E+001
 0.4646465   0.1066518921E+001   0.9959163554E+000   0.1043021120E+001   0.9761390121E+000
 0.4747475   0.1126725720E+001   0.9680920290E+000   0.1065304788E+001   0.9749213780E+000
 0.4848485   0.1202409204E+001   0.1025230269E+001   0.1089313983E+001   0.1008817023E+001
 0.4949495   0.1274748250E+001   0.1022030038E+001   0.1082259163E+001   0.9866000344E+000
 0.5050505   0.1321044233E+001   0.1035269676E+001   0.1099704504E+001   0.9895184905E+000
 0.5151515   0.1316429837E+001   0.1023300267E+001   0.1097618368E+001   0.9798837198E+000
 0.5252525   0.1318574881E+001   0.9973209202E+000   0.1110760076E+001   0.9960560255E+000
 0.5353535   0.1330139597E+001   0.1030857030E+001   0.1094481164E+001   0.9903882291E+000
 0.5454545   0.1318200717E+001   0.1015859135E+001   0.1096580885E+001   0.9754504690E+000
 0.5555556   0.1312562404E+001   0.1007644301E+001   0.1092472590E+001   0.9729354750E+000
 0.5656566   0.1314255081E+001   0.1000310297E+001   0.1090585265E+001   0.9843362981E+000
 0.5757576   0.1332850442E+001   0.1027374526E+001   0.1100770441E+001   0.9802775181E+000
 0.5858586   0.1313736704E+001   0.1003682272E+001   0.1097801292E+001   0.1003018766E+001
 0.5959596   0.1310509845E+001   0.1014281125E+001   0.1102435326E+001   0.9793183897E+000
 0.6060606   0.1313473146E+001   0.1013427503E+001   0.1095544192E+001   0.9828432469E+000
 0.6161616   0.1311230618E+001   0.1004093779E+001   0.1100192935E+001   0.9808162728E+000
 0.6262626   0.1328335361E+001   0.1011199925E+001   0.1093475697E+001   0.9828094238E+000
 0.6363636   0.1315855870E+001   0.1001039786E+001   0.1104023070E+001   0.1001317944E+001
 0.6464646   0.1323118804E+001   0.1008656064E+001   0.1083650395E+001   0.1000684967E+001
 0.6565657   0.1331350024E+001   0.1023490717E+001   0.1090845449E+001   0.9629383132E+000
 0.6666667   0.1321997008E+001   0.1019356943E+001   0.1085693988E+001   0.9811424248E+000
 0.6767677   0.1315466411E+001   0.1023975343E+001   0.1106245207E+001   0.9691931831E+000
 0.6868687   0.1328219992E+001   0.1010371810E+001   0.1093363490E+001   0.9860250405E+000
 0.6969697   0.1322236795E+001   0.1009683131E+001   0.1087756738E+001   0.9785766960E+000
 0.7070707   0.1309782123E+001   0.9894376728E+000   0.1088413443E+001   0.9655885999E+000
 0.7171717   0.1306153994E+001   0.1001794782E+001   0.1092575907E+001   0.9827441934E+000
 0.7272727   0.1305852426E+001   0.9956391834E+000   0.1082415511E+001   0.9799006314E+000
 0.7373737   0.1324340462E+001   0.1011017978E+001   0.1101230767E+001   0.9800890748E+000
 0.7474747   0.1331380059E+001   0.1022914267E+001   0.1094627362E+001   0.9910042939E+000
 0.7575758   0.1331927310E+001   0.1006928415E+001   0.1096719800E+001   0.9674150509E+000
 0.7676768   0.1315284745E+001   0.1021312451E+001   0.1096832210E+001   0.9805215281E+000
 0.7777778   0.1310152167E+001   0.1013459812E+001   0.1094594862E+001   0.9923306452E+000
 0.7878788   0.1317347024E+001   0.1012527970E+001   0.1096031851E+001   0.9782046412E+000
 0.7979798   0.1318755422E+001   0.1022932972E+001   0.1088670879E+001   0.9764385887E+000
 0.8080808   0.1313900601E+001   0.1005278987E+001   0.1085617857E+001   0.9729161474E+000
 0.8181818   0.1320839343E+001   0.1021477394E+001   0.1091620126E+001   0.9819324374E+000
 0.8282828   0.1315660808E+001   0.1020557455E+001   0.1092613087E+001   0.9842903953E+000
 0.8383838   0.1303125206E+001   0.1001939320E+001   0.1084748162E+001   0.9646657107E+000
 0.8484848   0.1318530114E+001   0.1025208163E+001   0.1082930551E+001   0.9716695221E+000
 0.8585859   0.1311856278E+001   0.1003102422E+001   0.1085724390E+001   0.9797097721E+000
 0.8686869   0.1324620643E+001   0.1027432341E+001   0.1106645604E+001   0.1003255528E+001
 0.8787879   0.1312990576E+001   0.9870060413E+000   0.1092519146E+001   0.9659002563E+000
 0.8888889   0.1313562793E+001   0.9990757760E+000   0.1088638714E+001   0.9753852386E+000
 0.8989899   0.1319851931E+001   0.1013735283E+001   0.1090954323E+001   0.9802799341E+000
 0.9090909   0.1312472690E+001   0.1027272499E+001   0.1092280211E+001   0.9931375694E+000
 0.9191919   0.1311296583E+001   0.1009453571E+001   0.1083370749E+001   0.9832587887E+000
 0.9292929   0.1311878331E+001   0.9975266736E+000   0.1096666887E+001   0.9805891744E+000
 0.9393939   0.1320350518E+001   0.1008759791E+001   0.1100970677E+001   0.9867474068E+000
 0.9494949   0.1324042038E+001   0.1031909603E+001   0.1099164716E+001   0.9902650161E+000
 0.9595960   0.1312778183E+001   0.1000895249E+001   0.1093740961E+001   0.9768275551E+000
 0.9696970   0.1312514861E+001   0.9994736793E+000   0.1084231940E+001   0.9692100947E+000
 0.9797980   0.1307503503E+001   0.1005772115E+001   0.1093565032E+001   0.9863753519E+000
 0.9898990   0.1321687627E+001   0.1014922192E+001   0.1092860235E+001   0.9802678544E+000
 1.0000000   0.1316813459E+001   0.1003114325E+001   0.1093397644E+001   0.9737593107E+000


