Compiled using GNU Fortran (Ubuntu 9.4.0-1ubuntu1~20.04.2) 9.4.0 with all optimizations
Last Brick update unknown
Compiled at 18:43:37 on Sep  2 2023
Starting at 16:56:20 on Sep 11 2023

Settings
OK                      

Forcefield
OK                      

Topology
OK                      

Configuration
OK                      Read from ./INPUT/restart.in

 F
Monte Carlo Simulation initialized.

#########################################################################################################################
###########################################   ENERGY STARTING CONFIGURATION   ###########################################
#########################################################################################################################
                                               Box 1               Box 2
-------------------------------------------------------------------------------------------------------------------------
Lennard Jones        
 Intermolecular                         -0.5342216184E+006  -0.4531737500E+005
 Tailcorrection                         -0.1332556022E+005  -0.9639329950E+003
Total Intermolecular                    -0.5475471786E+006  -0.4628130799E+005

Electrostatic        
 Real                                   -0.1601582854E+006  -0.1023273755E+005
 Exclusion                               0.9190594786E+007   0.3162511332E+007
 Selfterm                               -0.9220114054E+007  -0.3165700350E+007
 Fourier                                 0.1358439880E+005   0.2737663226E+004
Total Intermolecular                    -0.1760931545E+006  -0.1068409277E+005

Intramolecular       
 Lennard Jones                           0.0000000000E+000   0.0000000000E+000
 Electrostatic                           0.0000000000E+000   0.0000000000E+000
 Bending                                 0.0000000000E+000   0.0000000000E+000
 Torsion                                 0.0000000000E+000   0.0000000000E+000

Total                                   -0.7236403331E+006  -0.5696540076E+005

#########################################################################################################################

Simulation is running...



#########################################################################################################################
###############################################   RELATIVE ENERGY DRIFTS   ##############################################
#########################################################################################################################
                                               Box 1               Box 2                                                 
-------------------------------------------------------------------------------------------------------------------------

Lennard Jones        
 Intermolecular                          0.4652625961E-014   0.6931516101E-014
 Tailcorrection                          0.0000000000E+000   0.0000000000E+000

Electrostatic        
 Real                                    0.6323680049E-014   0.3129872246E-014
 Exclusion                               0.1115566300E-015   0.0000000000E+000
 Selfterm                                0.0000000000E+000   0.0000000000E+000
 Fourier                                 0.4135757712E-015   0.2712725224E-015

Intramolecular       
 Lennard Jones                           0.0000000000E+000   0.0000000000E+000
 Electrostatic                           0.0000000000E+000   0.0000000000E+000
 Bending                                 0.0000000000E+000   0.0000000000E+000
 Torsion                                 0.0000000000E+000   0.0000000000E+000

Total                                    0.3644977469E-014   0.2982657189E-014

#########################################################################################################################
############################################   TRIAL MOVE ACCEPTANCE RATES   ############################################
#########################################################################################################################
                                               Box 1               Box 2
-------------------------------------------------------------------------------------------------------------------------
Translation
 CO2                                          0.50650             0.50216
 AR                                           0.50373             0.64134
-------------------------------------------------------------------------------------------------------------------------
Rotation
 CO2                                          0.50105             0.74656
 AR                                           0.00000             0.00000
-------------------------------------------------------------------------------------------------------------------------
Lambda Move
 cd                                           0.74094             0.94557
 Ar                                           0.81944             0.96870
-------------------------------------------------------------------------------------------------------------------------
GE Swap Fractional
 cd                                           0.40669             0.33829
 Ar                                           0.50875             0.42009
-------------------------------------------------------------------------------------------------------------------------
GE Identity Change
 cd                                           0.85785             0.71844
 Ar                                           0.98717             0.73412
-------------------------------------------------------------------------------------------------------------------------
Volume                                        0.51809             0.50487

#########################################################################################################################
######################################################   AVERAGES   #####################################################
#########################################################################################################################
                                                       Boltzmann                                    Biased
                                               Box 1               Box 2                  Box 1               Box 2      
-------------------------------------------------------------------------------------------------------------------------
Density
 CO2                                     0.9706228404E+003   0.6225358672E+002      0.9693150745E+003   0.6231275143E+002
 AR                                      0.4532966016E+002   0.4826442672E+002      0.4547795436E+002   0.4831966874E+002
 Total                                   0.1015952501E+004   0.1105180134E+003      0.1014793029E+004   0.1106324202E+003

Number of molecules
 CO2                                     0.4520019965E+003   0.2829980035E+003      0.4521917900E+003   0.2828082100E+003
 AR                                      0.2333513520E+002   0.2416648648E+003      0.2345152000E+002   0.2415484800E+003
 Total                                   0.4753371317E+003   0.5246628683E+003      0.4756433100E+003   0.5243566900E+003

Mole fractions
 CO2                                          0.95091             0.53939                 0.95070             0.53934
 AR                                           0.04909             0.46061                 0.04930             0.46066

Volume                                   0.3405143969E+005   0.3332266580E+006      0.3411176886E+005   0.3326779471E+006

#########################################################################################################################
#######################################   PROPERTIES FROM THE CFC GIBBS ENSEMBLE   ######################################
#########################################################################################################################
                                                       Boltzmann                                    Biased
                                               Box 1               Box 2                  Box 1               Box 2      
Chemical Potentials (as an indication)
=========================================================================================================================

Total cd                                -0.1933551646E+004  -0.1932638577E+004     -0.1933892754E+004  -0.1932398245E+004
 Ideal gas                              -0.1093308245E+004  -0.1788228865E+004     -0.1093649354E+004  -0.1787988532E+004
 Excess                                 -0.8402434004E+003  -0.1444097121E+003     -0.8402434004E+003  -0.1444097121E+003

-------------------------------------------------------------------------------------------------------------------------

Total Ar                                -0.1880927836E+004  -0.1880330464E+004     -0.1880101508E+004  -0.1880041053E+004
 Ideal gas                              -0.1843994192E+004  -0.1828122688E+004     -0.1843167863E+004  -0.1827833278E+004
 Excess                                 -0.3693364471E+002  -0.5220777517E+002     -0.3693364471E+002  -0.5220777517E+002

-------------------------------------------------------------------------------------------------------------------------

#########################################################################################################################
#########################################   PROPERTIES FROM UMBRELLA SAMPLING   #########################################
#########################################################################################################################

Excess Partial Molar Enthalpy
=========================================================================================================================


Partial Molar Volume
=========================================================================================================================


#########################################################################################################################
##################################################   AVERAGE ENERGIES   #################################################
#########################################################################################################################
                                                       Boltzmann                                    Biased
                                               Box 1               Box 2                  Box 1               Box 2      
-------------------------------------------------------------------------------------------------------------------------
Lennard Jones        
 Intermolecular                         -0.4891524290E+006  -0.5367793423E+005     -0.4891554600E+006  -0.5363491989E+005
 Tailcorrection                         -0.1195705085E+005  -0.1116066051E+004     -0.1195936817E+005  -0.1114874898E+004
Total Intermolecular                    -0.5011094799E+006  -0.5479400028E+005     -0.5011148282E+006  -0.5474979479E+005

Electrostatic        
 Real                                   -0.1468074913E+006  -0.9446296287E+004     -0.1466632698E+006  -0.9449087119E+004
 Exclusion                               0.8277940744E+007   0.3843026039E+007      0.8280143589E+007   0.3839823392E+007
 Selfterm                               -0.8304528959E+007  -0.3846901424E+007     -0.8306738792E+007  -0.3843695501E+007
 Fourier                                 0.1224617793E+005   0.3257710667E+004      0.1226600675E+005   0.3256932280E+004
Total Intermolecular                    -0.1611495282E+006  -0.1006397112E+005     -0.1609924663E+006  -0.1006426377E+005

Intramolecular       
 Lennard Jones                           0.0000000000E+000   0.0000000000E+000      0.0000000000E+000   0.0000000000E+000
 Electrostatic                           0.0000000000E+000   0.0000000000E+000      0.0000000000E+000   0.0000000000E+000
 Bending                                 0.0000000000E+000   0.0000000000E+000      0.0000000000E+000   0.0000000000E+000
 Torsion                                 0.0000000000E+000   0.0000000000E+000      0.0000000000E+000   0.0000000000E+000

Total                                   -0.6622590081E+006  -0.6485797141E+005     -0.6621072945E+006  -0.6481405856E+005

#########################################################################################################################

No errors found in bookkeeping.

Total simulation time:  17 hours and  32 minutes

Simulation finished.

