 0.0000000   0.1465307647E+000   0.9888240088E+000   0.6635434125E+000   0.1003714726E+001
 0.0101010   0.1488755903E+000   0.1006709869E+001   0.6789631271E+000   0.1024635187E+001
 0.0202020   0.1456960163E+000   0.9914587640E+000   0.6727536163E+000   0.1014892572E+001
 0.0303030   0.1398862574E+000   0.9947859622E+000   0.6748399764E+000   0.1022174199E+001
 0.0404040   0.1338847546E+000   0.1003614128E+001   0.6663025405E+000   0.1006781654E+001
 0.0505051   0.1265179182E+000   0.9902243253E+000   0.6782899482E+000   0.1012262004E+001
 0.0606061   0.1160498129E+000   0.9862316875E+000   0.6697198465E+000   0.1011426509E+001
 0.0707071   0.1066467056E+000   0.9888105072E+000   0.6608192432E+000   0.9954052746E+000
 0.0808081   0.9868657553E-001   0.9890670390E+000   0.6717044174E+000   0.1010789548E+001
 0.0909091   0.8932971786E-001   0.9751313829E+000   0.6595537013E+000   0.9923838439E+000
 0.1010101   0.8315790772E-001   0.1013173313E+001   0.6657792772E+000   0.1007883928E+001
 0.1111111   0.7493559467E-001   0.9830221468E+000   0.6677369558E+000   0.1005383648E+001
 0.1212121   0.7135231356E-001   0.1019389869E+001   0.6851442816E+000   0.1025741597E+001
 0.1313131   0.6628389861E-001   0.1011776854E+001   0.6838555590E+000   0.1026490233E+001
 0.1414141   0.6407285938E-001   0.9988518948E+000   0.6806132180E+000   0.1006152965E+001
 0.1515152   0.6085800889E-001   0.9785878113E+000   0.6787928720E+000   0.1002653813E+001
 0.1616162   0.6001747100E-001   0.9967282744E+000   0.6948898959E+000   0.1016778640E+001
 0.1717172   0.6052387089E-001   0.1014085640E+001   0.7018713877E+000   0.9990243736E+000
 0.1818182   0.6055639415E-001   0.9872867468E+000   0.7089704076E+000   0.1021497945E+001
 0.1919192   0.6276754324E-001   0.1019521029E+001   0.7135944117E+000   0.1014917389E+001
 0.2020202   0.6535653957E-001   0.1021478771E+001   0.7112795707E+000   0.1012588757E+001
 0.2121212   0.6614942707E-001   0.9933663577E+000   0.7286974165E+000   0.1006843696E+001
 0.2222222   0.7038727755E-001   0.1015024971E+001   0.7356389738E+000   0.1010274602E+001
 0.2323232   0.7528668414E-001   0.1009593441E+001   0.7474195022E+000   0.1006820947E+001
 0.2424242   0.8002434781E-001   0.1013933264E+001   0.7492967251E+000   0.9965923391E+000
 0.2525253   0.8503562972E-001   0.1022931166E+001   0.7687427520E+000   0.1016110657E+001
 0.2626263   0.9131748835E-001   0.1014928531E+001   0.7726260269E+000   0.1000000496E+001
 0.2727273   0.9815734129E-001   0.1025401972E+001   0.7869433143E+000   0.1007451704E+001
 0.2828283   0.1057480972E+000   0.1012195406E+001   0.7935006319E+000   0.1008876595E+001
 0.2929293   0.1150711139E+000   0.1030918370E+001   0.8056411238E+000   0.1008161048E+001
 0.3030303   0.1241211551E+000   0.9972992023E+000   0.8127554076E+000   0.1006638958E+001
 0.3131313   0.1387734144E+000   0.1015418449E+001   0.8348250692E+000   0.1010909495E+001
 0.3232323   0.1492481345E+000   0.1001693033E+001   0.8472196527E+000   0.1023466735E+001
 0.3333333   0.1655484001E+000   0.1000022683E+001   0.8516571111E+000   0.9922680327E+000
 0.3434343   0.1822362089E+000   0.1003907307E+001   0.8624754838E+000   0.9944270838E+000
 0.3535354   0.1985095462E+000   0.1002204168E+001   0.8922430779E+000   0.1015374429E+001
 0.3636364   0.2189841490E+000   0.1002001642E+001   0.8964681899E+000   0.9890604769E+000
 0.3737374   0.2462535125E+000   0.1004871712E+001   0.9122626627E+000   0.1019917949E+001
 0.3838384   0.2718488665E+000   0.1011352516E+001   0.9298947005E+000   0.1005040350E+001
 0.3939394   0.2988874576E+000   0.1003135783E+001   0.9345047833E+000   0.9973058186E+000
 0.4040404   0.3390466480E+000   0.1030260646E+001   0.9562581976E+000   0.1001197901E+001
 0.4141414   0.3729489577E+000   0.1005207326E+001   0.9811210319E+000   0.1011105960E+001
 0.4242424   0.4160083338E+000   0.1001739324E+001   0.9921009862E+000   0.1000591961E+001
 0.4343434   0.4685847160E+000   0.1014035491E+001   0.9974859373E+000   0.9890728853E+000
 0.4444444   0.5227171791E+000   0.1004227490E+001   0.1028143172E+001   0.1010032639E+001
 0.4545455   0.5841274818E+000   0.9914086150E+000   0.1037665984E+001   0.9728965465E+000
 0.4646465   0.6500660581E+000   0.9762018727E+000   0.1065452324E+001   0.1010107089E+001
 0.4747475   0.7210576419E+000   0.9817780640E+000   0.1090078571E+001   0.1007273851E+001
 0.4848485   0.8235001818E+000   0.9778625786E+000   0.1101419525E+001   0.1002194704E+001
 0.4949495   0.9236473528E+000   0.9913681099E+000   0.1121812367E+001   0.9963503764E+000
 0.5050505   0.9761447559E+000   0.9819805891E+000   0.1132699958E+001   0.9770223195E+000
 0.5151515   0.9823036875E+000   0.9911482255E+000   0.1128156596E+001   0.9843577162E+000
 0.5252525   0.9846098080E+000   0.1009736173E+001   0.1131204121E+001   0.9848023484E+000
 0.5353535   0.9974822573E+000   0.1009662878E+001   0.1129236978E+001   0.1000767745E+001
 0.5454545   0.9937533821E+000   0.9792821831E+000   0.1138217927E+001   0.9994607336E+000
 0.5555556   0.1002359153E+001   0.9849451709E+000   0.1142758853E+001   0.1001123451E+001
 0.5656566   0.1016521484E+001   0.9959393909E+000   0.1133651619E+001   0.9769602778E+000
 0.5757576   0.1031918459E+001   0.1003720213E+001   0.1134864876E+001   0.9948634437E+000
 0.5858586   0.1039419798E+001   0.1001411426E+001   0.1138026344E+001   0.9961745916E+000
 0.5959596   0.1048446141E+001   0.1006538205E+001   0.1137044167E+001   0.9788318690E+000
 0.6060606   0.1068862221E+001   0.1005627806E+001   0.1138236530E+001   0.9908762306E+000
 0.6161616   0.1070266687E+001   0.9932274833E+000   0.1159627211E+001   0.1025069478E+001
 0.6262626   0.1094656022E+001   0.9911424391E+000   0.1139495600E+001   0.9975581215E+000
 0.6363636   0.1115078332E+001   0.1000749844E+001   0.1145836079E+001   0.9804222045E+000
 0.6464646   0.1125158341E+001   0.9792301052E+000   0.1155826548E+001   0.9946607742E+000
 0.6565657   0.1136196210E+001   0.9876782954E+000   0.1158853840E+001   0.9924810425E+000
 0.6666667   0.1175918723E+001   0.9842970905E+000   0.1151913867E+001   0.9877183082E+000
 0.6767677   0.1184416520E+001   0.9949016908E+000   0.1147343560E+001   0.9815203426E+000
 0.6868687   0.1223585567E+001   0.9971545415E+000   0.1170585814E+001   0.1011354127E+001
 0.6969697   0.1253194704E+001   0.1008893282E+001   0.1151444001E+001   0.9878940930E+000
 0.7070707   0.1279142173E+001   0.1006812096E+001   0.1163259288E+001   0.9948200146E+000
 0.7171717   0.1319765461E+001   0.1003587125E+001   0.1183859863E+001   0.1011079076E+001
 0.7272727   0.1349970417E+001   0.1004711621E+001   0.1168504755E+001   0.9896912342E+000
 0.7373737   0.1379343207E+001   0.9840444163E+000   0.1177501445E+001   0.9929380830E+000
 0.7474747   0.1423221054E+001   0.1000753702E+001   0.1170788321E+001   0.9897387995E+000
 0.7575758   0.1466067530E+001   0.9969230843E+000   0.1190966577E+001   0.9954073426E+000
 0.7676768   0.1510729467E+001   0.1003471396E+001   0.1175452386E+001   0.9871289121E+000
 0.7777778   0.1548667056E+001   0.9913179609E+000   0.1182576802E+001   0.9837248909E+000
 0.7878788   0.1622605509E+001   0.1000443164E+001   0.1186800988E+001   0.9875280470E+000
 0.7979798   0.1666709621E+001   0.9911192934E+000   0.1193027145E+001   0.9865477882E+000
 0.8080808   0.1744132824E+001   0.1007288512E+001   0.1207306719E+001   0.1001309576E+001
 0.8181818   0.1788256461E+001   0.9941282378E+000   0.1200896009E+001   0.9924003883E+000
 0.8282828   0.1862468602E+001   0.9873677569E+000   0.1204666389E+001   0.9813031966E+000
 0.8383838   0.1915845384E+001   0.9992839484E+000   0.1206772622E+001   0.9920115937E+000
 0.8484848   0.1999579739E+001   0.9976309577E+000   0.1222354691E+001   0.9964413709E+000
 0.8585859   0.2074519185E+001   0.9897710548E+000   0.1218798686E+001   0.9928636330E+000
 0.8686869   0.2195107688E+001   0.1010310958E+001   0.1237908216E+001   0.1006045426E+001
 0.8787879   0.2256685454E+001   0.1002086510E+001   0.1221556623E+001   0.9895381980E+000
 0.8888889   0.2352139019E+001   0.9853444346E+000   0.1238274885E+001   0.9777895685E+000
 0.8989899   0.2481956785E+001   0.9953896799E+000   0.1243204980E+001   0.9914614906E+000
 0.9090909   0.2582011991E+001   0.1003118424E+001   0.1256661677E+001   0.1006115740E+001
 0.9191919   0.2723112059E+001   0.9953202427E+000   0.1253540827E+001   0.9859128948E+000
 0.9292929   0.2842569853E+001   0.9979125641E+000   0.1265780878E+001   0.9970721282E+000
 0.9393939   0.3030899825E+001   0.1011418095E+001   0.1282054687E+001   0.1003452083E+001
 0.9494949   0.3147373844E+001   0.9986725154E+000   0.1274180841E+001   0.9874287803E+000
 0.9595960   0.3280334975E+001   0.1001573446E+001   0.1281693717E+001   0.1000405835E+001
 0.9696970   0.3515581145E+001   0.1007332875E+001   0.1299154985E+001   0.9980213662E+000
 0.9797980   0.3694960404E+001   0.1005351986E+001   0.1301344533E+001   0.9990202375E+000
 0.9898990   0.3870753030E+001   0.9893254996E+000   0.1301174542E+001   0.9823475652E+000
 1.0000000   0.3969918668E+001   0.1017871896E+001   0.1301543064E+001   0.1006591393E+001


 0.0000000   0.1074297111E+001   0.9789252154E+000   0.8587900872E+000   0.9869383672E+000
 0.0101010   0.1068983025E+001   0.9831618439E+000   0.8607791937E+000   0.1005495551E+001
 0.0202020   0.1055165945E+001   0.9602256825E+000   0.8490137819E+000   0.9709980931E+000
 0.0303030   0.1040962256E+001   0.9784030817E+000   0.8631863806E+000   0.9993987930E+000
 0.0404040   0.9791780413E+000   0.9443274066E+000   0.8352562157E+000   0.9600568399E+000
 0.0505051   0.9488259820E+000   0.9588061935E+000   0.8515661995E+000   0.9858305954E+000
 0.0606061   0.9132242918E+000   0.9817900021E+000   0.8577658536E+000   0.9922564745E+000
 0.0707071   0.8598027639E+000   0.9877161202E+000   0.8519794663E+000   0.9925775678E+000
 0.0808081   0.7989664484E+000   0.9758916783E+000   0.8522370250E+000   0.9961858534E+000
 0.0909091   0.7367853919E+000   0.9763701354E+000   0.8454802244E+000   0.9850057871E+000
 0.1010101   0.6780094034E+000   0.9869636918E+000   0.8464531435E+000   0.9971912767E+000
 0.1111111   0.6146773298E+000   0.9786750677E+000   0.8466904488E+000   0.9895030997E+000
 0.1212121   0.5663276711E+000   0.1003753367E+001   0.8358309262E+000   0.9934124103E+000
 0.1313131   0.5169638740E+000   0.9657646672E+000   0.8375651677E+000   0.9817045469E+000
 0.1414141   0.4780353413E+000   0.9782482284E+000   0.8407424681E+000   0.9888629200E+000
 0.1515152   0.4538926040E+000   0.9922664259E+000   0.8384960423E+000   0.9896154824E+000
 0.1616162   0.4221268430E+000   0.9992229142E+000   0.8422794438E+000   0.1004614552E+001
 0.1717172   0.4004591815E+000   0.9746329986E+000   0.8381415639E+000   0.9758245264E+000
 0.1818182   0.3903727797E+000   0.9850538340E+000   0.8577933091E+000   0.1004064680E+001
 0.1919192   0.3911669217E+000   0.1025976806E+001   0.8619797956E+000   0.1009685819E+001
 0.2020202   0.3749176439E+000   0.9915477476E+000   0.8498351080E+000   0.9853529692E+000
 0.2121212   0.3716284365E+000   0.9593898715E+000   0.8677331068E+000   0.9807492944E+000
 0.2222222   0.3732501137E+000   0.9929870895E+000   0.8696543956E+000   0.9923788913E+000
 0.2323232   0.3770652393E+000   0.1003755352E+001   0.8799908554E+000   0.1000588845E+001
 0.2424242   0.3875634842E+000   0.1015198617E+001   0.8754474131E+000   0.1006898328E+001
 0.2525253   0.3927198228E+000   0.1010570884E+001   0.8852324586E+000   0.9875925948E+000
 0.2626263   0.3991283186E+000   0.9919626751E+000   0.8876617064E+000   0.9876287178E+000
 0.2727273   0.4153755201E+000   0.1000519315E+001   0.8957721012E+000   0.9932639047E+000
 0.2828283   0.4236035704E+000   0.9922227493E+000   0.9021450272E+000   0.9894428947E+000
 0.2929293   0.4422147295E+000   0.9933662816E+000   0.9095957327E+000   0.9922464404E+000
 0.3030303   0.4618062140E+000   0.9958578321E+000   0.9105678974E+000   0.9925615131E+000
 0.3131313   0.4785694751E+000   0.1004936605E+001   0.9265201013E+000   0.1005521640E+001
 0.3232323   0.5056532522E+000   0.1024434228E+001   0.9242749117E+000   0.9816503624E+000
 0.3333333   0.5238672154E+000   0.9987007805E+000   0.9480540286E+000   0.1009884495E+001
 0.3434343   0.5470272731E+000   0.1010465663E+001   0.9295961239E+000   0.9718409630E+000
 0.3535354   0.5788458506E+000   0.1016584356E+001   0.9640479457E+000   0.9990756929E+000
 0.3636364   0.5992153431E+000   0.9880436945E+000   0.9750771985E+000   0.9996416198E+000
 0.3737374   0.6417857995E+000   0.1005939181E+001   0.9619905078E+000   0.9840846508E+000
 0.3838384   0.6693582615E+000   0.1002818291E+001   0.9738418201E+000   0.1002655883E+001
 0.3939394   0.6938133226E+000   0.9878928118E+000   0.9902678001E+000   0.9901854229E+000
 0.4040404   0.7431094667E+000   0.9993916646E+000   0.9946715549E+000   0.1004263356E+001
 0.4141414   0.7933952284E+000   0.1013340377E+001   0.1002024267E+001   0.9997540024E+000
 0.4242424   0.8378033732E+000   0.1003578661E+001   0.1016753503E+001   0.9885337994E+000
 0.4343434   0.8864791399E+000   0.9975433511E+000   0.1021544187E+001   0.9929127089E+000
 0.4444444   0.9492688788E+000   0.1014801557E+001   0.1024179779E+001   0.9955838036E+000
 0.4545455   0.9966144437E+000   0.1011051327E+001   0.1043445714E+001   0.1004080734E+001
 0.4646465   0.1067593620E+001   0.1014017364E+001   0.1061418145E+001   0.1006442777E+001
 0.4747475   0.1129694870E+001   0.9921830433E+000   0.1053390542E+001   0.9838317898E+000
 0.4848485   0.1203609972E+001   0.9991157080E+000   0.1073412533E+001   0.1002140127E+001
 0.4949495   0.1281167447E+001   0.9980138670E+000   0.1077644783E+001   0.1001600289E+001
 0.5050505   0.1321911785E+001   0.9996378417E+000   0.1077846668E+001   0.9825735056E+000
 0.5151515   0.1311220606E+001   0.9909541431E+000   0.1080390135E+001   0.1002174243E+001
 0.5252525   0.1337839717E+001   0.1012949273E+001   0.1086670067E+001   0.1011975615E+001
 0.5353535   0.1316762057E+001   0.1008065437E+001   0.1081544727E+001   0.9855054885E+000
 0.5454545   0.1336668970E+001   0.1008788086E+001   0.1082046127E+001   0.9968481083E+000
 0.5555556   0.1319685149E+001   0.9932749579E+000   0.1081165150E+001   0.9890214598E+000
 0.5656566   0.1322233603E+001   0.1011025518E+001   0.1089634838E+001   0.9987545996E+000
 0.5757576   0.1340408546E+001   0.1031688512E+001   0.1086272174E+001   0.1020398293E+001
 0.5858586   0.1325367229E+001   0.1005504401E+001   0.1079054099E+001   0.9851402449E+000
 0.5959596   0.1324928271E+001   0.1002298143E+001   0.1087389839E+001   0.9961738124E+000
 0.6060606   0.1324278664E+001   0.1015095381E+001   0.1083247733E+001   0.1010791584E+001
 0.6161616   0.1310135178E+001   0.1000332696E+001   0.1098370812E+001   0.1013581081E+001
 0.6262626   0.1323937777E+001   0.9995762974E+000   0.1095414489E+001   0.1019764134E+001
 0.6363636   0.1321555217E+001   0.1007569112E+001   0.1090656062E+001   0.1009593504E+001
 0.6464646   0.1334248944E+001   0.1005782343E+001   0.1089868358E+001   0.1013629245E+001
 0.6565657   0.1325190755E+001   0.1002044024E+001   0.1088536259E+001   0.9973458029E+000
 0.6666667   0.1327106124E+001   0.1004724178E+001   0.1100016763E+001   0.1009015536E+001
 0.6767677   0.1319691079E+001   0.1006074182E+001   0.1086768180E+001   0.1009790174E+001
 0.6868687   0.1308728114E+001   0.9836522127E+000   0.1087886798E+001   0.1017042868E+001
 0.6969697   0.1334199250E+001   0.1021589295E+001   0.1088014886E+001   0.1004361691E+001
 0.7070707   0.1317400265E+001   0.1002796453E+001   0.1090918066E+001   0.1013540945E+001
 0.7171717   0.1330044928E+001   0.1015373323E+001   0.1084200118E+001   0.1007115066E+001
 0.7272727   0.1319398577E+001   0.1003667999E+001   0.1084760855E+001   0.1002746190E+001
 0.7373737   0.1315493143E+001   0.1005810137E+001   0.1096379456E+001   0.1015876898E+001
 0.7474747   0.1317751798E+001   0.1004712266E+001   0.1091476264E+001   0.1014028605E+001
 0.7575758   0.1328124700E+001   0.1008297717E+001   0.1091696755E+001   0.1008449610E+001
 0.7676768   0.1328397286E+001   0.1017376490E+001   0.1089707201E+001   0.1011909390E+001
 0.7777778   0.1319280763E+001   0.1006522859E+001   0.1089688050E+001   0.1002926805E+001
 0.7878788   0.1313560731E+001   0.9952404040E+000   0.1081090991E+001   0.9887966945E+000
 0.7979798   0.1316666696E+001   0.1008226246E+001   0.1080414423E+001   0.1008184708E+001
 0.8080808   0.1318670060E+001   0.1006560580E+001   0.1081940882E+001   0.1003753620E+001
 0.8181818   0.1344782416E+001   0.1022053855E+001   0.1099050862E+001   0.1013787785E+001
 0.8282828   0.1313833925E+001   0.9969735702E+000   0.1081708385E+001   0.9990094674E+000
 0.8383838   0.1320973912E+001   0.1012450963E+001   0.1088797354E+001   0.1015244746E+001
 0.8484848   0.1321920708E+001   0.1006550653E+001   0.1086301961E+001   0.1007602726E+001
 0.8585859   0.1311236221E+001   0.1007942348E+001   0.1079109197E+001   0.1008658320E+001
 0.8686869   0.1313869982E+001   0.1000958066E+001   0.1078505128E+001   0.1006482913E+001
 0.8787879   0.1328437511E+001   0.1014517659E+001   0.1087488056E+001   0.1005457422E+001
 0.8888889   0.1318383568E+001   0.1015752515E+001   0.1091260419E+001   0.1021411744E+001
 0.8989899   0.1319307128E+001   0.1000167917E+001   0.1087376996E+001   0.1004165021E+001
 0.9090909   0.1319091689E+001   0.1000108358E+001   0.1088028115E+001   0.1009746024E+001
 0.9191919   0.1326650236E+001   0.1021940693E+001   0.1095587731E+001   0.1023779806E+001
 0.9292929   0.1313876487E+001   0.1013745378E+001   0.1084399078E+001   0.1006900335E+001
 0.9393939   0.1319476668E+001   0.9999912250E+000   0.1085214705E+001   0.1011391627E+001
 0.9494949   0.1308370611E+001   0.1012564125E+001   0.1084927373E+001   0.1016228094E+001
 0.9595960   0.1311194067E+001   0.1004513737E+001   0.1079396800E+001   0.9986040871E+000
 0.9696970   0.1315035344E+001   0.9939281213E+000   0.1084022647E+001   0.1001678555E+001
 0.9797980   0.1312696867E+001   0.1014610968E+001   0.1089672348E+001   0.1026695735E+001
 0.9898990   0.1317386700E+001   0.9989985754E+000   0.1078693560E+001   0.1003922194E+001
 1.0000000   0.1318221446E+001   0.1030614465E+001   0.1079574075E+001   0.1026812131E+001


