Compiled using GNU Fortran (Ubuntu 9.4.0-1ubuntu1~20.04.2) 9.4.0 with all optimizations
Last Brick update unknown
Compiled at 18:43:37 on Sep  2 2023
Starting at 16:56:19 on Sep 11 2023

Settings
OK                      

Forcefield
OK                      

Topology
OK                      

Configuration
OK                      Read from ./INPUT/restart.in

 F
Monte Carlo Simulation initialized.

#########################################################################################################################
###########################################   ENERGY STARTING CONFIGURATION   ###########################################
#########################################################################################################################
                                               Box 1               Box 2
-------------------------------------------------------------------------------------------------------------------------
Lennard Jones        
 Intermolecular                         -0.4905170632E+006  -0.4497285647E+005
 Tailcorrection                         -0.1168442180E+005  -0.9698515115E+003
Total Intermolecular                    -0.5022014850E+006  -0.4594270798E+005

Electrostatic        
 Real                                   -0.1495982709E+006  -0.1145326468E+005
 Exclusion                               0.8403352604E+007   0.4560531363E+007
 Selfterm                               -0.8430343329E+007  -0.4565130119E+007
 Fourier                                 0.1200214139E+005   0.3768412209E+004
Total Intermolecular                    -0.1645868545E+006  -0.1228360869E+005

Intramolecular       
 Lennard Jones                           0.0000000000E+000   0.0000000000E+000
 Electrostatic                           0.0000000000E+000   0.0000000000E+000
 Bending                                 0.0000000000E+000   0.0000000000E+000
 Torsion                                 0.0000000000E+000   0.0000000000E+000

Total                                   -0.6667883395E+006  -0.5822631667E+005

#########################################################################################################################

Simulation is running...



#########################################################################################################################
###############################################   RELATIVE ENERGY DRIFTS   ##############################################
#########################################################################################################################
                                               Box 1               Box 2                                                 
-------------------------------------------------------------------------------------------------------------------------

Lennard Jones        
 Intermolecular                          0.1144920150E-013   0.3034802027E-015
 Tailcorrection                          0.0000000000E+000   0.0000000000E+000

Electrostatic        
 Real                                    0.5469211909E-015   0.2382684527E-015
 Exclusion                               0.0000000000E+000   0.0000000000E+000
 Selfterm                                0.0000000000E+000   0.0000000000E+000
 Fourier                                 0.4094414616E-015   0.4099688179E-015

Intramolecular       
 Lennard Jones                           0.0000000000E+000   0.0000000000E+000
 Electrostatic                           0.0000000000E+000   0.0000000000E+000
 Bending                                 0.0000000000E+000   0.0000000000E+000
 Torsion                                 0.0000000000E+000   0.0000000000E+000

Total                                    0.7850114143E-014   0.0000000000E+000

#########################################################################################################################
############################################   TRIAL MOVE ACCEPTANCE RATES   ############################################
#########################################################################################################################
                                               Box 1               Box 2
-------------------------------------------------------------------------------------------------------------------------
Translation
 CO2                                          0.50051             0.51676
 AR                                           0.49979             0.69540
-------------------------------------------------------------------------------------------------------------------------
Rotation
 CO2                                          0.49589             0.77754
 AR                                           0.00000             0.00000
-------------------------------------------------------------------------------------------------------------------------
Lambda Move
 cd                                           0.74127             0.95251
 Ar                                           0.82411             0.97511
-------------------------------------------------------------------------------------------------------------------------
GE Swap Fractional
 cd                                           0.37447             0.36708
 Ar                                           0.46336             0.46060
-------------------------------------------------------------------------------------------------------------------------
GE Identity Change
 cd                                           0.78722             0.79847
 Ar                                           0.87817             0.87062
-------------------------------------------------------------------------------------------------------------------------
Volume                                        0.48566             0.50223

#########################################################################################################################
######################################################   AVERAGES   #####################################################
#########################################################################################################################
                                                       Boltzmann                                    Biased
                                               Box 1               Box 2                  Box 1               Box 2      
-------------------------------------------------------------------------------------------------------------------------
Density
 CO2                                     0.9914140505E+003   0.5492986134E+002      0.9898505961E+003   0.5490885648E+002
 AR                                      0.2840516945E+002   0.2957080496E+002      0.2862250297E+002   0.2968806693E+002
 Total                                   0.1019819220E+004   0.8450066630E+002      0.1018473099E+004   0.8459692341E+002

Number of molecules
 CO2                                     0.4737042699E+003   0.3212957301E+003      0.4753526000E+003   0.3196474000E+003
 AR                                      0.1502888655E+002   0.1899711134E+003      0.1522174000E+002   0.1897782600E+003
 Total                                   0.4887331565E+003   0.5112668435E+003      0.4905743400E+003   0.5094256600E+003

Mole fractions
 CO2                                          0.96925             0.62843                 0.96897             0.62747
 AR                                           0.03075             0.37157                 0.03103             0.37253

Volume                                   0.3493635518E+005   0.4281558158E+006      0.3511355192E+005   0.4260888956E+006

#########################################################################################################################
#######################################   PROPERTIES FROM THE CFC GIBBS ENSEMBLE   ######################################
#########################################################################################################################
                                                       Boltzmann                                    Biased
                                               Box 1               Box 2                  Box 1               Box 2      
Chemical Potentials (as an indication)
=========================================================================================================================

Total cd                                -0.1942430297E+004  -0.1943351025E+004     -0.1942829591E+004  -0.1943447789E+004
 Ideal gas                              -0.1087946090E+004  -0.1819894099E+004     -0.1088345385E+004  -0.1819990863E+004
 Excess                                 -0.8544842065E+003  -0.1234569254E+003     -0.8544842065E+003  -0.1234569254E+003

-------------------------------------------------------------------------------------------------------------------------

Total Ar                                -0.1996920762E+004  -0.1997530439E+004     -0.1994992377E+004  -0.1996529160E+004
 Ideal gas                              -0.1962243967E+004  -0.1952069217E+004     -0.1960315582E+004  -0.1951067938E+004
 Excess                                 -0.3467679498E+002  -0.4546122170E+002     -0.3467679498E+002  -0.4546122170E+002

-------------------------------------------------------------------------------------------------------------------------

#########################################################################################################################
#########################################   PROPERTIES FROM UMBRELLA SAMPLING   #########################################
#########################################################################################################################

Excess Partial Molar Enthalpy
=========================================================================================================================


Partial Molar Volume
=========================================================================================================================


#########################################################################################################################
##################################################   AVERAGE ENERGIES   #################################################
#########################################################################################################################
                                                       Boltzmann                                    Biased
                                               Box 1               Box 2                  Box 1               Box 2      
-------------------------------------------------------------------------------------------------------------------------
Lennard Jones        
 Intermolecular                         -0.5110190679E+006  -0.4464798848E+005     -0.5127127303E+006  -0.4443372022E+005
 Tailcorrection                         -0.1246764762E+005  -0.8825470164E+003     -0.1251105580E+005  -0.8782466880E+003
Total Intermolecular                    -0.5234867155E+006  -0.4553053550E+005     -0.5252237861E+006  -0.4531196691E+005

Electrostatic        
 Real                                   -0.1565165633E+006  -0.9366855728E+004     -0.1567739108E+006  -0.9315121804E+004
 Exclusion                               0.8675044929E+007   0.4362871690E+007      0.8704354498E+007   0.4339757742E+007
 Selfterm                               -0.8702908583E+007  -0.4367271279E+007     -0.8732312253E+007  -0.4344133968E+007
 Fourier                                 0.1257649931E+005   0.3343047205E+004      0.1263606921E+005   0.3332106926E+004
Total Intermolecular                    -0.1718037187E+006  -0.1042339797E+005     -0.1720955968E+006  -0.1035924062E+005

Intramolecular       
 Lennard Jones                           0.0000000000E+000   0.0000000000E+000      0.0000000000E+000   0.0000000000E+000
 Electrostatic                           0.0000000000E+000   0.0000000000E+000      0.0000000000E+000   0.0000000000E+000
 Bending                                 0.0000000000E+000   0.0000000000E+000      0.0000000000E+000   0.0000000000E+000
 Torsion                                 0.0000000000E+000   0.0000000000E+000      0.0000000000E+000   0.0000000000E+000

Total                                   -0.6952904342E+006  -0.5595393347E+005     -0.6973193830E+006  -0.5567120753E+005

#########################################################################################################################

No errors found in bookkeeping.

Total simulation time:  18 hours and  30 minutes

Simulation finished.

