#   100 bins for weightfunction of cd                      
 0.0000000    0.3178494263E+001    0.1935289001E+001
 0.0101010    0.3188542175E+001    0.1942146301E+001
 0.0202020    0.3195426941E+001    0.1930403137E+001
 0.0303030    0.3207333374E+001    0.1923667908E+001
 0.0404040    0.3282449341E+001    0.1959185791E+001
 0.0505051    0.3323731995E+001    0.1955087280E+001
 0.0606061    0.3375190735E+001    0.1946281433E+001
 0.0707071    0.3421707153E+001    0.1929757690E+001
 0.0808081    0.3506398010E+001    0.1936853027E+001
 0.0909091    0.3595100403E+001    0.1960183716E+001
 0.1010101    0.3658435059E+001    0.1945727539E+001
 0.1111111    0.3712174988E+001    0.1938122559E+001
 0.1212121    0.3765109253E+001    0.1941972351E+001
 0.1313131    0.3803634644E+001    0.1933782959E+001
 0.1414141    0.3832862854E+001    0.1948197937E+001
 0.1515152    0.3846533203E+001    0.1900856018E+001
 0.1616162    0.3843115234E+001    0.1905935669E+001
 0.1717172    0.3849627686E+001    0.1874270630E+001
 0.1818182    0.3807945251E+001    0.1865083313E+001
 0.1919192    0.3773992920E+001    0.1861820984E+001
 0.2020202    0.3756254578E+001    0.1864173889E+001
 0.2121212    0.3718135071E+001    0.1829997253E+001
 0.2222222    0.3679589844E+001    0.1829428101E+001
 0.2323232    0.3638781738E+001    0.1808091736E+001
 0.2424242    0.3558308411E+001    0.1791874695E+001
 0.2525253    0.3502851868E+001    0.1775041199E+001
 0.2626263    0.3425746155E+001    0.1734001160E+001
 0.2727273    0.3364187622E+001    0.1717298889E+001
 0.2828283    0.3272801208E+001    0.1703895569E+001
 0.2929293    0.3217877197E+001    0.1671017456E+001
 0.3030303    0.3098544312E+001    0.1680653381E+001
 0.3131313    0.3036154175E+001    0.1645808411E+001
 0.3232323    0.2942778015E+001    0.1612710571E+001
 0.3333333    0.2848048401E+001    0.1588449097E+001
 0.3434343    0.2768190002E+001    0.1588198853E+001
 0.3535354    0.2669259644E+001    0.1563299561E+001
 0.3636364    0.2583291626E+001    0.1510044861E+001
 0.3737374    0.2510057068E+001    0.1518341064E+001
 0.3838384    0.2391152954E+001    0.1500323486E+001
 0.3939394    0.2297880554E+001    0.1453181458E+001
 0.4040404    0.2177864075E+001    0.1431376648E+001
 0.4141414    0.2084454346E+001    0.1423731995E+001
 0.4242424    0.1990293884E+001    0.1390806580E+001
 0.4343434    0.1887551880E+001    0.1352944946E+001
 0.4444444    0.1784722900E+001    0.1326824951E+001
 0.4545455    0.1687542725E+001    0.1316046143E+001
 0.4646465    0.1560766602E+001    0.1279835510E+001
 0.4747475    0.1464935303E+001    0.1273342896E+001
 0.4848485    0.1358218384E+001    0.1238923645E+001
 0.4949495    0.1243490601E+001    0.1214515686E+001
 0.5050505    0.1187928772E+001    0.1194479370E+001
 0.5151515    0.1188403320E+001    0.1185449219E+001
 0.5252525    0.1187043762E+001    0.1182304382E+001
 0.5353535    0.1195207214E+001    0.1183689880E+001
 0.5454545    0.1180195618E+001    0.1195263672E+001
 0.5555556    0.1164633179E+001    0.1214695740E+001
 0.5656566    0.1150794983E+001    0.1188761902E+001
 0.5757576    0.1169549561E+001    0.1194789124E+001
 0.5858586    0.1135003662E+001    0.1217681885E+001
 0.5959596    0.1121011353E+001    0.1188034058E+001
 0.6060606    0.1140992737E+001    0.1169023132E+001
 0.6161616    0.1122610474E+001    0.1174119568E+001
 0.6262626    0.1099397278E+001    0.1191722107E+001
 0.6363636    0.1105265808E+001    0.1187104797E+001
 0.6464646    0.1069476318E+001    0.1170054626E+001
 0.6565657    0.1059805298E+001    0.1182749939E+001
 0.6666667    0.1033772278E+001    0.1167453003E+001
 0.6767677    0.1017704773E+001    0.1163671875E+001
 0.6868687    0.1000914001E+001    0.1168585205E+001
 0.6969697    0.9864242554E+000    0.1163407898E+001
 0.7070707    0.9746337891E+000    0.1155953979E+001
 0.7171717    0.9620620728E+000    0.1164364624E+001
 0.7272727    0.9426971436E+000    0.1156637573E+001
 0.7373737    0.9149246216E+000    0.1160755920E+001
 0.7474747    0.8836593628E+000    0.1156123352E+001
 0.7575758    0.8601455688E+000    0.1141798401E+001
 0.7676768    0.8248306274E+000    0.1141946411E+001
 0.7777778    0.8048721313E+000    0.1132463074E+001
 0.7878788    0.7716903687E+000    0.1128347778E+001
 0.7979798    0.7442718506E+000    0.1122953796E+001
 0.8080808    0.7003997803E+000    0.1118075562E+001
 0.8181818    0.6941421509E+000    0.1119836426E+001
 0.8282828    0.6624847412E+000    0.1122293091E+001
 0.8383838    0.6271591187E+000    0.1114805603E+001
 0.8484848    0.6040924072E+000    0.1115805054E+001
 0.8585859    0.5521499634E+000    0.1092134094E+001
 0.8686869    0.5133422852E+000    0.1085906982E+001
 0.8787879    0.4931838989E+000    0.1097555542E+001
 0.8888889    0.4406402588E+000    0.1092866516E+001
 0.8989899    0.4126617432E+000    0.1089933777E+001
 0.9090909    0.3631835937E+000    0.1069175720E+001
 0.9191919    0.3238510132E+000    0.1080964661E+001
 0.9292929    0.2896774292E+000    0.1065885925E+001
 0.9393939    0.2220764160E+000    0.1047183228E+001
 0.9494949    0.2159088135E+000    0.1062289429E+001
 0.9595960    0.1502807617E+000    0.1041447449E+001
 0.9696970    0.1098220825E+000    0.1034095764E+001
 0.9797980    0.6194763184E-001    0.1029313660E+001
 0.9898990    0.2393951416E-001    0.1026213074E+001
 1.0000000    0.0000000000E+000    0.1033828735E+001


#   100 bins for weightfunction of Ar                      
 0.0000000    0.1556567383E+001    0.3509277344E+000
 0.0101010    0.1592651367E+001    0.3891174316E+000
 0.0202020    0.1614215088E+001    0.3998352051E+000
 0.0303030    0.1585815430E+001    0.3439697266E+000
 0.0404040    0.1612866211E+001    0.3559875488E+000
 0.0505051    0.1636981201E+001    0.3358947754E+000
 0.0606061    0.1717767334E+001    0.3811828613E+000
 0.0707071    0.1788641357E+001    0.4014404297E+000
 0.0808081    0.1824603271E+001    0.3554443359E+000
 0.0909091    0.1891906738E+001    0.3765747070E+000
 0.1010101    0.1964794922E+001    0.3925415039E+000
 0.1111111    0.2059149170E+001    0.4197387695E+000
 0.1212121    0.2073223877E+001    0.3915039062E+000
 0.1313131    0.2174005127E+001    0.3985290527E+000
 0.1414141    0.2241522217E+001    0.4168212891E+000
 0.1515152    0.2281689453E+001    0.3852661133E+000
 0.1616162    0.2351965332E+001    0.4014160156E+000
 0.1717172    0.2383612061E+001    0.4101684570E+000
 0.1818182    0.2386651611E+001    0.3911926270E+000
 0.1919192    0.2404986572E+001    0.3960998535E+000
 0.2020202    0.2404846191E+001    0.3737792969E+000
 0.2121212    0.2428668213E+001    0.3683654785E+000
 0.2222222    0.2396862793E+001    0.3619750977E+000
 0.2323232    0.2363623047E+001    0.3541931152E+000
 0.2424242    0.2380969238E+001    0.3393737793E+000
 0.2525253    0.2333392334E+001    0.3267883301E+000
 0.2626263    0.2316461182E+001    0.3446655273E+000
 0.2727273    0.2252685547E+001    0.3511718750E+000
 0.2828283    0.2254327393E+001    0.3008117676E+000
 0.2929293    0.2215179443E+001    0.3262695312E+000
 0.3030303    0.2171124268E+001    0.2869812012E+000
 0.3131313    0.2124255371E+001    0.2567932129E+000
 0.3232323    0.2100335693E+001    0.2756713867E+000
 0.3333333    0.2039703369E+001    0.2445861816E+000
 0.3434343    0.1997119141E+001    0.2454772949E+000
 0.3535354    0.1982006836E+001    0.2133239746E+000
 0.3636364    0.1904974365E+001    0.2031860352E+000
 0.3737374    0.1874798584E+001    0.2191406250E+000
 0.3838384    0.1817907715E+001    0.2017944336E+000
 0.3939394    0.1744750977E+001    0.1665039062E+000
 0.4040404    0.1700207520E+001    0.1734680176E+000
 0.4141414    0.1657421875E+001    0.1659484863E+000
 0.4242424    0.1597167969E+001    0.1388916016E+000
 0.4343434    0.1545654297E+001    0.1162719727E+000
 0.4444444    0.1502630615E+001    0.1280273437E+000
 0.4545455    0.1401928711E+001    0.1020324707E+000
 0.4646465    0.1409503174E+001    0.1001892090E+000
 0.4747475    0.1330529785E+001    0.7713623047E-001
 0.4848485    0.1268597412E+001    0.5618286133E-001
 0.4949495    0.1197521973E+001    0.4972534180E-001
 0.5050505    0.1171502686E+001    0.1301269531E-001
 0.5151515    0.1202117920E+001    0.5083618164E-001
 0.5252525    0.1186614990E+001    0.1806030273E-001
 0.5353535    0.1176934814E+001    0.3764038086E-001
 0.5454545    0.1166998291E+001    0.4162597656E-001
 0.5555556    0.1172717285E+001    0.3010253906E-001
 0.5656566    0.1174078369E+001    0.1688232422E-001
 0.5757576    0.1179705811E+001    0.5119628906E-001
 0.5858586    0.1156481934E+001    0.4994506836E-001
 0.5959596    0.1157983398E+001    0.4566650391E-001
 0.6060606    0.1186303711E+001    0.2935791016E-001
 0.6161616    0.1188299561E+001    0.5780639648E-001
 0.6262626    0.1198510742E+001    0.4000244141E-001
 0.6363636    0.1182824707E+001    0.5355224609E-001
 0.6464646    0.1170874023E+001    0.4462280273E-001
 0.6565657    0.1185119629E+001    0.4573364258E-001
 0.6666667    0.1200781250E+001    0.2450561523E-001
 0.6767677    0.1159240723E+001    0.0000000000E+000
 0.6868687    0.1154321289E+001    0.2488403320E-001
 0.6969697    0.1157208252E+001    0.5283203125E-001
 0.7070707    0.1151348877E+001    0.3313598633E-001
 0.7171717    0.1176495361E+001    0.4828491211E-001
 0.7272727    0.1163446045E+001    0.3770751953E-001
 0.7373737    0.1151458740E+001    0.3067626953E-001
 0.7474747    0.1163885498E+001    0.5313110352E-001
 0.7575758    0.1148632813E+001    0.3062133789E-001
 0.7676768    0.1141650391E+001    0.2532348633E-001
 0.7777778    0.1162622070E+001    0.4307861328E-001
 0.7878788    0.1165838623E+001    0.3922729492E-001
 0.7979798    0.1144598389E+001    0.2139282227E-001
 0.8080808    0.1147387695E+001    0.2845458984E-001
 0.8181818    0.1152905273E+001    0.2827758789E-001
 0.8282828    0.1137481689E+001    0.1866455078E-001
 0.8383838    0.1155944824E+001    0.3084106445E-001
 0.8484848    0.1129687500E+001    0.1464843750E-001
 0.8585859    0.1153863525E+001    0.3452758789E-001
 0.8686869    0.1166845703E+001    0.3039550781E-001
 0.8787879    0.1162817383E+001    0.3610229492E-001
 0.8888889    0.1153894043E+001    0.4583129883E-001
 0.8989899    0.1141265869E+001    0.1661987305E-001
 0.9090909    0.1142395020E+001    0.9796142578E-002
 0.9191919    0.1163739014E+001    0.4904785156E-001
 0.9292929    0.1154827881E+001    0.2736816406E-001
 0.9393939    0.1167687988E+001    0.3035888672E-001
 0.9494949    0.1139544678E+001    0.1653442383E-001
 0.9595960    0.1134606934E+001    0.2650146484E-001
 0.9696970    0.1159222412E+001    0.3483886719E-001
 0.9797980    0.1154016113E+001    0.2968139648E-001
 0.9898990    0.1146142578E+001    0.2663574219E-001
 1.0000000    0.1144799805E+001    0.1506347656E-001


