 0.0000000   0.1490054261E+000   0.1097296117E+001   0.6695079668E+000   0.9489324022E+000
 0.0101010   0.1485215945E+000   0.1092558839E+001   0.6653880763E+000   0.9370340605E+000
 0.0202020   0.1462675193E+000   0.1119276543E+001   0.6640184453E+000   0.9522457849E+000
 0.0303030   0.1401656761E+000   0.1073631631E+001   0.6580213662E+000   0.9192689899E+000
 0.0404040   0.1369431453E+000   0.1134737048E+001   0.6659067260E+000   0.9508591892E+000
 0.0505051   0.1267544775E+000   0.1126930123E+001   0.6598440030E+000   0.9478316053E+000
 0.0606061   0.1195104734E+000   0.1157536228E+001   0.6606276190E+000   0.9526713426E+000
 0.0707071   0.1087942952E+000   0.1134925992E+001   0.6667124976E+000   0.9749667967E+000
 0.0808081   0.9921009586E-001   0.1098577647E+001   0.6605981542E+000   0.9659311548E+000
 0.0909091   0.9096828185E-001   0.1101789686E+001   0.6602913312E+000   0.9583433513E+000
 0.1010101   0.8313788056E-001   0.1121908060E+001   0.6649361818E+000   0.9631077131E+000
 0.1111111   0.7662793784E-001   0.1075671673E+001   0.6724389320E+000   0.9761649536E+000
 0.1212121   0.7122898226E-001   0.1064058494E+001   0.6678721010E+000   0.9422789412E+000
 0.1313131   0.6767272290E-001   0.1071832560E+001   0.6735308517E+000   0.9704254209E+000
 0.1414141   0.6467132779E-001   0.1042866703E+001   0.6738403753E+000   0.9572205700E+000
 0.1515152   0.6314633641E-001   0.9967288954E+000   0.6875859534E+000   0.9334757072E+000
 0.1616162   0.6166098925E-001   0.1072497970E+001   0.6947038649E+000   0.9714634048E+000
 0.1717172   0.6129846726E-001   0.1023846393E+001   0.6952124517E+000   0.9576634012E+000
 0.1818182   0.6227814795E-001   0.9875473375E+000   0.7012193196E+000   0.9642414867E+000
 0.1919192   0.6372539877E-001   0.1023906635E+001   0.7046343988E+000   0.9715906010E+000
 0.2020202   0.6406967169E-001   0.9770349603E+000   0.7154399664E+000   0.9943241754E+000
 0.2121212   0.6722884330E-001   0.9760683364E+000   0.7324481308E+000   0.9953527373E+000
 0.2222222   0.7016044507E-001   0.9774101090E+000   0.7336475428E+000   0.9638583277E+000
 0.2323232   0.7514506516E-001   0.9768213720E+000   0.7433523804E+000   0.9787088778E+000
 0.2424242   0.7854818298E-001   0.9532198667E+000   0.7544599114E+000   0.9979029428E+000
 0.2525253   0.8595363133E-001   0.9933799407E+000   0.7600824648E+000   0.9736477249E+000
 0.2626263   0.9114089356E-001   0.9678178044E+000   0.7741315227E+000   0.9678218244E+000
 0.2727273   0.9771552110E-001   0.9379729492E+000   0.7767521530E+000   0.9544568005E+000
 0.2828283   0.1067165941E+000   0.9859974533E+000   0.7917352302E+000   0.9683180467E+000
 0.2929293   0.1137079972E+000   0.9089468490E+000   0.8084736918E+000   0.9612735751E+000
 0.3030303   0.1251954185E+000   0.9549450028E+000   0.8150684149E+000   0.9805383047E+000
 0.3131313   0.1378131311E+000   0.9400732339E+000   0.8286938450E+000   0.9882061947E+000
 0.3232323   0.1507222504E+000   0.9405223170E+000   0.8341324146E+000   0.9882046244E+000
 0.3333333   0.1625694928E+000   0.9170166525E+000   0.8500109138E+000   0.9497065717E+000
 0.3434343   0.1817764133E+000   0.9281451498E+000   0.8614204065E+000   0.9770380535E+000
 0.3535354   0.2008059597E+000   0.9345582749E+000   0.8820644024E+000   0.9727071011E+000
 0.3636364   0.2199145801E+000   0.9451883995E+000   0.9016654224E+000   0.9755666603E+000
 0.3737374   0.2441104302E+000   0.9245442704E+000   0.9120964652E+000   0.9841579006E+000
 0.3838384   0.2697993087E+000   0.9450460073E+000   0.9268867424E+000   0.1007075203E+001
 0.3939394   0.3018733122E+000   0.9502515372E+000   0.9346396242E+000   0.9964409715E+000
 0.4040404   0.3369887572E+000   0.9470860493E+000   0.9595451695E+000   0.9854377143E+000
 0.4141414   0.3731170667E+000   0.9408974657E+000   0.9755963206E+000   0.9772798833E+000
 0.4242424   0.4146362664E+000   0.9000418606E+000   0.9960106135E+000   0.9954909258E+000
 0.4343434   0.4647289342E+000   0.9679547199E+000   0.1002469446E+001   0.9896932912E+000
 0.4444444   0.5191355317E+000   0.9568344376E+000   0.1026257959E+001   0.1008243524E+001
 0.4545455   0.5858425455E+000   0.9562621305E+000   0.1042034874E+001   0.1006593113E+001
 0.4646465   0.6582653890E+000   0.9919834019E+000   0.1062897860E+001   0.9999302305E+000
 0.4747475   0.7367355298E+000   0.9488002322E+000   0.1074428205E+001   0.1031518860E+001
 0.4848485   0.8264508142E+000   0.9425842654E+000   0.1107723249E+001   0.9785801112E+000
 0.4949495   0.9512280877E+000   0.9975996784E+000   0.1136538080E+001   0.1014086698E+001
 0.5050505   0.9886085039E+000   0.9572013713E+000   0.1146588052E+001   0.1001015324E+001
 0.5151515   0.9961516425E+000   0.9750168249E+000   0.1134544137E+001   0.9824085601E+000
 0.5252525   0.9859557840E+000   0.9879224862E+000   0.1142549939E+001   0.9890510288E+000
 0.5353535   0.9992639202E+000   0.9738694724E+000   0.1131550375E+001   0.9934981852E+000
 0.5454545   0.9985878899E+000   0.9646002886E+000   0.1141051239E+001   0.1019406954E+001
 0.5555556   0.1027803813E+001   0.9835576179E+000   0.1144302259E+001   0.1017133125E+001
 0.5656566   0.1009604957E+001   0.9703972937E+000   0.1144493668E+001   0.1033626234E+001
 0.5757576   0.1022820414E+001   0.9525736252E+000   0.1131263266E+001   0.9886977060E+000
 0.5858586   0.1040935903E+001   0.9832700952E+000   0.1145425679E+001   0.1010405859E+001
 0.5959596   0.1065169339E+001   0.9938564068E+000   0.1147502666E+001   0.1017590089E+001
 0.6060606   0.1058112280E+001   0.9837109634E+000   0.1152748227E+001   0.1018455338E+001
 0.6161616   0.1093165896E+001   0.9788942737E+000   0.1154891612E+001   0.1029557525E+001
 0.6262626   0.1084594974E+001   0.9540167153E+000   0.1155409436E+001   0.1023101925E+001
 0.6363636   0.1093507544E+001   0.9409522319E+000   0.1154479161E+001   0.1004857906E+001
 0.6464646   0.1112909568E+001   0.9562457007E+000   0.1151533806E+001   0.1007101898E+001
 0.6565657   0.1158805446E+001   0.9601587476E+000   0.1156085074E+001   0.1028409619E+001
 0.6666667   0.1176659935E+001   0.9756192534E+000   0.1157914330E+001   0.1029332969E+001
 0.6767677   0.1197445652E+001   0.9877280661E+000   0.1154517624E+001   0.1051986457E+001
 0.6868687   0.1237450080E+001   0.1014861993E+001   0.1160456244E+001   0.1037756185E+001
 0.6969697   0.1253178023E+001   0.9710709182E+000   0.1157052923E+001   0.1021161005E+001
 0.7070707   0.1277174144E+001   0.9772759317E+000   0.1157336792E+001   0.1003417919E+001
 0.7171717   0.1324021949E+001   0.9965399519E+000   0.1166978159E+001   0.1020908183E+001
 0.7272727   0.1350414162E+001   0.9766077838E+000   0.1162546871E+001   0.9997983233E+000
 0.7373737   0.1372264271E+001   0.9697045009E+000   0.1176920064E+001   0.1015922406E+001
 0.7474747   0.1418368543E+001   0.9827060031E+000   0.1180833740E+001   0.1021792275E+001
 0.7575758   0.1460174110E+001   0.9885249147E+000   0.1181551451E+001   0.1014754085E+001
 0.7676768   0.1508649862E+001   0.1014582685E+001   0.1182449995E+001   0.1047864358E+001
 0.7777778   0.1543066411E+001   0.1003936131E+001   0.1187146364E+001   0.1048743739E+001
 0.7878788   0.1593065884E+001   0.9809233624E+000   0.1186234830E+001   0.1020170131E+001
 0.7979798   0.1671555665E+001   0.9996342438E+000   0.1201389371E+001   0.1040899973E+001
 0.8080808   0.1723626376E+001   0.9953597398E+000   0.1191030404E+001   0.1013647007E+001
 0.8181818   0.1784470805E+001   0.1033216894E+001   0.1209878981E+001   0.1067157353E+001
 0.8282828   0.1842543471E+001   0.9984923679E+000   0.1209710987E+001   0.1024130487E+001
 0.8383838   0.1936936906E+001   0.1031960009E+001   0.1219860749E+001   0.1052680540E+001
 0.8484848   0.2003633859E+001   0.1008613167E+001   0.1233467532E+001   0.1053666703E+001
 0.8585859   0.2105696063E+001   0.1035941514E+001   0.1242981762E+001   0.1050449110E+001
 0.8686869   0.2171814782E+001   0.1011113245E+001   0.1234655858E+001   0.1040868566E+001
 0.8787879   0.2277751888E+001   0.1017520893E+001   0.1242208482E+001   0.1022277505E+001
 0.8888889   0.2375686413E+001   0.1034865357E+001   0.1234115000E+001   0.1055868297E+001
 0.8989899   0.2468021895E+001   0.1011036572E+001   0.1241304059E+001   0.1007563573E+001
 0.9090909   0.2566403476E+001   0.1013435333E+001   0.1246211214E+001   0.1029987794E+001
 0.9191919   0.2709219439E+001   0.1010327350E+001   0.1263956136E+001   0.1038550768E+001
 0.9292929   0.2830749137E+001   0.1007208413E+001   0.1264343571E+001   0.1036437113E+001
 0.9393939   0.2991328519E+001   0.1039079619E+001   0.1269019087E+001   0.1039863559E+001
 0.9494949   0.3106388715E+001   0.1011890925E+001   0.1273744997E+001   0.1042920979E+001
 0.9595960   0.3284111055E+001   0.1026291705E+001   0.1285723921E+001   0.1048932178E+001
 0.9696970   0.3527465681E+001   0.1067694972E+001   0.1312212140E+001   0.1070646612E+001
 0.9797980   0.3646485538E+001   0.1014711386E+001   0.1284467891E+001   0.1021036950E+001
 0.9898990   0.3892541685E+001   0.1045558463E+001   0.1308538048E+001   0.1051815292E+001
 1.0000000   0.3981952493E+001   0.1026592919E+001   0.1297227793E+001   0.1014796484E+001


 0.0000000   0.1108695844E+001   0.1122146998E+001   0.8545367433E+000   0.9747268736E+000
 0.0101010   0.1102416921E+001   0.1167257696E+001   0.8695353563E+000   0.1024944466E+001
 0.0202020   0.1093275560E+001   0.1143422298E+001   0.8618263950E+000   0.9966471249E+000
 0.0303030   0.1071642149E+001   0.1160730382E+001   0.8652413428E+000   0.1009601882E+001
 0.0404040   0.1029545913E+001   0.1126820449E+001   0.8623651342E+000   0.9870241823E+000
 0.0505051   0.9863837009E+000   0.1101168638E+001   0.8578282296E+000   0.9767151375E+000
 0.0606061   0.9364029070E+000   0.1095165649E+001   0.8509040283E+000   0.9779806858E+000
 0.0707071   0.8786838788E+000   0.1103434472E+001   0.8500468712E+000   0.9772102136E+000
 0.0808081   0.8118943792E+000   0.1115213065E+001   0.8558386516E+000   0.1018376350E+001
 0.0909091   0.7517866614E+000   0.1072004383E+001   0.8497262084E+000   0.9784168621E+000
 0.1010101   0.6906880343E+000   0.1083451260E+001   0.8502051866E+000   0.9731302133E+000
 0.1111111   0.6297476092E+000   0.1118514174E+001   0.8491558605E+000   0.1008231269E+001
 0.1212121   0.5761055037E+000   0.1062157234E+001   0.8408415203E+000   0.9798145368E+000
 0.1313131   0.5247844352E+000   0.1026398787E+001   0.8482706124E+000   0.1000856068E+001
 0.1414141   0.4884112298E+000   0.1061694437E+001   0.8459092220E+000   0.1002196435E+001
 0.1515152   0.4542891039E+000   0.1092605551E+001   0.8456307822E+000   0.9923967929E+000
 0.1616162   0.4302344437E+000   0.1063098879E+001   0.8486161329E+000   0.1003172260E+001
 0.1717172   0.4060059330E+000   0.1056084692E+001   0.8484692440E+000   0.9907810300E+000
 0.1818182   0.3961220911E+000   0.1050030875E+001   0.8574289966E+000   0.1033026464E+001
 0.1919192   0.3855164316E+000   0.1015104393E+001   0.8507002097E+000   0.1027550381E+001
 0.2020202   0.3849518370E+000   0.1038947816E+001   0.8637794805E+000   0.1001909895E+001
 0.2121212   0.3869143119E+000   0.1038549222E+001   0.8704025955E+000   0.1004086002E+001
 0.2222222   0.3719461408E+000   0.1008218611E+001   0.8691869843E+000   0.9752569712E+000
 0.2323232   0.3830150804E+000   0.9998882599E+000   0.8780240308E+000   0.9910102614E+000
 0.2424242   0.3853025367E+000   0.1026299807E+001   0.8701398928E+000   0.1000138128E+001
 0.2525253   0.3955289293E+000   0.9892251963E+000   0.8805580453E+000   0.9873887239E+000
 0.2626263   0.4014611236E+000   0.9652667423E+000   0.8897115054E+000   0.1005649232E+001
 0.2727273   0.4141118248E+000   0.9793860724E+000   0.8955981800E+000   0.9770462495E+000
 0.2828283   0.4317173459E+000   0.9819327950E+000   0.9038605898E+000   0.9974398834E+000
 0.2929293   0.4500130544E+000   0.1026874960E+001   0.9045007472E+000   0.9836796327E+000
 0.3030303   0.4607696974E+000   0.9745200130E+000   0.9103140490E+000   0.9920099649E+000
 0.3131313   0.4775362549E+000   0.9635894365E+000   0.9156951341E+000   0.1019743779E+001
 0.3232323   0.5004839958E+000   0.9713954625E+000   0.9218322165E+000   0.9906791494E+000
 0.3333333   0.5243882091E+000   0.9902898976E+000   0.9441282511E+000   0.1020727564E+001
 0.3434343   0.5513377071E+000   0.1017188318E+001   0.9436102972E+000   0.1006978456E+001
 0.3535354   0.5740929543E+000   0.9655636816E+000   0.9480001958E+000   0.1055513426E+001
 0.3636364   0.6042415538E+000   0.9694479687E+000   0.9586497824E+000   0.9771576814E+000
 0.3737374   0.6286125972E+000   0.9649992294E+000   0.9794949470E+000   0.1001701359E+001
 0.3838384   0.6665819418E+000   0.9908356238E+000   0.9774545589E+000   0.1025070225E+001
 0.3939394   0.6968617171E+000   0.9512410418E+000   0.9909132665E+000   0.1021950131E+001
 0.4040404   0.7360476574E+000   0.9691938315E+000   0.9942965494E+000   0.9962220917E+000
 0.4141414   0.7764579800E+000   0.9690333237E+000   0.1004253192E+001   0.9505350030E+000
 0.4242424   0.8431095501E+000   0.9927215897E+000   0.1010638533E+001   0.1037216304E+001
 0.4343434   0.8837728777E+000   0.9425174466E+000   0.1020921927E+001   0.9642618241E+000
 0.4444444   0.9428879725E+000   0.9624230803E+000   0.1028386584E+001   0.9809638775E+000
 0.4545455   0.9921093405E+000   0.9901240396E+000   0.1032133327E+001   0.9671701973E+000
 0.4646465   0.1057599787E+001   0.9623669026E+000   0.1049879006E+001   0.9693272009E+000
 0.4747475   0.1131489931E+001   0.9980477712E+000   0.1065716890E+001   0.1000567937E+001
 0.4848485   0.1189208740E+001   0.9794101485E+000   0.1067170779E+001   0.1012704465E+001
 0.4949495   0.1291544403E+001   0.1022343291E+001   0.1074622859E+001   0.1002790208E+001
 0.5050505   0.1314863548E+001   0.9925584068E+000   0.1077276404E+001   0.9948896842E+000
 0.5151515   0.1319412898E+001   0.9569952439E+000   0.1085489795E+001   0.9941637848E+000
 0.5252525   0.1312426941E+001   0.9700873245E+000   0.1082964762E+001   0.1008110286E+001
 0.5353535   0.1325065824E+001   0.9608608051E+000   0.1083372641E+001   0.9952574096E+000
 0.5454545   0.1326261664E+001   0.9668129668E+000   0.1087247946E+001   0.9969416235E+000
 0.5555556   0.1326366257E+001   0.9627200197E+000   0.1080617544E+001   0.1000854476E+001
 0.5656566   0.1320056055E+001   0.9406635823E+000   0.1090595858E+001   0.1008100735E+001
 0.5757576   0.1309315142E+001   0.9540633027E+000   0.1086488499E+001   0.9938645105E+000
 0.5858586   0.1315760533E+001   0.9874810123E+000   0.1092074427E+001   0.1000023512E+001
 0.5959596   0.1325434505E+001   0.1000171824E+001   0.1094639653E+001   0.1020148118E+001
 0.6060606   0.1308526794E+001   0.9623053747E+000   0.1089040539E+001   0.1010109693E+001
 0.6161616   0.1316835711E+001   0.9494299795E+000   0.1083450921E+001   0.1018510068E+001
 0.6262626   0.1324640679E+001   0.9708791626E+000   0.1087886121E+001   0.9995746007E+000
 0.6363636   0.1315620350E+001   0.9523592456E+000   0.1085271041E+001   0.9824793517E+000
 0.6464646   0.1311188724E+001   0.9970847248E+000   0.1079803702E+001   0.1018258550E+001
 0.6565657   0.1318239932E+001   0.9928018435E+000   0.1079519406E+001   0.9749608806E+000
 0.6666667   0.1324892810E+001   0.9741508452E+000   0.1087787578E+001   0.1004596997E+001
 0.6767677   0.1315709699E+001   0.9344813595E+000   0.1086190382E+001   0.9820161133E+000
 0.6868687   0.1317005509E+001   0.9958514904E+000   0.1083082448E+001   0.9758650711E+000
 0.6969697   0.1307126337E+001   0.9679873484E+000   0.1074046258E+001   0.9724839082E+000
 0.7070707   0.1320962315E+001   0.9483679534E+000   0.1094131239E+001   0.9913954975E+000
 0.7171717   0.1309284505E+001   0.9606788963E+000   0.1079313854E+001   0.9833803584E+000
 0.7272727   0.1307626055E+001   0.9650768082E+000   0.1083478056E+001   0.9931211004E+000
 0.7373737   0.1322078212E+001   0.9647049653E+000   0.1092489295E+001   0.1009111581E+001
 0.7474747   0.1309062193E+001   0.9740946675E+000   0.1085733704E+001   0.1001745931E+001
 0.7575758   0.1313754242E+001   0.9726581233E+000   0.1093475490E+001   0.1007608842E+001
 0.7676768   0.1301542210E+001   0.9648173207E+000   0.1084389248E+001   0.1017129904E+001
 0.7777778   0.1305829823E+001   0.9827594099E+000   0.1082222072E+001   0.1016212979E+001
 0.7878788   0.1326405454E+001   0.9738592562E+000   0.1090461640E+001   0.1006206392E+001
 0.7979798   0.1303024481E+001   0.9652560418E+000   0.1083796847E+001   0.9961090678E+000
 0.8080808   0.1309098323E+001   0.9606360943E+000   0.1084512606E+001   0.9892273506E+000
 0.8181818   0.1326497538E+001   0.9888052010E+000   0.1098926276E+001   0.1015404301E+001
 0.8282828   0.1307542677E+001   0.9537957898E+000   0.1073692499E+001   0.9660829401E+000
 0.8383838   0.1312222670E+001   0.9541997343E+000   0.1082293761E+001   0.9774903853E+000
 0.8484848   0.1309909124E+001   0.9564789440E+000   0.1083716663E+001   0.9830142249E+000
 0.8585859   0.1314115651E+001   0.9464284850E+000   0.1089167251E+001   0.9718344192E+000
 0.8686869   0.1301020728E+001   0.9795465801E+000   0.1077587438E+001   0.1021940580E+001
 0.8787879   0.1323167161E+001   0.9805363778E+000   0.1091017356E+001   0.1015308788E+001
 0.8888889   0.1303889615E+001   0.9570942237E+000   0.1086559098E+001   0.1007906525E+001
 0.8989899   0.1310574629E+001   0.9852713558E+000   0.1089151321E+001   0.1031445723E+001
 0.9090909   0.1311487711E+001   0.9968252373E+000   0.1084176164E+001   0.1032238481E+001
 0.9191919   0.1314778654E+001   0.9596596722E+000   0.1084481163E+001   0.9963000940E+000
 0.9292929   0.1313906046E+001   0.9849583658E+000   0.1099982977E+001   0.1039645520E+001
 0.9393939   0.1303323582E+001   0.9648413968E+000   0.1080709973E+001   0.1006551831E+001
 0.9494949   0.1326495282E+001   0.1005356223E+001   0.1100158182E+001   0.1040344358E+001
 0.9595960   0.1299098734E+001   0.9874569361E+000   0.1074520622E+001   0.1028027946E+001
 0.9696970   0.1306190371E+001   0.9649591025E+000   0.1081993538E+001   0.9890522433E+000
 0.9797980   0.1306520916E+001   0.9908463244E+000   0.1079837320E+001   0.1026176585E+001
 0.9898990   0.1325586618E+001   0.1007049580E+001   0.1082840657E+001   0.1030866277E+001
 1.0000000   0.1313524784E+001   0.9748891808E+000   0.1081386640E+001   0.1008215350E+001


