#   100 bins for weightfunction of cd                      
 0.0000000    0.3271124268E+001    0.1749713135E+001
 0.0101010    0.3260217285E+001    0.1734625244E+001
 0.0202020    0.3294830322E+001    0.1754437256E+001
 0.0303030    0.3318408203E+001    0.1747790527E+001
 0.0404040    0.3359210205E+001    0.1750360107E+001
 0.0505051    0.3415637207E+001    0.1737915039E+001
 0.0606061    0.3487231445E+001    0.1749249268E+001
 0.0707071    0.3552246094E+001    0.1735876465E+001
 0.0808081    0.3650018311E+001    0.1736364746E+001
 0.0909091    0.3717828369E+001    0.1743420410E+001
 0.1010101    0.3812915039E+001    0.1750561523E+001
 0.1111111    0.3882000732E+001    0.1739550781E+001
 0.1212121    0.3937133789E+001    0.1730688477E+001
 0.1313131    0.4016918945E+001    0.1734832764E+001
 0.1414141    0.4046588135E+001    0.1721405029E+001
 0.1515152    0.4070404053E+001    0.1714587402E+001
 0.1616162    0.4089611816E+001    0.1707739258E+001
 0.1717172    0.4076599121E+001    0.1700451660E+001
 0.1818182    0.4068463135E+001    0.1685308838E+001
 0.1919192    0.4027319336E+001    0.1690582275E+001
 0.2020202    0.4022149658E+001    0.1673425293E+001
 0.2121212    0.3985461426E+001    0.1666577148E+001
 0.2222222    0.3936547852E+001    0.1640539551E+001
 0.2323232    0.3870086670E+001    0.1621191406E+001
 0.2424242    0.3819262695E+001    0.1611431885E+001
 0.2525253    0.3743225098E+001    0.1601153564E+001
 0.2626263    0.3674060059E+001    0.1594140625E+001
 0.2727273    0.3599523926E+001    0.1578985596E+001
 0.2828283    0.3522662354E+001    0.1558532715E+001
 0.2929293    0.3430731201E+001    0.1533380127E+001
 0.3030303    0.3350585937E+001    0.1519384766E+001
 0.3131313    0.3272955322E+001    0.1505682373E+001
 0.3232323    0.3177294922E+001    0.1489447021E+001
 0.3333333    0.3093170166E+001    0.1488067627E+001
 0.3434343    0.2978448486E+001    0.1459558105E+001
 0.3535354    0.2897967529E+001    0.1442083740E+001
 0.3636364    0.2790435791E+001    0.1418560791E+001
 0.3737374    0.2676879883E+001    0.1385815430E+001
 0.3838384    0.2601757812E+001    0.1383111572E+001
 0.3939394    0.2467041016E+001    0.1370666504E+001
 0.4040404    0.2373248291E+001    0.1325463867E+001
 0.4141414    0.2277740479E+001    0.1322064209E+001
 0.4242424    0.2158105469E+001    0.1284307861E+001
 0.4343434    0.2054589844E+001    0.1293664551E+001
 0.4444444    0.1950714111E+001    0.1265234375E+001
 0.4545455    0.1836450195E+001    0.1229406738E+001
 0.4646465    0.1715820313E+001    0.1224432373E+001
 0.4747475    0.1599896240E+001    0.1194696045E+001
 0.4848485    0.1494409180E+001    0.1170904541E+001
 0.4949495    0.1371392822E+001    0.1154754639E+001
 0.5050505    0.1332061768E+001    0.1135113525E+001
 0.5151515    0.1327996826E+001    0.1150231934E+001
 0.5252525    0.1314599609E+001    0.1154272461E+001
 0.5353535    0.1313903809E+001    0.1138531494E+001
 0.5454545    0.1304162598E+001    0.1124639893E+001
 0.5555556    0.1296252441E+001    0.1140289307E+001
 0.5656566    0.1290777588E+001    0.1144787598E+001
 0.5757576    0.1271533203E+001    0.1130023193E+001
 0.5858586    0.1261492920E+001    0.1143927002E+001
 0.5959596    0.1251507568E+001    0.1138079834E+001
 0.6060606    0.1261450195E+001    0.1132025146E+001
 0.6161616    0.1227130127E+001    0.1135504150E+001
 0.6262626    0.1228186035E+001    0.1137500000E+001
 0.6363636    0.1199914551E+001    0.1122875977E+001
 0.6464646    0.1191827393E+001    0.1116302490E+001
 0.6565657    0.1169348145E+001    0.1125109863E+001
 0.6666667    0.1143469238E+001    0.1124652100E+001
 0.6767677    0.1124615479E+001    0.1121392822E+001
 0.6868687    0.1122540283E+001    0.1125531006E+001
 0.6969697    0.1086492920E+001    0.1125012207E+001
 0.7070707    0.1077203369E+001    0.1121032715E+001
 0.7171717    0.1050384521E+001    0.1125103760E+001
 0.7272727    0.1017346191E+001    0.1113024902E+001
 0.7373737    0.9885681152E+000    0.1110577393E+001
 0.7474747    0.9596313477E+000    0.1102618408E+001
 0.7575758    0.9353454590E+000    0.1107427979E+001
 0.7676768    0.9141784668E+000    0.1107281494E+001
 0.7777778    0.8792114258E+000    0.1095037842E+001
 0.7878788    0.8455383301E+000    0.1095568848E+001
 0.7979798    0.8236999512E+000    0.1106219482E+001
 0.8080808    0.7943237305E+000    0.1103411865E+001
 0.8181818    0.7587036133E+000    0.1094555664E+001
 0.8282828    0.7159851074E+000    0.1087145996E+001
 0.8383838    0.6803161621E+000    0.1076788330E+001
 0.8484848    0.6479919434E+000    0.1082586670E+001
 0.8585859    0.6120239258E+000    0.1070910645E+001
 0.8686869    0.5633422852E+000    0.1067578125E+001
 0.8787879    0.5195617676E+000    0.1068566895E+001
 0.8888889    0.4865600586E+000    0.1059216309E+001
 0.8989899    0.4365417480E+000    0.1053466797E+001
 0.9090909    0.3927062988E+000    0.1048455811E+001
 0.9191919    0.3560302734E+000    0.1050653076E+001
 0.9292929    0.3050964355E+000    0.1040826416E+001
 0.9393939    0.2711608887E+000    0.1046466064E+001
 0.9494949    0.2276367188E+000    0.1041583252E+001
 0.9595960    0.1750732422E+000    0.1037036133E+001
 0.9696970    0.1120422363E+000    0.1019213867E+001
 0.9797980    0.8334960938E-001    0.1032995605E+001
 0.9898990    0.3184814453E-001    0.1027850342E+001
 1.0000000    0.0000000000E+000    0.1020770264E+001


#   100 bins for weightfunction of Ar                      
 0.0000000    0.1780999756E+001    0.2524688721E+000
 0.0101010    0.1801293945E+001    0.2755279541E+000
 0.0202020    0.1803715515E+001    0.2686904907E+000
 0.0303030    0.1833532715E+001    0.2788543701E+000
 0.0404040    0.1840739441E+001    0.2634353638E+000
 0.0505051    0.1889503479E+001    0.2722778320E+000
 0.0606061    0.1950326538E+001    0.2777450562E+000
 0.0707071    0.2006025696E+001    0.2811035156E+000
 0.0808081    0.2087745667E+001    0.2931045532E+000
 0.0909091    0.2160881042E+001    0.2841384888E+000
 0.1010101    0.2228163147E+001    0.2955429077E+000
 0.1111111    0.2297920227E+001    0.2818420410E+000
 0.1212121    0.2385748291E+001    0.2763916016E+000
 0.1313131    0.2487739563E+001    0.3028411865E+000
 0.1414141    0.2525331116E+001    0.2881851196E+000
 0.1515152    0.2613571167E+001    0.3011978149E+000
 0.1616162    0.2660308838E+001    0.2871719360E+000
 0.1717172    0.2693293762E+001    0.2906295776E+000
 0.1818182    0.2727938843E+001    0.2776916504E+000
 0.1919192    0.2759284973E+001    0.2920455933E+000
 0.2020202    0.2751618958E+001    0.2744537354E+000
 0.2121212    0.2758053589E+001    0.2738906860E+000
 0.2222222    0.2766064453E+001    0.2682723999E+000
 0.2323232    0.2759355164E+001    0.2649215698E+000
 0.2424242    0.2741856384E+001    0.2505889893E+000
 0.2525253    0.2697651672E+001    0.2479171753E+000
 0.2626263    0.2683880615E+001    0.2447357178E+000
 0.2727273    0.2636737061E+001    0.2332946777E+000
 0.2828283    0.2608868408E+001    0.2478195190E+000
 0.2929293    0.2605955505E+001    0.2187240601E+000
 0.3030303    0.2527947998E+001    0.1928771973E+000
 0.3131313    0.2512326050E+001    0.2004562378E+000
 0.3232323    0.2443739319E+001    0.1921157837E+000
 0.3333333    0.2417410278E+001    0.1847702026E+000
 0.3434343    0.2367446899E+001    0.1823287964E+000
 0.3535354    0.2321075439E+001    0.1696517944E+000
 0.3636364    0.2273339844E+001    0.1615570068E+000
 0.3737374    0.2247030640E+001    0.1395355225E+000
 0.3838384    0.2178111267E+001    0.1285537720E+000
 0.3939394    0.2127238464E+001    0.1323974609E+000
 0.4040404    0.2068960571E+001    0.1242584229E+000
 0.4141414    0.2032868958E+001    0.1086166382E+000
 0.4242424    0.1956973267E+001    0.9875946045E-001
 0.4343434    0.1898811340E+001    0.8190460205E-001
 0.4444444    0.1842948914E+001    0.7924499512E-001
 0.4545455    0.1793386841E+001    0.6802215576E-001
 0.4646465    0.1723997498E+001    0.4829101563E-001
 0.4747475    0.1661672974E+001    0.3487701416E-001
 0.4848485    0.1615600586E+001    0.2211456299E-001
 0.4949495    0.1535090637E+001    0.1562500000E-001
 0.5050505    0.1512530518E+001    0.2497711182E-001
 0.5151515    0.1511578369E+001    0.9169006348E-002
 0.5252525    0.1503919983E+001    0.1910858154E-001
 0.5353535    0.1510913086E+001    0.1565551758E-001
 0.5454545    0.1511808777E+001    0.1021728516E-001
 0.5555556    0.1512403870E+001    0.2032470703E-001
 0.5656566    0.1504351807E+001    0.1328735352E-001
 0.5757576    0.1516761780E+001    0.1420745850E-001
 0.5858586    0.1511030579E+001    0.2232055664E-001
 0.5959596    0.1513803101E+001    0.6526184082E-002
 0.6060606    0.1495349121E+001    0.1865997314E-001
 0.6161616    0.1508270264E+001    0.2217407227E-001
 0.6262626    0.1505673218E+001    0.1390380859E-001
 0.6363636    0.1521240234E+001    0.1172485352E-001
 0.6464646    0.1524322510E+001    0.1067962646E-001
 0.6565657    0.1518133545E+001    0.2245025635E-001
 0.6666667    0.1513609314E+001    0.9944152832E-002
 0.6767677    0.1506318665E+001    0.1085815430E-001
 0.6868687    0.1521649170E+001    0.1463623047E-001
 0.6969697    0.1517831421E+001    0.6925964355E-002
 0.7070707    0.1504577637E+001    0.5882263184E-002
 0.7171717    0.1512541199E+001    0.1698455811E-001
 0.7272727    0.1520529175E+001    0.1446075439E-001
 0.7373737    0.1514944458E+001    0.5819702148E-002
 0.7474747    0.1512155151E+001    0.1479644775E-001
 0.7575758    0.1515466309E+001    0.2115020752E-001
 0.7676768    0.1517601013E+001    0.1938171387E-001
 0.7777778    0.1519158936E+001    0.1628570557E-001
 0.7878788    0.1518955994E+001    0.1413421631E-001
 0.7979798    0.1513018799E+001    0.2296600342E-001
 0.8080808    0.1516516113E+001    0.2176971436E-001
 0.8181818    0.1498684692E+001    0.0000000000E+000
 0.8282828    0.1508905029E+001    0.9887695313E-002
 0.8383838    0.1517648315E+001    0.2001495361E-001
 0.8484848    0.1519551086E+001    0.1475524902E-001
 0.8585859    0.1522189331E+001    0.2662811279E-001
 0.8686869    0.1513429260E+001    0.1030120850E-001
 0.8787879    0.1517570496E+001    0.1647644043E-001
 0.8888889    0.1507258606E+001    0.3178405762E-002
 0.8989899    0.1515666199E+001    0.1949768066E-001
 0.9090909    0.1521095276E+001    0.2665710449E-001
 0.9191919    0.1509056091E+001    0.1024627686E-001
 0.9292929    0.1513508606E+001    0.1008453369E-001
 0.9393939    0.1513798523E+001    0.1186981201E-001
 0.9494949    0.1506808472E+001    0.1605072021E-001
 0.9595960    0.1511802673E+001    0.9677124023E-002
 0.9696970    0.1522042847E+001    0.1082153320E-001
 0.9797980    0.1511421204E+001    0.1590576172E-001
 0.9898990    0.1529701233E+001    0.2645416260E-001
 1.0000000    0.1514857483E+001    0.2121582031E-001


