 0.0000000   0.1488380781E+000   0.9763551140E+000   0.5204820394E+000   0.9650732652E+000
 0.0101010   0.1505234766E+000   0.1021257563E+001   0.5218741597E+000   0.9992307383E+000
 0.0202020   0.1473095673E+000   0.9640837893E+000   0.5190809871E+000   0.9631218566E+000
 0.0303030   0.1450152493E+000   0.1017959390E+001   0.5234820395E+000   0.9907348759E+000
 0.0404040   0.1371562257E+000   0.9838565219E+000   0.5165709882E+000   0.9849862371E+000
 0.0505051   0.1305898321E+000   0.9862863257E+000   0.5162428425E+000   0.9874655820E+000
 0.0606061   0.1233235283E+000   0.1029219655E+001   0.5197077529E+000   0.1002697519E+001
 0.0707071   0.1140038651E+000   0.9756396265E+000   0.5106587156E+000   0.9889379374E+000
 0.0808081   0.1080854290E+000   0.9930661307E+000   0.5069720192E+000   0.9876161416E+000
 0.0909091   0.1002439050E+000   0.9669600084E+000   0.5144416709E+000   0.9653528759E+000
 0.1010101   0.9414540835E-001   0.9736073157E+000   0.5106726845E+000   0.9809035304E+000
 0.1111111   0.8991270711E-001   0.1013338278E+001   0.5172932873E+000   0.1001688575E+001
 0.1212121   0.8482170165E-001   0.9951534790E+000   0.5142596965E+000   0.9762674683E+000
 0.1313131   0.8066712447E-001   0.9909767440E+000   0.5191484299E+000   0.9978717914E+000
 0.1414141   0.7929795521E-001   0.9823786630E+000   0.5262561198E+000   0.1003790543E+001
 0.1515152   0.7795788762E-001   0.9766547627E+000   0.5243171110E+000   0.9720596211E+000
 0.1616162   0.7790137958E-001   0.9923812196E+000   0.5407086299E+000   0.9858837287E+000
 0.1717172   0.7832490275E-001   0.9685194043E+000   0.5406190851E+000   0.9799317367E+000
 0.1818182   0.7999353379E-001   0.9692573146E+000   0.5526818460E+000   0.9773546258E+000
 0.1919192   0.8163743454E-001   0.9654128430E+000   0.5593710792E+000   0.9936131059E+000
 0.2020202   0.8446337807E-001   0.9626385452E+000   0.5631484921E+000   0.9876435160E+000
 0.2121212   0.8856750799E-001   0.9667113204E+000   0.5676354112E+000   0.9648014758E+000
 0.2222222   0.9266916569E-001   0.9806480393E+000   0.5856950796E+000   0.9655405865E+000
 0.2323232   0.9861860004E-001   0.9561135434E+000   0.5975737927E+000   0.9816778368E+000
 0.2424242   0.1046214739E+000   0.1012975438E+001   0.6065200467E+000   0.9797244728E+000
 0.2525253   0.1116164514E+000   0.9790009910E+000   0.6263253109E+000   0.9818107985E+000
 0.2626263   0.1203147662E+000   0.9860233688E+000   0.6371455553E+000   0.9950424443E+000
 0.2727273   0.1287355332E+000   0.9729346351E+000   0.6513108269E+000   0.9878996629E+000
 0.2828283   0.1393159852E+000   0.9889790865E+000   0.6554016278E+000   0.9598623393E+000
 0.2929293   0.1484779871E+000   0.9885102485E+000   0.6834704795E+000   0.9927019271E+000
 0.3030303   0.1610600233E+000   0.9712610874E+000   0.7039957728E+000   0.1004807309E+001
 0.3131313   0.1776995912E+000   0.9866002433E+000   0.7190450879E+000   0.9967474828E+000
 0.3232323   0.1916902717E+000   0.9956977388E+000   0.7327145211E+000   0.9812730857E+000
 0.3333333   0.2094390217E+000   0.9641408652E+000   0.7568711992E+000   0.9985737510E+000
 0.3434343   0.2295622419E+000   0.9759759668E+000   0.7766174949E+000   0.9984681637E+000
 0.3535354   0.2545983735E+000   0.1005443454E+001   0.7881404481E+000   0.9926354462E+000
 0.3636364   0.2786347235E+000   0.1012820518E+001   0.8171174660E+000   0.1004598090E+001
 0.3737374   0.3028624812E+000   0.1005604489E+001   0.8428351234E+000   0.9953768039E+000
 0.3838384   0.3292461289E+000   0.9943197628E+000   0.8619700685E+000   0.9960944061E+000
 0.3939394   0.3692896148E+000   0.1003653716E+001   0.8871792616E+000   0.1009584154E+001
 0.4040404   0.4065079574E+000   0.9962766518E+000   0.9106688161E+000   0.9805163771E+000
 0.4141414   0.4504043814E+000   0.1010345868E+001   0.9346584017E+000   0.9925415909E+000
 0.4242424   0.4977164775E+000   0.1013737809E+001   0.9671076370E+000   0.1008145039E+001
 0.4343434   0.5437530370E+000   0.1007926257E+001   0.9932361855E+000   0.9830543816E+000
 0.4444444   0.5992540128E+000   0.9921101089E+000   0.1015558197E+001   0.9989276638E+000
 0.4545455   0.6728458310E+000   0.1003576255E+001   0.1041368575E+001   0.9754716533E+000
 0.4646465   0.7432567420E+000   0.9770563326E+000   0.1094153789E+001   0.1029047402E+001
 0.4747475   0.8244915515E+000   0.1000015125E+001   0.1125398357E+001   0.9990078319E+000
 0.4848485   0.9193268961E+000   0.9919123816E+000   0.1162289129E+001   0.1007362911E+001
 0.4949495   0.1029324603E+001   0.1004723889E+001   0.1193280151E+001   0.1000978794E+001
 0.5050505   0.1091155248E+001   0.9915556570E+000   0.1207308386E+001   0.9810423580E+000
 0.5151515   0.1094719479E+001   0.1009930029E+001   0.1209753818E+001   0.1012446742E+001
 0.5252525   0.1098084402E+001   0.1007318806E+001   0.1213137169E+001   0.9922013654E+000
 0.5353535   0.1091115711E+001   0.1003084995E+001   0.1202458548E+001   0.9972187147E+000
 0.5454545   0.1106599344E+001   0.1019457633E+001   0.1213682543E+001   0.1012460429E+001
 0.5555556   0.1098921570E+001   0.1004407933E+001   0.1223107957E+001   0.1026112468E+001
 0.5656566   0.1110165575E+001   0.9984903824E+000   0.1221300648E+001   0.9921094653E+000
 0.5757576   0.1111642282E+001   0.9981356963E+000   0.1218897710E+001   0.1005872958E+001
 0.5858586   0.1135097996E+001   0.1007771336E+001   0.1213034422E+001   0.9821940411E+000
 0.5959596   0.1134843838E+001   0.9995401719E+000   0.1221249847E+001   0.9922619803E+000
 0.6060606   0.1146613412E+001   0.1002371546E+001   0.1225063598E+001   0.1011776067E+001
 0.6161616   0.1172752556E+001   0.1018903181E+001   0.1218924299E+001   0.9925630994E+000
 0.6262626   0.1183635996E+001   0.1008757934E+001   0.1231906997E+001   0.1013084176E+001
 0.6363636   0.1189046478E+001   0.9941933803E+000   0.1230234096E+001   0.1007032462E+001
 0.6464646   0.1205614809E+001   0.1001313603E+001   0.1223490250E+001   0.9910653248E+000
 0.6565657   0.1220846727E+001   0.1013413700E+001   0.1236816315E+001   0.1011543384E+001
 0.6666667   0.1236103280E+001   0.9985841500E+000   0.1246376216E+001   0.1007443079E+001
 0.6767677   0.1276825712E+001   0.9929112104E+000   0.1247268693E+001   0.1008041407E+001
 0.6868687   0.1286804898E+001   0.9987859542E+000   0.1248894045E+001   0.9941371315E+000
 0.6969697   0.1322566880E+001   0.1012814402E+001   0.1246015965E+001   0.9903399014E+000
 0.7070707   0.1347930966E+001   0.1011377312E+001   0.1259108676E+001   0.1020097906E+001
 0.7171717   0.1365329380E+001   0.1001580636E+001   0.1258461855E+001   0.1014898712E+001
 0.7272727   0.1406921235E+001   0.1009075929E+001   0.1274191179E+001   0.1018461304E+001
 0.7373737   0.1433676576E+001   0.1001715172E+001   0.1263203918E+001   0.9856099840E+000
 0.7474747   0.1457268265E+001   0.1012003109E+001   0.1269472587E+001   0.1009445326E+001
 0.7575758   0.1513646460E+001   0.1015933194E+001   0.1279463193E+001   0.1018166050E+001
 0.7676768   0.1537298974E+001   0.1004314166E+001   0.1280847824E+001   0.1003796409E+001
 0.7777778   0.1592049373E+001   0.1018634109E+001   0.1299011495E+001   0.1025627549E+001
 0.7878788   0.1626061110E+001   0.1014534834E+001   0.1295176204E+001   0.1008886105E+001
 0.7979798   0.1672714466E+001   0.1014253531E+001   0.1300934225E+001   0.1017362414E+001
 0.8080808   0.1718827591E+001   0.1004106246E+001   0.1302798149E+001   0.1007460677E+001
 0.8181818   0.1780935797E+001   0.1012832748E+001   0.1323502891E+001   0.1002298634E+001
 0.8282828   0.1816808580E+001   0.1009976913E+001   0.1321601622E+001   0.1014308205E+001
 0.8383838   0.1898829917E+001   0.1013933498E+001   0.1339501403E+001   0.1020942604E+001
 0.8484848   0.1971735866E+001   0.1022303275E+001   0.1339991939E+001   0.1024638157E+001
 0.8585859   0.2024071538E+001   0.1026887696E+001   0.1356086986E+001   0.1029635954E+001
 0.8686869   0.2106295222E+001   0.1014595987E+001   0.1355069669E+001   0.1008317107E+001
 0.8787879   0.2167024784E+001   0.1024015553E+001   0.1354754309E+001   0.1023482564E+001
 0.8888889   0.2233845962E+001   0.1015766043E+001   0.1367887743E+001   0.1026339285E+001
 0.8989899   0.2312178380E+001   0.1009245118E+001   0.1376151008E+001   0.1015848997E+001
 0.9090909   0.2462581383E+001   0.1041060872E+001   0.1406466014E+001   0.1044646940E+001
 0.9191919   0.2484068136E+001   0.1010616979E+001   0.1392089524E+001   0.1021187019E+001
 0.9292929   0.2609649296E+001   0.1017594511E+001   0.1406746268E+001   0.1017423029E+001
 0.9393939   0.2741928848E+001   0.1023457025E+001   0.1425990800E+001   0.1031876749E+001
 0.9494949   0.2846736663E+001   0.1013955921E+001   0.1432690329E+001   0.1024890394E+001
 0.9595960   0.2956741554E+001   0.1030073756E+001   0.1425429497E+001   0.1031118086E+001
 0.9696970   0.3088589016E+001   0.1026125324E+001   0.1445189303E+001   0.1026243475E+001
 0.9797980   0.3236522786E+001   0.1019441325E+001   0.1456945444E+001   0.1018819127E+001
 0.9898990   0.3369939086E+001   0.1000983377E+001   0.1453204737E+001   0.1003383836E+001
 1.0000000   0.3468522597E+001   0.1027766257E+001   0.1465836197E+001   0.1009341694E+001


 0.0000000   0.9147219125E+000   0.9780837089E+000   0.7958795063E+000   0.9854139404E+000
 0.0101010   0.9167455839E+000   0.9948459138E+000   0.8004797798E+000   0.9916331430E+000
 0.0202020   0.9264985172E+000   0.1013425198E+001   0.8019320531E+000   0.9923974258E+000
 0.0303030   0.8979772525E+000   0.9872737437E+000   0.8007166444E+000   0.9964168404E+000
 0.0404040   0.8795569993E+000   0.1004957568E+001   0.8028307797E+000   0.1006431717E+001
 0.0505051   0.8312615251E+000   0.9739806914E+000   0.7881404267E+000   0.9855961011E+000
 0.0606061   0.7881624613E+000   0.9619895775E+000   0.7900405309E+000   0.9864989843E+000
 0.0707071   0.7557312900E+000   0.9849435356E+000   0.7825354879E+000   0.9927954072E+000
 0.0808081   0.7052431746E+000   0.9879619399E+000   0.7688290030E+000   0.9767197288E+000
 0.0909091   0.6735898810E+000   0.1001381765E+001   0.7749362026E+000   0.9958960985E+000
 0.1010101   0.6203539941E+000   0.9959043675E+000   0.7639959879E+000   0.9915836428E+000
 0.1111111   0.5829667350E+000   0.1006782696E+001   0.7706291471E+000   0.1012084637E+001
 0.1212121   0.5432771609E+000   0.1015906326E+001   0.7669950949E+000   0.1015395209E+001
 0.1313131   0.5081222414E+000   0.9918597059E+000   0.7592863858E+000   0.9985354481E+000
 0.1414141   0.4727555716E+000   0.9899681725E+000   0.7490658589E+000   0.1002055901E+001
 0.1515152   0.4478000576E+000   0.9846618179E+000   0.7588788404E+000   0.9958941185E+000
 0.1616162   0.4368445104E+000   0.1006257494E+001   0.7662103312E+000   0.9911460612E+000
 0.1717172   0.4185983700E+000   0.9802287882E+000   0.7594840188E+000   0.1002614263E+001
 0.1818182   0.4132277435E+000   0.9917309206E+000   0.7668638096E+000   0.9875285881E+000
 0.1919192   0.4047226325E+000   0.9927370554E+000   0.7705460072E+000   0.9975533645E+000
 0.2020202   0.4011186116E+000   0.9930248099E+000   0.7745318879E+000   0.9943457529E+000
 0.2121212   0.4021540248E+000   0.9999530538E+000   0.7879564992E+000   0.1005578334E+001
 0.2222222   0.4063692595E+000   0.9912218164E+000   0.7916696494E+000   0.9906411594E+000
 0.2323232   0.4123416159E+000   0.1000693569E+001   0.7954474595E+000   0.9991452903E+000
 0.2424242   0.4217128572E+000   0.1003281347E+001   0.8067599956E+000   0.1001240138E+001
 0.2525253   0.4287970380E+000   0.1005490819E+001   0.8008048205E+000   0.9935794901E+000
 0.2626263   0.4368855626E+000   0.9964657907E+000   0.8195201964E+000   0.1005469433E+001
 0.2727273   0.4534077180E+000   0.9954616682E+000   0.8298442942E+000   0.1009120567E+001
 0.2828283   0.4703095609E+000   0.1004196930E+001   0.8323176819E+000   0.9597490872E+000
 0.2929293   0.4829130461E+000   0.9960452264E+000   0.8497718096E+000   0.1007344500E+001
 0.3030303   0.5048107807E+000   0.1023041834E+001   0.8566972832E+000   0.9750050426E+000
 0.3131313   0.5220364259E+000   0.9906583810E+000   0.8575904280E+000   0.9921301248E+000
 0.3232323   0.5393990540E+000   0.9903927614E+000   0.8836793498E+000   0.9878077691E+000
 0.3333333   0.5588565103E+000   0.9883020134E+000   0.8909690843E+000   0.9998759129E+000
 0.3434343   0.5986055973E+000   0.1004502795E+001   0.8989032070E+000   0.1000743156E+001
 0.3535354   0.6195677240E+000   0.1007557420E+001   0.9175471648E+000   0.9985156480E+000
 0.3636364   0.6442851644E+000   0.1003220979E+001   0.9349119811E+000   0.1020125447E+001
 0.3737374   0.6756194311E+000   0.9995264526E+000   0.9380755610E+000   0.9843467165E+000
 0.3838384   0.7080907296E+000   0.9967394594E+000   0.9552874366E+000   0.9857545016E+000
 0.3939394   0.7486544694E+000   0.9983331768E+000   0.9592970377E+000   0.9984720878E+000
 0.4040404   0.7921189667E+000   0.1026796729E+001   0.9813047669E+000   0.1000897597E+001
 0.4141414   0.8364265643E+000   0.1025585343E+001   0.1001938321E+001   0.1003012244E+001
 0.4242424   0.8784207006E+000   0.1019864460E+001   0.1013916435E+001   0.1011559935E+001
 0.4343434   0.9214639761E+000   0.9949103064E+000   0.1018072382E+001   0.9923954458E+000
 0.4444444   0.9707883760E+000   0.9932200000E+000   0.1031594763E+001   0.1008170163E+001
 0.4545455   0.1020025034E+001   0.9923084420E+000   0.1039977772E+001   0.9996105920E+000
 0.4646465   0.1093170473E+001   0.1018884485E+001   0.1082480646E+001   0.1005027892E+001
 0.4747475   0.1152986934E+001   0.1012934204E+001   0.1090564537E+001   0.9949041149E+000
 0.4848485   0.1204851940E+001   0.1001906967E+001   0.1105337116E+001   0.1013728043E+001
 0.4949495   0.1291732457E+001   0.1003305495E+001   0.1115692322E+001   0.9858218219E+000
 0.5050505   0.1317442350E+001   0.9921172764E+000   0.1136974107E+001   0.1011227294E+001
 0.5151515   0.1339211394E+001   0.1006905445E+001   0.1136604377E+001   0.1000202614E+001
 0.5252525   0.1310046278E+001   0.9790838069E+000   0.1135608028E+001   0.1000697616E+001
 0.5353535   0.1320706812E+001   0.9874548479E+000   0.1137851761E+001   0.1002040061E+001
 0.5454545   0.1334607894E+001   0.9982868946E+000   0.1139219543E+001   0.9987235488E+000
 0.5555556   0.1316049256E+001   0.9841527137E+000   0.1138017669E+001   0.1007148479E+001
 0.5656566   0.1318908914E+001   0.9931777424E+000   0.1128530585E+001   0.1007599921E+001
 0.5757576   0.1322673660E+001   0.1000031532E+001   0.1127876829E+001   0.9996660322E+000
 0.5858586   0.1328391508E+001   0.9966146987E+000   0.1130528154E+001   0.1004885331E+001
 0.5959596   0.1317576414E+001   0.9870161732E+000   0.1138795262E+001   0.1007558341E+001
 0.6060606   0.1331350543E+001   0.1011231824E+001   0.1129432675E+001   0.9816321267E+000
 0.6161616   0.1320078176E+001   0.9984941584E+000   0.1140987781E+001   0.9955396972E+000
 0.6262626   0.1322396644E+001   0.9898776204E+000   0.1132165609E+001   0.9904985989E+000
 0.6363636   0.1331841004E+001   0.1008438794E+001   0.1121904930E+001   0.9938784712E+000
 0.6464646   0.1334578199E+001   0.1012877861E+001   0.1133584929E+001   0.1004746731E+001
 0.6565657   0.1330168792E+001   0.1000184465E+001   0.1129644486E+001   0.9908629202E+000
 0.6666667   0.1324596775E+001   0.9985283670E+000   0.1132249432E+001   0.9967930417E+000
 0.6767677   0.1329526466E+001   0.1002319483E+001   0.1139195418E+001   0.1005942655E+001
 0.6868687   0.1330194187E+001   0.1036079328E+001   0.1143430190E+001   0.1019016642E+001
 0.6969697   0.1325096306E+001   0.1001623237E+001   0.1137473589E+001   0.9846357976E+000
 0.7070707   0.1313504188E+001   0.9786350708E+000   0.1137277166E+001   0.9887185724E+000
 0.7171717   0.1328709215E+001   0.1014855922E+001   0.1142344542E+001   0.1017101976E+001
 0.7272727   0.1336380860E+001   0.1001651409E+001   0.1137831409E+001   0.9995650518E+000
 0.7373737   0.1335619286E+001   0.1018290866E+001   0.1154746658E+001   0.1025277425E+001
 0.7474747   0.1317358986E+001   0.9937270919E+000   0.1132292670E+001   0.9932448689E+000
 0.7575758   0.1328388862E+001   0.1000870649E+001   0.1136763792E+001   0.1000408535E+001
 0.7676768   0.1323672783E+001   0.1002524734E+001   0.1132436445E+001   0.1000145194E+001
 0.7777778   0.1325274939E+001   0.1012908045E+001   0.1128026089E+001   0.1004348749E+001
 0.7878788   0.1338037241E+001   0.1023695821E+001   0.1137938249E+001   0.1014080485E+001
 0.7979798   0.1334102511E+001   0.9975282690E+000   0.1138409979E+001   0.9883225710E+000
 0.8080808   0.1324161275E+001   0.9963390177E+000   0.1137466474E+001   0.1000281814E+001
 0.8181818   0.1320808393E+001   0.9963792631E+000   0.1134772888E+001   0.9930508282E+000
 0.8282828   0.1325099053E+001   0.9923728346E+000   0.1133840975E+001   0.9965475209E+000
 0.8383838   0.1339960544E+001   0.1007670107E+001   0.1148698188E+001   0.1009397768E+001
 0.8484848   0.1321677121E+001   0.9909904054E+000   0.1131244274E+001   0.9976800850E+000
 0.8585859   0.1327688496E+001   0.1014992756E+001   0.1139670895E+001   0.1017204936E+001
 0.8686869   0.1322185594E+001   0.9939102085E+000   0.1138662210E+001   0.9874711679E+000
 0.8787879   0.1320857171E+001   0.1005299654E+001   0.1137683989E+001   0.1013702303E+001
 0.8888889   0.1332913964E+001   0.1020299111E+001   0.1147188746E+001   0.1031482768E+001
 0.8989899   0.1316024176E+001   0.9974316801E+000   0.1134117261E+001   0.1008981966E+001
 0.9090909   0.1324993719E+001   0.1005281543E+001   0.1125713972E+001   0.9932785290E+000
 0.9191919   0.1326126222E+001   0.9980474345E+000   0.1142905215E+001   0.1015896151E+001
 0.9292929   0.1330151354E+001   0.1015292584E+001   0.1137068858E+001   0.1016975255E+001
 0.9393939   0.1326817927E+001   0.9933387239E+000   0.1136912400E+001   0.1001180738E+001
 0.9494949   0.1323212922E+001   0.1013819603E+001   0.1138658515E+001   0.1024683423E+001
 0.9595960   0.1314167710E+001   0.9973371034E+000   0.1135471940E+001   0.1004380429E+001
 0.9696970   0.1316169917E+001   0.1003705936E+001   0.1137956894E+001   0.1024996264E+001
 0.9797980   0.1326957026E+001   0.1011044683E+001   0.1138653477E+001   0.1012955840E+001
 0.9898990   0.1318545715E+001   0.1001395851E+001   0.1126062503E+001   0.9942685326E+000
 1.0000000   0.1318913039E+001   0.9931596320E+000   0.1128370189E+001   0.9927657071E+000


