#   100 bins for weightfunction of cd                      
 0.0000000    0.2797053528E+001    0.2290968323E+001
 0.0101010    0.2783958435E+001    0.2288592529E+001
 0.0202020    0.2813185120E+001    0.2301522827E+001
 0.0303030    0.2835180664E+001    0.2307521057E+001
 0.0404040    0.2864355469E+001    0.2309913635E+001
 0.0505051    0.2897990417E+001    0.2320643616E+001
 0.0606061    0.2934303284E+001    0.2322886658E+001
 0.0707071    0.2947021484E+001    0.2308290100E+001
 0.0808081    0.3015307617E+001    0.2328311157E+001
 0.0909091    0.3055032349E+001    0.2344758606E+001
 0.1010101    0.3082228088E+001    0.2321751404E+001
 0.1111111    0.3118769836E+001    0.2327276611E+001
 0.1212121    0.3124884033E+001    0.2330081177E+001
 0.1313131    0.3165583801E+001    0.2327935791E+001
 0.1414141    0.3161466980E+001    0.2317155457E+001
 0.1515152    0.3150265503E+001    0.2302348328E+001
 0.1616162    0.3133322144E+001    0.2278004456E+001
 0.1717172    0.3112092590E+001    0.2273716736E+001
 0.1818182    0.3103845215E+001    0.2260250854E+001
 0.1919192    0.3063687134E+001    0.2219308472E+001
 0.2020202    0.3011631775E+001    0.2222781372E+001
 0.2121212    0.2972332764E+001    0.2195166016E+001
 0.2222222    0.2934678650E+001    0.2177667236E+001
 0.2323232    0.2882188416E+001    0.2158090210E+001
 0.2424242    0.2821017456E+001    0.2131138611E+001
 0.2525253    0.2767088318E+001    0.2100218201E+001
 0.2626263    0.2710714722E+001    0.2085299683E+001
 0.2727273    0.2649769592E+001    0.2055960083E+001
 0.2828283    0.2590306091E+001    0.2030038452E+001
 0.2929293    0.2531987000E+001    0.2004559326E+001
 0.3030303    0.2470748901E+001    0.1974520874E+001
 0.3131313    0.2391134644E+001    0.1933401489E+001
 0.3232323    0.2336979675E+001    0.1901759338E+001
 0.3333333    0.2247518921E+001    0.1880413818E+001
 0.3434343    0.2185601807E+001    0.1832351685E+001
 0.3535354    0.2091548157E+001    0.1800183105E+001
 0.3636364    0.2016545105E+001    0.1789967346E+001
 0.3737374    0.1929750061E+001    0.1761404419E+001
 0.3838384    0.1866116333E+001    0.1714120483E+001
 0.3939394    0.1780987549E+001    0.1683277893E+001
 0.4040404    0.1693408203E+001    0.1666146851E+001
 0.4141414    0.1622361755E+001    0.1611842346E+001
 0.4242424    0.1520213318E+001    0.1581169128E+001
 0.4343434    0.1438420105E+001    0.1548474121E+001
 0.4444444    0.1365704346E+001    0.1526856995E+001
 0.4545455    0.1262791443E+001    0.1486669922E+001
 0.4646465    0.1195928955E+001    0.1441273499E+001
 0.4747475    0.1095555115E+001    0.1415330505E+001
 0.4848485    0.9896408081E+000    0.1370043945E+001
 0.4949495    0.8969787598E+000    0.1328498840E+001
 0.5050505    0.8578430176E+000    0.1317327881E+001
 0.5151515    0.8703521729E+000    0.1324911499E+001
 0.5252525    0.8725448608E+000    0.1328959656E+001
 0.5353535    0.8781570435E+000    0.1310955811E+001
 0.5454545    0.8533142090E+000    0.1311494446E+001
 0.5555556    0.8630828857E+000    0.1308163452E+001
 0.5656566    0.8395126343E+000    0.1318972778E+001
 0.5757576    0.8492126465E+000    0.1307812500E+001
 0.5858586    0.8383895874E+000    0.1297238159E+001
 0.5959596    0.8378372192E+000    0.1316793823E+001
 0.6060606    0.8076675415E+000    0.1303233337E+001
 0.6161616    0.7979293823E+000    0.1304624939E+001
 0.6262626    0.7919235230E+000    0.1279185486E+001
 0.6363636    0.7735137939E+000    0.1287150574E+001
 0.6464646    0.7839843750E+000    0.1294024658E+001
 0.6565657    0.7573135376E+000    0.1286323547E+001
 0.6666667    0.7602890015E+000    0.1282530212E+001
 0.6767677    0.7375091553E+000    0.1290264893E+001
 0.6868687    0.7395889282E+000    0.1276483154E+001
 0.6969697    0.7087448120E+000    0.1275054932E+001
 0.7070707    0.7122344971E+000    0.1277110291E+001
 0.7171717    0.6712524414E+000    0.1269668579E+001
 0.7272727    0.6763488770E+000    0.1282852173E+001
 0.7373737    0.6530685425E+000    0.1273815918E+001
 0.7474747    0.6263732910E+000    0.1250404358E+001
 0.7575758    0.6257919312E+000    0.1251617432E+001
 0.7676768    0.5970077515E+000    0.1256544495E+001
 0.7777778    0.5713088989E+000    0.1240013123E+001
 0.7878788    0.5587387085E+000    0.1238285828E+001
 0.7979798    0.5498367310E+000    0.1247171020E+001
 0.8080808    0.5163269043E+000    0.1238964844E+001
 0.8181818    0.5012878418E+000    0.1233856201E+001
 0.8282828    0.4801467896E+000    0.1223713684E+001
 0.8383838    0.4460769653E+000    0.1220176697E+001
 0.8484848    0.4246765137E+000    0.1222395325E+001
 0.8585859    0.3990447998E+000    0.1197154236E+001
 0.8686869    0.3715957642E+000    0.1193212891E+001
 0.8787879    0.3413894653E+000    0.1199687195E+001
 0.8888889    0.3270370483E+000    0.1191046143E+001
 0.8989899    0.2908813477E+000    0.1182102966E+001
 0.9090909    0.2709716797E+000    0.1177130127E+001
 0.9191919    0.2366500854E+000    0.1173591614E+001
 0.9292929    0.2108734131E+000    0.1173591614E+001
 0.9393939    0.1719100952E+000    0.1150755310E+001
 0.9494949    0.1490020752E+000    0.1147993469E+001
 0.9595960    0.1096603394E+000    0.1141624451E+001
 0.9696970    0.9528961182E-001    0.1146589661E+001
 0.9797980    0.4181213379E-001    0.1120735168E+001
 0.9898990    0.6774902344E-002    0.1109797668E+001
 1.0000000    0.0000000000E+000    0.1121914673E+001


#   100 bins for weightfunction of Ar                      
 0.0000000    0.1092254639E+001    0.4200592041E+000
 0.0101010    0.1104074097E+001    0.4192810059E+000
 0.0202020    0.1110519409E+001    0.4305572510E+000
 0.0303030    0.1123031616E+001    0.4187530518E+000
 0.0404040    0.1137792969E+001    0.4333267212E+000
 0.0505051    0.1174270630E+001    0.4467300415E+000
 0.0606061    0.1189723206E+001    0.4213897705E+000
 0.0707071    0.1236993408E+001    0.4444122314E+000
 0.0808081    0.1282043457E+001    0.4520065308E+000
 0.0909091    0.1329733276E+001    0.4663742065E+000
 0.1010101    0.1366445923E+001    0.4533416748E+000
 0.1111111    0.1422418213E+001    0.4787780762E+000
 0.1212121    0.1471426392E+001    0.4864334106E+000
 0.1313131    0.1508021545E+001    0.4792617798E+000
 0.1414141    0.1563227844E+001    0.5008590698E+000
 0.1515152    0.1575770569E+001    0.4877243042E+000
 0.1616162    0.1603326416E+001    0.4791839600E+000
 0.1717172    0.1624984741E+001    0.4927169800E+000
 0.1818182    0.1627900696E+001    0.4713378906E+000
 0.1919192    0.1638786316E+001    0.4887298584E+000
 0.2020202    0.1634329224E+001    0.4751937866E+000
 0.2121212    0.1621940613E+001    0.4515457153E+000
 0.2222222    0.1613989258E+001    0.4518630981E+000
 0.2323232    0.1604231262E+001    0.4428527832E+000
 0.2424242    0.1572782898E+001    0.4347427368E+000
 0.2525253    0.1537361145E+001    0.4116500855E+000
 0.2626263    0.1531346130E+001    0.4037521362E+000
 0.2727273    0.1491537476E+001    0.4023559570E+000
 0.2828283    0.1464805603E+001    0.3870147705E+000
 0.2929293    0.1444885254E+001    0.3607147217E+000
 0.3030303    0.1398178101E+001    0.3436798096E+000
 0.3131313    0.1362831116E+001    0.3209793091E+000
 0.3232323    0.1341288757E+001    0.3182632446E+000
 0.3333333    0.1291986084E+001    0.2984817505E+000
 0.3434343    0.1245996094E+001    0.2926956177E+000
 0.3535354    0.1212905884E+001    0.2762969971E+000
 0.3636364    0.1181079102E+001    0.2560775757E+000
 0.3737374    0.1129882813E+001    0.2469421387E+000
 0.3838384    0.1099642944E+001    0.2223052979E+000
 0.3939394    0.1055152893E+001    0.2088470459E+000
 0.4040404    0.1008767700E+001    0.1797775269E+000
 0.4141414    0.9700531006E+000    0.1570205688E+000
 0.4242424    0.9130523682E+000    0.1433471680E+000
 0.4343434    0.8706542969E+000    0.1365966797E+000
 0.4444444    0.8203567505E+000    0.1124191284E+000
 0.4545455    0.7736862183E+000    0.1034561157E+000
 0.4646465    0.7214157105E+000    0.8503112793E-001
 0.4747475    0.6914001465E+000    0.5541534424E-001
 0.4848485    0.6263534546E+000    0.3850860596E-001
 0.4949495    0.5792221069E+000    0.2543792725E-001
 0.5050505    0.5624145508E+000    0.0000000000E+000
 0.5151515    0.5457977295E+000    0.1498260498E-001
 0.5252525    0.5656417847E+000    0.1215667725E-001
 0.5353535    0.5697265625E+000    0.1861572266E-001
 0.5454545    0.5651306152E+000    0.1519165039E-001
 0.5555556    0.5622467041E+000    0.1347808838E-001
 0.5656566    0.5547073364E+000    0.2359924316E-001
 0.5757576    0.5543716431E+000    0.7151794434E-002
 0.5858586    0.5723205566E+000    0.1908264160E-001
 0.5959596    0.5575073242E+000    0.1055603027E-001
 0.6060606    0.5596389771E+000    0.1041870117E-001
 0.6161616    0.5733581543E+000    0.1613006592E-001
 0.6262626    0.5584640503E+000    0.1597900391E-001
 0.6363636    0.5602767944E+000    0.4000854492E-002
 0.6464646    0.5659317017E+000    0.2404174805E-001
 0.6565657    0.5518936157E+000    0.1354522705E-001
 0.6666667    0.5721710205E+000    0.7705688477E-002
 0.6767677    0.5614456177E+000    0.5015563965E-002
 0.6868687    0.5573348999E+000    0.2249450684E-001
 0.6969697    0.5626419067E+000    0.1986236572E-001
 0.7070707    0.5694564819E+000    0.1711120605E-001
 0.7171717    0.5620346069E+000    0.1431121826E-001
 0.7272727    0.5591369629E+000    0.1229705811E-001
 0.7373737    0.5606567383E+000    0.2150878906E-001
 0.7474747    0.5530120850E+000    0.8100891113E-002
 0.7575758    0.5668289185E+000    0.2333374023E-001
 0.7676768    0.5623748779E+000    0.1520385742E-001
 0.7777778    0.5623611450E+000    0.1895294189E-001
 0.7878788    0.5647766113E+000    0.1678009033E-001
 0.7979798    0.5698242188E+000    0.2394561768E-001
 0.8080808    0.5584274292E+000    0.7472229004E-002
 0.8181818    0.5584136963E+000    0.1308135986E-001
 0.8282828    0.5684188843E+000    0.2175140381E-001
 0.8383838    0.5547393799E+000    0.1207122803E-001
 0.8484848    0.5538208008E+000    0.9196472168E-002
 0.8585859    0.5622833252E+000    0.2061004639E-001
 0.8686869    0.5640411377E+000    0.1776885986E-001
 0.8787879    0.5656723022E+000    0.1399841309E-001
 0.8888889    0.5710510254E+000    0.1904449463E-001
 0.8989899    0.5685623169E+000    0.2357177734E-001
 0.9090909    0.5556671143E+000    0.9487915039E-002
 0.9191919    0.5642211914E+000    0.1937713623E-001
 0.9292929    0.5653121948E+000    0.2148590088E-001
 0.9393939    0.5645584106E+000    0.2681121826E-001
 0.9494949    0.5654251099E+000    0.1668853760E-001
 0.9595960    0.5688903809E+000    0.2193908691E-001
 0.9696970    0.5690368652E+000    0.1990051270E-001
 0.9797980    0.5712661743E+000    0.2674713135E-001
 0.9898990    0.5759063721E+000    0.2744750977E-001
 1.0000000    0.5626144409E+000    0.1995697021E-001


