#   100 bins for weightfunction of cd                      
 0.0000000    0.3065692139E+001    0.1650157166E+001
 0.0101010    0.3055897522E+001    0.1650276184E+001
 0.0202020    0.3088803101E+001    0.1650747681E+001
 0.0303030    0.3087574768E+001    0.1620939636E+001
 0.0404040    0.3181756592E+001    0.1672819519E+001
 0.0505051    0.3184176636E+001    0.1651679993E+001
 0.0606061    0.3250674438E+001    0.1663972473E+001
 0.0707071    0.3343896484E+001    0.1670547485E+001
 0.0808081    0.3385897827E+001    0.1683685303E+001
 0.0909091    0.3478970337E+001    0.1694613647E+001
 0.1010101    0.3523481750E+001    0.1672918701E+001
 0.1111111    0.3577984619E+001    0.1675363159E+001
 0.1212121    0.3629029846E+001    0.1658625793E+001
 0.1313131    0.3673155212E+001    0.1675416565E+001
 0.1414141    0.3708795166E+001    0.1659950256E+001
 0.1515152    0.3715034485E+001    0.1632160950E+001
 0.1616162    0.3716484070E+001    0.1644606018E+001
 0.1717172    0.3722946167E+001    0.1617326355E+001
 0.1818182    0.3696530151E+001    0.1612026978E+001
 0.1919192    0.3681076050E+001    0.1599180603E+001
 0.2020202    0.3631639099E+001    0.1558776855E+001
 0.2121212    0.3614160156E+001    0.1539976501E+001
 0.2222222    0.3523538208E+001    0.1512954712E+001
 0.2323232    0.3480215454E+001    0.1502435303E+001
 0.2424242    0.3430804443E+001    0.1487507629E+001
 0.2525253    0.3348944092E+001    0.1443969727E+001
 0.2626263    0.3292614746E+001    0.1436347961E+001
 0.2727273    0.3233329773E+001    0.1406359863E+001
 0.2828283    0.3159403992E+001    0.1397032166E+001
 0.2929293    0.3097619629E+001    0.1358673096E+001
 0.3030303    0.2997175598E+001    0.1348643494E+001
 0.3131313    0.2919639587E+001    0.1301475525E+001
 0.3232323    0.2808499146E+001    0.1287037659E+001
 0.3333333    0.2737501526E+001    0.1228396606E+001
 0.3434343    0.2683509827E+001    0.1216627502E+001
 0.3535354    0.2590798950E+001    0.1192921448E+001
 0.3636364    0.2497677612E+001    0.1161933899E+001
 0.3737374    0.2395861816E+001    0.1121153259E+001
 0.3838384    0.2309300232E+001    0.1081529236E+001
 0.3939394    0.2222500610E+001    0.1077079773E+001
 0.4040404    0.2134336853E+001    0.1019976807E+001
 0.4141414    0.2020297241E+001    0.9717926025E+000
 0.4242424    0.1898867798E+001    0.9562957764E+000
 0.4343434    0.1811550903E+001    0.9274398804E+000
 0.4444444    0.1723884583E+001    0.8984207153E+000
 0.4545455    0.1608345032E+001    0.8483444214E+000
 0.4646465    0.1499517822E+001    0.8229507446E+000
 0.4747475    0.1411688232E+001    0.8013092041E+000
 0.4848485    0.1281243896E+001    0.7793228149E+000
 0.4949495    0.1198233032E+001    0.7064392090E+000
 0.5050505    0.1134118652E+001    0.7112380981E+000
 0.5151515    0.1125318909E+001    0.7014282227E+000
 0.5252525    0.1150733948E+001    0.6920257568E+000
 0.5353535    0.1135054016E+001    0.7067825317E+000
 0.5454545    0.1149037170E+001    0.6926971436E+000
 0.5555556    0.1120452881E+001    0.6868637085E+000
 0.5656566    0.1129351807E+001    0.7032577515E+000
 0.5757576    0.1100590515E+001    0.7052917480E+000
 0.5858586    0.1119369507E+001    0.7174362183E+000
 0.5959596    0.1093458557E+001    0.6910003662E+000
 0.6060606    0.1090597534E+001    0.6867584229E+000
 0.6161616    0.1064299011E+001    0.6818527222E+000
 0.6262626    0.1057797241E+001    0.6952087402E+000
 0.6363636    0.1027563477E+001    0.6816040039E+000
 0.6464646    0.1036093140E+001    0.6850784302E+000
 0.6565657    0.1016484070E+001    0.6716293335E+000
 0.6666667    0.1007702637E+001    0.6825714111E+000
 0.6767677    0.9680801392E+000    0.6722183228E+000
 0.6868687    0.9706512451E+000    0.6950698853E+000
 0.6969697    0.9713989258E+000    0.6616973877E+000
 0.7070707    0.9354827881E+000    0.6773696899E+000
 0.7171717    0.8980255127E+000    0.6620834351E+000
 0.7272727    0.8953063965E+000    0.6598449707E+000
 0.7373737    0.8782470703E+000    0.6628036499E+000
 0.7474747    0.8446746826E+000    0.6470428467E+000
 0.7575758    0.8269744873E+000    0.6584411621E+000
 0.7676768    0.8000061035E+000    0.6474670410E+000
 0.7777778    0.7851135254E+000    0.6532333374E+000
 0.7878788    0.7659591675E+000    0.6594116211E+000
 0.7979798    0.7245223999E+000    0.6327621460E+000
 0.8080808    0.6943420410E+000    0.6362426758E+000
 0.8181818    0.6591705322E+000    0.6091537476E+000
 0.8282828    0.6447296143E+000    0.6131500244E+000
 0.8383838    0.6101119995E+000    0.6176544189E+000
 0.8484848    0.5681854248E+000    0.5946594238E+000
 0.8585859    0.5262283325E+000    0.5833526611E+000
 0.8686869    0.5011871338E+000    0.5895858765E+000
 0.8787879    0.4673278809E+000    0.5881118774E+000
 0.8888889    0.4299301147E+000    0.5801452637E+000
 0.8989899    0.3921997070E+000    0.5451965332E+000
 0.9090909    0.3299667358E+000    0.5402160645E+000
 0.9191919    0.3380783081E+000    0.5614715576E+000
 0.9292929    0.2726257324E+000    0.5351501465E+000
 0.9393939    0.2398132324E+000    0.5362731934E+000
 0.9494949    0.2137191772E+000    0.5432250977E+000
 0.9595960    0.1653854370E+000    0.5278106689E+000
 0.9696970    0.1057434082E+000    0.4968154907E+000
 0.9797980    0.8018493652E-001    0.5161895752E+000
 0.9898990    0.3297882080E-001    0.5047302246E+000
 1.0000000    0.0000000000E+000    0.4905868530E+000


#   100 bins for weightfunction of Ar                      
 0.0000000    0.1834863281E+001    0.4192337036E+000
 0.0101010    0.1806262207E+001    0.3934295654E+000
 0.0202020    0.1818962097E+001    0.3865402222E+000
 0.0303030    0.1843690491E+001    0.4081314087E+000
 0.0404040    0.1890748596E+001    0.4373260498E+000
 0.0505051    0.1922392273E+001    0.4392501831E+000
 0.0606061    0.1934944153E+001    0.4161590576E+000
 0.0707071    0.2029829407E+001    0.4510528564E+000
 0.0808081    0.2071907043E+001    0.4486389160E+000
 0.0909091    0.2132289124E+001    0.4531875610E+000
 0.1010101    0.2193649292E+001    0.4514877319E+000
 0.1111111    0.2286526489E+001    0.4570907593E+000
 0.1212121    0.2301524353E+001    0.4469909668E+000
 0.1313131    0.2415782166E+001    0.4733383179E+000
 0.1414141    0.2457229614E+001    0.4759170532E+000
 0.1515152    0.2481181335E+001    0.4383514404E+000
 0.1616162    0.2544613647E+001    0.4763290405E+000
 0.1717172    0.2560099792E+001    0.4778472900E+000
 0.1818182    0.2594061279E+001    0.4467575073E+000
 0.1919192    0.2579687500E+001    0.4644805908E+000
 0.2020202    0.2612547302E+001    0.4667419434E+000
 0.2121212    0.2596028137E+001    0.4480041504E+000
 0.2222222    0.2612985229E+001    0.4430755615E+000
 0.2323232    0.2591262817E+001    0.4292587280E+000
 0.2424242    0.2566493225E+001    0.4252288818E+000
 0.2525253    0.2535115051E+001    0.4209091187E+000
 0.2626263    0.2490168762E+001    0.3983032227E+000
 0.2727273    0.2483943176E+001    0.3871353149E+000
 0.2828283    0.2429829407E+001    0.3550689697E+000
 0.2929293    0.2421710205E+001    0.3522750854E+000
 0.3030303    0.2364588928E+001    0.3374084473E+000
 0.3131313    0.2360961914E+001    0.3463867187E+000
 0.3232323    0.2305737305E+001    0.3010696411E+000
 0.3333333    0.2251930237E+001    0.3127624512E+000
 0.3434343    0.2248721313E+001    0.2765655518E+000
 0.3535354    0.2188340759E+001    0.2908645630E+000
 0.3636364    0.2138897705E+001    0.2532272339E+000
 0.3737374    0.2118601990E+001    0.2172531128E+000
 0.3838384    0.2026876831E+001    0.2441589355E+000
 0.3939394    0.2013505554E+001    0.1913757324E+000
 0.4040404    0.1954444885E+001    0.2037353516E+000
 0.4141414    0.1907189941E+001    0.1688354492E+000
 0.4242424    0.1859767151E+001    0.1230117798E+000
 0.4343434    0.1799604797E+001    0.1349594116E+000
 0.4444444    0.1747419739E+001    0.1141281128E+000
 0.4545455    0.1658729553E+001    0.1046707153E+000
 0.4646465    0.1620890808E+001    0.1072525024E+000
 0.4747475    0.1572624207E+001    0.7057342529E-001
 0.4848485    0.1510929871E+001    0.5544433594E-001
 0.4949495    0.1481500244E+001    0.2623596191E-001
 0.5050505    0.1446218872E+001    0.2290954590E-001
 0.5151515    0.1423771667E+001    0.1650543213E-001
 0.5252525    0.1452841187E+001    0.6221008301E-002
 0.5353535    0.1428108215E+001    0.2580871582E-001
 0.5454545    0.1452946472E+001    0.2747497559E-001
 0.5555556    0.1453182983E+001    0.3751373291E-001
 0.5656566    0.1456579590E+001    0.4521179199E-002
 0.5757576    0.1442628479E+001    0.1277618408E-001
 0.5858586    0.1453187561E+001    0.2702484131E-001
 0.5959596    0.1413111877E+001    0.1528930664E-002
 0.6060606    0.1438316345E+001    0.3485412598E-001
 0.6161616    0.1442495728E+001    0.1886749268E-001
 0.6262626    0.1448847961E+001    0.2782745361E-001
 0.6363636    0.1446578979E+001    0.0000000000E+000
 0.6464646    0.1436680603E+001    0.1006317139E-001
 0.6565657    0.1436038208E+001    0.3205566406E-001
 0.6666667    0.1446658325E+001    0.3648376465E-002
 0.6767677    0.1461557007E+001    0.3215026855E-002
 0.6868687    0.1446145630E+001    0.2755584717E-001
 0.6969697    0.1445004272E+001    0.2800903320E-001
 0.7070707    0.1428984070E+001    0.1610412598E-001
 0.7171717    0.1431072998E+001    0.9069824219E-002
 0.7272727    0.1433357239E+001    0.1447448730E-001
 0.7373737    0.1440922546E+001    0.1835479736E-001
 0.7474747    0.1443128967E+001    0.2157440186E-001
 0.7575758    0.1432743835E+001    0.1102600098E-001
 0.7676768    0.1438194275E+001    0.2197723389E-001
 0.7777778    0.1445698547E+001    0.2554626465E-001
 0.7878788    0.1440139771E+001    0.1686096191E-001
 0.7979798    0.1442103577E+001    0.2423248291E-001
 0.8080808    0.1437747192E+001    0.1608734131E-001
 0.8181818    0.1447709656E+001    0.2598571777E-001
 0.8282828    0.1431018066E+001    0.2901763916E-001
 0.8383838    0.1436749268E+001    0.2909698486E-001
 0.8484848    0.1446722412E+001    0.3916778564E-001
 0.8585859    0.1436195374E+001    0.1224822998E-001
 0.8686869    0.1422906494E+001    0.4307556152E-002
 0.8787879    0.1444151306E+001    0.2399444580E-001
 0.8888889    0.1429573059E+001    0.1212310791E-001
 0.8989899    0.1444200134E+001    0.3270568848E-001
 0.9090909    0.1431097412E+001    0.1754150391E-001
 0.9191919    0.1427856445E+001    0.8869934082E-002
 0.9292929    0.1430834961E+001    0.2292938232E-001
 0.9393939    0.1442967224E+001    0.3127746582E-001
 0.9494949    0.1420274353E+001    0.1145629883E-001
 0.9595960    0.1454759216E+001    0.3186645508E-001
 0.9696970    0.1431797791E+001    0.1284027100E-001
 0.9797980    0.1447743225E+001    0.2487030029E-001
 0.9898990    0.1416505432E+001    0.2273559570E-002
 1.0000000    0.1417173767E+001    0.1388397217E-001


