#   100 bins for weightfunction of cd                      
 0.0000000    0.3202561951E+001    0.1849392700E+001
 0.0101010    0.3186068726E+001    0.1827502441E+001
 0.0202020    0.3204452515E+001    0.1835980225E+001
 0.0303030    0.3256173706E+001    0.1830049133E+001
 0.0404040    0.3260833740E+001    0.1822122192E+001
 0.0505051    0.3308045959E+001    0.1807412720E+001
 0.0606061    0.3340736389E+001    0.1794383240E+001
 0.0707071    0.3450053406E+001    0.1815278625E+001
 0.0808081    0.3492845154E+001    0.1811126709E+001
 0.0909091    0.3585192871E+001    0.1815005493E+001
 0.1010101    0.3652955627E+001    0.1827532959E+001
 0.1111111    0.3761421204E+001    0.1837686157E+001
 0.1212121    0.3799285889E+001    0.1828625488E+001
 0.1313131    0.3836073303E+001    0.1821553040E+001
 0.1414141    0.3870938110E+001    0.1806498718E+001
 0.1515152    0.3931718445E+001    0.1812115479E+001
 0.1616162    0.3889968872E+001    0.1790075684E+001
 0.1717172    0.3873457336E+001    0.1775978088E+001
 0.1818182    0.3878048706E+001    0.1755812073E+001
 0.1919192    0.3841470337E+001    0.1765127563E+001
 0.2020202    0.3832005310E+001    0.1730540466E+001
 0.2121212    0.3772601318E+001    0.1711784363E+001
 0.2222222    0.3686500549E+001    0.1722015381E+001
 0.2323232    0.3670021057E+001    0.1697981262E+001
 0.2424242    0.3614956665E+001    0.1643763733E+001
 0.2525253    0.3502851868E+001    0.1635670471E+001
 0.2626263    0.3470043945E+001    0.1606135559E+001
 0.2727273    0.3412832642E+001    0.1607948303E+001
 0.2828283    0.3357356262E+001    0.1569900513E+001
 0.2929293    0.3284497070E+001    0.1546578979E+001
 0.3030303    0.3163209534E+001    0.1525944519E+001
 0.3131313    0.3107510376E+001    0.1498275757E+001
 0.3232323    0.2990716553E+001    0.1444593811E+001
 0.3333333    0.2890029907E+001    0.1448045349E+001
 0.3434343    0.2805868530E+001    0.1422657776E+001
 0.3535354    0.2707766724E+001    0.1398867798E+001
 0.3636364    0.2603857422E+001    0.1391188049E+001
 0.3737374    0.2507797241E+001    0.1336676025E+001
 0.3838384    0.2431901550E+001    0.1305133057E+001
 0.3939394    0.2335939026E+001    0.1279234314E+001
 0.4040404    0.2250434875E+001    0.1227682495E+001
 0.4141414    0.2134616089E+001    0.1224197388E+001
 0.4242424    0.2019146729E+001    0.1196560669E+001
 0.4343434    0.1939144897E+001    0.1165975952E+001
 0.4444444    0.1810606384E+001    0.1136248779E+001
 0.4545455    0.1702072144E+001    0.1102900696E+001
 0.4646465    0.1606001282E+001    0.1092706299E+001
 0.4747475    0.1466664124E+001    0.1041644287E+001
 0.4848485    0.1397500610E+001    0.1004493713E+001
 0.4949495    0.1280531311E+001    0.9941635132E+000
 0.5050505    0.1219526672E+001    0.1008497620E+001
 0.5151515    0.1216777039E+001    0.9729248047E+000
 0.5252525    0.1218128967E+001    0.9966247559E+000
 0.5353535    0.1209750366E+001    0.9764343262E+000
 0.5454545    0.1189001465E+001    0.1012005615E+001
 0.5555556    0.1195161438E+001    0.9824615479E+000
 0.5656566    0.1225958252E+001    0.9494918823E+000
 0.5757576    0.1195307922E+001    0.9646575928E+000
 0.5858586    0.1187446594E+001    0.9617858887E+000
 0.5959596    0.1150032043E+001    0.9848709106E+000
 0.6060606    0.1181291199E+001    0.9831024170E+000
 0.6161616    0.1144175720E+001    0.9685516357E+000
 0.6262626    0.1140196228E+001    0.9580291748E+000
 0.6363636    0.1085156250E+001    0.9272598267E+000
 0.6464646    0.1126992798E+001    0.9680374146E+000
 0.6565657    0.1061598206E+001    0.9785446167E+000
 0.6666667    0.1069807434E+001    0.9456176758E+000
 0.6767677    0.1044850159E+001    0.9582427979E+000
 0.6868687    0.1048457336E+001    0.9525299072E+000
 0.6969697    0.1029156494E+001    0.9924301147E+000
 0.7070707    0.1001152039E+001    0.9770309448E+000
 0.7171717    0.9744979858E+000    0.9770751953E+000
 0.7272727    0.9633361816E+000    0.9710052490E+000
 0.7373737    0.9349304199E+000    0.9557998657E+000
 0.7474747    0.9135513306E+000    0.9674102783E+000
 0.7575758    0.8791488647E+000    0.9607192993E+000
 0.7676768    0.8557617188E+000    0.9473434448E+000
 0.7777778    0.8234176636E+000    0.9434112549E+000
 0.7878788    0.8059906006E+000    0.9533157349E+000
 0.7979798    0.7694839478E+000    0.9346755981E+000
 0.8080808    0.7322021484E+000    0.9163787842E+000
 0.8181818    0.6923583984E+000    0.9259979248E+000
 0.8282828    0.6878372192E+000    0.9273162842E+000
 0.8383838    0.6527175903E+000    0.9379714966E+000
 0.8484848    0.6257003784E+000    0.9218231201E+000
 0.8585859    0.5658020020E+000    0.9044448853E+000
 0.8686869    0.5475616455E+000    0.8995010376E+000
 0.8787879    0.4839447021E+000    0.8846145630E+000
 0.8888889    0.4764846802E+000    0.8969940186E+000
 0.8989899    0.4201446533E+000    0.8780288696E+000
 0.9090909    0.3899291992E+000    0.8763427734E+000
 0.9191919    0.3656433105E+000    0.8986572266E+000
 0.9292929    0.2959884644E+000    0.8574295044E+000
 0.9393939    0.2529174805E+000    0.8504669189E+000
 0.9494949    0.2167190552E+000    0.8487411499E+000
 0.9595960    0.1501602173E+000    0.8224441528E+000
 0.9696970    0.1586288452E+000    0.8546249390E+000
 0.9797980    0.5928039551E-001    0.8155532837E+000
 0.9898990    0.3691558838E-001    0.8281204224E+000
 1.0000000    0.0000000000E+000    0.8129821777E+000


#   100 bins for weightfunction of Ar                      
 0.0000000    0.1748741150E+001    0.3770965576E+000
 0.0101010    0.1731105042E+001    0.3788497925E+000
 0.0202020    0.1725547791E+001    0.3403427124E+000
 0.0303030    0.1767048645E+001    0.3916549683E+000
 0.0404040    0.1820574951E+001    0.4065597534E+000
 0.0505051    0.1837216187E+001    0.3967407227E+000
 0.0606061    0.1903486633E+001    0.4067474365E+000
 0.0707071    0.1963406372E+001    0.4157760620E+000
 0.0808081    0.2031636047E+001    0.4162826538E+000
 0.0909091    0.2093733215E+001    0.4171524048E+000
 0.1010101    0.2191123962E+001    0.4479537964E+000
 0.1111111    0.2240594482E+001    0.4187454224E+000
 0.1212121    0.2283813477E+001    0.3977096558E+000
 0.1313131    0.2382386780E+001    0.4420867920E+000
 0.1414141    0.2443055725E+001    0.4382492065E+000
 0.1515152    0.2537541199E+001    0.4271087646E+000
 0.1616162    0.2558499146E+001    0.4509323120E+000
 0.1717172    0.2595219421E+001    0.4358337402E+000
 0.1818182    0.2659936523E+001    0.4260055542E+000
 0.1919192    0.2646937561E+001    0.4309600830E+000
 0.2020202    0.2651484680E+001    0.4139907837E+000
 0.2121212    0.2665884399E+001    0.4051223755E+000
 0.2222222    0.2629237366E+001    0.4082565308E+000
 0.2323232    0.2621661377E+001    0.3775131226E+000
 0.2424242    0.2636721802E+001    0.4082901001E+000
 0.2525253    0.2603967285E+001    0.3593276978E+000
 0.2626263    0.2572912598E+001    0.3222305298E+000
 0.2727273    0.2573242187E+001    0.3536926270E+000
 0.2828283    0.2527340698E+001    0.3453399658E+000
 0.2929293    0.2476707458E+001    0.3476882935E+000
 0.3030303    0.2438356018E+001    0.3212432861E+000
 0.3131313    0.2432218933E+001    0.2772140503E+000
 0.3232323    0.2371862793E+001    0.2743179321E+000
 0.3333333    0.2345860291E+001    0.2823364258E+000
 0.3434343    0.2279505920E+001    0.2528060913E+000
 0.3535354    0.2226304626E+001    0.2261291504E+000
 0.3636364    0.2214416504E+001    0.2497161865E+000
 0.3737374    0.2170155334E+001    0.2196273804E+000
 0.3838384    0.2096046448E+001    0.2155761719E+000
 0.3939394    0.2038973999E+001    0.2097686768E+000
 0.4040404    0.2000692749E+001    0.1721282959E+000
 0.4141414    0.1961068726E+001    0.1673919678E+000
 0.4242424    0.1894454956E+001    0.1727081299E+000
 0.4343434    0.1845890808E+001    0.1435562134E+000
 0.4444444    0.1811451721E+001    0.1042694092E+000
 0.4545455    0.1734857178E+001    0.1009902954E+000
 0.4646465    0.1671780396E+001    0.7171173096E-001
 0.4747475    0.1655609131E+001    0.7682952881E-001
 0.4848485    0.1555334473E+001    0.4281616211E-001
 0.4949495    0.1495886230E+001    0.4980621338E-001
 0.5050505    0.1507362366E+001    0.2598419189E-001
 0.5151515    0.1480586243E+001    0.2617034912E-001
 0.5252525    0.1470983887E+001    0.4141387939E-001
 0.5353535    0.1482830811E+001    0.4234161377E-001
 0.5454545    0.1459918213E+001    0.3668212891E-001
 0.5555556    0.1462713623E+001    0.5995178223E-002
 0.5656566    0.1479408264E+001    0.1600952148E-001
 0.5757576    0.1447880554E+001    0.1007843018E-001
 0.5858586    0.1479205322E+001    0.6733703613E-002
 0.5959596    0.1469105530E+001    0.2212066650E-001
 0.6060606    0.1495733643E+001    0.4856567383E-001
 0.6161616    0.1455833435E+001    0.3917999268E-001
 0.6262626    0.1484315491E+001    0.3713378906E-001
 0.6363636    0.1445426941E+001    0.9567260742E-002
 0.6464646    0.1467980957E+001    0.5366210938E-001
 0.6565657    0.1486595154E+001    0.9841918945E-002
 0.6666667    0.1468888855E+001    0.4324340820E-002
 0.6767677    0.1477055359E+001    0.4221801758E-001
 0.6868687    0.1460815430E+001    0.0000000000E+000
 0.6969697    0.1471760559E+001    0.2745361328E-001
 0.7070707    0.1480589294E+001    0.4556732178E-001
 0.7171717    0.1458654785E+001    0.9707641602E-002
 0.7272727    0.1462673950E+001    0.1705780029E-001
 0.7373737    0.1480953979E+001    0.3731384277E-001
 0.7474747    0.1468275452E+001    0.2084350586E-001
 0.7575758    0.1470684814E+001    0.2096710205E-001
 0.7676768    0.1473057556E+001    0.3520965576E-001
 0.7777778    0.1476608276E+001    0.1879730225E-001
 0.7878788    0.1463923645E+001    0.2980194092E-001
 0.7979798    0.1493099976E+001    0.4021301270E-001
 0.8080808    0.1477284241E+001    0.3231811523E-001
 0.8181818    0.1459585571E+001    0.2476043701E-001
 0.8282828    0.1491914368E+001    0.5552825928E-001
 0.8383838    0.1478598022E+001    0.3681030273E-001
 0.8484848    0.1457470703E+001    0.2037658691E-001
 0.8585859    0.1471636963E+001    0.2057800293E-001
 0.8686869    0.1457818604E+001    0.2210388184E-001
 0.8787879    0.1473484802E+001    0.2526855469E-001
 0.8888889    0.1472224426E+001    0.2359924316E-001
 0.8989899    0.1479719543E+001    0.3866577148E-001
 0.9090909    0.1462881470E+001    0.1817474365E-001
 0.9191919    0.1465541077E+001    0.2282409668E-001
 0.9292929    0.1464880371E+001    0.2841949463E-001
 0.9393939    0.1473463440E+001    0.2972259521E-001
 0.9494949    0.1496899414E+001    0.5065917969E-001
 0.9595960    0.1459451294E+001    0.2141113281E-001
 0.9696970    0.1485842896E+001    0.4536895752E-001
 0.9797980    0.1448712158E+001    0.2342376709E-001
 0.9898990    0.1497050476E+001    0.5968170166E-001
 1.0000000    0.1475314331E+001    0.4873657227E-001


