#   100 bins for weightfunction of cd                      
 0.0000000    0.3182118225E+001    0.1771582031E+001
 0.0101010    0.3198408508E+001    0.1799006653E+001
 0.0202020    0.3183010864E+001    0.1759820557E+001
 0.0303030    0.3210400391E+001    0.1774702454E+001
 0.0404040    0.3257554626E+001    0.1775422668E+001
 0.0505051    0.3318719482E+001    0.1768623352E+001
 0.0606061    0.3353215027E+001    0.1744209290E+001
 0.0707071    0.3476351929E+001    0.1799313354E+001
 0.0808081    0.3522581482E+001    0.1762605286E+001
 0.0909091    0.3600537109E+001    0.1791285706E+001
 0.1010101    0.3662059021E+001    0.1779591370E+001
 0.1111111    0.3755924988E+001    0.1779641724E+001
 0.1212121    0.3777124023E+001    0.1735443115E+001
 0.1313131    0.3821012878E+001    0.1754974365E+001
 0.1414141    0.3886177063E+001    0.1779785156E+001
 0.1515152    0.3887213135E+001    0.1727818298E+001
 0.1616162    0.3901213074E+001    0.1757136536E+001
 0.1717172    0.3934127808E+001    0.1721777344E+001
 0.1818182    0.3914784241E+001    0.1721337891E+001
 0.1919192    0.3879846191E+001    0.1681922913E+001
 0.2020202    0.3798362732E+001    0.1683146667E+001
 0.2121212    0.3794796753E+001    0.1643267822E+001
 0.2222222    0.3735882568E+001    0.1623973083E+001
 0.2323232    0.3671054077E+001    0.1634678650E+001
 0.2424242    0.3614466858E+001    0.1610633850E+001
 0.2525253    0.3555339050E+001    0.1593460083E+001
 0.2626263    0.3526048279E+001    0.1572531128E+001
 0.2727273    0.3415065002E+001    0.1559294128E+001
 0.2828283    0.3370773315E+001    0.1544187927E+001
 0.2929293    0.3279339600E+001    0.1523522949E+001
 0.3030303    0.3160191345E+001    0.1480888367E+001
 0.3131313    0.3127461243E+001    0.1474009705E+001
 0.3232323    0.3030741882E+001    0.1469419861E+001
 0.3333333    0.2919564819E+001    0.1449813843E+001
 0.3434343    0.2862493896E+001    0.1389390564E+001
 0.3535354    0.2771928406E+001    0.1403683472E+001
 0.3636364    0.2630616760E+001    0.1376165771E+001
 0.3737374    0.2533370972E+001    0.1331275940E+001
 0.3838384    0.2434028625E+001    0.1304156494E+001
 0.3939394    0.2330276489E+001    0.1278338623E+001
 0.4040404    0.2242846680E+001    0.1248184204E+001
 0.4141414    0.2109088135E+001    0.1230654907E+001
 0.4242424    0.2006895447E+001    0.1187222290E+001
 0.4343434    0.1928813171E+001    0.1177000427E+001
 0.4444444    0.1849858093E+001    0.1153227234E+001
 0.4545455    0.1699114990E+001    0.1110026550E+001
 0.4646465    0.1612623596E+001    0.1090538025E+001
 0.4747475    0.1507676697E+001    0.1067028809E+001
 0.4848485    0.1392367554E+001    0.1050564575E+001
 0.4949495    0.1265899658E+001    0.9923706055E+000
 0.5050505    0.1220617676E+001    0.9890213013E+000
 0.5151515    0.1222288513E+001    0.9969085693E+000
 0.5252525    0.1208023071E+001    0.1017155457E+001
 0.5353535    0.1203306580E+001    0.9743408203E+000
 0.5454545    0.1192573547E+001    0.9957962036E+000
 0.5555556    0.1191387939E+001    0.9705429077E+000
 0.5656566    0.1201469421E+001    0.9879104614E+000
 0.5757576    0.1209654236E+001    0.1012948608E+001
 0.5858586    0.1187841797E+001    0.9766815186E+000
 0.5959596    0.1171690369E+001    0.9775741577E+000
 0.6060606    0.1143295288E+001    0.1002835083E+001
 0.6161616    0.1154536438E+001    0.1006330872E+001
 0.6262626    0.1143069458E+001    0.9819747925E+000
 0.6363636    0.1131892395E+001    0.9730957031E+000
 0.6464646    0.1092326355E+001    0.9742370605E+000
 0.6565657    0.1067250061E+001    0.9691467285E+000
 0.6666667    0.1062290955E+001    0.9547103882E+000
 0.6767677    0.1052525330E+001    0.9659210205E+000
 0.6868687    0.1038197327E+001    0.9679061890E+000
 0.6969697    0.1008676147E+001    0.9392059326E+000
 0.7070707    0.9688995361E+000    0.9521987915E+000
 0.7171717    0.9447479248E+000    0.9420822144E+000
 0.7272727    0.9496871948E+000    0.9589569092E+000
 0.7373737    0.9318054199E+000    0.9444473267E+000
 0.7474747    0.9026580811E+000    0.9473266602E+000
 0.7575758    0.8660949707E+000    0.9468383789E+000
 0.7676768    0.8497253418E+000    0.9385177612E+000
 0.7777778    0.8289916992E+000    0.9551147461E+000
 0.7878788    0.7730270386E+000    0.9251083374E+000
 0.7979798    0.7627258301E+000    0.9113067627E+000
 0.8080808    0.7273864746E+000    0.9269210815E+000
 0.8181818    0.6785018921E+000    0.9040359497E+000
 0.8282828    0.6494445801E+000    0.9168655396E+000
 0.8383838    0.6446090698E+000    0.9143615723E+000
 0.8484848    0.6074829102E+000    0.9281188965E+000
 0.8585859    0.5609008789E+000    0.8818954468E+000
 0.8686869    0.5433776855E+000    0.9113021851E+000
 0.8787879    0.4790817261E+000    0.8795257568E+000
 0.8888889    0.4505218506E+000    0.8754531860E+000
 0.8989899    0.4064620972E+000    0.8765487671E+000
 0.9090909    0.3761383057E+000    0.8821228027E+000
 0.9191919    0.3400878906E+000    0.8787994385E+000
 0.9292929    0.2963027954E+000    0.8754089355E+000
 0.9393939    0.2532699585E+000    0.8539489746E+000
 0.9494949    0.1878936768E+000    0.8600708008E+000
 0.9595960    0.1696014404E+000    0.8638824463E+000
 0.9696970    0.1338333130E+000    0.8550628662E+000
 0.9797980    0.6277160645E-001    0.8330886841E+000
 0.9898990    0.2525787354E-001    0.8393356323E+000
 1.0000000    0.0000000000E+000    0.8308654785E+000


#   100 bins for weightfunction of Ar                      
 0.0000000    0.1782794189E+001    0.3733566284E+000
 0.0101010    0.1760690308E+001    0.3555526733E+000
 0.0202020    0.1771421814E+001    0.3786895752E+000
 0.0303030    0.1769328308E+001    0.3573379517E+000
 0.0404040    0.1828509521E+001    0.3928970337E+000
 0.0505051    0.1886613464E+001    0.3892700195E+000
 0.0606061    0.1918542480E+001    0.3763031006E+000
 0.0707071    0.1995783997E+001    0.4060256958E+000
 0.0808081    0.2079872131E+001    0.4342468262E+000
 0.0909091    0.2126068115E+001    0.4200866699E+000
 0.1010101    0.2179577637E+001    0.4154998779E+000
 0.1111111    0.2286412048E+001    0.4345916748E+000
 0.1212121    0.2339210510E+001    0.3990585327E+000
 0.1313131    0.2421315002E+001    0.4030899048E+000
 0.1414141    0.2487304688E+001    0.4137435913E+000
 0.1515152    0.2544796753E+001    0.4037750244E+000
 0.1616162    0.2628477478E+001    0.4149017334E+000
 0.1717172    0.2641856384E+001    0.3856262207E+000
 0.1818182    0.2681028748E+001    0.4065734863E+000
 0.1919192    0.2696670532E+001    0.4154281616E+000
 0.2020202    0.2680566406E+001    0.3849853516E+000
 0.2121212    0.2726794434E+001    0.3596206665E+000
 0.2222222    0.2688990784E+001    0.3785827637E+000
 0.2323232    0.2657354736E+001    0.3662338257E+000
 0.2424242    0.2670153809E+001    0.3582229614E+000
 0.2525253    0.2629406738E+001    0.3463470459E+000
 0.2626263    0.2611257935E+001    0.3409332275E+000
 0.2727273    0.2542636108E+001    0.3225860596E+000
 0.2828283    0.2537382507E+001    0.3039245605E+000
 0.2929293    0.2478872681E+001    0.2977416992E+000
 0.3030303    0.2501495361E+001    0.3138488770E+000
 0.3131313    0.2414971924E+001    0.2769866943E+000
 0.3232323    0.2361456299E+001    0.2927185059E+000
 0.3333333    0.2358090210E+001    0.2522750854E+000
 0.3434343    0.2284754944E+001    0.2380798340E+000
 0.3535354    0.2252020264E+001    0.2089569092E+000
 0.3636364    0.2195907593E+001    0.2298751831E+000
 0.3737374    0.2140850830E+001    0.2234863281E+000
 0.3838384    0.2112536621E+001    0.2021026611E+000
 0.3939394    0.2057006836E+001    0.1792953491E+000
 0.4040404    0.1993441772E+001    0.1671646118E+000
 0.4141414    0.1933088684E+001    0.1639953613E+000
 0.4242424    0.1911251831E+001    0.1142913818E+000
 0.4343434    0.1865875244E+001    0.1123764038E+000
 0.4444444    0.1799090576E+001    0.1105163574E+000
 0.4545455    0.1707925415E+001    0.9731903076E-001
 0.4646465    0.1667680359E+001    0.9650726318E-001
 0.4747475    0.1621464539E+001    0.7212219238E-001
 0.4848485    0.1588845825E+001    0.1988372803E-001
 0.4949495    0.1509811401E+001    0.3842926025E-001
 0.5050505    0.1467532349E+001    0.6266784668E-002
 0.5151515    0.1473779297E+001    0.3989868164E-001
 0.5252525    0.1445503235E+001    0.4405517578E-001
 0.5353535    0.1442440796E+001    0.3645935059E-001
 0.5454545    0.1464895630E+001    0.4769897461E-001
 0.5555556    0.1455464172E+001    0.5163726807E-001
 0.5656566    0.1475598145E+001    0.4220123291E-001
 0.5757576    0.1475463867E+001    0.3786621094E-001
 0.5858586    0.1467501831E+001    0.4560699463E-001
 0.5959596    0.1467785645E+001    0.4020080566E-001
 0.6060606    0.1457524109E+001    0.3123321533E-001
 0.6161616    0.1451823425E+001    0.1949768066E-001
 0.6262626    0.1481077576E+001    0.3750915527E-001
 0.6363636    0.1465904236E+001    0.3684387207E-001
 0.6464646    0.1473175049E+001    0.3840484619E-001
 0.6565657    0.1479214478E+001    0.2395019531E-001
 0.6666667    0.1475257874E+001    0.2375640869E-001
 0.6767677    0.1491383362E+001    0.2903289795E-001
 0.6868687    0.1482566833E+001    0.3216247559E-001
 0.6969697    0.1477410889E+001    0.0000000000E+000
 0.7070707    0.1451988220E+001    0.1426849365E-001
 0.7171717    0.1463848877E+001    0.2203674316E-001
 0.7272727    0.1459600830E+001    0.2790985107E-001
 0.7373737    0.1473608398E+001    0.5506591797E-001
 0.7474747    0.1467663574E+001    0.2277374268E-001
 0.7575758    0.1469386292E+001    0.2137756348E-001
 0.7676768    0.1483709717E+001    0.4653167725E-001
 0.7777778    0.1484309387E+001    0.4568176270E-001
 0.7878788    0.1470080566E+001    0.3027496338E-001
 0.7979798    0.1477381897E+001    0.3180999756E-001
 0.8080808    0.1478857422E+001    0.2937774658E-001
 0.8181818    0.1480763245E+001    0.5083923340E-001
 0.8282828    0.1484437561E+001    0.3330688477E-001
 0.8383838    0.1500799561E+001    0.5431976318E-001
 0.8484848    0.1476322937E+001    0.3459014893E-001
 0.8585859    0.1491392517E+001    0.4785766602E-001
 0.8686869    0.1476545715E+001    0.2969360352E-001
 0.8787879    0.1490536499E+001    0.5032348633E-001
 0.8888889    0.1475483704E+001    0.2277832031E-001
 0.8989899    0.1488035583E+001    0.5776672363E-001
 0.9090909    0.1468904114E+001    0.3141174316E-001
 0.9191919    0.1482720947E+001    0.2729797363E-001
 0.9292929    0.1471913147E+001    0.3271484375E-001
 0.9393939    0.1482852173E+001    0.3325653076E-001
 0.9494949    0.1466423035E+001    0.2772979736E-001
 0.9595960    0.1475747681E+001    0.5045318604E-001
 0.9696970    0.1462019348E+001    0.2238159180E-001
 0.9797980    0.1467056274E+001    0.3075408936E-001
 0.9898990    0.1472755432E+001    0.2108306885E-001
 1.0000000    0.1466929626E+001    0.1980438232E-001


