 0.0000000   0.1436273454E+000   0.8954966643E+000   0.6529316388E+000   0.1006930202E+001
 0.0101010   0.1443024345E+000   0.9487023567E+000   0.6552374577E+000   0.1056501326E+001
 0.0202020   0.1421884890E+000   0.9191440052E+000   0.6560510226E+000   0.1043245460E+001
 0.0303030   0.1364268513E+000   0.9042246408E+000   0.6380628903E+000   0.1023597968E+001
 0.0404040   0.1293507444E+000   0.9139553781E+000   0.6423130445E+000   0.1033439406E+001
 0.0505051   0.1240365505E+000   0.9478067990E+000   0.6483226853E+000   0.1052728017E+001
 0.0606061   0.1149243742E+000   0.8799802614E+000   0.6469877789E+000   0.1003235240E+001
 0.0707071   0.1060450123E+000   0.9043384410E+000   0.6453094635E+000   0.1022263536E+001
 0.0808081   0.9796567995E-001   0.9442756959E+000   0.6405471200E+000   0.1037768728E+001
 0.0909091   0.9068124726E-001   0.9690115600E+000   0.6381607245E+000   0.1035923775E+001
 0.1010101   0.8467776906E-001   0.9742859494E+000   0.6508462218E+000   0.1066779992E+001
 0.1111111   0.7956382577E-001   0.9897363811E+000   0.6440335047E+000   0.1009538410E+001
 0.1212121   0.7423388131E-001   0.1016871944E+001   0.6586301122E+000   0.1044996903E+001
 0.1313131   0.7032533734E-001   0.9978013482E+000   0.6624381564E+000   0.1028799221E+001
 0.1414141   0.6790405426E-001   0.1031812749E+001   0.6626928112E+000   0.1075956741E+001
 0.1515152   0.6648614015E-001   0.1021377770E+001   0.6711011068E+000   0.1014239251E+001
 0.1616162   0.6594094695E-001   0.1039864522E+001   0.6723831432E+000   0.1027853998E+001
 0.1717172   0.6628690349E-001   0.1046750255E+001   0.6765274018E+000   0.1040063547E+001
 0.1818182   0.6752463949E-001   0.1062449728E+001   0.6797950409E+000   0.1024773178E+001
 0.1919192   0.6845569805E-001   0.1044878325E+001   0.6857372802E+000   0.1007519071E+001
 0.2020202   0.7097573352E-001   0.1066859896E+001   0.6883218474E+000   0.1008161013E+001
 0.2121212   0.7453445809E-001   0.1071451485E+001   0.6986750821E+000   0.1026928994E+001
 0.2222222   0.7795258500E-001   0.1024900627E+001   0.7097927363E+000   0.1022991408E+001
 0.2323232   0.8265111857E-001   0.1072757712E+001   0.7181380065E+000   0.1014999979E+001
 0.2424242   0.8777516519E-001   0.1065547071E+001   0.7339946461E+000   0.1036500007E+001
 0.2525253   0.9306041493E-001   0.1071571882E+001   0.7409499491E+000   0.1021485117E+001
 0.2626263   0.1008556872E+000   0.1081424666E+001   0.7572525549E+000   0.1020474183E+001
 0.2727273   0.1080271895E+000   0.1087398349E+001   0.7712681763E+000   0.1026650987E+001
 0.2828283   0.1168812421E+000   0.1030801742E+001   0.7811178184E+000   0.1031066239E+001
 0.2929293   0.1261781231E+000   0.1045984991E+001   0.7828833623E+000   0.9852077683E+000
 0.3030303   0.1383352015E+000   0.1072142532E+001   0.7891099602E+000   0.1011641152E+001
 0.3131313   0.1517340622E+000   0.1115144144E+001   0.8170507556E+000   0.9961814514E+000
 0.3232323   0.1659317411E+000   0.1042472029E+001   0.8330331121E+000   0.1021237438E+001
 0.3333333   0.1803592343E+000   0.1057416133E+001   0.8435802798E+000   0.1000882292E+001
 0.3434343   0.1967119619E+000   0.1072257981E+001   0.8618843765E+000   0.1014542531E+001
 0.3535354   0.2166450266E+000   0.1047558401E+001   0.8666073868E+000   0.9794909394E+000
 0.3636364   0.2414187877E+000   0.1056363894E+001   0.8803730717E+000   0.9871133780E+000
 0.3737374   0.2622694200E+000   0.1042251026E+001   0.8997125916E+000   0.1008502203E+001
 0.3838384   0.2953179345E+000   0.1050865203E+001   0.9126004513E+000   0.9742947412E+000
 0.3939394   0.3262969200E+000   0.9889810120E+000   0.9468282551E+000   0.1016776694E+001
 0.4040404   0.3618641191E+000   0.1022413516E+001   0.9481595096E+000   0.1021892018E+001
 0.4141414   0.3997433150E+000   0.1022057272E+001   0.9823846686E+000   0.1021603902E+001
 0.4242424   0.4450127281E+000   0.1036890874E+001   0.1004108277E+001   0.1005762574E+001
 0.4343434   0.4966068046E+000   0.1027745631E+001   0.1017937809E+001   0.1023605550E+001
 0.4444444   0.5526566650E+000   0.9952548637E+000   0.1031601276E+001   0.1005527532E+001
 0.4545455   0.6193875246E+000   0.1073534522E+001   0.1060592801E+001   0.9984636338E+000
 0.4646465   0.6903570425E+000   0.1006997720E+001   0.1072038240E+001   0.9770419530E+000
 0.4747475   0.7696133614E+000   0.1005707985E+001   0.1086738176E+001   0.9549176734E+000
 0.4848485   0.8633415731E+000   0.1020229873E+001   0.1117247679E+001   0.9775170917E+000
 0.4949495   0.9775268541E+000   0.1006176379E+001   0.1139541482E+001   0.9740217892E+000
 0.5050505   0.1027087503E+001   0.9647465283E+000   0.1137474335E+001   0.9484350623E+000
 0.5151515   0.1027715937E+001   0.9723381527E+000   0.1153852309E+001   0.9876997194E+000
 0.5252525   0.1032551757E+001   0.1047154328E+001   0.1146874375E+001   0.9856652157E+000
 0.5353535   0.1010221208E+001   0.9850672765E+000   0.1157029324E+001   0.9887763636E+000
 0.5454545   0.1054744447E+001   0.1015705905E+001   0.1153131201E+001   0.9813156743E+000
 0.5555556   0.1043629517E+001   0.9959162240E+000   0.1157808630E+001   0.9970078896E+000
 0.5656566   0.1056894306E+001   0.9888738090E+000   0.1154697489E+001   0.9977332344E+000
 0.5757576   0.1066983274E+001   0.1029601068E+001   0.1152394529E+001   0.9752450187E+000
 0.5858586   0.1073191247E+001   0.1013975813E+001   0.1161944443E+001   0.9658155365E+000
 0.5959596   0.1084314368E+001   0.9946149440E+000   0.1161836892E+001   0.9890139329E+000
 0.6060606   0.1100085215E+001   0.1007505697E+001   0.1150100300E+001   0.9784496779E+000
 0.6161616   0.1120860356E+001   0.1005498526E+001   0.1163921638E+001   0.9876971921E+000
 0.6262626   0.1133814158E+001   0.9784404795E+000   0.1152948744E+001   0.9876011534E+000
 0.6363636   0.1152386910E+001   0.1060261137E+001   0.1162817737E+001   0.9646554903E+000
 0.6464646   0.1171642990E+001   0.1007537033E+001   0.1163275766E+001   0.9816695011E+000
 0.6565657   0.1184072615E+001   0.1018921996E+001   0.1163106399E+001   0.9770318436E+000
 0.6666667   0.1187740073E+001   0.9733706004E+000   0.1165300141E+001   0.9977913630E+000
 0.6767677   0.1220234792E+001   0.9861327098E+000   0.1158140867E+001   0.9840401401E+000
 0.6868687   0.1252156594E+001   0.1004055408E+001   0.1190742787E+001   0.9922691388E+000
 0.6969697   0.1279954931E+001   0.9846203223E+000   0.1175663946E+001   0.9603792416E+000
 0.7070707   0.1316194355E+001   0.9770435414E+000   0.1195318937E+001   0.9784395685E+000
 0.7171717   0.1344946973E+001   0.9853113696E+000   0.1194467223E+001   0.1004061678E+001
 0.7272727   0.1376781941E+001   0.9963961637E+000   0.1182060412E+001   0.9809062463E+000
 0.7373737   0.1415546499E+001   0.1002284084E+001   0.1195580907E+001   0.9907704299E+000
 0.7474747   0.1438426418E+001   0.9748862864E+000   0.1184741650E+001   0.9870754680E+000
 0.7575758   0.1471336642E+001   0.9784767636E+000   0.1195006823E+001   0.9887485629E+000
 0.7676768   0.1532037802E+001   0.9864378261E+000   0.1203184174E+001   0.9751161247E+000
 0.7777778   0.1571577663E+001   0.9721814713E+000   0.1199361924E+001   0.9810781050E+000
 0.7878788   0.1627309022E+001   0.9944434191E+000   0.1202912814E+001   0.9900551944E+000
 0.7979798   0.1665722291E+001   0.9672336388E+000   0.1199146312E+001   0.9603337496E+000
 0.8080808   0.1709972456E+001   0.9668064759E+000   0.1210395487E+001   0.9768498756E+000
 0.8181818   0.1788978993E+001   0.9980338963E+000   0.1218430576E+001   0.1003022944E+001
 0.8282828   0.1834886925E+001   0.9672765200E+000   0.1216207553E+001   0.9772365577E+000
 0.8383838   0.1918892882E+001   0.9898666741E+000   0.1225250652E+001   0.9894183063E+000
 0.8484848   0.1980139311E+001   0.9766856482E+000   0.1233727444E+001   0.9759450901E+000
 0.8585859   0.2058237498E+001   0.9496094593E+000   0.1244853156E+001   0.9737488371E+000
 0.8686869   0.2142456496E+001   0.9798159769E+000   0.1244633843E+001   0.9973465523E+000
 0.8787879   0.2219569395E+001   0.9692606009E+000   0.1241501847E+001   0.9812322723E+000
 0.8888889   0.2314848375E+001   0.9622247830E+000   0.1244224142E+001   0.9877148834E+000
 0.8989899   0.2394888408E+001   0.9863025854E+000   0.1245495060E+001   0.1002530114E+001
 0.9090909   0.2542784275E+001   0.9726828517E+000   0.1267471209E+001   0.1009318532E+001
 0.9191919   0.2635574349E+001   0.9761100504E+000   0.1271609295E+001   0.1000230240E+001
 0.9292929   0.2769967128E+001   0.9743271814E+000   0.1275637406E+001   0.9890973350E+000
 0.9393939   0.2891697067E+001   0.9363063869E+000   0.1273146763E+001   0.9643926476E+000
 0.9494949   0.3030734645E+001   0.9395933970E+000   0.1293527872E+001   0.9699300358E+000
 0.9595960   0.3191636979E+001   0.9582846590E+000   0.1288117970E+001   0.9813712757E+000
 0.9696970   0.3337506490E+001   0.9566601207E+000   0.1298965710E+001   0.9947711992E+000
 0.9797980   0.3480306646E+001   0.9286784785E+000   0.1313175344E+001   0.9671272227E+000
 0.9898990   0.3697581860E+001   0.9593863764E+000   0.1325211716E+001   0.9892338110E+000
 1.0000000   0.3788208099E+001   0.9491311689E+000   0.1311940982E+001   0.9829685506E+000


 0.0000000   0.1001182161E+001   0.7979830411E+000   0.8653807728E+000   0.9817658820E+000
 0.0101010   0.9716973992E+000   0.8354548376E+000   0.8539041288E+000   0.1005665239E+001
 0.0202020   0.9921482704E+000   0.8440886640E+000   0.8616630839E+000   0.1021963642E+001
 0.0303030   0.9569072152E+000   0.8400312287E+000   0.8574826478E+000   0.1021484590E+001
 0.0404040   0.9383885330E+000   0.8488454920E+000   0.8569351886E+000   0.1023227806E+001
 0.0505051   0.9039721728E+000   0.8267060426E+000   0.8689386990E+000   0.1024571812E+001
 0.0606061   0.8452557375E+000   0.8227827373E+000   0.8376505672E+000   0.9995174086E+000
 0.0707071   0.7967161675E+000   0.8695749786E+000   0.8474980923E+000   0.1030911263E+001
 0.0808081   0.7405280721E+000   0.8239483917E+000   0.8387087533E+000   0.9874799041E+000
 0.0909091   0.6914414813E+000   0.8457716773E+000   0.8407207820E+000   0.1026168651E+001
 0.1010101   0.6362973841E+000   0.8322468929E+000   0.8399009976E+000   0.9918818569E+000
 0.1111111   0.5833042959E+000   0.8249288188E+000   0.8337021710E+000   0.9711921465E+000
 0.1212121   0.5458236100E+000   0.8824243222E+000   0.8337075106E+000   0.1031616534E+001
 0.1313131   0.5085508610E+000   0.9095217948E+000   0.8364434741E+000   0.1008363897E+001
 0.1414141   0.4741916503E+000   0.8976688461E+000   0.8431451268E+000   0.1012678023E+001
 0.1515152   0.4428538009E+000   0.9283255565E+000   0.8320914902E+000   0.1021604353E+001
 0.1616162   0.4239325893E+000   0.9477329036E+000   0.8439364847E+000   0.1007903475E+001
 0.1717172   0.4091467577E+000   0.9732894768E+000   0.8435390604E+000   0.1022793998E+001
 0.1818182   0.3910647190E+000   0.9358336482E+000   0.8399532429E+000   0.1011211593E+001
 0.1919192   0.3836624977E+000   0.9483748119E+000   0.8455300660E+000   0.1018820531E+001
 0.2020202   0.3792086956E+000   0.9889922785E+000   0.8537054212E+000   0.1001218042E+001
 0.2121212   0.3762054638E+000   0.9493951587E+000   0.8550345241E+000   0.9963343763E+000
 0.2222222   0.3878984047E+000   0.1003096697E+001   0.8638947455E+000   0.1040034536E+001
 0.2323232   0.3875982345E+000   0.1008407610E+001   0.8652014911E+000   0.1010053885E+001
 0.2424242   0.3952963090E+000   0.9715186402E+000   0.8677115673E+000   0.1036500199E+001
 0.2525253   0.4031810551E+000   0.9845308561E+000   0.8777512990E+000   0.9841025897E+000
 0.2626263   0.4098200626E+000   0.9817700117E+000   0.8882450760E+000   0.9942159032E+000
 0.2727273   0.4253383198E+000   0.1051701291E+001   0.8945370462E+000   0.1025503302E+001
 0.2828283   0.4380257257E+000   0.1009830347E+001   0.8956474953E+000   0.1007408455E+001
 0.2929293   0.4561941754E+000   0.1039666309E+001   0.9044675572E+000   0.9962891325E+000
 0.3030303   0.4743672041E+000   0.1037638389E+001   0.9158503411E+000   0.1013963479E+001
 0.3131313   0.4896310547E+000   0.1057618983E+001   0.9152334586E+000   0.1005886135E+001
 0.3232323   0.5188930611E+000   0.1040956512E+001   0.9354644393E+000   0.1012576890E+001
 0.3333333   0.5408097695E+000   0.1067373754E+001   0.9189276599E+000   0.9766772884E+000
 0.3434343   0.5656756320E+000   0.1025413389E+001   0.9458541991E+000   0.9714210267E+000
 0.3535354   0.5897314103E+000   0.1027062870E+001   0.9517800181E+000   0.1060245195E+001
 0.3636364   0.6161935781E+000   0.1033247226E+001   0.9560419560E+000   0.1003501522E+001
 0.3737374   0.6420869044E+000   0.1010940114E+001   0.9629638840E+000   0.9852336839E+000
 0.3838384   0.6839175700E+000   0.1057211802E+001   0.9736757062E+000   0.9821863829E+000
 0.3939394   0.7223986948E+000   0.1055822598E+001   0.9761341731E+000   0.1005657255E+001
 0.4040404   0.7656031647E+000   0.1049224675E+001   0.9965309552E+000   0.9963476833E+000
 0.4141414   0.8060754575E+000   0.1051121657E+001   0.1003316546E+001   0.9753119911E+000
 0.4242424   0.8537279308E+000   0.1023182678E+001   0.1012762518E+001   0.9862263855E+000
 0.4343434   0.9027127629E+000   0.1043904181E+001   0.1021266726E+001   0.1002993195E+001
 0.4444444   0.9407419085E+000   0.1026170266E+001   0.1022487876E+001   0.9856355551E+000
 0.4545455   0.1018597500E+001   0.1023289663E+001   0.1041025139E+001   0.9892018288E+000
 0.4646465   0.1071893032E+001   0.1015746442E+001   0.1048278052E+001   0.9373897266E+000
 0.4747475   0.1139417778E+001   0.1045288595E+001   0.1066509097E+001   0.9665373609E+000
 0.4848485   0.1208870485E+001   0.1027465260E+001   0.1069181362E+001   0.9853720767E+000
 0.4949495   0.1277729757E+001   0.1027894796E+001   0.1079496006E+001   0.9872323941E+000
 0.5050505   0.1331013600E+001   0.1007950929E+001   0.1102777326E+001   0.1001457568E+001
 0.5151515   0.1323557858E+001   0.1028983805E+001   0.1097845511E+001   0.1009125057E+001
 0.5252525   0.1325830134E+001   0.1040052731E+001   0.1089384596E+001   0.9931673123E+000
 0.5353535   0.1325312683E+001   0.1047289369E+001   0.1091994678E+001   0.9827000328E+000
 0.5454545   0.1313075237E+001   0.1035291113E+001   0.1082111175E+001   0.9934973257E+000
 0.5555556   0.1336007128E+001   0.1025058903E+001   0.1092245883E+001   0.9840786371E+000
 0.5656566   0.1323452391E+001   0.1050015084E+001   0.1097507443E+001   0.9819867780E+000
 0.5757576   0.1318364963E+001   0.1019058178E+001   0.1093232736E+001   0.9944394607E+000
 0.5858586   0.1333267087E+001   0.1043030738E+001   0.1083918141E+001   0.9928266533E+000
 0.5959596   0.1337180120E+001   0.1015492553E+001   0.1097097339E+001   0.9923183262E+000
 0.6060606   0.1319163195E+001   0.1051016269E+001   0.1100573279E+001   0.9977981453E+000
 0.6161616   0.1333045290E+001   0.1014430690E+001   0.1084885211E+001   0.9911925547E+000
 0.6262626   0.1337749679E+001   0.1043985617E+001   0.1091236203E+001   0.1010620762E+001
 0.6363636   0.1315603821E+001   0.1058053309E+001   0.1100603212E+001   0.1002415671E+001
 0.6464646   0.1328473574E+001   0.1046716122E+001   0.1098274452E+001   0.1026418823E+001
 0.6565657   0.1330942972E+001   0.1059573450E+001   0.1090712005E+001   0.1035100304E+001
 0.6666667   0.1336184431E+001   0.1029307952E+001   0.1113196352E+001   0.1007863554E+001
 0.6767677   0.1342810631E+001   0.1058942719E+001   0.1092189959E+001   0.1006085740E+001
 0.6868687   0.1320743871E+001   0.1033940231E+001   0.1089427095E+001   0.9721901709E+000
 0.6969697   0.1334121017E+001   0.1030935078E+001   0.1082846376E+001   0.9695314339E+000
 0.7070707   0.1328007527E+001   0.1030931885E+001   0.1093202236E+001   0.1012342687E+001
 0.7171717   0.1337007332E+001   0.1039033981E+001   0.1090985375E+001   0.9864046992E+000
 0.7272727   0.1330236264E+001   0.1046775204E+001   0.1085135635E+001   0.1007919443E+001
 0.7373737   0.1330656930E+001   0.1050486136E+001   0.1099714630E+001   0.1010152356E+001
 0.7474747   0.1331213451E+001   0.1037769326E+001   0.1091392792E+001   0.9865803515E+000
 0.7575758   0.1330057238E+001   0.1004476320E+001   0.1090232888E+001   0.9697789440E+000
 0.7676768   0.1325897269E+001   0.1025280856E+001   0.1075262093E+001   0.9861492050E+000
 0.7777778   0.1339850367E+001   0.1034048813E+001   0.1091591364E+001   0.9929464162E+000
 0.7878788   0.1322663222E+001   0.1026682835E+001   0.1082935312E+001   0.9999991217E+000
 0.7979798   0.1330478401E+001   0.1030331493E+001   0.1085775579E+001   0.9875597461E+000
 0.8080808   0.1332963881E+001   0.1034173362E+001   0.1083541639E+001   0.9943250206E+000
 0.8181818   0.1327454523E+001   0.1032618092E+001   0.1090955149E+001   0.9947934267E+000
 0.8282828   0.1332081106E+001   0.1039460323E+001   0.1082440386E+001   0.9890554519E+000
 0.8383838   0.1330767785E+001   0.1049753211E+001   0.1085940139E+001   0.1011823714E+001
 0.8484848   0.1333550904E+001   0.1040404024E+001   0.1085917240E+001   0.9979658134E+000
 0.8585859   0.1322672773E+001   0.1040721785E+001   0.1079971622E+001   0.9944421221E+000
 0.8686869   0.1331914595E+001   0.1029933893E+001   0.1092354060E+001   0.9980163800E+000
 0.8787879   0.1327718310E+001   0.1022087282E+001   0.1093512573E+001   0.9884965583E+000
 0.8888889   0.1332796346E+001   0.1032731463E+001   0.1089952431E+001   0.9957249161E+000
 0.8989899   0.1322223900E+001   0.1045358854E+001   0.1084327217E+001   0.1018046064E+001
 0.9090909   0.1334446331E+001   0.1051011479E+001   0.1087087603E+001   0.1000310505E+001
 0.9191919   0.1328488447E+001   0.1028689996E+001   0.1083100721E+001   0.9999565394E+000
 0.9292929   0.1323444959E+001   0.1005552555E+001   0.1074778892E+001   0.9620262907E+000
 0.9393939   0.1325235559E+001   0.1047535274E+001   0.1083706960E+001   0.1013101186E+001
 0.9494949   0.1330109358E+001   0.1017349616E+001   0.1083405470E+001   0.9945884990E+000
 0.9595960   0.1332859085E+001   0.1054693669E+001   0.1086107743E+001   0.9863195345E+000
 0.9696970   0.1351452739E+001   0.1064093954E+001   0.1110117669E+001   0.1026301721E+001
 0.9797980   0.1318366176E+001   0.9946752429E+000   0.1094286412E+001   0.9962731641E+000
 0.9898990   0.1328814754E+001   0.1089436557E+001   0.1085244915E+001   0.1014439869E+001
 1.0000000   0.1335764308E+001   0.1043760470E+001   0.1085155605E+001   0.9972658657E+000


