#   100 bins for weightfunction of cd                      
 0.0000000    0.3226570129E+001    0.1852592468E+001
 0.0101010    0.3229785156E+001    0.1864660645E+001
 0.0202020    0.3251686096E+001    0.1867086792E+001
 0.0303030    0.3284786987E+001    0.1877056885E+001
 0.0404040    0.3339517212E+001    0.1889241028E+001
 0.0505051    0.3373773193E+001    0.1874107361E+001
 0.0606061    0.3427087402E+001    0.1859890747E+001
 0.0707071    0.3537518311E+001    0.1878945923E+001
 0.0808081    0.3615917969E+001    0.1884669495E+001
 0.0909091    0.3686946106E+001    0.1872912598E+001
 0.1010101    0.3770477295E+001    0.1886550903E+001
 0.1111111    0.3832774353E+001    0.1865731812E+001
 0.1212121    0.3899800110E+001    0.1894862366E+001
 0.1313131    0.3953344727E+001    0.1902928162E+001
 0.1414141    0.3997836304E+001    0.1858790588E+001
 0.1515152    0.4005252075E+001    0.1861529541E+001
 0.1616162    0.4002490234E+001    0.1852995300E+001
 0.1717172    0.4041392517E+001    0.1846403503E+001
 0.1818182    0.3983860779E+001    0.1827397156E+001
 0.1919192    0.3975367737E+001    0.1816337585E+001
 0.2020202    0.3948403931E+001    0.1801570129E+001
 0.2121212    0.3878460693E+001    0.1765327454E+001
 0.2222222    0.3839530945E+001    0.1777259827E+001
 0.2323232    0.3809890747E+001    0.1767033386E+001
 0.2424242    0.3732363892E+001    0.1771182251E+001
 0.2525253    0.3671690369E+001    0.1732699585E+001
 0.2626263    0.3595570374E+001    0.1716459656E+001
 0.2727273    0.3537144470E+001    0.1692984009E+001
 0.2828283    0.3428390503E+001    0.1688365173E+001
 0.2929293    0.3361585999E+001    0.1666665649E+001
 0.3030303    0.3257191467E+001    0.1650820923E+001
 0.3131313    0.3191392517E+001    0.1621218872E+001
 0.3232323    0.3088842773E+001    0.1625138855E+001
 0.3333333    0.3004435730E+001    0.1585012817E+001
 0.3434343    0.2892829895E+001    0.1572961426E+001
 0.3535354    0.2814179993E+001    0.1549066162E+001
 0.3636364    0.2717779541E+001    0.1535908508E+001
 0.3737374    0.2610076904E+001    0.1494929504E+001
 0.3838384    0.2496073914E+001    0.1482104492E+001
 0.3939394    0.2375399780E+001    0.1482170105E+001
 0.4040404    0.2293338013E+001    0.1443325806E+001
 0.4141414    0.2205941772E+001    0.1423063660E+001
 0.4242424    0.2093347168E+001    0.1402755737E+001
 0.4343434    0.1988142395E+001    0.1346098328E+001
 0.4444444    0.1855494690E+001    0.1360746765E+001
 0.4545455    0.1771366882E+001    0.1315998840E+001
 0.4646465    0.1653527832E+001    0.1309043884E+001
 0.4747475    0.1550744629E+001    0.1276615906E+001
 0.4848485    0.1425639343E+001    0.1254379272E+001
 0.4949495    0.1302656555E+001    0.1245140076E+001
 0.5050505    0.1276321411E+001    0.1216163635E+001
 0.5151515    0.1280828857E+001    0.1219219971E+001
 0.5252525    0.1266127014E+001    0.1200251770E+001
 0.5353535    0.1251165771E+001    0.1213496399E+001
 0.5454545    0.1263279724E+001    0.1206861877E+001
 0.5555556    0.1231794739E+001    0.1253488159E+001
 0.5656566    0.1229521179E+001    0.1218200684E+001
 0.5757576    0.1199938965E+001    0.1202072144E+001
 0.5858586    0.1230102539E+001    0.1221104431E+001
 0.5959596    0.1198379517E+001    0.1216906738E+001
 0.6060606    0.1189042664E+001    0.1194729614E+001
 0.6161616    0.1187832642E+001    0.1230616760E+001
 0.6262626    0.1170268250E+001    0.1227049255E+001
 0.6363636    0.1152313232E+001    0.1207002258E+001
 0.6464646    0.1161192322E+001    0.1219694519E+001
 0.6565657    0.1140953064E+001    0.1201564026E+001
 0.6666667    0.1110664368E+001    0.1219169617E+001
 0.6767677    0.1099807739E+001    0.1195355225E+001
 0.6868687    0.1061267090E+001    0.1194877625E+001
 0.6969697    0.1043373108E+001    0.1182188416E+001
 0.7070707    0.1022819519E+001    0.1190829468E+001
 0.7171717    0.9998687744E+000    0.1192658997E+001
 0.7272727    0.9809295654E+000    0.1172494507E+001
 0.7373737    0.9513992310E+000    0.1187274170E+001
 0.7474747    0.9426589966E+000    0.1188641357E+001
 0.7575758    0.8919189453E+000    0.1162556458E+001
 0.7676768    0.8669464111E+000    0.1172578430E+001
 0.7777778    0.8449798584E+000    0.1161863708E+001
 0.7878788    0.8206939697E+000    0.1172518921E+001
 0.7979798    0.7906723022E+000    0.1157191467E+001
 0.8080808    0.7622787476E+000    0.1166015625E+001
 0.8181818    0.7191299438E+000    0.1157435608E+001
 0.8282828    0.6959457397E+000    0.1165025330E+001
 0.8383838    0.6623306274E+000    0.1158174133E+001
 0.8484848    0.6154586792E+000    0.1136380005E+001
 0.8585859    0.5712722778E+000    0.1128877258E+001
 0.8686869    0.5427856445E+000    0.1126219177E+001
 0.8787879    0.5059936523E+000    0.1131411743E+001
 0.8888889    0.4508743286E+000    0.1116148376E+001
 0.8989899    0.4175888062E+000    0.1112118530E+001
 0.9090909    0.3899017334E+000    0.1118202209E+001
 0.9191919    0.3439849854E+000    0.1112617493E+001
 0.9292929    0.2994873047E+000    0.1112428284E+001
 0.9393939    0.2284957886E+000    0.1092411804E+001
 0.9494949    0.1942840576E+000    0.1094105530E+001
 0.9595960    0.1355728149E+000    0.1080383301E+001
 0.9696970    0.1078994751E+000    0.1078630066E+001
 0.9797980    0.5810241699E-001    0.1066607666E+001
 0.9898990    0.2790832520E-002    0.1062483215E+001
 1.0000000    0.0000000000E+000    0.1087409973E+001


#   100 bins for weightfunction of Ar                      
 0.0000000    0.1630461121E+001    0.2501068115E+000
 0.0101010    0.1630322266E+001    0.2518905640E+000
 0.0202020    0.1648870850E+001    0.2733978271E+000
 0.0303030    0.1667260742E+001    0.2647399902E+000
 0.0404040    0.1716458130E+001    0.2772491455E+000
 0.0505051    0.1754385376E+001    0.2861892700E+000
 0.0606061    0.1805329895E+001    0.2955337524E+000
 0.0707071    0.1833004761E+001    0.2597869873E+000
 0.0808081    0.1941917419E+001    0.3007888794E+000
 0.0909091    0.2010871887E+001    0.2953842163E+000
 0.1010101    0.2060836792E+001    0.2895126343E+000
 0.1111111    0.2138922119E+001    0.2742462158E+000
 0.1212121    0.2228479004E+001    0.2869094849E+000
 0.1313131    0.2296182251E+001    0.2851913452E+000
 0.1414141    0.2393460083E+001    0.2957397461E+000
 0.1515152    0.2464414978E+001    0.3136901855E+000
 0.1616162    0.2496862793E+001    0.3013092041E+000
 0.1717172    0.2517817688E+001    0.3033416748E+000
 0.1818182    0.2563572693E+001    0.2830902100E+000
 0.1919192    0.2587612915E+001    0.2861572266E+000
 0.2020202    0.2600872803E+001    0.2638763428E+000
 0.2121212    0.2609327698E+001    0.2960098267E+000
 0.2222222    0.2618270874E+001    0.2696701050E+000
 0.2323232    0.2613027954E+001    0.2472076416E+000
 0.2424242    0.2572654724E+001    0.2386993408E+000
 0.2525253    0.2544696045E+001    0.2665298462E+000
 0.2626263    0.2538754272E+001    0.2425231934E+000
 0.2727273    0.2525407410E+001    0.2401977539E+000
 0.2828283    0.2472448730E+001    0.2328491211E+000
 0.2929293    0.2451486206E+001    0.2238815308E+000
 0.3030303    0.2425981140E+001    0.2132690430E+000
 0.3131313    0.2383891296E+001    0.1904296875E+000
 0.3232323    0.2329086304E+001    0.1840179443E+000
 0.3333333    0.2267283630E+001    0.1888275146E+000
 0.3434343    0.2226986694E+001    0.1665618896E+000
 0.3535354    0.2208489990E+001    0.1910888672E+000
 0.3636364    0.2153132629E+001    0.1419525146E+000
 0.3737374    0.2114051819E+001    0.1375137329E+000
 0.3838384    0.2041593933E+001    0.1217803955E+000
 0.3939394    0.2007397461E+001    0.1389007568E+000
 0.4040404    0.1950160217E+001    0.1406417847E+000
 0.4141414    0.1889599609E+001    0.1093780518E+000
 0.4242424    0.1834808350E+001    0.8854980469E-001
 0.4343434    0.1762301636E+001    0.1114578247E+000
 0.4444444    0.1721199036E+001    0.5089416504E-001
 0.4545455    0.1677659607E+001    0.6336517334E-001
 0.4646465    0.1606083679E+001    0.5722198486E-001
 0.4747475    0.1538694763E+001    0.6391143799E-001
 0.4848485    0.1505459595E+001    0.4426116943E-001
 0.4949495    0.1443400574E+001    0.1616973877E-001
 0.5050505    0.1403192139E+001    0.1180877686E-001
 0.5151515    0.1389126587E+001    0.1590576172E-001
 0.5252525    0.1386706543E+001    0.1896209717E-001
 0.5353535    0.1394866943E+001    0.9083557129E-002
 0.5454545    0.1408369446E+001    0.1934814453E-002
 0.5555556    0.1394598389E+001    0.3187561035E-002
 0.5656566    0.1396386719E+001    0.0000000000E+000
 0.5757576    0.1370101929E+001    0.1299896240E-001
 0.5858586    0.1398623657E+001    0.3849792480E-002
 0.5959596    0.1411380005E+001    0.2108154297E-001
 0.6060606    0.1373933411E+001    0.2042236328E-001
 0.6161616    0.1404232788E+001    0.1615447998E-001
 0.6262626    0.1383898926E+001    0.1589813232E-001
 0.6363636    0.1402943420E+001    0.2540740967E-001
 0.6464646    0.1400936890E+001    0.2095031738E-002
 0.6565657    0.1423306274E+001    0.2489013672E-001
 0.6666667    0.1406317139E+001    0.3444213867E-001
 0.6767677    0.1404026794E+001    0.7522583008E-002
 0.6868687    0.1392266846E+001    0.3225708008E-002
 0.6969697    0.1400306702E+001    0.1393737793E-001
 0.7070707    0.1391297913E+001    0.7873535157E-003
 0.7171717    0.1393157959E+001    0.5458068848E-002
 0.7272727    0.1404791260E+001    0.1827545166E-001
 0.7373737    0.1398892212E+001    0.4708862305E-002
 0.7474747    0.1422700500E+001    0.3379974365E-001
 0.7575758    0.1415933228E+001    0.3329315186E-001
 0.7676768    0.1404216003E+001    0.1588134766E-001
 0.7777778    0.1420045471E+001    0.2759857178E-001
 0.7878788    0.1404061890E+001    0.8830261230E-002
 0.7979798    0.1419378662E+001    0.2383880615E-001
 0.8080808    0.1397445679E+001    0.4859924316E-002
 0.8181818    0.1406361389E+001    0.7220458984E-002
 0.8282828    0.1402328491E+001    0.1451721191E-001
 0.8383838    0.1398631287E+001    0.6759643555E-002
 0.8484848    0.1395429993E+001    0.1036529541E-001
 0.8585859    0.1412191772E+001    0.2600097656E-001
 0.8686869    0.1391986084E+001    0.6561279297E-002
 0.8787879    0.1406330872E+001    0.1620941162E-001
 0.8888889    0.1396911621E+001    0.7527160645E-002
 0.8989899    0.1402040100E+001    0.4673767090E-002
 0.9090909    0.1417851257E+001    0.2372741699E-002
 0.9191919    0.1413621521E+001    0.1631317139E-001
 0.9292929    0.1417166138E+001    0.3247680664E-001
 0.9393939    0.1401504517E+001    0.1611938477E-001
 0.9494949    0.1401878357E+001    0.1545715332E-001
 0.9595960    0.1419975281E+001    0.1158752441E-001
 0.9696970    0.1409996033E+001    0.1955566406E-001
 0.9797980    0.1415695190E+001    0.2532196045E-001
 0.9898990    0.1388386536E+001    0.1495361328E-002
 1.0000000    0.1403507996E+001    0.2085723877E-001


