Compiled using GNU Fortran (Ubuntu 9.4.0-1ubuntu1~20.04.2) 9.4.0 with all optimizations
Last Brick update unknown
Compiled at 18:43:37 on Sep  2 2023
Starting at 16:56:21 on Sep 11 2023

Settings
OK                      

Forcefield
OK                      

Topology
OK                      

Configuration
OK                      Read from ./INPUT/restart.in

 F
Monte Carlo Simulation initialized.

#########################################################################################################################
###########################################   ENERGY STARTING CONFIGURATION   ###########################################
#########################################################################################################################
                                               Box 1               Box 2
-------------------------------------------------------------------------------------------------------------------------
Lennard Jones        
 Intermolecular                         -0.3833889739E+006  -0.1098200141E+006
 Tailcorrection                         -0.9389288826E+004  -0.2674350548E+004
Total Intermolecular                    -0.3927782627E+006  -0.1124943646E+006

Electrostatic        
 Real                                   -0.8704436025E+005  -0.1159972585E+005
 Exclusion                               0.6535940914E+007   0.2494917704E+007
 Selfterm                               -0.6556933700E+007  -0.2497433963E+007
 Fourier                                 0.1239258341E+005   0.2421410945E+004
Total Intermolecular                    -0.9564456298E+005  -0.1169457387E+005

Intramolecular       
 Lennard Jones                           0.0000000000E+000   0.0000000000E+000
 Electrostatic                           0.0000000000E+000   0.0000000000E+000
 Bending                                 0.0000000000E+000   0.0000000000E+000
 Torsion                                 0.0000000000E+000   0.0000000000E+000

Total                                   -0.4884228257E+006  -0.1241889385E+006

#########################################################################################################################

Simulation is running...



#########################################################################################################################
###############################################   RELATIVE ENERGY DRIFTS   ##############################################
#########################################################################################################################
                                               Box 1               Box 2                                                 
-------------------------------------------------------------------------------------------------------------------------

Lennard Jones        
 Intermolecular                          0.1704298870E-014   0.4034114841E-014
 Tailcorrection                          0.0000000000E+000   0.0000000000E+000

Electrostatic        
 Real                                    0.2951357488E-014   0.3943027096E-015
 Exclusion                               0.1784906079E-015   0.0000000000E+000
 Selfterm                                0.0000000000E+000   0.0000000000E+000
 Fourier                                 0.0000000000E+000   0.1262916013E-015

Intramolecular       
 Lennard Jones                           0.0000000000E+000   0.0000000000E+000
 Electrostatic                           0.0000000000E+000   0.0000000000E+000
 Bending                                 0.0000000000E+000   0.0000000000E+000
 Torsion                                 0.0000000000E+000   0.0000000000E+000

Total                                    0.2608183938E-014   0.2576736096E-014

#########################################################################################################################
############################################   TRIAL MOVE ACCEPTANCE RATES   ############################################
#########################################################################################################################
                                               Box 1               Box 2
-------------------------------------------------------------------------------------------------------------------------
Translation
 CO2                                          0.50228             0.50215
 AR                                           0.50955             0.52321
-------------------------------------------------------------------------------------------------------------------------
Rotation
 CO2                                          0.50913             0.57549
 AR                                           0.00000             0.00000
-------------------------------------------------------------------------------------------------------------------------
Lambda Move
 cd                                           0.76572             0.90201
 Ar                                           0.83718             0.93827
-------------------------------------------------------------------------------------------------------------------------
GE Swap Fractional
 cd                                           0.42238             0.32527
 Ar                                           0.51683             0.40761
-------------------------------------------------------------------------------------------------------------------------
GE Identity Change
 cd                                           0.87484             0.67806
 Ar                                           0.98397             0.74968
-------------------------------------------------------------------------------------------------------------------------
Volume                                        0.55131             0.48776

#########################################################################################################################
######################################################   AVERAGES   #####################################################
#########################################################################################################################
                                                       Boltzmann                                    Biased
                                               Box 1               Box 2                  Box 1               Box 2      
-------------------------------------------------------------------------------------------------------------------------
Density
 CO2                                     0.7840848304E+003   0.1189828544E+003      0.7806932335E+003   0.1187206280E+003
 AR                                      0.1691451352E+003   0.1859489138E+003      0.1701130827E+003   0.1860550182E+003
 Total                                   0.9532299656E+003   0.3049317682E+003      0.9508063162E+003   0.3047756462E+003

Number of molecules
 CO2                                     0.3169164271E+003   0.2230835729E+003      0.3181613400E+003   0.2218386600E+003
 AR                                      0.7623210980E+002   0.3837678902E+003      0.7731991000E+002   0.3826800900E+003
 Total                                   0.3931485369E+003   0.6068514631E+003      0.3954812500E+003   0.6045187500E+003

Mole fractions
 CO2                                          0.80610             0.36761                 0.80449             0.36697
 AR                                           0.19390             0.63239                 0.19551             0.63303

Volume                                   0.2967486089E+005   0.1374252840E+006      0.2992573027E+005   0.1369615275E+006

#########################################################################################################################
#######################################   PROPERTIES FROM THE CFC GIBBS ENSEMBLE   ######################################
#########################################################################################################################
                                                       Boltzmann                                    Biased
                                               Box 1               Box 2                  Box 1               Box 2      
Chemical Potentials (as an indication)
=========================================================================================================================

Total cd                                -0.1927019452E+004  -0.1929933430E+004     -0.1928116189E+004  -0.1930491633E+004
 Ideal gas                              -0.1147303696E+004  -0.1624344763E+004     -0.1148400433E+004  -0.1624902965E+004
 Excess                                 -0.7797157560E+003  -0.3055886676E+003     -0.7797157560E+003  -0.3055886676E+003

-------------------------------------------------------------------------------------------------------------------------

Total Ar                                -0.1590935277E+004  -0.1590707469E+004     -0.1589491590E+004  -0.1590563145E+004
 Ideal gas                              -0.1510844913E+004  -0.1486882058E+004     -0.1509401226E+004  -0.1486737734E+004
 Excess                                 -0.8009036394E+002  -0.1038254108E+003     -0.8009036394E+002  -0.1038254108E+003

-------------------------------------------------------------------------------------------------------------------------

#########################################################################################################################
#########################################   PROPERTIES FROM UMBRELLA SAMPLING   #########################################
#########################################################################################################################

Excess Partial Molar Enthalpy
=========================================================================================================================


Partial Molar Volume
=========================================================================================================================


#########################################################################################################################
##################################################   AVERAGE ENERGIES   #################################################
#########################################################################################################################
                                                       Boltzmann                                    Biased
                                               Box 1               Box 2                  Box 1               Box 2      
-------------------------------------------------------------------------------------------------------------------------
Lennard Jones        
 Intermolecular                         -0.3433801602E+006  -0.1308112813E+006     -0.3442359357E+006  -0.1299783067E+006
 Tailcorrection                         -0.8528423200E+004  -0.3157169446E+004     -0.8552176823E+004  -0.3138254517E+004
Total Intermolecular                    -0.3519085834E+006  -0.1339684507E+006     -0.3527881125E+006  -0.1331165612E+006

Electrostatic        
 Real                                   -0.8518613399E+005  -0.1363577974E+005     -0.8512207860E+005  -0.1352789691E+005
 Exclusion                               0.5805025711E+007   0.3029982726E+007      0.5826324843E+007   0.3012397631E+007
 Selfterm                               -0.5823671216E+007  -0.3033038261E+007     -0.5845038626E+007  -0.3015435386E+007
 Fourier                                 0.1021255558E+005   0.2929968328E+004      0.1028596230E+005   0.2914560928E+004
Total Intermolecular                    -0.9361908373E+005  -0.1376134648E+005     -0.9354989887E+005  -0.1365109085E+005

Intramolecular       
 Lennard Jones                           0.0000000000E+000   0.0000000000E+000      0.0000000000E+000   0.0000000000E+000
 Electrostatic                           0.0000000000E+000   0.0000000000E+000      0.0000000000E+000   0.0000000000E+000
 Bending                                 0.0000000000E+000   0.0000000000E+000      0.0000000000E+000   0.0000000000E+000
 Torsion                                 0.0000000000E+000   0.0000000000E+000      0.0000000000E+000   0.0000000000E+000

Total                                   -0.4455276672E+006  -0.1477297972E+006     -0.4463380114E+006  -0.1467676521E+006

#########################################################################################################################

No errors found in bookkeeping.

Total simulation time:  13 hours and  54 minutes

Simulation finished.

