#   100 bins for weightfunction of cd                      
 0.0000000    0.3147900391E+001    0.1753858948E+001
 0.0101010    0.3063967896E+001    0.1670651245E+001
 0.0202020    0.3166232300E+001    0.1744395447E+001
 0.0303030    0.3116061401E+001    0.1677941895E+001
 0.0404040    0.3172636414E+001    0.1706129456E+001
 0.0505051    0.3254029846E+001    0.1742497253E+001
 0.0606061    0.3268287659E+001    0.1709994507E+001
 0.0707071    0.3375656128E+001    0.1745275879E+001
 0.0808081    0.3435552979E+001    0.1735026550E+001
 0.0909091    0.3497505188E+001    0.1719995117E+001
 0.1010101    0.3549066162E+001    0.1704563904E+001
 0.1111111    0.3633085632E+001    0.1744523621E+001
 0.1212121    0.3666015625E+001    0.1720564270E+001
 0.1313131    0.3706355286E+001    0.1743014526E+001
 0.1414141    0.3750106812E+001    0.1742970276E+001
 0.1515152    0.3780102539E+001    0.1722384644E+001
 0.1616162    0.3759370422E+001    0.1665394592E+001
 0.1717172    0.3761505127E+001    0.1691673279E+001
 0.1818182    0.3721293640E+001    0.1655317688E+001
 0.1919192    0.3709931946E+001    0.1622538757E+001
 0.2020202    0.3685896301E+001    0.1611106873E+001
 0.2121212    0.3627618408E+001    0.1602571106E+001
 0.2222222    0.3581440735E+001    0.1569015503E+001
 0.2323232    0.3548135376E+001    0.1555139160E+001
 0.2424242    0.3472785950E+001    0.1555577087E+001
 0.2525253    0.3403569031E+001    0.1510169983E+001
 0.2626263    0.3346224976E+001    0.1475549316E+001
 0.2727273    0.3276016235E+001    0.1468626404E+001
 0.2828283    0.3192652893E+001    0.1426708984E+001
 0.2929293    0.3124295044E+001    0.1400674438E+001
 0.3030303    0.3060189819E+001    0.1388490295E+001
 0.3131313    0.2980607605E+001    0.1348497009E+001
 0.3232323    0.2852632141E+001    0.1338737488E+001
 0.3333333    0.2786091614E+001    0.1279763794E+001
 0.3434343    0.2712409973E+001    0.1257395935E+001
 0.3535354    0.2619616699E+001    0.1244570923E+001
 0.3636364    0.2482057190E+001    0.1237936401E+001
 0.3737374    0.2416500854E+001    0.1170603943E+001
 0.3838384    0.2346824646E+001    0.1135746765E+001
 0.3939394    0.2223182678E+001    0.1121636963E+001
 0.4040404    0.2128298950E+001    0.1104394531E+001
 0.4141414    0.2058580017E+001    0.1050027466E+001
 0.4242424    0.1946350098E+001    0.1001242065E+001
 0.4343434    0.1832447815E+001    0.9776702881E+000
 0.4444444    0.1707940674E+001    0.9614212036E+000
 0.4545455    0.1616918945E+001    0.9221603394E+000
 0.4646465    0.1517663574E+001    0.8989044189E+000
 0.4747475    0.1425061035E+001    0.8416564941E+000
 0.4848485    0.1288151550E+001    0.8038101196E+000
 0.4949495    0.1226986694E+001    0.7690994263E+000
 0.5050505    0.1158926392E+001    0.7570831299E+000
 0.5151515    0.1162585449E+001    0.7572372437E+000
 0.5252525    0.1136247253E+001    0.7386993408E+000
 0.5353535    0.1149459839E+001    0.7569274902E+000
 0.5454545    0.1116215515E+001    0.7404357910E+000
 0.5555556    0.1118267822E+001    0.7732788086E+000
 0.5656566    0.1126882935E+001    0.7576538086E+000
 0.5757576    0.1137596130E+001    0.7432891846E+000
 0.5858586    0.1112991333E+001    0.7704483032E+000
 0.5959596    0.1096229553E+001    0.7600006104E+000
 0.6060606    0.1102766418E+001    0.7692443848E+000
 0.6161616    0.1082470703E+001    0.7411026001E+000
 0.6262626    0.1065020752E+001    0.7527816772E+000
 0.6363636    0.1047888184E+001    0.7332656860E+000
 0.6464646    0.1034500122E+001    0.7396621704E+000
 0.6565657    0.1008544922E+001    0.7330078125E+000
 0.6666667    0.1003974915E+001    0.7350479126E+000
 0.6767677    0.9677215576E+000    0.7269088745E+000
 0.6868687    0.9688491821E+000    0.7221572876E+000
 0.6969697    0.9330718994E+000    0.7258911133E+000
 0.7070707    0.9151687622E+000    0.7166198730E+000
 0.7171717    0.9262802124E+000    0.7237945557E+000
 0.7272727    0.8856658936E+000    0.7164093018E+000
 0.7373737    0.8562683105E+000    0.7079421997E+000
 0.7474747    0.8389709473E+000    0.7173614502E+000
 0.7575758    0.8283554077E+000    0.7161865234E+000
 0.7676768    0.8068572998E+000    0.6871398926E+000
 0.7777778    0.7624588013E+000    0.6739852905E+000
 0.7878788    0.7147308350E+000    0.6702667236E+000
 0.7979798    0.7068588257E+000    0.6806350708E+000
 0.8080808    0.6928802490E+000    0.6801467896E+000
 0.8181818    0.6536209106E+000    0.6658645630E+000
 0.8282828    0.6024780273E+000    0.6500152588E+000
 0.8383838    0.5982559204E+000    0.6586380005E+000
 0.8484848    0.5538681030E+000    0.6440170288E+000
 0.8585859    0.5168380737E+000    0.6396331787E+000
 0.8686869    0.4753524780E+000    0.6249526978E+000
 0.8787879    0.4519470215E+000    0.6450317383E+000
 0.8888889    0.4092437744E+000    0.6132095337E+000
 0.8989899    0.3880706787E+000    0.6288085937E+000
 0.9090909    0.3498931885E+000    0.6221038818E+000
 0.9191919    0.2900375366E+000    0.5919235229E+000
 0.9292929    0.2548400879E+000    0.5822570801E+000
 0.9393939    0.2155364990E+000    0.5804733276E+000
 0.9494949    0.1866760254E+000    0.5780899048E+000
 0.9595960    0.1632263184E+000    0.5796218872E+000
 0.9696970    0.9725952148E-001    0.5723754883E+000
 0.9797980    0.8044586182E-001    0.5605316162E+000
 0.9898990    0.2841033936E-001    0.5582992554E+000
 1.0000000    0.0000000000E+000    0.5431838989E+000


#   100 bins for weightfunction of Ar                      
 0.0000000    0.1802066040E+001    0.4071304321E+000
 0.0101010    0.1779322815E+001    0.3772109985E+000
 0.0202020    0.1775205994E+001    0.3722335815E+000
 0.0303030    0.1800083923E+001    0.3682876587E+000
 0.0404040    0.1837873840E+001    0.3895568848E+000
 0.0505051    0.1872256470E+001    0.3940277100E+000
 0.0606061    0.1924816895E+001    0.4082351685E+000
 0.0707071    0.1964872742E+001    0.4032501221E+000
 0.0808081    0.2030903625E+001    0.4162902832E+000
 0.0909091    0.2106314087E+001    0.4215164185E+000
 0.1010101    0.2172447205E+001    0.4438949585E+000
 0.1111111    0.2232048035E+001    0.4262878418E+000
 0.1212121    0.2320768738E+001    0.4584381104E+000
 0.1313131    0.2370837402E+001    0.4531723022E+000
 0.1414141    0.2442701721E+001    0.4614639282E+000
 0.1515152    0.2505651855E+001    0.4600921631E+000
 0.1616162    0.2535700989E+001    0.4614425659E+000
 0.1717172    0.2568051147E+001    0.4446670532E+000
 0.1818182    0.2620391846E+001    0.4590866089E+000
 0.1919192    0.2628082275E+001    0.4398406982E+000
 0.2020202    0.2636715698E+001    0.4337371826E+000
 0.2121212    0.2636399841E+001    0.4197448730E+000
 0.2222222    0.2622016907E+001    0.4175827026E+000
 0.2323232    0.2650175476E+001    0.4109848022E+000
 0.2424242    0.2604667664E+001    0.4069610596E+000
 0.2525253    0.2564346313E+001    0.3971237183E+000
 0.2626263    0.2539529419E+001    0.3754852295E+000
 0.2727273    0.2505656433E+001    0.3716949463E+000
 0.2828283    0.2485632324E+001    0.3538574219E+000
 0.2929293    0.2469003296E+001    0.3492080688E+000
 0.3030303    0.2410523987E+001    0.3434585571E+000
 0.3131313    0.2381901550E+001    0.3121200562E+000
 0.3232323    0.2335906982E+001    0.2901794434E+000
 0.3333333    0.2294639587E+001    0.2902542114E+000
 0.3434343    0.2258171082E+001    0.2792663574E+000
 0.3535354    0.2228858948E+001    0.2361511230E+000
 0.3636364    0.2165666199E+001    0.2538726807E+000
 0.3737374    0.2125173950E+001    0.2067092896E+000
 0.3838384    0.2088316345E+001    0.2354064941E+000
 0.3939394    0.2028720093E+001    0.2076950073E+000
 0.4040404    0.1956507874E+001    0.1864059448E+000
 0.4141414    0.1939915466E+001    0.1542358398E+000
 0.4242424    0.1843409729E+001    0.1585693359E+000
 0.4343434    0.1808984375E+001    0.1414627075E+000
 0.4444444    0.1753871155E+001    0.1240280151E+000
 0.4545455    0.1702420044E+001    0.1020248413E+000
 0.4646465    0.1637239075E+001    0.7388458252E-001
 0.4747475    0.1583013916E+001    0.6324462891E-001
 0.4848485    0.1523890686E+001    0.2882080078E-001
 0.4949495    0.1470262146E+001    0.2042541504E-001
 0.5050505    0.1436643982E+001    0.3946685791E-001
 0.5151515    0.1461663818E+001    0.3079833984E-001
 0.5252525    0.1450021362E+001    0.1949920654E-001
 0.5353535    0.1443423462E+001    0.2030029297E-001
 0.5454545    0.1456109619E+001    0.1961975098E-001
 0.5555556    0.1446412659E+001    0.1502380371E-001
 0.5656566    0.1443249512E+001    0.3140411377E-001
 0.5757576    0.1413658142E+001    0.2410736084E-001
 0.5858586    0.1438688660E+001    0.5036926270E-002
 0.5959596    0.1433786011E+001    0.2998962402E-001
 0.6060606    0.1422084045E+001    0.1934509277E-001
 0.6161616    0.1464179993E+001    0.1504821777E-001
 0.6262626    0.1474079895E+001    0.1761779785E-001
 0.6363636    0.1463378906E+001    0.3113555908E-001
 0.6464646    0.1471150208E+001    0.0000000000E+000
 0.6565657    0.1440168762E+001    0.1012268066E-001
 0.6666667    0.1430278015E+001    0.3184051514E-001
 0.6767677    0.1446778870E+001    0.2813720703E-001
 0.6868687    0.1457211304E+001    0.3694610596E-001
 0.6969697    0.1477568054E+001    0.3141021729E-001
 0.7070707    0.1442697144E+001    0.1677246094E-001
 0.7171717    0.1453359985E+001    0.1788635254E-001
 0.7272727    0.1454046631E+001    0.1909332275E-001
 0.7373737    0.1443380737E+001    0.2025299072E-001
 0.7474747    0.1443736267E+001    0.1874084473E-001
 0.7575758    0.1471286011E+001    0.3057556152E-001
 0.7676768    0.1449850464E+001    0.8815002441E-002
 0.7777778    0.1446627808E+001    0.2141723633E-001
 0.7878788    0.1463830566E+001    0.2947998047E-001
 0.7979798    0.1455975342E+001    0.2524871826E-001
 0.8080808    0.1455061340E+001    0.9321594238E-002
 0.8181818    0.1455757141E+001    0.2867431641E-001
 0.8282828    0.1453765869E+001    0.2514343262E-001
 0.8383838    0.1455993652E+001    0.1298217773E-001
 0.8484848    0.1467575073E+001    0.2628173828E-001
 0.8585859    0.1464038086E+001    0.2331695557E-001
 0.8686869    0.1457424927E+001    0.2780761719E-001
 0.8787879    0.1467559814E+001    0.2552795410E-001
 0.8888889    0.1468560791E+001    0.3041839600E-001
 0.8989899    0.1450088501E+001    0.1568298340E-001
 0.9090909    0.1462322998E+001    0.2438659668E-001
 0.9191919    0.1473265076E+001    0.3397979736E-001
 0.9292929    0.1462046814E+001    0.3784027100E-001
 0.9393939    0.1445819092E+001    0.5001831055E-002
 0.9494949    0.1470085144E+001    0.4264221191E-001
 0.9595960    0.1465304565E+001    0.3168945313E-001
 0.9696970    0.1459031677E+001    0.3139190674E-001
 0.9797980    0.1472738647E+001    0.4543762207E-001
 0.9898990    0.1492056274E+001    0.5055084229E-001
 1.0000000    0.1482695007E+001    0.4312591553E-001


