Compiled using GNU Fortran (Ubuntu 9.4.0-1ubuntu1~20.04.2) 9.4.0 with all optimizations
Last Brick update unknown
Compiled at 18:43:37 on Sep  2 2023
Starting at 16:56:21 on Sep 11 2023

Settings
OK                      

Forcefield
OK                      

Topology
OK                      

Configuration
OK                      Read from ./INPUT/restart.in

 F
Monte Carlo Simulation initialized.

#########################################################################################################################
###########################################   ENERGY STARTING CONFIGURATION   ###########################################
#########################################################################################################################
                                               Box 1               Box 2
-------------------------------------------------------------------------------------------------------------------------
Lennard Jones        
 Intermolecular                         -0.4798634952E+006  -0.6732361784E+005
 Tailcorrection                         -0.1203449897E+005  -0.1681165655E+004
Total Intermolecular                    -0.4918979942E+006  -0.6900478350E+005

Electrostatic        
 Real                                   -0.1249751031E+006  -0.7888260908E+004
 Exclusion                               0.8220273026E+007   0.2194042745E+007
 Selfterm                               -0.8246675718E+007  -0.2196255828E+007
 Fourier                                 0.1454251500E+005   0.2077846726E+004
Total Intermolecular                    -0.1368352799E+006  -0.8023496827E+004

Intramolecular       
 Lennard Jones                           0.0000000000E+000   0.0000000000E+000
 Electrostatic                           0.0000000000E+000   0.0000000000E+000
 Bending                                 0.0000000000E+000   0.0000000000E+000
 Torsion                                 0.0000000000E+000   0.0000000000E+000

Total                                   -0.6287332740E+006  -0.7702828032E+005

#########################################################################################################################

Simulation is running...



#########################################################################################################################
###############################################   RELATIVE ENERGY DRIFTS   ##############################################
#########################################################################################################################
                                               Box 1               Box 2                                                 
-------------------------------------------------------------------------------------------------------------------------

Lennard Jones        
 Intermolecular                          0.3532770155E-014   0.1271104343E-014
 Tailcorrection                          0.0000000000E+000   0.0000000000E+000

Electrostatic        
 Real                                    0.9358725284E-014   0.5764483421E-015
 Exclusion                               0.0000000000E+000   0.0000000000E+000
 Selfterm                                0.0000000000E+000   0.0000000000E+000
 Fourier                                 0.1438166947E-015   0.5282073250E-015

Intramolecular       
 Lennard Jones                           0.0000000000E+000   0.0000000000E+000
 Electrostatic                           0.0000000000E+000   0.0000000000E+000
 Bending                                 0.0000000000E+000   0.0000000000E+000
 Torsion                                 0.0000000000E+000   0.0000000000E+000

Total                                    0.3774550023E-014   0.2255689689E-014

#########################################################################################################################
############################################   TRIAL MOVE ACCEPTANCE RATES   ############################################
#########################################################################################################################
                                               Box 1               Box 2
-------------------------------------------------------------------------------------------------------------------------
Translation
 CO2                                          0.51108             0.50795
 AR                                           0.48095             0.50374
-------------------------------------------------------------------------------------------------------------------------
Rotation
 CO2                                          0.50400             0.64101
 AR                                           0.00000             0.00000
-------------------------------------------------------------------------------------------------------------------------
Lambda Move
 cd                                           0.75512             0.92037
 Ar                                           0.83355             0.95227
-------------------------------------------------------------------------------------------------------------------------
GE Swap Fractional
 cd                                           0.37029             0.36836
 Ar                                           0.46898             0.45431
-------------------------------------------------------------------------------------------------------------------------
GE Identity Change
 cd                                           0.79864             0.78569
 Ar                                           0.93781             0.89282
-------------------------------------------------------------------------------------------------------------------------
Volume                                        0.46784             0.50668

#########################################################################################################################
######################################################   AVERAGES   #####################################################
#########################################################################################################################
                                                       Boltzmann                                    Biased
                                               Box 1               Box 2                  Box 1               Box 2      
-------------------------------------------------------------------------------------------------------------------------
Density
 CO2                                     0.8496850058E+003   0.8890367753E+002      0.8473996115E+003   0.8887202437E+002
 AR                                      0.1275952954E+003   0.1377128363E+003      0.1282709789E+003   0.1378263489E+003
 Total                                   0.9772803012E+003   0.2266165139E+003      0.9756705903E+003   0.2266983733E+003

Number of molecules
 CO2                                     0.4224495492E+003   0.1875504508E+003      0.4230589500E+003   0.1869410500E+003
 AR                                      0.7030996294E+002   0.3196900371E+003      0.7098057000E+002   0.3190194300E+003
 Total                                   0.4927595122E+003   0.5072404878E+003      0.4940395200E+003   0.5059604800E+003

Mole fractions
 CO2                                          0.85731             0.36975                 0.85633             0.36948
 AR                                           0.14269             0.63025                 0.14367             0.63052

Volume                                   0.3640176766E+005   0.1545802560E+006      0.3655305353E+005   0.1541369982E+006

#########################################################################################################################
#######################################   PROPERTIES FROM THE CFC GIBBS ENSEMBLE   ######################################
#########################################################################################################################
                                                       Boltzmann                                    Biased
                                               Box 1               Box 2                  Box 1               Box 2      
Chemical Potentials (as an indication)
=========================================================================================================================

Total cd                                -0.1936818417E+004  -0.1934149256E+004     -0.1937499827E+004  -0.1934239350E+004
 Ideal gas                              -0.1126975529E+004  -0.1698075514E+004     -0.1127656939E+004  -0.1698165608E+004
 Excess                                 -0.8098428874E+003  -0.2360737426E+003     -0.8098428874E+003  -0.2360737426E+003

-------------------------------------------------------------------------------------------------------------------------

Total Ar                                -0.1647756492E+004  -0.1644654142E+004     -0.1646420260E+004  -0.1644445687E+004
 Ideal gas                              -0.1582164003E+004  -0.1562858301E+004     -0.1580827771E+004  -0.1562649847E+004
 Excess                                 -0.6559248875E+002  -0.8179584045E+002     -0.6559248875E+002  -0.8179584045E+002

-------------------------------------------------------------------------------------------------------------------------

#########################################################################################################################
#########################################   PROPERTIES FROM UMBRELLA SAMPLING   #########################################
#########################################################################################################################

Excess Partial Molar Enthalpy
=========================================================================================================================


Partial Molar Volume
=========================================================================================================================


#########################################################################################################################
##################################################   AVERAGE ENERGIES   #################################################
#########################################################################################################################
                                                       Boltzmann                                    Biased
                                               Box 1               Box 2                  Box 1               Box 2      
-------------------------------------------------------------------------------------------------------------------------
Lennard Jones        
 Intermolecular                         -0.4575021045E+006  -0.8369561165E+005     -0.4577597641E+006  -0.8337655030E+005
 Tailcorrection                         -0.1130324357E+005  -0.1965217175E+004     -0.1131103487E+005  -0.1958032385E+004
Total Intermolecular                    -0.4688053480E+006  -0.8566082882E+005     -0.4690707989E+006  -0.8533458269E+005

Electrostatic        
 Real                                   -0.1216739173E+006  -0.9009280386E+004     -0.1215107779E+006  -0.8976337627E+004
 Exclusion                               0.7737806296E+007   0.2547310491E+007      0.7746930691E+007   0.2538541125E+007
 Selfterm                               -0.7762659777E+007  -0.2549879279E+007     -0.7771813292E+007  -0.2541101036E+007
 Fourier                                 0.1278165344E+005   0.2479327315E+004      0.1282221901E+005   0.2471387023E+004
Total Intermolecular                    -0.1337457442E+006  -0.9098741227E+004     -0.1335711601E+006  -0.9064861580E+004

Intramolecular       
 Lennard Jones                           0.0000000000E+000   0.0000000000E+000      0.0000000000E+000   0.0000000000E+000
 Electrostatic                           0.0000000000E+000   0.0000000000E+000      0.0000000000E+000   0.0000000000E+000
 Bending                                 0.0000000000E+000   0.0000000000E+000      0.0000000000E+000   0.0000000000E+000
 Torsion                                 0.0000000000E+000   0.0000000000E+000      0.0000000000E+000   0.0000000000E+000

Total                                   -0.6025510923E+006  -0.9475957005E+005     -0.6026419591E+006  -0.9439944427E+005

#########################################################################################################################

No errors found in bookkeeping.

Total simulation time:  15 hours and  28 minutes

Simulation finished.

