#   100 bins for weightfunction of cd                      
 0.0000000    0.3214036560E+001    0.1720457458E+001
 0.0101010    0.3202763367E+001    0.1709707642E+001
 0.0202020    0.3246179199E+001    0.1727371216E+001
 0.0303030    0.3263040161E+001    0.1733862305E+001
 0.0404040    0.3304681396E+001    0.1726200867E+001
 0.0505051    0.3366174316E+001    0.1733151245E+001
 0.0606061    0.3437167358E+001    0.1722711182E+001
 0.0707071    0.3506562805E+001    0.1734031677E+001
 0.0808081    0.3585884094E+001    0.1728829956E+001
 0.0909091    0.3664500427E+001    0.1726373291E+001
 0.1010101    0.3761408997E+001    0.1728216553E+001
 0.1111111    0.3795396423E+001    0.1694723511E+001
 0.1212121    0.3853671265E+001    0.1697950745E+001
 0.1313131    0.3946577454E+001    0.1699375916E+001
 0.1414141    0.3933460999E+001    0.1693943787E+001
 0.1515152    0.3977293396E+001    0.1677149963E+001
 0.1616162    0.3977450562E+001    0.1678491211E+001
 0.1717172    0.4014515686E+001    0.1693185425E+001
 0.1818182    0.3986222839E+001    0.1666302490E+001
 0.1919192    0.3967982483E+001    0.1652236938E+001
 0.2020202    0.3917237854E+001    0.1620594788E+001
 0.2121212    0.3890626526E+001    0.1619595337E+001
 0.2222222    0.3842457581E+001    0.1605197144E+001
 0.2323232    0.3802334595E+001    0.1559957886E+001
 0.2424242    0.3750311279E+001    0.1566857910E+001
 0.2525253    0.3677182007E+001    0.1555125427E+001
 0.2626263    0.3606838989E+001    0.1518882751E+001
 0.2727273    0.3542762756E+001    0.1513546753E+001
 0.2828283    0.3448490906E+001    0.1496450806E+001
 0.2929293    0.3362568665E+001    0.1487171936E+001
 0.3030303    0.3308178711E+001    0.1446961975E+001
 0.3131313    0.3223439026E+001    0.1441726685E+001
 0.3232323    0.3138685608E+001    0.1421646118E+001
 0.3333333    0.3060308838E+001    0.1398880005E+001
 0.3434343    0.2950140381E+001    0.1388059998E+001
 0.3535354    0.2858383179E+001    0.1366667175E+001
 0.3636364    0.2770474243E+001    0.1348553467E+001
 0.3737374    0.2646842957E+001    0.1308316040E+001
 0.3838384    0.2551890564E+001    0.1283595276E+001
 0.3939394    0.2467436218E+001    0.1274897766E+001
 0.4040404    0.2360656738E+001    0.1254632568E+001
 0.4141414    0.2258277893E+001    0.1233998108E+001
 0.4242424    0.2124818420E+001    0.1200317383E+001
 0.4343434    0.2035240173E+001    0.1159213257E+001
 0.4444444    0.1928614807E+001    0.1162455750E+001
 0.4545455    0.1827702332E+001    0.1130154419E+001
 0.4646465    0.1697396851E+001    0.1094805908E+001
 0.4747475    0.1586178589E+001    0.1087039185E+001
 0.4848485    0.1475764465E+001    0.1060792542E+001
 0.4949495    0.1373057556E+001    0.1026835632E+001
 0.5050505    0.1310351562E+001    0.1027789307E+001
 0.5151515    0.1301885986E+001    0.1008422852E+001
 0.5252525    0.1316769409E+001    0.1027082825E+001
 0.5353535    0.1293263245E+001    0.1024008179E+001
 0.5454545    0.1290255737E+001    0.1007089233E+001
 0.5555556    0.1279013062E+001    0.1031312561E+001
 0.5656566    0.1274539185E+001    0.1005606079E+001
 0.5757576    0.1259970093E+001    0.1008546448E+001
 0.5858586    0.1251055908E+001    0.1013481140E+001
 0.5959596    0.1253433228E+001    0.1011497498E+001
 0.6060606    0.1221379089E+001    0.1016600037E+001
 0.6161616    0.1227581787E+001    0.1012049866E+001
 0.6262626    0.1201655579E+001    0.1015344238E+001
 0.6363636    0.1180142212E+001    0.1007131958E+001
 0.6464646    0.1179110718E+001    0.9909011841E+000
 0.6565657    0.1145462036E+001    0.1004476929E+001
 0.6666667    0.1133493042E+001    0.9886123657E+000
 0.6767677    0.1127670288E+001    0.1012734985E+001
 0.6868687    0.1116206360E+001    0.1004359436E+001
 0.6969697    0.1056912231E+001    0.9935577393E+000
 0.7070707    0.1059141541E+001    0.9862640381E+000
 0.7171717    0.1024746704E+001    0.1002258301E+001
 0.7272727    0.9913879395E+000    0.9722030640E+000
 0.7373737    0.9930557251E+000    0.9888305664E+000
 0.7474747    0.9537643433E+000    0.9807769775E+000
 0.7575758    0.9246459961E+000    0.9771759033E+000
 0.7676768    0.8934326172E+000    0.9677093506E+000
 0.7777778    0.8697082520E+000    0.9810058594E+000
 0.7878788    0.8277618408E+000    0.9579681396E+000
 0.7979798    0.8065063477E+000    0.9653839111E+000
 0.8080808    0.7824096680E+000    0.9744949341E+000
 0.8181818    0.7288818359E+000    0.9615280151E+000
 0.8282828    0.7012710571E+000    0.9381454468E+000
 0.8383838    0.6649154663E+000    0.9364852905E+000
 0.8484848    0.6316635132E+000    0.9423538208E+000
 0.8585859    0.5902877808E+000    0.9295181274E+000
 0.8686869    0.5395553589E+000    0.9321075439E+000
 0.8787879    0.5249282837E+000    0.9258911133E+000
 0.8888889    0.4640380859E+000    0.9202423096E+000
 0.8989899    0.4131011963E+000    0.9048950195E+000
 0.9090909    0.4032089233E+000    0.9182235718E+000
 0.9191919    0.3467117310E+000    0.9057174683E+000
 0.9292929    0.3143692017E+000    0.9007766724E+000
 0.9393939    0.2581375122E+000    0.8945266724E+000
 0.9494949    0.2018280029E+000    0.8765136719E+000
 0.9595960    0.1532516479E+000    0.8875045776E+000
 0.9696970    0.1206817627E+000    0.8810760498E+000
 0.9797980    0.7257232666E-001    0.8855499268E+000
 0.9898990    0.1024780273E-001    0.8638259888E+000
 1.0000000    0.0000000000E+000    0.8723144531E+000


#   100 bins for weightfunction of Ar                      
 0.0000000    0.1829966736E+001    0.3074325562E+000
 0.0101010    0.1837400818E+001    0.3178100586E+000
 0.0202020    0.1847320557E+001    0.3126876831E+000
 0.0303030    0.1867332458E+001    0.3105682373E+000
 0.0404040    0.1901052856E+001    0.3204757690E+000
 0.0505051    0.1931530762E+001    0.3200637817E+000
 0.0606061    0.1982089233E+001    0.3246917725E+000
 0.0707071    0.2050012207E+001    0.3365203857E+000
 0.0808081    0.2110012817E+001    0.3291793823E+000
 0.0909091    0.2175466919E+001    0.3213943481E+000
 0.1010101    0.2274157715E+001    0.3351974487E+000
 0.1111111    0.2347225952E+001    0.3309494019E+000
 0.1212121    0.2432951355E+001    0.3393646240E+000
 0.1313131    0.2506137085E+001    0.3574798584E+000
 0.1414141    0.2613267517E+001    0.3472534180E+000
 0.1515152    0.2641375732E+001    0.3252136230E+000
 0.1616162    0.2705319214E+001    0.3437210083E+000
 0.1717172    0.2780937195E+001    0.3443939209E+000
 0.1818182    0.2788069153E+001    0.3532638550E+000
 0.1919192    0.2818374634E+001    0.3310409546E+000
 0.2020202    0.2802474976E+001    0.3374420166E+000
 0.2121212    0.2826753235E+001    0.3213073730E+000
 0.2222222    0.2839965820E+001    0.3090179443E+000
 0.2323232    0.2803730774E+001    0.2888885498E+000
 0.2424242    0.2806423950E+001    0.3013549805E+000
 0.2525253    0.2777154541E+001    0.2907363892E+000
 0.2626263    0.2764102173E+001    0.2670501709E+000
 0.2727273    0.2725233459E+001    0.2767913818E+000
 0.2828283    0.2712409973E+001    0.2553863525E+000
 0.2929293    0.2648887634E+001    0.2601821899E+000
 0.3030303    0.2615971375E+001    0.2622848511E+000
 0.3131313    0.2584446716E+001    0.2387268066E+000
 0.3232323    0.2550862122E+001    0.2245376587E+000
 0.3333333    0.2495689392E+001    0.2306716919E+000
 0.3434343    0.2438552856E+001    0.2021438599E+000
 0.3535354    0.2407394409E+001    0.1918502808E+000
 0.3636364    0.2376551819E+001    0.1817153931E+000
 0.3737374    0.2296635437E+001    0.1786514282E+000
 0.3838384    0.2248571777E+001    0.1669601440E+000
 0.3939394    0.2230836487E+001    0.1721908569E+000
 0.4040404    0.2152027893E+001    0.1735260010E+000
 0.4141414    0.2110475159E+001    0.1332641602E+000
 0.4242424    0.2038281250E+001    0.1363922119E+000
 0.4343434    0.2003569031E+001    0.1209762573E+000
 0.4444444    0.1930361938E+001    0.1045852661E+000
 0.4545455    0.1890011597E+001    0.8656616211E-001
 0.4646465    0.1838633728E+001    0.8316650391E-001
 0.4747475    0.1738209534E+001    0.7519531250E-001
 0.4848485    0.1712062073E+001    0.5127410889E-001
 0.4949495    0.1631834412E+001    0.4259338379E-001
 0.5050505    0.1589408875E+001    0.0000000000E+000
 0.5151515    0.1608816528E+001    0.3575286865E-001
 0.5252525    0.1621620178E+001    0.4707946777E-001
 0.5353535    0.1606005859E+001    0.3359527588E-001
 0.5454545    0.1586659241E+001    0.3339843750E-001
 0.5555556    0.1598345947E+001    0.4629058838E-001
 0.5656566    0.1590609741E+001    0.3272857666E-001
 0.5757576    0.1606127930E+001    0.2455596924E-001
 0.5858586    0.1609642029E+001    0.2612152100E-001
 0.5959596    0.1585659790E+001    0.2665863037E-001
 0.6060606    0.1616307068E+001    0.1358947754E-001
 0.6161616    0.1617216492E+001    0.1132507324E-001
 0.6262626    0.1588659668E+001    0.4248352051E-001
 0.6363636    0.1595851135E+001    0.3488464355E-001
 0.6464646    0.1610452271E+001    0.4033508301E-001
 0.6565657    0.1612823486E+001    0.3286743164E-001
 0.6666667    0.1601577759E+001    0.2883911133E-003
 0.6767677    0.1630612183E+001    0.4306030273E-001
 0.6868687    0.1608361816E+001    0.5519561768E-001
 0.6969697    0.1598999023E+001    0.4486541748E-001
 0.7070707    0.1597851562E+001    0.2198333740E-001
 0.7171717    0.1618217468E+001    0.4178619385E-001
 0.7272727    0.1608331299E+001    0.3062896729E-001
 0.7373737    0.1610748291E+001    0.2916107178E-001
 0.7474747    0.1612292480E+001    0.3856964111E-001
 0.7575758    0.1616053772E+001    0.4529724121E-001
 0.7676768    0.1619697571E+001    0.3939361572E-001
 0.7777778    0.1607254028E+001    0.3114166260E-001
 0.7878788    0.1599540710E+001    0.2147216797E-001
 0.7979798    0.1618016052E+001    0.4496612549E-001
 0.8080808    0.1592042542E+001    0.2388610840E-001
 0.8181818    0.1606721497E+001    0.3813018799E-001
 0.8282828    0.1617628479E+001    0.3982543945E-001
 0.8383838    0.1612135315E+001    0.4085235596E-001
 0.8484848    0.1600010681E+001    0.2482299805E-001
 0.8585859    0.1619621277E+001    0.3407135010E-001
 0.8686869    0.1619322205E+001    0.4871063232E-001
 0.8787879    0.1608030701E+001    0.3343811035E-001
 0.8888889    0.1616392517E+001    0.5107269287E-001
 0.8989899    0.1612962341E+001    0.3704376221E-001
 0.9090909    0.1612454224E+001    0.4193725586E-001
 0.9191919    0.1605567932E+001    0.4356994629E-001
 0.9292929    0.1600909424E+001    0.2594604492E-001
 0.9393939    0.1617057800E+001    0.4212493896E-001
 0.9494949    0.1609701538E+001    0.3223876953E-001
 0.9595960    0.1611929321E+001    0.3951568604E-001
 0.9696970    0.1608041382E+001    0.3466186523E-001
 0.9797980    0.1583801270E+001    0.2010345459E-001
 0.9898990    0.1623399353E+001    0.5309295654E-001
 1.0000000    0.1598991394E+001    0.2313842773E-001


