 0.0000000   0.1579322145E+000   0.1042015725E+001   0.4593977357E+000   0.9486941686E+000
 0.0101010   0.1548049068E+000   0.1016283038E+001   0.4516034842E+000   0.9221609577E+000
 0.0202020   0.1555864662E+000   0.1045406324E+001   0.4600981421E+000   0.9503493594E+000
 0.0303030   0.1497328220E+000   0.1025817770E+001   0.4546520927E+000   0.9399719873E+000
 0.0404040   0.1431643745E+000   0.1034382748E+001   0.4493531619E+000   0.9447991949E+000
 0.0505051   0.1365437584E+000   0.1016051807E+001   0.4483216025E+000   0.9246238540E+000
 0.0606061   0.1312768712E+000   0.1063690075E+001   0.4538867522E+000   0.9606194987E+000
 0.0707071   0.1215335122E+000   0.1025496878E+001   0.4443086863E+000   0.9304144276E+000
 0.0808081   0.1136702394E+000   0.1017646828E+001   0.4479600856E+000   0.9336054695E+000
 0.0909091   0.1059470586E+000   0.1033066148E+001   0.4453245969E+000   0.9367861341E+000
 0.1010101   0.9997679321E-001   0.1007935134E+001   0.4486099339E+000   0.9450344153E+000
 0.1111111   0.9409340730E-001   0.1022278523E+001   0.4494222714E+000   0.9448752956E+000
 0.1212121   0.8936665438E-001   0.1005469458E+001   0.4522068871E+000   0.9366529578E+000
 0.1313131   0.8650432248E-001   0.1018977585E+001   0.4533542513E+000   0.9502144536E+000
 0.1414141   0.8356286664E-001   0.1002763114E+001   0.4508050015E+000   0.9239302996E+000
 0.1515152   0.8285590070E-001   0.1021143604E+001   0.4612276228E+000   0.9329793681E+000
 0.1616162   0.8247546784E-001   0.1044224215E+001   0.4673119625E+000   0.9419004490E+000
 0.1717172   0.8429608266E-001   0.1032117630E+001   0.4744142568E+000   0.9482185390E+000
 0.1818182   0.8513715768E-001   0.1020657548E+001   0.4835723154E+000   0.9414403855E+000
 0.1919192   0.8689309887E-001   0.1031761346E+001   0.4924320937E+000   0.9547649312E+000
 0.2020202   0.9072777840E-001   0.1037643575E+001   0.4964817853E+000   0.9343906907E+000
 0.2121212   0.9593622834E-001   0.1013220410E+001   0.5101116036E+000   0.9458507686E+000
 0.2222222   0.9943111498E-001   0.1017573684E+001   0.5244201932E+000   0.9528295514E+000
 0.2323232   0.1028325296E+000   0.9669718866E+000   0.5273741244E+000   0.9287159977E+000
 0.2424242   0.1100903644E+000   0.1005183959E+001   0.5510255273E+000   0.9381265447E+000
 0.2525253   0.1158565719E+000   0.1014034436E+001   0.5615588785E+000   0.9628056651E+000
 0.2626263   0.1253342209E+000   0.1006750666E+001   0.5781097970E+000   0.9776280115E+000
 0.2727273   0.1329655344E+000   0.9925464870E+000   0.5914477164E+000   0.9554308126E+000
 0.2828283   0.1455841953E+000   0.9885471376E+000   0.6047781292E+000   0.9457054854E+000
 0.2929293   0.1563228274E+000   0.9766741430E+000   0.6211178184E+000   0.9422705752E+000
 0.3030303   0.1686137594E+000   0.9945803743E+000   0.6444358283E+000   0.9605399388E+000
 0.3131313   0.1842443542E+000   0.1010839676E+001   0.6598758191E+000   0.9615672987E+000
 0.3232323   0.2002774394E+000   0.1001963244E+001   0.6839886947E+000   0.9566743677E+000
 0.3333333   0.2147445547E+000   0.1002373797E+001   0.6991067746E+000   0.9655314548E+000
 0.3434343   0.2370683222E+000   0.9846893581E+000   0.7181987542E+000   0.9626500045E+000
 0.3535354   0.2580372303E+000   0.1007316945E+001   0.7445696460E+000   0.9699401084E+000
 0.3636364   0.2857826846E+000   0.1011287981E+001   0.7774541347E+000   0.9956413999E+000
 0.3737374   0.3079194354E+000   0.9808174217E+000   0.7941600634E+000   0.9833891826E+000
 0.3838384   0.3439032884E+000   0.9820632367E+000   0.8278334031E+000   0.9952954875E+000
 0.3939394   0.3766621051E+000   0.9954817026E+000   0.8436320321E+000   0.9705160525E+000
 0.4040404   0.4124681707E+000   0.9848356470E+000   0.8875426586E+000   0.9904630913E+000
 0.4141414   0.4570000272E+000   0.9869875093E+000   0.9093814614E+000   0.9853176443E+000
 0.4242424   0.5038044024E+000   0.9788236458E+000   0.9401461926E+000   0.9888545986E+000
 0.4343434   0.5553697117E+000   0.9890662272E+000   0.9821891177E+000   0.1023810777E+001
 0.4444444   0.6111903380E+000   0.9886297200E+000   0.1006590060E+001   0.9945950149E+000
 0.4545455   0.6910841776E+000   0.9967015632E+000   0.1049338054E+001   0.1002997227E+001
 0.4646465   0.7524457849E+000   0.9787693773E+000   0.1083318687E+001   0.1013146297E+001
 0.4747475   0.8383541037E+000   0.9959866352E+000   0.1131897352E+001   0.9971651441E+000
 0.4848485   0.9312265721E+000   0.9999175591E+000   0.1174952035E+001   0.1024860621E+001
 0.4949495   0.1043376990E+001   0.9949201421E+000   0.1221130106E+001   0.9994343294E+000
 0.5050505   0.1082702015E+001   0.9675027737E+000   0.1245618864E+001   0.1027748989E+001
 0.5151515   0.1088312749E+001   0.9861687635E+000   0.1245907432E+001   0.1038252619E+001
 0.5252525   0.1105473510E+001   0.9966449352E+000   0.1244282826E+001   0.1015652432E+001
 0.5353535   0.1104481515E+001   0.9863386473E+000   0.1240268377E+001   0.1013340008E+001
 0.5454545   0.1109985252E+001   0.9917135841E+000   0.1256974973E+001   0.1023485619E+001
 0.5555556   0.1099485979E+001   0.9631683756E+000   0.1237026788E+001   0.1008670191E+001
 0.5656566   0.1116519857E+001   0.9866524606E+000   0.1256246855E+001   0.1036593969E+001
 0.5757576   0.1135689170E+001   0.1007224925E+001   0.1237915162E+001   0.1017162340E+001
 0.5858586   0.1131458949E+001   0.9913950519E+000   0.1243247970E+001   0.1011913119E+001
 0.5959596   0.1133590302E+001   0.9776486157E+000   0.1256650902E+001   0.1024196469E+001
 0.6060606   0.1152506991E+001   0.9955902395E+000   0.1264110309E+001   0.1043133443E+001
 0.6161616   0.1168210196E+001   0.9688854396E+000   0.1264838292E+001   0.1007087641E+001
 0.6262626   0.1169287378E+001   0.9856520334E+000   0.1254909608E+001   0.1024476658E+001
 0.6363636   0.1189222863E+001   0.9933935468E+000   0.1275603219E+001   0.1028032637E+001
 0.6464646   0.1227517712E+001   0.9985042198E+000   0.1260018653E+001   0.1014011078E+001
 0.6565657   0.1244140558E+001   0.9755156294E+000   0.1273527622E+001   0.1030125407E+001
 0.6666667   0.1258210962E+001   0.9901917078E+000   0.1276896110E+001   0.1027493014E+001
 0.6767677   0.1272522164E+001   0.9878558047E+000   0.1290978719E+001   0.1046154988E+001
 0.6868687   0.1293428842E+001   0.9981951255E+000   0.1292389559E+001   0.1045203729E+001
 0.6969697   0.1328399845E+001   0.9779506315E+000   0.1296448663E+001   0.1040200106E+001
 0.7070707   0.1346055823E+001   0.9880256885E+000   0.1296364877E+001   0.1021934202E+001
 0.7171717   0.1372064200E+001   0.9823463765E+000   0.1305744051E+001   0.1022290491E+001
 0.7272727   0.1402776764E+001   0.9809023636E+000   0.1311166909E+001   0.1034385319E+001
 0.7373737   0.1430532771E+001   0.9777831071E+000   0.1309179044E+001   0.1027109051E+001
 0.7474747   0.1464326941E+001   0.9958120324E+000   0.1312326068E+001   0.1042019605E+001
 0.7575758   0.1498538940E+001   0.9898967705E+000   0.1319413592E+001   0.1035365980E+001
 0.7676768   0.1535187282E+001   0.9977255854E+000   0.1323675145E+001   0.1044992723E+001
 0.7777778   0.1584637536E+001   0.9969115585E+000   0.1339702595E+001   0.1058343212E+001
 0.7878788   0.1625021982E+001   0.9996603738E+000   0.1345025777E+001   0.1045207188E+001
 0.7979798   0.1668302485E+001   0.9890190372E+000   0.1353374292E+001   0.1040533912E+001
 0.8080808   0.1740191886E+001   0.1012227061E+001   0.1366808781E+001   0.1058820571E+001
 0.8181818   0.1764649561E+001   0.1000108678E+001   0.1365971677E+001   0.1043930771E+001
 0.8282828   0.1806692527E+001   0.9887571329E+000   0.1368923770E+001   0.1048616155E+001
 0.8383838   0.1885191194E+001   0.9948611546E+000   0.1375914749E+001   0.1042277310E+001
 0.8484848   0.1922404648E+001   0.9857865248E+000   0.1386517103E+001   0.1052516317E+001
 0.8585859   0.1996888907E+001   0.9861003380E+000   0.1392914429E+001   0.1038517242E+001
 0.8686869   0.2078646950E+001   0.9879218706E+000   0.1420560316E+001   0.1051682668E+001
 0.8787879   0.2154717028E+001   0.9987425291E+000   0.1425057401E+001   0.1057590852E+001
 0.8888889   0.2224183708E+001   0.9890048802E+000   0.1437604678E+001   0.1053675124E+001
 0.8989899   0.2317984082E+001   0.9959583213E+000   0.1441116308E+001   0.1042211587E+001
 0.9090909   0.2410150383E+001   0.1013251083E+001   0.1450862499E+001   0.1069536937E+001
 0.9191919   0.2485985563E+001   0.9953755252E+000   0.1459168598E+001   0.1051101536E+001
 0.9292929   0.2608258416E+001   0.1003565343E+001   0.1483326698E+001   0.1050013641E+001
 0.9393939   0.2692972499E+001   0.9989501649E+000   0.1485845614E+001   0.1055939121E+001
 0.9494949   0.2806960214E+001   0.1000049691E+001   0.1498195158E+001   0.1050001534E+001
 0.9595960   0.2963649965E+001   0.1008999267E+001   0.1514957781E+001   0.1050302478E+001
 0.9696970   0.3049012616E+001   0.9973197517E+000   0.1529166934E+001   0.1060723089E+001
 0.9797980   0.3214484111E+001   0.1007861989E+001   0.1546785501E+001   0.1051909241E+001
 0.9898990   0.3353434342E+001   0.1009964302E+001   0.1566865555E+001   0.1073502823E+001
 1.0000000   0.3390941072E+001   0.9885353401E+000   0.1559173809E+001   0.1063834571E+001


 0.0000000   0.9317827178E+000   0.1033741068E+001   0.7862283951E+000   0.1003932518E+001
 0.0101010   0.9178477585E+000   0.1002801831E+001   0.7804220418E+000   0.9765106199E+000
 0.0202020   0.9231940700E+000   0.1029433217E+001   0.7856980636E+000   0.9878625812E+000
 0.0303030   0.9097947428E+000   0.1030606226E+001   0.7864189142E+000   0.9955390759E+000
 0.0404040   0.8665699495E+000   0.1026896245E+001   0.7708408902E+000   0.1004912761E+001
 0.0505051   0.8414887697E+000   0.1013368001E+001   0.7663725753E+000   0.9782024731E+000
 0.0606061   0.8102446486E+000   0.1031695123E+001   0.7690260386E+000   0.1007221936E+001
 0.0707071   0.7647733262E+000   0.1015741297E+001   0.7591490509E+000   0.9804298129E+000
 0.0808081   0.7141451739E+000   0.1025539101E+001   0.7591971060E+000   0.9984887001E+000
 0.0909091   0.6734631754E+000   0.1002444927E+001   0.7464767933E+000   0.9689230764E+000
 0.1010101   0.6345366939E+000   0.1065455491E+001   0.7473542164E+000   0.9998781190E+000
 0.1111111   0.5783324371E+000   0.1009032871E+001   0.7316309257E+000   0.9959784952E+000
 0.1212121   0.5502202378E+000   0.1020390139E+001   0.7289124840E+000   0.9701203605E+000
 0.1313131   0.5128093148E+000   0.1010521864E+001   0.7207240717E+000   0.9938934774E+000
 0.1414141   0.4832501843E+000   0.1008498652E+001   0.7338876957E+000   0.1006665101E+001
 0.1515152   0.4626820748E+000   0.1017812249E+001   0.7322700100E+000   0.9986007787E+000
 0.1616162   0.4412544090E+000   0.1024522949E+001   0.7272459180E+000   0.9886791538E+000
 0.1717172   0.4258307594E+000   0.1024520675E+001   0.7343207636E+000   0.9910470367E+000
 0.1818182   0.4119330155E+000   0.1021319908E+001   0.7410480846E+000   0.1018424459E+001
 0.1919192   0.4031562508E+000   0.9834471898E+000   0.7361426730E+000   0.9783821546E+000
 0.2020202   0.3979949608E+000   0.9982984783E+000   0.7355682005E+000   0.9974390751E+000
 0.2121212   0.4118430869E+000   0.1002458567E+001   0.7461304106E+000   0.9712571578E+000
 0.2222222   0.4068901498E+000   0.1016868841E+001   0.7577927998E+000   0.9856138930E+000
 0.2323232   0.4160170187E+000   0.9872685607E+000   0.7604588864E+000   0.9931996575E+000
 0.2424242   0.4244263045E+000   0.9794394106E+000   0.7725767391E+000   0.1006871468E+001
 0.2525253   0.4317212323E+000   0.1020928905E+001   0.7793873226E+000   0.1002633829E+001
 0.2626263   0.4423307730E+000   0.1001249186E+001   0.7826110379E+000   0.1020557511E+001
 0.2727273   0.4565066003E+000   0.9714965968E+000   0.8050393869E+000   0.1006899932E+001
 0.2828283   0.4681805446E+000   0.9930403993E+000   0.8049544575E+000   0.1011050399E+001
 0.2929293   0.4898852165E+000   0.1007793937E+001   0.8269931733E+000   0.9919863621E+000
 0.3030303   0.5053502512E+000   0.1010701453E+001   0.8407802569E+000   0.1013777645E+001
 0.3131313   0.5312104434E+000   0.1007716646E+001   0.8489725796E+000   0.9983890747E+000
 0.3232323   0.5476748384E+000   0.1006057157E+001   0.8601847950E+000   0.9941425410E+000
 0.3333333   0.5643820566E+000   0.9862796872E+000   0.8617676253E+000   0.9982129512E+000
 0.3434343   0.5895947324E+000   0.9723422542E+000   0.8714692946E+000   0.1005533641E+001
 0.3535354   0.6174132576E+000   0.9931904353E+000   0.9087976051E+000   0.1015241783E+001
 0.3636364   0.6453024163E+000   0.9767592224E+000   0.9096380704E+000   0.9923243770E+000
 0.3737374   0.6840865917E+000   0.9966844549E+000   0.9142543466E+000   0.9924204443E+000
 0.3838384   0.7097516990E+000   0.9770524746E+000   0.9382734694E+000   0.9968235323E+000
 0.3939394   0.7439113732E+000   0.9807692749E+000   0.9572536277E+000   0.1001155459E+001
 0.4040404   0.7882001117E+000   0.9963593770E+000   0.9714926817E+000   0.9793623976E+000
 0.4141414   0.8365928437E+000   0.9871253445E+000   0.9865638072E+000   0.9940215672E+000
 0.4242424   0.8802899587E+000   0.9845679131E+000   0.1006549105E+001   0.1004311450E+001
 0.4343434   0.9138100503E+000   0.9940520055E+000   0.1026497616E+001   0.9969587382E+000
 0.4444444   0.9702993628E+000   0.9953250381E+000   0.1041714096E+001   0.1008988508E+001
 0.4545455   0.1033658117E+001   0.9844928951E+000   0.1066622643E+001   0.1012758263E+001
 0.4646465   0.1083377118E+001   0.1010455939E+001   0.1075653266E+001   0.9896469437E+000
 0.4747475   0.1152662597E+001   0.1016402820E+001   0.1102447774E+001   0.9826873962E+000
 0.4848485   0.1208884524E+001   0.1006702766E+001   0.1120628542E+001   0.1019689346E+001
 0.4949495   0.1275944097E+001   0.1005609322E+001   0.1141813996E+001   0.1020422305E+001
 0.5050505   0.1311520125E+001   0.9757498895E+000   0.1165603477E+001   0.1002801058E+001
 0.5151515   0.1321676203E+001   0.9953705035E+000   0.1147502103E+001   0.9988284940E+000
 0.5252525   0.1327545937E+001   0.1003201927E+001   0.1135482345E+001   0.9899991907E+000
 0.5353535   0.1317118235E+001   0.9928221652E+000   0.1149723629E+001   0.9907766248E+000
 0.5454545   0.1332617893E+001   0.9970504518E+000   0.1149050429E+001   0.1015469498E+001
 0.5555556   0.1312444411E+001   0.9824469499E+000   0.1149666101E+001   0.1012290379E+001
 0.5656566   0.1315110807E+001   0.9938792368E+000   0.1148231978E+001   0.9823333701E+000
 0.5757576   0.1312034816E+001   0.1016291429E+001   0.1158522077E+001   0.1012395342E+001
 0.5858586   0.1322437065E+001   0.1005818463E+001   0.1150771753E+001   0.1005332611E+001
 0.5959596   0.1331227211E+001   0.1007171060E+001   0.1149219212E+001   0.9965068658E+000
 0.6060606   0.1304796734E+001   0.9594982651E+000   0.1150959122E+001   0.9960727836E+000
 0.6161616   0.1325160240E+001   0.9903352052E+000   0.1159574490E+001   0.1019829889E+001
 0.6262626   0.1309897705E+001   0.9894668151E+000   0.1160407800E+001   0.1022032323E+001
 0.6363636   0.1328849458E+001   0.9992987182E+000   0.1156611311E+001   0.1000959766E+001
 0.6464646   0.1321223312E+001   0.9847043094E+000   0.1150377879E+001   0.9963752179E+000
 0.6565657   0.1327531964E+001   0.1025730056E+001   0.1161102625E+001   0.9970405734E+000
 0.6666667   0.1319102133E+001   0.9925107268E+000   0.1161947942E+001   0.9931124852E+000
 0.6767677   0.1326160043E+001   0.1013197506E+001   0.1159513107E+001   0.1024643932E+001
 0.6868687   0.1334874107E+001   0.1016355081E+001   0.1152986186E+001   0.9948488141E+000
 0.6969697   0.1301301068E+001   0.9696166006E+000   0.1146408561E+001   0.9927282157E+000
 0.7070707   0.1318247740E+001   0.9877914133E+000   0.1150724877E+001   0.9988498423E+000
 0.7171717   0.1331164511E+001   0.1001374216E+001   0.1150164709E+001   0.9896273744E+000
 0.7272727   0.1319390387E+001   0.1000980940E+001   0.1158518324E+001   0.1014761446E+001
 0.7373737   0.1332757734E+001   0.1000298958E+001   0.1160826889E+001   0.1013142533E+001
 0.7474747   0.1332222364E+001   0.1010521864E+001   0.1160253007E+001   0.1010651897E+001
 0.7575758   0.1313264754E+001   0.9940588253E+000   0.1149929761E+001   0.1001534392E+001
 0.7676768   0.1334014165E+001   0.1004838683E+001   0.1157781196E+001   0.1008211074E+001
 0.7777778   0.1330248637E+001   0.9937314741E+000   0.1163015341E+001   0.1011237196E+001
 0.7878788   0.1330439751E+001   0.1004074863E+001   0.1158179441E+001   0.1003717256E+001
 0.7979798   0.1327293040E+001   0.1005379722E+001   0.1166544705E+001   0.1012238788E+001
 0.8080808   0.1330058645E+001   0.1000928655E+001   0.1152978169E+001   0.1002710327E+001
 0.8181818   0.1318692412E+001   0.9804828426E+000   0.1149402321E+001   0.9948772785E+000
 0.8282828   0.1319594312E+001   0.9821150522E+000   0.1148397651E+001   0.9830734447E+000
 0.8383838   0.1315971737E+001   0.9817740613E+000   0.1153362328E+001   0.1004606769E+001
 0.8484848   0.1325839717E+001   0.9941520295E+000   0.1158279026E+001   0.1019835226E+001
 0.8585859   0.1320902987E+001   0.9927607868E+000   0.1153130614E+001   0.1004046376E+001
 0.8686869   0.1313441951E+001   0.9858000267E+000   0.1155716842E+001   0.1002555552E+001
 0.8787879   0.1328095273E+001   0.1000342150E+001   0.1155593026E+001   0.1002498623E+001
 0.8888889   0.1326394449E+001   0.1001669741E+001   0.1154728624E+001   0.1008243097E+001
 0.8989899   0.1332063481E+001   0.9937564801E+000   0.1165840371E+001   0.1011283451E+001
 0.9090909   0.1324397219E+001   0.9939997203E+000   0.1154783166E+001   0.1020196368E+001
 0.9191919   0.1332503307E+001   0.9975505717E+000   0.1152357868E+001   0.9862543422E+000
 0.9292929   0.1317886919E+001   0.9903670310E+000   0.1153760298E+001   0.9948577092E+000
 0.9393939   0.1316116806E+001   0.9622080058E+000   0.1147494722E+001   0.9746888978E+000
 0.9494949   0.1323113078E+001   0.9785119154E+000   0.1154055453E+001   0.9827087445E+000
 0.9595960   0.1318230410E+001   0.9891826561E+000   0.1159629363E+001   0.1009173527E+001
 0.9696970   0.1314149209E+001   0.1020951638E+001   0.1151169051E+001   0.1022075019E+001
 0.9797980   0.1324912853E+001   0.9803259868E+000   0.1162511112E+001   0.9907748458E+000
 0.9898990   0.1322915625E+001   0.9807169897E+000   0.1156488249E+001   0.9972647306E+000
 1.0000000   0.1317545024E+001   0.1013558956E+001   0.1154467047E+001   0.1031856101E+001


