#   100 bins for weightfunction of cd                      
 0.0000000    0.3205908203E+001    0.1796289062E+001
 0.0101010    0.3220460510E+001    0.1805949402E+001
 0.0202020    0.3216645813E+001    0.1789265442E+001
 0.0303030    0.3281250000E+001    0.1815313721E+001
 0.0404040    0.3301527405E+001    0.1809150696E+001
 0.0505051    0.3345733643E+001    0.1804925537E+001
 0.0606061    0.3414848328E+001    0.1801196289E+001
 0.0707071    0.3494891357E+001    0.1813316345E+001
 0.0808081    0.3601655579E+001    0.1817033386E+001
 0.0909091    0.3671656799E+001    0.1808479309E+001
 0.1010101    0.3726614380E+001    0.1815457153E+001
 0.1111111    0.3794845581E+001    0.1810278320E+001
 0.1212121    0.3862854004E+001    0.1806559753E+001
 0.1313131    0.3904743958E+001    0.1787440491E+001
 0.1414141    0.3917593384E+001    0.1771005249E+001
 0.1515152    0.3979284668E+001    0.1782635498E+001
 0.1616162    0.3965711975E+001    0.1770727539E+001
 0.1717172    0.3968167114E+001    0.1765095520E+001
 0.1818182    0.3923297119E+001    0.1747805786E+001
 0.1919192    0.3925894165E+001    0.1730230713E+001
 0.2020202    0.3890309143E+001    0.1728196716E+001
 0.2121212    0.3840917969E+001    0.1703094482E+001
 0.2222222    0.3791029358E+001    0.1682785034E+001
 0.2323232    0.3750912476E+001    0.1688945007E+001
 0.2424242    0.3682270813E+001    0.1644876099E+001
 0.2525253    0.3626747131E+001    0.1650424194E+001
 0.2626263    0.3561683655E+001    0.1618457031E+001
 0.2727273    0.3481315613E+001    0.1613945007E+001
 0.2828283    0.3390695190E+001    0.1595098877E+001
 0.2929293    0.3320550537E+001    0.1563298035E+001
 0.3030303    0.3246917725E+001    0.1569369507E+001
 0.3131313    0.3149211121E+001    0.1535981750E+001
 0.3232323    0.3071197510E+001    0.1514538574E+001
 0.3333333    0.2952033997E+001    0.1489865112E+001
 0.3434343    0.2864389038E+001    0.1474389648E+001
 0.3535354    0.2764924622E+001    0.1441950989E+001
 0.3636364    0.2682926941E+001    0.1436901855E+001
 0.3737374    0.2591043091E+001    0.1414869690E+001
 0.3838384    0.2469300842E+001    0.1392878723E+001
 0.3939394    0.2389538574E+001    0.1377719116E+001
 0.4040404    0.2291491699E+001    0.1353837585E+001
 0.4141414    0.2185688782E+001    0.1333891296E+001
 0.4242424    0.2072557068E+001    0.1314750671E+001
 0.4343434    0.1959408569E+001    0.1266270447E+001
 0.4444444    0.1868840027E+001    0.1255845642E+001
 0.4545455    0.1767686462E+001    0.1221282959E+001
 0.4646465    0.1662828064E+001    0.1214616394E+001
 0.4747475    0.1543164062E+001    0.1192127991E+001
 0.4848485    0.1427976990E+001    0.1167559814E+001
 0.4949495    0.1316250610E+001    0.1138088989E+001
 0.5050505    0.1257466125E+001    0.1138278198E+001
 0.5151515    0.1259700012E+001    0.1123562622E+001
 0.5252525    0.1244880676E+001    0.1123812866E+001
 0.5353535    0.1243167114E+001    0.1125729370E+001
 0.5454545    0.1232337952E+001    0.1132832336E+001
 0.5555556    0.1227925110E+001    0.1122171021E+001
 0.5656566    0.1216532898E+001    0.1138294983E+001
 0.5757576    0.1216806030E+001    0.1114732361E+001
 0.5858586    0.1200627136E+001    0.1118357849E+001
 0.5959596    0.1198562622E+001    0.1121771240E+001
 0.6060606    0.1190881348E+001    0.1119998169E+001
 0.6161616    0.1185824585E+001    0.1132177734E+001
 0.6262626    0.1155554199E+001    0.1112376404E+001
 0.6363636    0.1152281189E+001    0.1123889160E+001
 0.6464646    0.1124020386E+001    0.1123080444E+001
 0.6565657    0.1133964539E+001    0.1109715271E+001
 0.6666667    0.1104771423E+001    0.1098045349E+001
 0.6767677    0.1070455933E+001    0.1117074585E+001
 0.6868687    0.1078547668E+001    0.1106938171E+001
 0.6969697    0.1034045410E+001    0.1108152771E+001
 0.7070707    0.1038484192E+001    0.1112814331E+001
 0.7171717    0.9953125000E+000    0.1095304871E+001
 0.7272727    0.9883117676E+000    0.1101533508E+001
 0.7373737    0.9434692383E+000    0.1082589722E+001
 0.7474747    0.9253799438E+000    0.1088894653E+001
 0.7575758    0.9076400757E+000    0.1090289307E+001
 0.7676768    0.8715805054E+000    0.1081109619E+001
 0.7777778    0.8367507935E+000    0.1074633789E+001
 0.7878788    0.8143737793E+000    0.1072415161E+001
 0.7979798    0.7756088257E+000    0.1059176636E+001
 0.8080808    0.7532241821E+000    0.1068457031E+001
 0.8181818    0.7249618530E+000    0.1059947205E+001
 0.8282828    0.6789398193E+000    0.1056709290E+001
 0.8383838    0.6400283813E+000    0.1033015442E+001
 0.8484848    0.6189743042E+000    0.1053593445E+001
 0.8585859    0.5800689697E+000    0.1040243530E+001
 0.8686869    0.5501922607E+000    0.1045278931E+001
 0.8787879    0.5056182861E+000    0.1028521729E+001
 0.8888889    0.4682403564E+000    0.1026202393E+001
 0.8989899    0.4319320679E+000    0.1029705811E+001
 0.9090909    0.3800704956E+000    0.1011738586E+001
 0.9191919    0.3320922852E+000    0.1003157043E+001
 0.9292929    0.2865737915E+000    0.9920989990E+000
 0.9393939    0.2510848999E+000    0.1005381775E+001
 0.9494949    0.1984939575E+000    0.9923843384E+000
 0.9595960    0.1551910400E+000    0.9917007446E+000
 0.9696970    0.1018386841E+000    0.9747680664E+000
 0.9797980    0.5524139404E-001    0.9747985840E+000
 0.9898990    0.2703704834E-001    0.9791412354E+000
 1.0000000    0.0000000000E+000    0.9765762329E+000


#   100 bins for weightfunction of Ar                      
 0.0000000    0.1714295959E+001    0.3405380249E+000
 0.0101010    0.1732135010E+001    0.3173553467E+000
 0.0202020    0.1737603760E+001    0.3256500244E+000
 0.0303030    0.1736024475E+001    0.3082717896E+000
 0.0404040    0.1758012390E+001    0.3061019897E+000
 0.0505051    0.1810321045E+001    0.3343215942E+000
 0.0606061    0.1869995117E+001    0.3285415649E+000
 0.0707071    0.1915496826E+001    0.3302856445E+000
 0.0808081    0.2005004883E+001    0.3506011963E+000
 0.0909091    0.2073664856E+001    0.3561553955E+000
 0.1010101    0.2141069031E+001    0.3404571533E+000
 0.1111111    0.2220629883E+001    0.3537460327E+000
 0.1212121    0.2287728882E+001    0.3411300659E+000
 0.1313131    0.2351716614E+001    0.3462814331E+000
 0.1414141    0.2442602539E+001    0.3564773560E+000
 0.1515152    0.2481993103E+001    0.3437332153E+000
 0.1616162    0.2528860474E+001    0.3480194092E+000
 0.1717172    0.2564439392E+001    0.3545349121E+000
 0.1818182    0.2622351074E+001    0.3478820801E+000
 0.1919192    0.2616658020E+001    0.3292129517E+000
 0.2020202    0.2613972473E+001    0.3238082886E+000
 0.2121212    0.2640498352E+001    0.3253906250E+000
 0.2222222    0.2629348755E+001    0.3389358521E+000
 0.2323232    0.2589805603E+001    0.2997528076E+000
 0.2424242    0.2589933777E+001    0.3014724731E+000
 0.2525253    0.2576055908E+001    0.2838043213E+000
 0.2626263    0.2552413940E+001    0.2941772461E+000
 0.2727273    0.2515763855E+001    0.2741775513E+000
 0.2828283    0.2483743286E+001    0.2613861084E+000
 0.2929293    0.2461720276E+001    0.2616516113E+000
 0.3030303    0.2401629639E+001    0.2490341187E+000
 0.3131313    0.2360815430E+001    0.2272613525E+000
 0.3232323    0.2334156799E+001    0.2400405884E+000
 0.3333333    0.2292358398E+001    0.2262161255E+000
 0.3434343    0.2230949402E+001    0.2183319092E+000
 0.3535354    0.2181460571E+001    0.1941452026E+000
 0.3636364    0.2134118652E+001    0.1925155640E+000
 0.3737374    0.2092008972E+001    0.1759399414E+000
 0.3838384    0.2050894165E+001    0.1680496216E+000
 0.3939394    0.1986090088E+001    0.1620681763E+000
 0.4040404    0.1934112549E+001    0.1321578979E+000
 0.4141414    0.1880854797E+001    0.1338562012E+000
 0.4242424    0.1820030212E+001    0.1063796997E+000
 0.4343434    0.1767791748E+001    0.1201766968E+000
 0.4444444    0.1707342529E+001    0.6222229004E-001
 0.4545455    0.1655513000E+001    0.8257141113E-001
 0.4646465    0.1621742249E+001    0.7453460693E-001
 0.4747475    0.1549272156E+001    0.5398864746E-001
 0.4848485    0.1499212646E+001    0.3117828369E-001
 0.4949495    0.1430604553E+001    0.3069458008E-001
 0.5050505    0.1393153381E+001    0.1248474121E-001
 0.5151515    0.1412971497E+001    0.3941345215E-002
 0.5252525    0.1409719849E+001    0.3719787598E-001
 0.5353535    0.1404461670E+001    0.2413330078E-001
 0.5454545    0.1369473267E+001    0.1065673828E-001
 0.5555556    0.1422419739E+001    0.2734069824E-001
 0.5656566    0.1413517761E+001    0.2912292480E-001
 0.5757576    0.1419989014E+001    0.3549957275E-001
 0.5858586    0.1405644226E+001    0.1465759277E-001
 0.5959596    0.1400160217E+001    0.3613281250E-002
 0.6060606    0.1393904114E+001    0.1930541992E-001
 0.6161616    0.1403150940E+001    0.3127899170E-001
 0.6262626    0.1399211121E+001    0.2559509277E-001
 0.6363636    0.1413496399E+001    0.1429748535E-001
 0.6464646    0.1398645020E+001    0.2180328369E-001
 0.6565657    0.1410307312E+001    0.1902008057E-001
 0.6666667    0.1398895264E+001    0.4055175781E-001
 0.6767677    0.1423117065E+001    0.0000000000E+000
 0.6868687    0.1399992371E+001    0.2455902100E-001
 0.6969697    0.1403353882E+001    0.3871917725E-001
 0.7070707    0.1408256531E+001    0.3066558838E-001
 0.7171717    0.1415194702E+001    0.3680114746E-001
 0.7272727    0.1397753906E+001    0.2212371826E-001
 0.7373737    0.1404762268E+001    0.2949218750E-001
 0.7474747    0.1415809631E+001    0.4314422607E-001
 0.7575758    0.1397616577E+001    0.3016204834E-001
 0.7676768    0.1401080322E+001    0.2709808350E-001
 0.7777778    0.1417501831E+001    0.5449066162E-001
 0.7878788    0.1393763733E+001    0.2021179199E-001
 0.7979798    0.1399851990E+001    0.3400726318E-001
 0.8080808    0.1425073242E+001    0.5004272461E-001
 0.8181818    0.1418609619E+001    0.3780670166E-001
 0.8282828    0.1402026367E+001    0.2586364746E-001
 0.8383838    0.1422261047E+001    0.4901580811E-001
 0.8484848    0.1410778809E+001    0.3336944580E-001
 0.8585859    0.1426296997E+001    0.5302734375E-001
 0.8686869    0.1414697266E+001    0.3646545410E-001
 0.8787879    0.1415444946E+001    0.4397735596E-001
 0.8888889    0.1416143799E+001    0.3979797363E-001
 0.8989899    0.1400598145E+001    0.3514709473E-001
 0.9090909    0.1405220032E+001    0.3106384277E-001
 0.9191919    0.1402355957E+001    0.3482666016E-001
 0.9292929    0.1430915833E+001    0.5115356445E-001
 0.9393939    0.1408567810E+001    0.4004974365E-001
 0.9494949    0.1411611938E+001    0.3856048584E-001
 0.9595960    0.1436351013E+001    0.5648651123E-001
 0.9696970    0.1403353882E+001    0.3416595459E-001
 0.9797980    0.1399545288E+001    0.3291320801E-001
 0.9898990    0.1423857117E+001    0.5050201416E-001
 1.0000000    0.1423959351E+001    0.5811004639E-001


