Compiled using GNU Fortran (Ubuntu 9.4.0-1ubuntu1~20.04.2) 9.4.0 with all optimizations
Last Brick update unknown
Compiled at 18:43:37 on Sep  2 2023
Starting at 16:56:20 on Sep 11 2023

Settings
OK                      

Forcefield
OK                      

Topology
OK                      

Configuration
OK                      Read from ./INPUT/restart.in

 F
Monte Carlo Simulation initialized.

#########################################################################################################################
###########################################   ENERGY STARTING CONFIGURATION   ###########################################
#########################################################################################################################
                                               Box 1               Box 2
-------------------------------------------------------------------------------------------------------------------------
Lennard Jones        
 Intermolecular                         -0.4905170632E+006  -0.4497285647E+005
 Tailcorrection                         -0.1168442180E+005  -0.9698515115E+003
Total Intermolecular                    -0.5022014850E+006  -0.4594270798E+005

Electrostatic        
 Real                                   -0.1495982709E+006  -0.1145326468E+005
 Exclusion                               0.8403352604E+007   0.4560531363E+007
 Selfterm                               -0.8430343329E+007  -0.4565130119E+007
 Fourier                                 0.1200214139E+005   0.3768412209E+004
Total Intermolecular                    -0.1645868545E+006  -0.1228360869E+005

Intramolecular       
 Lennard Jones                           0.0000000000E+000   0.0000000000E+000
 Electrostatic                           0.0000000000E+000   0.0000000000E+000
 Bending                                 0.0000000000E+000   0.0000000000E+000
 Torsion                                 0.0000000000E+000   0.0000000000E+000

Total                                   -0.6667883395E+006  -0.5822631667E+005

#########################################################################################################################

Simulation is running...



#########################################################################################################################
###############################################   RELATIVE ENERGY DRIFTS   ##############################################
#########################################################################################################################
                                               Box 1               Box 2                                                 
-------------------------------------------------------------------------------------------------------------------------

Lennard Jones        
 Intermolecular                          0.6560579721E-014   0.1583732043E-015
 Tailcorrection                          0.0000000000E+000   0.0000000000E+000

Electrostatic        
 Real                                    0.4534838500E-014   0.3302615942E-014
 Exclusion                               0.0000000000E+000   0.3966229657E-015
 Selfterm                                0.0000000000E+000   0.0000000000E+000
 Fourier                                 0.2880768824E-015   0.1292377993E-015

Intramolecular       
 Lennard Jones                           0.0000000000E+000   0.0000000000E+000
 Electrostatic                           0.0000000000E+000   0.0000000000E+000
 Bending                                 0.0000000000E+000   0.0000000000E+000
 Torsion                                 0.0000000000E+000   0.0000000000E+000

Total                                    0.3521254994E-014   0.2017155702E-013

#########################################################################################################################
############################################   TRIAL MOVE ACCEPTANCE RATES   ############################################
#########################################################################################################################
                                               Box 1               Box 2
-------------------------------------------------------------------------------------------------------------------------
Translation
 CO2                                          0.49994             0.51387
 AR                                           0.50658             0.69297
-------------------------------------------------------------------------------------------------------------------------
Rotation
 CO2                                          0.50378             0.77511
 AR                                           0.00000             0.00000
-------------------------------------------------------------------------------------------------------------------------
Lambda Move
 cd                                           0.74020             0.95151
 Ar                                           0.82573             0.97393
-------------------------------------------------------------------------------------------------------------------------
GE Swap Fractional
 cd                                           0.33722             0.39186
 Ar                                           0.42042             0.48896
-------------------------------------------------------------------------------------------------------------------------
GE Identity Change
 cd                                           0.71957             0.84696
 Ar                                           0.77137             0.93788
-------------------------------------------------------------------------------------------------------------------------
Volume                                        0.49168             0.49202

#########################################################################################################################
######################################################   AVERAGES   #####################################################
#########################################################################################################################
                                                       Boltzmann                                    Biased
                                               Box 1               Box 2                  Box 1               Box 2      
-------------------------------------------------------------------------------------------------------------------------
Density
 CO2                                     0.9904424330E+003   0.5554687595E+002      0.9878188240E+003   0.5553749006E+002
 AR                                      0.2857118149E+002   0.2921021922E+002      0.2888697507E+002   0.2933689654E+002
 Total                                   0.1019013614E+004   0.8475709517E+002      0.1016705799E+004   0.8487438660E+002

Number of molecules
 CO2                                     0.4660159654E+003   0.3289840346E+003      0.4679434300E+003   0.3270565700E+003
 AR                                      0.1489312615E+002   0.1901068739E+003      0.1516424000E+002   0.1898357600E+003
 Total                                   0.4809090915E+003   0.5190909085E+003      0.4831076700E+003   0.5168923300E+003

Mole fractions
 CO2                                          0.96903             0.63377                 0.96861             0.63274
 AR                                           0.03097             0.36623                 0.03139             0.36726

Volume                                   0.3441401663E+005   0.4336158923E+006      0.3464875323E+005   0.4311115403E+006

#########################################################################################################################
#######################################   PROPERTIES FROM THE CFC GIBBS ENSEMBLE   ######################################
#########################################################################################################################
                                                       Boltzmann                                    Biased
                                               Box 1               Box 2                  Box 1               Box 2      
Chemical Potentials (as an indication)
=========================================================================================================================

Total cd                                -0.1943241933E+004  -0.1941744212E+004     -0.1943913000E+004  -0.1941786966E+004
 Ideal gas                              -0.1088194160E+004  -0.1817068051E+004     -0.1088865227E+004  -0.1817110804E+004
 Excess                                 -0.8550477727E+003  -0.1246761616E+003     -0.8550477727E+003  -0.1246761616E+003

-------------------------------------------------------------------------------------------------------------------------

Total Ar                                -0.1999691277E+004  -0.2001273754E+004     -0.1996910241E+004  -0.2000178929E+004
 Ideal gas                              -0.1960769630E+004  -0.1955173257E+004     -0.1957988595E+004  -0.1954078433E+004
 Excess                                 -0.3892164629E+002  -0.4610049656E+002     -0.3892164629E+002  -0.4610049656E+002

-------------------------------------------------------------------------------------------------------------------------

#########################################################################################################################
#########################################   PROPERTIES FROM UMBRELLA SAMPLING   #########################################
#########################################################################################################################

Excess Partial Molar Enthalpy
=========================================================================================================================


Partial Molar Volume
=========================================================================================================================


#########################################################################################################################
##################################################   AVERAGE ENERGIES   #################################################
#########################################################################################################################
                                                       Boltzmann                                    Biased
                                               Box 1               Box 2                  Box 1               Box 2      
-------------------------------------------------------------------------------------------------------------------------
Lennard Jones        
 Intermolecular                         -0.5026356346E+006  -0.4590281219E+005     -0.5042735383E+006  -0.4562888231E+005
 Tailcorrection                         -0.1225380524E+005  -0.9018865369E+003     -0.1229748046E+005  -0.8968682099E+003
Total Intermolecular                    -0.5148894398E+006  -0.4680469873E+005     -0.5165710187E+006  -0.4652575052E+005

Electrostatic        
 Real                                   -0.1543632047E+006  -0.9766223877E+004     -0.1545202482E+006  -0.9704996384E+004
 Exclusion                               0.8534213414E+007   0.4467279958E+007      0.8568769687E+007   0.4440217642E+007
 Selfterm                               -0.8561624718E+007  -0.4471784834E+007     -0.8596291969E+007  -0.4444695162E+007
 Fourier                                 0.1239832174E+005   0.3406860818E+004      0.1247982129E+005   0.3394830976E+004
Total Intermolecular                    -0.1693761874E+006  -0.1086423854E+005     -0.1695627084E+006  -0.1078768498E+005

Intramolecular       
 Lennard Jones                           0.0000000000E+000   0.0000000000E+000      0.0000000000E+000   0.0000000000E+000
 Electrostatic                           0.0000000000E+000   0.0000000000E+000      0.0000000000E+000   0.0000000000E+000
 Bending                                 0.0000000000E+000   0.0000000000E+000      0.0000000000E+000   0.0000000000E+000
 Torsion                                 0.0000000000E+000   0.0000000000E+000      0.0000000000E+000   0.0000000000E+000

Total                                   -0.6842656272E+006  -0.5766893727E+005     -0.6861337272E+006  -0.5731343549E+005

#########################################################################################################################

No errors found in bookkeeping.

Total simulation time:  18 hours and  25 minutes

Simulation finished.

