#   100 bins for weightfunction of cd                      
 0.0000000    0.3225840759E+001    0.1658935547E+001
 0.0101010    0.3249192810E+001    0.1685241699E+001
 0.0202020    0.3254187012E+001    0.1672143555E+001
 0.0303030    0.3285237122E+001    0.1672463989E+001
 0.0404040    0.3322897339E+001    0.1664222717E+001
 0.0505051    0.3357769775E+001    0.1647367859E+001
 0.0606061    0.3453417969E+001    0.1687031555E+001
 0.0707071    0.3531051636E+001    0.1673944092E+001
 0.0808081    0.3592816162E+001    0.1665301514E+001
 0.0909091    0.3654252625E+001    0.1655836487E+001
 0.1010101    0.3765533447E+001    0.1668945312E+001
 0.1111111    0.3852043152E+001    0.1685456848E+001
 0.1212121    0.3899708557E+001    0.1658583069E+001
 0.1313131    0.3981132507E+001    0.1671044922E+001
 0.1414141    0.3972891235E+001    0.1638821411E+001
 0.1515152    0.4047688293E+001    0.1640750122E+001
 0.1616162    0.4026112366E+001    0.1662847900E+001
 0.1717172    0.4027343750E+001    0.1636764526E+001
 0.1818182    0.4026510620E+001    0.1627421570E+001
 0.1919192    0.3998608398E+001    0.1592657471E+001
 0.2020202    0.3968530273E+001    0.1569895935E+001
 0.2121212    0.3914651489E+001    0.1572448730E+001
 0.2222222    0.3877369690E+001    0.1535333252E+001
 0.2323232    0.3830068970E+001    0.1550302124E+001
 0.2424242    0.3761334229E+001    0.1528974915E+001
 0.2525253    0.3678976440E+001    0.1481976318E+001
 0.2626263    0.3611508179E+001    0.1479565430E+001
 0.2727273    0.3558798218E+001    0.1462770081E+001
 0.2828283    0.3461689758E+001    0.1450588989E+001
 0.2929293    0.3384576416E+001    0.1411994934E+001
 0.3030303    0.3304719543E+001    0.1425808716E+001
 0.3131313    0.3232048035E+001    0.1409771729E+001
 0.3232323    0.3134243774E+001    0.1358744812E+001
 0.3333333    0.3032331848E+001    0.1358445740E+001
 0.3434343    0.2949600220E+001    0.1328703308E+001
 0.3535354    0.2868849182E+001    0.1324008179E+001
 0.3636364    0.2744001770E+001    0.1268339539E+001
 0.3737374    0.2644329834E+001    0.1267512512E+001
 0.3838384    0.2531349182E+001    0.1235908508E+001
 0.3939394    0.2433241272E+001    0.1256121826E+001
 0.4040404    0.2343989563E+001    0.1204763794E+001
 0.4141414    0.2237016296E+001    0.1148323059E+001
 0.4242424    0.2136273193E+001    0.1156350708E+001
 0.4343434    0.2043405151E+001    0.1132325745E+001
 0.4444444    0.1939239502E+001    0.1104551697E+001
 0.4545455    0.1819204712E+001    0.1070611572E+001
 0.4646465    0.1720555115E+001    0.1042471313E+001
 0.4747475    0.1609498596E+001    0.1034980774E+001
 0.4848485    0.1490643311E+001    0.1001435852E+001
 0.4949495    0.1373579407E+001    0.9853500366E+000
 0.5050505    0.1308642578E+001    0.9549560547E+000
 0.5151515    0.1316725159E+001    0.9660232544E+000
 0.5252525    0.1295053101E+001    0.9439224243E+000
 0.5353535    0.1300431824E+001    0.9543273926E+000
 0.5454545    0.1291658020E+001    0.9594711304E+000
 0.5555556    0.1301493835E+001    0.9708328247E+000
 0.5656566    0.1280178833E+001    0.9735107422E+000
 0.5757576    0.1266581726E+001    0.9887771606E+000
 0.5858586    0.1256822205E+001    0.9583374023E+000
 0.5959596    0.1246099854E+001    0.9497283936E+000
 0.6060606    0.1243507385E+001    0.9263687134E+000
 0.6161616    0.1214318848E+001    0.9697906494E+000
 0.6262626    0.1216526794E+001    0.9476959229E+000
 0.6363636    0.1214608765E+001    0.9652389526E+000
 0.6464646    0.1176657104E+001    0.9346939087E+000
 0.6565657    0.1168858337E+001    0.9375839233E+000
 0.6666667    0.1172380066E+001    0.9201477051E+000
 0.6767677    0.1099977112E+001    0.9327026367E+000
 0.6868687    0.1123382568E+001    0.9548767090E+000
 0.6969697    0.1067587280E+001    0.9433258057E+000
 0.7070707    0.1079521179E+001    0.9236175537E+000
 0.7171717    0.1043405151E+001    0.9325942993E+000
 0.7272727    0.1005694580E+001    0.9334808350E+000
 0.7373737    0.9994735718E+000    0.9155517578E+000
 0.7474747    0.9691040039E+000    0.9228347778E+000
 0.7575758    0.9355041504E+000    0.9151947021E+000
 0.7676768    0.9106140137E+000    0.9039916992E+000
 0.7777778    0.8755233765E+000    0.8995498657E+000
 0.7878788    0.8637695313E+000    0.9174346924E+000
 0.7979798    0.8283554077E+000    0.9027359009E+000
 0.8080808    0.7795410156E+000    0.8999755859E+000
 0.8181818    0.7560974121E+000    0.8877380371E+000
 0.8282828    0.7113876343E+000    0.8754821777E+000
 0.8383838    0.6726776123E+000    0.8549331665E+000
 0.8484848    0.6588150024E+000    0.8815292358E+000
 0.8585859    0.5952194214E+000    0.8715744019E+000
 0.8686869    0.5794052124E+000    0.8660415649E+000
 0.8787879    0.5402145386E+000    0.8592681885E+000
 0.8888889    0.4995605469E+000    0.8598114014E+000
 0.8989899    0.4630737305E+000    0.8593856812E+000
 0.9090909    0.3904373169E+000    0.8308532715E+000
 0.9191919    0.3602996826E+000    0.8266769409E+000
 0.9292929    0.3137161255E+000    0.8138305664E+000
 0.9393939    0.2703277588E+000    0.8201370239E+000
 0.9494949    0.2322692871E+000    0.8255096436E+000
 0.9595960    0.1721817017E+000    0.7916839600E+000
 0.9696970    0.1322662354E+000    0.8045379639E+000
 0.9797980    0.8183135986E-001    0.7786224365E+000
 0.9898990    0.3286132813E-001    0.7942977905E+000
 1.0000000    0.0000000000E+000    0.7843811035E+000


#   100 bins for weightfunction of Ar                      
 0.0000000    0.1931925964E+001    0.3422653198E+000
 0.0101010    0.1938204956E+001    0.3501296997E+000
 0.0202020    0.1904071045E+001    0.3235275269E+000
 0.0303030    0.1925254822E+001    0.3089035034E+000
 0.0404040    0.1953277588E+001    0.3076049805E+000
 0.0505051    0.2001617432E+001    0.3194351196E+000
 0.0606061    0.2094230652E+001    0.3548797607E+000
 0.0707071    0.2128579712E+001    0.3301376343E+000
 0.0808081    0.2209915161E+001    0.3488983154E+000
 0.0909091    0.2280783081E+001    0.3262008667E+000
 0.1010101    0.2349362183E+001    0.3387969971E+000
 0.1111111    0.2463681030E+001    0.3572982788E+000
 0.1212121    0.2554766846E+001    0.3591751099E+000
 0.1313131    0.2611230469E+001    0.3621795654E+000
 0.1414141    0.2703636169E+001    0.3737258911E+000
 0.1515152    0.2758236694E+001    0.3447280884E+000
 0.1616162    0.2818682861E+001    0.3539550781E+000
 0.1717172    0.2849247742E+001    0.3412139893E+000
 0.1818182    0.2899290466E+001    0.3109542847E+000
 0.1919192    0.2921058655E+001    0.3419464111E+000
 0.2020202    0.2915461731E+001    0.3713653564E+000
 0.2121212    0.2901741028E+001    0.3190811157E+000
 0.2222222    0.2907972717E+001    0.3439376831E+000
 0.2323232    0.2941511536E+001    0.3105041504E+000
 0.2424242    0.2917070007E+001    0.3016204834E+000
 0.2525253    0.2871354675E+001    0.2761535645E+000
 0.2626263    0.2899278259E+001    0.2624038696E+000
 0.2727273    0.2849737549E+001    0.2872680664E+000
 0.2828283    0.2810253906E+001    0.2719970703E+000
 0.2929293    0.2775268555E+001    0.2453125000E+000
 0.3030303    0.2727984619E+001    0.2584701538E+000
 0.3131313    0.2709104919E+001    0.2547607422E+000
 0.3232323    0.2677258301E+001    0.2185348511E+000
 0.3333333    0.2636683655E+001    0.1859542847E+000
 0.3434343    0.2588955688E+001    0.2078155518E+000
 0.3535354    0.2545426941E+001    0.1893814087E+000
 0.3636364    0.2503988647E+001    0.1603347778E+000
 0.3737374    0.2460549927E+001    0.1786132812E+000
 0.3838384    0.2406230164E+001    0.1767639160E+000
 0.3939394    0.2377316284E+001    0.1374832153E+000
 0.4040404    0.2322146606E+001    0.1382354736E+000
 0.4141414    0.2238739014E+001    0.1339401245E+000
 0.4242424    0.2184693909E+001    0.1051788330E+000
 0.4343434    0.2122602844E+001    0.1126083374E+000
 0.4444444    0.2065449524E+001    0.8502197266E-001
 0.4545455    0.2008558655E+001    0.7030944824E-001
 0.4646465    0.1954344177E+001    0.7742614746E-001
 0.4747475    0.1907629395E+001    0.4074554443E-001
 0.4848485    0.1830708313E+001    0.4253692627E-001
 0.4949495    0.1753077698E+001    0.2316131592E-001
 0.5050505    0.1745417786E+001    0.3136444092E-001
 0.5151515    0.1728723145E+001    0.1595916748E-001
 0.5252525    0.1748345947E+001    0.2139282227E-002
 0.5353535    0.1724008179E+001    0.3374481201E-001
 0.5454545    0.1717869568E+001    0.8705139160E-002
 0.5555556    0.1711938477E+001    0.2056427002E-001
 0.5656566    0.1710789490E+001    0.1801147461E-001
 0.5757576    0.1722305298E+001    0.3056640625E-001
 0.5858586    0.1736526489E+001    0.3448181152E-001
 0.5959596    0.1747573853E+001    0.3994445801E-001
 0.6060606    0.1746327209E+001    0.9761047363E-002
 0.6161616    0.1735411072E+001    0.2036590576E-001
 0.6262626    0.1719432068E+001    0.2601165771E-001
 0.6363636    0.1719569397E+001    0.1358184814E-001
 0.6464646    0.1736248779E+001    0.1584472656E-001
 0.6565657    0.1731765747E+001    0.1244049072E-001
 0.6666667    0.1746807861E+001    0.5093078613E-001
 0.6767677    0.1724559021E+001    0.3484039307E-001
 0.6868687    0.1743711853E+001    0.2158355713E-001
 0.6969697    0.1752738953E+001    0.2755737305E-001
 0.7070707    0.1735340881E+001    0.1447601318E-001
 0.7171717    0.1747140503E+001    0.1701507568E-001
 0.7272727    0.1735466003E+001    0.7257080078E-002
 0.7373737    0.1753257751E+001    0.3835449219E-001
 0.7474747    0.1728228760E+001    0.0000000000E+000
 0.7575758    0.1748730469E+001    0.4002227783E-001
 0.7676768    0.1751420593E+001    0.2823944092E-001
 0.7777778    0.1759574890E+001    0.4594726563E-001
 0.7878788    0.1745176697E+001    0.4109802246E-001
 0.7979798    0.1752372742E+001    0.4081268311E-001
 0.8080808    0.1751896667E+001    0.2487945557E-001
 0.8181818    0.1764871216E+001    0.4071655273E-001
 0.8282828    0.1753829956E+001    0.2888793945E-001
 0.8383838    0.1765802002E+001    0.3450469971E-001
 0.8484848    0.1758529663E+001    0.3468627930E-001
 0.8585859    0.1737931824E+001    0.9629821777E-002
 0.8686869    0.1737321472E+001    0.2247619629E-001
 0.8787879    0.1745091248E+001    0.2445220947E-001
 0.8888889    0.1736471558E+001    0.1429443359E-001
 0.8989899    0.1739616394E+001    0.2413787842E-001
 0.9090909    0.1753225708E+001    0.3617248535E-001
 0.9191919    0.1747900391E+001    0.2020111084E-001
 0.9292929    0.1746214294E+001    0.1867523193E-001
 0.9393939    0.1734437561E+001    0.9880065918E-002
 0.9494949    0.1751705933E+001    0.2304382324E-001
 0.9595960    0.1768733215E+001    0.3510589600E-001
 0.9696970    0.1740731812E+001    0.1794433594E-002
 0.9797980    0.1755213928E+001    0.2521820068E-001
 0.9898990    0.1745999146E+001    0.1368255615E-001
 1.0000000    0.1738885498E+001    0.3596954346E-001


