Compiled using GNU Fortran (Ubuntu 9.4.0-1ubuntu1~20.04.2) 9.4.0 with all optimizations
Last Brick update unknown
Compiled at 18:43:37 on Sep  2 2023
Starting at 16:56:21 on Sep 11 2023

Settings
OK                      

Forcefield
OK                      

Topology
OK                      

Configuration
OK                      Read from ./INPUT/restart.in

 F
Monte Carlo Simulation initialized.

#########################################################################################################################
###########################################   ENERGY STARTING CONFIGURATION   ###########################################
#########################################################################################################################
                                               Box 1               Box 2
-------------------------------------------------------------------------------------------------------------------------
Lennard Jones        
 Intermolecular                         -0.8215919883E+006  -0.2185172546E+006
 Tailcorrection                         -0.2056341402E+005  -0.5277994262E+004
Total Intermolecular                    -0.8421554023E+006  -0.2237952488E+006

Electrostatic        
 Real                                   -0.1591296957E+006  -0.1796273171E+005
 Exclusion                               0.1395066380E+008   0.3909026882E+007
 Selfterm                               -0.1399547193E+008  -0.3912968673E+007
 Fourier                                 0.2642296100E+005   0.3729015671E+004
Total Intermolecular                    -0.1775148664E+006  -0.1817550709E+005

Intramolecular       
 Lennard Jones                           0.0000000000E+000   0.0000000000E+000
 Electrostatic                           0.0000000000E+000   0.0000000000E+000
 Bending                                 0.0000000000E+000   0.0000000000E+000
 Torsion                                 0.0000000000E+000   0.0000000000E+000

Total                                   -0.1019670269E+007  -0.2419707559E+006

#########################################################################################################################

Simulation is running...



#########################################################################################################################
###############################################   RELATIVE ENERGY DRIFTS   ##############################################
#########################################################################################################################
                                               Box 1               Box 2                                                 
-------------------------------------------------------------------------------------------------------------------------

Lennard Jones        
 Intermolecular                          0.4801421656E-014   0.2124068356E-014
 Tailcorrection                          0.0000000000E+000   0.0000000000E+000

Electrostatic        
 Real                                    0.6625856716E-014   0.2464424067E-014
 Exclusion                               0.2708807355E-015   0.3442262863E-015
 Selfterm                                0.0000000000E+000   0.0000000000E+000
 Fourier                                 0.1373837400E-015   0.0000000000E+000

Intramolecular       
 Lennard Jones                           0.0000000000E+000   0.0000000000E+000
 Electrostatic                           0.0000000000E+000   0.0000000000E+000
 Bending                                 0.0000000000E+000   0.0000000000E+000
 Torsion                                 0.0000000000E+000   0.0000000000E+000

Total                                    0.7426821899E-014   0.7498415513E-014

#########################################################################################################################
############################################   TRIAL MOVE ACCEPTANCE RATES   ############################################
#########################################################################################################################
                                               Box 1               Box 2
-------------------------------------------------------------------------------------------------------------------------
Translation
 CO2                                          0.53325             0.50000
 AR                                           0.55433             0.51521
-------------------------------------------------------------------------------------------------------------------------
Rotation
 CO2                                          0.52678             0.51916
 AR                                           0.00000             0.00000
-------------------------------------------------------------------------------------------------------------------------
Lambda Move
 cd                                           0.78343             0.88740
 Ar                                           0.85360             0.92961
-------------------------------------------------------------------------------------------------------------------------
GE Swap Fractional
 cd                                           0.41230             0.34958
 Ar                                           0.50760             0.43092
-------------------------------------------------------------------------------------------------------------------------
GE Identity Change
 cd                                           0.83208             0.73315
 Ar                                           0.95807             0.79344
-------------------------------------------------------------------------------------------------------------------------
Volume                                        0.58699             0.50525

#########################################################################################################################
######################################################   AVERAGES   #####################################################
#########################################################################################################################
                                                       Boltzmann                                    Biased
                                               Box 1               Box 2                  Box 1               Box 2      
-------------------------------------------------------------------------------------------------------------------------
Density
 CO2                                     0.6556308655E+003   0.1473347073E+003      0.6518070172E+003   0.1468119674E+003
 AR                                      0.2298576638E+003   0.2375326348E+003      0.2310390062E+003   0.2374798192E+003
 Total                                   0.8854885293E+003   0.3848673421E+003      0.8828460234E+003   0.3842917866E+003

Number of molecules
 CO2                                     0.6610678223E+003   0.3889321777E+003      0.6646827700E+003   0.3853172300E+003
 AR                                      0.2613550293E+003   0.6886449707E+003      0.2654033000E+003   0.6845967000E+003
 Total                                   0.9224228516E+003   0.1077577148E+004      0.9300860700E+003   0.1069913930E+004

Mole fractions
 CO2                                          0.71666             0.36093                 0.71465             0.36014
 AR                                           0.28334             0.63907                 0.28535             0.63986

Volume                                   0.7459185839E+005   0.1926642326E+006      0.7540539753E+005   0.1915714774E+006

#########################################################################################################################
#######################################   PROPERTIES FROM THE CFC GIBBS ENSEMBLE   ######################################
#########################################################################################################################
                                                       Boltzmann                                    Biased
                                               Box 1               Box 2                  Box 1               Box 2      
Chemical Potentials (as an indication)
=========================================================================================================================

Total cd                                -0.1930753724E+004  -0.1932263798E+004     -0.1932233620E+004  -0.1933163032E+004
 Ideal gas                              -0.1192570276E+004  -0.1570271701E+004     -0.1194050173E+004  -0.1571170935E+004
 Excess                                 -0.7381834475E+003  -0.3619920974E+003     -0.7381834475E+003  -0.3619920974E+003

-------------------------------------------------------------------------------------------------------------------------

Total Ar                                -0.1541331425E+004  -0.1538587644E+004     -0.1540034474E+004  -0.1538643905E+004
 Ideal gas                              -0.1433249022E+004  -0.1424939297E+004     -0.1431952070E+004  -0.1424995559E+004
 Excess                                 -0.1080824035E+003  -0.1136483463E+003     -0.1080824035E+003  -0.1136483463E+003

-------------------------------------------------------------------------------------------------------------------------

#########################################################################################################################
#########################################   PROPERTIES FROM UMBRELLA SAMPLING   #########################################
#########################################################################################################################

Excess Partial Molar Enthalpy
=========================================================================================================================


Partial Molar Volume
=========================================================================================================================


#########################################################################################################################
##################################################   AVERAGE ENERGIES   #################################################
#########################################################################################################################
                                                       Boltzmann                                    Biased
                                               Box 1               Box 2                  Box 1               Box 2      
-------------------------------------------------------------------------------------------------------------------------
Lennard Jones        
 Intermolecular                         -0.7029190400E+006  -0.2861029476E+006     -0.7056685970E+006  -0.2831514377E+006
 Tailcorrection                         -0.1752990027E+005  -0.7034206136E+004     -0.1760173576E+005  -0.6966168563E+004
Total Intermolecular                    -0.7204489402E+006  -0.2931371537E+006     -0.7232703328E+006  -0.2901176063E+006

Electrostatic        
 Real                                   -0.1522741071E+006  -0.2945810926E+005     -0.1522799308E+006  -0.2905107212E+005
 Exclusion                               0.1210614821E+008   0.5280852803E+007      0.1217048658E+008   0.5231191194E+007
 Selfterm                               -0.1214503236E+008  -0.5286178059E+007     -0.1220957719E+008  -0.5236466333E+007
 Fourier                                 0.2254155724E+005   0.4888869447E+004      0.2270392916E+005   0.4847496699E+004
Total Intermolecular                    -0.1686166993E+006  -0.2989449557E+005     -0.1686666080E+006  -0.2947871378E+005

Intramolecular       
 Lennard Jones                           0.0000000000E+000   0.0000000000E+000      0.0000000000E+000   0.0000000000E+000
 Electrostatic                           0.0000000000E+000   0.0000000000E+000      0.0000000000E+000   0.0000000000E+000
 Bending                                 0.0000000000E+000   0.0000000000E+000      0.0000000000E+000   0.0000000000E+000
 Torsion                                 0.0000000000E+000   0.0000000000E+000      0.0000000000E+000   0.0000000000E+000

Total                                   -0.8890656396E+006  -0.3230316493E+006     -0.8919369408E+006  -0.3195963201E+006

#########################################################################################################################

No errors found in bookkeeping.

Total simulation time :  2 days and  22 hours

Simulation finished.

