 0.0000000   0.1542652717E+000   0.1013834012E+001   0.5399698722E+000   0.9796883054E+000
 0.0101010   0.1528577479E+000   0.9836407481E+000   0.5386919974E+000   0.9648282003E+000
 0.0202020   0.1512993135E+000   0.9857459292E+000   0.5429911291E+000   0.9675179361E+000
 0.0303030   0.1475555008E+000   0.9875864356E+000   0.5411661163E+000   0.9806279511E+000
 0.0404040   0.1415364846E+000   0.1001571434E+001   0.5418527407E+000   0.9928218116E+000
 0.0505051   0.1362350481E+000   0.1026292042E+001   0.5492161306E+000   0.9919252330E+000
 0.0606061   0.1252063826E+000   0.9910903201E+000   0.5354373567E+000   0.9872661564E+000
 0.0707071   0.1169861156E+000   0.1020424409E+001   0.5383307920E+000   0.1003009137E+001
 0.0808081   0.1083681049E+000   0.1014790912E+001   0.5411951870E+000   0.1002286784E+001
 0.0909091   0.1005952631E+000   0.1022574382E+001   0.5387181818E+000   0.1004250252E+001
 0.1010101   0.9274467387E-001   0.9931140628E+000   0.5372196972E+000   0.9740191097E+000
 0.1111111   0.8618697627E-001   0.9992911607E+000   0.5341633542E+000   0.9777013463E+000
 0.1212121   0.8131819808E-001   0.1017608679E+001   0.5425112429E+000   0.9953412366E+000
 0.1313131   0.7852540326E-001   0.1034887858E+001   0.5387805279E+000   0.9862501645E+000
 0.1414141   0.7604536749E-001   0.1017745088E+001   0.5542046283E+000   0.9881451167E+000
 0.1515152   0.7452264946E-001   0.1037223103E+001   0.5568547438E+000   0.9885875332E+000
 0.1616162   0.7262877797E-001   0.1007270082E+001   0.5531497830E+000   0.9753855112E+000
 0.1717172   0.7297485047E-001   0.9972246629E+000   0.5659896931E+000   0.9832824502E+000
 0.1818182   0.7385385556E-001   0.1017058970E+001   0.5801439007E+000   0.9982756718E+000
 0.1919192   0.7551282839E-001   0.1018127848E+001   0.5837048963E+000   0.1005444385E+001
 0.2020202   0.7795046002E-001   0.1008489621E+001   0.5876297290E+000   0.9748178086E+000
 0.2121212   0.8151259166E-001   0.1024826152E+001   0.6049610496E+000   0.1017961249E+001
 0.2222222   0.8594076842E-001   0.1030455577E+001   0.6184405397E+000   0.9972401040E+000
 0.2323232   0.8935959837E-001   0.1008748188E+001   0.6185580734E+000   0.9945405802E+000
 0.2424242   0.9539309906E-001   0.1023706374E+001   0.6373502904E+000   0.9990195580E+000
 0.2525253   0.1021803841E+000   0.1019622242E+001   0.6462609310E+000   0.1000158878E+001
 0.2626263   0.1086932458E+000   0.1003316251E+001   0.6617691840E+000   0.1002917130E+001
 0.2727273   0.1176844747E+000   0.1013640596E+001   0.6737348387E+000   0.9866769203E+000
 0.2828283   0.1251169544E+000   0.9908948681E+000   0.6834202439E+000   0.9865477190E+000
 0.2929293   0.1365614386E+000   0.1039652001E+001   0.7094165678E+000   0.1009997752E+001
 0.3030303   0.1482969399E+000   0.1015971768E+001   0.7261184737E+000   0.1009118792E+001
 0.3131313   0.1610145898E+000   0.9961659645E+000   0.7435668900E+000   0.1004761185E+001
 0.3232323   0.1763006019E+000   0.1025084718E+001   0.7558198537E+000   0.9987866042E+000
 0.3333333   0.1919044639E+000   0.1005973176E+001   0.7816935856E+000   0.9975259129E+000
 0.3434343   0.2120166000E+000   0.1012571718E+001   0.7887292813E+000   0.1001985315E+001
 0.3535354   0.2318405840E+000   0.1004501178E+001   0.8076016879E+000   0.9747316744E+000
 0.3636364   0.2524257027E+000   0.1001489996E+001   0.8303940633E+000   0.1003148126E+001
 0.3737374   0.2780834645E+000   0.1013147894E+001   0.8558579932E+000   0.9972107401E+000
 0.3838384   0.3035571858E+000   0.9969253770E+000   0.8757033905E+000   0.9842925693E+000
 0.3939394   0.3428751002E+000   0.1012530998E+001   0.8969851225E+000   0.1001294284E+001
 0.4040404   0.3773409187E+000   0.9973264608E+000   0.9181426875E+000   0.9981347250E+000
 0.4141414   0.4140584332E+000   0.9926010013E+000   0.9447283162E+000   0.1010722062E+001
 0.4242424   0.4599434949E+000   0.9998306897E+000   0.9815375041E+000   0.9958188899E+000
 0.4343434   0.5167590223E+000   0.1002312523E+001   0.9994185580E+000   0.9937340510E+000
 0.4444444   0.5763032164E+000   0.9986559417E+000   0.1038315736E+001   0.1001584008E+001
 0.4545455   0.6379978370E+000   0.1007420743E+001   0.1052440001E+001   0.9995363632E+000
 0.4646465   0.7073567266E+000   0.9841578816E+000   0.1090364193E+001   0.1002827081E+001
 0.4747475   0.7840571457E+000   0.9818857519E+000   0.1110248115E+001   0.9952257385E+000
 0.4848485   0.8790574326E+000   0.9749858888E+000   0.1154496940E+001   0.9978567465E+000
 0.4949495   0.9841696336E+000   0.1012233749E+001   0.1188877266E+001   0.9836994180E+000
 0.5050505   0.1047588692E+001   0.9966301630E+000   0.1208141211E+001   0.1013088795E+001
 0.5151515   0.1036401860E+001   0.9591257725E+000   0.1215318364E+001   0.1004549764E+001
 0.5252525   0.1055546087E+001   0.9860329993E+000   0.1205881341E+001   0.1006495614E+001
 0.5353535   0.1048692450E+001   0.9894269420E+000   0.1195496303E+001   0.9997693170E+000
 0.5454545   0.1062866832E+001   0.9823275549E+000   0.1206931801E+001   0.1019131891E+001
 0.5555556   0.1078004034E+001   0.9764212395E+000   0.1201465420E+001   0.1003281243E+001
 0.5656566   0.1075345525E+001   0.9920288969E+000   0.1202832647E+001   0.9946345448E+000
 0.5757576   0.1098501596E+001   0.9954717027E+000   0.1209124233E+001   0.1000256758E+001
 0.5858586   0.1101939342E+001   0.9935334702E+000   0.1206976192E+001   0.1010449956E+001
 0.5959596   0.1111760484E+001   0.9990855289E+000   0.1213994670E+001   0.1020063706E+001
 0.6060606   0.1101219300E+001   0.9607606471E+000   0.1212720298E+001   0.9965216665E+000
 0.6161616   0.1139733174E+001   0.9967197452E+000   0.1220665617E+001   0.1001576177E+001
 0.6262626   0.1151000018E+001   0.9863872561E+000   0.1222320262E+001   0.1017460105E+001
 0.6363636   0.1171089414E+001   0.9942827029E+000   0.1228697151E+001   0.1019580180E+001
 0.6464646   0.1189535449E+001   0.9992626573E+000   0.1206460175E+001   0.1006998716E+001
 0.6565657   0.1202340233E+001   0.9926457923E+000   0.1239438130E+001   0.1008435591E+001
 0.6666667   0.1221918129E+001   0.1006791632E+001   0.1216311539E+001   0.1004884513E+001
 0.6767677   0.1245695401E+001   0.9915097275E+000   0.1228489482E+001   0.1010990253E+001
 0.6868687   0.1255327707E+001   0.9863852201E+000   0.1250448431E+001   0.1012135446E+001
 0.6969697   0.1301237058E+001   0.9959460810E+000   0.1247134418E+001   0.1022733866E+001
 0.7070707   0.1321374727E+001   0.9957994920E+000   0.1235199992E+001   0.1010344246E+001
 0.7171717   0.1351558927E+001   0.1011616853E+001   0.1248721514E+001   0.1017389631E+001
 0.7272727   0.1388126589E+001   0.9983200085E+000   0.1249768740E+001   0.1017280006E+001
 0.7373737   0.1410095498E+001   0.9836387122E+000   0.1245399008E+001   0.9888028687E+000
 0.7474747   0.1449487807E+001   0.1001398378E+001   0.1253310915E+001   0.1007685832E+001
 0.7575758   0.1491193019E+001   0.9945718090E+000   0.1265632973E+001   0.1003982062E+001
 0.7676768   0.1533683726E+001   0.1002774686E+001   0.1261952569E+001   0.1006358582E+001
 0.7777778   0.1582936799E+001   0.1004582617E+001   0.1269573351E+001   0.1010956974E+001
 0.7878788   0.1613418829E+001   0.9841456658E+000   0.1268226627E+001   0.1000644362E+001
 0.7979798   0.1678813165E+001   0.9965772281E+000   0.1275915648E+001   0.9904609518E+000
 0.8080808   0.1724628835E+001   0.9833455342E+000   0.1290707701E+001   0.9861796911E+000
 0.8181818   0.1776092348E+001   0.1006382404E+001   0.1292790778E+001   0.1016976579E+001
 0.8282828   0.1840570737E+001   0.1005105858E+001   0.1303439696E+001   0.1008560877E+001
 0.8383838   0.1889533000E+001   0.9959440450E+000   0.1305162851E+001   0.1016684897E+001
 0.8484848   0.1980541098E+001   0.9981917431E+000   0.1314404933E+001   0.1007879634E+001
 0.8585859   0.2056383996E+001   0.9918314090E+000   0.1319882375E+001   0.1000055126E+001
 0.8686869   0.2132798337E+001   0.1007644698E+001   0.1325656247E+001   0.1012366442E+001
 0.8787879   0.2220348097E+001   0.1006551389E+001   0.1337143700E+001   0.1009308678E+001
 0.8888889   0.2274714047E+001   0.9896020345E+000   0.1325515757E+001   0.9869079165E+000
 0.8989899   0.2376011041E+001   0.9990957087E+000   0.1332451669E+001   0.9922188723E+000
 0.9090909   0.2472675655E+001   0.9782332425E+000   0.1360317090E+001   0.1011168394E+001
 0.9191919   0.2580787620E+001   0.1004008476E+001   0.1366575703E+001   0.1006109968E+001
 0.9292929   0.2724039286E+001   0.9934072408E+000   0.1379981608E+001   0.1000149090E+001
 0.9393939   0.2794401187E+001   0.9749187021E+000   0.1377839278E+001   0.1000182370E+001
 0.9494949   0.2936344811E+001   0.9841639894E+000   0.1392043638E+001   0.9957170949E+000
 0.9595960   0.3078880700E+001   0.9747476816E+000   0.1400788139E+001   0.1000276334E+001
 0.9696970   0.3223365745E+001   0.9799251240E+000   0.1417165832E+001   0.1006102137E+001
 0.9797980   0.3375711433E+001   0.9895348478E+000   0.1432705357E+001   0.1020247720E+001
 0.9898990   0.3530625751E+001   0.9758023081E+000   0.1428374309E+001   0.1005256456E+001
 1.0000000   0.3720143482E+001   0.1021134959E+001   0.1447631241E+001   0.1022181824E+001


 0.0000000   0.9945348470E+000   0.9988389393E+000   0.8211126189E+000   0.9774347500E+000
 0.0101010   0.9824110340E+000   0.1005410744E+001   0.8095519872E+000   0.9770820369E+000
 0.0202020   0.9763115223E+000   0.9996808340E+000   0.8027045677E+000   0.9707827714E+000
 0.0303030   0.9575365614E+000   0.1014225507E+001   0.8003335418E+000   0.9749829172E+000
 0.0404040   0.9314555029E+000   0.1039212188E+001   0.8082153447E+000   0.1025832708E+001
 0.0505051   0.8848956767E+000   0.1013940687E+001   0.7989891743E+000   0.9922277284E+000
 0.0606061   0.8496455791E+000   0.1034998526E+001   0.7984761738E+000   0.1008854815E+001
 0.0707071   0.8040829391E+000   0.1036070790E+001   0.7944130959E+000   0.1017091143E+001
 0.0808081   0.7508937947E+000   0.1052200822E+001   0.7903798228E+000   0.1011161749E+001
 0.0909091   0.6952957244E+000   0.9989331812E+000   0.7848649084E+000   0.9814690253E+000
 0.1010101   0.6431489925E+000   0.1027821478E+001   0.7866251598E+000   0.1011382910E+001
 0.1111111   0.5984486759E+000   0.1003532188E+001   0.7797664731E+000   0.9921915038E+000
 0.1212121   0.5523470774E+000   0.1031237225E+001   0.7769158348E+000   0.9920942693E+000
 0.1313131   0.5155354630E+000   0.9938147966E+000   0.7821644468E+000   0.9651641470E+000
 0.1414141   0.4777039094E+000   0.1030663396E+001   0.7743535297E+000   0.1006185635E+001
 0.1515152   0.4482962528E+000   0.1041706458E+001   0.7738632809E+000   0.1019316095E+001
 0.1616162   0.4258685455E+000   0.1036449852E+001   0.7742215947E+000   0.1003144676E+001
 0.1717172   0.4109874499E+000   0.9897393561E+000   0.7769216844E+000   0.9792993631E+000
 0.1818182   0.3980797729E+000   0.1003779311E+001   0.7875013159E+000   0.9944298021E+000
 0.1919192   0.3908155390E+000   0.1016346998E+001   0.7845473666E+000   0.1022072977E+001
 0.2020202   0.3870201205E+000   0.1012416062E+001   0.7799955895E+000   0.9731678747E+000
 0.2121212   0.3906249537E+000   0.1018732366E+001   0.7918566776E+000   0.9898254661E+000
 0.2222222   0.3900746268E+000   0.1019360646E+001   0.8052234526E+000   0.9856691711E+000
 0.2323232   0.3981188266E+000   0.1018765875E+001   0.8022069980E+000   0.1001735730E+001
 0.2424242   0.3984670629E+000   0.9922503803E+000   0.8159134460E+000   0.1012280898E+001
 0.2525253   0.4141012609E+000   0.1011138560E+001   0.8261124067E+000   0.9970208135E+000
 0.2626263   0.4214559662E+000   0.1019245461E+001   0.8276444448E+000   0.1011878615E+001
 0.2727273   0.4367300487E+000   0.9760240120E+000   0.8339788248E+000   0.1003276228E+001
 0.2828283   0.4432908140E+000   0.9839131098E+000   0.8449388067E+000   0.9821858909E+000
 0.2929293   0.4681218294E+000   0.9913498462E+000   0.8599403040E+000   0.9949979562E+000
 0.3030303   0.4850387440E+000   0.1013944876E+001   0.8741303047E+000   0.1015697449E+001
 0.3131313   0.5043358095E+000   0.9875110577E+000   0.8798491711E+000   0.9962734430E+000
 0.3232323   0.5226892786E+000   0.9817204139E+000   0.8806282122E+000   0.1000105623E+001
 0.3333333   0.5418054968E+000   0.9898859547E+000   0.8877775329E+000   0.1006208513E+001
 0.3434343   0.5663336470E+000   0.9830356126E+000   0.9048891030E+000   0.9757264746E+000
 0.3535354   0.5832954816E+000   0.9558604248E+000   0.9192849095E+000   0.9911524300E+000
 0.3636364   0.6213435080E+000   0.9900932870E+000   0.9270830865E+000   0.1002517418E+001
 0.3737374   0.6478732652E+000   0.9545975827E+000   0.9354792120E+000   0.1003087479E+001
 0.3838384   0.6878254381E+000   0.9797685585E+000   0.9457696623E+000   0.1003310546E+001
 0.3939394   0.7342119056E+000   0.9765245414E+000   0.9690220376E+000   0.9863784104E+000
 0.4040404   0.7723050783E+000   0.9767590992E+000   0.9747233057E+000   0.1014545889E+001
 0.4141414   0.8023212661E+000   0.1015291488E+001   0.1000213269E+001   0.9946890939E+000
 0.4242424   0.8504117832E+000   0.9956137705E+000   0.1015321853E+001   0.1023813664E+001
 0.4343434   0.8904152465E+000   0.9745664033E+000   0.1020840203E+001   0.1011367657E+001
 0.4444444   0.9552192459E+000   0.9618625894E+000   0.1043237471E+001   0.9889274776E+000
 0.4545455   0.1019657959E+001   0.1024095780E+001   0.1051339320E+001   0.1014330448E+001
 0.4646465   0.1076379218E+001   0.9811528680E+000   0.1072686194E+001   0.9988568282E+000
 0.4747475   0.1125793693E+001   0.9885707560E+000   0.1094628428E+001   0.1038200545E+001
 0.4848485   0.1210803939E+001   0.9915131989E+000   0.1100343667E+001   0.1013613582E+001
 0.4949495   0.1275086608E+001   0.9612384983E+000   0.1118952530E+001   0.1037952693E+001
 0.5050505   0.1323562162E+001   0.9762166844E+000   0.1133472710E+001   0.1036486550E+001
 0.5151515   0.1320363600E+001   0.9927257786E+000   0.1117215396E+001   0.9872916514E+000
 0.5252525   0.1318011979E+001   0.9880346241E+000   0.1125457786E+001   0.1009646036E+001
 0.5353535   0.1333182560E+001   0.1008032764E+001   0.1122096756E+001   0.9999683511E+000
 0.5454545   0.1321865477E+001   0.9783989090E+000   0.1138863745E+001   0.9784395057E+000
 0.5555556   0.1331189872E+001   0.9717077310E+000   0.1128404286E+001   0.1047308170E+001
 0.5656566   0.1318508873E+001   0.9717538049E+000   0.1121118523E+001   0.1006883435E+001
 0.5757576   0.1327532277E+001   0.9802690880E+000   0.1127541768E+001   0.1005409666E+001
 0.5858586   0.1329761001E+001   0.1013084133E+001   0.1122486806E+001   0.9880104235E+000
 0.5959596   0.1326052547E+001   0.9970273997E+000   0.1128886902E+001   0.1007838620E+001
 0.6060606   0.1326080387E+001   0.9820219881E+000   0.1112160083E+001   0.9945308496E+000
 0.6161616   0.1318713092E+001   0.9963865545E+000   0.1122447918E+001   0.9891829563E+000
 0.6262626   0.1313481051E+001   0.9873100082E+000   0.1119981952E+001   0.9939741349E+000
 0.6363636   0.1327427435E+001   0.9958462340E+000   0.1118438652E+001   0.9847597433E+000
 0.6464646   0.1336758113E+001   0.9964033086E+000   0.1128684639E+001   0.9900275612E+000
 0.6565657   0.1319737525E+001   0.9834042033E+000   0.1130669529E+001   0.9928587988E+000
 0.6666667   0.1320338925E+001   0.9924891266E+000   0.1133654012E+001   0.1014246559E+001
 0.6767677   0.1323434461E+001   0.9509765978E+000   0.1127201007E+001   0.9913850300E+000
 0.6868687   0.1320528374E+001   0.1013272616E+001   0.1125425951E+001   0.9997815085E+000
 0.6969697   0.1317055425E+001   0.9734355000E+000   0.1125593966E+001   0.1012730846E+001
 0.7070707   0.1331364895E+001   0.1009192987E+001   0.1137808512E+001   0.1003871074E+001
 0.7171717   0.1324932755E+001   0.1003484020E+001   0.1121938954E+001   0.9960027119E+000
 0.7272727   0.1324064825E+001   0.1017103028E+001   0.1127905919E+001   0.1017987225E+001
 0.7373737   0.1335278056E+001   0.1003400249E+001   0.1137246705E+001   0.9943039693E+000
 0.7474747   0.1323924547E+001   0.1010880965E+001   0.1135109476E+001   0.1015598308E+001
 0.7575758   0.1323701185E+001   0.9985939102E+000   0.1131278991E+001   0.9972820119E+000
 0.7676768   0.1325940704E+001   0.9896681511E+000   0.1134188208E+001   0.9867997596E+000
 0.7777778   0.1328085757E+001   0.1005896614E+001   0.1125755429E+001   0.9979035496E+000
 0.7878788   0.1326841137E+001   0.9955279057E+000   0.1128168811E+001   0.9834575646E+000
 0.7979798   0.1326684651E+001   0.9987698285E+000   0.1136432980E+001   0.1006311467E+001
 0.8080808   0.1324179688E+001   0.9986378898E+000   0.1126963078E+001   0.9878178612E+000
 0.8181818   0.1337132514E+001   0.1006242167E+001   0.1131966610E+001   0.1007754731E+001
 0.8282828   0.1330451983E+001   0.1008057896E+001   0.1127862663E+001   0.1009853851E+001
 0.8383838   0.1330645876E+001   0.1006311278E+001   0.1129276821E+001   0.1009935833E+001
 0.8484848   0.1318329336E+001   0.9891173593E+000   0.1123670198E+001   0.9890761891E+000
 0.8585859   0.1340096604E+001   0.1025429827E+001   0.1125715916E+001   0.1004664202E+001
 0.8686869   0.1328256262E+001   0.1005461006E+001   0.1130069319E+001   0.9981876266E+000
 0.8787879   0.1319941510E+001   0.1000558331E+001   0.1116803077E+001   0.9830076171E+000
 0.8888889   0.1321993833E+001   0.9954085325E+000   0.1123838271E+001   0.9723671206E+000
 0.8989899   0.1334474243E+001   0.1041903319E+001   0.1125441151E+001   0.1022280792E+001
 0.9090909   0.1334272164E+001   0.1010286194E+001   0.1137367949E+001   0.9927119939E+000
 0.9191919   0.1336795729E+001   0.1012369988E+001   0.1136190630E+001   0.9937930119E+000
 0.9292929   0.1328090362E+001   0.1006784582E+001   0.1137224995E+001   0.1007972079E+001
 0.9393939   0.1326037833E+001   0.1020510398E+001   0.1129051607E+001   0.1005920623E+001
 0.9494949   0.1320882751E+001   0.9719360060E+000   0.1132542900E+001   0.9893697989E+000
 0.9595960   0.1329470835E+001   0.1027959700E+001   0.1134809344E+001   0.1025043393E+001
 0.9696970   0.1338715606E+001   0.1020254897E+001   0.1133498996E+001   0.9981418692E+000
 0.9797980   0.1311867079E+001   0.9853267389E+000   0.1115967652E+001   0.9852745138E+000
 0.9898990   0.1320016709E+001   0.1007724907E+001   0.1124085161E+001   0.1005047420E+001
 1.0000000   0.1314498455E+001   0.9829979158E+000   0.1122084943E+001   0.9905061071E+000


