Compiled using GNU Fortran (Ubuntu 9.4.0-1ubuntu1~20.04.2) 9.4.0 with all optimizations
Last Brick update unknown
Compiled at 18:43:37 on Sep  2 2023
Starting at 16:56:21 on Sep 11 2023

Settings
OK                      

Forcefield
OK                      

Topology
OK                      

Configuration
OK                      Read from ./INPUT/restart.in

 F
Monte Carlo Simulation initialized.

#########################################################################################################################
###########################################   ENERGY STARTING CONFIGURATION   ###########################################
#########################################################################################################################
                                               Box 1               Box 2
-------------------------------------------------------------------------------------------------------------------------
Lennard Jones        
 Intermolecular                         -0.4785948839E+006  -0.6376877030E+005
 Tailcorrection                         -0.1184858278E+005  -0.1445970445E+004
Total Intermolecular                    -0.4904434667E+006  -0.6521474075E+005

Electrostatic        
 Real                                   -0.1391887897E+006  -0.9561690639E+004
 Exclusion                               0.8330120773E+007   0.3054885698E+007
 Selfterm                               -0.8356876284E+007  -0.3057966376E+007
 Fourier                                 0.1292337885E+005   0.3033552015E+004
Total Intermolecular                    -0.1530209226E+006  -0.9608816993E+004

Intramolecular       
 Lennard Jones                           0.0000000000E+000   0.0000000000E+000
 Electrostatic                           0.0000000000E+000   0.0000000000E+000
 Bending                                 0.0000000000E+000   0.0000000000E+000
 Torsion                                 0.0000000000E+000   0.0000000000E+000

Total                                   -0.6434643893E+006  -0.7482355774E+005

#########################################################################################################################

Simulation is running...



#########################################################################################################################
###############################################   RELATIVE ENERGY DRIFTS   ##############################################
#########################################################################################################################
                                               Box 1               Box 2                                                 
-------------------------------------------------------------------------------------------------------------------------

Lennard Jones        
 Intermolecular                          0.4362418427E-014   0.5061273632E-015
 Tailcorrection                          0.0000000000E+000   0.0000000000E+000

Electrostatic        
 Real                                    0.4394052005E-014   0.3023241903E-014
 Exclusion                               0.4265813271E-015   0.0000000000E+000
 Selfterm                                0.0000000000E+000   0.0000000000E+000
 Fourier                                 0.2754428410E-015   0.0000000000E+000

Intramolecular       
 Lennard Jones                           0.0000000000E+000   0.0000000000E+000
 Electrostatic                           0.0000000000E+000   0.0000000000E+000
 Bending                                 0.0000000000E+000   0.0000000000E+000
 Torsion                                 0.0000000000E+000   0.0000000000E+000

Total                                    0.6521689730E-014   0.1702043932E-014

#########################################################################################################################
############################################   TRIAL MOVE ACCEPTANCE RATES   ############################################
#########################################################################################################################
                                               Box 1               Box 2
-------------------------------------------------------------------------------------------------------------------------
Translation
 CO2                                          0.50524             0.48788
 AR                                           0.49240             0.55501
-------------------------------------------------------------------------------------------------------------------------
Rotation
 CO2                                          0.49959             0.69563
 AR                                           0.00000             0.00000
-------------------------------------------------------------------------------------------------------------------------
Lambda Move
 cd                                           0.75002             0.93312
 Ar                                           0.83148             0.96187
-------------------------------------------------------------------------------------------------------------------------
GE Swap Fractional
 cd                                           0.29874             0.41001
 Ar                                           0.37759             0.51060
-------------------------------------------------------------------------------------------------------------------------
GE Identity Change
 cd                                           0.60794             0.90065
 Ar                                           0.67974             0.99651
-------------------------------------------------------------------------------------------------------------------------
Volume                                        0.49014             0.49588

#########################################################################################################################
######################################################   AVERAGES   #####################################################
#########################################################################################################################
                                                       Boltzmann                                    Biased
                                               Box 1               Box 2                  Box 1               Box 2      
-------------------------------------------------------------------------------------------------------------------------
Density
 CO2                                     0.9050481146E+003   0.7256842279E+002      0.9029416230E+003   0.7257413805E+002
 AR                                      0.8836742184E+002   0.9173789625E+002      0.8889360493E+002   0.9194202005E+002
 Total                                   0.9934155364E+003   0.1643063190E+003      0.9918352279E+003   0.1645161581E+003

Number of molecules
 CO2                                     0.4877369501E+003   0.1922630499E+003      0.4885257100E+003   0.1914742900E+003
 AR                                      0.5271844656E+002   0.2672815534E+003      0.5323909000E+002   0.2667609100E+003
 Total                                   0.5404553967E+003   0.4595446033E+003      0.5417648000E+003   0.4582352000E+003

Mole fractions
 CO2                                          0.90246             0.41838                 0.90173             0.41785
 AR                                           0.09754             0.58162                 0.09827             0.58215

Volume                                   0.3942696242E+005   0.1940587657E+006      0.3958260905E+005   0.1932637345E+006

#########################################################################################################################
#######################################   PROPERTIES FROM THE CFC GIBBS ENSEMBLE   ######################################
#########################################################################################################################
                                                       Boltzmann                                    Biased
                                               Box 1               Box 2                  Box 1               Box 2      
Chemical Potentials (as an indication)
=========================================================================================================================

Total cd                                -0.1941198455E+004  -0.1940186597E+004     -0.1941787997E+004  -0.1940166673E+004
 Ideal gas                              -0.1111005560E+004  -0.1749440492E+004     -0.1111595102E+004  -0.1749420567E+004
 Excess                                 -0.8301928947E+003  -0.1907461054E+003     -0.8301928947E+003  -0.1907461054E+003

-------------------------------------------------------------------------------------------------------------------------

Total Ar                                -0.1731536314E+004  -0.1729352869E+004     -0.1730034295E+004  -0.1728790550E+004
 Ideal gas                              -0.1675106116E+004  -0.1665635772E+004     -0.1673604097E+004  -0.1665073454E+004
 Excess                                 -0.5643019831E+002  -0.6371709605E+002     -0.5643019831E+002  -0.6371709605E+002

-------------------------------------------------------------------------------------------------------------------------

#########################################################################################################################
#########################################   PROPERTIES FROM UMBRELLA SAMPLING   #########################################
#########################################################################################################################

Excess Partial Molar Enthalpy
=========================================================================================================================


Partial Molar Volume
=========================================================================================================================


#########################################################################################################################
##################################################   AVERAGE ENERGIES   #################################################
#########################################################################################################################
                                                       Boltzmann                                    Biased
                                               Box 1               Box 2                  Box 1               Box 2      
-------------------------------------------------------------------------------------------------------------------------
Lennard Jones        
 Intermolecular                         -0.5264773780E+006  -0.5931338371E+005     -0.5270353738E+006  -0.5907034273E+005
 Tailcorrection                         -0.1293541880E+005  -0.1336829607E+004     -0.1295117992E+005  -0.1331484025E+004
Total Intermolecular                    -0.5394127968E+006  -0.6065021332E+005     -0.5399865537E+006  -0.6040182676E+005

Electrostatic        
 Real                                   -0.1482111675E+006  -0.7533039278E+004     -0.1481012925E+006  -0.7513868907E+004
 Exclusion                               0.8933167694E+007   0.2611181401E+007      0.8945771017E+007   0.2599814083E+007
 Selfterm                               -0.8961860560E+007  -0.2613814591E+007     -0.8974504217E+007  -0.2602435762E+007
 Fourier                                 0.1397055266E+005   0.2500833042E+004      0.1401428502E+005   0.2491215856E+004
Total Intermolecular                    -0.1629334806E+006  -0.7665396131E+004     -0.1628202082E+006  -0.7644332109E+004

Intramolecular       
 Lennard Jones                           0.0000000000E+000   0.0000000000E+000      0.0000000000E+000   0.0000000000E+000
 Electrostatic                           0.0000000000E+000   0.0000000000E+000      0.0000000000E+000   0.0000000000E+000
 Bending                                 0.0000000000E+000   0.0000000000E+000      0.0000000000E+000   0.0000000000E+000
 Torsion                                 0.0000000000E+000   0.0000000000E+000      0.0000000000E+000   0.0000000000E+000

Total                                   -0.7023462774E+006  -0.6831560945E+005     -0.7028067619E+006  -0.6804615887E+005

#########################################################################################################################

No errors found in bookkeeping.

Total simulation time:  17 hours and   7 minutes

Simulation finished.

