#   100 bins for weightfunction of cd                      
 0.0000000    0.3271888733E+001    0.1650744629E+001
 0.0101010    0.3272264099E+001    0.1648860168E+001
 0.0202020    0.3313975525E+001    0.1661117554E+001
 0.0303030    0.3316055298E+001    0.1649969482E+001
 0.0404040    0.3382432556E+001    0.1657537842E+001
 0.0505051    0.3425556946E+001    0.1639263916E+001
 0.0606061    0.3501181030E+001    0.1648306274E+001
 0.0707071    0.3583700562E+001    0.1660383606E+001
 0.0808081    0.3678961182E+001    0.1670706177E+001
 0.0909091    0.3756021118E+001    0.1654734802E+001
 0.1010101    0.3831170654E+001    0.1650433350E+001
 0.1111111    0.3907124329E+001    0.1649069214E+001
 0.1212121    0.3976455688E+001    0.1637477112E+001
 0.1313131    0.4024595642E+001    0.1629104614E+001
 0.1414141    0.4061050415E+001    0.1650477600E+001
 0.1515152    0.4082360840E+001    0.1633743286E+001
 0.1616162    0.4106703186E+001    0.1610713196E+001
 0.1717172    0.4112284851E+001    0.1595315552E+001
 0.1818182    0.4077035522E+001    0.1580500793E+001
 0.1919192    0.4064265442E+001    0.1582119751E+001
 0.2020202    0.4033825684E+001    0.1573966980E+001
 0.2121212    0.4001869202E+001    0.1547689819E+001
 0.2222222    0.3964241028E+001    0.1542413330E+001
 0.2323232    0.3880296326E+001    0.1530493164E+001
 0.2424242    0.3836912537E+001    0.1504196167E+001
 0.2525253    0.3758316040E+001    0.1489869690E+001
 0.2626263    0.3688092041E+001    0.1475169373E+001
 0.2727273    0.3631953430E+001    0.1455500793E+001
 0.2828283    0.3544361877E+001    0.1448292542E+001
 0.2929293    0.3476823425E+001    0.1441777039E+001
 0.3030303    0.3378881836E+001    0.1416098022E+001
 0.3131313    0.3294781494E+001    0.1398098755E+001
 0.3232323    0.3205618286E+001    0.1358607483E+001
 0.3333333    0.3097326660E+001    0.1377215576E+001
 0.3434343    0.3025085449E+001    0.1318717957E+001
 0.3535354    0.2918934631E+001    0.1317243958E+001
 0.3636364    0.2818946838E+001    0.1297941589E+001
 0.3737374    0.2715148926E+001    0.1291427612E+001
 0.3838384    0.2605842590E+001    0.1249403381E+001
 0.3939394    0.2509976196E+001    0.1236259460E+001
 0.4040404    0.2424655151E+001    0.1216569519E+001
 0.4141414    0.2312687683E+001    0.1200675964E+001
 0.4242424    0.2197967529E+001    0.1190101624E+001
 0.4343434    0.2100953674E+001    0.1151802063E+001
 0.4444444    0.1965644836E+001    0.1144860840E+001
 0.4545455    0.1862155151E+001    0.1125706482E+001
 0.4646465    0.1750593567E+001    0.1113989258E+001
 0.4747475    0.1656530762E+001    0.1063792419E+001
 0.4848485    0.1527613831E+001    0.1063111877E+001
 0.4949495    0.1398306274E+001    0.1033509827E+001
 0.5050505    0.1354231262E+001    0.1022364807E+001
 0.5151515    0.1356768799E+001    0.1024546814E+001
 0.5252525    0.1348370361E+001    0.1030131531E+001
 0.5353535    0.1336412048E+001    0.1020916748E+001
 0.5454545    0.1321542358E+001    0.1010580444E+001
 0.5555556    0.1327645874E+001    0.1021919250E+001
 0.5656566    0.1320144653E+001    0.1013771057E+001
 0.5757576    0.1318025208E+001    0.9994232178E+000
 0.5858586    0.1307168579E+001    0.1015359497E+001
 0.5959596    0.1298446655E+001    0.1023829651E+001
 0.6060606    0.1284791565E+001    0.1032225037E+001
 0.6161616    0.1268226624E+001    0.1024650574E+001
 0.6262626    0.1260476685E+001    0.1016252136E+001
 0.6363636    0.1220542908E+001    0.1014945984E+001
 0.6464646    0.1228080750E+001    0.1002729797E+001
 0.6565657    0.1210977173E+001    0.1006941223E+001
 0.6666667    0.1175007629E+001    0.9995956421E+000
 0.6767677    0.1152705383E+001    0.9990280151E+000
 0.6868687    0.1139244080E+001    0.1006503296E+001
 0.6969697    0.1121548462E+001    0.9819122314E+000
 0.7070707    0.1102499390E+001    0.9921417236E+000
 0.7171717    0.1084385681E+001    0.9911773682E+000
 0.7272727    0.1054972839E+001    0.1000320435E+001
 0.7373737    0.1013275146E+001    0.9905349731E+000
 0.7474747    0.1003572083E+001    0.9881607056E+000
 0.7575758    0.9745239258E+000    0.9815353394E+000
 0.7676768    0.9474685669E+000    0.9812728882E+000
 0.7777778    0.9026016235E+000    0.9681442261E+000
 0.7878788    0.8891540527E+000    0.9776641846E+000
 0.7979798    0.8559661865E+000    0.9831634521E+000
 0.8080808    0.8196182251E+000    0.9769470215E+000
 0.8181818    0.7827072144E+000    0.9623641968E+000
 0.8282828    0.7452026367E+000    0.9628250122E+000
 0.8383838    0.7189056396E+000    0.9593627930E+000
 0.8484848    0.6730728149E+000    0.9574859619E+000
 0.8585859    0.6245849609E+000    0.9470260620E+000
 0.8686869    0.5896377563E+000    0.9413452148E+000
 0.8787879    0.5439453125E+000    0.9334823608E+000
 0.8888889    0.5111068726E+000    0.9384796143E+000
 0.8989899    0.4773010254E+000    0.9403366089E+000
 0.9090909    0.4292022705E+000    0.9307632446E+000
 0.9191919    0.3765808105E+000    0.9158477783E+000
 0.9292929    0.3264785767E+000    0.9093826294E+000
 0.9393939    0.2868133545E+000    0.9047790527E+000
 0.9494949    0.2389419556E+000    0.9074783325E+000
 0.9595960    0.1848831177E+000    0.8968383789E+000
 0.9696970    0.1325759888E+000    0.8841049194E+000
 0.9797980    0.1111511230E+000    0.9023437500E+000
 0.9898990    0.3147888184E-001    0.8772994995E+000
 1.0000000    0.0000000000E+000    0.8698959351E+000


#   100 bins for weightfunction of Ar                      
 0.0000000    0.1884811401E+001    0.2789367676E+000
 0.0101010    0.1905944824E+001    0.2925292969E+000
 0.0202020    0.1908007813E+001    0.2781677246E+000
 0.0303030    0.1911009216E+001    0.2827423096E+000
 0.0404040    0.1968711853E+001    0.2800277710E+000
 0.0505051    0.1983686829E+001    0.2799270630E+000
 0.0606061    0.2069129944E+001    0.2950805664E+000
 0.0707071    0.2121165466E+001    0.3037597656E+000
 0.0808081    0.2173301697E+001    0.2972335815E+000
 0.0909091    0.2232330322E+001    0.2744232178E+000
 0.1010101    0.2323191833E+001    0.2963562012E+000
 0.1111111    0.2435478210E+001    0.3046417236E+000
 0.1212121    0.2523661804E+001    0.3106903076E+000
 0.1313131    0.2598043823E+001    0.3093978882E+000
 0.1414141    0.2646223450E+001    0.2970336914E+000
 0.1515152    0.2762171936E+001    0.3179824829E+000
 0.1616162    0.2787936401E+001    0.3117156982E+000
 0.1717172    0.2839309692E+001    0.3144027710E+000
 0.1818182    0.2879869080E+001    0.3008117676E+000
 0.1919192    0.2893621826E+001    0.2872573853E+000
 0.2020202    0.2906036377E+001    0.2746414185E+000
 0.2121212    0.2924472046E+001    0.2771697998E+000
 0.2222222    0.2914506531E+001    0.2747329712E+000
 0.2323232    0.2894367981E+001    0.2637115479E+000
 0.2424242    0.2877949524E+001    0.2686660767E+000
 0.2525253    0.2849543762E+001    0.2537872314E+000
 0.2626263    0.2830390930E+001    0.2469848633E+000
 0.2727273    0.2818911743E+001    0.2392517090E+000
 0.2828283    0.2788485718E+001    0.2303588867E+000
 0.2929293    0.2732525635E+001    0.2353897095E+000
 0.3030303    0.2725845337E+001    0.2136886597E+000
 0.3131313    0.2662957764E+001    0.2091842651E+000
 0.3232323    0.2618922424E+001    0.2065887451E+000
 0.3333333    0.2577891541E+001    0.2025207520E+000
 0.3434343    0.2545173645E+001    0.1898925781E+000
 0.3535354    0.2484503174E+001    0.1684020996E+000
 0.3636364    0.2420468140E+001    0.1524902344E+000
 0.3737374    0.2380914307E+001    0.1554885864E+000
 0.3838384    0.2341201782E+001    0.1326538086E+000
 0.3939394    0.2295031738E+001    0.1200958252E+000
 0.4040404    0.2202037048E+001    0.1234283447E+000
 0.4141414    0.2165830994E+001    0.1085739136E+000
 0.4242424    0.2125494385E+001    0.1042373657E+000
 0.4343434    0.2067643738E+001    0.8513031006E-001
 0.4444444    0.1998675537E+001    0.7762908936E-001
 0.4545455    0.1940811157E+001    0.8118286133E-001
 0.4646465    0.1874464417E+001    0.5775604248E-001
 0.4747475    0.1830966187E+001    0.2699279785E-001
 0.4848485    0.1761546326E+001    0.3205261230E-001
 0.4949495    0.1696331787E+001    0.1746978760E-001
 0.5050505    0.1660072327E+001    0.4179382324E-002
 0.5151515    0.1668934631E+001    0.1926116943E-001
 0.5252525    0.1656652832E+001    0.1584014893E-001
 0.5353535    0.1666923523E+001    0.1997680664E-001
 0.5454545    0.1657376099E+001    0.2468109131E-001
 0.5555556    0.1650752258E+001    0.1131439209E-001
 0.5656566    0.1658343506E+001    0.2893066406E-002
 0.5757576    0.1672778320E+001    0.9217834473E-002
 0.5858586    0.1649516296E+001    0.1400146484E-001
 0.5959596    0.1647700500E+001    0.2457427979E-001
 0.6060606    0.1657989502E+001    0.1926574707E-001
 0.6161616    0.1663154602E+001    0.1347656250E-001
 0.6262626    0.1670118713E+001    0.1667938232E-001
 0.6363636    0.1652966309E+001    0.8529663086E-003
 0.6464646    0.1668299866E+001    0.8863830566E-002
 0.6565657    0.1658154297E+001    0.7907104492E-002
 0.6666667    0.1661021423E+001    0.1674346924E-001
 0.6767677    0.1658543396E+001    0.1525878906E-001
 0.6868687    0.1654898071E+001    0.2443695068E-001
 0.6969697    0.1650263977E+001    0.1096343994E-001
 0.7070707    0.1665042114E+001    0.1485748291E-001
 0.7171717    0.1648219299E+001    0.0000000000E+000
 0.7272727    0.1661140442E+001    0.1443481445E-001
 0.7373737    0.1651759338E+001    0.4833984375E-002
 0.7474747    0.1660264587E+001    0.4785156250E-002
 0.7575758    0.1646786499E+001    0.2259826660E-002
 0.7676768    0.1668716431E+001    0.1788635254E-001
 0.7777778    0.1659065247E+001    0.1752319336E-001
 0.7878788    0.1659538269E+001    0.1131896973E-001
 0.7979798    0.1660340881E+001    0.1389160156E-001
 0.8080808    0.1663740540E+001    0.1628570557E-001
 0.8181818    0.1658920288E+001    0.1269378662E-001
 0.8282828    0.1658207703E+001    0.1450958252E-001
 0.8383838    0.1664451599E+001    0.1054840088E-001
 0.8484848    0.1670014954E+001    0.2039184570E-001
 0.8585859    0.1659735107E+001    0.5958557129E-002
 0.8686869    0.1666806030E+001    0.7299804688E-002
 0.8787879    0.1661999512E+001    0.6030273438E-002
 0.8888889    0.1654736328E+001    0.9114074707E-002
 0.8989899    0.1666772461E+001    0.1642761230E-001
 0.9090909    0.1663032532E+001    0.1354827881E-001
 0.9191919    0.1661143494E+001    0.2351379395E-001
 0.9292929    0.1652072144E+001    0.9478759766E-002
 0.9393939    0.1662788391E+001    0.7777404785E-002
 0.9494949    0.1653071594E+001    0.1259613037E-001
 0.9595960    0.1652461243E+001    0.3479003906E-002
 0.9696970    0.1655369568E+001    0.1075439453E-001
 0.9797980    0.1652291870E+001    0.8326721191E-002
 0.9898990    0.1660803223E+001    0.1558532715E-001
 1.0000000    0.1670175171E+001    0.1427459717E-001


