#   100 bins for weightfunction of cd                      
 0.0000000    0.3237646484E+001    0.1973754883E+001
 0.0101010    0.3257446289E+001    0.1983081055E+001
 0.0202020    0.3275781250E+001    0.1985034180E+001
 0.0303030    0.3298120117E+001    0.1947778320E+001
 0.0404040    0.3325756836E+001    0.2009399414E+001
 0.0505051    0.3387622070E+001    0.1992041016E+001
 0.0606061    0.3454858398E+001    0.2004711914E+001
 0.0707071    0.3527954102E+001    0.1997070313E+001
 0.0808081    0.3576733398E+001    0.2000268555E+001
 0.0909091    0.3653002930E+001    0.2000146484E+001
 0.1010101    0.3685058594E+001    0.1956274414E+001
 0.1111111    0.3800732422E+001    0.1981152344E+001
 0.1212121    0.3870605469E+001    0.1985473633E+001
 0.1313131    0.3885498047E+001    0.1942333984E+001
 0.1414141    0.3933300781E+001    0.1960864258E+001
 0.1515152    0.3950683594E+001    0.1971875000E+001
 0.1616162    0.3938208008E+001    0.1934252930E+001
 0.1717172    0.3934375000E+001    0.1922534180E+001
 0.1818182    0.3942480469E+001    0.1917700195E+001
 0.1919192    0.3903125000E+001    0.1887402344E+001
 0.2020202    0.3906738281E+001    0.1885449219E+001
 0.2121212    0.3818774414E+001    0.1883178711E+001
 0.2222222    0.3766186523E+001    0.1851928711E+001
 0.2323232    0.3705273437E+001    0.1843457031E+001
 0.2424242    0.3637377930E+001    0.1786743164E+001
 0.2525253    0.3607666016E+001    0.1777758789E+001
 0.2626263    0.3515942383E+001    0.1758129883E+001
 0.2727273    0.3429467773E+001    0.1751098633E+001
 0.2828283    0.3374560547E+001    0.1743041992E+001
 0.2929293    0.3261669922E+001    0.1680151367E+001
 0.3030303    0.3192700195E+001    0.1673120117E+001
 0.3131313    0.3105004883E+001    0.1645312500E+001
 0.3232323    0.3005102539E+001    0.1623315430E+001
 0.3333333    0.2859375000E+001    0.1615014648E+001
 0.3434343    0.2792773437E+001    0.1601049805E+001
 0.3535354    0.2734985352E+001    0.1563037109E+001
 0.3636364    0.2606396484E+001    0.1529052734E+001
 0.3737374    0.2508203125E+001    0.1491577148E+001
 0.3838384    0.2413134766E+001    0.1460693359E+001
 0.3939394    0.2296606445E+001    0.1420410156E+001
 0.4040404    0.2209936523E+001    0.1431469727E+001
 0.4141414    0.2110961914E+001    0.1401513672E+001
 0.4242424    0.1974487305E+001    0.1369262695E+001
 0.4343434    0.1911572266E+001    0.1317578125E+001
 0.4444444    0.1798022461E+001    0.1314990234E+001
 0.4545455    0.1662036133E+001    0.1315942383E+001
 0.4646465    0.1560083008E+001    0.1266577148E+001
 0.4747475    0.1476245117E+001    0.1249707031E+001
 0.4848485    0.1338623047E+001    0.1194116211E+001
 0.4949495    0.1267114258E+001    0.1185888672E+001
 0.5050505    0.1181176758E+001    0.1158886719E+001
 0.5151515    0.1180737305E+001    0.1169262695E+001
 0.5252525    0.1189013672E+001    0.1146777344E+001
 0.5353535    0.1142480469E+001    0.1158007812E+001
 0.5454545    0.1193969727E+001    0.1124316406E+001
 0.5555556    0.1152148437E+001    0.1176611328E+001
 0.5656566    0.1145751953E+001    0.1136718750E+001
 0.5757576    0.1161791992E+001    0.1164038086E+001
 0.5858586    0.1117675781E+001    0.1146533203E+001
 0.5959596    0.1141528320E+001    0.1162011719E+001
 0.6060606    0.1155444336E+001    0.1156298828E+001
 0.6161616    0.1129125977E+001    0.1156884766E+001
 0.6262626    0.1106860352E+001    0.1169677734E+001
 0.6363636    0.1076318359E+001    0.1128466797E+001
 0.6464646    0.1080590820E+001    0.1153930664E+001
 0.6565657    0.1092211914E+001    0.1151000977E+001
 0.6666667    0.1075537109E+001    0.1158715820E+001
 0.6767677    0.9931640625E+000    0.1125366211E+001
 0.6868687    0.1005664063E+001    0.1163061523E+001
 0.6969697    0.9776367188E+000    0.1150244141E+001
 0.7070707    0.9592041016E+000    0.1160766602E+001
 0.7171717    0.9695800781E+000    0.1157910156E+001
 0.7272727    0.9395751953E+000    0.1148559570E+001
 0.7373737    0.8752441406E+000    0.1114086914E+001
 0.7474747    0.8517333984E+000    0.1102465820E+001
 0.7575758    0.8320068359E+000    0.1105859375E+001
 0.7676768    0.8214111328E+000    0.1133666992E+001
 0.7777778    0.8123291016E+000    0.1132714844E+001
 0.7878788    0.7524658203E+000    0.1128564453E+001
 0.7979798    0.7158691406E+000    0.1100756836E+001
 0.8080808    0.7128173828E+000    0.1099975586E+001
 0.8181818    0.6809326172E+000    0.1112744141E+001
 0.8282828    0.6604736328E+000    0.1110498047E+001
 0.8383838    0.5959228516E+000    0.1068872070E+001
 0.8484848    0.5677978516E+000    0.1085253906E+001
 0.8585859    0.5485839844E+000    0.1082226562E+001
 0.8686869    0.5255615234E+000    0.1076977539E+001
 0.8787879    0.4859863281E+000    0.1089428711E+001
 0.8888889    0.4768066406E+000    0.1111865234E+001
 0.8989899    0.3959472656E+000    0.1065917969E+001
 0.9090909    0.3554931641E+000    0.1062988281E+001
 0.9191919    0.2963378906E+000    0.1027392578E+001
 0.9292929    0.2539306641E+000    0.1037133789E+001
 0.9393939    0.2175537109E+000    0.1038354492E+001
 0.9494949    0.1947265625E+000    0.1065087891E+001
 0.9595960    0.1323730469E+000    0.1022045898E+001
 0.9696970    0.1063232422E+000    0.1035546875E+001
 0.9797980    0.5734863281E-001    0.1023730469E+001
 0.9898990    0.0000000000E+000    0.1016455078E+001
 1.0000000    0.6079101562E-002    0.1014501953E+001


#   100 bins for weightfunction of Ar                      
 0.0000000    0.1642150879E+001    0.3850219727E+000
 0.0101010    0.1629052734E+001    0.3658569336E+000
 0.0202020    0.1597778320E+001    0.3361633301E+000
 0.0303030    0.1686999512E+001    0.3934082031E+000
 0.0404040    0.1712103271E+001    0.3943176270E+000
 0.0505051    0.1734759521E+001    0.3916503906E+000
 0.0606061    0.1780541992E+001    0.3880310059E+000
 0.0707071    0.1850128174E+001    0.4141967773E+000
 0.0808081    0.1897277832E+001    0.3963317871E+000
 0.0909091    0.1962573242E+001    0.3853454590E+000
 0.1010101    0.2033856201E+001    0.4105163574E+000
 0.1111111    0.2112561035E+001    0.3939575195E+000
 0.1212121    0.2184899902E+001    0.4138488770E+000
 0.1313131    0.2228436279E+001    0.3882812500E+000
 0.1414141    0.2325579834E+001    0.4314819336E+000
 0.1515152    0.2390081787E+001    0.4027526855E+000
 0.1616162    0.2433190918E+001    0.4182495117E+000
 0.1717172    0.2469531250E+001    0.4175476074E+000
 0.1818182    0.2494396973E+001    0.4148071289E+000
 0.1919192    0.2518225098E+001    0.4054504395E+000
 0.2020202    0.2521130371E+001    0.4050964355E+000
 0.2121212    0.2531524658E+001    0.4096801758E+000
 0.2222222    0.2540655518E+001    0.3779541016E+000
 0.2323232    0.2530145264E+001    0.3923522949E+000
 0.2424242    0.2502349854E+001    0.3777160645E+000
 0.2525253    0.2482257080E+001    0.3848205566E+000
 0.2626263    0.2475311279E+001    0.3374023438E+000
 0.2727273    0.2420867920E+001    0.3345642090E+000
 0.2828283    0.2407434082E+001    0.3080871582E+000
 0.2929293    0.2360839844E+001    0.3348510742E+000
 0.3030303    0.2313964844E+001    0.2973876953E+000
 0.3131313    0.2296734619E+001    0.3185852051E+000
 0.3232323    0.2253265381E+001    0.3044921875E+000
 0.3333333    0.2231835938E+001    0.2610778809E+000
 0.3434343    0.2164819336E+001    0.2628967285E+000
 0.3535354    0.2129931641E+001    0.2484008789E+000
 0.3636364    0.2112731934E+001    0.2285156250E+000
 0.3737374    0.2061376953E+001    0.1911804199E+000
 0.3838384    0.1977813721E+001    0.1931823730E+000
 0.3939394    0.1925195313E+001    0.1981201172E+000
 0.4040404    0.1875799561E+001    0.1591918945E+000
 0.4141414    0.1842297363E+001    0.1606201172E+000
 0.4242424    0.1783197021E+001    0.1588317871E+000
 0.4343434    0.1728161621E+001    0.1229919434E+000
 0.4444444    0.1639361572E+001    0.1293579102E+000
 0.4545455    0.1610308838E+001    0.1088134766E+000
 0.4646465    0.1527032471E+001    0.9192504883E-001
 0.4747475    0.1501318359E+001    0.8979492188E-001
 0.4848485    0.1429162598E+001    0.8256225586E-001
 0.4949495    0.1344030762E+001    0.4544677734E-001
 0.5050505    0.1358660889E+001    0.3742675781E-001
 0.5151515    0.1314752197E+001    0.3669433594E-001
 0.5252525    0.1306903076E+001    0.3008422852E-001
 0.5353535    0.1334704590E+001    0.3470458984E-001
 0.5454545    0.1348797607E+001    0.3031005859E-001
 0.5555556    0.1344335938E+001    0.3807373047E-001
 0.5656566    0.1342474365E+001    0.2196655273E-001
 0.5757576    0.1326324463E+001    0.3725585938E-001
 0.5858586    0.1332977295E+001    0.5402221680E-001
 0.5959596    0.1322668457E+001    0.5462646484E-001
 0.6060606    0.1345581055E+001    0.2428588867E-001
 0.6161616    0.1338330078E+001    0.2760620117E-001
 0.6262626    0.1340551758E+001    0.2357788086E-001
 0.6363636    0.1320220947E+001    0.1746826172E-001
 0.6464646    0.1302355957E+001    0.5541992188E-001
 0.6565657    0.1339337158E+001    0.4199829102E-001
 0.6666667    0.1338763428E+001    0.4572143555E-001
 0.6767677    0.1331445313E+001    0.4151000977E-001
 0.6868687    0.1307617188E+001    0.5823364258E-001
 0.6969697    0.1325683594E+001    0.4558715820E-001
 0.7070707    0.1344073486E+001    0.2692260742E-001
 0.7171717    0.1329553223E+001    0.2623901367E-001
 0.7272727    0.1332617188E+001    0.1804199219E-001
 0.7373737    0.1337768555E+001    0.4539794922E-001
 0.7474747    0.1344128418E+001    0.2604370117E-001
 0.7575758    0.1323925781E+001    0.1506958008E-001
 0.7676768    0.1323974609E+001    0.2576904297E-001
 0.7777778    0.1336566162E+001    0.2449951172E-001
 0.7878788    0.1326989746E+001    0.2041625977E-001
 0.7979798    0.1330377197E+001    0.2368164063E-001
 0.8080808    0.1332122803E+001    0.1995849609E-001
 0.8181818    0.1316198730E+001    0.1084594727E-001
 0.8282828    0.1321166992E+001    0.2683715820E-001
 0.8383838    0.1338153076E+001    0.2872314453E-001
 0.8484848    0.1335473633E+001    0.2185668945E-001
 0.8585859    0.1321179199E+001    0.1956176758E-001
 0.8686869    0.1333892822E+001    0.3456420898E-001
 0.8787879    0.1349359131E+001    0.3762207031E-001
 0.8888889    0.1332238770E+001    0.1709594727E-001
 0.8989899    0.1330236816E+001    0.2365722656E-001
 0.9090909    0.1324792480E+001    0.2084960938E-001
 0.9191919    0.1358947754E+001    0.4067993164E-001
 0.9292929    0.1350366211E+001    0.3235473633E-001
 0.9393939    0.1330841064E+001    0.2068481445E-001
 0.9494949    0.1350964355E+001    0.3941040039E-001
 0.9595960    0.1337591553E+001    0.1678466797E-001
 0.9696970    0.1333648682E+001    0.3021850586E-001
 0.9797980    0.1334185791E+001    0.3718872070E-001
 0.9898990    0.1337951660E+001    0.3306274414E-001
 1.0000000    0.1315545654E+001    0.0000000000E+000


