Compiled using GNU Fortran (Ubuntu 9.4.0-1ubuntu1~20.04.2) 9.4.0 with all optimizations
Last Brick update unknown
Compiled at 18:43:37 on Sep  2 2023
Starting at 16:56:21 on Sep 11 2023

Settings
OK                      

Forcefield
OK                      

Topology
OK                      

Configuration
OK                      Read from ./INPUT/restart.in

 F
Monte Carlo Simulation initialized.

#########################################################################################################################
###########################################   ENERGY STARTING CONFIGURATION   ###########################################
#########################################################################################################################
                                               Box 1               Box 2
-------------------------------------------------------------------------------------------------------------------------
Lennard Jones        
 Intermolecular                         -0.3833889739E+006  -0.1098200141E+006
 Tailcorrection                         -0.9389288826E+004  -0.2674350548E+004
Total Intermolecular                    -0.3927782627E+006  -0.1124943646E+006

Electrostatic        
 Real                                   -0.8704436025E+005  -0.1159972585E+005
 Exclusion                               0.6535940914E+007   0.2494917704E+007
 Selfterm                               -0.6556933700E+007  -0.2497433963E+007
 Fourier                                 0.1239258341E+005   0.2421410945E+004
Total Intermolecular                    -0.9564456298E+005  -0.1169457387E+005

Intramolecular       
 Lennard Jones                           0.0000000000E+000   0.0000000000E+000
 Electrostatic                           0.0000000000E+000   0.0000000000E+000
 Bending                                 0.0000000000E+000   0.0000000000E+000
 Torsion                                 0.0000000000E+000   0.0000000000E+000

Total                                   -0.4884228257E+006  -0.1241889385E+006

#########################################################################################################################

Simulation is running...



#########################################################################################################################
###############################################   RELATIVE ENERGY DRIFTS   ##############################################
#########################################################################################################################
                                               Box 1               Box 2                                                 
-------------------------------------------------------------------------------------------------------------------------

Lennard Jones        
 Intermolecular                          0.7440265287E-014   0.1297359689E-014
 Tailcorrection                          0.0000000000E+000   0.0000000000E+000

Electrostatic        
 Real                                    0.1600614965E-014   0.3107639091E-014
 Exclusion                               0.0000000000E+000   0.1405483351E-015
 Selfterm                                0.0000000000E+000   0.0000000000E+000
 Fourier                                 0.0000000000E+000   0.6028515686E-015

Intramolecular       
 Lennard Jones                           0.0000000000E+000   0.0000000000E+000
 Electrostatic                           0.0000000000E+000   0.0000000000E+000
 Bending                                 0.0000000000E+000   0.0000000000E+000
 Torsion                                 0.0000000000E+000   0.0000000000E+000

Total                                    0.4365713073E-014   0.1527979409E-014

#########################################################################################################################
############################################   TRIAL MOVE ACCEPTANCE RATES   ############################################
#########################################################################################################################
                                               Box 1               Box 2
-------------------------------------------------------------------------------------------------------------------------
Translation
 CO2                                          0.50730             0.50151
 AR                                           0.50869             0.48704
-------------------------------------------------------------------------------------------------------------------------
Rotation
 CO2                                          0.49523             0.56769
 AR                                           0.00000             0.00000
-------------------------------------------------------------------------------------------------------------------------
Lambda Move
 cd                                           0.76517             0.90228
 Ar                                           0.83553             0.93861
-------------------------------------------------------------------------------------------------------------------------
GE Swap Fractional
 cd                                           0.46515             0.28129
 Ar                                           0.56780             0.35105
-------------------------------------------------------------------------------------------------------------------------
GE Identity Change
 cd                                           0.91290             0.56275
 Ar                                           0.99973             0.56689
-------------------------------------------------------------------------------------------------------------------------
Volume                                        0.48988             0.50421

#########################################################################################################################
######################################################   AVERAGES   #####################################################
#########################################################################################################################
                                                       Boltzmann                                    Biased
                                               Box 1               Box 2                  Box 1               Box 2      
-------------------------------------------------------------------------------------------------------------------------
Density
 CO2                                     0.7980628692E+003   0.1226995933E+003      0.7958366987E+003   0.1224033848E+003
 AR                                      0.1635979504E+003   0.1861573919E+003      0.1642711302E+003   0.1862268032E+003
 Total                                   0.9616608196E+003   0.3088569852E+003      0.9601078290E+003   0.3086301881E+003

Number of molecules
 CO2                                     0.3064484906E+003   0.2335515094E+003      0.3075290000E+003   0.2324710000E+003
 AR                                      0.6986479655E+002   0.3901352035E+003      0.7057007000E+002   0.3894299300E+003
 Total                                   0.3763132871E+003   0.6236867129E+003      0.3780990700E+003   0.6219009300E+003

Mole fractions
 CO2                                          0.81434             0.37447                 0.81336             0.37381
 AR                                           0.18566             0.62553                 0.18664             0.62619

Volume                                   0.2815509237E+005   0.1395318859E+006      0.2833006185E+005   0.1392263727E+006

#########################################################################################################################
#######################################   PROPERTIES FROM THE CFC GIBBS ENSEMBLE   ######################################
#########################################################################################################################
                                                       Boltzmann                                    Biased
                                               Box 1               Box 2                  Box 1               Box 2      
Chemical Potentials (as an indication)
=========================================================================================================================

Total cd                                -0.1932220310E+004  -0.1931411984E+004     -0.1932927031E+004  -0.1932023489E+004
 Ideal gas                              -0.1142833145E+004  -0.1616562575E+004     -0.1143539866E+004  -0.1617174079E+004
 Excess                                 -0.7893871648E+003  -0.3148494091E+003     -0.7893871648E+003  -0.3148494091E+003

-------------------------------------------------------------------------------------------------------------------------

Total Ar                                -0.1592074522E+004  -0.1590201118E+004     -0.1591035603E+004  -0.1590106801E+004
 Ideal gas                              -0.1519281259E+004  -0.1486598564E+004     -0.1518242340E+004  -0.1486504247E+004
 Excess                                 -0.7279326329E+002  -0.1036025545E+003     -0.7279326329E+002  -0.1036025545E+003

-------------------------------------------------------------------------------------------------------------------------

#########################################################################################################################
#########################################   PROPERTIES FROM UMBRELLA SAMPLING   #########################################
#########################################################################################################################

Excess Partial Molar Enthalpy
=========================================================================================================================


Partial Molar Volume
=========================================================================================================================


#########################################################################################################################
##################################################   AVERAGE ENERGIES   #################################################
#########################################################################################################################
                                                       Boltzmann                                    Biased
                                               Box 1               Box 2                  Box 1               Box 2      
-------------------------------------------------------------------------------------------------------------------------
Lennard Jones        
 Intermolecular                         -0.3334628394E+006  -0.1385105038E+006     -0.3342964912E+006  -0.1377763546E+006
 Tailcorrection                         -0.8281156944E+004  -0.3310664554E+004     -0.8303980600E+004  -0.3294455818E+004
Total Intermolecular                    -0.3417439963E+006  -0.1418211684E+006     -0.3426004718E+006  -0.1410708104E+006

Electrostatic        
 Real                                   -0.8388761888E+005  -0.1509333525E+005     -0.8392150358E+005  -0.1498554402E+005
 Exclusion                               0.5613223910E+007   0.3172146876E+007      0.5631508751E+007   0.3156869868E+007
 Selfterm                               -0.5631253350E+007  -0.3175345772E+007     -0.5649596779E+007  -0.3160053318E+007
 Fourier                                 0.9710038845E+004   0.3058965713E+004      0.9765542822E+004   0.3045457647E+004
Total Intermolecular                    -0.9220701993E+005  -0.1523326536E+005     -0.9224398834E+005  -0.1512353644E+005

Intramolecular       
 Lennard Jones                           0.0000000000E+000   0.0000000000E+000      0.0000000000E+000   0.0000000000E+000
 Electrostatic                           0.0000000000E+000   0.0000000000E+000      0.0000000000E+000   0.0000000000E+000
 Bending                                 0.0000000000E+000   0.0000000000E+000      0.0000000000E+000   0.0000000000E+000
 Torsion                                 0.0000000000E+000   0.0000000000E+000      0.0000000000E+000   0.0000000000E+000

Total                                   -0.4339510162E+006  -0.1570544337E+006     -0.4348444601E+006  -0.1561943468E+006

#########################################################################################################################

No errors found in bookkeeping.

Total simulation time:  13 hours and  57 minutes

Simulation finished.

