 0.0000000   0.1540896344E+000   0.1002346727E+001   0.5111425998E+000   0.1008874853E+001
 0.0101010   0.1537948595E+000   0.1019582020E+001   0.5142591713E+000   0.1016191601E+001
 0.0202020   0.1513143477E+000   0.1013340400E+001   0.5053810567E+000   0.1009942090E+001
 0.0303030   0.1457470656E+000   0.1005998823E+001   0.5042861627E+000   0.9856690362E+000
 0.0404040   0.1407958022E+000   0.1009066504E+001   0.5036138398E+000   0.1004462123E+001
 0.0505051   0.1339126983E+000   0.9993833350E+000   0.5096843074E+000   0.9958067723E+000
 0.0606061   0.1249058745E+000   0.1003934680E+001   0.5028633356E+000   0.1003949768E+001
 0.0707071   0.1176886585E+000   0.1012763857E+001   0.5010383672E+000   0.9966330201E+000
 0.0808081   0.1097218109E+000   0.1029568219E+001   0.5001347606E+000   0.1024223215E+001
 0.0909091   0.1017932241E+000   0.9967564237E+000   0.5025429511E+000   0.9829634798E+000
 0.1010101   0.9477933108E-001   0.1011559610E+001   0.5045009992E+000   0.9944479188E+000
 0.1111111   0.8852669350E-001   0.9938540310E+000   0.5060619660E+000   0.1004166456E+001
 0.1212121   0.8388335258E-001   0.1034784655E+001   0.5093354670E+000   0.1016768759E+001
 0.1313131   0.8115333888E-001   0.1048578399E+001   0.5151763618E+000   0.1005417978E+001
 0.1414141   0.7781746161E-001   0.1009489565E+001   0.5171876984E+000   0.9949055952E+000
 0.1515152   0.7721427712E-001   0.1037537501E+001   0.5177335002E+000   0.1003212625E+001
 0.1616162   0.7712476734E-001   0.1046311581E+001   0.5212478631E+000   0.1011274617E+001
 0.1717172   0.7642839800E-001   0.1050735025E+001   0.5344306416E+000   0.1002949360E+001
 0.1818182   0.7905948184E-001   0.1042167555E+001   0.5345769640E+000   0.9978987183E+000
 0.1919192   0.8035568289E-001   0.1052047496E+001   0.5453193349E+000   0.9987836944E+000
 0.2020202   0.8231694461E-001   0.1050402479E+001   0.5584041701E+000   0.1017815745E+001
 0.2121212   0.8625354541E-001   0.1038306881E+001   0.5636794695E+000   0.9858269953E+000
 0.2222222   0.8993840050E-001   0.1051901885E+001   0.5792195235E+000   0.9921878881E+000
 0.2323232   0.9553608699E-001   0.1036705153E+001   0.5905003176E+000   0.1003194399E+001
 0.2424242   0.1006851507E+000   0.1009241632E+001   0.6036215560E+000   0.9968497076E+000
 0.2525253   0.1080241793E+000   0.1033389539E+001   0.6087884201E+000   0.9806852231E+000
 0.2626263   0.1152076060E+000   0.1023436791E+001   0.6263677886E+000   0.9867585492E+000
 0.2727273   0.1246177870E+000   0.1012226669E+001   0.6428459803E+000   0.9897881244E+000
 0.2828283   0.1341153390E+000   0.1029099901E+001   0.6541291485E+000   0.9669630297E+000
 0.2929293   0.1456210649E+000   0.1016715047E+001   0.6732755197E+000   0.9994114807E+000
 0.3030303   0.1561803511E+000   0.1002754046E+001   0.6908368946E+000   0.9968800844E+000
 0.3131313   0.1706406316E+000   0.1008214480E+001   0.7135766966E+000   0.1006760631E+001
 0.3232323   0.1890508738E+000   0.1064381190E+001   0.7238756633E+000   0.9889679519E+000
 0.3333333   0.2030392531E+000   0.1024290784E+001   0.7511232622E+000   0.9843770115E+000
 0.3434343   0.2192750805E+000   0.1019686310E+001   0.7642073229E+000   0.9840610932E+000
 0.3535354   0.2411164113E+000   0.1008053126E+001   0.7867326062E+000   0.1000796661E+001
 0.3636364   0.2667518255E+000   0.1021171941E+001   0.8042984662E+000   0.9876313747E+000
 0.3737374   0.2951952962E+000   0.1039428483E+001   0.8226574733E+000   0.9760315040E+000
 0.3838384   0.3271829696E+000   0.1050888507E+001   0.8477807384E+000   0.9675624644E+000
 0.3939394   0.3540014538E+000   0.1000408519E+001   0.8870247555E+000   0.9991320146E+000
 0.4040404   0.3972358315E+000   0.1036754347E+001   0.9132888343E+000   0.9927204939E+000
 0.4141414   0.4369214098E+000   0.1022578864E+001   0.9282958211E+000   0.9902397255E+000
 0.4242424   0.4800444311E+000   0.1019540698E+001   0.9576909104E+000   0.9946443551E+000
 0.4343434   0.5400290032E+000   0.1020268756E+001   0.9939523831E+000   0.9977893619E+000
 0.4444444   0.5908238117E+000   0.9700130887E+000   0.1019796421E+001   0.9842291780E+000
 0.4545455   0.6557483276E+000   0.9999579104E+000   0.1051611861E+001   0.1004522876E+001
 0.4646465   0.7185762482E+000   0.9849087583E+000   0.1093133039E+001   0.1024468254E+001
 0.4747475   0.8065586969E+000   0.9916029549E+000   0.1110953066E+001   0.1003625749E+001
 0.4848485   0.9060505147E+000   0.9964770069E+000   0.1155210675E+001   0.9990287336E+000
 0.4949495   0.1014851398E+001   0.1007616292E+001   0.1198938832E+001   0.9991664416E+000
 0.5050505   0.1072351177E+001   0.9862094238E+000   0.1220175423E+001   0.1005715670E+001
 0.5151515   0.1057821037E+001   0.1009070440E+001   0.1216951615E+001   0.1000569848E+001
 0.5252525   0.1063963734E+001   0.1001778055E+001   0.1214081660E+001   0.9878460371E+000
 0.5353535   0.1076604476E+001   0.1000502970E+001   0.1216334724E+001   0.1007584853E+001
 0.5454545   0.1087039139E+001   0.9859378779E+000   0.1221118683E+001   0.9794134495E+000
 0.5555556   0.1093592605E+001   0.9971125817E+000   0.1208971188E+001   0.9939537902E+000
 0.5656566   0.1095773445E+001   0.9838245425E+000   0.1220100250E+001   0.1007366141E+001
 0.5757576   0.1098685017E+001   0.9617663580E+000   0.1223494689E+001   0.9956022355E+000
 0.5858586   0.1105566531E+001   0.9652492292E+000   0.1225055662E+001   0.9942595829E+000
 0.5959596   0.1124396974E+001   0.9849185969E+000   0.1227771622E+001   0.9784960715E+000
 0.6060606   0.1132034072E+001   0.9769158640E+000   0.1237178376E+001   0.1000440240E+001
 0.6161616   0.1142384209E+001   0.9658198692E+000   0.1232111065E+001   0.1008477930E+001
 0.6262626   0.1154352314E+001   0.9700367014E+000   0.1225989181E+001   0.1006815309E+001
 0.6363636   0.1179654677E+001   0.9683267494E+000   0.1234447437E+001   0.9835973414E+000
 0.6464646   0.1199119209E+001   0.9982164748E+000   0.1241319606E+001   0.1007983801E+001
 0.6565657   0.1206770484E+001   0.9629056701E+000   0.1234125641E+001   0.9946362546E+000
 0.6666667   0.1229617479E+001   0.9782401422E+000   0.1253023104E+001   0.1002520035E+001
 0.6767677   0.1255401274E+001   0.9743834034E+000   0.1255642636E+001   0.1000642752E+001
 0.6868687   0.1276973526E+001   0.9620162589E+000   0.1253067703E+001   0.9965236638E+000
 0.6969697   0.1314076698E+001   0.9844443755E+000   0.1257873325E+001   0.9972972585E+000
 0.7070707   0.1340142256E+001   0.1000809935E+001   0.1266456638E+001   0.1010326862E+001
 0.7171717   0.1371842705E+001   0.9799422233E+000   0.1275053495E+001   0.9860821601E+000
 0.7272727   0.1383166070E+001   0.9668352147E+000   0.1262191638E+001   0.9852032593E+000
 0.7373737   0.1421843741E+001   0.9758710026E+000   0.1269867526E+001   0.9802943755E+000
 0.7474747   0.1453170856E+001   0.9824353294E+000   0.1266702794E+001   0.9968760341E+000
 0.7575758   0.1515217297E+001   0.9971578393E+000   0.1303519969E+001   0.1017311491E+001
 0.7676768   0.1551313731E+001   0.9892987502E+000   0.1289981574E+001   0.9911753296E+000
 0.7777778   0.1580859243E+001   0.9837025436E+000   0.1293954618E+001   0.9937776050E+000
 0.7878788   0.1625555877E+001   0.9781634009E+000   0.1306363946E+001   0.1006707978E+001
 0.7979798   0.1682972739E+001   0.9899697441E+000   0.1305096183E+001   0.1002368152E+001
 0.8080808   0.1699208852E+001   0.9881830508E+000   0.1300364593E+001   0.9991563160E+000
 0.8181818   0.1772092033E+001   0.9768489614E+000   0.1321711916E+001   0.1010424067E+001
 0.8282828   0.1825768988E+001   0.9818135287E+000   0.1326774586E+001   0.1001223961E+001
 0.8383838   0.1891009898E+001   0.9694286747E+000   0.1345995412E+001   0.1009312278E+001
 0.8484848   0.1962904384E+001   0.9905620290E+000   0.1347208785E+001   0.1020409920E+001
 0.8585859   0.2025155594E+001   0.9727069027E+000   0.1353553759E+001   0.1017592982E+001
 0.8686869   0.2078995338E+001   0.9617053586E+000   0.1350858083E+001   0.9900250631E+000
 0.8787879   0.2163165258E+001   0.9636337280E+000   0.1360125331E+001   0.9852397114E+000
 0.8888889   0.2265715673E+001   0.9849245001E+000   0.1377471053E+001   0.1003109345E+001
 0.8989899   0.2332630179E+001   0.9590508991E+000   0.1385206273E+001   0.9974450920E+000
 0.9090909   0.2451206627E+001   0.9859260716E+000   0.1400878677E+001   0.1026410342E+001
 0.9191919   0.2532040697E+001   0.9771559263E+000   0.1408583952E+001   0.1016205777E+001
 0.9292929   0.2671317751E+001   0.9928485241E+000   0.1431726300E+001   0.1031112664E+001
 0.9393939   0.2784228773E+001   0.9978091559E+000   0.1419632811E+001   0.1016090345E+001
 0.9494949   0.2905579868E+001   0.9710579501E+000   0.1445562993E+001   0.1007619280E+001
 0.9595960   0.3041299229E+001   0.9826084891E+000   0.1454114742E+001   0.1030083904E+001
 0.9696970   0.3158091052E+001   0.9713176896E+000   0.1472933230E+001   0.1015792653E+001
 0.9797980   0.3293088653E+001   0.9683523298E+000   0.1485375495E+001   0.1024435853E+001
 0.9898990   0.3490284358E+001   0.9726675482E+000   0.1492139754E+001   0.1013147850E+001
 1.0000000   0.3562257515E+001   0.9593086709E+000   0.1485425323E+001   0.1004638308E+001


 0.0000000   0.9474194017E+000   0.9285320388E+000   0.7841978762E+000   0.9846191830E+000
 0.0101010   0.9639813340E+000   0.9173369054E+000   0.7899288920E+000   0.9602371044E+000
 0.0202020   0.9601740536E+000   0.9496381188E+000   0.7991023223E+000   0.9963697840E+000
 0.0303030   0.9246226183E+000   0.9347812398E+000   0.7853871911E+000   0.9953445357E+000
 0.0404040   0.9057481809E+000   0.9203346137E+000   0.7787039258E+000   0.9681796402E+000
 0.0505051   0.8598517514E+000   0.9178234844E+000   0.7758252600E+000   0.9833449458E+000
 0.0606061   0.8358005965E+000   0.9343213749E+000   0.7855933431E+000   0.9866738643E+000
 0.0707071   0.7875790899E+000   0.9295071050E+000   0.7729388291E+000   0.9729899379E+000
 0.0808081   0.7465862791E+000   0.9451310615E+000   0.7712386605E+000   0.9749128016E+000
 0.0909091   0.6851181427E+000   0.9252404750E+000   0.7642997036E+000   0.9757371849E+000
 0.1010101   0.6458226087E+000   0.9355960211E+000   0.7685477187E+000   0.9679850523E+000
 0.1111111   0.5914295539E+000   0.9435930902E+000   0.7611783206E+000   0.9963948922E+000
 0.1212121   0.5492404008E+000   0.9658860413E+000   0.7518081581E+000   0.9810705685E+000
 0.1313131   0.5172131017E+000   0.9525671336E+000   0.7489116942E+000   0.9876572658E+000
 0.1414141   0.4820845329E+000   0.9447532472E+000   0.7506000980E+000   0.9722513407E+000
 0.1515152   0.4548071334E+000   0.9465221050E+000   0.7517755700E+000   0.9881552435E+000
 0.1616162   0.4367666796E+000   0.9462416065E+000   0.7442238409E+000   0.9793820473E+000
 0.1717172   0.4203648533E+000   0.9861697073E+000   0.7522107642E+000   0.9777228189E+000
 0.1818182   0.4055059949E+000   0.9827617461E+000   0.7584149584E+000   0.9947837877E+000
 0.1919192   0.4048383492E+000   0.9903428378E+000   0.7658887800E+000   0.1003529783E+001
 0.2020202   0.3953743885E+000   0.9799701183E+000   0.7683503678E+000   0.9646728726E+000
 0.2121212   0.3983325364E+000   0.9906824891E+000   0.7700127802E+000   0.9672883019E+000
 0.2222222   0.4033691723E+000   0.9964641926E+000   0.7763643235E+000   0.9674368583E+000
 0.2323232   0.4049472955E+000   0.1002982443E+001   0.7887385643E+000   0.9979139335E+000
 0.2424242   0.4115657194E+000   0.9875359448E+000   0.8076436937E+000   0.1008022045E+001
 0.2525253   0.4223899312E+000   0.9929093036E+000   0.8042759220E+000   0.9984537582E+000
 0.2626263   0.4326693249E+000   0.9929169362E+000   0.8106750629E+000   0.9791309661E+000
 0.2727273   0.4418567001E+000   0.1019110152E+001   0.8165168319E+000   0.9860105914E+000
 0.2828283   0.4581162869E+000   0.1006140436E+001   0.8272430620E+000   0.9828323217E+000
 0.2929293   0.4788938692E+000   0.1029362658E+001   0.8422769565E+000   0.1002864418E+001
 0.3030303   0.4909326475E+000   0.9877153112E+000   0.8557336760E+000   0.1008114108E+001
 0.3131313   0.5191939170E+000   0.1037250962E+001   0.8637608630E+000   0.9902685104E+000
 0.3232323   0.5345897917E+000   0.1017789710E+001   0.8713409768E+000   0.9985458213E+000
 0.3333333   0.5559893025E+000   0.9962619283E+000   0.8775828513E+000   0.9838345542E+000
 0.3434343   0.5814499892E+000   0.1010622688E+001   0.8934024417E+000   0.1001694798E+001
 0.3535354   0.6150480446E+000   0.1029194740E+001   0.9090237798E+000   0.9949679139E+000
 0.3636364   0.6316161841E+000   0.1000362549E+001   0.9175342826E+000   0.9820163077E+000
 0.3737374   0.6678954492E+000   0.9999790103E+000   0.9304704556E+000   0.1004898176E+001
 0.3838384   0.7003555240E+000   0.1025977594E+001   0.9603259980E+000   0.1026658548E+001
 0.3939394   0.7390353035E+000   0.1012601442E+001   0.9664229006E+000   0.9947293868E+000
 0.4040404   0.7771705726E+000   0.1011345878E+001   0.9832770864E+000   0.9977130686E+000
 0.4141414   0.8264403119E+000   0.1037624960E+001   0.1002604355E+001   0.1004393921E+001
 0.4242424   0.8653138533E+000   0.1013601314E+001   0.1009296707E+001   0.1017563131E+001
 0.4343434   0.9104491225E+000   0.1017787802E+001   0.1031285815E+001   0.1026851044E+001
 0.4444444   0.9745566429E+000   0.1023254660E+001   0.1044978141E+001   0.1005419170E+001
 0.4545455   0.1021862615E+001   0.1030883456E+001   0.1054992292E+001   0.1009197942E+001
 0.4646465   0.1088861063E+001   0.1022462777E+001   0.1068937134E+001   0.9794741104E+000
 0.4747475   0.1140436634E+001   0.1041046278E+001   0.1096479851E+001   0.1021147316E+001
 0.4848485   0.1216273427E+001   0.1012359107E+001   0.1107381167E+001   0.1000225973E+001
 0.4949495   0.1289698859E+001   0.1011156970E+001   0.1133231652E+001   0.1005050917E+001
 0.5050505   0.1330283888E+001   0.1012551830E+001   0.1151783090E+001   0.1015286662E+001
 0.5151515   0.1321839232E+001   0.1005304665E+001   0.1143302182E+001   0.1026551839E+001
 0.5252525   0.1318547700E+001   0.9967237014E+000   0.1148751035E+001   0.1002121636E+001
 0.5353535   0.1325385116E+001   0.1020739715E+001   0.1155246009E+001   0.1016755487E+001
 0.5454545   0.1328021651E+001   0.1011786661E+001   0.1140308326E+001   0.9912519119E+000
 0.5555556   0.1326768560E+001   0.1025832575E+001   0.1152217198E+001   0.1028248729E+001
 0.5656566   0.1324580453E+001   0.1011565315E+001   0.1145272748E+001   0.1019929572E+001
 0.5757576   0.1328023540E+001   0.1025733351E+001   0.1130997497E+001   0.9854079965E+000
 0.5858586   0.1311130994E+001   0.9995782982E+000   0.1147965193E+001   0.1021977976E+001
 0.5959596   0.1323543561E+001   0.1020272217E+001   0.1141347463E+001   0.1018215942E+001
 0.6060606   0.1329610205E+001   0.1037025800E+001   0.1130115521E+001   0.9998493513E+000
 0.6161616   0.1313959012E+001   0.1020398155E+001   0.1136306820E+001   0.1009819368E+001
 0.6262626   0.1321681273E+001   0.1031093353E+001   0.1138730828E+001   0.1007946721E+001
 0.6363636   0.1320373564E+001   0.1001461645E+001   0.1133791102E+001   0.1012495475E+001
 0.6464646   0.1339242411E+001   0.1041708408E+001   0.1143086849E+001   0.1019201436E+001
 0.6565657   0.1330373206E+001   0.1017327937E+001   0.1153478604E+001   0.1030169501E+001
 0.6666667   0.1318838280E+001   0.9900337171E+000   0.1141923772E+001   0.1022124440E+001
 0.6767677   0.1330440079E+001   0.1001450196E+001   0.1129697397E+001   0.1013083424E+001
 0.6868687   0.1332282017E+001   0.1030864374E+001   0.1138332383E+001   0.1014414154E+001
 0.6969697   0.1321588252E+001   0.1011855354E+001   0.1134229328E+001   0.9842509306E+000
 0.7070707   0.1336567233E+001   0.1027876207E+001   0.1146443686E+001   0.1010823693E+001
 0.7171717   0.1319763632E+001   0.1011004318E+001   0.1133555985E+001   0.9957964819E+000
 0.7272727   0.1317840855E+001   0.1017154295E+001   0.1129571115E+001   0.1003337288E+001
 0.7373737   0.1321612237E+001   0.1001757409E+001   0.1131471158E+001   0.9831482656E+000
 0.7474747   0.1314997766E+001   0.1015915904E+001   0.1138900226E+001   0.1013409829E+001
 0.7575758   0.1323449867E+001   0.1003173258E+001   0.1146388167E+001   0.1021672494E+001
 0.7676768   0.1310061375E+001   0.1013830293E+001   0.1138009143E+001   0.1009101694E+001
 0.7777778   0.1309546850E+001   0.1011624468E+001   0.1132387919E+001   0.9958927297E+000
 0.7878788   0.1318325079E+001   0.1011878252E+001   0.1139790526E+001   0.1002849772E+001
 0.7979798   0.1315020962E+001   0.1009901406E+001   0.1138648551E+001   0.1001514857E+001
 0.8080808   0.1314669018E+001   0.1014009659E+001   0.1130791064E+001   0.1008856890E+001
 0.8181818   0.1335702597E+001   0.1020281758E+001   0.1151959375E+001   0.1006461157E+001
 0.8282828   0.1321571239E+001   0.1005024167E+001   0.1141839003E+001   0.1005067656E+001
 0.8383838   0.1315868534E+001   0.1032320295E+001   0.1148760019E+001   0.1020546813E+001
 0.8484848   0.1320840178E+001   0.1023418761E+001   0.1141114507E+001   0.1015408017E+001
 0.8585859   0.1324289466E+001   0.1009069451E+001   0.1145041165E+001   0.1002167668E+001
 0.8686869   0.1311933957E+001   0.1019909668E+001   0.1142897585E+001   0.1023337999E+001
 0.8787879   0.1327296182E+001   0.1020564165E+001   0.1138884924E+001   0.9969681943E+000
 0.8888889   0.1325450238E+001   0.1029799625E+001   0.1136698624E+001   0.1012811419E+001
 0.8989899   0.1312822356E+001   0.1005251237E+001   0.1137606458E+001   0.1002042127E+001
 0.9090909   0.1318554038E+001   0.1016677257E+001   0.1142910069E+001   0.1016661331E+001
 0.9191919   0.1320508164E+001   0.9909515386E+000   0.1138521582E+001   0.9886406672E+000
 0.9292929   0.1321869884E+001   0.1024321318E+001   0.1140933208E+001   0.1013006007E+001
 0.9393939   0.1304181162E+001   0.1000034347E+001   0.1138056594E+001   0.9966961896E+000
 0.9494949   0.1317695125E+001   0.1017700027E+001   0.1151986345E+001   0.1017014937E+001
 0.9595960   0.1320827212E+001   0.1021464813E+001   0.1144632447E+001   0.1018950355E+001
 0.9696970   0.1312873923E+001   0.1023525618E+001   0.1137117422E+001   0.1017165586E+001
 0.9797980   0.1326559410E+001   0.1021703332E+001   0.1144134257E+001   0.1004935838E+001
 0.9898990   0.1331322815E+001   0.1024277430E+001   0.1148321124E+001   0.9996882408E+000
 1.0000000   0.1311826517E+001   0.1007838692E+001   0.1134808507E+001   0.1002190684E+001


