Compiled using GNU Fortran (Ubuntu 9.4.0-1ubuntu1~20.04.2) 9.4.0 with all optimizations
Last Brick update unknown
Compiled at 18:43:37 on Sep  2 2023
Starting at 16:56:20 on Sep 11 2023

Settings
OK                      

Forcefield
OK                      

Topology
OK                      

Configuration
OK                      Read from ./INPUT/restart.in

 F
Monte Carlo Simulation initialized.

#########################################################################################################################
###########################################   ENERGY STARTING CONFIGURATION   ###########################################
#########################################################################################################################
                                               Box 1               Box 2
-------------------------------------------------------------------------------------------------------------------------
Lennard Jones        
 Intermolecular                         -0.4905170632E+006  -0.4497285647E+005
 Tailcorrection                         -0.1168442180E+005  -0.9698515115E+003
Total Intermolecular                    -0.5022014850E+006  -0.4594270798E+005

Electrostatic        
 Real                                   -0.1495982709E+006  -0.1145326468E+005
 Exclusion                               0.8403352604E+007   0.4560531363E+007
 Selfterm                               -0.8430343329E+007  -0.4565130119E+007
 Fourier                                 0.1200214139E+005   0.3768412209E+004
Total Intermolecular                    -0.1645868545E+006  -0.1228360869E+005

Intramolecular       
 Lennard Jones                           0.0000000000E+000   0.0000000000E+000
 Electrostatic                           0.0000000000E+000   0.0000000000E+000
 Bending                                 0.0000000000E+000   0.0000000000E+000
 Torsion                                 0.0000000000E+000   0.0000000000E+000

Total                                   -0.6667883395E+006  -0.5822631667E+005

#########################################################################################################################

Simulation is running...



#########################################################################################################################
###############################################   RELATIVE ENERGY DRIFTS   ##############################################
#########################################################################################################################
                                               Box 1               Box 2                                                 
-------------------------------------------------------------------------------------------------------------------------

Lennard Jones        
 Intermolecular                          0.7355042787E-014   0.8385256707E-015
 Tailcorrection                          0.0000000000E+000   0.0000000000E+000

Electrostatic        
 Real                                    0.1043395838E-013   0.1128084156E-014
 Exclusion                               0.0000000000E+000   0.1768447760E-015
 Selfterm                                0.0000000000E+000   0.0000000000E+000
 Fourier                                 0.1722896823E-015   0.0000000000E+000

Intramolecular       
 Lennard Jones                           0.0000000000E+000   0.0000000000E+000
 Electrostatic                           0.0000000000E+000   0.0000000000E+000
 Bending                                 0.0000000000E+000   0.0000000000E+000
 Torsion                                 0.0000000000E+000   0.0000000000E+000

Total                                    0.8439682440E-014   0.1057852226E-013

#########################################################################################################################
############################################   TRIAL MOVE ACCEPTANCE RATES   ############################################
#########################################################################################################################
                                               Box 1               Box 2
-------------------------------------------------------------------------------------------------------------------------
Translation
 CO2                                          0.49882             0.50911
 AR                                           0.49746             0.68942
-------------------------------------------------------------------------------------------------------------------------
Rotation
 CO2                                          0.49206             0.77250
 AR                                           0.00000             0.00000
-------------------------------------------------------------------------------------------------------------------------
Lambda Move
 cd                                           0.74030             0.95306
 Ar                                           0.82401             0.97539
-------------------------------------------------------------------------------------------------------------------------
GE Swap Fractional
 cd                                           0.39211             0.34226
 Ar                                           0.50739             0.40776
-------------------------------------------------------------------------------------------------------------------------
GE Identity Change
 cd                                           0.84956             0.71934
 Ar                                           0.95831             0.74923
-------------------------------------------------------------------------------------------------------------------------
Volume                                        0.50412             0.50609

#########################################################################################################################
######################################################   AVERAGES   #####################################################
#########################################################################################################################
                                                       Boltzmann                                    Biased
                                               Box 1               Box 2                  Box 1               Box 2      
-------------------------------------------------------------------------------------------------------------------------
Density
 CO2                                     0.9919633756E+003   0.5717281387E+002      0.9903298745E+003   0.5719108576E+002
 AR                                      0.2731495461E+002   0.2830313715E+002      0.2749062552E+002   0.2837831809E+002
 Total                                   0.1019278330E+004   0.8547595102E+002      0.1017820500E+004   0.8556940386E+002

Number of molecules
 CO2                                     0.4431326587E+003   0.3518673413E+003      0.4442273600E+003   0.3507726400E+003
 AR                                      0.1349558357E+002   0.1915044164E+003      0.1364258000E+002   0.1913574200E+003
 Total                                   0.4566282423E+003   0.5433717577E+003      0.4578699400E+003   0.5421300600E+003

Mole fractions
 CO2                                          0.97045             0.64756                 0.97020             0.64703
 AR                                           0.02955             0.35244                 0.02980             0.35297

Volume                                   0.3266426165E+005   0.4506653145E+006      0.3280013725E+005   0.4491284584E+006

#########################################################################################################################
#######################################   PROPERTIES FROM THE CFC GIBBS ENSEMBLE   ######################################
#########################################################################################################################
                                                       Boltzmann                                    Biased
                                               Box 1               Box 2                  Box 1               Box 2      
Chemical Potentials (as an indication)
=========================================================================================================================

Total cd                                -0.1938232270E+004  -0.1942349851E+004     -0.1938649238E+004  -0.1942269007E+004
 Ideal gas                              -0.1087805946E+004  -0.1809768690E+004     -0.1088222914E+004  -0.1809687847E+004
 Excess                                 -0.8504263243E+003  -0.1325811608E+003     -0.8504263243E+003  -0.1325811608E+003

-------------------------------------------------------------------------------------------------------------------------

Total Ar                                -0.2000189880E+004  -0.2000572100E+004     -0.1998567969E+004  -0.1999900953E+004
 Ideal gas                              -0.1972145580E+004  -0.1963154388E+004     -0.1970523669E+004  -0.1962483241E+004
 Excess                                 -0.2804429933E+002  -0.3741771258E+002     -0.2804429933E+002  -0.3741771258E+002

-------------------------------------------------------------------------------------------------------------------------

#########################################################################################################################
#########################################   PROPERTIES FROM UMBRELLA SAMPLING   #########################################
#########################################################################################################################

Excess Partial Molar Enthalpy
=========================================================================================================================


Partial Molar Volume
=========================================================================================================================


#########################################################################################################################
##################################################   AVERAGE ENERGIES   #################################################
#########################################################################################################################
                                                       Boltzmann                                    Biased
                                               Box 1               Box 2                  Box 1               Box 2      
-------------------------------------------------------------------------------------------------------------------------
Lennard Jones        
 Intermolecular                         -0.4774814828E+006  -0.4916810416E+005     -0.4785044481E+006  -0.4898878201E+005
 Tailcorrection                         -0.1164929473E+005  -0.9605142693E+003     -0.1167623419E+005  -0.9575104549E+003
Total Intermolecular                    -0.4891307775E+006  -0.5012861843E+005     -0.4901806823E+006  -0.4994629246E+005

Electrostatic        
 Real                                   -0.1461788793E+006  -0.1072408035E+005     -0.1462788629E+006  -0.1068405731E+005
 Exclusion                               0.8115134952E+007   0.4777921226E+007      0.8134381527E+007   0.4762318086E+007
 Selfterm                               -0.8141200208E+007  -0.4782739351E+007     -0.8160508566E+007  -0.4767120422E+007
 Fourier                                 0.1172991327E+005   0.3579779826E+004      0.1177462803E+005   0.3573245857E+004
Total Intermolecular                    -0.1605142222E+006  -0.1196242519E+005     -0.1606312739E+006  -0.1191314698E+005

Intramolecular       
 Lennard Jones                           0.0000000000E+000   0.0000000000E+000      0.0000000000E+000   0.0000000000E+000
 Electrostatic                           0.0000000000E+000   0.0000000000E+000      0.0000000000E+000   0.0000000000E+000
 Bending                                 0.0000000000E+000   0.0000000000E+000      0.0000000000E+000   0.0000000000E+000
 Torsion                                 0.0000000000E+000   0.0000000000E+000      0.0000000000E+000   0.0000000000E+000

Total                                   -0.6496449997E+006  -0.6209104362E+005     -0.6508119561E+006  -0.6185943944E+005

#########################################################################################################################

No errors found in bookkeeping.

Total simulation time:  18 hours and  15 minutes

Simulation finished.

