 0.0000000   0.1427538179E+000   0.9880920391E+000   0.7199741760E+000   0.1014866048E+001
 0.0101010   0.1402804507E+000   0.9730071212E+000   0.7130173158E+000   0.1012089704E+001
 0.0202020   0.1380366509E+000   0.9590814310E+000   0.7079507185E+000   0.9856298841E+000
 0.0303030   0.1337673188E+000   0.9767185195E+000   0.7122193350E+000   0.9996914127E+000
 0.0404040   0.1290362425E+000   0.9867813639E+000   0.7180083981E+000   0.1004991511E+001
 0.0505051   0.1200505165E+000   0.9761837790E+000   0.7113982796E+000   0.1003334695E+001
 0.0606061   0.1104953888E+000   0.9708438527E+000   0.7131553981E+000   0.1015732986E+001
 0.0707071   0.1012746527E+000   0.9602911412E+000   0.7122864043E+000   0.9921565397E+000
 0.0808081   0.9436707783E-001   0.9903974064E+000   0.7162026130E+000   0.1002690378E+001
 0.0909091   0.8532344428E-001   0.9680766640E+000   0.7197365616E+000   0.1010668353E+001
 0.1010101   0.7785735587E-001   0.9627853504E+000   0.7147741508E+000   0.9927152334E+000
 0.1111111   0.7326924886E-001   0.9957074172E+000   0.7284345635E+000   0.1026209028E+001
 0.1212121   0.6722903976E-001   0.9803177346E+000   0.7139617597E+000   0.9975358397E+000
 0.1313131   0.6335078981E-001   0.9796595924E+000   0.7301356204E+000   0.1024288920E+001
 0.1414141   0.6151015647E-001   0.9987083212E+000   0.7376449610E+000   0.1003904092E+001
 0.1515152   0.5898030964E-001   0.9923643541E+000   0.7389548864E+000   0.1008157442E+001
 0.1616162   0.5781251823E-001   0.9667379430E+000   0.7425633524E+000   0.9968872412E+000
 0.1717172   0.5708204526E-001   0.9757761796E+000   0.7459689659E+000   0.1012911690E+001
 0.1818182   0.5865202868E-001   0.9807702073E+000   0.7530208979E+000   0.1004272273E+001
 0.1919192   0.5996741315E-001   0.1009853735E+001   0.7590113121E+000   0.1009090739E+001
 0.2020202   0.6171139463E-001   0.9839580835E+000   0.7659591980E+000   0.1007847056E+001
 0.2121212   0.6420998555E-001   0.9799475296E+000   0.7679324145E+000   0.1001191966E+001
 0.2222222   0.6776990057E-001   0.1001178224E+001   0.7773072885E+000   0.9961209104E+000
 0.2323232   0.7205399899E-001   0.9961131469E+000   0.7756055852E+000   0.9799530423E+000
 0.2424242   0.7543584170E-001   0.9826698450E+000   0.7913147957E+000   0.9816847788E+000
 0.2525253   0.8248281667E-001   0.1011441129E+001   0.8045262778E+000   0.1014664832E+001
 0.2626263   0.8749501056E-001   0.9950081411E+000   0.8130738173E+000   0.1012335871E+001
 0.2727273   0.9511821715E-001   0.9948866092E+000   0.8219618876E+000   0.1003148464E+001
 0.2828283   0.1015094782E+000   0.9881799160E+000   0.8198002302E+000   0.9788677637E+000
 0.2929293   0.1140840925E+000   0.1013176231E+001   0.8445594321E+000   0.1010445731E+001
 0.3030303   0.1211610859E+000   0.1006542457E+001   0.8494693447E+000   0.9935650472E+000
 0.3131313   0.1355831897E+000   0.1033303789E+001   0.8579935561E+000   0.9995801021E+000
 0.3232323   0.1467285022E+000   0.1009904217E+001   0.8700799941E+000   0.1000262950E+001
 0.3333333   0.1620428202E+000   0.1017113866E+001   0.8897085147E+000   0.1009765024E+001
 0.3434343   0.1772884146E+000   0.1008595412E+001   0.8913544505E+000   0.1000579757E+001
 0.3535354   0.1963815892E+000   0.1002836668E+001   0.9073629324E+000   0.9943784710E+000
 0.3636364   0.2182648913E+000   0.1017527074E+001   0.9144972615E+000   0.9895300371E+000
 0.3737374   0.2397499023E+000   0.9926915555E+000   0.9286789162E+000   0.9905468169E+000
 0.3838384   0.2660899701E+000   0.9958252097E+000   0.9296688804E+000   0.9780543400E+000
 0.3939394   0.2991559993E+000   0.1012839681E+001   0.9530054402E+000   0.9913966307E+000
 0.4040404   0.3317295903E+000   0.1017863624E+001   0.9635715936E+000   0.1007393252E+001
 0.4141414   0.3753908190E+000   0.1033434670E+001   0.9851489232E+000   0.1001498070E+001
 0.4242424   0.4149912437E+000   0.9937199026E+000   0.9983907156E+000   0.1002210886E+001
 0.4343434   0.4603151744E+000   0.9953933039E+000   0.1007893173E+001   0.9926531564E+000
 0.4444444   0.5178447496E+000   0.1012837811E+001   0.1021612539E+001   0.9906324404E+000
 0.4545455   0.5814211032E+000   0.9839113405E+000   0.1051818406E+001   0.1019125819E+001
 0.4646465   0.6462345670E+000   0.9893297951E+000   0.1058749344E+001   0.9895814113E+000
 0.4747475   0.7391406697E+000   0.1027258978E+001   0.1065767579E+001   0.9854736211E+000
 0.4848485   0.8215311971E+000   0.1002941372E+001   0.1088830305E+001   0.1003737126E+001
 0.4949495   0.9240810484E+000   0.9980651368E+000   0.1111464235E+001   0.1005625125E+001
 0.5050505   0.9691426573E+000   0.9947613378E+000   0.1111629072E+001   0.1003144183E+001
 0.5151515   0.9913327803E+000   0.1005585159E+001   0.1129148061E+001   0.1027290026E+001
 0.5252525   0.9934685046E+000   0.1015655482E+001   0.1120909867E+001   0.1007249832E+001
 0.5353535   0.1001413321E+001   0.1016573516E+001   0.1115743378E+001   0.1006641905E+001
 0.5454545   0.1002878759E+001   0.1015008558E+001   0.1123382870E+001   0.9977113680E+000
 0.5555556   0.9992212084E+000   0.9941948120E+000   0.1115674244E+001   0.9933659725E+000
 0.5656566   0.1019729045E+001   0.1032434368E+001   0.1139570809E+001   0.1030130587E+001
 0.5757576   0.1020751045E+001   0.9894288904E+000   0.1119602911E+001   0.1012222420E+001
 0.5858586   0.1035360428E+001   0.1020346615E+001   0.1134500108E+001   0.1013431853E+001
 0.5959596   0.1055090307E+001   0.1012275025E+001   0.1121219526E+001   0.1014011953E+001
 0.6060606   0.1062066045E+001   0.1032729785E+001   0.1120856134E+001   0.1012378683E+001
 0.6161616   0.1076301535E+001   0.1017628039E+001   0.1115788673E+001   0.9965468876E+000
 0.6262626   0.1081287551E+001   0.1003272313E+001   0.1113856210E+001   0.9923406304E+000
 0.6363636   0.1113326969E+001   0.1014053130E+001   0.1132291603E+001   0.1015343399E+001
 0.6464646   0.1125386421E+001   0.9996618795E+000   0.1122150633E+001   0.1008063256E+001
 0.6565657   0.1142427897E+001   0.9974275615E+000   0.1125226104E+001   0.9911055106E+000
 0.6666667   0.1171895619E+001   0.1024848906E+001   0.1129813882E+001   0.9966539170E+000
 0.6767677   0.1195453603E+001   0.1013935338E+001   0.1122856669E+001   0.9842791725E+000
 0.6868687   0.1220886939E+001   0.1021726470E+001   0.1130372378E+001   0.9971526743E+000
 0.6969697   0.1240963555E+001   0.1021466579E+001   0.1134756508E+001   0.9983171546E+000
 0.7070707   0.1280914267E+001   0.1009075930E+001   0.1134589423E+001   0.9941087568E+000
 0.7171717   0.1307135698E+001   0.9999778625E+000   0.1131550863E+001   0.9878946272E+000
 0.7272727   0.1333734444E+001   0.9985232187E+000   0.1149643355E+001   0.1003383929E+001
 0.7373737   0.1385530782E+001   0.1012598487E+001   0.1149621992E+001   0.1004088182E+001
 0.7474747   0.1419242280E+001   0.1014043782E+001   0.1150836040E+001   0.1015272759E+001
 0.7575758   0.1448981476E+001   0.9802429457E+000   0.1141355883E+001   0.9734670579E+000
 0.7676768   0.1517470950E+001   0.1021937749E+001   0.1148118172E+001   0.1007123537E+001
 0.7777778   0.1561097695E+001   0.1016270621E+001   0.1149632684E+001   0.9979511139E+000
 0.7878788   0.1609323434E+001   0.9992318434E+000   0.1158348972E+001   0.9925782357E+000
 0.7979798   0.1659360245E+001   0.9934880571E+000   0.1154371375E+001   0.9797304211E+000
 0.8080808   0.1718432144E+001   0.1004390407E+001   0.1172163049E+001   0.1002382133E+001
 0.8181818   0.1780637605E+001   0.9948847395E+000   0.1171161214E+001   0.9974138261E+000
 0.8282828   0.1855057820E+001   0.1011386907E+001   0.1176908665E+001   0.1006907338E+001
 0.8383838   0.1929443863E+001   0.1009786425E+001   0.1175364044E+001   0.9956007473E+000
 0.8484848   0.2006232728E+001   0.1019535156E+001   0.1181609647E+001   0.1001288292E+001
 0.8585859   0.2100956033E+001   0.1010197763E+001   0.1193673687E+001   0.9971612366E+000
 0.8686869   0.2159232375E+001   0.9894363693E+000   0.1200565113E+001   0.1005584454E+001
 0.8787879   0.2256345402E+001   0.1002688960E+001   0.1195045973E+001   0.9953203301E+000
 0.8888889   0.2360197697E+001   0.1005254218E+001   0.1200685425E+001   0.1006815293E+001
 0.8989899   0.2477461054E+001   0.9950866695E+000   0.1204430685E+001   0.9927152334E+000
 0.9090909   0.2605216314E+001   0.9984577784E+000   0.1209571406E+001   0.9917027349E+000
 0.9191919   0.2717930098E+001   0.1005474845E+001   0.1224293583E+001   0.1012986610E+001
 0.9292929   0.2850728118E+001   0.9865196028E+000   0.1214781564E+001   0.9770504038E+000
 0.9393939   0.3022147786E+001   0.9982895034E+000   0.1216031368E+001   0.9787543125E+000
 0.9494949   0.3169701449E+001   0.9884323285E+000   0.1230116320E+001   0.9824639531E+000
 0.9595960   0.3332409771E+001   0.9922316038E+000   0.1227873634E+001   0.9681006015E+000
 0.9696970   0.3563187845E+001   0.1020806567E+001   0.1262260004E+001   0.1016955262E+001
 0.9797980   0.3705653538E+001   0.9888212307E+000   0.1253212588E+001   0.9883441509E+000
 0.9898990   0.3883776503E+001   0.9992262342E+000   0.1245341183E+001   0.9863234349E+000
 1.0000000   0.4035982665E+001   0.1000039563E+001   0.1261965751E+001   0.9934751425E+000


 0.0000000   0.1097564220E+001   0.1007473213E+001   0.8794508884E+000   0.1019166996E+001
 0.0101010   0.1086900278E+001   0.9974654019E+000   0.8730225401E+000   0.1003968224E+001
 0.0202020   0.1084161715E+001   0.1029691729E+001   0.8803692182E+000   0.1029198354E+001
 0.0303030   0.1046951381E+001   0.9798270850E+000   0.8674663194E+000   0.9878674730E+000
 0.0404040   0.1037086310E+001   0.1020449812E+001   0.8717548793E+000   0.1004455040E+001
 0.0505051   0.9752329752E+000   0.9877135207E+000   0.8706396121E+000   0.9907462199E+000
 0.0606061   0.9200077185E+000   0.9675860475E+000   0.8645383904E+000   0.9770816559E+000
 0.0707071   0.8746694755E+000   0.1005649475E+001   0.8723098343E+000   0.1003479301E+001
 0.0808081   0.8182168739E+000   0.1001651279E+001   0.8760552847E+000   0.1006876475E+001
 0.0909091   0.7399300868E+000   0.9923430102E+000   0.8603946231E+000   0.9966132998E+000
 0.1010101   0.6812552715E+000   0.1001220938E+001   0.8578760791E+000   0.1004507726E+001
 0.1111111   0.6221975637E+000   0.9995545491E+000   0.8690490598E+000   0.1011137694E+001
 0.1212121   0.5709588086E+000   0.1000320443E+001   0.8691378034E+000   0.1022380824E+001
 0.1313131   0.5238586035E+000   0.9994654475E+000   0.8637983795E+000   0.9940822786E+000
 0.1414141   0.4884761745E+000   0.1023001529E+001   0.8680591052E+000   0.1018393569E+001
 0.1515152   0.4463375681E+000   0.9810176334E+000   0.8668810460E+000   0.9900233720E+000
 0.1616162   0.4237089325E+000   0.1009755730E+001   0.8712541726E+000   0.1022326030E+001
 0.1717172   0.4053514454E+000   0.1022565500E+001   0.8735780563E+000   0.1001260179E+001
 0.1818182   0.3940020413E+000   0.1018673469E+001   0.8795681746E+000   0.1021457770E+001
 0.1919192   0.3778994761E+000   0.1012254365E+001   0.8711005285E+000   0.1001692202E+001
 0.2020202   0.3769665399E+000   0.9928378082E+000   0.8800748109E+000   0.1006842756E+001
 0.2121212   0.3742879149E+000   0.9993896164E+000   0.8899162817E+000   0.1010431706E+001
 0.2222222   0.3726886691E+000   0.9965630117E+000   0.8946379436E+000   0.1001848151E+001
 0.2323232   0.3783005212E+000   0.9959544670E+000   0.8971083139E+000   0.1012381077E+001
 0.2424242   0.3909268488E+000   0.1023198690E+001   0.8998482276E+000   0.1005567762E+001
 0.2525253   0.3925983232E+000   0.1026783606E+001   0.8963972816E+000   0.9929337303E+000
 0.2626263   0.3995004466E+000   0.1001101504E+001   0.9105044164E+000   0.1007540315E+001
 0.2727273   0.4167133897E+000   0.1024586400E+001   0.9150942753E+000   0.9947608704E+000
 0.2828283   0.4219624771E+000   0.1000451252E+001   0.9156334116E+000   0.1001772284E+001
 0.2929293   0.4378284605E+000   0.9961781688E+000   0.9346351035E+000   0.1017765556E+001
 0.3030303   0.4600147791E+000   0.1005334776E+001   0.9315447435E+000   0.9977976744E+000
 0.3131313   0.4737016804E+000   0.1007522503E+001   0.9384200463E+000   0.1004865988E+001
 0.3232323   0.4946439144E+000   0.9929458676E+000   0.9414976395E+000   0.9959873936E+000
 0.3333333   0.5163740381E+000   0.1001820004E+001   0.9504658057E+000   0.1006094619E+001
 0.3434343   0.5486638572E+000   0.9990578553E+000   0.9589565639E+000   0.9982339120E+000
 0.3535354   0.5716032784E+000   0.1010967132E+001   0.9752968131E+000   0.1014153424E+001
 0.3636364   0.5949270829E+000   0.9932548793E+000   0.9628341416E+000   0.1006084082E+001
 0.3737374   0.6334516925E+000   0.1017666810E+001   0.9684029518E+000   0.9933172822E+000
 0.3838384   0.6599221938E+000   0.9818100686E+000   0.9918087909E+000   0.1002065216E+001
 0.3939394   0.7040649714E+000   0.1001255062E+001   0.1002391678E+001   0.1019639060E+001
 0.4040404   0.7380222440E+000   0.9935127051E+000   0.9969724330E+000   0.9866578093E+000
 0.4141414   0.7850529226E+000   0.1006140481E+001   0.1007341896E+001   0.9941750054E+000
 0.4242424   0.8404945894E+000   0.9911031715E+000   0.1023251286E+001   0.1008775268E+001
 0.4343434   0.8835878919E+000   0.9992227880E+000   0.1024772108E+001   0.1008971258E+001
 0.4444444   0.9292753877E+000   0.1000312860E+001   0.1029586387E+001   0.9890855665E+000
 0.4545455   0.1000143604E+001   0.1004436177E+001   0.1041050317E+001   0.1012064963E+001
 0.4646465   0.1057428561E+001   0.9845191351E+000   0.1042112840E+001   0.1005428672E+001
 0.4747475   0.1120918978E+001   0.1001021881E+001   0.1050929370E+001   0.1007496059E+001
 0.4848485   0.1187901551E+001   0.9781910287E+000   0.1056283486E+001   0.9842300521E+000
 0.4949495   0.1270715312E+001   0.1017708518E+001   0.1077640735E+001   0.1017015311E+001
 0.5050505   0.1322273168E+001   0.1011405056E+001   0.1063705717E+001   0.9833322877E+000
 0.5151515   0.1315976627E+001   0.9985497868E+000   0.1078490635E+001   0.9992602295E+000
 0.5252525   0.1313105868E+001   0.9930596142E+000   0.1075868912E+001   0.1006591972E+001
 0.5353535   0.1323587740E+001   0.9933591471E+000   0.1068051959E+001   0.9998945654E+000
 0.5454545   0.1318316779E+001   0.9918595869E+000   0.1070472431E+001   0.1002223273E+001
 0.5555556   0.1325301400E+001   0.1013913170E+001   0.1068555845E+001   0.9920317510E+000
 0.5656566   0.1320840541E+001   0.9987810717E+000   0.1067202028E+001   0.1017114361E+001
 0.5757576   0.1316785674E+001   0.9956814750E+000   0.1081739871E+001   0.1008870102E+001
 0.5858586   0.1315613316E+001   0.9938785903E+000   0.1075269677E+001   0.9975658573E+000
 0.5959596   0.1304929218E+001   0.9844679491E+000   0.1069284856E+001   0.9974899899E+000
 0.6060606   0.1324230543E+001   0.1003459851E+001   0.1076531941E+001   0.1005494002E+001
 0.6161616   0.1312186741E+001   0.9856490187E+000   0.1073945213E+001   0.1019491540E+001
 0.6262626   0.1326707366E+001   0.9930179071E+000   0.1067341080E+001   0.9856441364E+000
 0.6363636   0.1328926605E+001   0.9994881969E+000   0.1086717402E+001   0.1005135739E+001
 0.6464646   0.1312931963E+001   0.1016629820E+001   0.1067746950E+001   0.1007407547E+001
 0.6565657   0.1322950797E+001   0.9975431288E+000   0.1078764019E+001   0.1002176910E+001
 0.6666667   0.1324527500E+001   0.9883277528E+000   0.1077588103E+001   0.9977112698E+000
 0.6767677   0.1315696234E+001   0.1003099654E+001   0.1073893808E+001   0.1001846044E+001
 0.6868687   0.1320256512E+001   0.9976663544E+000   0.1073367129E+001   0.9948409527E+000
 0.6969697   0.1322949982E+001   0.1009952890E+001   0.1077173637E+001   0.1011422197E+001
 0.7070707   0.1311542218E+001   0.9844736364E+000   0.1065739030E+001   0.9853322370E+000
 0.7171717   0.1311029793E+001   0.9981839017E+000   0.1061696954E+001   0.9829845621E+000
 0.7272727   0.1321294602E+001   0.1001270228E+001   0.1073262607E+001   0.1001599475E+001
 0.7373737   0.1315479845E+001   0.1001668341E+001   0.1064748137E+001   0.9859960769E+000
 0.7474747   0.1306304106E+001   0.9872737003E+000   0.1071912836E+001   0.9964109867E+000
 0.7575758   0.1326405711E+001   0.1017316092E+001   0.1063931022E+001   0.9944026077E+000
 0.7676768   0.1321396902E+001   0.9848926033E+000   0.1068640734E+001   0.9800510221E+000
 0.7777778   0.1324226532E+001   0.9918842320E+000   0.1074623881E+001   0.9953509503E+000
 0.7878788   0.1321305400E+001   0.1006094983E+001   0.1072634616E+001   0.9974014779E+000
 0.7979798   0.1321671977E+001   0.1002875952E+001   0.1073277080E+001   0.1000710140E+001
 0.8080808   0.1320580513E+001   0.1003986878E+001   0.1068442372E+001   0.9926471200E+000
 0.8181818   0.1322875036E+001   0.1003840903E+001   0.1070696149E+001   0.9945922762E+000
 0.8282828   0.1309955883E+001   0.9890235032E+000   0.1066618319E+001   0.9912730769E+000
 0.8383838   0.1325118382E+001   0.9996152140E+000   0.1073171180E+001   0.9929442674E+000
 0.8484848   0.1303748894E+001   0.9835579757E+000   0.1066027841E+001   0.9895534155E+000
 0.8585859   0.1323516483E+001   0.1011628758E+001   0.1068003456E+001   0.9939031472E+000
 0.8686869   0.1316034154E+001   0.9957952216E+000   0.1077463406E+001   0.9925775749E+000
 0.8787879   0.1318583039E+001   0.9944226785E+000   0.1075419002E+001   0.9902151480E+000
 0.8888889   0.1335468948E+001   0.9937951760E+000   0.1071500731E+001   0.9800952781E+000
 0.8989899   0.1324162928E+001   0.1005964174E+001   0.1081673941E+001   0.9989820490E+000
 0.9090909   0.1309069410E+001   0.9897154621E+000   0.1065710395E+001   0.9894459367E+000
 0.9191919   0.1326634811E+001   0.9982350877E+000   0.1074764681E+001   0.9954752886E+000
 0.9292929   0.1324973290E+001   0.1012561481E+001   0.1078022768E+001   0.1009700428E+001
 0.9393939   0.1326713574E+001   0.9958464076E+000   0.1072248631E+001   0.9948177710E+000
 0.9494949   0.1309827479E+001   0.9822972835E+000   0.1071993177E+001   0.9867716104E+000
 0.9595960   0.1311788849E+001   0.1005078846E+001   0.1073364506E+001   0.1008996547E+001
 0.9696970   0.1302200346E+001   0.9882291723E+000   0.1059511624E+001   0.9785378887E+000
 0.9797980   0.1320945147E+001   0.9915619497E+000   0.1072416736E+001   0.9776338020E+000
 0.9898990   0.1321456338E+001   0.1003911047E+001   0.1063954927E+001   0.9834861300E+000
 1.0000000   0.1330145791E+001   0.1002680687E+001   0.1075103954E+001   0.9918694791E+000


