#   100 bins for weightfunction of cd                      
 0.0000000    0.3360760498E+001    0.1639373779E+001
 0.0101010    0.3346435547E+001    0.1612066650E+001
 0.0202020    0.3373944092E+001    0.1617041016E+001
 0.0303030    0.3420849609E+001    0.1630822754E+001
 0.0404040    0.3453466797E+001    0.1611541748E+001
 0.0505051    0.3553088379E+001    0.1649768066E+001
 0.0606061    0.3598217773E+001    0.1649945068E+001
 0.0707071    0.3681109619E+001    0.1642962646E+001
 0.0808081    0.3781909180E+001    0.1648040771E+001
 0.0909091    0.3866125488E+001    0.1644305420E+001
 0.1010101    0.3944921875E+001    0.1651361084E+001
 0.1111111    0.4029974365E+001    0.1621032715E+001
 0.1212121    0.4078308105E+001    0.1639990234E+001
 0.1313131    0.4134698486E+001    0.1596881104E+001
 0.1414141    0.4139294434E+001    0.1614465332E+001
 0.1515152    0.4178643799E+001    0.1591156006E+001
 0.1616162    0.4224597168E+001    0.1615423584E+001
 0.1717172    0.4212847900E+001    0.1584320068E+001
 0.1818182    0.4186431885E+001    0.1583428955E+001
 0.1919192    0.4154028320E+001    0.1543292236E+001
 0.2020202    0.4146270752E+001    0.1551916504E+001
 0.2121212    0.4111767578E+001    0.1543206787E+001
 0.2222222    0.4023516846E+001    0.1532427979E+001
 0.2323232    0.4000646973E+001    0.1527648926E+001
 0.2424242    0.3901519775E+001    0.1515069580E+001
 0.2525253    0.3866784668E+001    0.1480987549E+001
 0.2626263    0.3775982666E+001    0.1487738037E+001
 0.2727273    0.3708660889E+001    0.1494873047E+001
 0.2828283    0.3595751953E+001    0.1455511475E+001
 0.2929293    0.3554284668E+001    0.1447235107E+001
 0.3030303    0.3454040527E+001    0.1436383057E+001
 0.3131313    0.3346551514E+001    0.1416040039E+001
 0.3232323    0.3239764404E+001    0.1399627686E+001
 0.3333333    0.3153680420E+001    0.1394390869E+001
 0.3434343    0.3046673584E+001    0.1398187256E+001
 0.3535354    0.2953857422E+001    0.1385876465E+001
 0.3636364    0.2851580811E+001    0.1324279785E+001
 0.3737374    0.2775604248E+001    0.1376861572E+001
 0.3838384    0.2671295166E+001    0.1308416748E+001
 0.3939394    0.2548486328E+001    0.1295202637E+001
 0.4040404    0.2459857178E+001    0.1295776367E+001
 0.4141414    0.2355084229E+001    0.1269573975E+001
 0.4242424    0.2233325195E+001    0.1273565674E+001
 0.4343434    0.2133941650E+001    0.1247833252E+001
 0.4444444    0.2012469482E+001    0.1227294922E+001
 0.4545455    0.1929138184E+001    0.1177569580E+001
 0.4646465    0.1785040283E+001    0.1161566162E+001
 0.4747475    0.1682904053E+001    0.1172406006E+001
 0.4848485    0.1559161377E+001    0.1150994873E+001
 0.4949495    0.1450280762E+001    0.1138452148E+001
 0.5050505    0.1380767822E+001    0.1138134766E+001
 0.5151515    0.1395758057E+001    0.1114062500E+001
 0.5252525    0.1346551514E+001    0.1134277344E+001
 0.5353535    0.1392803955E+001    0.1111450195E+001
 0.5454545    0.1356604004E+001    0.1113305664E+001
 0.5555556    0.1386901855E+001    0.1106591797E+001
 0.5656566    0.1341760254E+001    0.1108282471E+001
 0.5757576    0.1331121826E+001    0.1119262695E+001
 0.5858586    0.1331323242E+001    0.1126403809E+001
 0.5959596    0.1320550537E+001    0.1112902832E+001
 0.6060606    0.1297167969E+001    0.1128582764E+001
 0.6161616    0.1276702881E+001    0.1111865234E+001
 0.6262626    0.1294091797E+001    0.1136456299E+001
 0.6363636    0.1256793213E+001    0.1106298828E+001
 0.6464646    0.1245599365E+001    0.1104687500E+001
 0.6565657    0.1229595947E+001    0.1109387207E+001
 0.6666667    0.1211224365E+001    0.1124682617E+001
 0.6767677    0.1188006592E+001    0.1111486816E+001
 0.6868687    0.1177160645E+001    0.1125469971E+001
 0.6969697    0.1133660889E+001    0.1112841797E+001
 0.7070707    0.1123449707E+001    0.1102746582E+001
 0.7171717    0.1096215820E+001    0.1098950195E+001
 0.7272727    0.1083813477E+001    0.1099157715E+001
 0.7373737    0.1060760498E+001    0.1089263916E+001
 0.7474747    0.1036737061E+001    0.1097094727E+001
 0.7575758    0.9871704102E+000    0.1085614014E+001
 0.7676768    0.9743896484E+000    0.1078405762E+001
 0.7777778    0.9158081055E+000    0.1066253662E+001
 0.7878788    0.8896606445E+000    0.1085650635E+001
 0.7979798    0.8703735352E+000    0.1079736328E+001
 0.8080808    0.8339599609E+000    0.1062091064E+001
 0.8181818    0.7843444824E+000    0.1057641602E+001
 0.8282828    0.7649047852E+000    0.1066253662E+001
 0.8383838    0.7118225098E+000    0.1058728027E+001
 0.8484848    0.7086425781E+000    0.1059301758E+001
 0.8585859    0.6343139648E+000    0.1057598877E+001
 0.8686869    0.6072753906E+000    0.1052136230E+001
 0.8787879    0.5342102051E+000    0.1037121582E+001
 0.8888889    0.5140563965E+000    0.1041717529E+001
 0.8989899    0.4838012695E+000    0.1049243164E+001
 0.9090909    0.4243286133E+000    0.1055944824E+001
 0.9191919    0.3680847168E+000    0.1013439941E+001
 0.9292929    0.3512207031E+000    0.1045385742E+001
 0.9393939    0.2972778320E+000    0.1034692383E+001
 0.9494949    0.2555908203E+000    0.1022741699E+001
 0.9595960    0.1751220703E+000    0.1015582275E+001
 0.9696970    0.1306152344E+000    0.9963378906E+000
 0.9797980    0.8790893555E-001    0.1003564453E+001
 0.9898990    0.4070434570E-001    0.9958740234E+000
 1.0000000    0.0000000000E+000    0.9793273926E+000


#   100 bins for weightfunction of Ar                      
 0.0000000    0.2040960693E+001    0.3180969238E+000
 0.0101010    0.2049328613E+001    0.2955444336E+000
 0.0202020    0.2038330078E+001    0.2991455078E+000
 0.0303030    0.2061126709E+001    0.2823730469E+000
 0.0404040    0.2081182861E+001    0.2742065430E+000
 0.0505051    0.2141796875E+001    0.3029602051E+000
 0.0606061    0.2190594482E+001    0.2910217285E+000
 0.0707071    0.2230383301E+001    0.2648437500E+000
 0.0808081    0.2341131592E+001    0.3070190430E+000
 0.0909091    0.2434655762E+001    0.3344604492E+000
 0.1010101    0.2486242676E+001    0.2901794434E+000
 0.1111111    0.2590606689E+001    0.3199523926E+000
 0.1212121    0.2672924805E+001    0.3226806641E+000
 0.1313131    0.2739013672E+001    0.2974426270E+000
 0.1414141    0.2814880371E+001    0.3122680664E+000
 0.1515152    0.2890637207E+001    0.3082763672E+000
 0.1616162    0.2990893555E+001    0.3271301270E+000
 0.1717172    0.2973657227E+001    0.3020080566E+000
 0.1818182    0.3008410645E+001    0.2595947266E+000
 0.1919192    0.3058239746E+001    0.2985168457E+000
 0.2020202    0.3064379883E+001    0.2869323730E+000
 0.2121212    0.3067187500E+001    0.3180480957E+000
 0.2222222    0.3052093506E+001    0.2889099121E+000
 0.2323232    0.3080206299E+001    0.2822082520E+000
 0.2424242    0.3025561523E+001    0.2927673340E+000
 0.2525253    0.3030841064E+001    0.2710266113E+000
 0.2626263    0.2986657715E+001    0.2792846680E+000
 0.2727273    0.2987390137E+001    0.2415283203E+000
 0.2828283    0.2912756348E+001    0.2545837402E+000
 0.2929293    0.2892218018E+001    0.2301086426E+000
 0.3030303    0.2837030029E+001    0.2270874023E+000
 0.3131313    0.2843969727E+001    0.2391174316E+000
 0.3232323    0.2755999756E+001    0.2235412598E+000
 0.3333333    0.2728259277E+001    0.2017883301E+000
 0.3434343    0.2657641602E+001    0.2014343262E+000
 0.3535354    0.2610540771E+001    0.2388610840E+000
 0.3636364    0.2587011719E+001    0.1988342285E+000
 0.3737374    0.2513476563E+001    0.2048217773E+000
 0.3838384    0.2479046631E+001    0.1794738770E+000
 0.3939394    0.2444189453E+001    0.1530273438E+000
 0.4040404    0.2340771484E+001    0.1308532715E+000
 0.4141414    0.2291815186E+001    0.1548828125E+000
 0.4242424    0.2249249268E+001    0.1679504395E+000
 0.4343434    0.2195446777E+001    0.1210571289E+000
 0.4444444    0.2173376465E+001    0.1292602539E+000
 0.4545455    0.2062365723E+001    0.1041870117E+000
 0.4646465    0.1996417236E+001    0.1159301758E+000
 0.4747475    0.1958398438E+001    0.1117309570E+000
 0.4848485    0.1884259033E+001    0.8556518555E-001
 0.4949495    0.1819378662E+001    0.8878173828E-001
 0.5050505    0.1796429443E+001    0.9855957031E-001
 0.5151515    0.1805706787E+001    0.7698364258E-001
 0.5252525    0.1806219482E+001    0.6981811523E-001
 0.5353535    0.1777874756E+001    0.5885009766E-001
 0.5454545    0.1783465576E+001    0.6466674805E-001
 0.5555556    0.1793176270E+001    0.5694580078E-001
 0.5656566    0.1776824951E+001    0.8746948242E-001
 0.5757576    0.1787634277E+001    0.8547363281E-001
 0.5858586    0.1769146729E+001    0.6273193359E-001
 0.5959596    0.1798010254E+001    0.8930053711E-001
 0.6060606    0.1768817139E+001    0.7072753906E-001
 0.6161616    0.1762817383E+001    0.4605712891E-001
 0.6262626    0.1774176025E+001    0.5963745117E-001
 0.6363636    0.1767370605E+001    0.6470336914E-001
 0.6464646    0.1797216797E+001    0.6344604492E-001
 0.6565657    0.1784405518E+001    0.7267456055E-001
 0.6666667    0.1762982178E+001    0.5587768555E-001
 0.6767677    0.1791802979E+001    0.7539062500E-001
 0.6868687    0.1803320313E+001    0.8214721680E-001
 0.6969697    0.1771075439E+001    0.6850585938E-001
 0.7070707    0.1802703857E+001    0.6953735352E-001
 0.7171717    0.1792462158E+001    0.6394042969E-001
 0.7272727    0.1786407471E+001    0.4927368164E-001
 0.7373737    0.1785363770E+001    0.5868530273E-001
 0.7474747    0.1788250732E+001    0.5075683594E-001
 0.7575758    0.1779040527E+001    0.4749145508E-001
 0.7676768    0.1788940430E+001    0.4492797852E-001
 0.7777778    0.1784887695E+001    0.5595092773E-001
 0.7878788    0.1779138184E+001    0.6137695313E-001
 0.7979798    0.1791735840E+001    0.6326904297E-001
 0.8080808    0.1780914307E+001    0.6830444336E-001
 0.8181818    0.1786053467E+001    0.6213989258E-001
 0.8282828    0.1778857422E+001    0.4043579102E-001
 0.8383838    0.1782696533E+001    0.6707763672E-001
 0.8484848    0.1782537842E+001    0.6079101562E-001
 0.8585859    0.1793444824E+001    0.6093139648E-001
 0.8686869    0.1773022461E+001    0.3851318359E-001
 0.8787879    0.1777941895E+001    0.5692138672E-001
 0.8888889    0.1792193604E+001    0.6401367188E-001
 0.8989899    0.1776184082E+001    0.4475708008E-001
 0.9090909    0.1794561768E+001    0.6774902344E-001
 0.9191919    0.1791461182E+001    0.5890502930E-001
 0.9292929    0.1763995361E+001    0.4284667969E-001
 0.9393939    0.1771838379E+001    0.3458862305E-001
 0.9494949    0.1765832520E+001    0.3388671875E-001
 0.9595960    0.1740863037E+001    0.0000000000E+000
 0.9696970    0.1778320313E+001    0.4770507813E-001
 0.9797980    0.1814392090E+001    0.7254028320E-001
 0.9898990    0.1774371338E+001    0.6140747070E-001
 1.0000000    0.1778460693E+001    0.4465942383E-001


