#   100 bins for weightfunction of cd                      
 0.0000000    0.3207476807E+001    0.1804577637E+001
 0.0101010    0.3195379639E+001    0.1788043213E+001
 0.0202020    0.3241528320E+001    0.1822387695E+001
 0.0303030    0.3242736816E+001    0.1799401855E+001
 0.0404040    0.3317150879E+001    0.1819042969E+001
 0.0505051    0.3361682129E+001    0.1813323975E+001
 0.0606061    0.3433154297E+001    0.1827117920E+001
 0.0707071    0.3490692139E+001    0.1813079834E+001
 0.0808081    0.3575640869E+001    0.1823645020E+001
 0.0909091    0.3653009033E+001    0.1811804199E+001
 0.1010101    0.3715240479E+001    0.1811755371E+001
 0.1111111    0.3802972412E+001    0.1815881348E+001
 0.1212121    0.3868634033E+001    0.1817791748E+001
 0.1313131    0.3891845703E+001    0.1807098389E+001
 0.1414141    0.3941412354E+001    0.1787145996E+001
 0.1515152    0.3972625732E+001    0.1793609619E+001
 0.1616162    0.3954705811E+001    0.1787908936E+001
 0.1717172    0.3972778320E+001    0.1761053467E+001
 0.1818182    0.3943084717E+001    0.1749401855E+001
 0.1919192    0.3932598877E+001    0.1749945068E+001
 0.2020202    0.3885321045E+001    0.1739117432E+001
 0.2121212    0.3848919678E+001    0.1703027344E+001
 0.2222222    0.3814849854E+001    0.1685498047E+001
 0.2323232    0.3751904297E+001    0.1686425781E+001
 0.2424242    0.3678625488E+001    0.1660687256E+001
 0.2525253    0.3635699463E+001    0.1638049316E+001
 0.2626263    0.3564294434E+001    0.1629492187E+001
 0.2727273    0.3476452637E+001    0.1606683350E+001
 0.2828283    0.3395819092E+001    0.1596099854E+001
 0.2929293    0.3310321045E+001    0.1557861328E+001
 0.3030303    0.3216882324E+001    0.1542022705E+001
 0.3131313    0.3150012207E+001    0.1502386475E+001
 0.3232323    0.3058648682E+001    0.1495306396E+001
 0.3333333    0.2985083008E+001    0.1477539063E+001
 0.3434343    0.2874475098E+001    0.1453009033E+001
 0.3535354    0.2798773193E+001    0.1449200439E+001
 0.3636364    0.2689611816E+001    0.1408660889E+001
 0.3737374    0.2594464111E+001    0.1377355957E+001
 0.3838384    0.2486602783E+001    0.1336669922E+001
 0.3939394    0.2395446777E+001    0.1341284180E+001
 0.4040404    0.2285906982E+001    0.1303240967E+001
 0.4141414    0.2177148437E+001    0.1287133789E+001
 0.4242424    0.2084497070E+001    0.1266351318E+001
 0.4343434    0.1982745361E+001    0.1226470947E+001
 0.4444444    0.1874774170E+001    0.1227947998E+001
 0.4545455    0.1759240723E+001    0.1184594727E+001
 0.4646465    0.1655468750E+001    0.1154046631E+001
 0.4747475    0.1538446045E+001    0.1115576172E+001
 0.4848485    0.1425280762E+001    0.1107031250E+001
 0.4949495    0.1305554199E+001    0.1070422363E+001
 0.5050505    0.1253039551E+001    0.1062194824E+001
 0.5151515    0.1252716064E+001    0.1054998779E+001
 0.5252525    0.1243426514E+001    0.1068646240E+001
 0.5353535    0.1249078369E+001    0.1048944092E+001
 0.5454545    0.1238153076E+001    0.1047949219E+001
 0.5555556    0.1226245117E+001    0.1061175537E+001
 0.5656566    0.1230114746E+001    0.1065856934E+001
 0.5757576    0.1212603760E+001    0.1056347656E+001
 0.5858586    0.1212329102E+001    0.1055535889E+001
 0.5959596    0.1195861816E+001    0.1055017090E+001
 0.6060606    0.1184356689E+001    0.1065234375E+001
 0.6161616    0.1171716309E+001    0.1059350586E+001
 0.6262626    0.1170483398E+001    0.1051708984E+001
 0.6363636    0.1149340820E+001    0.1040759277E+001
 0.6464646    0.1147021484E+001    0.1059558105E+001
 0.6565657    0.1119641113E+001    0.1043701172E+001
 0.6666667    0.1106213379E+001    0.1050482178E+001
 0.6767677    0.1072729492E+001    0.1037780762E+001
 0.6868687    0.1060394287E+001    0.1042401123E+001
 0.6969697    0.1056610107E+001    0.1035760498E+001
 0.7070707    0.1024261475E+001    0.1027258301E+001
 0.7171717    0.9996643066E+000    0.1026141357E+001
 0.7272727    0.9860229492E+000    0.1029473877E+001
 0.7373737    0.9466308594E+000    0.1014196777E+001
 0.7474747    0.9226440430E+000    0.1008392334E+001
 0.7575758    0.9050292969E+000    0.1015521240E+001
 0.7676768    0.8791992188E+000    0.1015618896E+001
 0.7777778    0.8373901367E+000    0.9968505859E+000
 0.7878788    0.8252197266E+000    0.1009246826E+001
 0.7979798    0.7861022949E+000    0.1000030518E+001
 0.8080808    0.7620056152E+000    0.1000933838E+001
 0.8181818    0.7322265625E+000    0.9877014160E+000
 0.8282828    0.6867492676E+000    0.9810913086E+000
 0.8383838    0.6619567871E+000    0.9820312500E+000
 0.8484848    0.6149963379E+000    0.9707031250E+000
 0.8585859    0.5906799316E+000    0.9792663574E+000
 0.8686869    0.5515380859E+000    0.9629394531E+000
 0.8787879    0.5096801758E+000    0.9576171875E+000
 0.8888889    0.4675964355E+000    0.9509765625E+000
 0.8989899    0.4286437988E+000    0.9429809570E+000
 0.9090909    0.3878234863E+000    0.9367187500E+000
 0.9191919    0.3359130859E+000    0.9292907715E+000
 0.9292929    0.2936462402E+000    0.9245361328E+000
 0.9393939    0.2565246582E+000    0.9337036133E+000
 0.9494949    0.2362365723E+000    0.9411193848E+000
 0.9595960    0.1690917969E+000    0.9092468262E+000
 0.9696970    0.1003417969E+000    0.8962280273E+000
 0.9797980    0.7169189453E-001    0.8875610352E+000
 0.9898990    0.2117919922E-001    0.8852050781E+000
 1.0000000    0.0000000000E+000    0.8820556641E+000


#   100 bins for weightfunction of Ar                      
 0.0000000    0.1731758118E+001    0.3221527100E+000
 0.0101010    0.1747344971E+001    0.3404235840E+000
 0.0202020    0.1747619629E+001    0.3354339600E+000
 0.0303030    0.1796231079E+001    0.3516845703E+000
 0.0404040    0.1822529602E+001    0.3618026733E+000
 0.0505051    0.1867134094E+001    0.3650146484E+000
 0.0606061    0.1900866699E+001    0.3477294922E+000
 0.0707071    0.1951432800E+001    0.3573196411E+000
 0.0808081    0.2022131348E+001    0.3712142944E+000
 0.0909091    0.2096002197E+001    0.3739471436E+000
 0.1010101    0.2169827271E+001    0.3748397827E+000
 0.1111111    0.2255551147E+001    0.3732040405E+000
 0.1212121    0.2323225403E+001    0.3807113647E+000
 0.1313131    0.2424339294E+001    0.3873611450E+000
 0.1414141    0.2476158142E+001    0.3902740479E+000
 0.1515152    0.2516926575E+001    0.3753173828E+000
 0.1616162    0.2580961609E+001    0.3839263916E+000
 0.1717172    0.2641531372E+001    0.3815048218E+000
 0.1818182    0.2653335571E+001    0.3735748291E+000
 0.1919192    0.2696347046E+001    0.3826324463E+000
 0.2020202    0.2704096985E+001    0.3778961182E+000
 0.2121212    0.2682878113E+001    0.3702407837E+000
 0.2222222    0.2711489868E+001    0.3565231323E+000
 0.2323232    0.2680943298E+001    0.3191726685E+000
 0.2424242    0.2669241333E+001    0.3235305786E+000
 0.2525253    0.2658120728E+001    0.3306518555E+000
 0.2626263    0.2632740784E+001    0.3109909058E+000
 0.2727273    0.2601664734E+001    0.3095230103E+000
 0.2828283    0.2581471252E+001    0.2889022827E+000
 0.2929293    0.2517929077E+001    0.2846694946E+000
 0.3030303    0.2468153381E+001    0.2802612305E+000
 0.3131313    0.2465240479E+001    0.2722076416E+000
 0.3232323    0.2431753540E+001    0.2508499146E+000
 0.3333333    0.2376039124E+001    0.2568298340E+000
 0.3434343    0.2326005554E+001    0.2229171753E+000
 0.3535354    0.2315063477E+001    0.2229507446E+000
 0.3636364    0.2243898010E+001    0.1938842773E+000
 0.3737374    0.2184579468E+001    0.1819946289E+000
 0.3838384    0.2139514160E+001    0.1784500122E+000
 0.3939394    0.2082774353E+001    0.1813385010E+000
 0.4040404    0.2042616272E+001    0.1602447510E+000
 0.4141414    0.1972428894E+001    0.1350509644E+000
 0.4242424    0.1956091309E+001    0.1374786377E+000
 0.4343434    0.1887489319E+001    0.1004592896E+000
 0.4444444    0.1825175476E+001    0.1122421265E+000
 0.4545455    0.1745771790E+001    0.8447723389E-001
 0.4646465    0.1706338501E+001    0.6755523682E-001
 0.4747475    0.1644558716E+001    0.6834411621E-001
 0.4848485    0.1603140259E+001    0.3679809570E-001
 0.4949495    0.1528155518E+001    0.3152923584E-001
 0.5050505    0.1503382874E+001    0.1408691406E-001
 0.5151515    0.1484501648E+001    0.3569946289E-001
 0.5252525    0.1488101196E+001    0.2895050049E-001
 0.5353535    0.1523864746E+001    0.4492797852E-001
 0.5454545    0.1509484863E+001    0.3248748779E-001
 0.5555556    0.1495863342E+001    0.2948608398E-001
 0.5656566    0.1513768005E+001    0.2950592041E-001
 0.5757576    0.1502171326E+001    0.3150634766E-001
 0.5858586    0.1495767212E+001    0.3065795898E-001
 0.5959596    0.1503338623E+001    0.3489379883E-001
 0.6060606    0.1495262146E+001    0.4225616455E-001
 0.6161616    0.1502169800E+001    0.2953491211E-001
 0.6262626    0.1487837219E+001    0.2026062012E-001
 0.6363636    0.1494345093E+001    0.3531646729E-001
 0.6464646    0.1496600342E+001    0.2399902344E-001
 0.6565657    0.1513363647E+001    0.1549987793E-001
 0.6666667    0.1514627075E+001    0.1249084473E-001
 0.6767677    0.1504380798E+001    0.1628875732E-001
 0.6868687    0.1520126343E+001    0.1894531250E-001
 0.6969697    0.1515950012E+001    0.3696746826E-001
 0.7070707    0.1505184937E+001    0.2712860107E-001
 0.7171717    0.1499446106E+001    0.1982574463E-001
 0.7272727    0.1513197327E+001    0.3317260742E-001
 0.7373737    0.1505589294E+001    0.1955261230E-001
 0.7474747    0.1522616577E+001    0.3199615479E-001
 0.7575758    0.1500407410E+001    0.2084350586E-001
 0.7676768    0.1497822571E+001    0.1748809814E-001
 0.7777778    0.1503556824E+001    0.2507019043E-001
 0.7878788    0.1497390747E+001    0.1818084717E-001
 0.7979798    0.1498577881E+001    0.6956481934E-002
 0.8080808    0.1508279419E+001    0.1990661621E-001
 0.8181818    0.1496867371E+001    0.1004638672E-001
 0.8282828    0.1503273010E+001    0.2400360107E-001
 0.8383838    0.1508451843E+001    0.2043304443E-001
 0.8484848    0.1493243408E+001    0.1132354736E-001
 0.8585859    0.1493922424E+001    0.8074951172E-002
 0.8686869    0.1514633179E+001    0.1793823242E-001
 0.8787879    0.1494145203E+001    0.9451293945E-002
 0.8888889    0.1502293396E+001    0.2622070312E-001
 0.8989899    0.1505249023E+001    0.1170654297E-001
 0.9090909    0.1508421326E+001    0.1839294434E-001
 0.9191919    0.1505438232E+001    0.1226043701E-001
 0.9292929    0.1508277893E+001    0.3002014160E-001
 0.9393939    0.1504112244E+001    0.2352600098E-001
 0.9494949    0.1508593750E+001    0.1474761963E-001
 0.9595960    0.1481285095E+001    0.0000000000E+000
 0.9696970    0.1496778870E+001    0.5281066895E-002
 0.9797980    0.1492849731E+001    0.1385650635E-001
 0.9898990    0.1498315430E+001    0.6764221191E-002
 1.0000000    0.1504898071E+001    0.1640472412E-001


