 0.0000000   0.1440046130E+000   0.1112603853E+001   0.6772732183E+000   0.9819904755E+000
 0.0101010   0.1449812390E+000   0.1111975182E+001   0.6837818822E+000   0.9815051227E+000
 0.0202020   0.1414798777E+000   0.1116072726E+001   0.6733461475E+000   0.9539601003E+000
 0.0303030   0.1367417255E+000   0.1112176456E+001   0.6736628627E+000   0.9865337781E+000
 0.0404040   0.1308861396E+000   0.1114223986E+001   0.6731378730E+000   0.9946613527E+000
 0.0505051   0.1231191195E+000   0.1087941555E+001   0.6702857986E+000   0.9516667666E+000
 0.0606061   0.1148331866E+000   0.1091832856E+001   0.6768100417E+000   0.9881466171E+000
 0.0707071   0.1042074563E+000   0.1101011952E+001   0.6688095340E+000   0.9643359758E+000
 0.0808081   0.9612156814E-001   0.1042103227E+001   0.6756677629E+000   0.9762246177E+000
 0.0909091   0.8973392206E-001   0.1099267576E+001   0.6779901257E+000   0.9748085884E+000
 0.1010101   0.8073535284E-001   0.1012585500E+001   0.6785897953E+000   0.9541869318E+000
 0.1111111   0.7415846180E-001   0.1062101431E+001   0.6743190421E+000   0.9635837624E+000
 0.1212121   0.6940129721E-001   0.1059522139E+001   0.6799534611E+000   0.9536798966E+000
 0.1313131   0.6565607097E-001   0.1015845644E+001   0.6875437230E+000   0.9805644390E+000
 0.1414141   0.6344213960E-001   0.1067381771E+001   0.6945470102E+000   0.9734826245E+000
 0.1515152   0.6017151736E-001   0.1016118980E+001   0.6984664401E+000   0.9664375034E+000
 0.1616162   0.6038414147E-001   0.1014841758E+001   0.7011994459E+000   0.9491332583E+000
 0.1717172   0.6059244651E-001   0.1003436222E+001   0.7058042417E+000   0.9476538496E+000
 0.1818182   0.6217989575E-001   0.1032847100E+001   0.7158357013E+000   0.9783578350E+000
 0.1919192   0.6267291468E-001   0.1028004095E+001   0.7180294970E+000   0.9639740461E+000
 0.2020202   0.6440713647E-001   0.9709689592E+000   0.7251539487E+000   0.9772536990E+000
 0.2121212   0.6734915975E-001   0.1056798726E+001   0.7351681406E+000   0.9789199102E+000
 0.2222222   0.7005324455E-001   0.1011767979E+001   0.7457691760E+000   0.9975067543E+000
 0.2323232   0.7476184256E-001   0.9678082093E+000   0.7514733177E+000   0.9633319126E+000
 0.2424242   0.7949411785E-001   0.9776383403E+000   0.7578526243E+000   0.9643259685E+000
 0.2525253   0.8530624962E-001   0.9686654881E+000   0.7728688557E+000   0.9675249606E+000
 0.2626263   0.9023312574E-001   0.9731183685E+000   0.7832427749E+000   0.9841570504E+000
 0.2727273   0.9789612048E-001   0.1005938483E+001   0.7888148002E+000   0.9731273663E+000
 0.2828283   0.1063205957E+000   0.9488138913E+000   0.7955102504E+000   0.9884084741E+000
 0.2929293   0.1144914214E+000   0.9708571402E+000   0.8058968044E+000   0.9899379192E+000
 0.3030303   0.1254335515E+000   0.9567083115E+000   0.8254462926E+000   0.1002236859E+001
 0.3131313   0.1373423385E+000   0.9885990856E+000   0.8357181364E+000   0.9653150208E+000
 0.3232323   0.1500549972E+000   0.9550533906E+000   0.8563682450E+000   0.1024261202E+001
 0.3333333   0.1673742347E+000   0.9974253306E+000   0.8653145142E+000   0.1010986553E+001
 0.3434343   0.1825940947E+000   0.9635541182E+000   0.8864264326E+000   0.1000363831E+001
 0.3535354   0.2011522991E+000   0.9886413283E+000   0.8856777292E+000   0.9967895663E+000
 0.3636364   0.2207804615E+000   0.9423010568E+000   0.8977006330E+000   0.9521721339E+000
 0.3737374   0.2494349888E+000   0.1003523193E+001   0.9104699797E+000   0.1001346212E+001
 0.3838384   0.2729426811E+000   0.9737172213E+000   0.9311004905E+000   0.1010229336E+001
 0.3939394   0.3026067013E+000   0.9788161670E+000   0.9461511008E+000   0.9866538654E+000
 0.4040404   0.3388828671E+000   0.9632062369E+000   0.9591707659E+000   0.9876128958E+000
 0.4141414   0.3765397496E+000   0.9627341123E+000   0.9801910529E+000   0.1014790985E+001
 0.4242424   0.4282453983E+000   0.9684493048E+000   0.9950440336E+000   0.1005224031E+001
 0.4343434   0.4665701088E+000   0.9714510233E+000   0.1005652511E+001   0.9875728667E+000
 0.4444444   0.5232615234E+000   0.9268973706E+000   0.1029891026E+001   0.9672314138E+000
 0.4545455   0.5903482428E+000   0.9811295775E+000   0.1053284564E+001   0.1018411950E+001
 0.4646465   0.6627751806E+000   0.9605573694E+000   0.1055480505E+001   0.9840302916E+000
 0.4747475   0.7362166126E+000   0.9724598790E+000   0.1091987925E+001   0.9952601212E+000
 0.4848485   0.8174950853E+000   0.9428477273E+000   0.1104735391E+001   0.1009733976E+001
 0.4949495   0.9359708813E+000   0.9968065989E+000   0.1117776308E+001   0.9965260414E+000
 0.5050505   0.9722363817E+000   0.9670130521E+000   0.1146384279E+001   0.9795236824E+000
 0.5151515   0.9959425122E+000   0.9607710679E+000   0.1137552860E+001   0.9988243788E+000
 0.5252525   0.9952909545E+000   0.9746912889E+000   0.1140878382E+001   0.1030117125E+001
 0.5353535   0.1017593743E+001   0.9657780735E+000   0.1139471607E+001   0.9918509765E+000
 0.5454545   0.1011208525E+001   0.9509483915E+000   0.1132775729E+001   0.1033544617E+001
 0.5555556   0.1024964391E+001   0.9980813353E+000   0.1137576781E+001   0.1041987421E+001
 0.5656566   0.1025670379E+001   0.9671894776E+000   0.1130814361E+001   0.9985475109E+000
 0.5757576   0.1037281181E+001   0.9611885255E+000   0.1138308079E+001   0.1023989338E+001
 0.5858586   0.1040888305E+001   0.9450443491E+000   0.1136036666E+001   0.1014587504E+001
 0.5959596   0.1034948145E+001   0.9603387012E+000   0.1134995709E+001   0.9954118982E+000
 0.6060606   0.1059908543E+001   0.9574388622E+000   0.1137487912E+001   0.1014000410E+001
 0.6161616   0.1085167118E+001   0.9809258184E+000   0.1137274615E+001   0.1010943188E+001
 0.6262626   0.1099160915E+001   0.1016640802E+001   0.1144426316E+001   0.1010764725E+001
 0.6363636   0.1107646084E+001   0.9380146624E+000   0.1145330642E+001   0.1017507960E+001
 0.6464646   0.1146430955E+001   0.1002069546E+001   0.1150873647E+001   0.9906851290E+000
 0.6565657   0.1141550522E+001   0.9870460441E+000   0.1155185988E+001   0.1013811940E+001
 0.6666667   0.1167891491E+001   0.9746515310E+000   0.1145876342E+001   0.1021178962E+001
 0.6767677   0.1213263721E+001   0.1003068462E+001   0.1156705578E+001   0.1020812028E+001
 0.6868687   0.1225466640E+001   0.9950174952E+000   0.1152921644E+001   0.1019959742E+001
 0.6969697   0.1241648790E+001   0.9439360988E+000   0.1151756345E+001   0.1047481414E+001
 0.7070707   0.1297562151E+001   0.1001488087E+001   0.1165983043E+001   0.1001439613E+001
 0.7171717   0.1317960066E+001   0.9685660935E+000   0.1165173247E+001   0.9903415459E+000
 0.7272727   0.1345922556E+001   0.9660141358E+000   0.1161765608E+001   0.1011256749E+001
 0.7373737   0.1362461469E+001   0.9512291814E+000   0.1165936427E+001   0.1015184604E+001
 0.7474747   0.1429916873E+001   0.9795889604E+000   0.1171722868E+001   0.1000880874E+001
 0.7575758   0.1457367927E+001   0.9979073947E+000   0.1180675087E+001   0.1056824873E+001
 0.7676768   0.1507795665E+001   0.9911411038E+000   0.1173632244E+001   0.9987009557E+000
 0.7777778   0.1559841932E+001   0.9772531861E+000   0.1183133799E+001   0.1003351003E+001
 0.7878788   0.1602843723E+001   0.9738687982E+000   0.1180403598E+001   0.1000742440E+001
 0.7979798   0.1677675168E+001   0.1018141661E+001   0.1196845536E+001   0.1033684719E+001
 0.8080808   0.1721561715E+001   0.1001517905E+001   0.1188034678E+001   0.1027378468E+001
 0.8181818   0.1785829410E+001   0.1000961295E+001   0.1193371838E+001   0.1008087779E+001
 0.8282828   0.1862588063E+001   0.1000466807E+001   0.1198057463E+001   0.1018788891E+001
 0.8383838   0.1911885451E+001   0.9767661523E+000   0.1205019523E+001   0.1025910735E+001
 0.8484848   0.2001634334E+001   0.9888351479E+000   0.1208422057E+001   0.1018908978E+001
 0.8585859   0.2106393452E+001   0.1011827616E+001   0.1217116794E+001   0.1018055024E+001
 0.8686869   0.2155005901E+001   0.1007158552E+001   0.1218656807E+001   0.1023832557E+001
 0.8787879   0.2270492215E+001   0.1006132302E+001   0.1222733412E+001   0.1017274457E+001
 0.8888889   0.2343094089E+001   0.9925003256E+000   0.1228395096E+001   0.1025283612E+001
 0.8989899   0.2477488936E+001   0.9958126524E+000   0.1242788628E+001   0.1011883872E+001
 0.9090909   0.2591655742E+001   0.1002969067E+001   0.1243610374E+001   0.1013740221E+001
 0.9191919   0.2705127611E+001   0.1001873241E+001   0.1252998953E+001   0.1027797106E+001
 0.9292929   0.2859153827E+001   0.1041178856E+001   0.1246839349E+001   0.1049147625E+001
 0.9393939   0.2985403400E+001   0.9919934129E+000   0.1261494865E+001   0.1016735732E+001
 0.9494949   0.3137420227E+001   0.1001100448E+001   0.1261041669E+001   0.1016370466E+001
 0.9595960   0.3315132932E+001   0.1040694307E+001   0.1280863037E+001   0.1031539826E+001
 0.9696970   0.3474074528E+001   0.1051784266E+001   0.1276516228E+001   0.1051904629E+001
 0.9797980   0.3665387053E+001   0.1023506487E+001   0.1279224378E+001   0.1034555352E+001
 0.9898990   0.3855497618E+001   0.9951988904E+000   0.1291336840E+001   0.1023051990E+001
 1.0000000   0.3949828573E+001   0.1043522085E+001   0.1285181135E+001   0.1065684646E+001


 0.0000000   0.1093562563E+001   0.1069308405E+001   0.8481095685E+000   0.9779401904E+000
 0.0101010   0.1084170414E+001   0.1042975642E+001   0.8471664076E+000   0.9728542315E+000
 0.0202020   0.1090942446E+001   0.1100313032E+001   0.8595481879E+000   0.9891235012E+000
 0.0303030   0.1063309397E+001   0.1097392515E+001   0.8498947199E+000   0.1005764581E+001
 0.0404040   0.1025323918E+001   0.1089889145E+001   0.8549547496E+000   0.1003242069E+001
 0.0505051   0.9879446675E+000   0.1151260890E+001   0.8605848421E+000   0.1062895489E+001
 0.0606061   0.9303074083E+000   0.1037283762E+001   0.8494080181E+000   0.9613144601E+000
 0.0707071   0.8672000416E+000   0.1080680136E+001   0.8495746425E+000   0.9939638605E+000
 0.0808081   0.8171596692E+000   0.1120429473E+001   0.8541093258E+000   0.1026568916E+001
 0.0909091   0.7546915586E+000   0.1065594008E+001   0.8499076800E+000   0.9898483612E+000
 0.1010101   0.6925181633E+000   0.1102685049E+001   0.8418679162E+000   0.1028869707E+001
 0.1111111   0.6276079753E+000   0.1078161371E+001   0.8318030932E+000   0.9982465039E+000
 0.1212121   0.5793406626E+000   0.1054888655E+001   0.8469381032E+000   0.9948302814E+000
 0.1313131   0.5342550518E+000   0.1064968527E+001   0.8466942228E+000   0.9932577615E+000
 0.1414141   0.4896149620E+000   0.1042843328E+001   0.8452881036E+000   0.1004988555E+001
 0.1515152   0.4558715380E+000   0.1048309073E+001   0.8419251998E+000   0.9972095277E+000
 0.1616162   0.4409950356E+000   0.1049872776E+001   0.8540325628E+000   0.1021900818E+001
 0.1717172   0.4090140310E+000   0.1002807713E+001   0.8445170957E+000   0.1009035832E+001
 0.1818182   0.3964421117E+000   0.1017785585E+001   0.8484232533E+000   0.9640757504E+000
 0.1919192   0.3876920667E+000   0.9768093424E+000   0.8528097761E+000   0.9723306267E+000
 0.2020202   0.3795773990E+000   0.9931753013E+000   0.8629268486E+000   0.1002878786E+001
 0.2121212   0.3792284021E+000   0.9668184814E+000   0.8636227205E+000   0.9804371199E+000
 0.2222222   0.3810258224E+000   0.1039340633E+001   0.8622416664E+000   0.9758150714E+000
 0.2323232   0.3799461042E+000   0.1005834081E+001   0.8775118509E+000   0.1003209663E+001
 0.2424242   0.3870897486E+000   0.9652716180E+000   0.8783625581E+000   0.9760709043E+000
 0.2525253   0.4036646112E+000   0.1001578402E+001   0.8863205131E+000   0.9788253724E+000
 0.2626263   0.4127144607E+000   0.9808677538E+000   0.8923452477E+000   0.1025061208E+001
 0.2727273   0.4204838206E+000   0.1004126036E+001   0.9003201807E+000   0.1031448503E+001
 0.2828283   0.4310326434E+000   0.9681584548E+000   0.9064552961E+000   0.9638403841E+000
 0.2929293   0.4484571074E+000   0.9622957704E+000   0.9061630789E+000   0.9967643784E+000
 0.3030303   0.4686175084E+000   0.1018502483E+001   0.9057724698E+000   0.9943663710E+000
 0.3131313   0.4835981051E+000   0.1006683292E+001   0.9249675814E+000   0.1004270517E+001
 0.3232323   0.5040281318E+000   0.9956315183E+000   0.9225716322E+000   0.9897818446E+000
 0.3333333   0.5232891084E+000   0.9477004048E+000   0.9402021133E+000   0.9762789818E+000
 0.3434343   0.5470081975E+000   0.9779207746E+000   0.9377130095E+000   0.1011592456E+001
 0.3535354   0.5731116408E+000   0.1034844385E+001   0.9522164887E+000   0.1011979616E+001
 0.3636364   0.5983502124E+000   0.9909620598E+000   0.9599745317E+000   0.9967370896E+000
 0.3737374   0.6311568646E+000   0.9883374440E+000   0.9735078449E+000   0.9837885315E+000
 0.3838384   0.6715156551E+000   0.9650142084E+000   0.9721942689E+000   0.1016944481E+001
 0.3939394   0.7076438730E+000   0.1012473805E+001   0.9813429255E+000   0.9812779575E+000
 0.4040404   0.7560204813E+000   0.9944575380E+000   0.9868069775E+000   0.1011647034E+001
 0.4141414   0.7863619972E+000   0.9570080477E+000   0.9974209887E+000   0.9890621012E+000
 0.4242424   0.8353725503E+000   0.1015885084E+001   0.1016775762E+001   0.1020164565E+001
 0.4343434   0.8946689131E+000   0.9637921142E+000   0.1016013827E+001   0.9996587018E+000
 0.4444444   0.9298425147E+000   0.9805598245E+000   0.1032700095E+001   0.9952566696E+000
 0.4545455   0.9932764077E+000   0.9582686331E+000   0.1046497388E+001   0.1030280200E+001
 0.4646465   0.1059869786E+001   0.9884216434E+000   0.1049733148E+001   0.9955500247E+000
 0.4747475   0.1123199889E+001   0.9699699449E+000   0.1055320847E+001   0.9726887928E+000
 0.4848485   0.1184503717E+001   0.9776898276E+000   0.1072975254E+001   0.9955500247E+000
 0.4949495   0.1263492440E+001   0.9273818851E+000   0.1075737106E+001   0.9958246187E+000
 0.5050505   0.1323925586E+001   0.9814186585E+000   0.1083230218E+001   0.9759753934E+000
 0.5151515   0.1328686659E+001   0.9816351712E+000   0.1084509940E+001   0.1008022734E+001
 0.5252525   0.1319882609E+001   0.1000060407E+001   0.1086680719E+001   0.9962765903E+000
 0.5353535   0.1314299280E+001   0.1000118144E+001   0.1090225678E+001   0.9915061586E+000
 0.5454545   0.1320436761E+001   0.1008081002E+001   0.1090717105E+001   0.1006025531E+001
 0.5555556   0.1317637266E+001   0.9717621894E+000   0.1091680892E+001   0.9916426029E+000
 0.5656566   0.1320892313E+001   0.9675498134E+000   0.1083357428E+001   0.1013487325E+001
 0.5757576   0.1316229212E+001   0.9740235449E+000   0.1085918184E+001   0.9992544857E+000
 0.5858586   0.1309404610E+001   0.9488407053E+000   0.1074785950E+001   0.9931724839E+000
 0.5959596   0.1306862896E+001   0.9746297806E+000   0.1088017488E+001   0.1014002402E+001
 0.6060606   0.1310736627E+001   0.1015466493E+001   0.1095027490E+001   0.1002728697E+001
 0.6161616   0.1309966169E+001   0.9902716246E+000   0.1088645160E+001   0.9907216043E+000
 0.6262626   0.1318047421E+001   0.9897135029E+000   0.1083232463E+001   0.1005999948E+001
 0.6363636   0.1326049715E+001   0.9942891392E+000   0.1084897593E+001   0.9727877149E+000
 0.6464646   0.1324075695E+001   0.1019981987E+001   0.1098766779E+001   0.1020725692E+001
 0.6565657   0.1313498216E+001   0.9845893676E+000   0.1087395646E+001   0.9982959650E+000
 0.6666667   0.1317628628E+001   0.9666212142E+000   0.1088898503E+001   0.9836486761E+000
 0.6767677   0.1313993699E+001   0.9871273782E+000   0.1079266023E+001   0.1002512092E+001
 0.6868687   0.1317155848E+001   0.9846110188E+000   0.1085743635E+001   0.9702481465E+000
 0.6969697   0.1325236931E+001   0.9594931330E+000   0.1082206553E+001   0.1005464404E+001
 0.7070707   0.1305971953E+001   0.9873968163E+000   0.1086669265E+001   0.1039626630E+001
 0.7171717   0.1314195679E+001   0.9779472372E+000   0.1089431752E+001   0.9837220149E+000
 0.7272727   0.1308564453E+001   0.9674535855E+000   0.1091208444E+001   0.9958706687E+000
 0.7373737   0.1313973694E+001   0.9958263798E+000   0.1091613113E+001   0.1006458741E+001
 0.7474747   0.1302010321E+001   0.9501397818E+000   0.1075274870E+001   0.9760248544E+000
 0.7575758   0.1309936337E+001   0.9867015698E+000   0.1086889237E+001   0.1024766147E+001
 0.7676768   0.1303213348E+001   0.9810385583E+000   0.1083821282E+001   0.1003185785E+001
 0.7777778   0.1318696188E+001   0.9920638691E+000   0.1087960320E+001   0.9968411283E+000
 0.7878788   0.1309759172E+001   0.9675570305E+000   0.1085273381E+001   0.9913492478E+000
 0.7979798   0.1321177278E+001   0.9917246658E+000   0.1092692736E+001   0.1028102209E+001
 0.8080808   0.1310967565E+001   0.9849021082E+000   0.1095427052E+001   0.1020833142E+001
 0.8181818   0.1313943082E+001   0.9944912177E+000   0.1085955964E+001   0.9986063756E+000
 0.8282828   0.1305795234E+001   0.9678842053E+000   0.1085034558E+001   0.9805411587E+000
 0.8383838   0.1315888944E+001   0.9967910644E+000   0.1081643587E+001   0.1036386079E+001
 0.8484848   0.1316255359E+001   0.9548068347E+000   0.1080134765E+001   0.9742561960E+000
 0.8585859   0.1301247964E+001   0.9844979511E+000   0.1080669417E+001   0.1002077176E+001
 0.8686869   0.1314197258E+001   0.9365427806E+000   0.1081759606E+001   0.9692401647E+000
 0.8787879   0.1308139174E+001   0.9779424258E+000   0.1084198908E+001   0.1000013457E+001
 0.8888889   0.1314741550E+001   0.9998198373E+000   0.1092859041E+001   0.1027882192E+001
 0.8989899   0.1307271101E+001   0.9724381904E+000   0.1083942024E+001   0.1015371961E+001
 0.9090909   0.1324456150E+001   0.1018632390E+001   0.1097404556E+001   0.1040049607E+001
 0.9191919   0.1316934250E+001   0.9932570950E+000   0.1087060413E+001   0.1031378576E+001
 0.9292929   0.1305700294E+001   0.9859630207E+000   0.1090201655E+001   0.1007638984E+001
 0.9393939   0.1312624130E+001   0.9918449507E+000   0.1088345444E+001   0.1020717164E+001
 0.9494949   0.1311989308E+001   0.9938128111E+000   0.1090447308E+001   0.1029879395E+001
 0.9595960   0.1311484907E+001   0.9589951537E+000   0.1094438601E+001   0.9932014783E+000
 0.9696970   0.1316303548E+001   0.1010140279E+001   0.1095527466E+001   0.1024372164E+001
 0.9797980   0.1306602252E+001   0.9607344729E+000   0.1075402757E+001   0.9778344461E+000
 0.9898990   0.1318726536E+001   0.9946331539E+000   0.1083917841E+001   0.9950059533E+000
 1.0000000   0.1318475036E+001   0.9705064154E+000   0.1107319503E+001   0.9909552650E+000


