Compiled using GNU Fortran (Ubuntu 9.4.0-1ubuntu1~20.04.2) 9.4.0 with all optimizations
Last Brick update unknown
Compiled at 18:43:37 on Sep  2 2023
Starting at 16:56:21 on Sep 11 2023

Settings
OK                      

Forcefield
OK                      

Topology
OK                      

Configuration
OK                      Read from ./INPUT/restart.in

 F
Monte Carlo Simulation initialized.

#########################################################################################################################
###########################################   ENERGY STARTING CONFIGURATION   ###########################################
#########################################################################################################################
                                               Box 1               Box 2
-------------------------------------------------------------------------------------------------------------------------
Lennard Jones        
 Intermolecular                         -0.3833889739E+006  -0.1098200141E+006
 Tailcorrection                         -0.9389288826E+004  -0.2674350548E+004
Total Intermolecular                    -0.3927782627E+006  -0.1124943646E+006

Electrostatic        
 Real                                   -0.8704436025E+005  -0.1159972585E+005
 Exclusion                               0.6535940914E+007   0.2494917704E+007
 Selfterm                               -0.6556933700E+007  -0.2497433963E+007
 Fourier                                 0.1239258341E+005   0.2421410945E+004
Total Intermolecular                    -0.9564456298E+005  -0.1169457387E+005

Intramolecular       
 Lennard Jones                           0.0000000000E+000   0.0000000000E+000
 Electrostatic                           0.0000000000E+000   0.0000000000E+000
 Bending                                 0.0000000000E+000   0.0000000000E+000
 Torsion                                 0.0000000000E+000   0.0000000000E+000

Total                                   -0.4884228257E+006  -0.1241889385E+006

#########################################################################################################################

Simulation is running...



#########################################################################################################################
###############################################   RELATIVE ENERGY DRIFTS   ##############################################
#########################################################################################################################
                                               Box 1               Box 2                                                 
-------------------------------------------------------------------------------------------------------------------------

Lennard Jones        
 Intermolecular                          0.1580991963E-015   0.4810762056E-014
 Tailcorrection                          0.0000000000E+000   0.0000000000E+000

Electrostatic        
 Real                                    0.0000000000E+000   0.3992308863E-014
 Exclusion                               0.0000000000E+000   0.1805678239E-015
 Selfterm                                0.0000000000E+000   0.0000000000E+000
 Fourier                                 0.0000000000E+000   0.5609318844E-015

Intramolecular       
 Lennard Jones                           0.0000000000E+000   0.0000000000E+000
 Electrostatic                           0.0000000000E+000   0.0000000000E+000
 Bending                                 0.0000000000E+000   0.0000000000E+000
 Torsion                                 0.0000000000E+000   0.0000000000E+000

Total                                    0.0000000000E+000   0.6749734533E-014

#########################################################################################################################
############################################   TRIAL MOVE ACCEPTANCE RATES   ############################################
#########################################################################################################################
                                               Box 1               Box 2
-------------------------------------------------------------------------------------------------------------------------
Translation
 CO2                                          0.47967             0.49073
 AR                                           0.49205             0.47958
-------------------------------------------------------------------------------------------------------------------------
Rotation
 CO2                                          0.48270             0.59693
 AR                                           0.00000             0.00000
-------------------------------------------------------------------------------------------------------------------------
Lambda Move
 cd                                           0.76798             0.90754
 Ar                                           0.84399             0.94279
-------------------------------------------------------------------------------------------------------------------------
GE Swap Fractional
 cd                                           0.36685             0.38683
 Ar                                           0.44048             0.47571
-------------------------------------------------------------------------------------------------------------------------
GE Identity Change
 cd                                           0.76563             0.82132
 Ar                                           0.84629             0.92377
-------------------------------------------------------------------------------------------------------------------------
Volume                                        0.47138             0.50266

#########################################################################################################################
######################################################   AVERAGES   #####################################################
#########################################################################################################################
                                                       Boltzmann                                    Biased
                                               Box 1               Box 2                  Box 1               Box 2      
-------------------------------------------------------------------------------------------------------------------------
Density
 CO2                                     0.7488660102E+003   0.1044414518E+003      0.7437214287E+003   0.1043351509E+003
 AR                                      0.1850852212E+003   0.1862160999E+003      0.1867622644E+003   0.1862863810E+003
 Total                                   0.9339512314E+003   0.2906575517E+003      0.9304836931E+003   0.2906215319E+003

Number of molecules
 CO2                                     0.3558603682E+003   0.1841396318E+003      0.3570898200E+003   0.1829101800E+003
 AR                                      0.9845398753E+002   0.3615460125E+003      0.1003910700E+003   0.3596089300E+003
 Total                                   0.4543143557E+003   0.5456856443E+003      0.4574808900E+003   0.5425191100E+003

Mole fractions
 CO2                                          0.78329             0.33745                 0.78056             0.33715
 AR                                           0.21671             0.66255                 0.21944             0.66285

Volume                                   0.3494906191E+005   0.1292178146E+006      0.3531857150E+005   0.1284851244E+006

#########################################################################################################################
#######################################   PROPERTIES FROM THE CFC GIBBS ENSEMBLE   ######################################
#########################################################################################################################
                                                       Boltzmann                                    Biased
                                               Box 1               Box 2                  Box 1               Box 2      
Chemical Potentials (as an indication)
=========================================================================================================================

Total cd                                -0.1941891870E+004  -0.1940642036E+004     -0.1943635934E+004  -0.1940899671E+004
 Ideal gas                              -0.1158930852E+004  -0.1657324010E+004     -0.1160674917E+004  -0.1657581646E+004
 Excess                                 -0.7829610177E+003  -0.2833180257E+003     -0.7829610177E+003  -0.2833180257E+003

-------------------------------------------------------------------------------------------------------------------------

Total Ar                                -0.1584551657E+004  -0.1581527874E+004     -0.1582269567E+004  -0.1581432405E+004
 Ideal gas                              -0.1488059926E+004  -0.1486518788E+004     -0.1485777835E+004  -0.1486423320E+004
 Excess                                 -0.9649173120E+002  -0.9500908532E+002     -0.9649173120E+002  -0.9500908532E+002

-------------------------------------------------------------------------------------------------------------------------

#########################################################################################################################
#########################################   PROPERTIES FROM UMBRELLA SAMPLING   #########################################
#########################################################################################################################

Excess Partial Molar Enthalpy
=========================================================================================================================


Partial Molar Volume
=========================================================================================================================


#########################################################################################################################
##################################################   AVERAGE ENERGIES   #################################################
#########################################################################################################################
                                                       Boltzmann                                    Biased
                                               Box 1               Box 2                  Box 1               Box 2      
-------------------------------------------------------------------------------------------------------------------------
Lennard Jones        
 Intermolecular                         -0.3831999215E+006  -0.1078283894E+006     -0.3838063988E+006  -0.1069974860E+006
 Tailcorrection                         -0.9522859181E+004  -0.2645208875E+004     -0.9541034042E+004  -0.2625477512E+004
Total Intermolecular                    -0.3927227807E+006  -0.1104735983E+006     -0.3933474328E+006  -0.1096229635E+006

Electrostatic        
 Real                                   -0.9205889881E+005  -0.9879366967E+004     -0.9179369935E+005  -0.9797579944E+004
 Exclusion                               0.6518488936E+007   0.2501097663E+007      0.6539221332E+007   0.2483759144E+007
 Selfterm                               -0.6539426077E+007  -0.2503619860E+007     -0.6560224899E+007  -0.2486263810E+007
 Fourier                                 0.1182497351E+005   0.2440290667E+004      0.1191622313E+005   0.2423096872E+004
Total Intermolecular                    -0.1011710670E+006  -0.9961272777E+004     -0.1008810431E+006  -0.9879149412E+004

Intramolecular       
 Lennard Jones                           0.0000000000E+000   0.0000000000E+000      0.0000000000E+000   0.0000000000E+000
 Electrostatic                           0.0000000000E+000   0.0000000000E+000      0.0000000000E+000   0.0000000000E+000
 Bending                                 0.0000000000E+000   0.0000000000E+000      0.0000000000E+000   0.0000000000E+000
 Torsion                                 0.0000000000E+000   0.0000000000E+000      0.0000000000E+000   0.0000000000E+000

Total                                   -0.4938938476E+006  -0.1204348711E+006     -0.4942284760E+006  -0.1195021129E+006

#########################################################################################################################

No errors found in bookkeeping.

Total simulation time:  13 hours and  54 minutes

Simulation finished.

