Compiled using GNU Fortran (Ubuntu 9.4.0-1ubuntu1~20.04.2) 9.4.0 with all optimizations
Last Brick update unknown
Compiled at 18:43:37 on Sep  2 2023
Starting at 16:56:19 on Sep 11 2023

Settings
OK                      

Forcefield
OK                      

Topology
OK                      

Configuration
OK                      Read from ./INPUT/restart.in

 F
Monte Carlo Simulation initialized.

#########################################################################################################################
###########################################   ENERGY STARTING CONFIGURATION   ###########################################
#########################################################################################################################
                                               Box 1               Box 2
-------------------------------------------------------------------------------------------------------------------------
Lennard Jones        
 Intermolecular                         -0.4905170632E+006  -0.4497285647E+005
 Tailcorrection                         -0.1168442180E+005  -0.9698515115E+003
Total Intermolecular                    -0.5022014850E+006  -0.4594270798E+005

Electrostatic        
 Real                                   -0.1495982709E+006  -0.1145326468E+005
 Exclusion                               0.8403352604E+007   0.4560531363E+007
 Selfterm                               -0.8430343329E+007  -0.4565130119E+007
 Fourier                                 0.1200214139E+005   0.3768412209E+004
Total Intermolecular                    -0.1645868545E+006  -0.1228360869E+005

Intramolecular       
 Lennard Jones                           0.0000000000E+000   0.0000000000E+000
 Electrostatic                           0.0000000000E+000   0.0000000000E+000
 Bending                                 0.0000000000E+000   0.0000000000E+000
 Torsion                                 0.0000000000E+000   0.0000000000E+000

Total                                   -0.6667883395E+006  -0.5822631667E+005

#########################################################################################################################

Simulation is running...



#########################################################################################################################
###############################################   RELATIVE ENERGY DRIFTS   ##############################################
#########################################################################################################################
                                               Box 1               Box 2                                                 
-------------------------------------------------------------------------------------------------------------------------

Lennard Jones        
 Intermolecular                          0.8773746270E-014   0.2044906660E-014
 Tailcorrection                          0.0000000000E+000   0.0000000000E+000

Electrostatic        
 Real                                    0.1161752871E-013   0.5266283518E-015
 Exclusion                               0.2353328741E-015   0.0000000000E+000
 Selfterm                                0.0000000000E+000   0.0000000000E+000
 Fourier                                 0.3231374579E-015   0.3623241565E-015

Intramolecular       
 Lennard Jones                           0.0000000000E+000   0.0000000000E+000
 Electrostatic                           0.0000000000E+000   0.0000000000E+000
 Bending                                 0.0000000000E+000   0.0000000000E+000
 Torsion                                 0.0000000000E+000   0.0000000000E+000

Total                                    0.1297356104E-013   0.0000000000E+000

#########################################################################################################################
############################################   TRIAL MOVE ACCEPTANCE RATES   ############################################
#########################################################################################################################
                                               Box 1               Box 2
-------------------------------------------------------------------------------------------------------------------------
Translation
 CO2                                          0.50561             0.50947
 AR                                           0.49858             0.69144
-------------------------------------------------------------------------------------------------------------------------
Rotation
 CO2                                          0.49869             0.77212
 AR                                           0.00000             0.00000
-------------------------------------------------------------------------------------------------------------------------
Lambda Move
 cd                                           0.73658             0.95155
 Ar                                           0.82445             0.97331
-------------------------------------------------------------------------------------------------------------------------
GE Swap Fractional
 cd                                           0.37918             0.35054
 Ar                                           0.47213             0.43873
-------------------------------------------------------------------------------------------------------------------------
GE Identity Change
 cd                                           0.83317             0.74473
 Ar                                           0.90109             0.86611
-------------------------------------------------------------------------------------------------------------------------
Volume                                        0.46754             0.50844

#########################################################################################################################
######################################################   AVERAGES   #####################################################
#########################################################################################################################
                                                       Boltzmann                                    Biased
                                               Box 1               Box 2                  Box 1               Box 2      
-------------------------------------------------------------------------------------------------------------------------
Density
 CO2                                     0.9901647221E+003   0.5696264088E+002      0.9885596863E+003   0.5698191831E+002
 AR                                      0.2776338481E+002   0.2825460092E+002      0.2784435501E+002   0.2834120415E+002
 Total                                   0.1017928107E+004   0.8521724180E+002      0.1016404041E+004   0.8532312246E+002

Number of molecules
 CO2                                     0.4441967937E+003   0.3508032063E+003      0.4453007100E+003   0.3496992900E+003
 AR                                      0.1376670051E+002   0.1912332995E+003      0.1386236000E+002   0.1911376400E+003
 Total                                   0.4579634943E+003   0.5420365057E+003      0.4591630700E+003   0.5408369300E+003

Mole fractions
 CO2                                          0.96994             0.64719                 0.96981             0.64659
 AR                                           0.03006             0.35281                 0.03019             0.35341

Volume                                   0.3279804297E+005   0.4508697130E+006      0.3293296050E+005   0.4493003501E+006

#########################################################################################################################
#######################################   PROPERTIES FROM THE CFC GIBBS ENSEMBLE   ######################################
#########################################################################################################################
                                                       Boltzmann                                    Biased
                                               Box 1               Box 2                  Box 1               Box 2      
Chemical Potentials (as an indication)
=========================================================================================================================

Total cd                                -0.1938703981E+004  -0.1936577556E+004     -0.1939114421E+004  -0.1936491949E+004
 Ideal gas                              -0.1088265109E+004  -0.1810700457E+004     -0.1088675549E+004  -0.1810614851E+004
 Excess                                 -0.8504388723E+003  -0.1258770987E+003     -0.8504388723E+003  -0.1258770987E+003

-------------------------------------------------------------------------------------------------------------------------

Total Ar                                -0.2011689844E+004  -0.2006427978E+004     -0.2010953059E+004  -0.2005653693E+004
 Ideal gas                              -0.1968025799E+004  -0.1963588622E+004     -0.1967289014E+004  -0.1962814338E+004
 Excess                                 -0.4366404469E+002  -0.4283935590E+002     -0.4366404469E+002  -0.4283935590E+002

-------------------------------------------------------------------------------------------------------------------------

#########################################################################################################################
#########################################   PROPERTIES FROM UMBRELLA SAMPLING   #########################################
#########################################################################################################################

Excess Partial Molar Enthalpy
=========================================================================================================================


Partial Molar Volume
=========================================================================================================================


#########################################################################################################################
##################################################   AVERAGE ENERGIES   #################################################
#########################################################################################################################
                                                       Boltzmann                                    Biased
                                               Box 1               Box 2                  Box 1               Box 2      
-------------------------------------------------------------------------------------------------------------------------
Lennard Jones        
 Intermolecular                         -0.4781923455E+006  -0.4898514403E+005     -0.4792397949E+006  -0.4881421125E+005
 Tailcorrection                         -0.1166620687E+005  -0.9551007000E+003     -0.1169356655E+005  -0.9521546499E+003
Total Intermolecular                    -0.4898585524E+006  -0.4994024473E+005     -0.4909333615E+006  -0.4976636590E+005

Electrostatic        
 Real                                   -0.1465390718E+006  -0.1072579136E+005     -0.1466680471E+006  -0.1067579493E+005
 Exclusion                               0.8134614555E+007   0.4763442565E+007      0.8154018874E+007   0.4747697649E+007
 Selfterm                               -0.8160742374E+007  -0.4768246087E+007     -0.8180208984E+007  -0.4752485237E+007
 Fourier                                 0.1179687130E+005   0.3568055068E+004      0.1184212625E+005   0.3562647533E+004
Total Intermolecular                    -0.1608700194E+006  -0.1196125817E+005     -0.1610160311E+006  -0.1190073503E+005

Intramolecular       
 Lennard Jones                           0.0000000000E+000   0.0000000000E+000      0.0000000000E+000   0.0000000000E+000
 Electrostatic                           0.0000000000E+000   0.0000000000E+000      0.0000000000E+000   0.0000000000E+000
 Bending                                 0.0000000000E+000   0.0000000000E+000      0.0000000000E+000   0.0000000000E+000
 Torsion                                 0.0000000000E+000   0.0000000000E+000      0.0000000000E+000   0.0000000000E+000

Total                                   -0.6507285718E+006  -0.6190150290E+005     -0.6519493925E+006  -0.6166710093E+005

#########################################################################################################################

No errors found in bookkeeping.

Total simulation time:  18 hours and  21 minutes

Simulation finished.

